<?xml version="1.0" encoding="UTF-8"?>
<!-- Generated by org.testng.reporters.JUnitReportReporter -->
<testsuite skipped="0" hostname="Dollys-MacBook-Pro.local" name="testcases.LoginTest" tests="1" failures="0" timestamp="2022-10-09T09:46:44 EDT" time="25.504" errors="0">
  <testcase name="LoginSuccess_001" time="25.504" classname="testcases.LoginTest"/>
  <system-out>
    <![CDATA[Login TestCase
<img src="data:image/png;base64,iVBORw0KGgoAAAANSUhEUgAAC0AAAAV2CAYAAAAJUz2NAAABKmlDQ1BTa2lhAAAokX2RPUsDQRCGH0MaNY2oaGFxZRr1LmI+UAsTNWiZKES7y+UIYnIelwvap/VHWNtZipA6jZVgJXb2gmAb30uKC0icZXaefXf2Y3YhsYosaULbC4NKuWjUzi8MJsx2Oj7TbQZ+3qIeXtf/yZtmsw234yh+ycNAh2vLhnipOebbiOtjvos4OK2UxPfidHOC6xN8E/qheBDlO34Q8bt4t93qOvG9SbneWVWxJl+jzLVakxYum1S54hJbZHJIgTxbivtq23KLjJQCWY1MShTJqc9xJCWvOYuDESsjfs/eB+z1h8Phc6yd9OExC3NPsZbegYUUDF58O7BHUlKecIvwvaxrP8DiJ8z3pK5E0/Ha+C+m1Gr8qdXgGA+HDVFG1VhkfwHj90zdMIcezgAAIABJREFUeJzs3XmQpPl9FvjnffOqs6/qY2Z6pkejOaQZyZeMLIG9eOXFhsULi42MzcYuGwERG3sEXmCJ3TBaG9nICGNvsEDAmo2ACGzMgpAsWTYGGySwsGRLtqQZHaNj7ume7um7u+7K4333j6pp9cx0z/RRVZlZ9fm0aro78803nzc7lP32+3vyW0Vd13UAAAAAAAAA2BW6j/16lj7608OOAQAAALesUIAGAAAAAAAA2F36Lzye5Y++L4Nzzw07CgAAANw0BWgAAAAAAACAXaheW8rSr7wvva99YthRAAAA4KYoQAMAAAAAAADsYisf//msfvIXhx0DAAAAbpgCNAAAAAAAAMAu133s17P00Z8edgwAAAC4IQrQAAAAAAAAAKR/4ktZ+pX3pbpwfNhRAAAA4DUpQAMAAAAAAACQJKmXL2fpo+9L74lPDTsKAAAAXJcCNAAAAAAAAAAvs/Kbfy+rn/6Xw44BAAAA16QADQAAAAAAAMCrrH32w1n+9Z8bdgwAAAB4FQVoAAAAAAAAAK6p98zvZflX3pdq4dywowAAAMAVCtAAAAAAAAAAXFd16VSWfuV96T//6LCjAAAAQBIFaAAAAAAAAABuwPKvvj9rj/7asGMAAACAAjQAAAAAAAAAN2b1t38hK//hHw07BgAAALucAjQAAAAAAAAAN6z7+Mey9JG/kQx6w44CAADALqUADQAAAAAAAMBNGZz6apY+8lMZnHtu2FEAAADYhRSgAQAAAAAAALhp9cp8ln7lb6T3xKeGHQUAAIBdRgEaAAAAAAAAgFu2/G//TtZ+74PDjgEAAMAuogANAAAAAAAAwG1Z/d1/kZV/9/eHHQMAAIBdQgEaAAAAAAAAgNvW+9onsvThn0rdWxl2FAAAAHY4BWgAAAAAAAAANsXgxSey9JGfyuDs08OOAgAAwA6mAA0AAAAAAADApqlXF7P0kZ9M74lPDTsKAAAAO5QCNAAAAAAAAACbbvnf/F9Z+/1fHnYMAAAAdiAFaAAAAAAAAAC2xOqnfikrH/uHw44BAADADqMADQAAAAAAAMCW6X75Y1n6yE8m1WDYUQAAANghFKABAAAAAAAA2FL9E1/K0kd+MtXFk8OOAgAAwA6gAA0AAAAAAADAlqsWzmbpwz+Z/nOfH3YUAAAAxpwCNAAAAAAAAADbZukjP5XuF39j2DEAAAAYYwrQAAAAAAAAAGyrlY//o6x+8heGHQMAAIAxpQANAAAAAAAAwLZb+/0PZ/nf/NywYwAAADCGFKABAAAAAAAAGIre1387Sx9+b+ruyrCjAAAAMEYUoAEA2DZOPQEAANhNiqIYdgSAsTA49bUsffi9GZx/fthRAAAAGBMK0AAA3DKnkgAAALB5FKaB3axeupDFX35v+s9+dthRAAAAGAMK0AAAu5hTQQAAANgZlKeBnWLpIz+V7hd/Y9gxAAAAGHEK0AAAO5zTPQAAANjdlKOBcbPysX+Y1U/90rBjAAAAMMIUoAEAdgCndAAAAMCtUpAGRtHaZz6Q5d/4u8OOAQAAwIhSgAYAGENO4QAAAICtohANjIru4x/P0i//ROJ6KAAAAK+gAA0AMAacsgEAAADDohANDFP/+cey9Ms/kWrh3LCjAAAAMEIUoAEARphTNQAAAGBUKEIDw1JdOJHFX/6JDE59bdhRAAAAGBEK0AAAI8gpGgAAADCqFKGBYai7y1n60F9P78lPDTsKAAAAI0ABGgBghDg1AwAAAMaFIjQwDMu/+v6sPfprw44BAADAkClAAwCMAKdkAAAAwLhShAa228rHfz6rn/zFYccAAABgiBSgAQCGwCkYAAAAsFMpRAPbYe3TH8jyb/7dYccAAABgSBSgAQC2gVMuAAAAYLdSiAa2SvdL/y5LH37vsGMAAAAwBArQAABbyKkWAAAAwDpFaGAr9J/5/Sx+6MdTr8wPOwoAAADbSAEaAGCTOb0CAAAAeG3K0MBmGpx+Mksf+vEMzj8/7CgAAABsEwVoAIBN4rQKAAAA4OYoQgObpVo4l6UP/Xj6x78w7CgAAABsAwVoAIDb5HTq9nj9AAAA2AkUeW+P1w/YFFU/ix/88fS+9olhJwEAAGCLKUADANyG3X4qtduPHwAAADbTbi8B7/bjBzbP8q/9rax9/leHHQMAAIAtpAANAHALdssp1G45TgAAABgHu6UgvFuOE9haKx/7f7L6qX827BgAAABsEQVoAICbsFNOnXbKcQAAAACvtlMKxDvlOIDhWf2df56Vf/8Phh0DAACALaAADQBwg8b1tGlccwMAAACbZ5zLxOOcHRi+tUd/Lcu/+v5hxwAAAGCTKUADALyOcTtdGre8AAAAwPYbx1LxOGYGRkPva5/I4gf/z6QaDDsKAAAAm0QBGgDgNYzDqdI4ZAQAAABG27iUi8clJzB6+s89msUPvif18qVhRwEAAGATKEADAFzHKJ8mjXI2AAAAYLyNQ8l4HDICo2dw5qksfvA9qc4fH3YUAAAAbpMCNADAK4zq6dGo5gIAAAB2rlEuGo9yNmB0VfNnsvTB96T/wuPDjgIAAMBtUIAGALjKqJ0ajVoeAAAAYPcaxcLxKGYCRl/dXcnSB9+T3lOfHnYUAAAAbpECNABARqtoPEpZRo3XBgAAgO2kXHt9o/bajFoeYDwsfegn0n38Y8OOAQAAwC1QgAYAdr1ROR0alRybZacdDwAAAGyGnVbUHaXjGaUswPhY/td/O2uf+5VhxwAAAOAmKUADALvWKJwGjUKGGzVOWQEAAGCnGKdS7yhkHYUMwPhZ+ff/IKu/88+HHQMAAICboAANAOxKwz4FGvbzX8+o5gIAAABebVTLvqOQaxQyAONl9T/906z8x/932DEAAAC4QQrQAMCuM6zTn1E47RqFDAAAAMD2GHYJeLc/PzB+1j7zr7L8G//3sGMAAABwAxSgAYBdZbeVn53qAQAAAC8ZViF4mEVkJWjgZnUf+/UsffSnhx0DAACA16EADQDsGsM47dktzwkAAACMl2EUg3djARsYT72v/McsfvA9w44BAADAa1CABgB2he0+5dnO53M6BwAAANyu7SwJ76byNTC+ek9/Jksf+GupeyvDjgIAAMA1KEADADveTi0jX71wZxEPAAAAuFVXX88Y1rWNnfh8wPjrn/hSFj/wY6mXLgw7CgAAAK+gAA0A7Gg7pfz80gKdhToAAABgu7x0rWM7rnlsB9dVgFsxOPNUFj/wY6kuvjDsKAAAAFxFARoA2LG26zRnqxcBLc4BAAAAw1bX9Y4oQrvOAtyK6uLJLP6rH8vg9JPDjgIAAMAGBWgAYEca9/Kz4jMAAAAwinZCEdo1F+BW1EsXsviBH0v/xJeGHQUAAIAoQAMAO9B2nN5s5XOUZbll+wYAAADYDFVVbdm+TYMGRlXdXV4vQT/z+8OOAgAAsOspQAMAO8o4l59NfQYAAADGyVZOg1aCBkZWXWXxAz+W3td/e9hJAAAAdjXjBQGAHWMcy88v7a8sSwtuAAAAwFgpiuLKd7LaqmsmW82cIOCmFWVmfvhn0n7LfzHsJAAAALuaCdAAwI4wbuVnxWcAAABgJ6nrOlVVJdncqcomQQOjbOmjP53uY78+7BgAAAC7kgI0ADD2xqn8fPV+lJ8BAACAnUQJGtiNln/957L22Q8POwYAAMCuowANAIw15WcAAACA0XF1CTrZvFLxdlxHca0GuFUrv/n3svrpfznsGAAAALuKAjQAMLa2+jRmK4rPifIzAAAAsLO9sgSdbE65WAkaGGUrH//5rH7yF4cdAwAAYNdQgAYAxtZWnsYoPwMAAADcuq0qQW/mfoa1f2DnWv3EP8nKb/3jYccAAADYFRSgAYCxNOrl52vtoyiKlGV52/sGAAAAGAdVVV33Gsnt2sqSsgI0cDtWP/mLWfn4zw87BgAAwI6nAA0AjB3lZwAAAIDxcL0SdDLaRWglaOB2rP7uv8jKv/v7w44BAACwo2nhAABsuN3yc13XW7qgBwAAADBuXuuayFZ9EH0zmB8E3I6Jd/5Ipv7YXxl2DAAAgB1NARoAGCujuqj1Wo8vikIBGgAAANiVXu+6iBI0sFN13v6nM/X9//uwYwAAAOxYCtAAwNgY1cWs13t8WTrlAgAAAHav17s2ogQN7FSdt/3Xmf4Tf23YMQAAAHYkbRwAYFdTfgYAAADYejdSgt7q6zQAw9D+1u/P9J/6iWHHAAAA2HE0cgCAsbAVC1jbsaj2Wt/iFQAAAGC3uNFrJKNYglasBm5X+5v+aKZ/8CeHHQMAAGBHUYAGAEbeKC4yKT8DAAAA3JztKkFvhVHMBIyX9lv+SKbf/b5hxwAAANgxFKABgF3pVhetbubbsb7et3YFAAAA2E1u5lrJ7RSOlZWBUdV++F2Z+aH3DzsGAADAjqCVAwCMtFH6tqU38zjTnwEAAABe7WaumYxaCVqxGtgMrTf/4cz88M8MOwYAAMDYU4AGAEbWKC1UWeACAAAA2H6jVoIG2Ayth74rMz/ys8OOAQAAMNYUoAGAkTTO5ee6rk2ABgAAALiGoihu6VrLrdrsa0xK1cBmaT34hzLzZ38uKSzZAwAA3Ar/mgIAdoXtWpx66XkUoAEAAABe7aVrJttZggYYVa0H/uB6CbpsDDsKAADA2FGABgBGzihN5rmZxyo/AwAAALy+7S5Bj9K1JoBXat3/jsz8yM8qQQMAANwkBWgAgOu4lfJzogANAAAA8FquvnYyriVogM3Uuv8dG5Ogm8OOAgAAMDYUoAGAkTIqE3lutfycKEADAAAAvJZXXjsZx3LyOGYGRlvrjd+RmT/7s0rQAAAAN0gBGgAYGTuh/AwAAADAzduO6zGjcu0J4HqUoAEAAG6cAjQAsCMNs/xsAjQAAADA9V3v2sk4lqABNts3StCNYUcBAAAYaQrQAMBIGIXFJ5OfAQAAAIZr3K7PjEIGYOdpvfE7MvMjP5sUlvMBAACux7+YAIAdZ6sXnixsAQAAAGydrS5Bu7YDjIPW/e/IzI/87SS+4yAAAMC1KEADAEM3CotON5phFLICAAAA7HTj9AF314uArdJ64A9ulKABAAB4JQVoAGBHGfbUHwteAAAAAK/vRq6h+MA6QNJ68A9l5od/ZtgxAAAARo4CNAAwVOO0QPV6WcfpWAAAAACGbdglaNdygHHReui7MvNn3j/sGAAAACNFARoA2DG2cqHLghgAAADA5tsp11x2ynEAo6v1pj+c6Xe/b9gxAAAARoYCNACwa21m+dkiFwAAAMCt2azvumUKNLDTtR9+V6Z/8CeHHQMAAGAkKEADAEOzmQtMw1ysslAGAAAAcHs2qwQ9TOOQERh/7bf8kUz/qZ8YdgwAAIChU4AGAMbeVk732QmLbwAAAAC7hSnQwG7Q/qY/muk/+Z5hxwAAABgqBWgAgOtQfgYAAADYPpt1LcZ3CgN2g/a3/PFMff//MewYAAAAQ6MADQAMxWYtBg1rqo/FLAAAAIDNN6wPpLvWA4yjztv+ZKb+2F8ZdgwAAIChUIAGAHaVcZgUBAAAALCbjfuH111XArZT5+1/OpPf+6PDjgEAALDtFKABAF7hdiYNWeACAAAAeH23cw1lqz7g7roOMK4m3vnDmfye/2nYMQAAALaVAjQAMLaGsYhlIQwAAABg693OB9RHwajnA3aeie/8bzP53X9h2DEAAAC2jQI0ALDtRnkBaDumDwEAAACwPSVn12uA3WTiD//5THznfzfsGAAAANtCARoAGEujNv3ZYhoAAADAzRu1D6Nv5j5dLwKGYfJ7/sdMvOOHhx0DAABgyylAAwBsuNWCs8UsAAAAgFu31dddXLsBdpvJ7/vRdL79B4YdAwAAYEspQAMAO55FLgAAAIDx5YPpADdv6o//1XS+5Y8POwYAAMCWaQ47AADAzdrub29qkQ1gc1R1lX7Vy3J3OYvdxcyvXs7C2kKW+8tZWlvMUncpy73lrPSWs9pfTXewll7Vu+q9tkijbKRRNNIsG5loTmayNZXJ1lQeOPhgvuWOb02r0UpZ+KwvAACMm7quUxTFSOx/q7MAbJepP/me1P21dL/8sWFHAQAA2HQK0ADAttruwrCCMsBw1KnTH/Sz2l/Ncm85S93FLK4tZqm78dVbykpvOWv91awNuun219IddNMddNOreukP+unX/VTVIHXqpE5SJEXKlEWZRllmqbuUydZkDk4fTl1VaRSNYR82AABwG16reHyr9w3bKGcDdofpH/yp1L3V9L7+yWFHAQAA2FQK0ADArmf6M8Dmqes6Var0B/0s95ZzYfl8Ti+czqmFF/Li4qmcWzqXxbX5rPRXUtdV6lQbBef1QkBRFCnWf3HVPq/8auPnIkVRZFD1M9WazEx7NknSKBuKBQAAAACvMPNn/lYWfukvp//M7w87CgAAwKYpas0dAGAb3e6px80+/ka2v5WS82s9pt1uv34wgB2oO+hmqbuUk/Mv5IX5EzmzeDqXVy9lcW0hq/2VrPZX0x1006/6GdSDq5rNGz/XRVK8dMtVZeertnplvXlu6mC++77vyZsOPZyje+/e0uMDAAA2T7fbve59r/XBxlu972a2uZVtt2M/ALej7i5n8Zf+UvonvjzsKAAAAJvCBGgAYNts9+eutqr8fLvPCbCT1KlTVVUWu4s5v3wup+ZP5vlLz+XE5edzdulsVnrL6de9FPnGZOf1xf/iqhJAsd6FLtbfQ8uiTKNspK6Tqq42JkWvl5+LYv0567rOTHs2R2bvyD37jmVuam4Yhw8AANyiuq4VgwG2UdGeyswPvT8Lv/SXMzjz1LDjAAAA3DYFaABgbIxKuXhUcgCMgrquszZYy9MXnspXzjyex898ISvd5fSqfqq6SpI0isbG5OZrlxvqfKPUnNRpN9qZac+mXw3SrXpZ668kdZ31bkSRul4vXR+eOZI3HnggB6bm0mlObMvxAgAAm+d6JejXKkePY3F6HDMDO1MxM5eZP/P+LPzSX0p18eSw4wAAANwWBWgAYEcy/Rlg61V1nVPzJ/PUhafy1PkncuLy85lfvZxBPdjYorjy41rqus5LPyab05ltz2b/1IE0ymYGg34url7I2traS1unTpGkTpEijbKZO2eP5v4DD2SqNa1MAAAAO8ytlIZv5DE3s1/FZWAnKvcf3ZgE/ZdSL10cdhwAAIBbVg47AACwO+yUcvBOOQ6A2zWoB1ntr+S5S8/lMyd+N4+f+WJOLZxMVdcpizJlUV67+FwUVyY+F0WZVtnOdGsmh6YP5e69x/LA3EM5uueeTLanUqRIVfezPiO6SOr19+Fm2cxsZzZH9xzNPXuPpdPsbPPRAwAAm8WH0AG2X+PIA5n5ob+ZouWaCgAAML5MgAYAxsJmL2yZ/gxwe1Z6K3n2wjN56sITeXHhRLr9XsqiyLWGo23Ul9eLz3WVuq5SFEVmO7O5a8/RPHDgocx0ZpIkLy68mFMLL+Tkwoms9dfSrwZJ/dLj61TVIHsm5/Kmw2/JHbN3pd3spDSRDQAA2GBqM8CNad7zzZn+ob+ZxX/+vw07CgAAwC0xARoA2HLbXQ7equdTcgZY16t6ubhyMV89++Ucv/RslrvLqerBdUsGdepUqVMUSats59D0kbzp4MP55ju+JQ8ffkuO7r0nRVHm/PK5nFw4kTOLL2ZhbT69QTd1XV3ZS5I0G83snzqQNx96OHPTB1MWZXKtSdMAAMDYuN41l1G4xrNZGVxXAkZR6/53ZvpP/41hxwAAALglJkADAFzF9GeA17fWX8vZpTP54otfyPnlsymKMq8c/VzX6zfVdb3xVaVstDLVmspDBx/Ot931thyeOZyqrvLi/Iv52pnH8/jZL2VtsLa+bXHV53Xrl+rPyURzKoemD+fBuQcz1Z7evoMGAABGymtNejYFGuDGtR/5ntTd5Sz/6vuHHQUAAOCmKEADAFtqFMvBo5gJYJycvHwiz1x4Kiv95VR1lbJspKhzZRDz+ttsnapav2+i0cnRPffk6J67c9feozkyfSR7J/bl5PwLOXH5eJ65+FROL7yY7qCb1HWKFOuN56v6ClVdp9Vo5cGDD+WBuYfSaU6kUTS2/+ABAIAtcb3SsjIzwNbrfOt/lXptKSu/+feGHQUAAOCGKUADACNvGN+W9Eb3q0wN7CZ11qc5n1w4mecvPptufy1FcVVPuU7qYv19sSzKtFuTmW3PZt/Egbzp0MO5b/8bc+eeO9Md9HJh+VyeOP9Enjz/tRy/9Gyqut6Y+vzqYkOVOs2ykZnObO4/8ECO7XtDWo2WEgQAAOxyt1OOvpnHKmEDu8HEO344WV3Kyif+8bCjAAAA3BAFaABgy4xbOXjc8gJst6qq0h10c2bxxZxaOJlBPUiRcn1aczYK0lWdOnU6zYm88cADeeDAg7l/7sHsndiXTrOT7qCbr5z5ch49+bmcWXoxC2vzKVKkLIoUKfKyd+J6fZ9VPcjezt7cPXtPju69J3PTcxtlaQAAYCfZzKLxKJaWRzETwNUmvvvPp15bzOqn/+WwowAAALwuBWgAYFe5lZKz6c8A69YGa7m0cinzq5ez3Fu+cnudOkmdRtlMpzmRI9N35Ojeu/OG/fflrj135/D0kaz2V3Jm8XSevvBknjj39Ry//FxW+ysZVIOURfmyuc/Flf2+9PsiR2buyCNH3pqDUwfTbrS36YgBAIBRoDgMsH0mv+9HU60tpvvovx52FAAAgNekAA0AjLSbKRnfTiF5s8rMStHATrbaW8m5xTNZ6i5lUPVTlo0rZeWiKDPZmsyh6SP51ju/PW858k05MLk/zUYrg2qQc8vn89UzX87vHv/tXF69lEFVpSzKK5Ocv1F2vuoXGyWHTmMid+87lrfe8c2Z7cymiOIDAACMu80qNd/OfhSrAa5t+k/8tdSri+l99beGHQUAAOC6FKABAF6D6c8A37DaX82ZpTNZ6a8kG1Of6yTNsplj++7LffvfmPsPPJDDM0eyb2Jfmo1WLq5czPHLz+fx01/M0xeeylJ3KXWyMfV5vWhQF0nxyrfVOqnqKns6+/LIobfmgQMPZrYzk2bpn7EAALCTbWYpeVT3BTAOZt7901n4Zz+a/rOfG3YUAACAayqHHQAA2JlGsSA8ipkAxslafy0XVs5nrb+aFEXKopF9kwfyhv3355HDb81bj3xz3nTo4RyZvSOtRisLa/N5/tKzeezk5/P1c1/NqYWT6Q16SfKaxYE6depU6TQncmj6cB4+/JbctffutBudKxOjAQCA8bdd3/kLgFtQFJl590+ncceDw04CAABwTVaOAQA2iYU4YKfrDbqZX51Pd9BNkSKdRif3738w73rjH8nb7/6O3Hfgjek0OymKImuD1Txz8dl84dRj+ewLn875pXMprvpxteIVv6lTZ1BX2T85l3v3vSH3HbgvByYPbOuxAgAAw3Oz11hckwHYGsXknsy8+6dT7r1j2FEAAABeRQEaANgRbmehy6IawOur6iqr/dVcXDmfZtnK3XvvzTuOfWe+9a635di+e7NnYm9ajVaKosiF5fP5+tmv57GTn80zF59Kr+qnSv2NonO98XX17zd+quoqjbKZ2c7ePHzo4bzl8Fsz05lNo2xs6/ECAACj51auybzeY7Z7CrXrSsC4Kfcfzcy735eiPTXsKAAAAC+jAA0A7ApbsUB2u/sHGBd16tR1lV7Vy9pgNfsnD+Shg2/OO+55Zx4+/EgOTB1Iu9HOoBpktbeaE5dP5Munv5ivnPlSTi+cSqNopCyKV4x6fnkPut74kRSZbc/mnr335s2HHsn9cw+m0+hs8xEDAADbxTUVgNHXuOvhTL/7fcOOAQAA8DIK0ADAyLIABjAi6vXJzNOt6dy77435jnvemXcee2cOTR9Ku9m+stlidzFPnn8ij536XL54+tEs91bSKBsv7z0XV3Z51e7rVHWV1HWmW9N5cO5N+d4H/mju2XcszUYzRfGK5jQAALDj+Y5dAKOldf87Mv0D7x12DAAAgCuaww4AADBMFtMAbkCRFCmyf/JAHjn81ty99+7MTc+lUTZTpEhd11npreTU/Ml84dSjeebC07m0cjGNspny6sbzlV+uz3pOXV/Z93R7Jvsm9uXuvcfy8OG35A3770ur0UpZ+NwuAADsdHVd3/AHH29m2614foDdrP3W7029cjnL//bvDDsKAACAAjQAwLXcTNFZKRrY6YoUKctGDs0czsGZwymLIsVVc52rusql1Ut55sLT+cyJ3013sJZm+Y3JzVfeJtdbz+s/6vrK+2dZNDI3dSgPHXxTvv3o23Nk9o5MNCe29yABAIAdS8EZYPN03v7uVMuXs/qJfzLsKAAAwC6nAA0AjL3XKyArKAPcvpfKAkXysvLzoBpkqbuUx059Ll86/YX0q26SOnW9XnXe+F9SJOVGkXqyOZWZzmz2TezL/skDmZs6mEPTh3Jw+lDmpg+mVbaGcYgAAMCIGcXi8ihmAthuk9/9F1KvXM7a731o2FEAAIBdTAEaAOAGKVIDu9nVpeerLXUXc2rhZJ48//WcmD+esmik1WinUbbSLBtpFI00ykaaZTPNRjPtRid7O/tyYHIuc9OHcnjmcI7MHMl0eyadZuc6zwIAAOx0N1Msvt62yskA22fqj/2V1MuX0v3yx4YdBQAA2KUUoAEAXuFmis5K0cBuVtd1Ti2cyudPfi7nVy6mbDQz1ZzOVHsmM+3ZzHRmsqczmz3tPZluT1/1NZPp1lQaZTOtRivNspmyaCg/AwAAAIyR6R/8qVRLl9J/9rPDjgIAAOxCRa21AwBsgc04xbjRfbzedte7fzNuv9ZtExMTr5kHYCeoU6eu67xw+USeufh05tcuZ1BXmWhOptOcyERzIp1GJ5PNTiaaE5lodNJpdtJpTaTV6KTVaA37EAAAgCFaXV191W3Xm958rdtvZtsbue9G7r/Z7bbq8QCjpF6+nIVf/IsZnHlq2FEAAIDL2oaKAAAgAElEQVRdRgEaANh0m3V6oQANMLrq1KmrOmuDtaz1V9Mum2mVjTRSpqjrpK5SV4ONr/76An9RpCgaSdlIUTaSolz/KssURZkURWIONAAA7AorKyuvKgLvlgL0Zu0DYFQMzj2bxV/4i6mWLgw7CgAAsIsoQAMAm26UCtC3ct+NFp2vdXtd15mcnLzucwLsJHVdp6p6GfS7SXcp9cqlZOFcqoVzGSxdSN1dStVbSzXobhSgGyma7ZTtqRSdmZRTe1POHEhj5lDKyX0pOzMpGq31UjQAALCjXasAnWxO2flWytE3cv/NbrfV+wAYJf3nPp+FX/iLSdQPAACA7aEADQBsus04vdjq6c/Xu+92S9EK0MBI2pjGnEEv9aCbut9N6ipJUjQ7SaOVomxeNZn5BiYx13VS9VOtLmSwcjH9y6cyuHQyg4svZLBwJtXihdRrS6n6a6mrfpJyff+NZsrWZIrOdIqpvWnMzKWcOZjG9ME0pg+knNqXxuSeFBOzKZqd9VwAAMCOowCtAA3sPN3HP56lD/34sGMAAAC7hJVkAGBX8hkwYNeo69SDfurecgYrl1MtX0y1fHG9BJ2sF5Cn9qdoT6dsTyWtifXS8estxteD1L3V9C+dSPf0V9M9/fX0L7yQ/uL5pN9N+v2kGqy/3xZZn+q8UawuMp8UReqi2Li9TGNyNo2Zg2kdvi/tww+mfeTBlDOHU3RmtvwlAgAAhqOua0VggB2k/cj3pF66kOV/+3eGHQUAANgFFKABADaJUjUwGuqkrlOtLa1PZr5wIoP5F9NfOJ96bTF1dzl1bzV1PUhSpGxNpGhNJM1Oys50yo0icmPmYBqzh1N2ZlK2JpOyzMumQhdl0uykseeOtBvNNPbcmWplPtXaUureSurucqrVxVQr8xmsXk61PJ9qdWH9uasqdeqkKFKkSIoi1XKVur+Wam0x/QsvZO2FL6W5/+605o6lOXdfGpN7U7RM2AcAgN1IURpgfHTe/u5Uixey+tv/dNhRAACAHa6oNXUAgE20WacWN7qf19vuevffzO03uu1Lv5+cVNADhqQabJSIF9K/fDq9i8+ne/Lx9M49k8H82dS9taQavGK688Z7WVGm6EylnJxNa//RNA8cS2vuvjRmD6cxfSBlZyZFayJFo33t6dB1lboaJFU/VXcp1epCqqUL6S+ezWD+dPqXTmUwfzbVyuVUvZXUvW7qQXc9z5X303rj10VSlmkeOJr2kQfSOfa2NPcfS3P2cIr2ZIqy9foTqgEAgJG2srKSJNcsNt/obTe77evddyP33+x2W70PgFG1/Kvvz9qjvzbsGAAAwA6mAA0AbKrdUoB+rdsUoIFhqVYvp3/phaw+99n0zjyV3oUTqdeW1qcuD/q5UnZ+lXr9rrJMUTZTNNspmp0Urck0ZufS3H807TsfTuvgfWnuO5qibK5PgH7Vbuok9ZUidD3opx50U/e7qdY2StErF9O/+EJ6F55L7+wzGSyeS93trveZ1/9zZdB00eykbE+mmNiT9h0PpXP0rWnf+Ugas4fWi9gAAMDY2soC9K3cfqP33+x2W70PgFG2+P/91fSe/J1hxwAAAHYoBWgAYFONUgH6Vu5TgAbGUd1byWB1Pt0Xv5ruqfWvweUXM1i+vN4lfuk/VxbX61d0oTd+f9XdL91QdqZTTu9Pa+5YmnP3pjV3b5oH7klj9nDK1uS1i9DXylj1U/e7qbvLGSyeTX/+xfTPP78+GXrhbAYLZzJYvphUL02kzjcyFkUae46kdfDetO98OO3DD6Z16I0pWpMpGq1bft0AAIDhUYBWgAZ2vrq7koV/+j9n8OLXhx0FAADYgRSgAYBNNQ4F6K2eCq0ADWyruk5/8Uy6Z57I8pd+M2vPP5p60EtSpCivU07emNSceqNlXG+0n1+awnxlDb5Yv6+uk6pKOb03zX13ZPLN70rn2NvSnD2Sotm5xdxV6u5y+vMvpnvmiaw89Tvpnvhi6t7alWnUL8tbV0lRprHnYDr3vi0zb/0v09hzR8qJ2VwVGAAAGBMvFaCTVxeBFaABdo7q/PEs/ML/kmrx/LCjAAAAO0zjve9973uHHQIAYNxdXYhutUwjBbZH3e+md+6prD37+1n+2ifSv/B86u5yihQpivLlveCXisxJUjZStCfTmNqbxvT+lNP7Uk7OpmhNpCgbWS9FV0lVXfWYMqnr1L3VVIvnM1g4k6IsUjRaKTszNx++KJKiTNFspzG1L43Zw2nuuytlq5O6GqRaXbyqh13kysFUg9RrS+lfOpkUSdmZTtFsb+QGAADGRb/fv/JrBWiAnauY2pvmXW9O97FfH3YUAABgh2kOOwAAwK3yjSyA3azurWawdD7dF76Y1Wc/m+6JL66XllNsFIavVqRoNFJ0ZlJOzKbszKScnE05uSdFcyJFo5G6GqTurqbuLqVaW0y1tpz01lL1V9dLz92V1INe6uVuuisLGSyeX5/i3O+l3Wyn7MykaLRv6hiKRjNFY0/KiT0pp+fS3H93GlP7UnamkyTVynzq3up6CXvjmKreauqLJzOYP7Neyi4b6dz11pRT+1OU/okLAAA7QV3XryoHX+s2AMZD895vy/QPvDdLHzabDQAA2DxWhwEAbpLiNTAKBkvnsnbqq1l58nfSO/v0xqTmV5ef66pK0WynnJhN++gjaR99S5r77k5jcl/K9mRSNtcfU9epB/3Ug7XUa4upVuczWL6c3sUT6V94Nr3TT6Vamb8yEbpaupSVr/6nVCuLqZN07nwkjZmDt3w8ZbOTYs+RNCb2pLn3zjT2HM7q059J79yzyUtvu8XGZOskdb+XteOPpVpbSjmxL+3mRIqJ2Vt+fgAAAAC2Tvut35tq4WxW/v0/GHYUAABgh1CABgBGzigVjEcpC0CS1FU/dXc5aye/kpUnP5n+pZOpe2vrJeary88b71+N6f1p7j+azl2PpHXo/jTn7kljcl+K1uT6xOSNQvHGzlPXg9T9bur+aprdlTT3H83g0BvTP/Rg+pdeSP/y6QzmT69PZ17tpnf6iaQoUjaaSVmmMbnv5fu8UUWZotFOMdlKa+4NSbOVFI2UE7Ppnn4ydX81603obxxjtbKY3rnnsvLkJ1MPepm4920pisY1JmADAACj7HamO1/vsTd7OwBbb+IP/jepF85m9dMfGHYUAABgB1CABgC4TUrSwPapU3dX0rt0MmsnvpDVpz+9PhH5leXnZL2EXDbTOnB3Ovd+W6Ye+s9TTu1P0excf/dFI0UaKRrtpDOTTCfN/fckVT+D1cvpnXsm3Re+nLUTX0j/3HOpe2vrheili2nMHEzRmUnZmUnRaOXqovLNKVJO7U9ncl/K9lTKiekMli9lsHBmo+i9vk2KInU1SLV0MatPfipFs5P2kQdTdqbX8wMAAGwhRWqAWzP5ff9rqvmz6X7lPww7CgAAMOYa733ve9877BAAAMO2mSXmVqu1afsCuFpdDdK/cDzLj/9Geqe+mmrl8vqC+ysmP9d1lcb0/rSO3J+ph747E8e+PY3puRTN9i1ORy5SNJppdGbS3HdXmvvuTDkzl3qwlvS7qbsrqXrLSVGmdfCN65Ocy1uYAv2ypyxSNtspW1Mp2p3UvbUM5s/mpfLz+iZFUif1oLt+bM1WGhOzKSdmb++5AQCALdfv91/2+1eWia9VLr5e4Xizbn+9+25n2614PMC4aj/yrvSf/kyq+TPDjgIAAIwxE6ABgF3FtGZgbNV1Bkvn0zu/PoW5P39mfcrzqyY/FynKVpr7j2bivnekc9db0tx/9/q2t6oo1kvNU+2UU/tTTu5Znybd6qR76qvpnXk6g4Wz6Z15Kv1LL6R1oEwxue/2jjdJ0Z5OY99d6aRO3V1NtXQ5g8VzqXuryZWCdZ160M/g0smsPfv7ac4cTGP6QIpG5xbL3jdnK6a+vfLvqnEpRVyde5Qyj8PrOQ4Zd6o6deq6Tp06RYqUt/NeebsZ6jplUfrzBwAAdoEi0+9+Xxb+yf+gBA0AANyy7V/VAQDYBorOwI5TV+ldeC7dF7+Wwfy5pLeW4pVFvbpOUZQpJ6fTvuOhTL3pXWnsvfP2ys/XUE7sTfvIQ5n+pu/P1JvflfadDyZlK4P5s+me+XoGSxc277naU2kfvD+dY9+Wifu+PY3JPUldJdkoCBZFirKRweK5rD33ufTPP5dqdX5jm61V13WqqtrUv3NeKkFWVbW+74zH32mvyj0imeu6TlXXGVyVa1SyveTq124wGIxkxp2sqqv0q356g156VS91tve1r1NfydAddDOoB9ueAQBGlXMigJ2tnD2U6R/468OOAQAAjDEToAEAAEZcPeilXltM9+RX0j311dSD3sZ041cUAuo65cRMOm98Rzp3vTVlZzpF0dj8QBtTpsvOTNpH3pSi0UrRmEh//nTWnn8szdkjac29YSPj7U4yLZKykea+u9K551vSO388g7XF1N2VjV0X689TV6l7a+mdezrNvXekvGcmRTn1mnteXV3N0vJyiqJIWZZpNhrp9fupBoNMTU2l3W6n0fjG61dVVRYWFnLu/IUcP348586dzeLiYqanZ3Lo0KG85ZFHcmDuQBrl6xfO67pOr9fL0tJSLl66lPPnz+fixYuZn1/I6urKRhE2abdbmZ6ezt69+3Lo0MEcnJvLnr1702m3U97A87yebq+X7tpaer1ekqTVaqXf76eu67Tb7bRarbTb7Zc9pt/vZ3V1NRcuXsz5c+dy5uz667CyspJer59ms5mJiU727Nmb/fv359Chg9m/b19mZ2dTllsz3XY901ouX76cCxcv5OzZsxuv53y63V4Gg0HKsky73Uq73Um71Uq708lEp5PWxnE2m820ms002620W+uv76DfT7fX3dhHP/v27csb7r03nU4nzebNXVKpqirdl/7ML1zMufPncv78hczPX87y8kp6vV7quk6n087U1FSmp6czN7f+Z37gwP5MT89kYqJz069fVVe5vHopK73V1HWVRtlIkSLdQS9VPUid5MDUgcy0Z257+vGgGmS5t5xLKxdTFuWV5+pX/XSrblplK5Otqeyb2JdG2Ui/6ufyyqWs9FfSr/oZ1IOkrtMoG2kUzTSKRnpVb/2+apBBPbiyTVGUKTe+mo1WJpsTmWhOZqI1kU6jk0b5+u99deqcnD+Zp88/lfm1y5luTeX+uQczNzWXmc7sbb0WN6Ku6yx1F/P1c1/P2aUzWe4v5S2Hvyn37L0nnebEUKZRA8Co24rvwDKM5wBgXfPYt2b6B/56lj78k8OOAgAAjCEFaABg0+yGyTy74RiB0VP3VtJfOJPemafTP/98Utcb5eKrN6pTNFopp+cycezb0zp0f4pyC//JVxQpimaae+9KY2pf6v5a1o4/mu7pJ1KtXE6qQVI2b7//vKExfSApyrQO3ZfB0vlrvw5Vld6559KYPZzWkTel0Zy47vTruk4uXryUZ5977mXl3263m6JIHrj//szNzaXRaKSqqqx1u7l08WKeP348Tz31dB7/yldy/PjxXLp0MXNzB/OmNz2UO++8M/v370teo5jc7/ez1u1mYX4+Fy9dyunTp3Py1KmcOPFCXnzxxVw4fz7Ly8vp9XupqjoTnU727t2bw4cP59ixYzl27J4cPXo0Bw8ezIH9+9NsNl9W0r5Zy8vLOXvuXM6cPp1et5eJyYmsdbspiyKHDx/OwYMHM3fgwJXsKyurOX/+XE6fOZMTJ07k+PHjefa553Lp0qUsLi6l1+ul1WplamoqBw8ezJ133JFjx47l7rvvzl133Zm5AwcyNTV10+Xha6mqKv1+P4tLS7l06VLOnjmbUy++uPF6nsiFCxeytLSeqa7qNBplykZjo6BepN1ezzkxOZmJiYl02p10JiYyOTmRTrudoijS6/WysrKSldXVDAb9PHD/Azl86HCazVZu9BD6/X7W1tZy+fJ8Lly8mDNnzuSFF17I88eP58UXX8ylS5fS7XYzGAySJJ1OOxOdiUxOTubOO+/M0aN35ehdR3PkyJEcOnwoMzMzmZyYuOHXsKqrnF08m7NLZ7LaX02zbKZMkdXBWqq6Slk28uby4Uy3plMXdYpb/D/tS5OML61eytfPfS1FiisF6F7VzUp/NXs7e3Nk5khmO7Mp6zK9QS8vzJ/IuaWzWR2sZVD1U6dOs2ikVbbTLFvrpedqkEHdT29jUnN/Y1Lzesm6mXajndn2bGbaM5nt7Mneyb2Zac9msjWZRtG4boGpruucWTydR09+LmeXTmfPxJ5UdZ3y0Jsz3Zm55dfiRvUGvVxYuZgvvfiFPHvp6Sx1F7K3vTdzUwfTbnQ27f0TAMaF4jHA7tR+6/elunw6Kx//+WFHAQAAxowCNADAdSg7A6NisHwh3dNfS7V8MXU1SPHKgm1dJ3WVcnYurUP3pbnvaMrJvdsTrihSNCfSuedbU3amk7JMObkn9aCfoiiTzZpAXZQpW1NpH31LBiuXrypAX9kgKZL+pVPpnXs21crl9QnYzYnr7LDOU08/lY9+9Fdz8uTJLCwuXikSz80dyH//5/5cZmdn0+l00u31cvLkyfzH3/qtfP7zn89Xv/q1rKysZHV19UopeN++fen1e6/+s7n6Ges6i4uLef74iXzuc5/Lo489luc2ysPdtbUMButFz6qqU1WDDAZViiJpNJrpdDqZ6Exkz949ecO99+YP/IE/kP/su74rBw8ezMzM9C2/rGfPns3nPv9oPv7xj+XkyZPpdCbS6/Wyd+/efNd3fWe+4+1vz9yBA6mqKpcvz+eJJ5/Mp37nU/nMZ34vFy5cyOLiYlZXVzcmVtdXpmk3Go00G420/3/27us5rjRP8/v3fY9JiwQSlgDofVWXN91V3dN+ek3P7EzvxUo30u1Kowht6EImtPZOF9Kd/oDdVWzsarWaCYV2ZsdsaLa6umfKe0cPGgCETyCR5uRx76uLk5kASIAEq1BFVvXv040imcg853feczJBgk8+9H1y+TzTU9OcPXeWn/7kJ5w5c5rhavVzz9wThiG19XXee/99PvzgAz766CPWNzboBB1c12V8YoLjx49TLpXI53JYYK1WY3FxkdnZWRqbm1jAdV1c1+0GoHPkcvmsFTuJ+yFrYwyOo4nCkB//6Ef7ntFay+Zmg1uzt3j77Xf46KOPmJufZ2NjgyAIcF2XSqXC9NQ05YEynufRbrep1WrMXL/ORx9/hFaaYqnIyRMn+dYTT/D8c89x6uQJqtXqvlrAU5MyvznPheVPWWzexlqLVorUpuTdApX8IJPlSaYr01848GswrLVWeHvuTTpxG4NBoTDWYKzh9MgZXO1yZOgYrvYI05BLqxe5unqJVtwEsoZwaw1aObjaZShfpegVUcrB2IQ4jaiHddpxmygN0Uqhye7rahffzXN06Bgnqqc4N3aesl/Gc7xdz42xhk7cZqNTox23iNKQDxffp5KvMFWZzhrLv8QU8kZng7n6LHP1m6y2llEoWlGbIA6o5Cs4fAkN/kIIIYR4pEjoWwghMvnv/ZeY+hLhu//Pwx5FCCGEEEII8TUiAWghhBBCCCGEeJRZQ9pcI1y8iAk2u1G8Xf6C3FrcoSm8Q2fRhUHULoG/L412cIrDMHoKaw3u4BRo5+6W6i9EgevhDh3Gqx6m4+WxSQjY7HNKgbXYKCBtrpM2ltGFwawFetfNKYIgYHl5mRs3b7K2tobWGs/zSJKYJElRShMnCRcvXuTd997j17/+NdeuXWNpabkb0rQYYzDG4Ps+ruOgdznmNE3phCEzMzNcvnyFzy5cYGZmhsXFJXzfY2pykkqlgud5/RC2tVnwdq2WNQYvLCxQS2ssryyzvr5Oo9lkdW2NF194gXNnz1KtVnHdBw9LWmuJopD5uXmuXL2K7/skScLExARh+AKQNRhfm7nOhQsXeO+997hw8SK3bt3CdV18P8fAwABKKUyaEnQ6tFotGo1GFlAHlNbU63VqtRpRGFJb+zYvv/wyxWIB3/cfeOYkSWi1Wly4eJEPPviAzy5c4Nq1a9y8eZPx8XFOnDzB9PRhjh45wtGjRygWi/iej7WW+madlZVVbt68ybWZa1y6dJlGo0GaJhQKRQ4fPsyJE8fJ53JorUmShCRNMcYAluPHj+O6zn0vbWMMnU6HW7ducenyZT76+BMuXbzIzZs3qW/WGa4Oc+7sWSYmJjh06BCTk5MUS0U81yUIOtRqNRYWFlheXub2wgI3btxgc7PB6uoqiwsLPPnEEzz//HOMjWWN0Pc5y8QmohU1qbVXSW2KQmGxlP0BfCdHatMHPg+7UShSa2jHLeqdDaI03BEgbkYtojTCYlFk118n7rAZNqh31lFKdbeRUvYHGCmOMlWZYrQ4jlYaiyExCY2oQTNs0AgbrLSW2ejUCJMIsDjapZMENMMGzajByeHTHB48nDVfb2uEt1hSkxKmIe24TWISYhOz2FhgubnEerDOYH5w1/D0F2WxWGtZaMxzdfUS9bBOnEY42iVIAoI4kDfiCSGEEA9IgsRCCPH1V/z5f4+pLxJfff1hjyKEEEIIIYT4mpAAtBBCCCHEFyDhFCHEly6NMc014sVLmE4D1F6Nrwp3+Cj+ofNov/iVjpjtXuMMjFMYGP/ydqEc3PIobmUCXahg2htZCLoXdFAKm6bYsE2ycRtnYBynNLL7tsiaf3P5PFprrLWkaUqhUKBYKFIqFnEchyAIeO31N/izP/szrl+/ThRFuG72R+le+LlcLjMyMkzOz+0auojimFptnV/+8lVe/dWv+Pjjj8nlckxNTfHCCy/wxBNPcOrECTzfx3Gc7tcWSxRFXLh4kXfeeZdXX32VdrtFkiQsLy+xtLTI66+/TrPZxPd9SqUirvvg5z2fy1EZGMB13f4apGmKozUjwyOUS2U6nQ5vvfU2/99f/iXvvvM22nEYHh7m6NFjTEyMU61WscYSBAFLy0vMzc0xPz/fb4XWWtPY3KS+scHVa1dZXV3l2LFjTE1Nfq4AdKfTYf72bV555Zf84R/9Ia1WizRN8TyPp59+mr/5N/4mTz7xBGNjo7tuPwuW13jzzTf5v/7d/8316zOsr2/geR4nT5zgd37+c06ePEm1OkSn0yGOE5IkIQxD8vkcudzu53m7OI6p1Wr89Wuv8atf/5o333wrW1fHoVgs8NRTT/G7v/u7nD1zhkOHJu7aZhwndDodrl2b4e133+GP/uiPmL11i4Xbt3n/g/f57LOncF2XZ555mlKpdJ95FJ528V2vGyKmG4A2eI5Hzs3javcLNx0rFI5y8B2PolckiFvEadx/U0C2fdWNPgMKtNLk3By+mwXO6f22yloquUFOD5/l20de4ujQsf5+LJY4jWmGTWrtGu/dfpsLK59Ra6+SmKy1e7Fxm9XWCtfXZ4jTmGphmHKutDMAbS2JSYjSiDANs0C0TWlGmyy3llhqLJJ3819OANpakjRmduMmF1cuEMQBqntuOklAELcx1hz4foUQQgghhBDiUVf6u/+Mxr/8A9KV6w97FCGEEEIIIcTXgASghRBCCHEgDioILIFiIYTYKQnWSVs1THMDm8Z3typbC9pB+UWc8kgW+HW+oX/UUwrleKhcGacyjk1CTBzuXBIFJm4TrV7HrR7BGz255+Y8z6NcKuE4DsYYlFLdMHEJx3VYWFzgww8/4r333mNubg7XdRkaGmJwcBBjDEEQUKvViOOYzfomSZLsup+F27d59733eevtt6nX6/zWb/0W33r8cc6fP8f09DTD1WHKA2W00iit+s3JxhgqAxWmp6Z57Pw5/uqv/5oPP/iQoNMhTbPG3rfeegvXcZg8NIHneXjeg4U1ldY4jovWGq01SpGFaZVCKcX87dtcunyZ1994nc3NOn/rb/8tThw/wZEjRxgaGqJUKpLzc1l4NElpt9usrK4wOzfH66+/wdWrV2k2myilcLoh6ytXrvCv/vW/5vf+zu/ywvPP47ruvtv62u02V65e5Q//8I/44MMPCcMQYwxTU1N859vf4fvf/z5PPfkEQ0PVflD9To7jMFip8NRTT5HPF/jTP/tTXnvtdcIw5JNPPiEIAv7u3/0FLzz/PAPlctZubSzGpGjH6bdD78barNn3k08+5a9ff5233nyTmevXUQp83+fQoUP89m//lBdfeIFvPf44A93m7zuP33E0+XyeY8eO4PseA+USr/zyl/zylV+ilGZ2dpb/89/+W+qbdX76k58wOjpKPr9H2zmglO5+qK2QMaDQeDoLRh9UY6JSCq0clNLd8LPCWoNV4GmPnOP3w9ZKKXzHx9Nu9/eA3c90r7/dqrYVCle7lPwSnuPx/PSLDBdHeGfuTVZay3TiAI3GWkMz3GSufouZ2gSnR84wmB/sb8dYQyfpECYhqUmy1shuSHupscCllQuMlEYo+sUdwemD0IpaLGzeZqm5RCtuYDHd9bfEvUC2/J5YCCGEOBBfdjP0QWxf2quFEGKLyg9Q+sU/o/F//AE2Ch72OEIIIYQQQohH3Df0b8WFEEII8U13kKEQCZgIIR5laXOVNKhjo3bW/rxLAFq5Pk55GKdYRefLKOU8nGG/CtpB+wWc8jBpYyW7zdpt66KwcYdkfY60vQ427bZm3x0o8FyXQqHQb4BWSuF7Hjnfp9Vssbq6yn965RWWl5cZGR5h+vA0ExPjDA8PY4yh2WyxtLREqVikWq3iebv/EXt9fYOZmRmCdpuJiXF+/KMf8uwzz3Dq1Cl8398zTAswNDTE2PgYx44dJUlSWs0WV69do9VsooDr169TKhb57ssvk8/nGRsbe6DldLSD53lox+mHn5VSJEnC4tISa7Uas7OztFstThw/zk9+8hPOnjnD1OQUuVzWWN3TC/82Gg2WV1ZwHAfXcfj4k08Iw7B/n8WlJX71q1/x2PlznD51imp177DynRYWFvnkk0957bXXWFhc7IbWcxw5fIQf/vCHPPXkE0xNTd1zG0op8htfmnUAACAASURBVPk8h6enGR0dZXFxgYXbC1y+coX527ep1WocP36MkeERnnjiWxSL+2/WDqOI9fV1PvzoI1599VVu3LhBo9FAa8XU1CRPP/0MP/7Rjzl39gzVanXP7fQC6dVqlVKpRHW4SrPZ5MqVq9RqNWrr66zValSHh6lWq3z7xRcZHx/f9VpSClzHw9Xb1zg7V1opcm4O54BeM3rhZ1e7/dBwFuvN9ulqt9s2nQWZs/vrLICN6mezFd3w8x45oF5zdM7NUXDz5NwcK80lojSkHbdwVNakHpmI5eYSN9ZnmKpMUclV+uEiYw1h0iFKI4w13ZmyvdfaNW5t3OCx9uMM5ocoeIUDWZ/efuudOpdXL7PSWiZKox3rH6YhYZI1UgshhBBCCCHEbyLn0BlKv/inNP/d//ywRxFCCCGEEEI84iQALYQQQgghhBCPsLS+iAnq3YDunZ/thhi9Au7wFLpQQWmXPVOD3xTaRedKKMfvt8X2KKXAxJjmGibYxCQx2vV3bZLV2sH3vG5LLWitcD0XlOLmzZvcmp3llVde4dlnn+Vnv/3bvPjiCxw6dKgfiO0EHWrr67TbbbRWDA3tHmiNk5gkTXn6mWc4eeIEP/vtnzI4OIjv+/tqeivk8xyamOB73/suruuy+m/+DY1GA9dxiOOY5ZUV3n7nHcrl0gMHoF3XzRqNleoWTyscx6HdbvPGG2/Q6XRYW1vjP/t7f48f/OD7HD9+nGKhiOfd3drcC08PDAyQz+f5O7/zuwxXh5mfn2dldZU4jtFaE0URKysrzMxc58aNmxSLxX0FoK21fPLpJ7zxxhtsNhpYa3Ech+HhKsePH+eZZ55mdGR038fuOA7FQoEnvvUE6+sbLC0v02q16HQCfv3rv8JaOHrsKPl8/p4h9e0263Xef/8D3nvvPS5dupg9P7UmSRJeeP4Ffv7zv83Zs2eoVCr7ntPzPMZGR3n88cf53ve+x2uvvUar1UJrxYcffEDY6TA1OcXw8DC+79/1eIWm6BYouAWMtVhrUEpjsTjaIe/mcfTBvWnCUQ45J4dGY6zptkt3J9E7m52VpTtT97nbfSOC6ndE72N/jkslP8jZ0fM0wk1u1+ewOmu0dpTDRmed2Y2bNA89TVoaw1VZS7qxhjDukKQR1hrohrC1UgRJm9X2CouNBYYK1QMLQFssiUlYa6/w8eL7rLVXUfSC4tkRR2lEmATZTEIIIYSQdmQhhPgN5Z37AcW/8Q9o/8f//WGPIoQQQgghhHiEHey/4SmEEEII8QjYq9FZmp6FEF9HaXMNG7bveR/l5XDKoyi/wDc+/Awo7aC8Aqof2tz5+m5Niglb2KiN7YUbd5GalCiKAHCcrHG30+mwsLjAr//q18zNzfHiCy/wox/+kB98//ucPXOWqclJxkZHGRsdZXLyEKdOnuTMmdOcPHGCYnH3kOTQ0BBnzpzh5Zde4rnnnqVarZLL5fYd5FBK4bouU5OTnDt3junpaQYGBjAmO65ms8knn3zC7Nw8SZI80Nc7i83ab7Xqh3yVUkRRyM2bN7HW8Owzz/DEE09w4vhxKgMD+L53z9m11uRyOcbGxjh/7hzf/8EPOHLkyI7ZrDXcvHWTi5cuEQTBfWeO45hmK2u/vnLlSv+8aa05ceIEZ86cYbBSwfe9fR+7UtkxT04e4vTp01QGBrpBbMXi0hLXZq5x69Ys9c3NfW0vDCPm52/zy1df5fKVK8RxjDGGYrHAkSNHOHvuLGdOn6ZcLu9ozt7PnK7rMj01zQvPP8/oyAiO46C1w2ajwc1bt7hw8QKzc3N7bMHu2FYvaKu7PxrMgbUNZwFijed4/Qbo/meUwliDwWzNpBSOdnC07t/UaxJ3lEPBLdw3nK1QeNqjWhimnBvY0QYPijiNacVtwiQkMWn/ccYawjQiTpNt996aoZMEzNSuMVefxVhzIL+PTE3KcnOJ+foctWCNMAnR286JxRImHYKkg5EAtBBCiN8An/frq3x/RwghfjPkvvOfk/v233vYYwghhBBCCCEeYRKAFkIIIYQQQohHmGmvY+P2HrFmlf3fzaFLwyg3/xVP95BoB+0XQDtZ+OHO/IO12DjExB1sEoLZIwCdpoRRlDXhOg5KKYJ2wMLCAu+8+y7NVpPf+Z2f85Mf/4inn36K4eFqv7VZKYXneQwMlBkbHWV8fHzX9l2AkZERnvjW4zz37DOcOX0az9t/SHe7wcFBDk9PcfTIEarVKsYYlFJ0OiFXrl5jYWGhH7rdL2stxlq00v0mbIA4TqjV1qhWq/zsZz/j7NkzDA4O7rsJGSCX85k+PM2Pf/QjTpw43g+q9ILH8/PzXLl6hXa7fd8QSxRFrK+vMzs7y9z8fP/YtdacPHmSU6dO7rtR+07VapXpqSkqlQo530drTavVZHFxkWvXrrG2tnbfbVhr2dzc5MaNG7zxxhvMzc3hOC7WWgYGBjh//jwnT5xgfGIC/3Oe/7GxUZ741rcYGxsjl8uhtSaOY+r1Op98+hkzM9d3PfeWLOxrsWh0NyCsUN2AcmrTAwtAA+huqHlnADoLKlt6Aeet2zzt4SgX252iN6+jHYpuAVfdvx3c0Q4lv0Tezfefnz2pTUlMTGISzJ0B6CQkTuO7XkeUUsQm4vrGDLP1WcIkxNiUL8JiidOYufosc/VZgriFscldXddhEtKJg/45E0IIIcSXQ0LUQgjx9VD8m/8d3tnvPewxhBBCCCGEEI8oCUALIYQQQuzTfv5yTP4CTQhx0EyngYlD7G4RaGtR1qK0i84PotzdA7jfOFqD64HScOfrbjf4aK3FJhE2asMewUWtNa7rbgv1KsIoIuyEDA4OcfrUab794ouMj49/oXEHKxWOHDnCwMDAAzX/3kkpRS6XZ3p6mtHRUaw1KLLG6yBo0w7adMLwgQLQruuS83MorbeFUy1aa0qlEkcOH+Gpp56iOjT0uWYulUqcOnWSiYkJ8vl8P5iqtUOj0WB1dZUgCEjTe4dL20HA4uIizWaTJEn66+G6LmOjY4yOjj1QOHs713UpFAoMDg1RLBYx1gKKVqvNhYsXWVxcuu82jDFcuXKFTz/7jHar1Q9oW2sZHRnluy+/zNTU1Bf659t9P8fQ0BCT3RZyRRY2juOYS5cuMTNzjSRJ7jr/il7zs97Wjtx76mgcfWdb8+fXO75ee7FWeke7sac9cs5WUF0p8B0Pz3GzpvZeSJ6soVprZ19rpnr76h7H9lcFpRQajVZO//OQtZCHaUhs4t4tWxtDkRrLZlhntb3MUmOJIO58niXpS9KEZtjg2toVbm7cwG4LoW9/eY/SkCAJSMyDtbkLIYQQQgghxDdV6Rf/FGfsxMMeQwghhBBCCPEIkgC0EEIIIcQuJHAihHhUmDjApvE976OUBu3CHj3R3zjWYk3K3dXPd9wtCbFhE5smu35eKY3juih0P0fdC+KeOHGCc+fOMjk5SbFY/ELj+r7PQLmM53lfKAAL4HkuIyMjVCoD/a9V1lqSJCGKIqIoerAAtOP224R7rLW4jsPY6BhTk5NMHpogny98rnl9z2N4eJixsTFGRoZx3awVuddc3Ww06XQ6/VDzXoIgYHFpmaAd9G9TSuE4mnK5TKlU/Nxrq7XG8z3K5RK5fL4/Xxh2mJubY319/Z6/L7DWEkURV69d4/Lly0Tx1vPVcVyGh4d57LHHGK5Wv9Az1HE0hUKe8fFxRkdHUToLNBtjWFhY4PbCAo1Ggzi+8/VCoZXTPcdbb6WwWLRSeNrNmqEPjMqSzb03I7AVrPe0i6e9ba3HWchZK91/NmeB7e6x7bMF2disXTnZ8VzP+qR97VPyy+TcHI7eegNCag1BHBClUXbvbfP2Hh+nEWvtVS6tXGCjc+/r4H4a4Sbzm7MsNm6z2dnY9T4KRZREhEmHJI37QXIhhBDiN4l8P0YIIcSdVK5M6Rf/FOXmHvYoQgghhBBCiEeMBKCFEEIIIYQQ4hFmkxBMzK5h326G0FoDaQS/KWE5k0IUZD/eo7nWxgEm2Oiu3920Vlkjs6LfPGutxc/lePrpp3jsscdwnP010H5VHMdhYGCAYqGItd2rojtfmqRE4YMFoB3Hwff9HQFoYwyu5zE9Pc34xAS5XA7H+XzfPtBak/N9RkdGmZqaJuf7QBYwTpKYMAoJw4gkuXcDdCfosLy0TCcMt7UHKxyt8VwHz3W/0HlyHIdCoUAul+sGoCFJEmq1NZrNJsaYPcM4aZrS6XS4PjPDzLVr/fZngHw+T7Va5fDhaUrl8ueeD3qBb4exsTFGx8ayVmelsECj0WBtrcZabZ0wDO96rKddXOVuvYyoLByslcLXHvogr3Gl0MpFofrh5WxvFkc7uM6d5yoLS/dC0QqFox0slshE+woBpzalGTXpJAFZyDvbr7GGoldiuDBC0SvhaW/HY1pxizANt15L2QpdZS3UmrXWKu/Mv8lyc4nUmn3EsXe30lrh0spFNjobJNta6S22+/KTTR2biE7SITIJ6R7t9UIIIYQQQgjxm8Y5dJbiL/7Jwx5DCCGEEEII8YiRALQQQgghhBBCPMq0c8+QL4BNI9L2ehaW/g1gTYqJQ6xJ2TW3aS2qF2hGb+u83UkphdY6yz+TBR+11uRyOcbHxrPG3kco/AxZM24+l8PzvCz4vvOT3TD0/mfWWuPeFfK2eJ7HxKFDVKvVLzhvFtIdGCgzNjqK5/v9tm0smNQQRtF9G6BTkxJGIeaOc25RGGvvGVDel+wC6Lc/Q69ZOyU16T1Dr0EQsLq6Sq1Wo9lq9cP0WmtGRkYYGx+jXCrhue7nn68rW8sBKgOVrdC6tf0Q9vr6OmEY3fEY0EqjVdYAbcmS81k4OQsbq/u8xjzQjCgc9LZramv1HOXgqO3rYElMTGpStNr2GJttR+3zWg7jDrMbt1hrr/YfkwWLLePlCc6OnqecK2+dWyxJGtMMN+kkHRQKV7t4jk/OyeNo3X9zQZRG1IJVFhsLrDSXSO7TyH+n1CQ0wwbzm7NcXr1EM2riaY+yP0DBK+E7ue5cFoUiNYYkjYnSiNRIAFoIIYQQQgghevzHfkzhp3/wsMcQQgghhBBCPEIkAC2EEEII8TnJP8sqhPhKaPfeLccobBJiWmvYuPMVDvYQmRQTt7H3DCLabf/dXS8AneUls7Ck4zjd1t4hBgYGHrkANFiM3R723TrC7HjUg+Sf6R33HTfheS5jY2MMDg5+0YFRSlEsFhkaGsLthoB7IxprSZKENL130FMrhevuHtS11vJFvyRba0jiBHPHHL0A970EQYfllVXqm5t0Op3+GdFKMTI8zMjwSLdF2/liQ3bnKZVKlMulLNBse/NbojBkc3OTOI7ufFQ3AL0VLrbdHxUKpRwe8KK594yAo3Q/hsy2H7XS2z6XZcVTm2BsilJ6W3i5d7z6viHoIA6oBTVu1W9Qa9foNSm7yqWSG+Rw5QgnqicpesX+Y6y1xCamGTYI4wAF+E6OSq7CeHmcolfCdt86kZqEVtTi9uY885tzRGnEvV9ZdgrTiOXWMvP1eRYa84RJh4JXZGpgmuHCMHmvgFa6v0VjDYlJiCUALYQQQgghhBB3yX/3vyD37O897DGEEEIIIYQQjwgJQAshhBBCCCHEI0w7Hkq7e4QAs8ZfG3dI60vYaKt99pvMpjE2aGKTePcYolLd0LhF2ZS9woqKbgAa1V22rPm4VCpRKBTwPP/LOoTPLUkSVlfXqG/Ws/Zq1euvzgK3zl1tzvcWxzFB0CZNswZmpbLwqOO4DA0NUS6XDmRuz/XI5XPZeveu0V5hdffn91IoFpmanCSfz2OMIQtuG6wxOI7zwMe9nbWWJE1ptduEYdidSaF1Fob3PW8rPLyLXgN0EASYbc8/pRUDlYEDW8OeQiFPPl/odjnbbceQ0OkEJLuEybOgcxay3fFsUAqNPsD4czc0rrMm8m2nurvj3nPz7nbonUtsu1Nvv+9OvYbnhcZtLq1c4ObGDerhOkopjDWU8xWennyO06NnGSmP4Dle/7HGpsRJRDNqEKYdlNKU/TJHBo/xwvR3ODQw1X9jgFIKrRSz9VmurF6mHbcwd7av30MzbPDZ0qcsNOb718dIcYQXD7/EieFTlP2Bfjt377hSY4iTuHutCyGEEOJhkDe9CyHEo6v4u/8T7vHnHvYYQgghhBBCiEfAF//3V4UQQgghhBBCfGlUroRy9g7iKsAmIWljGdNpYNMY5Xh3pgm/ISzWpNg4IG1vYJMwi0bucaxKuygvt2trMN3Had1tmO22CLuum4Veff9AGnu/qCRJiKKITqfD6uoqM9dv8O577zE3N5eFfreFQ7XWDxwETpKEMIqwxvYfp7XurssBHkeaEEcxqrv9LN7ajbg6TjcAurdCPs/Y2DiFQoFeINZaSI2h3Q4IguBzh1TSNCXshDQaDYIgyELg1uB5LiMjI5TL5Xs2QQdBwMrKCmEY9m/LtgHr6xtcvnyFV1/9FZC1+2qdBbad3jrrLGydZdmz8KsxBmssqUlJU4MxabZ/Czdv3eLGjesYY1Cq14BtSVNDHCfY3UKzd8yuujN24oCl5gLX1opshpvdoHd2VSUm6Qd9lcrCyL3zZLtN5L0GcdUNUmvtsNRcZD2oEabhjv32Is27ruL2IPy2VmtjTffDohQYY0hsQhh3qIebrLVXmVm7wvXaDPXOOolJ8JwcY6UxjldP8uTEU0xWpvDveA1NjSFKIzpJh7jbJO87PkOFIU4Mn2SjU2OhMU8Qt0lMglIOm+EGC43bLG4u4GufwcLQrtfDdkEcsNZe5cb6Ndbaq2ilGCoMM1U5zLHqcZpRgzlntn9uUb3jTonSiNRKA7QQQgghhBBC7Kb0+/+Exr/4rzCbyw97FCGEEEIIIcRDJAFoIYQQQgghhHiE6fwAysuxV4sxSmGTiLS5RhpsYuKgG6Z8+OHdA2ez9mcTtjGtGiTh7uWw1oK1KDeHypVB7/5H3yzUqndsw3Eccn4O13XRzpf/jyb1Qru9EGvvw3RDsO12wObmJrX1Gp9++hnvf/AB7777LrVaDcdxu8dKP1jsuu4924rvlBpDHMc7m4u7Yd8oiojj5ECOM4oi2u0WANpxused7cd1nG4T997y+TxjY2OUSiVc1yVrFzYkScL6xgYb9TqHzfTnCq1HUUyr1aJerxN0egFoi+/7TE1NMTg4dM9Qea8BOgzD/torrTHGMD83R6fT4datWeIoIjEpnuvh53LkfB/XdXBcNztvOttvHMckSdoPv0dRRBxFuK6D53qs1Wqs1daw1mRhcmO7Af7sutlfEDy79ltxixsb12mEdcp+GUe7KJWF3ztJQJImWEArF0e7uN3zlHZDur0PBwdHO/hujlbcZKm5SBAH3cCz6pc/30t/6m4IOLUpURoSJiFh0gEFcRrTSTqst2vc2rjJxZXPuL05R72zjlaanJOjnKvw+PiTPD7+BCeqJ/Ddu99AkpqU2MREaUhiE1DZ86foFzk0MMlUZZqJjUPMbc6SmAStNJ2kQy1Y5cb6dUp+eV8B6Ea4yVJzkfnNWTbDDTztMTkwydGhY4yVxij6JRzl3LE0FoMhNjGJOZjnnxBCCCGEEEJ80+jKOKXf/8c0/tU/eNijCCGEEEIIIR4iCUALIYQQQgghxCPMKQ6R+IV+Y+5dslpUrElJN5dJ6/PokROgC1/xpF8Ba7CdBibYwHba2DTZs/3ZKoVyfbRfQum9Q7G9h9v+f7hvUPMgWJu12YZhSLvdotFs0my2aDQabG7WqdVqrK6usby8zEZ9g6Ad0Ak7BEGHYrFIkiRsbGxkwdzeB2BN1mT9ILJ23y26++skTUjTgw1gZuts+yFdrTW+7+G69w4u5/N5xkZHmJ6aYnx8nLW1VeLYkKYpN2/c4ObNmzx2/hye5z3wTGu1NW7NzdJoNkmSFO1kreDlUplzZ88yMTF+z8eHUchGvU6SJP2gdG89wzBkdXWVVrOF6oZsPd/H7YaeXcdBad09fdvakq0lTdMsCN/70VqsscRx1thdLBYxJgs9e75PqVgkn8+j7xMCz9qfs58ZmxLGARus045aWfi52/Zst3U2Z7cpbO9/1mDJwtYW272XxtGaMI0IkxBj06zveZ/Pp23lzygU68Eany19TK29RiVXQStFEAe0oiatuEkzatIMG3ja48jgMUZL44yXJxgvH2JyYJKR4gius/u3vWITEyYhqUmx1qKVxnN8fCeHVppD5SnOjJ6jFqwSxO3+MQZxwKXVCwwVhjhaPZqFl/doLzfWcGP9OldWL9NJQkDhO3mOV09ydOhYFhh3PHJeHq30jtf41KSESUcC0EIIIYQQQghxD+7x5yn+/H+g/af/28MeRQghhBBCCPGQSABaCCGEEEIIIR5hujSC9kvcO0Vosakhqd8mXr2OM3AIx8vf5zFfP9ampO0aaXMNG3fApnBn+NBaUCoLlbo5tFeEewSgv0q9wHOj2aSx2aC+ucn6eo2Nep16vU671aYdtAnDkCAIaLcDGo1NoigCFJVKhYnxcaI4YW5ujlqthtYarbPQqrEma+x9gAT0nqF6BXbfbcL7YG0/3Lpji9226b2C7D2u61Iulzlz5jTXb5zn7bffIgxDjEm5eesWMzMzNBpNHNfFc/f3rY5e2/bs7CwXLlyg2WySpilKKSqDg0xPT3Py5AmGh4fvuZ0oimk2myRp2j8eay1aa8bGxhgeHqZcLuM4Wduz53nZz7XOwtZKZcH1bDlwutersSYLs3fnTNPs/PZD+9b2P2+M4dTpU0xMTFAs7PPND9biaY9KfpBqoUrJ677OKFBotHLQSvdbrS02m4legH3rjNru8Apohk2SNMbYlNQk7Ot1aJfLLIgDls0Sm2EdT3v9FuYgbhOlIZ7jU8kNMj14hKmBacbL44yVJxgtjlHw8rh7NL8DJCYmSiNSmwWgUYqckyPnZgHokeIIR4eOc3HlMxphg9hk4fYojVho3GahcZtae43B/BA5N3/X9uM0JogD5uqzzG7cJE4jCm6RkdIY05UjjJXGsvC/61NwswD0dsakBHFAnMb3XzshhBBCCCGE+A2We/4XmNosnTf+7cMeRQghhBBCCPEQSABaCCGEEEIIIR5h7sA4cX6g3yy7uyxAmqzdIioM4k89iS4M3rP5+GspTUnqC6SNJaw17FmLrRTK9VB+AeUXQO29DtvzvWq3Gw+ItZY4jllZWeHSlStcuHCRy5cvc+PGDTY2NgjDDp7nUS4PMDExwbGjx/jW499ifHyUoaEhyuUylUoFC1y4cIFXXnmFTz/9dKtxWGUB6ziOs7U5EOpgI/TdZd1+LVtrSOIYk6b3nqQbLH722WdpBwGfffYpzWYTYyy3bt3iytUrLC4t4ud8BiuVfY1juufk4sWLvPHGGzSbTQCSJObYsaM8+eSTHDlyhMrAwN6HZC1JEtMJgn54OttGgu/7fOc73+Gl73yH8+fPdQPCCtdzs+C66oXXwRibBZuV6odhjbVZ63k3PG66gXRrDMYYUmNQSqGVwnFdcn6OYrFILuff87htd25jDZXcIOfHHudbE08wVZnuvX8gW/Ns4dn5JOsGn+3OW3prATBbv8Xbt97kxsZ1grh9V7h377XctjGydXCUQzNqdIPUW/czNqWSr3Bm5BzPTD7HieGTONrB1S6622J9L3GaECURaTfQDZBz8+TdPEopyrkBxssTTAxMshnWWW0to5WDtZYgbrPUWODa2lXOjj22awA6iAOWG0ssNm6z1l4hNYaJ8iSnR84wVh6j6BVRKHydo+AV0cph+0qnNqUdt4jScF9rJ4QQQoiMtfa+vw8QQgjxzVP42X9LujZLfOWvH/YoQgghhBBCiK+YBKCFEEII8cg4sJZJIYT4BnFKIzjFIXS+jI1DrEnubsvtNh6bYJN4fZ547QbaL+CUxx7O0F8GazBxQLx6k2R9HrB7tAZblHbQuTLaL6Ic7x4hCNv/2nNXxNPaAwtCb25usry8wocffsilK5eZnZ1laWmZjY0NtNIcnp7m2LGjjIyMMDIyQrU6zPDwMCPDwwwMlCkUi+R8n1wuRzsI8D1/5zEpUErjaI3jOPdtU76/g/96rHqzsfX1XiuFUnprvfdhbHSUbz3+OD/9yU945913uXL5Cp1Oh5mZGf7ff//v+cH3v88zTz9NsVjE3aMJOgujJ8zfnuejjz7ivfffZ3FhkU6nQ6FQYGRkhJdfepmXvvMdKpVKf+49j00plFY7jg0sWikGKxXGx8eZmprqn7NeY3fvY/vj1I7AcTeaa3f50VqMtVloVqldt3nXnNs+evt0tEPBLVD2B6jkBnfe+UFsa/guB2V818fRuncY3YbofWxm288G80NMDx4lSjrUOxssNOYx3dC3UpogDpjfnOPk8ClSk5J38/327PvpJB1acQtjUrA2CyM7Pr6TQ5Gdo5Jf4vTwGdphk5XmElaBUln4e6W9wmfLnzJaGqeSq+A5Xn/bxhpW2yt8tPgBq+0VjLU4jsuhgUnOjz7GYG4Q1Q2F+65PwSugtWZ7/jsxKY2wQZh09nU8QgghhBBCCPGbrvT7/5jNf/73MbXZhz2KEEIIIYQQ4iskAWghhBBCCCGEeITpwiC6WMUpV0kba9gw3j3gqhQm6pBuLhMtXkIXKjilYVCaB08zPnpsEmGCOkntFkl98Z73VY6HU6qicyWUdvcMBGcZZ4vdUWd7cMFnYwxJkjA/f5v3P/iAP/+Lv+DTTz9lc7OO53kMDg5x/tw5nnvuOV566TtMT00xPDxMLpfbM8Ta6XQIo5A4TtB6q1lXa43juLiui/7CAWi144eD4DoOvp+FRHvNfEopHK374d39KJfLnDh+nN/+2c+wFtbWagRBm+XlZf78z/8c13UplUpMTU5SLpfxPG9HyLjXkr2+vsGHH3zIn/zpf+Dy5Su0Wi1y+TyHDx/m/PnzvPzySzz11JN4nnefibK17+3H2q1QPQocx8Hzp5xGugAAIABJREFUPHzf33G+9udLeN7uKHTuha71PYPT+9vuVlu46jcw39kevX8WSyU/yMnh02ilWGku0Qg3aUVNjDUoFO2oRTtuc2vjBqPFUQ4PHqHgFfrh4nsJ4nZ3W2l35l4A2idrPlfk3Twnqqeotdf4dPkTDKZ/7a4H68Qm5dzYY4yVxqnkK2ilMdYQpRFLzUU+Xv6QjWAdR7uUcmUmB6Y4MXyKvLfVGO07PgW3sKMlW6FITUIj3KQjAWghhBC/Ab4Jrc3fhGMQQoivO1WoUPr9f0TjX/zXD3sUIYQQQgghxFdIAtBCCCGEEEII8QhT2kUXq7gjxzFhgO209o4UKoUJW4Qzb6H9It7oCbSXtSB/3aXtGvHqddLGKjbqhgJ3CRlYa8HN4VYPo4vV7n32WLFeWLWXdz7gzEIYhty+fZtfvvpL/viP/4S1tTU6nQ5Kac6ePctzzz3Pd7/7MidPnGBkeJh8Pr8jsLsbYwztdkAYhjuCw7rbsOw67oOHL/YKfB9gEXS+UKA8MABAkiS4rovSGu04eJ6Ps0db827K5TKPP/YYjtaMT0zw3nvvMjMzQ22txl/+5X9i5toMzzzzDKdOnWJ6agrHzdYkTRMajQYrK6u8/c47fPbZZ9y4cZ0wjKgOD/Pcs8/y/PPP8/wLz3N4ejqb8T5rqZTC9/1u2NrdcTsomq027Xb7kfhXLrKm7W03qOxWi9n5JoADoR74+aQUqP7TUXVvUxwZPMpYcYxmuMmNjeustJZx1Fab+MWVz4jSiB84P+LQwCR5r3DffbWiFpvhJqlJu+FtRc7JkXO23nzgapdqscqhgUmmK0dYba/QihrdoHNKELe4sT5DJTfI4xOPo5UmTmOWGgssbM5Ta68SpzEDuQpnR84z3Q1obw87u9rFd3w0emu5lMJgCJIOURpLoEoIIYRAAsZCCCH2xz38JKW/8w9p/fH/8rBHEUIIIYQQQnxFJAAthBBCCCGEEI8ypXFKw/iHzpGsz6MaK3vfVSlIY5L6AvHiZcLhD/EPncMtj+/ZgvzIswZrEpLaLOHsB6Stdaw1KO3sencFaK+AWz2MU6xyrxRmFgjdauu965NfQJqmrK2t8devvc6bb73F1WvXUEqRz+cZGRnh2Wee5cc/+iGPPfYY1WoV5wHagXujbg/VKqWyALTrPFA4ZHt7MdZuu056bcb73tS996M0ruMCWw3JCnC0xnPdBzp+13WpDg1x9uxZiqUSWinS1LC2usbS4iLtdps4jpm/fZux0VEcx4FuADoIOmxubnLz5k2iKOLYsWMMV4eZnp7m6aef5vz5c5w+dQrHcfbd2FwoFBgdHcX3/W3nRGGNpd1u0Q6CB1usL8OuzebbGqsPOP9suXubqnv7bmHwOy9ZRbex26aU/BLDhWGeOPQUiU1phk0SE5NaA8Baew2lFOPlCVCKY0PH7/kcsEAQBzvapJVS5NwcvptDbQtf59wco6Uxzo89xsdLEc1ws3cgJCZhduMWQ/kqJ4ZPUPAUnSTgem2GufosYRLiaIdKbpDTI2eYKB/CueN1y1EunvZ3hKIBjDWESYfYRBhMNyD9NX0NF0IIIR4BEqAWQojfHP4zv0O6dpPOa//6YY8ihBBCCCGE+ApIAFoIIYQQQgghHnFOeQR/+nE6N9+7d5C5F2JNE+KVa9gLBic/gFMaRandA8OPOmsNJgqIlq8QzLyOjUNQ9w6mar+AWz2CLg7db+MYY7q/2NYUbXdpy31AcZwwf3uBP/6TP+HKlStorbHWMlAuc/7ceV566SW++/LLO1qc90Npje/7uI5DmqZZuBfQWqEd3W873i/P88jn82ittoLJ3ccbY7atzxdjrCFN0/6veyEUrTWuu/+w8XbD1SqlYpGoE7G52eDjjz/GmBRrDVevXePK1askSdLfn7UW13UpFApMT0/z3LPPcfbcWc6cPs2xo0cZHBzE9+/dwL2bUqnE1OQk+Vwea7fWy1hDq90ieAQaoG2341ltXeL969yYA26Atr1w/t3bzNqmzbbPqW2B/u2PUBhriLsNyEOFIZ6Zeo5W1GKpsUitvUpiEhztkJqE9XaNd+ffxdM5DleO4Ojd3wjQe9NDkAS0ohbGWkChlUPOzZFz/bseN1Ic4enJZ5nfnGW+PttdRw0W5jZnqeQrNDov4GiHdtzm0upFZuu3UAp8J8dQocqp4VOMlkbvmsfRDq72su1tCzhba4jSDkkaY40Brb6+b2IRQgghhBBCiK9Y4af/DenqTeLLf/WwRxFCCCGEEEJ8ySQALYQQQgghhBCPOOXlcUqjuIOHSMrDpK06WLN7IE4p0BoTtkhWbhJcew2bhPhTT6L9wn3Dw48Wi2nV6My+T7x0BRtmTbp7BlStRflFdKmKWx5F+8X7bL0bjL3r9t3Dmw9ieXmZmzdusr6+ThRFaK1J05RqtcqLL77IkcOHHzj83NN7TC/U24uQ9jpiH2SbjuPg+/6OALIxBmstnufhegfzbYM4TuiEYbdkWvUOBK2z9t0Hmbl33FevXuPDjz7knXfeZWVllW9/+9ucOnmSI0cO47ou2KyJOzVpFuRWCtdxyeV8KgMVKoODDA0NMlgZpFwu43kPFh7vKZdKTE1NUSwV+49XSmGMYWlpmeWVFdLU4DgPp3nQYkmtwdgUbHe+bEgAUtIDDUCb3v62drEjVJ+adCv+rMBzfFzlkdoUsP025OwtCbZ7m8LVHqdGzpAaw5uzr7HYXMganJUitYb19ipX1y4zkBvg5MgpRoqjdxe72yzUHyUdOknQf7xWCs/x8bR31/Hk3DwjpVEmyoe4XZpns7OZraXK3jRQ79S5sPIZ1UKVTtKh1l6lE7exFo4MHuXMyFnKuQFcffdzydUunuuhld7xcp41QEdEaURiExSar+dbWIQQQohHmzRDCyHEN1fp9/4hm//872Nqcw97FCGEEEIIIcSXSALQQgghhBBCCPGIU46Hzldwh4/irM9h2g2sSfduBFUam4SkzYhw9iOwFp0bwBmawikMfk1C0BYT1IlrN+ncfId47SakCWhn9+Pu1sc6pSrO4CF0sYry8vfeQzdIu73qOYtb9qpoP38odHllhdm5OVqtFmma4nabmcsDA5w9e4aR0ZHPF7awFmPSbnPttqWwW8fzIG3DvRbm7Q3YthuAzudy+J7/4DPuIo5jOp0O1tp+8LvfRvyAM8dxTG19nQ8//JC/+I//kStXrzI+Ps5PfvJjnn32GU6ePInbbca21pIkCaYbbnEcB9dxcJzdG4I/j1KpxOTkZLdB2u/uK9v38vIyS0tLtNtttM5C1l85C6lJSa1hW/wZRS8cnR5oQ7XFZiHnbjhfqa128dRmgfSt55zCUS5a6a32bLX1aUf1zlMWUj40MInv+Cw1FwiTkNX2CloprDW04xZz9VtorSl4RYpukYJX2HGerbUkJqGTBIRJB0s2o9YOrnZxHW9bJ3XGczxc7TJZmWaxuUg7ahOmSf8NB41wk0urF6jkBjEmpd7ZIDEJWmmmKoc5PnySglfsB7u3c7SD53jo3uuazc6LsZY4jYjSmMSkuNpyV5pbCCGEEEIIIcSeVGGQ0u/9Ixr/8g8e9ihCCCGEEEKIL5EEoIUQQgghhBDikadQysE/dI60vUGydA2bxvd5SBa2S+uLhCbFmpj8qe+SP/IsSruPeAjagkmJFj4juPEO8e1LmHZ97/Az9BOT7sgx/IkzKL+4r2PsBTN3bNV+kehzplarsby8TJqm/QCm1hrf8ygWi3ju3U2z+2GspdMJSeIYrXU/TGytJUkToijCdV0cZ399scYY4jjJ1kFt3Ya1FEtFcvnc55rzTnEcEQTtrQB0t3E6239Mmqb73la9XufNt97i1V//irfffpuR0VEeO3+e7//W9xgbGyPn+ztCr66781sfD9o4fT+FQoHx8XEmxicYGqqyvl7rt4uvrq6ysHCb1dVVXNfB8wYObL8PIrEpSfdNE1mceCuYHKUxphc+Pgi9tmm62+w+mRSK1KQkNtnx/DLW7Ni/tVkoWymF7/g4auta9rTHYH6I56e/jaMcfn3jlW5zo0YrTb2zwZXVi4wWxyi4BY5Vj+E53o59xSYmTEKiJMRag1YOrnJxtbtrSBmya+bI4FEanU3m6rcI0w4WUGjaUYvrtas4ysUCQRzgOj6udhkvTzBRPoTr7P7tt17wOgtTK2x/zSypSUhMTJzG5JyDeR4KIYQQQgghxG8S98hTFH/nf6T9H/7Xhz2KEEIIIYQQ4kvyKP+NtxBCCCHE18pBticKIcRdlMYZGMcbPYYzNInOFcEY7hfVtWlM2qoRzX9GOPMmnZnXSeoL2KTz1cz9QCzWpCSbS3RuvUvnxjtEtz/DBJtYk+wdfsaC1ijXxxs+gjd8DOX63K8ydUfz8F13/WKv6Z1Oh1a7hTVm56aV6n58vu1aa4mTmCRN0GpbazNgjMWYB5s7SVLCKOo3SvdnBJI0zcLQB8ha020GzhhrMd3G6f3Ou7ZW4+233+HSpcu0g4BiscjIyAjDw8MUCoVtDdOq33C9/eOg/5lz13UpFYucPXeWc+fO4Thu/9qKooilpSXe/+ADVlZWD3S/292vRdtasxWupXd1KwyGxCQHG4CGne3ebDVBxyYmTKOsZZ2tRubUZIHnLARMv5n9zkNSSpFzc0xVpvj/2buzJrnS/L7v3+fsuS9VWVWoDSisvW/kkNMz1FDk0KbDJLVQEQ7LF7oQZevCEWY4ZFPiC/BL8IUiLF/ZsuywLrSRlIKSSFmc4fRMD6c3NNCNvfbKqsrKPc/2PL44mYkCGkthaaFn+v+JKfRUZp7nPOc552QB6F/++tzMBS42XqYcVKfzT03CIOpzbf8qV5uXORodEaXRdPvUpIySIVEajYPYWSDfsR3sSQD6IZdHLVfjVHkxC1e7+XFjtUEbzTAe0ot69KMuiY4p+2UuzFxkrjhH3ntw+zOApSxsy85asI/9Fd2kmTtJY5LnHVAXQgghhBBCiK8R/52/SvCL/9WLnoYQQgghhBDiSyIN0EIIIYQQQgjx00Ap7FwFt7qEO38eEw/Rox4Y+9FhWmVh4pDkYBMTDUi7u+RfTkG9hF2c/eq0QRuD0Qk6GhA3rzO89h+INq+QtvfAth4Rfs62VY6Lla/g1FdwqovZcT1+pw8I3xqevf8Z0jQhieMs6Knutu1qrUni+KmCxQbQaUoYhsTxowLhJ5ckCWEYoo81MCuVhVBHo5AoekzT+AkpZWFZ9jioqwGbccb1seHd4+I45uDggA8++ICtrS08zyOfyxEEwZcSbj4JpRSu6/Lqy6/Q3Gvy4YcfEkWT0K1hr9nke9//PgsLC6yurmDb9nObpzGGNE1J0xTLsnDdBzWLj69pY9DGjJuL726vTToNJD/zfKa9yNZ47KxhedI6HeuEWMfHzrchTmMSnWTh52PLoo0h1ekXwr+WsigHFU7XzjBKQt7b+D6dsA0q24cxcLN1A5RipXoax7JxczUUikQnDKIBURpNx7WUhWO5OJZ9T9v0/Qp+kdlCg8XyEoO4xyDqoaavv/tBBDDUc3XeWHiLRmEO13p427uFwlbjFmjLIknHx0B2nyQ6IUqj8T0jhBBCCCGEEOJp5P7z3yVt3iS+8cMXPRUhhBBCCCHEc/YV+LfcQgghhBBPRpqWhRBfW0phF2bInfsWbuMsWMfDeo8IVCoFlkKP+sR7N+l9+Af0P/oDwq2PSPv7oFOeR+j3WeiwS7x/g8HlP2Jw+Y8JN7LmZyyLRx6bMZhUY5cXCC78Ek51CeX4JwoHa61JkiQLUKPuhkLHvzzLjxvP9wlyuXHzqxk3NKeMRkMOWy2Gw+ETj5nEMd1ej/X1dfb39+8J0VpKYds2tvNk4dokSbIG6HEgO7tUFBjDcDgkDMMnnueDpElCFEaYYw3VWUMzTxTkHgwGdLpd4ngSojUctdsctlqEUUT6nBurT8qyLJaWlrh06SJra2colUqkaYJSFkdHbX784x9z5coVtra2j4Wjn12n02FjY4MrV6+ysbn5kFdlIVtLKYxJYdxcbIxGoXCV+9CG4qehjSZJk+z8TJugs0CzrWwc5UyvUQN3A9BKMek0tyyL1KQM4gGpTh+4n7Jf4WLjEmdqa8zkG1hkAfvJdXXQb/L/3foTPt//nDAJ0UYTpzHtUYcoDcfBe7CVjWd7OJYzbaF+8Coqil6RS42XWSgtTud/94rO3kdc26een+XszHnKfvmRa5U1QDtZA7Wy7xnRGBglIzphl1gnJ1x9IYQQQgghhBAPkv+t38cqzr7oaQghhBBCCCGeM2mAFkIIIYQQQoifGgrlF/HmLpAc3CY+WCft7GKi4X1h6AdtqjBpTDpoo0c9dNjHJCP03D5ufRWrMIPlF1FuMA6kftlNugaTxlkr9bBNcrhO3LxBuPEBSWuTtN9GWY9pfh63K1tegFNfJlh9B7s0Bydqf86o+7pvjQGtx025z5CArpQrzMzMYDv2OEidhS273S5Xr15lcWGBpcUlLOvx6zxp+V3f2ODDjz7i1q1bHB0dZYFWjjcomyduFjYYjNbT4520P2ujiaMoC4g/B3GSEIajbB+o6dpaysK2bSzrZAHcybFOz42BTqfN+p07fPDhhywtLlKtVHAcB9t2sG1rOnaaplnA1bKwx23RxoCyFJZSWJb11C3SSikqlQprZ9Z495vfxBj45JNPABiNRgwGAz744ANqtSrvvPMOC/PzFAqFJ97PRBiGdLtdPr1yhVu3blMsFllbOzM9h/esGYZEJyRfCBJnIWht7m9Bf3qTRulJw/IkTpw1Gmf7UF94fXb9TW9EBcooUqOJdPSFBugJ3/VpOA3O1s/Ri3p8uvcxvbA3/eRCP+5z/eBzqkGNSlBhqbxElEb0oh5RmrWzK8AaB6Bty35sEDxwc6xUVtlor5P3ikRJhDYpk3cSx7Kp52aZKy7QKDSwH/NepJTCse7u/77VJExCemGXRALQQgghhBBCCPFMrPI8+b/y+/T+8d970VMRQgghhBBCPEcSgBZCCCGEEEKInyLKdlFBCW/xVUwS0v/kj0lG/Sws/NiNx62rJiU52CBpbRPVLuPOnyM4/fO4s2vY5QWU5TxRK+9TMQYd9UkObxNufES4/hHx3nVIoizEaTs8tpVaG5TjYFcauI01vIWXUY534ilYysKx7WwuRmNZNsZo0jRF62cLhS4szLO6soLrukyaYS3L4vCwxZ/92Z+xdvo0r732KupYG+7DpGnKcDTiB++9x7/+oz/i2rVr9HpdLCubu9GaOI5J0ydvP7asLIBsjEZrjWU54zXQmHFT8PMQxxHD0SgLuio1bZy2bAvP9XCck/31RJALKBQKOI6DZVkYrel2uly+fJl/8k/+b958400uXrxIqVQkn8+TywXZOTCG4XCEZdt4nofv+9iWhTEa23FwHAff83Bd98RzuZ9tZy3Qf/2v/XWiKObWrZv0+wOMMViWxQ/e+wHN/Sag+Lmfe4eza2tPtR9jDJ1OhytXr/LP/8W/4MMPPuS3fuu3OHPm9INfj2EQDxkmo3E7soVSWaOxNvqRLctPI9Epo3REalIsZWWB90kLutGk9wWurWwyaMYt5CYLyBv0eLsHX4MKhVKKCzMXcSyH3e42o2RElIRYKju3o3TEZ/ufkqQxv3Luu1iWwzAekOhkGhbPGqB9bOU8tP15wrVdavk6c8V55grz7PV3GUR9bGWjjcG1XE7XzrBUXsKx3ceON2mA9m0f187eK1AKNT7kMA3pRV1SCUALIYQQX/CgD34JIYQQj+Ke+ya5X/vvGf7x//qipyKEEEIIIYR4TiQALYQQQgghhBA/bZSFU1nALL1O0t4GBenRThZaPmkIwGhIUpLOHiaJSPttnMoCdnkep3oKpzSHla+i3DzK8VDKfqZQtEkjTDxCh33S3j5pZ4ektUnS3iI52iXtNjHxiCxwe4L9jIO0Vq5CsPaL+IuvYU3bq09GWQrbzlpXtTZYVvbPNE3RaToOAD+dmfoMp0+f5vTqKuEopN3pYFmKcBSyubHBez/8IcVSkVdfeYWZ2Vl8797gtjGGJElotztcv3Gd9977Ibu7u1QqVb79rW9zZ32djz/+CMuy0UAYhRwdHbG3t8fC/PyJQ7xJkhBGIVrrY6ueBVCHo5Aoip56DY4fi9ZmGiqfNk1P2pyfIGTtuR61apWzZ8/S63bZ2dnBsm0642btVqvFRx9/ROD7uJ6L6zhZUJwsSD4JfDuOM52D67p4nkcun6NaqTBTn2Hh1AKNRoNatYrneSduqPZ9j7m5Bt/61rsYY/je97/PnTt3GAwGDAYD1tfX+YM//AM2NjZ48803OXPmNHONBkEQYNv2A0M8k2uhPxjQbre5ceMGV65c5eOPP+LmrdvYjsPCwgKzs7MPDgEZ0CYdNxVPxsxa3rXRJDq+57lnkZ1TTWrSrFV8HP5XKosCxzomSqNpsNmYrJ1a66xF+fiks7klj70+AjfHfHGBt069g2M5fH5w9e5+gU7YYb1zhyvNTwncHK3hIVESTtfKsixcy83anx/z9qFQ2JbNQnGBV+ZeZ7g5ZBD1MRgsZZFz86xWTzNXnH9s+BkmDdAOvhPgWt7k0MfPQZxGDOIByXM6P0IIIYQQQgjxdRe8+9+Q7t0g+vAPX/RUhBBCCCGEEM+BBKCFEEII8bX2vP6T70II8Z+alaviNhz8lTcxccio18LoBNA8PkCcNa6iFCYakoR94tYmll/AKtbx5y/gzp7Bri5h5apYQQnLzaFsFywLlIVSVpbQu/9tVJG1EhsNWoNOMTpBj7roYZu0f0BycIu4eZ14/zZp/whjdBZGVAo4QdDUGDAGK1fCqa9k7dWNc6BOFlK9O4wh1Rpt7gZz0zQlSZJnboAul0usLC/xyiuv0u316Pa6gCKOI0ajIT/5yU/QOmtdPnf2HNVaFduypqHc0Sik1++ztbnJX3zwE/7tH/9b1tbWePnll1ldXeXHf/FjLl/+BGA8Tsr2zjaXL18mTVNmZ2awLItcLofneQ9tx0uShNFohB63R0+OWWvNcDgkfMYA9P3rmqbpOABN1jqdZmugT7jWrutQq9V4/fXX6XQ6tNtttNaEYcju7i47OzvjxmU1PebJ0NZ4fSdfk/m5rovv++RyOWZnZ1k8dYpLly5x7uxZVk+vMjszQ6VSwbbtxwahbdsml8vx5htvUK/VCcMQgM3NTcJwRKvV4nvf+x7b29vs7O7ycz/3DufPnaNeqxEEwfRcTeantSaKInq9Hvv7+2xubfHDH73Pp59+yvr6Her1GV599RXW1s4wMzPz0Hlpo8chaDNd/+zxlDiNSHXKs7YoTkLN6Ti4rE02ppnUGStIdEysY8CM/6eJ05hYJ1/47IPWKVESjsPRD+dYDtWgymvzbzCI+6x37pCkCdpoFIowGbHfb3KleYW8mydKI0bJcLorC4VtWdO26sdRKGYKDS7NvsSNw8/ZHzRJdUrgBFSDGoulJeq5h5+L+8eylYXn+DiWc8+5AYjSiH7UlwZoIYQQQgghhHiOCr/1D0j3rpPufPaipyKEEEIIIYR4RhKAFkIIIYQ4AQlKCyG+ipQT4C2+jkkS0s4uSXuHdNi5G04+0SAqCzQDJonQnSbhqE+0dRXlBVi5Mlahhl2ewy7UsPwylldAeQHK8bN0qdZ326eVwiQjTDREhz3SQRvdPyTp7qH7h5jRAB0NMNEAE4fjKUyaV0/Y/Ez25a28Se7Ct3Fqy1hu7onXLxxlrclxFGch3SQhSRKSOM4aZJ8hDGpZFrONBv/Zr/0a2hj29w9ot9tEUYRt2+zs7tD/8z537tzhzNoaF86fp1Ao4LoucRyxubnFrVu32N7ZxnM93njjDd795jd5/fXXCQKfTqfD/PwCh4eHDAYDlFJ8+OFHHB62eOftt1lZWaFQLPDqK69ydu3MQ9uF0zQliiLiJCFJU+zxY3Ec0+v1GA1HT70GE5OA8mAwIB2HyzGKOE6yfUcxOj1Zw61SipmZGb77q79CLghwbJvrN25weHgI3P15nQWvx9+brENYa31PuBjGeX2dNSwPh0M6nQ4bGxt8/PHH1Ot1VlZX+NY33+Xdd9+lXs9CyieRy+VZWVnmb/yN3+bixQt8/89/wCeffML6+jpaG7a2tul1e3zyycc0ZhucOnWK+fl5ZmZn8FwP23GwLEW/12f/4ICbN26wu7vLweEBg/6AYqnEt7/9S7z99lu8+cabnF07g+/7D5yLwRCnCVESo3WCxmBho40mTpOsYXjctHySAPCjZGNGDKI+8bjpefL4JAw/+dTEJCw9SkaEyQhNijLW+PwowjSkE7bHgelHc2yXmcIsZ2pnafb3uXF4jdbwIGt1RpHohPWjW1iWhTGGMB0xaTrXPHkTec7NMVOYYb50imZ/j2Z/j3p+hrX6Oaq5Kp7jPX6QCaWwVXZ/plrDOLxvgFEyzNYgjZ85oC6EEEL8NJGfe0IIIb5UlkPht36fzj/6O/CYD90KIYQQQgghvtokAC2EEEKIrwUJMAshfhYpy8EuzuDNX0SHXcI7P8HsXcOEAzD65CHoSehRpxidksYhqBagsqCzX8AuVLH8UhZ+dnNZ+NlxwYCa7mvcqpuGmCS8G4IedtCDI3Q0gDQeNzhzNzR9UpPm53wFt75MsPIW3sLLWLkKWPYTrNz454IC23ao1qoYDLZlg1LkCwWMMSTJ0/9LMKUUhXyec+fP8263i9Ypn39+jY2NDQ4PDwnDcBq43WvusbGxQRAEOI6DTlOGwxGjcESpVGJtbY1v/PzP8/JLL7OysgzAS5cu8V/8+q9z+fKnrK+vZ+HiNGVnZ4cbN28CsLS8TBw/OjxqdHYuSqUijUaDIAhIkoRcLjcOi+qnXgPI1lkbg7IUvu8z22hQLlewrCzgmS8UMJgsFH1CQS5gZXmZd95+G6XADwKuXLkybX+2bRvXdfE8F9d1cWxEzsBqAAAgAElEQVQHa9zebLQm1XoadI/imDiOp63fE4fAXrPJzu4u4biN+1vvvsvq6spDg8bHOY5NsVjk/Llz5HI5SqUyS0uLXLt2nb29PQ4PD+m02xy121nY/fZt6rU6lWoF13XHbdUwHI7o9/u0Wi0spSgWi5w5fYYzZ87w+huvc+nCRVZXV/B8H/sh7dSWsij5JRZLSwSOn50PpTBG49k+Rb9E3is8Qfz34QyGnJtnqbxCoufHj6jxdWRYKi9T8atYKrtfHWXTKDRYq50lSsNpCNkYKHh5arkZAufxH26wlIXv+JwqL/L6wps4ls3+oIlrudNAtUJhKYWlbAxZ63iqUypBhYXiKXJu/sTHaVs2Ba/I2fo5jNFsdTZZrZ7h3Mx5il5xHLw+GddyaRTmOFM9S+AEWRO1UmijKXolGvkGnv34a04IIYQQQgghxMnZCxcp/OY/oP/P/5cXPRUhhBBCCCHEM5AAtBBCCCGEEEL8FFOWgzNzmkJ1EZSFDnvEzduYNEHZTxYKnoaRj4WSdTyCaIhu7x1/IQBGZa9VypqGkznW8Dp97bGgsxn//6cudDMapzxP/rVfx1t4Gac093TDGIPrulQqZVZXTzM/v4DneQyHI4IgwGhDFIUYU3zq9jnHcahVK3z729/i1Vdf5U//9E/53ve+x3s//CFpmqLTiNFoxMbGBut31rMArgLHcTl9+jSvvvoav/Zrv8obr7/OqYUF7GPn85VXXmZldYU//uN/yw9/+CNu375FGIZYtk2aZmHemXqdQj4LMj90HcgCw/Pz83ieR7VaZTTKmrmLhSK2ZT9TA9+kedn3fWZmZpiZmcmCqJZFf9CnMTuLZVlPFIC2lMLzPC5cOM/cXINUa4bDIVtbWxhj8DyPcrlMpVKmXC6TzxfI5XL4nkccxwxHIwaDAb1ul6N2m06nw2AwwBiDZVnTdU6ShN3dXf5ds8knn3xCtVKhXq/jed6J1kOpLPR9dm2Ns2tr/OIv/AK3bt/mvffe48MPP+Tq1au0x/vudDqsr69jTVrUjUHrFMuyyeVyzM3N8dIrr/Bz77zDq6++yunVVer12iPP7d15WCwUT5F38tNgrRm3HtvKwrFcZvONZ25/hixmXM/P8HNL38C1XVzLJdZZE7SFTc7NUfYrOJaTrY8TcHH2EkvlZWxlk+iY1GiUsnAtl8AJqOXqJ97/bL5B2atQ8Iq0R0cEjo8aB4pd5R6bU0KiE2Id49s+Ra9Axa880XF6tsdLjVeYL55ir7fDbKFBozBH4J6sJXzCd3zO1NaYyc0wiPsYdbfF3LVccm6ekl96ojGFEEIIIYQQQjye9+Z/Sbp3ndGf/5MXPRUhhBBCCCHEU1JG6hCFEEII8Rw8j99SnHSMx73uQc8/bJuTvvYkj02+z+dP3iAohBDPhTEYo4kPbhFtf8rw2p+RHNwm7beycPIz/+ejDQ+th1XTX8bh54e97hnmMAlVOz7B8hv4q28RrH0DO19HeU/3nmuMYW+vyfr6OlEcobXBti3iOMGyLNbOnGFmpk4QPFmY8UFSrYmiiJ2dHba3ttjY3KTVatE6OqLVahFHMUopqrUqlXKFYrHI7Ows8/PzLC0uUqvXyOdy94Ru0zQlThK2t7bYazbpdjokSYpSinw+R7lSYaZep1qtUigUHhrYbbfb7B8csLe7RxRHBH5AkiYYY/A9n4WFeVZWVp762I0xpFqzfucOm5tbKCsLzFtKEUURQS7g3NmzlMplPNc90Zij0Yjm/j4ff/wx77//Y65+dpXhcESj0WBlZZnFU4uUSiXy+Ry5IMD1PBzHmTZAJ2lKHMWE4YjhcES706HZbHL9xg1u3LjB7du3pqFZY7KgcD6f4y//5b/Md3/lV/nud7+L57lPHAoPw5But8f+fpNmc5/m/j6dbpdet8tgMKDdadPv9UApgiCgVCpRKpYol8vUajUajVnm5uaoVasUi8UTB7G1MfSjHnEakd2r457lcbBdKYu8m8dzvGcOQWujCZOQXtTDUhYWCs0k3K5wlINru+Tc7HpOTUo/6pOk8XS9s4bqrNXZVjY5N49rn+zaMMaQmpRu2CVKI+zxeQQ1nY+lLDQmC4Ibg6UsXNvBdwIc6+Q9AQZDkiZEacQwGRA4OQInwLbsJ1pHbTSjeESsI5I0ueft1FIKx3KeaA2EEEKInyaDwQDggb+nuf+xk7zmYY89zeOPe+5ZXvtlbC+EEOLpdf+P3yW5+aMXPQ0hhBBCCCHEU5AAtBBCCCGeCwlASwBaCPHiGZ2QdvcYXvuPhJsfE+9ex0R9TBLfG1T+aTF5n1UWVq6MXT1F/tIv4y+9jltfBfX49ttH0VqjtcayrGmTrtYabQyWUuNw6PNdsyRJGA6HtNttDltHNJt7hFGEbdk0Gg3qtdo4vJsnCPwT7d8YQ5qm059Dtm2fqBkYsuPNtsuO1bLuhn4nzc8nHetR85t8WZY1PabJvtUTrHWv12N7Z4ePPvqI7//5n/PjH/8FxUKBs+fO8a133+XChfMsLy2TywW4rovjOA8cW2tNmqYkSUK/36fZ3Ofyp5/yF3/xF/zo/R9xcHDIYDDIGpPTFGUpFheX+LXvfpf/7r/9O5RKJRzn6f+jWkmSEIYRg8GA/mDAoN/n8PCQdqcNQCFfoFavUS6XKZVKFAoFPNe9pwVcCCGEEOKnnQSgn9/2Qgghnp4+2qbzj34HM2i/6KkIIYQQQgghnpAEoIUQQgjxXEgAWgLQQoivAoNJYvSoTbR9mdGtHxFufEza3s2eVuo5tEH/p2N0mjXxegH+mZ8nd+GX8BrnsYszKNt7PvsYB3DveYwvLyo+CQJn4duUJImnc3AcZxxetrGsJwseH/+Z9LzCEw9am+c93pPu4+NPPuH7f/4D/uW//Bfs7OzgeT5/82/+13zr3XdZXVkhl8vhuu40aP2osSfnQmtNkqSMRiNu3LzBT37yAX/wh3/I5cuXx+cga0y2LZtf/s53+N3f/R9YmJ+nWCw+5Urcu+/JV5qmpGkKgGVZ2LY9DbMfD+kLIYQQQvyskAD089teCCHEs4mv/gd6/8/vv+hpCCGEEEIIIZ7Q09cVCSGEEEIIIYT4ilEox8XO13HnLqIcHytXI977nOTgNjqctEF/lYPQJksgA3a+gl2ex52/gL/0Gt78Rexc9bmFn+EhoYnnNvqD9zdpVXZdFwie27jP2/Me80kCKvcbjUZ0ul1+8IP3+JM/+RNu3brF4uIS3/jGN3jn7bc5d/YsxWLxiUMqk3PhOA5B4HN2bQ3f99nY2KDb7bK1tUWaapSliKKIbq/L/v4+lXLlmQLQx/cthBBCCCGEEEKIF8u99B2C7/xtRv/hf3/RUxFCCCGEEEI8AQlACyGEEEIIIcTPFAWWjVM5hVOex66cIqouMPwcktYWaf8IjGaaMv7KUWBZKNvDqS/jL71O7sJfwi7PY3mFFz058YK0Ox2uX7/Bn33ve7z33nsopXj55Zf5q3/lr3D27BqlUum57KdarVIqlXj7rTdpNpvs7u4SxzG2sgFDGIYcHrZYWhw9l/0JIYQQQgghhBDiqyH3y79DuvMZ8Wf/8UVPRQghhBBCCHFCEoAWQgghhBBCiJ9VSmEXG/grb+GUF4ia14l2PyPeuYrutzBpMm6Cfn6N0IanaFA2ZhzKVig/wJ05jbf4Ct78RZz6KnZpDuU8n6Zk8dPFGIPWmhs3bvD//tN/yq1bN3Fdl1qtzsryMqdPr1LI55/rPpVSrK6ucv7cOX7wg/cYjY6FnQ1orTHmq/oBAiGEEEIIIYQQQjytwm/+fTr/2+fozu6LnooQQgghhBDiBCQALYQQQgghhBA/sxSWl8dyA+zCDFahhlWsYwVl0tYGae8QPepgoiHGpHdLodX0ly/PJECqFMp2sHJlrHwdp9zAnTuPv/QqTnUJK1cFZX25cxFfWcYYhsMhm5tbvP/++xwdtfB9j7m5Oebm5qhVq1jW870+lFLMzM4yPz+P53uonmJyc1iWhed5WLZck0IIIYQQQgghxM8aVaiT/83fo/eP/96LnooQQgghhBDiBCQALYQQQgghhBA/65SFcjzc2ipOeQF//mXig5tE25eJti4TH6xDNASdZq+fBEqfohX6sVuMg8/GGJQxKMdBeQHe4sv4y2/izV/ELjZQQRGlLAk/f82laUqn2+Xg8ID9/X2SJKFarbIwn4Wfbdv+Uvabz+UolkpZ2NmyAIMx4LgOxWIRz/O+lP0KIYQQQgghhBDixXLPfZPcr/xdhv/+H77oqQghhBBCCCEeQwLQQgghhBBCCPG1oMCyUSrALtRRto2dr+LOnCXt7JB0dki7+6S9A9LBESYawvFWaHh4IPr+h8293xgzKZVWoCysoIiVr+KU57DL89ilOdzaMnZ1ETtfQ3k5lCV/XBXjAHS7Q7fTJY5jjDFYlkUul/tSQ8jKsrBsC8uyUAq0Btd1yOfz1Os1Aj94pvG11qRpOv3esib7uvdmMsZgxv+ctqZP5qjU9OsL24y/Hnp89203ee3D2rS11tO1v39/D5Om6T3bTbZ91PZa6+k2k/k8dF3GXw9ah/ufnxyXMQat9QP3/bD1vJ/RhlRnxzYZ+0FB/Cc5Dw/b58OO4/7nj481+f5Zj/NBx/C4czEZ/3HX0aPmcP/+HjWnh12P0zUwBvWQcR427onvy8ecW7h3rY9fe486l/efz8m2j92fUljH1vRx9+zx5++fw+N8WR88EUIIIYQQ4qsk+KW/RbpzlejTP3nRUxFCCCGEEEI8gvwbZSGEEEIIIYT4OlEK5QbYboBdmsdtnEcP2yRHG8SH68SH6yStDXS/hYlDSGOMTkCnGK3BpMfCmJOglBmHo7OQlbKyoDPKztqnLRvLcsBxUY6PXWrg1BZxG+dw66s41SWUG6Bs90WtiviK0towGAwYjkZ3w4NkAbyThBqffr8anaZgDFpn13mhUKRWq1GtVvED/4nHnIQrwzBkNBoxGo2ALGztOA6B7+P7Aa7rTI8tSRKiKGIwHKHHDe3HA6Se6+H7Hp7nTUOJg8GAURii0/ShgUbbtimVSjhO9tdC3V6PJI4JggDf93Fdd7oOaZoyGAxIkoR8voDnuQ8NQBpjiOKY0WhEOBpNQ+u24+B73jS4fnx7YwxJkhDHMcPhkCiKpuFi27bJ5XL4vo/nedMwaJIkjMKQ4WBAEOQIgmzOk6BnkiSEYchwOCTI5cjncliWRRiG9Hp9jNHTcPmEpSwcx8bzsvWcrMHE3TmOiKKQOEmwlIXnuQS5HP54G6UUSZoSRxHDYbYG4yO9e8zZgeN5Pn7gE/j+A9c0O4bs3HueR7FYvCfMGkURg8EAANd1yefzaK2JoojhcEiSTj7Ecnfftm1n11sQ4LqPPpdxHNPr90mSBIyZnovJcWqts3MdhkRxjGNn65fP5+8Z9/h1FEYRnusRBD5BcO8HCbTWJElCr9+f7s913el1Ohmn3++jtaZYLOI4zhfeCyZzipME3/MoFAqPDAJP78swJAon1x/Z+fG9L9yXcRzT7/dJxiH/+z+cMJHP58nlctl9MT5XBnAch2KhMJ37ZK37/T5JkgL3XhvD4ZAwDEmS5IH3tBmf11KxOD033V6POIrwvGz+vu9Nz6vWmn6/TxzH5PN5LMtCa81gOCSOorvhdKXAgCH7ma/GP+fn5hoPPF4hhBBCCCF+1uR/4++TbF9FH22/6KkIIYQQQgghHkIC0EIIIYQQQgjxNaZsFytfxfVyOLVVgtUhab9FOjxCD47Q/UPS/iF6eIQetkmHHUw8wiTxuCF6HMRSk9CzhXJ8LC/ACspY+QpWvoY9/rLGX3a+gnJzWfDZ8VHqywuzip9iatyEOvl2HICdBGW/LMPhkF6/TxTHpGmK67qcPn2atTNrlEslXOfJ/zolSRI6nQ63bt1id2+Pw1YLUOPQqMuphVMsLS3SaDTI5XIAdLtddnd3uXHrVhae1AZtsnCwYzvUazXm5uZYXl6iVCphWRZ31tdZ39hgMBgQj+effWhhPBEFpWKJt996i3q9htaaTz+9wsHhAfNzcywvLXHq1CkAojim025z4+YtOu02Fy9eoNFoUCgUvnB8k5Bns9nk2vUbtFot+oM+GPB9n2KhyLlzZzl1amEaSJ2EmVutFltbW+zs7nLYOkJrjWUpXNdlcWGBxcVFlpaWcF0XrTXtTpetrU1u3LjJ6uoKS0tL1Gu16fOdToft7R1u3LzJmTNnOH/uLJ7n0Wzu8/Enn0zDsUZrDEzD1sVigbnZBotLizRmZ+9pKe52u+zu7XH79m06nQ6jMMKyFKViifn5OZaXlpmba+A4DsPBgOb+Prdu3+Zg/wBtTLYvYwDFJHo9Pz/H0uIiqysr5PP5L6zp3l6TW7duMQpDGrOzvPbaqziOM70P9vcPuHb9GsZArVbjpUsXGY1G2Xa3b9Nut0m1nu5bKYUf+BQLBc6cPs3c3Nz0unnQ9dpqHXH5009pd9oY4PTKCkuLi8zOzmLbNlEUcev2bXZ3dzk8bFEqFZmbm+PihQv3HE8cx3Q6Ha5dv8Hu7i61eo2V5WXOrq3ds88oiui0O3zy6afEcTS9Fmu1WjanOKHf7/PplSuEUcjLL71EtVq9J0htjGFra4s76+u0O10WFxZ45eWXCIIAx/3ih2yiKKLb7XL7zjrbOzv0ez2SNMFSikKhyMzMDKurK9RrNYrFIsYYDg8PufrZZ3S6XYbD4d3W8uz0jn8xXLp4kXPnzpEkCTs7O3z++TW00VTKZV5+6SXq9TpBEKC15uDwkMuXL9MfDFBKMdfIro3l5SW2trbZ2Nyk02kTRTFJmhy7pxXaaErFIm+9+cb03Fy9epVmc59atcrK6grLS0vT0Hocx1y7fp1ms8n5c+fI5XKEUcS1a9do7u+PPwzgYNt2FhDXmjRJpo/99l//a19YRyGEEEIIIX4WqVyZwm/8Ht3/83980VMRQgghhBBCPIQEoIUQQgghhBDi60xZKNtD2R74JcBgFWdxoiE67KNHHfSogwl76LCHHnXHAegIo1PGCdUsCK1AWU4WaPZyWH4x+wqKWEEJyy+i/BKWl0M5T96gK75+LGVNW1SzBldI0pTW0RG9fm/aFPygZtenZYzhsNWi2WxO24hd1+XSxUtcuHABz/OeqH160ti6t7fH5uYW6xvrhGGE6zjYtjMNdG9tbzMYhylnZ2cpFotZIHQcgtbaUCoWsS0bYwxhFLK7t0ev38d1HUBRqZSnrx8ORwS+T6GQB+5dH9d1sSw1bdxtHbXY3Nyk3+/jui71Wh3Xc9FpyigMabVaHBwcsLS0RK2WPPA4kyRld3ePjc0NdnZ3sC2bQr6AwRCFEbu7u6CywOm5c2cJgoA0Tdnba7K5tcn6+jrRuC058H2M0SRxzNb2NmEYYdk2M+PAaBxFdDpdtnd2KJfLzM7Ooo+14kZRRKfTYWd3l3q9TpokaMdhMBiwtb0FgGM7BLlgHMSGOIpotWK63S4Gg+u4lEpZ43IYhtxZX2dzc5NOt4tCkc/liJOsIbl/8xZJkmKMptFoZM3JvR77zX0ODg+plMvjNbeYhGMBXCdrYH7Y9TsYDmge7DPoD3AcZ9qCPjEcDWk29wGwLIs01URxTK/fY6+5x2AwpFQqTvdhjGE0HNHrZfdOGEWcO3sW3/e/cE0bYxiFI/aaTQ4PDzEYAs+nkM9Tr9en67Kzs8PGRrYug2EFz/NJ0/SesUajEbu7u2xvb7G1s0O31yPwfVZXVu45fp1qwjDk4OCAdrvNaDjCdhzy+Tyu65LqlCiKODg8ZDgashaG96xJmqbEcUyzuc/t23foDwZYCubmGtk9dSwAPWld3t/f5/qNmxy2DhkMhnjjxmmDodvrMhyNGA6HrK2dYXXcXj4ajdjd25s2UZeKRWzn7tjZ8RgcO7tX4ygeh/K30VozHAxYmJ+fNmrHcUK302Vza5vBoI/jOLiOS61WBbKG9uZ+k6OjIzw3a7S+e80ojNF4k+vLGHSacnR0xObWFq2jIzzPo16rEQTBtIm+3W6zu7fHwvx81kStVLZf18VoQ6/XYzAc4nkegZ+1dU8C0EIIIYQQQnydOGd/gdyv/l2G/+4fvuipCCGEEEIIIR5AAtBCCCGEEEIIIY5RWG4O3Bx2oX7vUybFpAkmjUEnWQBa2WC7mCREYbIAtO2C7aIsJwtHC/GUbNuiXClTKpeyUOI4tNhsNjk6apOMW0mfdwB6d2eXjY1NwjAEIJfL8eqrr3Dx4oUnCj9PxkuShNt37nDlylX6gwGnFha4cP48vucRhiHbuztsbW+zvb2NbVvYtk2hUMgCynFCGIZUymXOnF7F932ScYBxY2OT5v4+uVwOz/OoVMrEUUQ4DobW6zXWzpzJQqZkAVgUeJ5HsZiFe9M0JYkTut0enU6XSrnC8uIS5XJ5HJbMQrVhGGZt0to88DiTJObW7dtsbGwwCkdcOH+e5aVljNFsbG5y9bPPuX7jBv1+n8XFU3ieRxzH3Lpzh5s3b7C3t8fqyirLS0tUqxXCKKLVanH9xg1aR0dgKSylWFhYQJssuJ01OWct1xwLQOv07vNJEk9D6HES0+/3KRWLVKsVFhYWcD0Pnab0ej2a+wfcubOOYzvkc3l83wMUR0dHfH7tGtvbOyyeOsXiqVM0ZmfpdLtsbW/z2eefk8QxRqfTluAkSYiiENuyWFpapFqpEgT+sWka8vk8xWIR9wHNxJAFesMwZDgaEcXR9Dgm1/vk+cl9AWbc8JsQhRG+53FmdZV8Po9tOyRJzM7uHusbG1y7foPBYMiphYVj4ex7r1udpoSjEaPRCICj9hHtTgdtDEprRqMR+wcHtI6OSNMsnBzF8bjp+q7hcMTm1jatoyOGgwFxFNGYnSEMQ3zfxxk3qhsMWmch5tbREUftNpVqhcbsLOVSKQv36pQ4jojCCD1pNz+2XoPBgMNWi/2DA7TWHLXbbG1vUygUKBaLd68RrRkMBmxsbvL+j3+ctX83Gpw5fZpckCNOEz6/dp2dnR02NzdxHJu5cTt7mqYMh0OMydrUz509SyGfz0Lm4/EVUK1VcR2HocnOySgM0TplMPRoHR1RrVapVqtEUUS/36fb6RBGEUHgT9vbAeIku//iOGGuMce5s2vYtj0N7xtj8DyXcrmMZdukSUKaJPT7PY6OjqhWyiwszDMzM5MFnI0hjhPCMCKO43H7eZG1M2dozM5Om72P2m1KpRLzc3MsLp7Ctp/ve60QQgghhBA/LYJv/y3SrStEV/70RU9FCCGEEEIIcR8JQAshhBDia2HSeieEEOJZWFm4WdmARhkzDjhbYLuAyRqllQJlSfhZPDPbtimXSszOzDA/P8/R0RFhGNJsNtna3mJre5u5RoN8Pv9c9pckCf3BgMufXubjjz5iOByyurLK2++8zdmzZ6lWqij1ZAHo0WiUNSgfHpLqlJcuXWR5aYmFhQUsy0Knmtm5Bvlcntt37rC7u0cul2dxcTFrt7YUoCgWSywvL+P7PkqpadA0vHGTXrdLt9cb71FhWTZB4FKr1VlaWvpCaNGyrGkD8/2a+02uXL3KSy9dIpfL49g21rFgJw+4rY3Jgrej0Yg4SfB9n0KhQKVSwXFsfN+nUi7T7w/I5bOwdjRucW42m2hteOnSJVZXV5mfn8dzXbTWzDUa2LbDzu4OG+sbVMrlaftwFv7MZnX/8WXvQQ+YsAGtDYVCkbm5OVaWlwmCAG0MYRgSBAG7OzvjQOqANNX0+z2ufvY5URQx12jwyisvM1OfIRcE1GfqlMulcQDdpVqt4jguaZqixu34fuCzuHCKWr2G53njAHQ270nj7qNC9ZNjtZQ1bkFXdx9XFpZtY8ZN6JOjVSp7vlAosLy8TC6Xwx63EedyeVzH4ebt20RRNA3aTkLI9+0dpRS+5+G6LqPhiE63S5IkpJCF4pMUpRRBEDywHTieNlI38f2A5aXlLAg9HLKzs8Pc3BylUun4Ad9thNaa3b09Srduc+HCeRzbRk1btO87tzAdM4ojisUiufGcNjY2WVhYoF6vT+cYxzHr6xs0m01yQcD5c+dYW1ujUipjOw7aaHJBjuWlRVqtFvNz83ebtMf7832fSqXCwsJ89oEC7g1Ae743/jMI0+C662YN8q1Wi8ZsA601vV4va6u2bRzHzuZ4/NAMKGXhutk1try8PF4jNX3B5J42xpAYg5leO4rm/j5XP/uM1157jXqtdvd+Gd+3tm2Tz+dxHIdKpUIcxxwctrAsi3KpSKPRYHFxEcuy5ce6EEIIIYT42sr/xu+RbF1Bd3Zf9FSEEEIIIYQQx0gAWgghhBDiPhKWFkKIhxgHrpT9ZAFQIZ7WJNR36tQp3nrrLT788EPW19eJ45jbt+/w4Ycf8vZbb+H7/gPDlyeVNR2nNJtNbty8yeVPLrO5tUUQBFy6dIlf+va3WVleIp/PPfHY0bjJuNfroZRieWmZ5eWle0KfNWr0+32O2m1293ZptQ6zRmFjsJRCoXAdl3wuTxD4KMvCHweNLUuRpClJko5DltnvZSbtzqMwHOdts1Ckbdm4rnNP0BSysLnveYyGI+5srDM/P4dtO9PQJzz690aTEKzveURxTK/Xo9U6HIeoHebn5ki1xnXdu2HadptOu41l26wsr7B4apF6vTYdU2tNGIaE4Yjt7W3anc60lftuaPgBiUxFFkC+O7m7j48DxbZl4zjOtFncaJ21iVuT57Pxe/0+d9bXcRyHuUadxcVFyqXSdO2CIMD3A/T02BzGUwSy8Gs8baNO7plmoVC4J9T8oDVVygJjGIUj9vcPsB17etTtTockSbDvG2MSvp4cy+R6UEpNQ9euc/zcPuykZks3CbR3ez0G4wZnrTXD4TALSPs+vu9l9+DxJu7xa7qdLp1Oh+WlJRqNWQDiOGFza4tCoXBvAHrMcRx8z6PX7bGxucnCwjylcWv5sdM5ZYxhMBiwubWF1vJUQPkAACAASURBVJrZ2VnqtRrtdpvtnR26ne405K6UIo5j9ppN2u0OhWKBhYUFVpaXp0FxrTX+uFW9Vq1RLBbvriXZeVGA1tk9ZtsOk3vMsixcx8HDG2/DdF1yuQDP8+h0uvT7fdI0pdfrMhwMCMYfbri/aVkdu1cfdE9bysJ1nemxTc7A5J4ORyEbG5ssLS2Rz+Xuzmk8LaUUnufhed64QTzO3meUwvcDisXswwxP2n4vhBBCCCHEzxKVr5L/jf+Z3v/1P73oqQghhBBCCCGOkQC0EEIIIYQQQgghvrJs22ZtbY3f/u3fpt1us76+DsBnn33Gv/xX/4pqtUqtXqeQzz86zPkIk6DmRx9/wj/75/+MTy5fxhjD2toZvvGNn+c7f+mXKBa/GNI8iTiO6Xa7pGmK53kUiwV83//C63JBjnK5zO7eLmEYMhqN0Gk6DR+HUUi73SaMsrBtp9vl4OBgHOr0yeWCaWDWGMNwOOTW7dscHh5mAd9xK2zg+9RqNV595WWCIJju3/d9Ti3M0+v3abfbNJv7eJ5HEARY1qM/HJY127qcXl0hjiM+uXyZDzsdrl27TrlcYWamzuzsDPNzc1QqFVzX5ejoiNZRiyRJKOYCKpUKvu99YdxSuUylXEEpiziKGI1G03bbx1Hq3iL6LFxq0+v32d7NWrs8z0UbQ7/fp7l/QBTFFItFZmdncByb0Sik1WqxtLhIuVzGde4NpwZBwMLC/D3jTxlDt9Phw48+wnXdcZv33eDu+fPnOb26Sr5QwHlAgH8SfE3SlL29Jj96//1xA3I2Rq/Xo9frZuHc+z6YojD0uj1u3LiJ53nTee0fHrCzvQ3KolKpkMvlHtL+zLQx2/d9qtUKg+GAOIoZDoeEYUS318PzfUqlEr7nEkUxWutpANcYw9HREUdHR+g0ZXZ2hnNnz5EmKXvNJrdu3+bUqVPMaX03XDsO8RcKBU4tLNDc32dvr0lzfx/LsrK5PuDca63p9nrcWV9nbtxYPD83x81bt7h56xbtTptut4vnedMAdLfbJY5jZmZmpi3ZkDXBR1GEMQbf82k0GnebmY+d58FwyGA4pNfr3w3SG4Pve1SqVdbOnGF+bn7aSG6MoVgokssFNPcP6A/6RFFEu91mNBpRLpcZDIfZfT8Oz0/2B9l7yZ31O7Q77ey58T3tug7VSoXXXn113ESdXQGe59OYmaHb69Hr99nb3SMXBMzMzIxvjnFj+LEouTEGnaYYbabfy+dChRBCCCGEyLjn3yX3y7/D8E//0YueihBCCCGEEGJMAtBCCCGEECcgrdBCCCHEi1OpVLh04QK//J3vAPDBBz/h6OiITz+9wr/+1/+GVqvFm2++Sb1ep1go3NOY+jBaa9I0pd3psL29zU9+8gHvv/8+H3zwIfl8nkuXLvLNb36Td95+65naT7UxxEmStTlbNrbtPHAsy7KwxyFWbQxJmh77vYfi4PCQy1c+xXVctNGMRiGD4ZB6PWslrtfr94w32dZSCjP+fYzBYFkWlnX/2hg8z2WuMUepNOLg4ID9g320Tjl16hRxnPDApuVjbNumXq+zlqYoZdHpdMZB2RG7u7u0Wi0ODw+Zn5/n9OoqSZwQxwkGg21ZOI79wHVxLGvaeqx11syrjjXYPryZ+u7jk2th0v4cRRGdTmfc4KsJoxCdahzX4eWXLnH69CqVSiULHycxSZKgFDi284V1yNbzAdfGpGH3C6+7b15KPXJlJ88ZrcfzmBxLFtRNU31fQDV73hgYhSOa+/vjRuOUJNWAIZfPszC/wOLiqXGL+IOvbYNBG4PnOhSLRQqFIspSHLZaDPoD2p0O+VwO3/MwRk+vc0x2/SVJQrPZ5Kh9RLFUpFAokM/nqNdrtDttNre2ptdJLne3Xd2YrCl5ZXkJ13U5PDxka2uLOIqZm2uQTj8YkNFaMxgM6HazVmV3cYlaLWttzuVyeJ7H0VGbZrNJtVqdtjwnaYI2Btu+e+1prWk297l1+zbp+B60lKJcLlOvZ0H+SZN4dqD3nlutx/fY+LwefxsyRlMo5CkWixwcHjIcDjk4OOCo3SZJ06z9/DBrHf/iybj7XmBNAtXZL9gq29+9Lzd4rkuj0aBSqXDUabN/sI/B4DgOcRRjKeuBYXLzhe/kz0BCiP/0nvZDbUIIIcSXLfjO3ybZvEx87fsveipCCCGEEEIIJAAthBBCCCGEEEKIr7hcEJALAn75O3+JfD5Hu33E7du3OTw84N/9+3/PXrOJ1oazZ9dYmJ8nCAIc51jQeBKiGTe0pun/z959B0l63veB/3UOk2d3NgMLgCQImiAiwQQmkLAkUrYkiqRIWbJpUrTOsoLPCleqO5XLdl3Z5dLVnc+5bIWyJfksy5ZsWTQtUZYpmRKtREIkGCAQJAgsNu/szE7u6XB/TMAudif1vN1v9/TnUzUl7fTzPu+ve2bAfp/n27+3ESsrKzE/Px9nXnghvvSlL8fHP/7xeP7MmajX63HvvffGmx99NN7x2Nvj8OHDN3b1bdtGMPXWYcJWtG54bKNj80ab1rm5uaitLEcmk90Mzk5MjMfxo0fj1MmTMTkxsTlTJrMWyhyqVuPw4cORyazHGFut9S7Uwzd0/W211sK9E5MTMRmZKJdL8eyzX4/5hYUoFIqxvLy8Q/x5LahUqVTi+PHjMTk5GZcuXYqLFy/GlemrMTM7G1euXIkLFy/G7Oy1ODx5KBrrXX83Ak4b9d30urRam91oM+vB07Ww51qo+8V/v+SY6+raPPi6x+v1eiwtLcXS8vJaGDoTceL48bjnnnti6vDhqFarsbKysha4Xn8B1+pr3XSujaDsSztAtyIin8/H2NhYDA0NRaGQj+vTysPDw5HP5bYOeV3XAbhQLMbIyEjkctlYj95GY73rcea6sdcf2mw2orZai1qtFktLS7GwsBhjY6Nx8sTJuPOOO+LYsaORf0lH61u9/vlcPqrVaoyNjkRtdTUuXrwY8/MLsbyyHEePHIlMJhPz8/PrXYvXXqNWqxW11dW4dPlyzM7ORrVajYiI5eXl9XNmY2lpKa5du7bZmfn6c5ZLpTh65EgUC8XI53Lx/AsvxNLS2rG12upmV+WItdDytWvX4tq1a+th/bWH1jpSt9YD0DNx8dKlOH36dFTWO59n1nsfb3Ru3jj31Zmr8fRXvhIrKytRq61Gvb4aJ44fjzvvuCNGRkbWP2CxFvovFAoxOTkZ5fXu5c1WKwr5QgwNVaNUKt0wb6vVikqlEiMjI1EsFmNpaSkuXLgQs7Ozkc1mY3JiIpaXl2N+fv6WvwiZTGbtb/rQ4c0aWhGRy2ZjaGho8296/ScQ+fxaZ+hiqRjjC+Px5JNfiIWFxRgeHo6lpaXtw4VyhwAAsKXqu38srv3Uh6O1OJt2KQAAMPAEoAGAgaazMwD0jyNHjsTrHnkkRkdH44knnojPPvEncebMmfj85z8f586dixMnTsRtp07FHXfeEYcPH46R4eH1bsFrodF6ox61lZWYnr4aZ86ciae/8pWYvnIlrs3NRbPZiAcfeCDuu//+uPfVfybuuuuumJycvCEo3I58LhfVSiWymUzUVmuxvLIcq6urN81bq9VicXEpms21wGm5XI6VlZWIWOtAOzV1OO48fUeUy+UoFouRz+ejWq3E0NBQDA8PRzabXQ9ZrgU7S8ViHD16JO6555U3nCebzUYuvzZ/vV5fD+SuvxdqtWJ8YjxGRobj0qVLcfnKlXj6mWdiYX4+8oX8LbvFRsRmoPzKlSvRarViZGQkpqam4tChQ5vdli9fuRJfeeaZmJ+fj2vrgdexsbHIZXNRq63G4sJCjAwP3zBvq9WKpeXlWFxajFazGblcLorF4mZX3rX/m43cS0LEG6HpVmutg3Gz1YporXWPrtdXY3JiIo4fPxanTp2KpcWlOHf+XDz3/POxvLISi4uLsbq6uvazy+ejXCrHULUa9UYjlpbWfj7XW15e65jdaDQjn8+vdQhel4mIarUad911Z0yMj0e+ULghAF0ul6NUKm0ZRN0IxWez2Tg0ORmvuffVN4Rcn3vuuVhcWFzraNxs3nT85ORkPHj//ZHL5eLa3Fx88UtfjtVaLeauXYtabWXX74Gz2WwUi8WYmJiImZmZeP7MC7GyvByFYiHK5XLkstmYm5u/IYNdq9ViYX4+FhYW49rcfCwuLceTX/hCfPWrX4uVlZWYm5uLiIirV2fi0qVLMTY+vvm8Nl+9TCYOTx2ObD4X5y9ciOnp6c3fp9HRjSByJhqNRly8eDEur3e7fv7MmZi9di3y+VwsLCyudyJfieGZ4VhcWIxisRjFYjGq1WrMz8/H3Px8rNbWfua5XC6OHT0WDz/0YCwvr8SVK9Px1a99LSIimq21DtobofdSqRyTkxPxspfdFcNDQy9WnlnraF4qldae03r4udWKKBSLMTQ8HOPj47GwsBBPP/NMLC8txaFDh2JsbCwuX7kSjWbzpg9DrNWWjampw/GqV91zw89nI3hfrVZvPC5a0Ww1Y3h4OMbGxuLMCy/E5UuX46mnnor5+YUXw/rbhp0loQEA4KWyY0ej+u4fi4V//xNplwIAAANPABoAAADoC9VqNU6ePBljY2MxMTEZU1NH4umnn45z58/H3LVrMT09HYuLi3FlejqGh4ejVCqudxle6wTdbDaiUa/HwuJa59np6enI5bJx4sTxOHHiRLzqnlfFA/ffH8ePH4uxsbFEbr9eLBZjfHw8SqVSzC8sxIULF6JULMbU1FRks9loNpvr4eHpuDozE6VSMUZGhqNYLEYmk1kL70YrRoaH49SpUzE0VI1yqRy5fC4K+ULk8td1HL6uk202m41SsRTDw8ObQdHr3epDYGvdcktRqZTjyJEjsbi4GNPT01FvNGK0MBo3tRm+7ryrq6tx9ty5WF5ajsnJyTh69EhMTExENpONYrEUjUYjctlcrK6uRr1ej+HhoRgbG41yuRzLy0vxwgsvRKFQiEKhEPl8fvN1WQu+Xo1iqRjVSjXK5fLaXOvPe2l5Kebm5zd/Xo1GI+YXFmJhcXEzKJ1b7wTeajaj2WxGsViIsdGxOHb0WDQa9SiXS3Ftbm6tI/iZM1EqFqNaqUQun4/qUDWOHj0SS0vLcXVmJmavzUY2m4lCoRD1ej0uX74SX/3aVyOTycTIyEiMjo7e8NrkctmoVioxPDx8Q5fj638OW9kIcGcymSiVSjE5ORmFQmHzmKtXr0Y+n98ct35UtKIVmYgol8oxdeRIVMrlmFhcjMWFxTh77lzMXrsWFy9eimp1KKamDm8b8s+s15jL5mJkeCSWl5bXOy2vxmhuNKqV6trvabMZrVYzNnpvLy4txeUrVzY7Pk9OTkYhn49MJjY7I2cymVhYXIiLly7F7bffvhZkz2YjMi+Gv6vVamSy2Th8+HCcPXs2Ll66GM1mK8ZGRzfPW6/X4/KVK7GwsBATE+NRrVSjUMhHJjJRrVSiWCjE9NWrMb8wH1emp6NULm2+ngsLCzF9dTqmr07HzMyhqFQqUamudTKfm5uLlZWVtU7LGyHmjZ9LsxX5fCaKhUIMDw3F6MjITR8Q2Ph93OzkHmsfiKiUSjE+NhYLCwtx+fKVKJU2AtlDkcvlNjuKb/y9tVqx/jPNbHZwv9XfdDabjUajcd3vT6z/vq8dc/zYsVheWo4LFy9Eo9Fc/8DBFiH41ouT+KwoAADcrPiqx6Lxxu+M5U//f2mXAgAAA00AGgAAAOgb+Xw+xsbG4qEHH4jX3PvqmJ6+GucvXIjnn38+nn766Xjmq1+N559/LmZmZmN+fj6y6+HXiNZ6B+FSTEyMx8kTJ+PRN70pXv7yl8cdd5yOqcOH10PTpfXQdDKdT8vlchyZmoqhoWqcO38+nnnmq9FqtaJUKkWxWIxarRaXL1+O559/Pi5evBi333ZbHD68EUrNRLO53jm2UIjh4aEYGhpaC0dH5tbNWdfDsK1mM1ZqtVhcXLypQ3ImsxbgfTEAnYlWxGZ4slgsxh2nT8fq6mpcvHR5/ftbpyA3gtpnz56L8+fPR6VSide85t6151goxsryciwsLEa9Xo9MNhP5fC4qlUqUy+UYHh6KmZmZ+OKXvxy5fD5KpVJUq9Wo1WoxOzsbzzzz1bh0+XKMjozE2NhoVCuVWF1djUKhENlsJq5evRpnz52LsdHRaLVam2HYqzMz0Wqt/b5shIZfjAivB0ozEcPDw5HP59dC9HNz8eQXvhiFQiEmJyZieGQkRkdG4s477ogvfulLceHixTh79mxEsxmjo6Mxtx6YfvLJL0R1qBonT5yI07ff/uJJ1l/ThYXFqJQr0Wo2b3gVs9m17tXXh5pv/nG2Nr+a652BN8LrG9+L9Q7XW0wQ2Ww2RkZG4pV33x2rq6vx3PPPxzNf+1pEJmJ8fOym348bf7gbT6cV1epaOHjj9ya/HhBvNhrRaDQ264uImJubi7Nnz0ZttRaHDh2KB+67L8rl0vrfYyZmZmbi3PlzcebMC3Hx4qVYXFyKarUS2Ux27Xe7FdFsNCKbycTw0FDceccdsbpai8tXLm/+TW8EfpeWluLK9NVoNJpxx+nTcfTokRgbG4uIiHq9ESsry/HEn3wu5ubm4vz58zE8PBQnTpyIE8ePx/z8fDz73NfjzAsvRKlUihMnTkSlXI5ioRCrq6uxvLwU9Xo9mq0Xf3aZ9Vek0WhErbYay0vLUXzJ71gmMpHL56IVL4bII2L9AwHFGBsdjUuXLkWtthLDQ0NRqVSjXF7rBt6oN9Y6jW/+SF/8HajVarGwsBD5fH7bv+nM+s9+o5v05t90be2DCpsh6+sawG/xC7TTAIDUJPVeDQDaVXn8B6J+5gtRf/5zaZcCAAADSwAaAAAA6CuZTCby+Xzkcrk4dGgyypVyHD40GadPn45HZmZifn4+FpeWYnl5eb1TakS0IrK57Fpos1qNkZGRmJyYiPHx8RgdHY1KpRL5fP66wHQycrm1sO+dd94ZuVwuLl66FC+8cDbm5xeiUChEo1GPubm5WF5eiWNHj8Wdd9wRR48ciUwmE9nsWvfi3Ppz3ej6ul3gJ18oRCGfj5VaLc6eOxsrK8s3jG+11jrw3n77bTEyPBzZXC7y+Xzk87n14PdazePj43H0yNE4evRozM1di1wut2UwPJvNRrlUijvvvCNyuVxcuHghnn326zE7Oxv5fD6WlpZjdnY2yuVyHD58KEZHRze7AL/szruikC/EC2dfiHPnzsfc/HxUyuVYXa3H4tJiLK8sx5Gpqbjrrjvj6NGjkc3lopDJxKHJybjnnntiZmYmzp49F6u11SgUC9FsNuPy5SsREXH3K14RR48ejXw+H41GI7KZ7FqH6Vz+hhBtsViM22+7Ler1eiwuLsXVqzPx9eeej7vuujOq1WqcOnUq5ubn49z58/Hcc8/FpUuXolqpxNLycszPL0SpXI5TJ0/FXXfeEZVKJZaWliKby0Yun4v5hYX406efjufPPB+5XG7zZ9BqNWN8fDwOHzoUx44di3K5fMvXtVBYC3Dn8rmIl/zss5ls5AuFiFZrc+7Mesfr/HW/Mxu/hyMjI3Hs2LG46847Y35+Pi5fuRLTV6/G5MREVCqVm8+fyUQ+X4hsbu21KpXLUa1W10PqlfVuy5VYXl7ZDOAW1l/rubm5mJ6ejrGxsTh29GhMTU1FsbgR9M5Eubz2AYDZ2WuxvLIS19Y7a2fXa89ms+vdoNfmPXJkKq7NXYuLly7F8vJyZHPZyGYysbS09vNqNhoxOjoSp0/fHuPj45vPZ6M7+fHjx6IVrbh05UpMTU3F8ePHY3x8PE6dPBnXrs3G6mo9nnnmmbh46VIU8oWIaMW1ublYXFyKsdHROH7seJw4fnzzAxLFYjFWVlbi8pXL8bknn4xisXDDa9dqRZw8cSKOHj0SmfXfu0KhEJn15zc6Orr+YYZSjI+PxfjY2Hr380LkCy/+Pa797PKRzxciMhEXLlyMz3z2ifVm02v/Ydv4m77t1Fp3/LXfl3zkC/nIrf/NboTgjxyZilMnT8bVmZnIrnfczmRf0rk61v5bWcjnI5dL/r+JAL1EiBqA/aq++0fj2r/8cESzsfNgAAAgcQLQAEDfudUt2wGAwZPJZKJcLke5XI5Dk2sB6I2uuI1GI+r1Rlyfa9kIAm50T+1G6CWbzUa2WIzjx45Fq9mMK9NX48r0dFy8dCny+Xy0Wq1YWVmJyYmJODJ1JI4ePRoTExOb9WWzmcjlspHNZHfViDWfy0Uul4tGoxFXrlyJ6enpze6xEWvvoYaGhmJkZDhKxWKUy+XIrR+Tzb4YsK5WqzE2NhaTExNRr69u+3plMpkoFotx4vjxWFleifMXLsTFSxfj0uVLkcvlo16vx+pqLW4/dSoOHzoUQ0NDm91qjx8/HrXV1bgyPR1XZ67GhYsXolgsRaPRiNXVWoyNjcXExEScvv32GBkZWQv45nIxMjoat992WywsLMSlS+dibm5us756vR6HDk3GbadOxsT4eGSz2Wg2m+vH5tfCs9eFuXO5XExNTcXC4mJ87dmvx8LiYly8dClOnTwRw0NDUTp0KKampuLa3Fw8//zz0Ww2o5Bf6xCcy+dieHgkjhw5EidPnoxisRhLS0vrP7tcrK6uxpkXXrjh9Vr7HW3EyRMnIpPJxKFDh7YMQOdyucjnc5HL5m5q+J3Jrr0WmVYrcrnsdb8z2cjmcpFbDy5vfK9ULsXExEScOH48/vQrT8fc3FzMz82tdyC+OQCdyWQjn8ut/e7FWhfycqkUxWIhSsVijAwPR7FYjNXV+osfSlgPQC8tLcX8wkLcPjkZhw8fjtHRkfWu5msK+Xzkc2sfRlhaXo7FxcWoVqvrwe2bfz4bvwdjY2PRbLXWOkVnMlFbqcX8/Px6h+pqTE1NxdDQ0A3najabMTkxETMzM3Hp8pVYWFxc/zuoxqFDh+LE8RPx7NefjXPnL8bFS5c3X8darRbFYjEOHzoUhyYn4/ChQ5udngv5QiwuLsbCwkLMzc1t/m1d/zPe+CBBJpPZ/LvcCHlvdEAvFAoxNDQc1aHqZmh94yuzGYDORT6Xi0xkYvrq1fXu5q3N8238TVcrlSiVylEsFq/7m37x96JSqcTY2FgcmZqKWq0WtdXVbT/UkMuv/a0IBwIAwNZyR14W1Xf9aCx+7O+nXQoAAAykTEt6CABIQBJvKfYyx3Zjt3psL9/fzfe2+ne1Wt2yNgAAAAAiFhcXI+LmTsy3+vDFbsbs9fs7fchjLx8C2e8HRnzgBKC/Lfzq343an3ws7TIAAGDguIchAEBCbFYBAAAAJMt6CwC9rvruH4ncodNplwEAAANHABoAAAAAAAAAoA2ZfCmq7/6RtMsAAICBIwANAAAAAAAAANCm/B0PR+XtfyXtMgAAYKAIQAMAAAAAAAAA7EP5LX85Ci97fdplAADAwBCABgAAAAAAAADYp+q7fiQyxWraZQAAwEAQgAYAAAAAAOBAymQyaZcAwADJTpyM6rt+OO0yAABgIAhAAwAAAAAA0HXCyQAcRMX73hWlB78l7TIAAODAE4AGAHqGTS8AAAAA2pHWupL1LABupfrNPxa5w6fTLgMAAA40AWgAAAAAAAAAgKRkslF914+mXQUAABxoAtAAAAAAAAAAAAnK3/FQlN/64bTLAACAA0sAGgAAAAAAAAAgYZW3fTTypx9KuwwAADiQBKABAAAAAAAAADqg+k1/IyKTSbsMAAA4cASgAQAAAAAAAAA6IHfkrrUQNAAAkCgBaADgwMkk0EkhiTkAAAAAAABKr31vFF/1WNplAADAgSIADQDQJiFpAAAAgIPHmg8AnVB51w9HpjqedhkAAHBgCEADAImwMQQAAAAAAHBr2aHJqH7T30i7DAAAODAEoAGAgbHfkPZujhcEBwAAAGiPdRUADrriqx+P0kPfmnYZAABwIAhAAwAAAAAA0BeEpAHod9V3/2hkJ0+lXQYAAPQ9AWgAYODZOAMAAADoLnfaAmBgZbJR/cb/Ne0qAACg7wlAAwCJsSkFAAAAAACwvcLL3xjlN35n2mUAAEBfE4AGAAAAAADgwNnqw/o+xA9AL6g8/gORO3Z32mUAAEDfEoAGAPqSjSoAAAAAIqwTAdC/qt/w19MuAQAA+pYANADAPthgAwAAAAAA2pE//UCU3/LhtMsAAIC+JAANAAAAAAAAKfDhegAqb/9o5E/dm3YZAADQdwSgAYCe0kubPr1UCwAAAMBB1o/rMP1YMwC9qfINfz3tEgAAoO8IQAMA7MFuNrZarVYXKgEAAADoT9ZOAOBG+ZN/JiqPfW/aZQAAQF8RgAYASJhNPAAAAICttbt2ouMyAAdZ+c0fivzpB9MuAwAA+oYANAAwULqxUSYADQAAALC13aydDELYeRCeIwB7U/2GH0q7BAAA6BsC0ADAgbTXDaQkN5wEoAEAAAC21strJ0LJAKQpd+zuqLzj+9IuAwAA+oIANABAwprNZtolAAAAAPSsNNdOBJwB6HXlR7878nc8lHYZAADQ8wSgAQD26aUbZwLQAAAAAFtLcu1kq0CzoDMA/az6Z38w7RIAAKDnCUADAGyjnc2yVqvV07dyBQAAAEhLs9m0bgIAO8gduzsq7/i+tMsAAICeJgANANABjUYj7RIAAAAAes6tuj/3Y7fmfqwZgP5SfvS7I3/6wbTLAACAniUADQCwR7vZ4BKABgAAALhZu2smAscADKLqn/3BtEsAAICeJQANAPSc3W5o9fLGV7PZvGVHIwAAAIBBtdv1kl5e8wGAbsodf2VUHvvetMsAAICeJAANAAycrTbR9rO5dqtjdYEGAAAAeJG1EgDYu/KbPxT52+5LuwwAAOg5AtAAwIGVdrcgm3oAAAAAL7rVWknSH0gHgIOo8vgPpF0CAAD0HAFoAIAdtLuZ1mq1YnV1NeFqAAAAAPrP6upqtFqtrpyr3bt/CVQD0Kvyp14d5bd88GkJrgAAIABJREFUOO0yAACgpwhAAwC0YbcbYvV6vWubewAAAAC9qNVqRb1e39XYW625CCYDQETl7R+N3PFXpl0GAAD0DAFoAICEbLUZpws0AAAAMMi62f0ZAA6y6uPfn3YJAADQMwSgAYC+1m4HoHZvhdqOer0ejUYj8XkBAAAAel2j0Yh6vX6gOjv3a90A9L/8HQ9H+Q0fTLsMAADoCQLQAECibADdmi7QAAAAwCDq1JpIv69B9Xv9AKSn8vj3R+7Q7WmXAQAAqROABgAOtKQ2k/bTpSiTyUSz2YxarZZILQAAAAD9oFarRbPZ3PX4JNZxBIsBOPAy2ag8/v1pVwEAAKkTgAYAelK/blZtV3e9Xo96vd7FagAAAADScf06yH4/WN4N/boWBcBgKtz95ig9+OfTLgMAAFIlAA0A8BKd3PCq1WrRaDQ6Nj8AAABA2hqNRs/dCUvAGYCDpvLO74/s0GTaZQAAQGoEoAGAxPXLhlKnbqu60/dWVlaEoAEAAIADqdFoxMrKyua/O7FOtNWc3ViT6pd1LwAOvkxlJCqP/7W0ywAAgNQIQAMAfa8fb4UqBA0AAAAcNC8NP29ltx8oP6gG6bkC0FnF+94VhXvennYZAACQCgFoAODA65VNpZfWsbKyEvV6PaVqAAAAAJJTr9d3FX7ei15Z0wGAXlZ9/Psisrm0ywAAgK4TgAYAuIW9bLDtp2tRrVaLWq2263MBAAAA9Jqt1jd6JcDcK3UAQCdkJ05F5Z1/Le0yAACg6wSgAYCO6JeNpb3W2YnnVa/XY2lpKRqNRuJzAwAAAHRKo9GIpaWlPd3haj8fJN9u7H7WbPplHQsAtlJ+wwcjf/v9aZcBAABdJQANAPSsg7j5tNVzajabsby8HLVaLVqtVperAgAAANi9VqsVtVotlpeXo9ls3nLMftd1DuK6EAB0ki7QAAAMGgFoAOBA2GlTrJ1Ns/12H2rn+NXV1VhaWorV1dVdHwsAAADQLS9du+jm+kna+qlWAAZP/tS9UX7Td6VdBgAAdI0ANADAHnWqg9HG9ze6KC0uLkatVtuykxIAAABANzSbzRvWKna6e1WngsKd/oA7APS7yjv+amQnT6VdBgAAdIUANADQMf2ywZRUnUl3MWq1WptdlTY6KwlDAwAAAN3QbDZvWpd4afB5v92fkxjbzvikjgWAnpPJRuUd35d2FQAA0BX5tAsAANhOJpPZsatQP55/q3m3+n6j0YhGo7E5JpfLRTab3fzKZDI27AAAAIA9a7Va0Wq1otlsbn41Go0b1if28qHvTgadAYCdFV/19li99xui9uRvpF0KAAB0VKaVZqIIADjwknirsds5djNuqzHbHbuXYzo1drvv7/TYbh7f67hOHQ8AAACDZL8B4N0ev9O47R7fa9B5v2HpdoLV+wljdzuwLfQNQDc0Zy/E7D/9YES9lnYpAADQMdm0CwAASEov3O40iU2zJDf69lpXEhuvulEDAADA1pK6du6X8HO7dXVjHt2qATiosmNHo/qOv5p2GQAA0FEC0ABAR9kcWrPX1yHtEHRSHY1e+gUAAACDpBPXxrudZzfjOtVVud3xSZ0TAIgovf4Dkb/tvrTLAACAjhGABgAGSjsbZr3W7Wi/IehuB6FvNedWXwAAANBPunWdu9c5dxuQ3s/x+zmmG2sA1hkAIKKiCzQAAAeYADQA0PO6tYHW6Y2xTgap93pcO0Hobm1OtvsFAAAA7ejla9G9nmcv3aGTfCytzs29vA4EAL0gf/v9UXrd+9MuAwAAOiLTarVaaRcBABxsSbzd2MscO43d7vF2Hkvr+zs9tpvH9zpuv8cAAAAAO9trODepztBJhp+3eizJEPV+gtdpdKwWugYgDa3aUlz7px+M5tzltEsBAIBE6QANAAycbt3itRubY/vZuHzpuHY2V3VgBgAAgP1r9xp7r3d4avfxJNdLkmItAgB2J1OsROWx/yXtMgAAIHEC0ABAxyWxIZVGV55OzZtkR6OdHtvN4y8d2+7zFIgGAACAnb30+rndcHGSayVJr0l0+vv7lca6hbUSANJUvP/dUXj5G9MuAwAAEiUADQAMpLS7QPdyCHpj/H435m61oWuzDwAAgEHRieviTnSI7tRaxH7HtztX0msP1jIAOCgqj31v2iUAAECiBKABgAOpnzsEdTIE3W4QOulNyp2+AAAAoJd189q23Tl3M74TaxBJ1Wl9AACSlTt2d5Qf/YtplwEAAInJtFqtVtpFAAAHX1JvOfYyz27Gbjdmq8eSPKadufbzWDvjkj62W/qhRgAAALqrn0K17da62+M6caepJO94lfTds/YyZj/jOzUHACSi1YzZf/KBaF49m3YlAACwbwLQAEDXJPG2oxcC0Ns91q1wdBKP73Vcp+cAAACAQbbfkGwSwef9Pn6rx5IMP+/nsb2MaWdsJ+cAgCTVnvxELPzK30q7DAAA2Lds2gUAAHRKtzYOO3VMJzckXzpuv7fn7dRtfgEAAOAgeul19H66Pe/l+G6Hn/dzrk6fHwAGVfHePxuFu9+cdhkAALBvAtAAQF9JejOrE7eT7cbtXvfy+F47GyXV3WirLwAAABgEnbw2Tvp6fzfzdWJdI6ljOjG3NQwADrLKY9+bdgkAALBvAtAAQNf048ZR0p2F2j2mk5uU283ZiZ/ZdhvAQtIAAAD0gzSubdudO4k1g259ELzdGnpVP9YMwGDIHXlZlB/9S2mXAQAA+5JptVqttIsAAAZHEm899jrHbsZvN6abj+1U634f3+2YTh4PAAAA7M5+ArT7DTbv5/F2w8+deGwvY/YzvlNzAEDHNBsx+08+EM2Zc2lXAgAAbdEBGgDoO93ePOrmxlwSG4+7HdPu66hbMwAAAHTOfq65d3tsEneT6pXwcydY7wBgIGRzUXn7X0m7CgAAaJsANABw4HWiC1ASx263UZhEV6Mkx+1mDoFoAAAA2L2XXk8n8WHlJMe183gaIeZOr/sAwEFWfM03RuHlb0i7DAAAaIsANADQVf264ZR0yHk3j+/0WJIbfEkGmJPcwAUAAIB+16nr5L3OlVRAut27WrUz537nbUdS57MWAkC/qLxNF2gAAPqTADQA0Jc6sYmU1kZdp469fsxenlunQstbbfgKSQMAANCvun2t2868SXZ9bjf83KmAs7UEANi/3Il7ovT6D6RdBgAA7Fmm1Wq10i4CABgsSb392Os8uxm/05j9PN7JY3c7Zi/jkj4WAAAA2LtO3ZVqL+M6+eHtbnwwfC90gAZgELVWFmL2H39HtBZn0i4FAAB2TQdoAKDrenkDqFc37ZLc0NtPFyodmwEAAKDz2r323utxws/7Gw8AB0WmNBSVt3807TIAAGBPBKABgL7VqU2sTm527Xfjbz+3o91u/H66SQlFAwAAQHtudV3d6dDz9cfsZlw7jyXxeKeO7YZerw8AbqX08Hsif9tr0i4DAAB2TQAaAEhFWhtBSZy30xt8SXU46saG6U7zCEcDAAAwyLa7Rt5vAHg/1/77HdcLax87sQ4BAHtXfuv3pF0CAADsmgA0ANDXOrWZlfZGXlKdntvdUO1UaHmnjV9haQAAAHpdWte2+5k3yXWEXn+8XdYiACCicNcjUbzvXWmXAQAAu5JptVqttIsAAAZXEm9F2pljt8fsNK7Tjyc1RztjOzkHAAAAsL1ud0FO6o5UaT6+13H7PaaT8wBAWpozZ2P2H31HRNgLAACgt+kADQD0vV7e1OrW5uFeNgCTvM2ubs0AAACwf0lea+91jiS6Pu9mTLc6O6e5TgQAB0F2/ERU3vaRtMsAAIAd6QANAKSu37tA72ZMUl2ck6glqWN6YW4AAADoF50K2bY7bxKh5t2O60bAeq/j9ntMJ+cBgF4w+4/fH82rZ9MuAwAAtqQDNABwIHRyc6sbt5zdbWem3Y7Za82d7Oh8qy5WW30BAABAP0nrmnc/83Z7DaIb6yr7OZf1CAC4tcpbdYEGAKC36QANAPSEtLpA7+W4JLo4J9nBOelxnToeAAAA2J/9hnT3cnySYeMkxnT6A+y6PwPA1uZ+7oei/uwfp10GAADckg7QAMCBkfZGU7c2/q4ft5duTPvZCNSlGQAAALoriWvxvRy/13WG3Yzb75hOr0NY5wCA7ekCDQBALxOABgAOlE7e6rSbAee9blDuVpKbp4LRAAAAsH9JX2fvdY5OrEEk+QHwpM7Xa+cHgH6QP/1AFO//5rTLAACAWxKABgB6QtobRb0Ygt7ruL2+hkmHl7fasBWUBgAAYBB18zq5nfn6vTv0Xsft95huzAUAvajy1g+nXQIAANySADQAcOD0wu1Rk94U3OuG5H7C0N14/dr5AgAAgG5r9xq229fW7Ry7l/HdHmcdAAB6R3b8eJSFoAEA6EGZVqvVSrsIAIANSb41aWeuvRyzm7G7nS/p8+5nfKfmAAAAANqTRCC4naB00mOTDj/r/gwAXdJsxOw/el80r11MuxIAANikAzQA0FPS3oRKepMt6VvJ7nXs9eP389rqxgwAAADdkWQ36Xbm6NQahfAzAPSxbC7Kb/nLaVcBAAA3EIAGAHiJtELQ7Yxt9za3+92kS/M2vwAAANDvOnlN3e5c7QSlkxzb6fAzALA/pYe+NfInX512GQAAsEkAGgDoOb3QjacTm3id7vC8V50MLe8UkBaYBgAA4CBJ8zp4v3P3QofoboSfe2G9CQD6nS7QAAD0knzaBQAAdFomk4lWq9XR43Y7thNzXj8+Itp6rtcff71250ri3AAAAMCN0gzxdmq8zs8A0D8Kr3hTFF751lh96nfSLgUAAHSABgDYTic24Trd3blTt821yQgAAADdlfR1ebtzdbJDdCdqSPJYAOBGlbd9JO0SAAAgIgSgAYAe1YnbwXZD0reAbXf8fo/bab5O374XAAAABkU3rrW7ta7QC2OTPBYAuFnu6Cui9PB70i4DAAAEoAGAwdHuhlenuyLtde79bFh2ctNvuw1bIWkAAAAGUZrXyvs5R6c/uN3PawT9XDsAJKX8lg9FZHNplwEAwIDLtFqtVtpFAADcSifepuxnzr0e2+nx7R7TiTl6wUF5HgAAAHTXQQi0JvUc2g1L98r8SR7bzTkBoB8t/fZPx/Lv/EzaZQAAMMAEoAGAntbvIeh2jmm3viRfK28RAQAAoHclGcLtxTtm7eeYJI7t5pwA0Lca9Zj9R++N5tzltCsBAGBAZdMuAACg27q9edbOhmA3bk+7m7m6dVteAAAA4GadvD7v5vrDQQg/AwAvkctH+c0fSrsKAAAGmAA0ANDTOrVhlUYIuhubg9efq1OdjoSjAQAAIDndvNbez9ztrm1064Ph1x8PAHRH6bXfHrmjL0+7DAAABpQANABAG/azWdjOeZIIQ3d6A3C7DVshaQAAAAZR2tfKSZyrmyHmXl476OXaACBN5Uf/UtolAAAwoDKtVquVdhEAADvp1FuWJOZtd45uH9epeXrVQX9+AAAA7N0ghFiTeo77CUx387ik5+jmvABwUMz93A9G/dnPpF0GAAADJp92AQAAu5HJZDoSaE1i3nbn2Ng82+ux7R631TwbDlpg2OYkAAAAgyDp6980AszCzwDQ38qP/qWYF4AGAKDLsmkXAACQtiRuOZvGJl/St8pN41a8AAAAwO508rp9P/Pttw7hZwDof4W7HoniPW9PuwwAAAaMADQA0Dc6HchNOwS93yB0Jzf7BKMBAACg87a6Bu/0Nf9+jk/r3EnUkMa8AHBQlR/9i2mXAADAgBGABgD6Tq+HoNPc/OtmQHm7TVkhaQAAALhZL1xHJ3G+Xun6LPwMAL0jd+KeKD3w59IuAwCAAZJptVqttIsAAGhHJ9/GJDF3r8yR5DxpOgjPAQAAgP7T72HYJOvvlY7NvfzheAAYZM3pMzH7Tz6QdhkAAAwIAWgAoG91+m1ML4WPk36u3gICAADAwdSJAG8vhZY7HVAWgAaA/Vn6jX8Yy7//i2mXAQDAAMimXQAAQLs6fXvYpOZPYp6kb4eb5q12AQAAgGR08to+qTl7aX1lN+cAAPan/Oh3R+QKaZcBAMAAEIAGAPpev2x+Jb3h16mOToLRAAAA0Du2ulbv9LpAUnMloRtrE9Y/ACAZmaHJtRA0AAB0mAA0AHAg9EsIuhNzdasDUjc3XAEAAGCQpHnN3anu0b04FwDQHeU3fXdkKmNplwEAwAEnAA0AsEudCC4nKc1A8k4BaaFpAAAABkU/XCN36ty9HKTuhfMAwKDIFMpRftN3pV0GAAAHXKbVarXSLgIAICndeGvTiXN0su5Bfrs3yM8dAACAmw1y0LWTz70Tcws/A0D/m/2H3x7N2QtplwEAwAElAA0AHDj9GoLu5LzdPgcAAACQrm4Eezt1jm6GkgWgAaBzVv7wP8Tif/2/0y4DAIADKpt2AQAASevG7WM7ucHXjdrTvtUuAAAAkJxuX+t38hzCzwBwcJQeeW/kDt2edhkAABxQAtAAAG3q9GZfN8PJt9ootQkIAAAAvSXN6/dOn6/baxHWPQCgO8pv+q60SwAA4IASgAYADqxubgB2ev60AslbbawKSAMAAEDyeu06vJsdpbvJmgYAdE/xgT8XuaMvT7sMAAAOIAFoAOBA63YXpG6dp1c26nbamO21jVsAAADopINwndzNetJ43r3yOgPAICm/8S+kXQIAAAdQptVqtdIuAgCgG7r5tqfbb7G8pQMAAADaNSghZOFnAEjP3E9/NOpnv5R2GQAAHCA6QAMAdEC3Oxj1WrcoAAAAoHel1Xk6rbULayYAkL6SLtAAACRMABoAGBhpbbClcU6BaAAAAGBDL6wVDNp5AYAbFf/MOyJ/22vSLgMAgANEABoAGCiD2GXopZucNv4AAADgYOuldQBdnwGADeU3fGfaJQAAcIAIQAMAAyfNjkO9svHWSxuhAAAAQPt69YPPg9htGgDYXuGet0X+9vvTLgMAgANCABoAGEhpb8L12kbcrTZLe61GAAAAGHT9cO1uzQUA2E75jbpAAwCQDAFoAGCgpbkp1sublRu2Ckb3cs0AAADQz/rxWrwXauzl1wcAeFHh7rdE/vSDaZcBAMABkE+7AACAtGUymWi1WqnXEBGp17EXSW8s9tNzBwAAgA2DHLztlefeK3UAALtTfsMHY/7rn027DAAA+pwANABA9E4A+foNu7Rr6TablQAAAND7eun6vZdqAQB2r3D3myN/+sGoC0EDALAP2bQLAADoJWnfrvV6vVQLAAAAMLg21ih6ZZ2il2oBANpTfsMH0y4BAIA+JwANAHALvbSJdv0mYy/VBQAAABxcvboW0Wv1AADt2egCDQAA7RKABgDYQq9uqAlEAwAAAEnr9fWGXq0LAGhf+fUfSLsEAAD6mAA0AMA2+mFjrZc3JwEAAIDeZU0BAEhT4ZVvifxt96ddBgAAfUoAGgBgB/20CfjSbk39VDsAAADQOf28ZtBPtQIAe1N+w3ekXQIAAH0qn3YBAAD9IJPJRKvVSruMtmy1SdivzwcA6D2z1xbi7/zkz8ZKbXXLMe9868Pxnm9+axerAoDBcxCDwgfxOQEALyrc8/bIn3p11M98Ie1SAADoMwLQAAC7tLHhdlCCw7vdQDwozxcAvn7mfPzzn/2P2475P374QzE8VOlSRQdHrbYaS8srO44BANo3aEHgQXu+ADDISq/7QNTP/M20ywAAoM8IQAMA7NFBC0LvRFAagINidnY+Zq8tbDum2Wx2qRoAACHfW/GaAMDgKb76nbH86V+Ixrmn0i4FAIA+kk27AACAfmVD7kaZTGbbLwAAABg0rpX3xmsCAIOr/PrvSLsEAAD6jA7QAAD7MGjdoPfDJiYAqdvF/xYJI7VnV6+Z1xYA2IL3CABA8TXfFMu/9wvRuPjVtEsBAKBP6AANAJAAYSkAAACAvbGeAgBcr/S696ddAgAAfUQAGgAgQTbuAAAAALZn/QQAuJXSg98S2YmTaZcBAECfyKddAADAQbSxiddqtVKuBACg84aGynHvq+6K5ZXalmNOHZ/qYkUAQC8SegYAdlJ+3XfE4q//P2mXAQBAHxCABgDooOs39oShAYCDqlopx/d/z7enXQYA0IOEngGAvSi97n2x/Ls/F835y2mXAgBAj8umXQAAwKDYuL2r27wCAAAAB5X1DwBgv0qve1/aJQAA0AcEoAEAUmJDEAAAAOh31jcAgKSVXvf+yJSG0i4DAIAel0+7AAAA1rx0k7DVaqVUCQDQaefOX46nnnk+pq9ei6szc3F1Zi4y2UxMjo/E5PhoTEyMxqvuPh1Th8YTOd/Vmbl44smn49Llmbh4+WrMLyzF6MhQHJoci5ffcTIeeM3LI5fLRUREs9mKK1dnt5wrk8nE4cmxm74/PXMtGo3mlseNjw1HIX/jUtTySi3m5he3PKZaKcVQtfLi85idiz/67Jfj/MXpmL46G+VyKSrlUpw6MRWnjk/F7aeORblc3HI+AGD/hJwBgE7LFMpReuR9sfypf5V2KQAA9DABaACAHnX9hqIwNAD0v8Wl5fjU//xcfOr3PxeXLs/s6piTxw/Hm99wf7zpkXujWCzs+Zxf+/rZ+NgnPh1f+PLXthzzyU99JrLZbLzjLQ/Ft737rbGwuBR/8+/91Lbz/rP/60dv+t7f+cmfjZWV1S2P+Rvf94G4+2W33fC93//jL8a//eXf3PKYtz36YHzwPe+M8xen41//24/H1547t21d2Ww2PvIXvjkefuCV244DAPZG6BkA6Lby694Xy7/7ryPsjwAAsAUBaACAPqA7NAD0t6e+8lz8s5/9lW0DwrfywrnL8Yu/8t/iv3zi0/EDH31v3H7q6K6P/cQn/zB++dd+e1djm81m/OZv/1E88fmn4yPf9c17qrHT/sen/yT+zX/4xK7GNpvN+Kmf/8/x2c//aXzoO991U8dpAGB3BJ4BgLRlhiaj9Mj7YuUPfintUgAA6FHZtAsAAGDvMpnMLb8AgN7zy7/22/EP/vm/23P4+Xpz84vx9/7Bz8Vv/vYf7Wr8v/7F/7rr8PP1Lk/Pxv/7L3pnY/GPnvjyrsPP1/vjP3kqfuO3/qADFQHAwWJ9AQDoZeVH3pt2CQAA9DABaACAA8SGJQD0lt/6nT+OT3zyDxOb7z/850/GZ/7kqW3H/N4ffD4+/YdPtn2O/QS1k7awsNT2sb/+W3/QU88FAHqBdQMAoJ9kJ2+L4n3vSrsMAAB6lAA0AMABZmMTANLz7HPn4pd+9b8nPu9P/8LH4tKVmVs+NjM7H7/w7/feMfkgWq3X4zd/Z3cdswHgoLIuAAD0O12gAQDYigA0AMAA2erWtjZEASB5/+Jf/equxlXKpXj5XafirtMnolQq7Di+2WzGT//8r93ysf/08f8RzWZzV+cdGqrEnbcfj4mxkV2N7xVDQ5XIZne3pPU/99EJGwB6met7AGBQ5E68Kgp3vzntMgAA6EH5tAsAAKD33GqTtNVqpVAJAPSnZ559Ia7Ozm07ppDPx/d95NviVXffccP3f/cPPh8//+9+fdtjv/78+bg8PRuHJ8c2v9dsNuOPn3hqx9qOHzscP/A93x6TE6Ob31teqcXP/MLH4vNffGbH49OQzWbjL37HN8YjD94TuVwuInb3Os1eW+hGeQDQUYLMAMCgKz3y3lj900+lXQYAAD1GB2gAAHZlt92levULALrpk5/67I5j/taPf+Sm8HNExKOve0382A/+hR2P/53fe+KGf3/hy8/Gar2+7TH3vOJ0/MQPf+iG8HNERLlUjL/2kffE42977Y7n7bZsNhv/5//+V+INr331Zvg5Yu11+qZ3vn7bY1fr9ajVVjtdIgA9Lu3rUdezAAD7U7jrdZG/7b60ywAAoMcIQAMAMBBsIgPQTZ/53J9u+/ibX39fTI6Pbvn4XadPxD2vuH3bOf7gM1+84d9f/NNnd6zru97/DZHNbv2/gX/+m94cpVJhx3m66X3f8vaYGB+55WOPvfnhHY+/cvVa0iUB0MNc+wEAHEylR96bdgkAAPSYfNoFAABAWmyEAwyWTOz83/0kglKLS8vRbDa3HfON73z9jud51+NvjC8//dyWj89eW7hhjpmZuW3ne+A1r4ipQ+PbjikVC/H42x6Jj/3G7207rp3X6Fav7W5meesbH9jyfGOjQ5HNZrd9va/OzMWJY4f3UioAAADQY4qvfjyWf+dnonH562mXAgBAj9ABGgAAACBB01e3DyJHRBzeIYgcEbsK7S4sLL143pntOx3ffvLojvNFRJw6MbWrcd0wNFSJfD637ZhKpbTt4/V6I8mSAAAAgJSUXvvtaZcAAEAPEYAGAAAASNDVHYLIQ0OVXXU+Hhmu7jhm+rquz3Nzi9uOPXxobBdnjTg0sbtx3TA5PrrjmKw7OgAAAMBAKL322yNT7Z11CwAA0iUADQAAAJCg5ZXato+XioVdz1XI53d9rlxu+2Weldrqrs5ZW93dOAAAAICuymSj9PB70q4CAIAeIQANAAAAkKCx0eFtH9+pU/OGZrMZq/X6tmNGR4Y2///x8ZFtx56/OL2r8168dHVX4wAAAAC6rfRaAWgAANYIQAMAAAAkaGKHIPJqvR6NRnPHeWZm53ccMznx4rkmx0e3Hfu5Lzyz43wREV946tldjQMAAADotuzw4Sg99K1plwEAQA8QgAYAAABI0MTY9gHoiIgvP/31Hcd8cYcgcjabjUI+v/nvI1MT246/dPlq/OFnv7TtmLPnL8cfP/HlHWsDAAAASEvp4W9LuwQAAHqAADQAAABAgvL5XIyNDm075j99/H9s+3grIv7zr39q2zGnTkzd8O/XPnDPjrX9/C/9ejzztRdu+dj01Wvxz372P+44BwAAAECacsfujsLdj6ZdBgAAKROABgAAAEjY29704LaPP3fmQvz3T33mlo+1IuJXfu23Y/bawrZzvP3RG89x7MhkHJ4c2/aYlZXV+Ml//G/i3/6U6Fx8AAAgAElEQVTyb8bnv/hMnD1/OZ76ynPxXz7x6fiJv/sv49Llq9seDwAAANALSg+/J+0SAABIWX7nIQAAAACD4cf/zj9v+9ipQ2Pxt3/8oxER8eY33Be/+l+37+D8i7/y3+Kpp5+Lx97yUJw6cSSazWY8d+ZCfPy//c/4ylfPbHtsNpuN1z54c8fnx97ycPzSf/qtHWv95O9+Nj75u5/dcRwAAABALyq8/I2RO/7KaJx7Ku1SAABIiQA0AAAAwLpms9n2sYtLK5v//+jIUDx03yvjM5/bfhPuiSefjieefHrP53rsLQ9FsVC46fvveMtD8anf/1ycO395z3MCAAAA9JPSQ98Wix/7+2mXAQBASrJpFwAAAABwEH3og++KsdGhxOc9fuxwvPfPve2Wj2Uymfirf/nbEj8nAAAAQK8pPfQtkRmaTLsMAABSIgANAAAA0AGlUiF+6Hvfn+ichXw+fuh73xfZ7NZLOkenJuJHvv87o5Bv78Zfb3rda9otDwAAAKCrSg9/a9olAACQEgFoAAAAgA45eXwqfuJHPpRIJ+ijUxPxN/+3D8fE2MiOY19x16n42z/+PTF1eGJP53j/tzwW7/nmt7ZbIgAAAEBXlR4SgAYA/n/27jtKyvtOE/3T1YmcgwhCIBRRQBIoJ0uyLVu2ZM84rGc8Xs/OzM7uztyN95y75+69f+3esGd37t3ZmT076e54gid5bMlBtuWkHK2AkJCQhAQCJIKApgN0rHrr/oFU0KKBBrop6P58zsG8Ve/v/dVTdOkcV9fT32a8OrFRQAAAAAAMy+KF8/If/t0/zte/8eP8/IVXT2iP22++Kp+/57ajTn7+sFkzp+U//K+/kdc2bM4DDz6T197YPOS61tbm3HD1Zbn9llWZO3tG3tr07lH3PZ4MAAAAAKOpNHVuWlbelf61P6h3FAAATjEFaAAAAGBcmDChpW6P3dLcnF/78qfyubs/kid//lIefXJt9nZ0HfWauXNm5iM3XJHrVl+SyZMnnvBjX3T+Obno/HNSTdLRuS+797Rn//7eTJs6KTNnTsv0aVPScMj67Tv3HHW/RQvmDnn/5EkT09c3cFzZpo3AZOxpUyena1/3Ec/X8+sOAAAAjL7Wq+5RgAYAGIcaqtVqtd4hAAAAAMabnp6+7O3oStvezmzbsTstzU2ZN3dWZs6YmlkzpqW1tfmE9352zfqcNW92zl4077iuK4oi//v/9Sdp29t5xDV33Lo6X7jnthPOBgAAADDSuv7yn6f89gv1jgEAwClkAjQAAABAHUyc2JqJE1uz8Kw5ufTic0ds3337e/I/vn5/kmTBWXPysVtX55qrVqSpqfGY1377B48dtfycJBece/aI5AQAAAAYKa1X3qMADQAwzpgADQAAADCG/Pihn+fe+x8ZdF9zU1Ouu/qSLFuyIPPnzsq8uTMzdcqkJEl3T2/e3rIj3/j2z7LjvbZj7v87//5/ypTJE0clOwAAAMCJ6vj9z6Vo31HvGAAAnCImQAMAAACMIQ89dvi0o4FyOY89tTaPPbW2dl+pVEqSFEUx7L2vuvwC5WcAAADgtNR65T3peeiP6x0DAIBTpFTvAAAAAACMjLe3bM/ejq5hrS2K4rjKz5MnT8xXv3TXiUYDAAAAGFWtV95d7wgAAJxCCtAAAAAAY8Sjh0x4Hmm//Wu/mNbW5lHbHwAAAOBkNEyeldYrPlXvGAAAnCIK0AAAAABjxIXnLcnUKZNGfN9f+cKdOXfpwhHfFwAAAGAktVxhCjQAwHjRUK1Wq/UOAQAAAMDIqCZ5Zf3GPPDgM3lz4zsntdfihXPzG79yd86aP3tkwgEAAACMsq4//62Ut4zeb8kCAOD0oAANAAAAMEbt2tOehx9fk01btmVPW0c6Ovcf85qZ06fm4guX5vabV2XxwrmnICUAAADAyOlf+4Ps/+7/We8YAACMMgVoAAAAgHGks2t/du1pz+49Henp7cvECa2ZNGlCJk+ckEUL5qa1tbneEQEAAABOSvv/++lU9++tdwwAAEaRAjQAAAAAAAAAAGNGz4N/mN4n/rLeMQAAGEWlegcAAAAAAAAAAICR0nrFp+sdAQCAUaYADQAAAAAAAADAmFGatTjNF95S7xgAAIwiBWgAAAAAAAAAAMaU1is+Ve8IAACMIgVoAAAAAAAAAADGlOYLbkrj7CX1jgEAwChRgAYAAAAAAAAAYMxpWWkKNADAWKUADQAAAAAAAADAmNN6hQI0AMBYpQANAAAAAAAAAMCY0zB5Zlouu7PeMQAAGAUK0AAAAAAAAAAAjEmtK++qdwQAAEaBAjQAAAAAAAAAAGNS07LVaZx/Xr1jAAAwwhSgAQAAAAAAAAAYs1ou/2S9IwAAMMIUoAEAAAAAAAAAGLNaV95V7wgAAIwwBWgAAAAAAAAAAMashonT0nL5J+odAwCAEaQADQAAAAAAAADAmNZ6+SfrHQEAgBGkAA0AAAAAAAAAwJjWtGx1GuedW+8YAACMEAVoAAAAAAAAAADGvBZToAEAxgwFaAAAAAAAAAAAxryWyz5R7wgAAIwQBWgAAAAAAAAAAMa80pRZaVlxR71jAAAwAhSgAQAAAAAAAAAYF1ouv7PeEQAAGAEK0AAAAAAAAAAAjAvN59+Y0syF9Y4BAMBJUoAGAAAAAAAAAGDcaLnMFGgAgDOdAjQAAAAAAAAAAONG66UK0AAAZzoFaAAAAAAAAAAAxo3S7LPTvPzaescAAOAkKEADAAAAAAAAADCutFz68XpHAADgJChAAwAAAAAAAAAwrrRc9vE0tE6udwwAAE6QAjQAAAAAAAAAAONLQ8kUaACAM5gCNAAAAAAAAAAA407LpR+rdwQAAE6QAjQAAAAAAAAAAONO05KVaZy3vN4xAAA4AQrQAAAAAAAAAACMS6ZAAwCcmRSgAQAAAAAAAAAYlxSgAQDOTArQAAAAAAAAAACMS6XpZ6X5vOvrHQMAgOOkAA0AAAAAAAAAwLhlCjQAwJlHARoAAAAAAAAAgHGr5ZKPpqFlYr1jAABwHBSgAQAAAAAAAAAYv0qNabnko/VOAQDAcVCABgAAAAAAAABgXFOABgA4syhAAwAAAAAAAAAwrjUtW53SzEX1jgEAwDApQAMAAAAAAAAAMO61XHJHvSMAADBMCtAAAAAAAAAAAIx7LSsUoAEAzhQK0AAAAAAAAAAAjHuN889L06IV9Y4BAMAwKEADAAAAAAAAAEBMgQYAOFM0VKvVar1DAADASCqXKxkoV1KuVFKpFCkqRYqimqJajf/7CwAAMD40NDSk1NCQUqkhpcZSGhtLaWpsTHNTY5qaGusdDwCA01TR+V46/usv1DsGAADH0FTvAAAAcLIqlSJ9/QPp7y+nf6Cs5AwAAECq1Woq1WoqRZJyZdC5hoaGtDQ3paWlKa0tzWls9AszAQA4oDRtXpqXX5uBt56pdxQAAI5CARoAgDNStZr09vWnt7c//QPlescBAADgDFKtVtPXP5C+/oF0pSctzU2ZMKElE1pb0tBQ73QAANRb84rbFaABAE5zDVXj8QAAOINUKkW6e/rS09tv0jMAAAAjqqGhIRMntGTSxFZToQEAxrFqX3fa/9PHk/gcAgDgdOW7dwAAnBGKopqufT3Z3daZ7p4+5WcAAABGXLVaTXdPX3a3daZrX0+KwntPAIDxqKF1UlpW3FbvGAAAHIUCNAAAp70PPnzu7umrdxQAAADGCe9FAQDGt+aLFaABAE5nTfUOAAAARzJQrqRrX08GBsr1jgIAAMA4VK0e+G1EvX0DmTplYpqbGusdCQCAU6Tl4tvS3TIp1f7uekcBAGAIJkADAHBa6u7pS9veLuVnAAAA6m5goJy2vV2mQQMAjCcNDWm++CP1TgEAwBEoQAMAcNrp7OpO176eescAAACAQbr29aSzywRAAIDxokUBGgDgtKUADQDAaaMoqtnbvi89vf31jgIAAABD6untz972fSmKar2jAAAwyprPvzENk2bUOwYAAENQgAYA4LRQqRTZ27Ev/QPlekcBAACAo+ofKGdvx75UKkW9owAAMMpMgQYAOD0pQAMAUHcflJ/L5Uq9owAAAMCwlMsVJWgAgHGg+aJb6x0BAIAhKEADAFBXRVFNe+d+HxgDAABwxqlUirR37k9RVOsdBQCAUdJ87jUpTZ1T7xgAAHyIAjQAAHXV0bnf5GcAAADOWOVyJR2d++sdAwCAUWQKNADA6UcBGgCAuuns6k7/QLneMQAAAOCk9A+U09nVXe8YAACMkhYFaACA044CNAAAddHd05ee3v56xwAAAIAR0dPbn+6evnrHAABgFDQtXZXStLn1jgEAwCEUoAEAOOUGypV07eupdwwAAAAYUV37ejJQrtQ7BgAAo6D5QlOgAQBOJwrQAACccsrPAAAAjFXe8wIAjE0tF91S7wgAABxCARoAgFOqu6cvAwPlescAAACAUTEwUE53T1+9YwAAMMKalq5KaeqcescAAOB9CtAAAJwyRVHNvv299Y4BAAAAo2rf/t4URbXeMQAAGGHNF5oCDQBwulCABgDglNnf3Ztq1QfAAAAAjG3VajX7u/0AMADAWNN84c31jgAAwPsUoAEAOCUqlcKvAAYAAGDc6O7pS6VS1DsGAAAjqPnca9IweWa9YwAAEAVoAABOEeVnAAAAxhvvhQEAxp6WC0yBBgA4HShAAwAw6qrVpKe3v94xAAAA4JTq6e1PtVrvFAAAjKTmC2+qdwQAAKIADQDAKdDb15+qT3wBAAAYZ6rVanr7/EAwAMBY0nz+jWlonVzvGAAA454CNAAAo67X9GcAAADGKe+JAQDGnuYLTIEGAKg3BWgAAEZVpVKkf6Bc7xgAAABQF/0D5VQqRb1jAAAwghSgAQDqTwEaAIBR1dc/UO8IAAAAUFfeGwMAjC0tF9yUlBrrHQMAYFxTgAYAYFT195v+DAAAwPjmvTEAwBjT1JLm82+sdwoAgHFNARoAgFHVP+BDXgAAAMY3740BAMae5gsUoAEA6kkBGgCAUVMuV1KtVusdAwAAAOqqWq2mXK7UOwYAACOoxQRoAIC6UoAGAGDUDPhwFwAAAJJ4jwwAMNY0TJ6ZpqVX1TsGAMC4pQANAMCoKVd8uAsAAACJ98gAAGNRsynQAAB1owANAMCoqVSKekcAAACA04L3yAAAY0/z+TfUOwIAwLilAA0AwKgpfLgLAAAASbxHBgAYixpnL0nj/PPqHQMAYFxSgAYAYNQURbXeEQAAAOC04D0yAMDYZAo0AEB9KEADADBqiqoPdwEAACDxHhkAYKxqPu/6ekcAABiXFKABABg1VR/uAgAAQBLvkQEAxqqmsy9PaeqcescAABh3FKABAAAAAAAAAOAEmQINAHDqKUADAAAAAAAAAMAJaj7vunpHAAAYdxSgAQAAAAAAAADgBDUvvz5JQ71jAACMKwrQAAAAAAAAAABwoppbTYEGADjFFKABAAAAAAAAAOAkNC9XgAYAOJUUoAEAAAAAAAAA4CQ0n3dtvSMAAIwrCtAAAAAAAAAAAHASSrPOTuO85fWOAQAwbihAAwAAAAAAAADASWpebgo0AMCpogANAAAAAAAAAAAnqWn5NfWOAAAwbihAAwAAAAAAAADASWpednUaWibVOwYAwLigAA0AAAAAAAAAACOg2RRoAIBTQgEaAAAAAAAAAABGQNO5CtAAAKeCAjQAAAAAAAAAAIyAZgVoAIBTQgEaAAAAAAAAAABGQGnGgjTOP6/eMQAAxjwFaAAAAAAAAAAAGCHNy66udwQAgDFPARoAAAAAAAAAAEZI07kK0AAAo00BGgAAAAAAAAAARkjz8muTxuZ6xwAAGNMUoAEAAAAAAAAAYAQ1mwINADCqFKABAAAAAAAAAGAENS1bXe8IAABjmgI0AAAAAAAAAACMoObl19Y7AgDAmKYADQAAAAAAAAAAI6hxztKUpp9V7xgAAGNWU70DAADAmeKBnz2VZ55/NUny6TtvzKqVFw372k2bt+Uv/u6HSZKlS87KV7/0qVHJCEfTtrczv/8nf58kmTxpQv7Nb/9ySg0No/JYP3v0uTz+9Nokyac+fkNWX3HxqDzOsZQrlfzZX3+/dvvaVZfkshXL65IFAAAAABhfmpatSv+L3z/2QgAAjpsJ0AAAMEz9/eUURZGiKFIuV47r2kqlUru2r29glBLC0T321Iu112HXvu6sW//WqD1Wd3fvCf/3MpKKopqt7+6s/dnT1lG3LAAAAADA+NK8bHW9IwAAjFkK0AAAAONAb29/Xly3YdB9jzyxpk5pAAAAAADGvqalq+odAQBgzGqqdwAAAABG38/XvJqiKAbdt3tPe7a+uzNnL5pfp1Sjr6mxlKuvvDjlyoEp1IsXzq1zIgAAAABgvChNmZ3Gsy5IZccb9Y4CADDmKEADAACMcUW1mieeXlu7fdN1K/P4+7cfffLFfPkLd9Yr2qgrlUr59J031TsGAAAAADBONS9dpQANADAKSvUOAAAAwOh6Zf3G9Pb1J0kWL5yX229ZnaamxiTJG29tSUfnvnrGAwAAAAAYs5qWXlXvCAAAY5IJ0AAAcJqpFEU6OvZlz96ODPSXM3fuzMyeNT2lhoZh79HW3pn29q709PZl3pyZmT17xnFd/+G9du9pT0tzc5YuWXDUtf39A3l3+66UK5XMnjU9M6dPTcNxPG5fX3/e2703+7t7M3nShMyeNT2TJk44odztHfvy7vb3cta82Zk9a/qQa/Z392bX7r3p7evP1CmTMm/OzDQ3D/9tUn//QHbvaU97x75MmNCSBfPnZOLE1hPKO5oefXJN7fiWG65MY6mU66++LI899WKS5IlnXspdH7vhuPft6NyXtr2d2be/J9OmTsq8ObNO+vmfiq/bcO1ua8+ets5MnjQhc+fMTGtL84g/BgAAAAAwtjUtW1XvCAAAY5ICNAAAnCb6+wfyxDMv5dGnXkxRFIednz93Vu755M1ZvHDeEfd4fu1refjxF9LZtf+wc+efe3Y+d/dtQxZUN2zcmq9/44EkycpLz889n7g5z699Lc88/0r2tHUkSWbPmp5/8ZtfTLlcyX/4nT9NkkyaOCH/9l9+Jc+9+FqeeGZt2vZ2Dtq3VCrl03femFUrLzpi5vaOrjz0+At59fVN6e8fOOz8zOlT84XP3pFFC+Yedm6oLA/87OmsXbch3T29tXUtLc256Pxz8gufujWlUil9/QP55ncezBtvbTlsz1UrL8pdH78hTY2NR83804efzcvr3zrs3ITWltzzyZtzyUXnHvH6o/lPv/f17O/uSZIsO2dhfvWXPnVC+3zgnW3v5b3de5MkkydNzAXLlyRJrlt9aa0A/eya9fnoR65JyzBLxBvffjc/evCZ7Hhvz2HnVly4LJ+7+7ajXn+qv25/8Kf31rL+1q9/LvPnzqqd+9GDT+fJn7+cJLn7Ezfn4gvOyX33P5JNW7alXK4M2uecs8/K5++5PdOmTj7q8wMAAAAARl+1euB/DvxVff92Uj3wPwdu5/37P1if9+878NfRNSQNHxwk+WDWx4G/Gw783ZA0vL+woSFpaGg4sLqh4eD6ptY0nXNFyptfPOnnDADAQQrQAABwGujvH8gffO3ewwrEh9q5qy1/8hffyZWXX5DP3nXroHPlSiXf+PbP8vqGzUe8fsPGrfndP/zbfPVLd2Xhh8rERXHwO73lcjl/9c0HsvHtbYPW7N9/oJRbrR6ytlLJM8+/kh/85MkhH7Moinz3h49l1+72fOKO6w47/83vPDhkifhQezu68sd//u18+Qt31sq7H/hwlu//+In8/IVXD9ujv38gL73yZlpbmvPJj96QP/vr+7Ntx+4hH+/5ta9ld1t7fu3Ldw95ftPmbfn63z9wWDn2A719/fnGt3+WKy/fetjXaTj6+vtrxwMD5eO+/sMeOWT6843XXl77pvuUyRNz8QVLs/6Nt1MURZ5/cX2uv/qyY+739HPr8sOfPnXE86++vik9vX2ZOX3qEdec6q9b/8DBYv2hj50klcrBHzbo6tqfP/zafUP+AEGSbN66I//lD/42//Nv/3KmTJ54xOcHAAAAAJy8avX9YnNRPXj8ob9HN8AHHelqLc+gk8fQ8H4JuqGhIU23/NPktUdS7Xov1a6dqXbsTHXfrlEIDQAwfihAAwDAaeChx5+vlZ9LpVJWXLg0y5cuzozpU7JzV1ve2vRuNmzcmiTZ8s7Ow67//o+eGFR+vm71JVlx4bmZPGlC2vZ25qHHn8+2HbvT29efv73vp/nX/+xLafigCfshr7y2qXY8edLEnHvOwixeNC8zhii09vcP1MrPS5csyIoLl2Xm9KnZ29GVR55YU5tk/NSzL+f6qy/N9GlTBl3ftb+7djx92pRcctG5mT93ZqZPm5K9HV15+PEX0tG5L0ny3R8+ln/zW7+UUqk0ZO7+/oFaiXb1FRdn6ZIFqVareX7ta3l7y/YkByYdv/7mllrB9ZqrVmTJ4rNSVIs8+8L6bH33wL/t5q07suWdnVmyeP6gx2jv6Mpf/N0PaxO6p02dnI/fdm3mz52Vcrmct95+Nw8+9nyKosial97IecvOzqUXn9gk6JHQ2bU/b7x5YFpyqVTK6isvHnT+5uuvyPo33k6SPPbU2ly3+rIc4WWRJNm8dfug8nNTU2OuueqSLDxrTgbK5Wx9Z2deeOn1bNq8LZuOvM0gp+LrNlwPP/FC7Xldt/rSLJg/J9VqNW9u3JoX121IcqDU/5OHf55f+NTxl9sBAAAAgMNVq9UUxaFl54O3z2S1qdSpJvMuStO8Q35TYlFJtWN7qh3bUm3flqL93VT3vvP+n631igwAcEZRgAYAgNPAiy9vqB3/8uc/nvPPPbt2+9yli3L91Zdlyzs7c+/3Hsodt6wedO2Wd3bkhZder93+9V+5O0sWn1W7PWf2jJy/fEn+/js/zSuvbUpH57688NLrWbXyohzNpz5+Q6656pJh5f+FT92aKy67YNB9V11+YX7nv/1VevsOTDR+Ye3rue3mVYPW3HHL6jzws6dz202rcv7yswedW5bk8kvOy3/+va+nt68/Xfu6s3nrjiw7Z+FRs/zjf/iZLF44r3b78kvOy9f++v5ambaza39KpVJ+4yv3ZNEhk7AvX3F+/vjP76tNGH5+7WuHFWn//jsP1srPy85ZmK/8g0+m8ZBC9sIFc3PR+efkv/1/30ySfP/HT2TFhUuPWNoeyrIlC2v/Zheet+QYq4/uiWfW1o6vuPT8tLY0Dzq/aMHczJk9I7v3tGd/d09ef3NzLjr/nCPu983vPlQ7njVzWv7RL38606ZOrt131eUX5qqVF+bP/ub7R5yQfSSj+XU7HvPnzspXf+lTmTxpQu2+y1Ysz4Kz5tTK3y++/EY+e9etRy2LAwAAAACHK4oDJeeiWk21yPt/n9lF5xNSakzDzMVpmLk4SdJ4yKlq25YUbVtSbduc6p7Nqe55O8XuTUllYOi9AADGqeF/Cg8AAIyaDwqvyYEC5lCWLJ6ff/XPvpRLLho8Ufjp59bVjq9ddcmg8vMHGhqST338xloR95nnXjlqno995Jphl58vX3HeYeXnJGlubspN162s3d7T1nHYmiWLz8pvfvWzh5WfP9DU2JirVl5Yu717iD0Odf3Vlw0q0X7gpmtXfmjdpYNKtMmBf6Mbrrm8dntve+eg8+0dXXln23tJDkxT/vw9tw0qP39g7pyZuXbVgX+77p7eWoF3uH7li5/Ib3zlnvzGV+7JzddfcVzXHqp/oJyfv7C+dvvG6y4fct2hj/Hok2uOuN/2HbtrE5iT5Jd+8eODys8fOHvR/Hz01quPK+toft2O15c+97FB5ecPXH3VikFF9q59+w9bAwAAAAAcVK1WU6kUKQ8U6e+rpLennL7ecvr7KykPFKlUivFZfj6GhllL0njeTWm65stp/uS/S8uv/HFav/q1NN/z79N0/VdTOu+mNEw//HMAAIDxRgEaAABOA9MPKZI+/PgLqbw/ZfhYqtVk/Ruba7evWbXiiGsnT5qYBfNnJ0n2dnQdcV2pVMr111w2rMdPjlysTZJ5h5S5206wmDpzxrTa8VAl6kOtvmLoqdazZ00fvO7Ki4dcN2f2jNrx3vbB/0Yvv/pW7fi8cxdnyuRJR8xxaEl91572IwceRWteer02rfrsRfMzZ9aMIdddtmJ5Wt6fDP3u9l3Z+V7bkOtefePt2vG5Sxdm3tyZR3zsa666JE1NjUc8/2Gj+XU7HucuXZhZh7zeDtVYKmXG9Ckj8jgAAAAAMBZVi2oq5SIDA5X09b1fdu6rZGCgcqDsXFV2PlENMxen8fxb0nTDP0rLZ/6PtH7lf6Tli/8lTbf+Vhov/mgaZp3cbxMEADgTNdU7AAAAkFy18sL87NHnkiTPr30tL69/K9euuiTnLVucxYvmpalx6DJpd09vreSaJK9v2JLXs+WIj/NBabO/fyADA+U0Nx/+lmDWzGlDTjY+kkPLpx82dfLE2nFf/9F/PV+5XMne9s60tXelp7cv5XIlAwMDeW3DwYJ3/zH2mDlz6PLqhyf6zpg+9ZjryuXKoHOHTp/u6enLE8+8dMQc3T29teNjlbZHQ7WaPPLEwWnOtxxlknRjqZTrVl2SR596MUny6FNr8oXP3HHYuvZDCr+LF84/6uM3NpYyZ9aM7Hhvz7DyjubX7XjMnzv7qOenTpmUtr0HivzHei0CAAAAwFhXrSZFUaQoqgf+VBScT5nWySmdfWVKZ1954PZAT4odr6XYvj7VHa+l2P5qqvt21zcjAMAoU4AGAIBham1tqR13d/ceZeXhunv7Dtmn+bDzN11/RbZuey9vvHmgvNzfP5DHnnoxj71fSl28cF5WXXFRVl56/qByclfX/kH7/PihZ4adqWt/95DTbqdNPfJk4w8rlUpHLGcnScMwitQvrtuQx556MbtPclJyqVQ6cnG7oaF22A8wNm4AACAASURBVNTUmNIhtwcvG/r+JOns2lc73vruzmx9d+ewcnV86Gt0Krzx1pbs7+6p3e7u7ctLr7x5xPUTJrTWjtet35i7PnZDJk+aOGhN576Dz2PmjKGLyIeaMWPqsArQo/11Ox5Tpxz9tV86jh8MAAAAAICx6NCyc1FUTXU+XTRPHFSIrnbtSrH9lVS3vZJi2ysptr9a54AAACNPARoAAIZpzuzptePdbcdX1t2z5+AU4LmzZx52vtTQkC9//s6sf+Pt/PyFV7Px7XcHnX9n23t5Z9t7efSJNfnVX/50ZkyfkuTApN1DXXrxucPKUyqVMvGQ0uuoOcY3v//q73+UN94aPLF62tTJmTZ1ciZOaE1TU2PaO/Zl+876T6poLB0sek+bOjlLFh99CvIHzlt29mhFOqJHnnhh0O377n/4uK5/6tl1+eitVw+679Dy76FTx49kOGvOND7MAQAAAGA8KirVVIqiVnrm9NcwdW4ap34kueAjSbVI8e7L7/95KcU7LycDPcfeBADgNKcADQAAwzR39oza8e5DCs3DcWhhes4h+3zYxRcszcUXLE1RFNm2Y3c2bt6W59asT0fngenDezu68jff+nH+2a/9YpJk1qzpg67/3D23H3FK7ulmw8atg8rPn/zo9blq5UVpaR78NuWZ51/J9p/UvwA9b+7MbNi4NUly5WUX5PZbVtc50dB27mrLu9t3ndQeTz37cm67adWggv30aZNrx217O4+5R3t710llAAAAAADqp1KppqgUtYnPnMEaSiktXpnS4pVJkmLnGyneWZvinRdTbH0x6Tv1v8UQAGAkKEADAMAwzZ51sLi847092bmrLfPnzjrmdd3dvXn19bdrt+cepQD9gVKplMUL52Xxwnm55for8tqGzfmbb/249tidXfszberkNJZKmTxpYvZ3H5jWsHPnniw4a87xPrW62LJ1R+34rHmzc93qS4dct/O9tlMV6ajmzTk4uXvzOzuOsrK+HnvyxdrxiguX5cZrLx/2td/63kNp29uZcrmSF9e9kVUrL6qdm3PI63/j29uOuk9//0B2tx3fDwkAAAAAAPVl0vP4UJp/QUrzL0hWfSHV9zaksmVNii0vpNj6QlLur3c8AIBhKx17CQAAkCSTJ00YVHj+9vcfGdZ1Dzz4dIqiSJJMaG3J2YvmH7ZmYKB81D0uOv+czJo5rXZ7zyHl0kUL59aOv/+TJ4+Zp69/INXT4HvXvX0Hv5F61vzZQ67p6x/Iy+vfOlWRjmrxwnm147e3bM/Wd3ce85q+vlP7zeL93b2D/r3uuHV1rUg/nD8fuemq2rWPPLFm0N6XXHRu7Xj7zt3ZvHX7EXM8+ezLtdc8AAAAAHD6KopqygNF+nrL6esrpzxQKD+PIw3zzk/T6i+m5Rf/Y1o+//+k6YZ/lNKiy+odCwBgWBSgAQDgOHzu7ttqx9t27M6f/MV30tbeOeTa7u7efOPbP83adRtq9332rlvT1NQ4aF1RFPmd//ZX+fo3Hsje9q4h9+rp7cu+/T2125MnTawdf/Kj19eOt767Mz95+OdDlk8rRZHHnnox//F3/yKvvfH2YedPtfOXn107Xrf+rezb3z3ofLlSybe+91D6+wdOdbQhzZk9I5dfcl7t9t986ydHnE69c1db/ujP7ssf/Om9x/049//o8fzNvT/J39z7kzzy5JpjX3CIp59bVzs+e9H8QVObh+Oyi5enpaU5SdLRuS+bNh+c9DxzxtQsWnCwbP+39/50yOf/2obNh5WnAQAAAIDTR7VaTblcpL+vkr7ecgYGKkrPpLTosjRd/9W0fP530vLZ/zONV3w2DTMW1jsWAMARNdU7AAAAnEnmz5uVVSsvyvNrX0uSvLPtvfzXP/y7nHP2WZk3Z2ZmzpiWrn37s3PX3ry9ZfugIvI5Z5+Viy9cetie69ZvTG9ffzZs3Jrf/cO/zQXnLcmCebMzZ86MtDQ3571dbXnq2XW1IvC0qZMzb+7M2vWzZkzLrTdelUeeeCFJ8vjTa/PSK2/mshXLM3XKpDQ0NGTbjt3Z8NbWdPf0JkkefuKFIbOcSsuXLk6pVEpRFCmXK/mvf/SN3H7zqsyYPjV72zvz1LPr0tm1v64ZP+yuj92QV1/flHK5kv3dPfnvf/qtXHrxuVm0YG5KpVK69nXn3e27BhWHN23elmXnDP+bxGtefiPlciVJsm9fd2694cphXVepFHny5y/Vbg/3ukOVSqVct/rSPPp+8fqRJ9cMyv65u2/L7/3xN5Ik3T29+e9/+q1cdvHyzJt3YDL6lq07smHj1uN+XAAAAABg9BWVaiqVIpVKNdXT4dcEcnpqak1p+Y0pLb8x1fZ3U2x6JpVNP0+x6ZkkXjcAwOlDARoAAI7Tpz9xU2bOmJoHH3u+VnDevHVHNm/dccRrrr/6stxxy+ohz82fNyvz587Kzl0Hpum+8eaWvPHmliHXlkql/PLn7zzs/o/ceGVSrdYmBnd27c8Tz7x02LokaWpqzDWrVhz5CZ4ijY2lfPVLd+Uvv/HDlMuV9PcP5IGfPT1oTVNTY265/so8+NhzdUo52MQJrfnNf/jZ/O19P0nb3gOTv9et35h16zcOuX75ssWZPWv6Kcm2dt2GWnF68qSJOe/cs49xxdCuW31JrQC9afO2tO3tzKyZ05Iks2dNz1e++In81Td/XHvtv7z+rWT9W4P2uPyS89LS3JTnXnztRJ8OAAAAADACqtVqKpVqiveLz3A8GmYsSuOVv5jGK3/xQBF641MpNj6daueRPw8BADhVFKABAOA4lRoacvP1V2TlpefnRw8+nS3v7BxyUvHkSROz4KzZufP26zJvzswhdjpg/txZ+a1f/1zWrd+Yx556Mbvb2mtF1g80NTVm1cqLcssNV2TK5EmHZyqVcvstq3PZiuX5wU+fzLbtu9Pb1z9ozayZ03LR+efkIzetSmtL86BzzU2NhzzW0d8mlEqlQbmOpqn54F7NQ+y7dMmC/Pavfz7ffeCxbH13Z+15NzU15txzFuX2W1Zn1+69I5JlOBobS8dcM3/erPzz3/xiHn96bda89HraO/YNmvQ9obUl8+fNym03rTquyc9DaWkZ/lu2n7/wau345utXpqHhxB5z8qSJueSiZXnltU1JkudeXJ+P33Zt7fx5556d3/6Nz+XBR5+rrfnAgvlzctEF5+TWG67M/T96onb/h19Tp/rr1tJ88PX+4dfhoY/f3Hz0LIde29zs7TQAAAAAp6+iODDtuahUUxSKz5y80rJrU1p2baorN6Wy8ckUbz2VYtu6escCAMaxhqrfawIAwCjZuau93hFOmWq1mo7Ofdnf3ZvW1ubMmjFtUMnzePX3D6Sjc1+KajXTp07JhAktJ7TH7j3tmTChNTNnTE3DiTZiT6G29s5UypXMPUph/HRTrSYdnV3Z392bObOmp7X1+L9WZ6qiKNLeuS+9PX2ZP2/2sArkAAAwns2fO6PeEQCAMa5S+aD4XEQbhNFU7elI8daTqbz5eIq3njj2BQAAI0wBGgCAUTOeCtAAAABwLArQAMBoqZSLWvkZTq1qKm8+keLNx1LZ8FjS313vQADAOKEADQDAqFGABgAAgIMUoAGAkVStJpVK8f7EZ9UP6q/Y/HwqGx5NseGRVLt9RgQAjC4FaAAARo0CNAAAABykAA0AjIRa8blcpChUPjj9FO+8lMqGR1K88Uiq+3bXOw4AMEYpQAMAMGoUoAEAAOAgBWgA4GQoPnOmKbatS+X1h1K8/lCq+9vqHQcAGGMUoAEAGDUK0AAAAHCQAjQAcCIUnznTFe+sPVCEfu3BVHs76x0HABgjFKABABg1CtAAAABwkAI0AHC8KuUi5UqRoqLawZmv2PxcKut/lsprP00qA/WOAwCc4RSgAQAYNQrQAAAAcJACNAAwXJVKNZVykUqlqHcUGHGVDY+mWP/TVDY8Wu8oAMAZTAEaAIBRowANAAAABylAAwDHUhQHis/lsuIzY1y5P5X1P0ll/U9SbH2x3mkAgDOQAjQAAKNGARoAAAAOUoAGAI6kWq2mXC5SKVejxsF4Uu16L5VXf5zKqz9OtW1LveMAAGcQBWgAAEaNAjQAAAAcpAANAAzlQPG5SFGobzB+FdvXp/Lqj1J55YFkoLfecQCAM0BTvQMAAAAAAAAAAIw3lUo1lXKRSqWodxSou9KCiw/8OfuKVNY9kGLT0/WOBACc5kyABgBg1JgADQAAAAeZAA0AJEm1Wq1NfdbYgMNVu/emsu6Hqaz7Qap736l3HADgNKUADQDAqFGABgAAgIMUoAGASrlIuVykKFQ14FiKd19O5eXvp/LKA/WOAgCchprqHQAAAAAAAAAAYCwrimqt/AwMT2nRZSktvCSlhZek8vL9KXa8Xu9IAMBpxARoAABGjQnQAAAAcJAJ0AAwPpXLRSqmPsNJKd7bkMrL96fy0v1JUal3HADgNKAADQDAqFGABgAAgIMUoAFgfCmKaq38DIyMyrofpLL2eyl2rK93FACgzprqHQAAAAAAAAAAYCyplIuUTX2GEdd46V1pmHd+Kmu/m8pL36t3HACgjkyABgBg1JgADQAAAAeZAA0AY1/1/anPZVOfYXRVq6ms/U7Ka7+T6u5N9U4DANRBqd4BAAAAYDwrqtXs3tOejs59GYkfUe7o3Jfde9pTqfiQDQAAAOBUqlSK9A9UlJ/hVGhoSOMVn03zHf8qjRfeVu80AEAdNNU7AAAAnCnWvrIh3/7+o8dcN3FCa2bNnJY5s6fn8hXn5dyli05BOupl0+Zt+Yu/+2GSZMWFS/OFz9xR50Sjp1yu5P/+3T9PUVQzcUJr/pd/8St1y/LsmvVZu25DkqS5uTFf/dKnTunjv7t9V7753QfT3rEvE1pb8m//5VeGfW21Ws2al9/IW5veybYdu9O2t3PQ+WlTJ+eWG67M6isuSkNDwzH3e3Pj1ry8fmO279idXXvaUxQHP2Cb0NqSy1Yszx23XJ2JE1uH/wQBAAAAGLZqNamUi5TLlRH5AXdg+EqLV6Y0e2kaZp+Typr7Uu3pqHckAOAUUYAGAIBh6u3tH1QsPJL93T3Z392Tre/uzJqX3siSxfPzmbtuyZxZftXxWHTo66Kvb6DOaUZXpTjwIU6S9PX31zXLe7vasvXdnaf8cfv7B/LAz57O82tfq93X2zf8f4t3tr2Xb33vocNKz4fq7Nqf+3/0eB576sX8k1/9hUyeNOGI6779g0fz1qZ3jrhXb19/nl2zPs+vfT2/8oU7s3zZ4mFnBQAAAODYiqKacrlIxdRnqJ+J09N0/a+mYdaSVNbcl+Ldl+udCAA4BRSgAQDgBEyeNDHLzllw2P39/eW0d3Slrb2zVhTd8s7O/I+//F7+9T/7Ulpamk91VGCEvLZhc+67/+HjKjwf6gc/eTLPPP/KoPsmtLZk4YI5WXjW3FQqlWx8e1t27mpLknR07svf3feT/NqX7z5sr5dffSv33v/woB/KKJVKOWverJy9aH5aWpqzY+eebNi4NUlSFEX++ls/zr/6p1/K1CmTTig/AAAAAIMdmPpcpCiMfYbTQeOFt6dhxuJU1tybyisP1DsOADDKFKABAOAELF+2KJ+7+7Yjni+KIs+uWZ8HfvZ0iqJId09vvv2DR/LFz370FKaEsev85WdnoFxOkjSWSqP6WD09ffnm9x7MmxuPPGl5OD74oYgkmTN7Rj5/z+1ZMH/2YeteWPt6vvPDR5Mkm7fuyOtvbsmF5y0ZtKaxVKqVn1tamvOZT96SSy8+97C9du1pzx9+7d6Uy5WUy5U8+Ohz+cxdt5zU8wAAAAAY76rVvD/1uZKq7jOcVkrzL0jp9n+ehhkLU3nhm6n2HPm38QEAZzYFaAAAGAWlUinXrrokkyZOyDe/+2CS5JXXNqVSFKNe1oTx4ILlS3LB8iXHXjgCyu9PZv7AtKmTc/edN+Wvvvmj49rnIzddlZfXv5WP3np1rrnqkjQ0DL3uqpUXZv0bb+eNt7YkSba8s+OwAvTFFy7LrJnTsnzponz8tmuPOF1+7uwZufvOm3Lf9x85sNe7O48rMwAAAACDFUX1/fJzcezFQH20TE7Tdf8wDdMWpPLC36fY+Ua9EwEAo0ABGgAARtFlK5bnhz99Kvu7e5Iku3bvzVnzDp/4Cpy+pk6ZlI/cdFUefPS5fOTGq3LrjVemr3/guPeZNnVy/rd/86vDWnveuYtrBehtO3Yfdr6hIfmX/+QfDGuvc5cuqh237TXtBAAAAOBEVSrVlAcqKQpjn+FM0LjiY2mYNi+V57+ZypuP1TsOADDCFKABAGCUzZ83MxvfPlCA3rmr7YgF6Gq1mr0dXWlr60i1msycOTWzZkxLaZgToytFkY6OfdmztyMD/eXMnTszs2dNT+lIY2YHPXbStW9/2vZ2Zt/+nsyaMTVz58xMc/Pp+ZahbW9n9rZ3prunL9OnTc6smdMyZfKkE9qrWk12vLcn7R1dmTN7RubOnnHYmp6evuxua097x75MmtiaObNnZPq0KSf7NEZFX19/3tu9N/u7ezN50oTMnjU9kyZOGPb15XIlu/a0p729K6XGUmZOn5p5c2eeVKZypZKt7+xMURQ5e/FZaRnidVWtJjt37Uln1/6UGhoyd87MUfk3Looi23fuyf7unkyfNiVzZs1IY+Ox/xu7+bqVueryCzN1yom9zo5X177uQ26d3Adqh34g19TUeFJ7AQAAAIxX5XKR8kCRalX5Gc4kpcUr0zB1XjJ1Tipr7qt3HABgBJ2ebQYAABhDBgYqteMP/1rEarWal159M48++WJ272kf8vobr708t9+yOk2NQxcX+/sH8sQzL+XRp15MURz+axfnz52Vez55cxYvnHfYuWo1WfvKhvz4wWdqU6oPNXnSxHz8tmtyxWUX1O578LHn88gTLyRJrrr8wnzmrluGzJUkO3buyR987d4kyaIFc/ObX/3sEdd29/TmP//+X6UoipRKpfy7f/3VQQXsarWap59bl8eeWjtk1oVnzcntN6/O+cvPHnL/Hz34dJ78+ctJkl/49EeyfOmiPP3cujy3Zn16+/qTJNeuuiR3feyG2jVt7Z354U+fyhtvbjlsvwXz5+SLv3DHEZ/PcLTt7czv/8nf175uH7316tx8/RXHvU97R1ceevyFvPr6pvQPMZl45vSp+cJn78iiBXOPuEd//0B++sizeXbN+sNeR5MnTcxn77ol5yxZcNQch/4b3/2Jm7N4wdx854ePHjbBeP7cWbnz9muzfNniJMkrr23M/T96It09vYPWTZo4Ib/8+Y/n7EXzD3usDRu35uvfeCBJcsF5S/Llz9856Pwf/Om92fHeniQHJiXv7+7JD3/6VLbv3HPY87vmqhW58/brjloOLpVKp6z8nCTvbHuvdjxj2tST2mvzO9trxzOnn9xeAAAAAONNtXpgaEB54PDvvQJnhobpC9J862+lYcqcVJ77Rqo9HfWOBACMgOGNkgMAAE5IUa1m56622u2FC+bUjjdv3ZH/9Htfz73fe/iI5eckeeKZl/JHX7svQw0W6e8fyB987d48/MQLQ5afkwNTp//kL76Tb//gkcPOffsHj+S++x8eslCcJPu7e3Lf9x/JH/3ZfdnffaCcunzpwtr5l15984iPmyTPr32tdvzu9l3p6Nx3xLUvv/pWba+lS84aVH7u6x/I1/76/jzws6ePmHXbjt35/9m77/847jvP8++q6m7kHJhJMIE5B4lUIJWtYFuWPLYlj8czszNzt7N397ibu/th/4D75XYfd7uzexN2x/Z4bMsa2ZZkWTlaoiRSZhZJMedMggCIjO6q+t4P3V1dhUCCIMEGiNfz8ZDQlb716RagBwm88e6f/+ptvfvRFwMe97zcnO3tnfq7H/1Gn27ZHYSfJamtvTN4fOrMBf1///TrAcPPknT+YpP++09/q/bOzgGPD0XKdSOvX3jGofr1bz/U//v3L2rXnkMDhp8lqeVqu/7bT1/VoaMDP5f2ji793Y9+oy+27xvwv2dnV7d+8et3dOLU+QGuzgnPf+lys/77z37bL/wspT8nf/6rd9R6tV2Hjp7SS69+0C/8LKVD8f/0s9d0+uzFfsfCrcau6/Y7nkzlXotTZy7ox794XWfPXx7w+f1hx1f6x38ePc0fnu/r5OkLwfashinDXquzq0evv/NZsL1q+fybmg0AAAAAAGA8Mb5RKkX4GbgjOHHF1n5fsfv/R1k1M/I9DQAAuAVogAYAAABG0Mef7ghCqbZta0JdTXAsEY9FQp+L5s/U5Il1qq+rkox05PgZfbF9nyTpUlOLdu89FGlilqSPPt2u5pa2YP2F8xo0u2GqKitKdfFys44eP6vDx05Lkk6diYZIjx4/o117DgXbsxoma87MaZo8sVbNrW06c/aSdu09LN/3de5Ckywrfd6MaZNUXFSoru4eua6nQ0dPa/7c/t8sNMZo197DkX079xzSxntWDvhabd+VC0uvXbEocuzl138fCYTOnTVN8xsbVFFeoouXmrV994Hgdfjsiy9VWVGqtSuja4S9//HW4HFNdYVmN0zRhPpqTZqQDqh3d/fqpy++KdfNtXcvXzxXM6ZNUiIR17kLl/XF9n3q6u7RG+9+Puh9bof2zq7gcUV5qRbNn6UJdVWqKC9Vy9V2/f7THUHw/LW3Nulv/vo52Xb0d2F/+Zt31XK1PdhumD5J8+fOUGVFmS41tWjXnkNqbmnTC79+Z8hzZT93q6vKtWbFQlVXletSU4s+2rRdvu/L9339/Y9fDgLo1VXlWrtyoaoqy3XxUnMk1P/2B1v0l3/yzeG9QJJeeePj4PVZs2KB6mqr1NXdo+27DgRNy5eaWrTnq6NasnD2sO9zq3zy2c7gudu2rQXzGm7oet8YtbV1aN+B4/pw07bg87istFirlhGABgAAAAAAGArfN3JT/rBKCwCMXs7ix2UVV8nd9qL807vyPQ4AALgJBKABAACAEdB6tUMffLJVX+47Euxbt2ZxECKWpEkTazW/sUHVleW69+5lKikujKzROGe6qqvK9db7myVJm7fu7ReA3rUnFzB+/tuPau6sacH2rIYpWrdmiU6duaiXf/eRHrp/deTanV/mws/r1izW1x5aF2zPnDFZq5bN18Z7V+rVNz9RVUWZioty861aPl+bNqe/Mbh994EBA9BHj5/p10i8fdeBAQPQrVc7gqbsWMzRvLnTg2NHjp3WgUMngu1vPn6/Vi6bF2zPnTVN69Yu0Su/+7327D8qSXrr/S1aNH92v9c0rLAgoee//ZhmTJvY79g7H20JQqOxmKM/+e4TkfMWL5ildWuW6CcvvK4rzcN/q7yCRELTpkwItqdNqb/hNR66f7Xe/mCLHrh3lebOnhY5NlPS0kVz9B/+9ufq6U2qvaNLJ09f0MwZuRbvPV8d1dnzl4PtJx5Zr7tW5cLjCxobdO9dy/TK67nXd6ga50zX9555RE4mcD1/7gzNaZiif/zpq5IUhJ8XNDboj55+KHLejGkT9ZMXXpcknTl3SZ1dPdf873k9K5fO01Nfuze4R3bfz196O/glgS3b9uY9AH3+4hX9/rMdwfaD961SzHGue93J0+f1L//6liRFgvtZi+bP1NNPbFAsdv21AAAAAAAAxjvPM3JTXuRdyADcOexZdytWVCFv6y/lHf4k3+MAAIBhIgANAAAADMPe/ceC5tiwVMpVZ1dP0N6aNaGuWg9vXNvv/OeeeeSa91mzYmEQgG5ubet3PBsgzd5jINOnTtD/+m+/129/uDm4vnbgayvKS/XD7z3Rb//qUAD60JFTSqZcJeLRv15sCzU6Z7W1d+ripWZNqI/eL9xEvWzR3EhD8RfbvwoeN86ZHgk/Zzm2raef2qCDR08pmUzJ9319ue+w1q1ZMuDzkqQ/fe5JTZpY22+/7/vavTcXXH9k49oBQ9JlpcX67rce1t/96DeD3uN6KitK9Rc/+Mawr5ek6VMn6q9++PSgx2OOo5XL5unzP+yRJDU1X40EoLft2h88njtrWiT8nOU4tr711Mbg9R0K27b1rSc2RALHkjR5Up1qayrVdKU1OO+bj9/f77yG6ZNUXlaitvZOSVLr1fZhB6DLy0r6hZ+zHrxvVRCAzraI50tnV4/+ORP6ltJff/fcvWxI13qeP2DwOat+kP8/AAAAAAAAIMpzfaVSvowh/AzcyexJC2Td/z9IhWXy9ryR73EAAMAw9P/pLwAAAIDr8n1fzS1t/f5p7+jqF36+9+5l+os/+abscP3zEDmOrUQiLklKJlP93m6xoqwkePz7T3fI84f+doy11ZXB4y3b9qqru2fI11ZWlGnShFx4+KsDxyLHUylXB4+ckpQOCj/xyPrg2Pbd/YPR4X1rViwIHhsjHTp6Kth++P41g84Ucxzdt255sL13/7FBz50xbeKA4WdJOn32YvDfMBZztGblwkHXmVBXrYbpkwY9PlpUVZYHj8ON1b4xOnHqfLD98MbBX1/HsXV/6PW9njkzp6p4kMByTXVF8LhxznQVFRVc97yW1vYh37uvu1cvHjD8LEl1tVXB467uHuXr51rJlKsf/fy14JcabNvWnz7/5JD/v1FSUqQ5s6Zqzqypapg+SdVV5ZFfJPho03b9/U9eVmfX0L/OAQAAAAAAxhvX9ZVKeYSfgXHCqpyi2H1/pdjq7+Z7FAAAMAw0QAMAAADDEIs5kQBxWElJkWqrK1RbU6kFjQ0qKy0e0podnV1qbmnT1bZOpVxXqZQrz/MijbuplCvHSQTbK5fN0wefbJOUDhHv2X9Ud61apDkzp2rqlHrFHGfQ+y1fMjdo/714uVn/4b/8QssWz9G8OTPUMH2SigoHDqVmrVm5QK+9tUmStOPLg1q+pDE4tu/AsSBEvGrZfC1dNEdvvve5JGn33sN6/OH1yuY6L1y6ErT8lpeVRILJnV3dkXvW11XpWqZOqgseXyswO3mQGrED+AAAIABJREFU8HPf6+prqwYNzmZNmVQXCRHnk+t6amltU3Nru7p7euW6nlKplA4cPhmcE/586uyMvr6DtYhnTQm9vtdTWzPw14cklZUU5c4LhZz7Cjc+D7V5eiATrvF5E4/HZNt28Pnq+74c5/b+rrDv+/qXF9+MhNN/8J2vqToUXL+eCXXV+sF3Ho+ua4y+3HtYb7z3uZLJlJpb2vTr1z4csNUdAAAAAABgvHNT6fAzgPHFKqpQ7L6/lBLFcr/4heQlr38RAAAYFQhAAwAAAMOwcN5MPfv1B256nfaOLr3zwRbtP3xCrnvj31y/d91ynT53SYcybcvJZEqbNu/Sps27JElTJ9dr1fL5WrZ4br8g77QpE/TYg3fpnQ+/kJQOYe788pB2fnlIklRVUaaVy+Zp9fIFAzb5LlkwOwhAnzx9QV1dPcF523blGp1XLpunosICzZ45VUePn1FPb1InT58PmpN37D4YnNu3bbm9oyt4XFxUKOs6bbiVlWXB4+6e3kHPKystGfRY+J7VVdcPoFbdQEh1pOzae1ibNu9S05XWG7qu4yZe3+spDYWc+7OGdJ5thT5nb7xAPXePIf4SQj4YI7306gc6ffZisO9bT27QrIYpN722bVlavqRR9bVV+sefvipJOnbirC5faVXdNQLqAAAAAAAA44kxkpvy5LpDf3c9AHcYO6bYuh9K8SK5X/xc6mnL90QAAGAICEADAAAAeXL67EX9+BevB82zUrpZurqyXKWlRYrFYorHHO0/dDJyTphtWfr+tx/T/kMn9IcdX+nYibOR42fOXdKZc5f0yWc79afPP6XKitLI8fVrl2rWjCn6fOse7TtwLBLCbrnarg8+2aaPP9+p5599VLNnTo1cm0jEtaCxQfsPnZAkffnVEd29erE6OruDMOfkibWqKE/fc83yBTp6/IykdFt1w/RJMkbauedQsObKpY2Re4TzuIO9BmHGv/m3pgy3/3re9e85lLlG0i9+9Y4OHT0V2VdeVqLyshIVFRYoFnPUerVD5y829bvWDoXih/I88vpc79B3HX3zvc+CryFJeuzBuyJt6rfC5El1mjZlQvB1efb8ZQLQAAAAAAAAIvwMICq2+juy4gVyt/xMpqP/99QBAMDoQgAaAAAAyJNX3/wkCJTW1lTqO08/pAl11f3O+7/+n39WMnntb8AvaGzQgsYG+b6vcxeadOzkOW3buV9X2zokpcPMv/zNu/q3f/5Mv2snTqjRM09t1DNPbVTTlVYdP3Veu/ceDsKSruvphd+8q7/56+dV0qcJes2KBUF4c8fug7p79WLt3ns4OL56xYLgcePc6YrFHLmup737j+npJzbo1JkLSiZTkqTpUyeotCTa1Fseamru6U3KGHPNluLWq+3B476zDlW4Hbq55fotDy2t7dc9Z6QcPnY6En5+/OF1WrlsvhLx6F/1vti+T+ff6//N2rJQM3JPb1K+70dC0X215vG53ok++Xyn/rDjq2D7nruWav3apSNyr7qayuBrmv+OAAAAAAAAkjFGqZQvj/AzgBBn2TclJ5EOQV89l+9xAADANQz+k20AAAAAI8Y3Rk1XWoPtpx69Z8Dwc3dPbxAQHgrbtjV1cr3uX7dcf/PXz+m5Zx8Njl24dEVt7Z3XvL62plJrVizQX/zgG/qf/+qPlEjEJaVD0IeOnOp3/qyGqSosSEiSLl5uVuvVDm3btT84vmTB7OCxY9tanNn2fV+HjpzSjt0Hg+NrVi7st35RUWEkkHvuwrUbF06duRg8rqmuuOa5g6kNNeNevtKq3t7kNc8/efr8sO5zK5w6fSF4PLG+RnevXtwv/CxJFy81D3h939f3ZGi9gVzvOIZux+6D+uCTbcH28iWNevSBu0bsfm0dua992+FbAQAAAAAAYHwj/AzgWpzFjyt2z5/Lqp6e71EAAMA18FNPAAAAIA9SKTeyPaG+f/hZkrbt3D/g/sHW6Wv+3BmqrioPtq80Xw0eu64nYwa/tra6UiuWNOaubbna7xzLklYsnRdsv/vRlqA1ed7cGUGAOmv18vnB4y3b92rvgWOS0sHthfNmDrj+wnkNwfb7H/9h0HlTKVeffrE72F66aM6g517LpAk1Qajb9319+sWXg557+uzF64ayR1JPKJw9cULNgOf0JlPas//ogMcsK/05kvXuR18Meq9kMqXPt+4Z5qQIO3jklH771ifBduPs6Xr6iftvaI3mljb933/7c+3LfA1dS1d3j06cygX1G6ZNuqF7AQAAAAAA3EmMb5RKEn4GcG3OgocVW/9nsmoarn8yAADICwLQAAAAQB4UJOKRhuLPBgjZnj57UR9u2j7oGr7v6z/+11/o5y+9rZbW9gHP6e7pVUdnd7BdUlwUPP7XV9/X3/63f40EI8OMSbdGZ9XVVg543uoVuVDzvgPHg8drVizod+60KROCGU6cOi/fT/+QYcnC2Yo5zoDr3716cfD42Ilz+vjznf3OSSZTevGV9+S6niQpFnO0eP6sAdcbirtWLQoef/L5Tu35qn+AuOlKq/71lfeHfQ9J6uzq1osvv6dfZv45cPjkDV0/d/a04PHe/UfV0dkVOe56nn7zu4+u2SJ+9+rccz13oUlvf7BZpk8yvjeZ0i9ffjd4fTF8p85c1Au/fifYnjq5Xt979hFZlnVD63zwyVZ1dnXrpVc/0I9/8btB/x/Q1dWjF379buRrY9qU+uE/AQAAAAAAgDHM+JnmZ4/wM4Drc+Y9kA5B1/YvcAEAAPnX/72RAQAAANwWSxbM1u8/2yFJ+nTLbl1pvqpli+bK9TwdO3FWO748eM3r9+4/pp7epA4fO63/9A8vqnHOdE2qr1FtbaUS8bguXW7W5q17g/BreVmJ6uuqJElt7Z06dOSUJOknL7yuKZPqNH3qRNXVVqqspFitbR3avutAJAA9a8aUAeeora5UbU2lmq60BvsSibjmzJw64Pkrl83Tps27IvsGCktnTZsyQauXz9e2XQckSR9+sk1fHTiuubOnqaK8VJebWrTnq6Pq6u4JrnnmqY0qyLQ4D8eGe1Zqx5cH1d6RDhT/+rUPtePLA2qYPlm2ZenylVbt+epoEOAero7Obu0/dCLYnlRfE2lkvp7ZDVNl27Z835frevrP//iSHrxvlSorytTS2qbNW/eqrb3zmmvMmDZJixfM0t796SbhzVv36tDR05o/d4ZKS4rV0tqmvfuPqau7J7jXeGOM9M6HW9Td0xvs6w21b/u+r1fe+DhyTXFRgR578O7Ivrb2Tv3khdcj+yrKS/TaW5uuO8OMaRO1MtS27oZ+SHfy9AX9p394UWWlxZo0sVZTJtVJRrp8pUVfHTwR+W/2zFMbbzhsDQAAAAAAcCcg/AxgOJzGDZIkd/M/yzQdv87ZAADgdiIADQAAAOTJ/etX6MLlZh3IBGD3HzoRCcNK0ro1i7V3/7EgiBs2ob5aE+qqdfFysyTp0JFTQai5L9u29fy3Hwu247GYFs6bqa8Opr9Zd/b8ZZ09f3nQWb/79MMqKy0e9PjalQv15nufB9vLF88dNGTZNwBdUlykaVMmDLq2JD3x6D1Kplx9ue+IpHQzdTicHfbko+u16CbanyXJcWz9xQ++oX/62WvBa3/sxDkdO3Eucl51Vbk2rF/RL/x6uziOrR9+7wn97KW35LqeksmU3v5gS+ScWMzR/etW6MNN2wZd51tPblRXd0/w/K40X+3XSm7btv78+0/pn3722q1/IqOc7/vavHXPNc/ZtedQZDuRiPcLQF9t6+gXIA+3pl/L1baOSAD6uWce0aEjp/TKGx8H4f/2ji61X+P/A49sXHvTXxsAAAAAAABjEeFnADcjHYI2cj/7iUzzjb2TIwAAGDkEoAEAAIAhsm37lq7nOLaee+YRfbJ5l3bsOqCWq+3BsZrqCi1ZMFsb710VNPP2NaGuWn/9b57V3v3HtGnzLjU1t8p1vcg5sZijVcvm6/71y1VakgswFxUV6LvfeljnLzTp3d9/oXPnm9QTarTNapwzXQ/dt1oTJ9Rc87ksXTQnEoBevXzwRufqynLV11bpUlNL+txrtD9nObatZ7/+gBY2ztSmLbsGDGsvnDdTG9avGHTWWMwJHsfjzoDnhFVWlOnf/cW3tWnzLn2xfV/kta2qKNPsmVP14P2rdOr0xQHvMRR9P6du9HpJapg+Sf/u33xbr729SafPXgzmjMUczZoxRQ/ev1qXM6/1YGIxR3/y3Se0ded+ffL5zkjgvrioULMaJuuetUtVU1OZu8bpP+uNvsbXc63XIx46Fov1/6ttIh4PnXvtv/ratqVsLvlWlSMP9Ppcb44b1Thnuv73/+l5bdm6V8dPndPFS839flkikYhr/twZevSBu675SwwAAAAAAAB3KmOMUi7hZwA3x2ncKPme3M9/ItNyJt/jAAAASZYxxuR7CAAAANyZLl5uzfcIY0oy5aqpqUU11RUqKEgMb41kKt0ya4wqykpVWDj0dTzPV3Nrm4xvVFxcqNKSomHNcDu4nqerVzvkup4KCxMqLysZtHH6VjBG6ujsUlt7p6qrylVUWDBi97pZza1t8lxPdbVVw16ju6dXLS1tKikpUkV56S2cDiPN9Tw1NbXKdmxVV5YPK1QPAACAkTOhrvL6JwEAgFvGmEzzs0v4GcCt4X31jtzPfizTdvH6JwMAgBFFABoAAAAjhgA0AAAAAAA5BKABALh9jJHclCeX8DOAW8zb87rcT38k03Xtd18EAAAj69a+hzcAAAAAAAAAAAAAAECeEX4GMFKcJU8pdtcfS4nifI8CAMC4RgAaAAAAAAAAAAAAAADcMVKEnwGMMGfls4rd9X1JVr5HAQBg3CIADQAAAAAAAAAAAAAA7ghuypebIvwMYOTF1n4/E4IGAAD5QAAaAAAAAAAAAAAAAACMea7ry3W9fI8BYByJrX1ezvJv5XsMAADGJQLQAAAAAAAAAAAAAABgTPPcdPOzMfmeBMC4kihOh6AXPJzvSQAAGHcIQAMAAAAAAAAAAAAAgDHL84xc15ch/QwgD6yyOsXWPC+7YW2+RwEAYFwhAA0AAAAAAAAAAAAAAMYk3zdyXU++T/gZQP5YdbMUW/uc7Inz8j0KAADjBgFoAAAAAAAAAAAAAAAw5hhj5KZ8+R7hZwD5Z09bIWf192SV1ed7FAAAxgUC0AAAAAAAAAAAAAAAYMxxU748z8/3GAAQcOY9oNia70lOPN+jAABwxyMADQAAAAAAAAAAAAAAxhQ35ct1CT8DGH2cFc8otuo7+R4DAIA7HgFoAAAAAAAAAAAAAAAwZniuL9f18j0GAAzKWf0dOQsfy/cYAADc0QhAAwAAAAAAAAAAAACAMcH3jVzXlzH5ngQABmcVVSi26o9kT1uR71EAALhjxfI9AAAAAAAAAAAAAAAAwPUYY+SmfPk+6WdgMMYY+caTZ3x5vqek36ukm5RrXPm+p6Tbq45UuzpTXep1e+X5rnzjqzvVpbZki3rcXqW8lDzfU8pPyfVdSVKBk1DCSSjuxBV3ChS3YyqJl6g4XipJijlxFcaKVBQvUlGsSIWxIsXsmGJ2TAmnQAknoZgdV9yJ5/Plua2s+jlyVn1bpv2iTOu5fI8DAMAdhwA0AAAAAAAAAAAAAAAY9dyUL8/z8z0GMGr4xlev16ueVLeau5vU3NOsrmSnrva06mryqrp7O9WebFdHb4d6vW65nqtePyXXS8r1XfnGk2RkfCMjSZYkE/qY1Xc7uy/4YMmyLNmWo5jjyLZiSthxJZyECuNFKk2UqTRRqvl1i7Sh4aGRfVFGGWf2PVLbRaU++i+iuh4AgFuLADQAAAAAAAAAAAAAABjVXNeX6xJ+xviW8lPqTHaotadZR5uP6Fz7WZ1vP6uW7ivqSXUr5bvyfE++78mTFwncGiNZVnbLkkw69GxZVvqAMdlMc7+sc3ZH5rRgHWMyeWnLpBvafV+un5LxpS4rE47OXJNwElpYv2RkXphRzlnxjPyr5+Vt/1W+RwEA4I5CABoAAAAAAAAAAAAAAIxanmfkpgg/Y/wwMkp5KfW43WrrbVNr9xUduLJfJ1qP6lTzSXW7XZKMfD+dTM4Gk8OPc2Hn/sXDlpXJNBvJZILPVjatrHSqOXx9v2szx23bkjEmsr4lybJz4ejsWtOqZmhB3aKbfm3GqtiKZ2Razso/9nm+RwEA4I5BABoAAAAAAAAAAAAAAIxKxhh5rifTN8EJ3GF846sz1aEL7ed0pu2Uzl49o4ud53Wp46Ku9rbK9VwZ5Vqas6xMZjn7UX0amrMFz5F7+QN/PYXD0Ca0ppGkbKOzUTCD70fnyR5Xn3vGnLiWT1qtqsKaG31Z7hhWxSTFVj6jVOsZmeZT+R4HAIA7AgFoAAAAAAAAAAAAAAAwKrkpX55H+Bl3rq5Up463HNPOC1t1ouW4WruuqCvVKdd35fnp5vMg3JxhlAs2m1AgObs/fU3uIuOHWp/7uFbTc/qBZFtWOjRtSZZty5jsXKGkdeaibIg63EJdWVSlVZPXyrGdG3pt7jT2jNWKLf+WUh/+53yPAgDAHYEANAAAAAAAAAAAAAAAGHVc15fr+vkeA7ilPOOpK9Wps21ntevCdn15YYeauy7L9dz0CUGDcjSZHAk3Kxd87ptBzgaPwy3Plh3JKEfXNbkgdbC4oudn10rv80PHjIyxQmuG7hmEsy3dO2OD6orrh/wa3cmcFd+S33xK3q5X8j0KAABjHgFoAAAAAAAAAAAAAAAwqvi+IfyMO4aRUVeqS6evntDBpgM62PSVTrWeVHeyMxI+tixLssJh42g4Obwv3P4c7FcughwOOpsBqp/DDc0aIBzdp3S6z3Xpo1afaupwmDq71sTySbpvxoOyLftaL9G4Elv+tMyVE/JP78z3KAAAjGkEoAEAAAAAAAAAAAAAwKhhjOSmfBl/oPglMHYYGV3tadXuizu19exmXbh6Tm29V+V6XiR8HDQ7W5Ix2VCxyZYx9wsVZx+Hr4tWN+eCycF1md39r7WiCens5ZYlSyYXsu7zzNJr547L6h+6jtkxPTTnayovqBjeC3iHsmpmyFn+TZmm4zLdrfkeBwCAMYsANAAAAAAAAAAAAAAAGDU815fn0f6Mscs3vrpTXdp2bqveO/qGLlw9J2NFA83hj9lQsh8K/VuWIplmq094uX9DtAkFkIMeaFmWiVwfnBHs6xOUDu5jcudbwSiR6yXJtqxcEDoS5JamVkzX4vplsvpdDadxo0zTMbmb/yXfowAAMGYRgAYAAMCIsTLf9AIAAAAAYLyzLEIfAAAMhecZuS7hZ4xdrT2t+vLiTm06+XudbD4qz0+3PVt9epT7ZpXDAeL0dqaBWbmG50goWf1DzVJ0jUhvsxk4OB2EljPnGPUJaPdb3wqC2pZlyTcm9/wyddCWLMVjca2eepeqCquv95KNW87Sb8q/dFT+0c/yPQoAAGMSAWgAAACMGNuy5BGABgAAAABANgFoAACuy5h0+zPFGhiLjDE60XpMvzv4ig43HVB3qlOSIq3M4Qbn9DWKnBMNQZsge5xteM661vVh2QCzZeeSzwM1Qfc9P7pIdDPcUm2MibY+Zy4wMqotrdfySasVs4kmDcYqrVFs2TeUunRYpv1SvscBAGDM4U8ZAAAAGDG2bYl3KQQAAAAAIP13ZAAAcG2u68njm8oYg1J+SptPb9ILu3+ulNutvr/7Fg4q+34mBK1cGHnwYLQVCRkr6ITO5ZSD0HI4iNyn7dmW5IdmyF5jjGTZ2eLm/unn7P2Dea7xGvi+ydzTyLIsrZ92nyaVTr7+izfO2TPvkrP063I/+1G+RwEAYMyx8z0AAAAA7ly2wx83AQAAAACQ+DsyAADX43m+PJfwM8aelp4W/Xb/r/TSnl/I9bLhZ6tfs3K4KVmSTDZNHAo9B0HjzC/P5drQraAF2pIV5J2DkHMQerYi98gGrbPh5HDgOr2A5Ngx1ZdNUkPNHDmOE3lu4Tb2bMPzQG9sEjRXZ06fVtWg+2Y8OJSXD5KcpV+XPefefI8BAMCYQwM0AAAARozDD3cBAAAAAJDE35EBALgWYyTPNZHAKDAWXOq8qBe+/KkOXNon109KyoaBTfA4LBxClskFiiNtzpKM3yd4HFoo2gjdN5Ccu6+VTSRnQtBBG7RtZQLRjqZXzdCayWvlyeiLU5vleX6kQTodvO7/XMKt09n92Y8F8QI9MucJlSZKh/QaQrKKKxVb8qRS5/fLdF7J9zgAAIwZBKABAAAwYmJ9mgIAAAAAABiv+DsyAACD81xfnkf7M8aWpq7L+smOf9DhpgORwHHuY/8AtBRqeVY0+Jzeb0XCztmwcvacvmtkg8p2ps05vM/3jWw7u37ubp5vNLNmlh6d/aQW1y/VRyc/0DuHXld3sjOzQHge0+++2fUt24qEsX1fchxLM6vnakn9sht8NWHPWidnyZNyt/xLvkcBAGDMIAANAACAEROP8cNdAAAAAAAk/o4MAMBgfM/IdQk/Y2y53HlJL+39mY5eORQKI5tIW3Ok7Vm5ALPVJ6gcBIotKReJjq6Z25HJOUdan9NX5Vqbo2tnVRbVaGb1bK2esk5za+bqcsdl/dOOv9e+C7vl+17Q5hxtgI6uF14/SEr7Rkbp8HPCKdTaqetUEi+5wVcUkuQseVL++X3yT27P9ygAAIwJBKABAAAwYmIxR5YVbSsAAAAAAGC8sSxLMQLQAAAMyPV8voeMMaWlu1m/3PNT7b2wW57vS7JkWSZocM62Jvf7+YhREDKW1C/YbJRufM6GoHNty5mmZeXi0ZZyx4KLlVs3dw9b1cXVWjV5rZZOXKEZlTMly9bHJ97XJ8c/1OWOS5L8foHqvkHqPkdzk2ROsIyR7xs11M7S0gnLZVv2DbyiyLLKJ8hZ/IT8s3skN5nvcQAAGPUIQAMAAGBEJeIx9SZT+R4DAAAAAIC8ScT5cQwAAANxXV8e7c8YQ3rcHr301Qvac2FnqOk51/ic3WeMZPx0XXM2kJzJP/cLFAfbJnu9lWt+NuFm6Uzhsh9ulzYDBJTTNypOlOieGRv1QMNDqi2uk207Otd+Tr/c81MdvvSVXN8bsOU5HKy2LStyj2zzczRknX6ejmXrkblPqKqw+mZf5nHNmf+Q/LN75O16Nd+jAAAw6vEdNwAAAIyoRIIANAAAAABgfEsk+HEMAAB9Gd8QfsaYkvJT+vD4u9p9bpt834RCyLkQcyRQnP2YTT4b5VLQoWOWnV4kG3iW1SdgnPl3OGidlX5syWTuFrNjqi+dpKWTVuie6Rs1sWSCLMtWd6pL289s1VuHfquLHRckPxqqDoqqg+eSCXLLBPP2ba7Ozp09YfmUNVpSv/TGX1j04yx+XP6Z3TJNx/M9CgAAoxrfcQMAAMCIKkjE1a7ufI8BAAAAAEDeFCTi+R4BAIBRx/V8+b65/onAKHH4yiH9/tj7Srq9knJNyZZl0o+VCz1nw9FhRso0Qluh9mgFyeJwkNqYPteFWphzy+ZS1Y7taErFdK2ZereWTVihiWWT5ViOjPF1rOWoPjr2rnad366uZGc68JxZOBzcDge1jfrPEglKhw4YY1RbWq8n535TjkUM6VawJ8yTs+hrcj/++3yPAgDAqMafPAAAADCiHMdWIh5TMuXmexQAAAAAAG67RDwmx7HzPQYAAKOK59H+jLEl6fXq5f0vqrmrSVI43GyCIHQ2pOz74WboXIo4+zAb/M82PvtGsu1M9tj0D0+bTHN0EEoOHfONVFFUoUfnPqm7pqxXZWGVbMvOHPO1/fxWvbLvX3Wp40JkXdu2MnPkYtvBslbkFgM0TodD0ZYc29JdU9dpSvm0G3tRcU3Ooq/JP7VT/vEt+R4FAIBRiwA0AAAARlxhYYIANAAAAABgXCosTOR7BAAARh3P9aNNssAolvJTevnAr3TiylFlw8LGlyw73NpsglZl21aoXTkTLratzOe8CcLR4Wbl7JnZULRCbcuWJGV+ny7bNB1z4qourtPySav08KxHVF1cmz1TvvHV0t2sj068q4+Ovq8etzsIV2f5vpFtWZmprWDh7PMxmedo9/k9vnBLdfp5GE0on6q1U9crZhNBupWsogo5ix6Tf2qH5CXzPQ4AAKMSf/oAAADAiCssSKi9ozt4SzcAAAAAAMYDy7JUWEAAGgCAMM/15Xm0P2PsONZ8RH849XnwM45wC3M2LGxpgHbk0BrpFudMSFp9Qs99bxiqYras3M9VjJFiTkwTy6Zo5eS1Wj5xhaaUT4sEjz3f1d7LX+rdw2/qUNN+GeMryGH3aXI2QZrZ9JvDUjrgnb2vFQpk9/24dto6TSqdMsArh5vlzHtA/slt8va8ke9RAAAYlQhAAwAAYMRZllRUmFBXd2++RwEAAAAA4LYpKkxE3jIcAIDxzhgj1yX8jLGj2+3W56c2qb3nqqRcEDjyZ7xwiXJof6Qt2bZkfBM0Q2ePhZuZ+waobTv72JIxRlXF1Xpg1td099R1qiis7Ne47BlPH5x4R28fekNt3a3pwYJ0dp/5rPSaMibY5/dpfA7msi0ZzwSBaCtzrTHSxPIp2jDjATm2M4xXF0PhLHxU/omtMu2X8j0KAACjDgFoAAAA3BbFRQUEoAEAAAAA40pxUUG+RwAAYFTxXCPf550CMXacaDmmXee3yzd+LszcJ+Sc/WhZkvHTzcl93xDTz7Se59bINC+b/mtZmRONMbItRxWFlVo2eYUenf2U6krqZfXpjPaNr4sd5/W7g6/oi9OfBUfD64VDy7l96XOCMHYogB3eTu/IXmWCdQpiBfrO4udVXlA59BcUN8yeukzOwkfkfvGLfI8CAMCoQwAaAAAAt4Xj2ISgAQAAAADjRnFRgRzHvv6JAACME75v5Hq0P2PsMMbXljOfq6O3TVIuRBy0KocExcr2AA3R2WORfSayP3KNSf+rtLBCqyav0V1T79Gsqjn9Gp+ldOvzrgvwQTBwAAAgAElEQVTb9fah13Wi5WhmjnRQObtu+rnktq3MTQacM3u8z9O0IlXVkm1ZWj55jRbULer/RHHLOQsekX/8C/mXjuR7FAAARhUC0AAAALhtSooL1d2TTH+DEAAAAACAO5RlWSopLsz3GAAAjCqe58vQ/owx5Gz7Ge04t1VSJvzsZ9LB2abnbEtyKGns+5I9yO/AhX80Eg0nh9qXJSViBVo2aaUenfOkJpdNUUGsoF/rsyR1pTr19pE39PGx99WZ7FCuUdoEYW0rtH5w/0ybs2X1/3o0Vij0HN6feb7ZUHR1Sa02znxQCYd3PLkdrJoG2fMfIgANAEAfBKABAABw29i2pdKSQrV3dOd7FAAAAAAARkxpSaFse4DaPwAAxinfN/Jcws8YO3zj6f1jb6uzt1220g3Ktm3lCl5CIecg2G+U+TNgrl3Z+JKsQRqhJflGchxLvm8Uc+KqL5uoJxu/oVWT1ypuJwaczRijC53n9eqBX2nHma0yxutzQvae6VmyZdNByNpo4PBz9mlYfcLPJtdsnZ186aSVaqicPeB8GBnO/IflH9ss/8yX+R4FAIBRgwA0AAAAbqviogL19KaUSrn5HgUAAAAAgFsuHo+puIgmPAAAwjzX550BMaZc6rykvRf2yLbCDcomCAFbof1BzjhzTjY8nA0OK7ytTD450yRtS7Jka1rlNK2Zuk53T71H1UVVsqyBa6RTXlI7L2zXe0fe0ImW4/J9P1voHBpKwdfbYMHr7LzKPM4+D2OUq3nOnp95gtnZ60rr9WDDI0o4Awe0MTKssjo58x4kAA0AQAgBaAAAANx2ZaVFam5pz/cYAAAAAADccmWlRfkeAQCAUcX3jDzPz/cYwJAZGX3VtFftvVclSbZlye/TmpwNP4cfW9my5UxSuN9xK9yinFZUUKz7Gh7WPdPv04SSiYrZg8d4ulJd+uDY2/rgyDvqSLZJyq6bbqbONlEPFHoO5jW5ALYV7M9Gm9MN1n5mndysJn0PGcVjBfrWou9pYtnkobyUuMXs+Q/JPvKp/JPb8j0KAACjAgFoAAAA3HbxmKOy0iK1d3TnexQAAAAAAG6ZstIixWNOvscAAGBU8Ty/X+gTGM26U906fHm/PN/NNCWbSOOzFGpKVmhbuePhsLOVqWgOtzLH7Lhm1TTq6QV/pLnVjZkQ8sCMjLpTXXpp3wvafOITub4buZfx063P0QbndJA5EpA2ucC0Ig3R4WB39Jqs7HNYPXWN1ky6S5YGnxcjxyosS7dAE4AGAEASAWgAAADkSXFRgVzXU3dPMt+jAAAAAABw04oKEyouKsj3GAAAjCoe7c8Yg1p6ruhM22mlo8cK2pzDGeXIY0XD0eFzshliY9IhZcdyNKl8mu6ZcZ/umrJeFYWV15zF810daT6sNw69rK8u7lO6jTm9bmZJ9c0ip2c2su1gIzpLJhgduSbUEJ19QuHGaGOMJpZN1YMzH7tmWBsjz5m3Ud7hj+Uf/yLfowAAkHcEoAEAAJA35WXF8jxfyZSb71EAAAAAABi2RDym8rLifI8BAMCoQ/szxqLLHRfV1Hk5EwpOp4D7BYSVCw1f63M8CEdLKoyX6L6ZG3XP9A2aVDpZjnXtdw4xxmjn+e16df+vdaH9rMJNzVaQfA7XUIfuGRqgb3N1uM26X0t1JvFsJNl2etuSZFmO1k67R9MqZlxzZtwGiWI5jRsJQAMAIALQAAAAyLOK8hK1XO2Q63r5HgUAAAAAgBsWizmqKC/J9xgAAIw6Pu3PGKMOXjkg1+vNBITTCeFw6XG2fdm2o9f1DULbtiVjSZaxVF82Sc8t/YEW1S2RbfW5cAC+8bTp5O/10p6fq8ftkW1Z8jNfTlaQxDbBfS0rGnq2sg+Ua3uONEf3DT8bSVb4uVrBczdGmlHdoAdmPqi4Hb/u7Bh5TuNGeQc/kn/iD/keBQCAvCIADQAAgLyybUuVmRA03wwHAAAAAIwljmOrsrxEts3bgAMA0Jfn+ZFyWmAsSHpJHW46EHzq5oLPmZRwJlwcNCpnjijUFJ3d9H2j2tJ63TV1vR6a/ZgqCiqHNENz9xW9d+xtfXD4bfnGlaX0WrnQcu4LK9zunL1vLohtBtgXPTd4bpbJhLqzwefcBZVF1frO4j9WWaJ8SPPjNkgUyWncQAAaADDuEYAGAABA3jmOraqKUrW2ddIEDQAAAAAYE2IxR5XlJXKc6zf4AQAw3tD+jLGqPdmmix3nlc0ZB0FnY4KmZKNca7JlhTaUa2e2LUfLpqzSQ7Me08zK2SqIFQzp/le6r+ilvT/Tl+d3yfPdSLhZGqC5OTOnrNAsJjpLOPwcborONUGHg9LRcHUintAjc7+mxup5Q5oft489937ZB96Xf2pnvkcBACBvCEADAABgVMiGoK+2dSqZcvM9DgAAAAAAg0rEY6qg+RkAgEF5nj9g4yww2h26clDdqa50y7NtyffTn8jB53NQ+Rz6mAkZZwPEpYVl+sb8b2vjzIfkWM6Q732p86L+6xf/UeeunpFkRcLOdmiW8H6TDT9ngtlB+FnRMHMuyK1+oerw8+t7bF7tIq2fdn8mTI3RxCoskzPnfgLQAIBxjQA0AAAARg3btlRVWaq29i519yTzPQ4AAAAAAP0UFSZUXlac7zEAABi1fN/I80g/Y+wxxuhQ0/6g/TnXlZwLBucalK2gFTobKo47Cc2tna/HG7+hxpr5Qw4/+8bXwaav9NK+X+h829nsNJFQci5gHb3WsdPzhI8HswZPrN/TiQSorWx7tHJN1jKWqoor9cjsx1VWUD6k54Hbz557n+z978o/vz/fowAAkBcEoAEAADDqlJcVKxZz1N7Rne9RAAAAAAAIlJUWqbhoaG9fDgDAeJVufyYAjbGnx+vW6asnpAFaksPh4/SxdPg5GxmuLKrWxlmP6L7pG1VeWCFLQ2tMNjLacX6rfrv/15nwswlapm3bynwt5cLWwTzB9aG1BviyC2bO/CsdeLYiV+auy9zDSLbtaOOsxzSvduGQnwtuP6u0VvacewlAAwDGLQLQAAAAGJWKiwoUj8fU3tGtVMrN9zgAAAAAgHEsHo+prLRI8djQ38IcAIDxyBgjn/ZnjFFJr1fn28+nNzIh5GzoONKwrFCDsiVNKJ+kHy7/S82paRxy63N6TV+fnd6kF7/8Z/WkehWEkjP39H0TbZ7u09ocFp4z+49th5urLfm+iazbry06u6YlrZl+t7425wnFbP78O9o5s++Vt/dtmZbT+R4FAIDbjgA0AAAARq14zFF1Zam6unvV0dlDawgAAAAA4LayLEulJYW0PgMAMESea4KQJTDWXOy4INdLpjcGaYAOB4qLEyVaOWWtvjH/GVUV1txQT3LS69Wnpz7Wb7/6lbqTPQM0TIfvafrsT4eZgx5nKxfK7huMzrre16UJnrKlhqpZeqrxW4rZ8Rt4RsgXq2aGnDn3yN36Yr5HAQDgtiMADQAAgFGvuKhAhQUJdXb1qKu7N9/jAAAAAADGgeKiApUUF8q2ectvAACGwhjJ8/x8jwEM2+XOy/L93OdwpPXZymWijZHqy+r12Nyva+2Uu1UcL7mh+7i+q4+Ov6+3D/1OncnOQUPLA82R2ZO7xvTLakvKzmvJN9EW6fCa4XOz+8qLyvXEvG9oQsnEG3pOyC979nppzxtST3u+RwEA4LYiAA0AAIAxwbYtlZUWqbioQF3dveruSdIIDQAAAAC4pSzLUlFhQsVFBXIcO9/jAAAwpvieT/szxrS2ZPuAbcrZZmQjI0uWGusb9dzSP9XUsumyrRv7M2PKT+mtI7/TW/t/q5Sfbpu2LEsmG1Q26V5nY5T5Rbz04/CPQ3JtzaGAdvixlbnOCp+XW8uy+oehs9sbZj6iJfUrbvh5Ib/sKUvlzFon76t38z0KAAC3FQFoAAAAjCmOY6ustEilJUXq6U2qpyepZMrN91gAAAAAgDEsEY+psDChwoLEdRv4AADAwDyP8PN4ZIxRKpVST0+3HCemkpIba0MeLVzfVWv3FRljomHjoH3ZqDBepLum36NvzHtGlYVVN3yPbrdL7x99R28e+K1SXjIdtE7fJXcfGVmhe0qWLMtE26iVC00Hs4ZanoPymMzHbODZ98PB5/T1tp396GjVlLv0tTlPKu7Eb/i5If/sWesJQAMAxh0C0AAAABiTLEsqKkyoqDAhz/PVm0wpmXSVTLk0QwMAAAAArsmyLCXiMSUSMRUk4rQ9AwBwk3zPyPP8fI+B2+zo0SM6cfKEWpqb1dzSrFkzZ2nDhgcUj4+9AK1nXLUn2yWZXEg41IxcVlCux+d9Q/dMv1+libIbXt/1U3rv6Dt67/CbSnnJ7PLpj+G26X7NzCayPxuCzl490C/vZfcFTdFG8rNR6+BeJghLW5al+XWL9EeLnldhrPCGnxtGB2fWOnnTVsg/vTPfowAAcNsQgAYAAMCY5zi2iosKVFxUIElyXU8p15PrefI8P3jrRd8YwtEAAAAAME5YliXbsmTblmzHluPYijmO4jFHsZiT7/EAALijeD7h5/Hoyz27tX37NvmZ//6O46g32TsmA9Cu76k72ZHbkUkPG0l1pRP1/LIfalHtEjn2jf850vM9vXnkdb154NV083M2oJwJI1uy5BsTCjdnW56z5+S6orPNz2HBNX3D0KHnoD7nhK+pK52gr89/RlVF1Tf83DCKxAtkz7qbADQAYFwhAA0AAIA7TowfZgMAAAAAAADAbWGMke9RPDEeTaifEISfJenKlStK9ialkjwONUzG+PJ8L/M4vc+WrZk1s/Wdxd/XnOpGWRqgbvk6Ul5Sn57+RG8eeFWun4wcS4eRc+Hn9E71u4sJHTfGZI6nQ9F9w88DtUnngtT9712UKNWzi58b9vPD6OLMvFvezldk2i7kexQAAG4L3tMNAAAAAAAAAAAAAAAMi+cZ+T4B6PFo4qRJisVyvXttbVfV1t6Wx4mGz/c9pTIBaMuS4rG41k5frz9b8Vc3FQ7+w9nNevPgq3K9lPq9QaXpG26WLJPen/3HsjJhZRNqbbaj4efsWlL/8HT2umjzc3qjqrhazy39Y62cuJrw8x3Cqpkhe+bafI8BAMBtQwAaAAAAAAAAAAAAAAAMC+3P41dJSakqyiuCbd/3deb0qTxONHwpP6mUl5RlWXLsuDbMfFjPLfkTTS6bOuxw8M4L2/SbfS+qpfOKJNMnhKx023OfpX2T3h9koEPnDsaysmtZ0WtC9wgVdcsYo5JEhZ5e8B3dNWW9bIvo0J3EbiAADQAYP/hTDAAAAAAAAAAAAAAAuGG+b+R5/vVPxB2puKhYVdVVkX0nT57M0zQ3J+W7cn1Xjh3TfTMf1DfnP6vSRNmw1jLG6PCVA/rx9n9UW09rtpw5aGK2rExIOdTGnJUNRGfPs7LpZuWu830jS1YkUG0ybdLhNcJsO72OZUkF8UJ9c+Gzunvqejl2rP/JGNOchrWypy7L9xgAANwWBKABAAAAAAAAAAAAAMANI/w8dhlj5PveTa1RVFSkqsrqyL6Tp07I98fe54XruyqMF+qJxqf17MLvqDheMuy1znWc0Sv7f6WuZEdkfziYnAsvZ+LRoXB0en/2TJM7J8Q3JjgnWNcMHH7O3ceopqRe3136x7p/xgOEn+9UsYTshjX5ngIAgNuCADQAAAAAAAAAAAAAALghxki+1z+YidHv8uVL+s3Lv9KWLZtvap1YLKaamho5jhPs6+joUNOVppsd8bYrihXrycZv6vHGr6soVjzsdZJur367/zc60nRQlnJB5nRDsxV6nN4ftEFb6tMUbYUe5/Zn5RqiQ+sofZ0JmqVDi0qaVDFNzy/7U903faNihJ/vaPaM1VLh8BrMAQAYS/gTDQAAAAAAAAAAAAAAuCG+78v3CUCPJT09Pdq8+TN99vmn6urq0qnaU1q0aIkqKiqGvWZdfb3i8bg8L9cmffLkCdXX1d+KkW+bmuJa1RTX3tQaKT+l1w69rJ3n/hBpbc61Mvfflw04h4PO6W0TaXPOhqRty8ocS38MgtTBeSazkTsQdxKaUtWgP1v+F5pcNlWWBqmJxh3DnjhfzvRV8g79Pt+jAAAwomiABgAAAAAAAAAAAAAAN4T257Hns8826b3331VXV5ck6erVVu3bt0e+7w97zbraesVi8ci+o0eP3NScY1HKS+rD4+/q3UNvyPgmlz8eoL3ZtnMB5L4t0ekH2XbnaFA5fW76pOwvH0RboNMPrMw6cSeumdVz9eyi5/R/rPv3mlI2jfDzOGLPWJXvEQAAGHE0QAMAAAAAAAAAAAAAgCEzxsgjAD3mrFmzVlu+2KLOzg5JUiqV0p49X2rJkmUqKysb1ppVVVUqKS5WR0d7sO/8uXNKpVKKx+PXuPLOYWR08MoBfXj0HfnGU6asecB253R+2YQeR8+JnptrgbYtS0YmEqQODZBeMXN+IlGoOTWNunvKes2unqfa4lo5NvGg8caevlJW+QSZtov5HgUAgBFDAzQAAAAAAAAAAAAAABgy3zNBEy3GjvLyCt13732RZuGTp07q8OFDw17TcRw1NMyM7Ovp7VFz85VhrznWdCY79MbBl3Wl47KMyQSbByha7vslY4X29w1Bh883RvL7LBo+z7ZtObajiqIqrZm2Tv/bun+v/+Wu/1Prp2/QhNKJhJ/HKatyiuxpK/M9BgAAI4o/5QAAAAAAAAAAAAAAgCHzfMLPY9WCBYu0Y+d2Xbp0Kdj34Yfva/78+SouLhnWmg0NM/XFH7YE28lkSpcvX9aECRNvet7RLukl9drBV3S46VCm9tmSZQ389WFl/tUvCG3lPoYboKW+52YaoS1LliyVFJSotrheU8unqbF2nhprF6qmqFa2RRci0uzpK+TteyvfYwAAMGIIQAMAAAAAAAAAAAAAgCExxsj3CECPVdXV1Vowf6Gamprk+74kqbmlWZ9//pkefvjRYa3ZtwE6lUrq8uXLNz3raGdktPXcZn164sP0lpEsy+RaoDMiweYg4JzZyK7VJ/gcvi63bas4UaKGqlmaUTlLs6vnaGLpZFUWVKogVqABa6cxrtnTlsuqnCLTejbfowAAMCIIQAMAAAAAAAAAAAAAgCHxPSPTt8IWY4bjOFq+fIW2bd+mzs6OYP+27du0cuUqVVfX3PCaFRUVqq6uUXPzFUmS7/u60tykVCqpeDxxy2YfbS52XNA7h95U0u0dIOCclv1Sye4zysaUTbCRvTZ7bvajbVmKx+OqLq7TgroFWli/TI3VjSqOl9LyjCGxyuplT10mjwA0AOAORQAaAAAAAAAAAAAAAAAMiecTfh7rJkyYqOXLluuzzz8N9nV2dmj37l3asOEB2faNh2unT58eBKAlqaW5Wd3d3ZEAtO/7cl1XicTYD0UnvaQ2nfy9Lnacy7U0G0mWNeAvCFiWJd830TZoK93qXBCLK2EXqChRrMqiKlUVVWti6WTVlU7QtPIZqi6qVoFTSOgZw2JPXSZv75v5HgMAgBFBABoAAAAAAAAAAAAAAFyXMekGaIx9GzY8oP3796m5pUWS5Hme9u7bq2XLVqi6uvqG12uYMVO7du0MtltaW9Td3S3P93Xp4kWdP39OFy9dVE1NjTbc/4Di8fgtey75cLz1mLac+lSu5/Zpb/7/2bvv+DbOxM7/n2dQCICdEtWo3rvlJlmu6969Xq+93nLrLUk2t2n3urskd5dc8V2Su8vvleS3ud+lbTbZbMt6m9va3ther73ukm3Jkqxqq0ukKFLsBQQw8/z+ADAACFKFIglS+r5fL4vAzDMzzwzGNgR99UXxvx8WwBrCwRCRYIxoKEpNtJZZFQ3UxOqoi9ZSXVZLebiSmkgNkWCUcCCswLOMCmf2WkxlPba7pdRTERERGXUKQIuIiIiIiIiIiIiIiIiIiMgZeZ43ZMBTJp+Kigquu/5jPPXUE/6ypqYmdu76gOuuvf6c9zeroYFAIIDrugB0dHTw99/4OonEANZa/96ZO3ceV1y+npqamlE7l/Hmeime3fc0nf1tAHg2HYB2HAg6DuFgjPJQBVVlldTEaplbPZ/ZVXOJhcqZGqsnFi4naII4xsFg0k3QmBKflVyoTPVMnIa1uHteKvVURERERp0C0CIiIiIiIiIiIiIiIiIiInJGan++sCxbupxZs2bR2NiYWWJ5443XuOzSyykvLz+nfcWiUWpqajl1qtVf1tfXWzSuu7uL7u7uSR2AbuxpxNoUlzZsoDwcpSpSw9TYVKZE6ykLRqgMV1FVVkVZsAwwGGMUcJaSchrWKAAtIiIXJAWgRURERERERERERERERERE5Iw8TwHoUvM8j1OnWqmpqSUUCp3XviorK1m1ag3Nzc1+c3NXVxe//OXL3HXXPee0r7KyCFOnTC0IQA/HdVMjmu9EUR+r59cu/w0iwSgBJ4hRyFkmOKdhDYSjkOgv9VRERERGlQLQIiIiIiIiIiIiIiIiIiIiclqeaxWAngAOHT7ED37wfWbMmMGDD36KyorKEe8rEAiwZs1a3nlnMx0d7f7yrVu3cPkVVzJ92vSC8SdPNmOMob5+WtG+IpEIdVOmFC0PhULMnzefRYuXsHDBIqZMmUJZWXjEc54IIsEokWC01NMQOWumfhHOzFV4h98t9VRERERGlbHW6ncoIiIiIiIiIiIiIiIiIiIiMqxU0iOZdEs9jYuW53kcPnKYxx77Ht3d3QBUVFRy+213sGrVaiKRyIj3/dJLL/LSL37uP3cch2uvuY5bb70dz/NobDzO5nc2sXXrVtauXcsnH3hoyPbpLVvfY/PmTUypm8Ls2XOYN28e06fPIBAIjHhuFwxrwUtgUwPYRB822YdNpvAGOiHRhU3FsakkGIMJhjHhSkxZNSYYwQRDmFAZJlQOgSAmWAbGATVOyzlIvflNUm99q9TTEBERGVUKQIuIiIiIiIiIiIiIiIiIiMhpJQZSuK7iBaXgeR579uzmmWefpqOjo2BdWVkZy5et4Kqrrmbu3LkYc+6h2P7+fv7mb/8vra2t/rKpU+vZuPFqGhuPs2/fXj90XVVVzaceepiFCxcV7SeZTGAthMOTu+F5tFgvhe1vw+s8RqrlMG7nMdyOFryeFry+Dtz+AUj1Yz03HZDGkg01m0AATAgTLMOJluFEKzHRqTixCoI103BiUwlMbcCpaMBEqzDBWEnPVSY+79BmEj/5/VJPQ0REZFQpAC0iIiIiIiIiIiIiIiIiIiLDstYyEE+hdEFp9PX18vjjP2HX7p1DrjfGUF5ewbXXXsfGq64esp35TLZt28oPfvhYwT6DwSDJZLLoWFddtZG77rxHzc5DsRav9wTJ4+8R/3AL7sl9uN1d2GQCvBTWeuAB2HTbc/oRYDOPs0sKg+wmM8YaJx1yd4LppuhojFB9A+GGVQTnXkqgdgFOpLpoexE70E3in38D23a01FMREREZNQpAi4iIiIiIiIiIiIiIiIiIyLDclEci4ZZ6Ghe1HTu288STPyEejwPgOA7hcNh/Dulw8qqVq7nlltuYMmXKOQWUe3t7+c53/4kjR44Mud5xHCoqKlm8eDE33HAj9VPrz++ELgTWgpfEG+jB6z5Bqnkn8X3v4Z7cRaqrO5NsNmCysRzj/5of1CkMQZv0Y5sfkM4PRKcf+9vY3L6NgcDUesLzLiU0Zx2h+qU4FVMxoRg4wbG6CjKJJH/2P3F3vVDqaYiIiIwaBaBFRERERERERERERERERERkWMmESyrllXoaF7VUKsVzP3uGt99+C0iHnRcuXITneRw+fAjPy70+NTU1bFi/kcsvv4KKioqz2r/neby96S2ef/5nRa3PdbV1rFq1mtWr19DQMBvHcUbvxCYp29NE8sSHJE/sJtm0F7f1MG5PJ9b1CgLNkI0rF4aeB+2NglCzH3gevPzsmWCQYM0UgtOWEJy1nLKGNThTF2JC5ee4J7mQuFsfJ/mL/1PqaYiIiIwaBaBFRERERERERERERERERERkWAPxFJ6naEGpxQfifOMbX6ex8TgAsViMW265jebmE2za9HbB2GAwyJw5c7j/4w9QXz/trPbf0dHBt7/zTU6cOAFAKBRi/foNbNiwkZrqGoLBi7tF2Cb7SB59h/jeX5Jq3I/b3Y5N9GHzwudYizGFLc5ZBa3NJq8NOpN39tueLbntbOaXvP0U7i+/HTo3B3+8MZhAECdSSXDaHKJrbiW88FpMWdX5Xg6ZhLym3ST++aulnoaIiMioCTz66KOPlnoSIiIiIiIiIiIiIiIiIiIiMvF4niWVVPvzRBAMBqmvr2f37t2kUkmSyST9/X3cdefdzJ+/gGPHjzIwMACkG507OjrYvHkTgWCQ+qn1hMPh0+4/EongeR6NjcdZsXwlDz/8Gdatu4xYLDZ6rc+ei03FYaAL29+F23GYVPNOUif2kmzaQ6pxH6kT+3BP7sM9tR+v8yg20Yl1XUjFwUv5jcrpkG9xMHisGAM22YVxB7BOGCfkYa2DcUx6TtlpZWdlci3OkDfTQWHm9FOb2zIvHI3J5qHzlhUEqIcKP+cvtxjPw0v047U3M/DhmyT2vohN9uCUlWPCUUwgyHheRykdUzEFd/+b0NtW6qmIiIiMCjVAi4iIiIiIiIiIiIiIiIiIyJDclEci4ZZ6GpKRSCR48ecv8Pbbb+K66dflyivXc++9H6f5xAlee/1VduzYTn4UJBAIsHjxEq6++loWLVx02jBzPB7nxIkm5syZSyAQGJ1Ju0m8vhbcU0dIntyP23YUt+MobncHNt6NTfRjXQ+sJT/BYhyDcRxMOAzhCgKRGE7lFAJVs3Cq6wnUNBCsa8CpbMCEouCM0nzPhnWxAz148Q68nkbc9la87iZSbSfwek/hdpzA6+3CSyXB9YbJFxeGo/PDO4XPM+MGN0cP2sdgg/eZHp4JSDsBAtV1hOespWzp9QRnX4ITqRp2X3LhSD7//+B+8FyppyEiIjIqFIAWEREREQsIVuIAACAASURBVBERERERERERERGRISUTLqmUGqAnkvb2Nv7pW/9IS0sLAIFAkDvvuIurr76Gvr4+du7ayXPP/dRvg86qqKhk3bp13HD9xygvrxjbSVqLHegk1byDgX2vkziyF6+vEzvQlw4FZwwV/AWLzXQY20zo12DBmvRYAyYYxAmVQShGsLqO0MwlBBtWEJp1KaZ8KsYJju35DcVLYlMD2GQcO9CL19uG276f1Mn9JBv3kuo4iRePg5v3FwqMGTrDnBd2huLAc/r5oGC0tRhj/OuZ64AevA9y2xsHJ1pJaNZSyq+4j+DsKzDByGhdEZmA3PefJPnS10o9DRERkVGhALSIiIiIiIiIiIiIiIiIiIgMaSCewvMUK5hodu3ayfcf+57fAh2JRPjiF77MrFkNvPvuO/z0macYLg4ye/Yc7v/4A0yfPn30Wp6zvCRuTwvJA6/Tv/1Zkk1HsB7DhHkHh3TTsed0rDcdgsYPQJM7n+y+soFfm9nWgUBFFcG5a4gsvYbgjLU4sTpMsAzM8K3XY8564KXw+lpJndyLe3IX8SO7cE+dwOvrAzeRDoyTO+/8PHQ2H527Zplr4z/PjSNvrMXi+JHyYRqhIXeNHYfosiuIXP4Qwekr063acsHxGneS+P5vlnoaIiIio0IBaBERERERERERERERERERESlirSXenyr1NGQYzz33DG+8+bofDF64cBGzZs4qWBaNRkmlUiSTyYJto9EIt992F1deuR5jBtcPj0BqgFTrPgY+eouBfa+Tam3Eup5fcFxcc5zfZDy84tbi3OP8vVq/BTmz3nEI1E4lNHMZ4QVXEJy5gkD17InRbmw9bLIf23uCZOsR3JN7SLUcI9XeiNfVghvvT4e7GSa4PGw79OmOaTMXrfi1LtjeQqC8krIlG4isvoXgjNWYUGyEJyoTUmqAge/8KrbtaKlnIiIict4UgBYREREREREREREREREREZEiruuRGHBLPQ0ZRldXJ4/94J85dOgQAI6Tbjn2PA+AWKycT37yQXp6enj55Zfo6Ojwt62srOIzn/4s8+bNP78AtLV4XUfo3/YEA3s3k2xvAdcFM0R4OdvYXBDrNbkm50G7zg82Dx0GLgxVDxWKNo7BhMpwqqcRnr2EyIqbCM68BBMqH/k5jyoLXgqb7MPrbcftaiTVtJvEwXdINh/ESyTT4WVLQeh5KEMFofOvG0XrbS4wPvj6G0OgspboymuJXPoAgeq5Iz1BmYCSz/x33L0vl3oaIiIi500BaBERERERERERERERERERESmSTLqkkl6ppyGnsX37Np586nHi8XjB8lgsxv33P8DqVWsAOHWqlR/+8Ps0NjVRUVHJFx75IjNmzDyvY9tELwN7n6fn9e/itreDMziCPKjz2WbWmdy6grCyMbkmZ4YJNA8xZqhu6UEz9Rc64RChuUsov/JhgrMux4SiYJzzug5jwboDeB1HSOx/hYF9b5E80YR1k1h7mn8frZ9mLlg8ZHN25lrir8uF0dO7yAaiDaH6esqve4SyBTdCKAJDtEjL5JLa9B1Sr/9DqachIiJy3hSAFhERERERERERERERERERkSKJARfXVQB6IkskEjz90yfZsuU9f5kxhiuuuJJ777mPYDDkL0+lUmzZ8h51dXUsWrR4xM3PNhXHbf6Avq3PMbDvTbxEYlCYOZ3BTQeVsxtREMwdtq04L9ycd0TADBnkzR9RuN+iyG/BYBMMEp63isiyjxFeuB6nYjqYwFlegfFksYke3PaDJPZvInl8D8mTB/F6OrGZpu/BYfDB2+eH0YcKCA1u1TbkB6MBa3GCIcpWbCR66X2EZl4CTnA0Tk5KxNv/Jokn/6DU0xARETlvCkCLiIiIiIiIiIiIiIiIiIhIkXh/CkUKJr6Ojg6+8Q9fp63tlL9s4YKFfPKTn6K2tnZUj+X1txN//3H6tz1PqqM1vXBw87AffDZFDc2DH2cf5DYtbnnO7tOYXDzX+svMsFHn/ED1UG3SGIMTjhCcNo/oJbdQtuQmTGR0r9eo8lJ4/e2k2o6QOryJ+N7XSZ1qxrreEKHxrLxm5xEG3rOMcQjU1hNbcxuRS++f2NdKTst2NjHwrS9Dsr/UUxERETkvCkCLiIiIiIiIiIiIiIiIiIhIAc+zDMRTpZ6GnKUjRw7z99/4O1zX9ZfdfPOt3HTjzSNuei4S76DrxT+lf+dmcjHj/IZh6/+aDSdnRxQ9Jy+IDH7oOTcmHXUeHITOP5Pi1ufs89yc8gPQNldNXRQGNhbCC5ZScdPvEKxfNkHboPNZbKKb+J4X6N/0I1KnWnLhbn+IxTiGglTQ4OsBBc/zA+X+PowpDI5biCy7jKpb/g2meu4Yn6eMlcT3vop3YneppyEiInJeAo8++uijpZ6EiIiIiIiIiIiIiIiIiIiITByea3Fd9alNFuXlFQzE4zQ2HveDrU2Nx5kzdy51tXXntW+bipM8+Dqdz/4pAwc/GLTWFD1Olz8PEbrOa4i2mYZof5kxfjg5HYLOi/IOF+AeKshMNpKdmUte+7MfBDd567PbGHDbWxnY8wrEWwhU1eNEq8E4Qx+75AwmUEZo+krKVnyM4NRp4Mbx+rqwbvovLgzVjl0Qhjem4PoVhp8zkefM9fNfjcw2qfYTJI9vJVBRi1M1HeOExu5UZUx4jR9gWz4q9TRERETOiwLQIiIiIiIiIiIiIiIiIiIiUsB1PTxPAejJwnEcamprOXhwPz09PQCkXJempkauuGI9jjPCIK+XZGD70/S8+i1SrY15geL85mcKwsi5SK31g8aDg8rOoOBt3hN/WzCnba8eal06rDtE03TenApD27kQtDEGUimSJ/aTatyJIUlwynwITOxwrwmVE5y2jPCCywlNm49N9eJ1tWJdNy90Tib4nXf2tjhgPnTXdna7wmvndneQPLwVQ5xg/SJMMDLapyZjyLYfxTv8XqmnISIicl6MtVa/YxERERGRCcFay8uvb2H7zv0cb2oh4DjMnTODy9Yu5aorVpV6eiIiIiIiIiIiIiIXjcSAi+t6pZ6GnKMtW9/jxz/+IQDBYJAvPPIlFi1aPLKdpfrp3fTX9L79PDaRzDUEZ1qa02ETCzbbHmzzwseZsGwmGF0YQk4zmXEmL1pbMMbabJ10el02ZJ23TwYtz4airb+98ec4OOibH4rOzqFgfo5DdNUGKq7/LUzlzBFcwFKw2EQvyYMv0/2Lb5PqaAUGtzvnzt9mrll+7Dx/X0WvYcFrn3l5AgGia2+g4obfxkSqx/DcZDR5+98k8eQflHoaIiIi50UBaBERERGZEDo6e/j77zzN/oPHh1y/avkCvviZu6isiI3zzEREREREREREREQuPvH+FIoTTD7WevzoRz9g/4ED3HnHXaxbd+lI9oLX1UTf29+kd8tL+TsfouU5f6tCfmgZCrYb6q4qWF4Umi4MMA8XpobigO7g9cPNtWAf+c+NITx3CbGrHiE093JMoGyILScii9fVSP/2J4nvfI1U+0n8Vm1yAfGia+WHzikMhQ967fO7oK0FHIgsvYSK63+TQN2iosZvmXhs+zEG/vHzDP1vg4iIyOSgALSIiIiIlJwFvvY3P2DvR0eYWlfNp+6/mcULGwDYf/A4P3rqZU62trNy2QJ+5ysPlnayIiIiIiIiIiIiIhc461ni8VSppyEj1Nvbw5GjR1iyeCnBYPCct/d6T9L7yl/Tv/stbDJZmHQdFIAeOmic7nU+nfxi5mL5fdDF+yk6xjCh58H7yzZO56K9Q2yTd465Y0GgoobIFXcRW/dJTKT2tOc2oaTiJE/sJP7+U/Tv24wdSBRc0uGbn/MC0JmXIf8VGapNGqBs3grKb/gKoZlrwDijfz4yqga++Qi27UippyEiIjJigUcfffTRUk9CRERERC5ur7+9jZdf30JtTSX/5d9/kdmz6gmFgoRCQabX13HNhjVs2b6PQ0eaqK2pYu7s6aWesoiIiIiIiIiIiMgFy/PAdb1ST0NGKBwOM3XKVAKBwDlv6/Wdoue5P6J/77vgpnJJZUxRq282iJwNF6ef2ryVuZSzGaI52jA43mwze8puZ3L7y9uHv8yvKjZDxKRt3qzy26Sz+8ibhcmOzztGwbkYvEQ/yWN7MaluQrNWY4KTpAnaCRKomkl4/lUEa2txT+zFi/cD6ZfTZq6Mf6389m1TcImyP4Zr8M5yO1txWz4kPGctTmwSBcUvUt6hd7DtR0s9DRERkRE797/qJyIiIiIyynbsOgDAA/fcQDRa/KFhOBziU/ffxP/39z9m286PuGbDmvGeooiIiIiIiIiIiMhFQ18kPfkZUxwJPhOvq4meV/4v/R99kA7HmnQMNr/NeXBjcDYoa63NyyPnNyunA8bpJmGLNflb5cYZx2BCEUykHBOqwIlEcSorcWKVmFAZJlQJTjXYAWyqA5sawPZ34/V24/UnsAPd2EQ/XjIOyQGs62WOlZ6tLQhB5+aY3wqdH6u2FDZBg4FUkp53f4Y70EPFNV/GqWpgcIR7YjKYcIzIynsJ1sym57Vvkjj2ITaV8uPP2ddnuCbtoYLP/jI/NJ2+bonGA3Q++8dU3/UfCUxZpCboCcypbUB/1UVERCYzBaBFREREpOSOHm8GYOmiucOOWbSgAWNyY0VERERERERERERkbFhPAeiLjdfXSu9b/0h83zu5wDKQDfgWB2BtJvyaCVtnwsLWFI4pCAjnBYqzoWonEiE0bS6hhjUEps4jWDcbp6IeE64EJwROAEwA4zi5fVkPaz3wUuClsJ7F9rXg9bSR6jmF134Er+0oydajeN0teP39uVD/kCHfwT3UBZ3W/lgL4Ln0b3sF29tGxY2/QWDKkqLtJywTINhwBVX3zqZ/6xP0b3sBt7szb/3Q4ecCNhsMz3tts689uWh7qvEg3S/8BZU3/xaBaSuL2sNlYjA1DaWegoiIyHlRAFpERERESs5xnMzP4T8Ay37tXXbsaInHEzS3tAFQW1NJVWX5accfPnoCgMqKGHW1VaM6FxEREREREREREZGJQA3QFxfrDtD39jfo3/5LrJuEIcK/QHGDciYDm98eTMH4wa3KuZ06oSCRZRsoW3M3oelLMeEKcIJn1xZsHIxx0uOzs41UEqhbSAgLnot1E5DoJ9V5nOTRdxj48A1SLcew8WRuPgXNxbl5Zs87236dH/fNnmt8/w7gb6m87d/hVM0+85wnEKd8BrGrvkRo5iq6nv9L3M70n5Gka79zzdf51yV3PbJMwTXJ/syNtwwc3Yd57etU3vGfcCpmjMOZybkyNbNKPQUREZHzogC0iIiIiJTcnFnTONXWyf5Dx1m3esmQY/YdOIq1ljmzpo3qsfd+dIS/+eYTAHzi7uu5/aYNpx3/v772HQAaZtbzX373i6M6FxEREREREREREZGJQAXQ4yeVSuG6LmVlZSU5vk310/fu9+nd/AKQaz7OhZVtphnYFrYi590jBooafgc3RmfDxk4kRnjOCmIbP0No5iVgAqN8RgacIMYJQihGqHwKoVlria3/EqmWnQzse5XEwW2k2pux8V6s5xXN2RQsGdQATSYg7HkMfPQ+BP+Sylv+/aQL+JpghPCi66l9cCpdL36N5PGDWDdVMMZi05Xe/gXJjzkPuk8GbWkwWGuJf7QD57V/oOKmf4Mpqxir05ERMtUKQIuIyOSmALSIiIiIlNwlqxfz/gcf8uOnXmbZorlEo4Uf9Pb3D/CDJ17yx04EnhpQRERERERERERE5AJkrcUqAT1uDh48wPvbtjJ37jwWL1pCXV1dUZPymPGSDOx+nv7NTxYstvmP/LkU9iHbopbowlBs0Rk4DqHpc4hd/gnKFl+HidaN6qmckXEITltDsH4l0cvaSDXtZODQeyQObSXV2gSexWYmnd9inK64zvz066Gz18UysOc94C+ovOV3cSpGt8BlPASmraTqzv9A75vfoX/3m+Amyb2+JluVnQ7B2/z7IfcqD3W3+tcOS/+OV3DKK4ld9SVMuHIczkrOlqmegamox/a0lHoqIiIiI6IAtIiIiIiU3MYrV/Pu+3vYuecg/+PPvskD99zAovkNAOw/dJzHn/kl7R3drFq+gI1Xri7xbEVEREREREREREQuXOp+GD+u63LgwH62bt3CBx/soKqyijVr13LrLbePSwg61byb3jcfw+3r8ZflYqu5J7lmZJMJB2eDrxZrDMZmn1Gwn2xw1jgOkZXXUX7tlwlUzQJntFufz4EJ4MTqCS+8gdC8DXjrTpA4/Cp97z1HqrUFY3IBaJMJfUMu92szF8SAHwePf7iVQPU/U37tr2JCk6/lOFC7kIqbfhsTidD/3ovpoDM286Kb9GsI2IJ7Mr8NPD8YnV6Xi0kb8Fz63vsXAjXziKy5F4wz5uckZ8kJYqqmKQAtIiKTlgLQIiIiIjIhfPEzd/HNf36WXXsP8Q/ffaZo/cpl8/niZ+4qwcxERERERERERERELh5WCejxY/CDo8lkklNtp+jo6BiXQ3t9rXS/8tek2k8WVTanA63pCZq8tufCOyOz3BYGYE3+9sZgwhFil99O+YYvYCI143FqZ8cYTDBKYMoColMWEF58M/EdTxHf8UvcrjbwvFzY2+TOMRsGz7VEA65LfMdLhGYso2zFnaU5n/NhDE5sChU3/jsC4TC977yIl4hjjCk8T/LC8VnWFowbfH2y29qBOH3v/oTgjKUEp60Yy7ORc2SqpkPjzlJPQ0REZEQUgBYRERGRCaGyIsbvfOUhXt+0nfd3fMiRY80AzJ09nXVrlnDthrUlnuHZSSSTtJ7qpKOzh/qpNUytqz5jU8fAQJJDR5uoqapgWn3tWTd79PcPcLyphYqKGDOmDf11gd09fZw42UZNVQVTp5x5Lp1dvbSe6sAYw6wZU4lEwmc1F8+zHDl2glAoSMPM+qL1Xd29NLe0M3VKNbXVZ/6Ku67uXpqaTzF9Wh01VZOvMUNERERERERERGSyUv55/KSSKWbOmEk0GqW/vx+AWbMaxrz92cY76X3tb0kc3pdeMPhw2eMb/PBzbuNs2DkvCps33/zbxymvouKazxFZczcmFBvFMxh9garZlG/8CmXLb2Fg50vE975J6lRjbsAZXhOvr5fet79PcMYKArXzx3i2Y8MEwkTX/wrWidK7+WlsIp5rgc4YHH7G5Dd/D0rS5+8bSLYcp+/t71F5x+9jwlVjcQoyAqZyWqmnICIiMmIKQIuIiIjIhHLthrWTJuycL5lK8aMnX+bVt94vWnflpct56OM3UVVZXrD8jU07+MVr73G8KffVYo7jcM9tV3PnrRsLPib8s7/6Ph8dOEYoGOS//v6XeOzxn7Nzz0EA1l+2ki9/7m5+4/f+HM/zWLpoDnffdjX/+L1n6Ozq9fdRVhbiV//VvaxZuahgHs0t7Tz7wpu8+/4ePM8rWLd44Wy+/Nm7qavNfRh5vKmFP/qzfwLg/ruuo7Orl1+++b6/bSgY5L47r+XWj13J9p37+d6Pny+Yx4xpdfz2rz3IlLrqgmN5nuUnz7zClvf30t7ZXTjvz9/HmhULiy+8iIiIiIiIiIiIjCrrKQE9Xp597qecam3FcRx/2bGjR7GZVt0x4bkM7P05/TvfyFtYHFz1m5wh0/CbHpPf9os12YJkfy+ZDQhU1lB5069TtuxmcCZJNMUJEZyyjMDV8yhbfjP9W35A/47XsamkHwLOXql0/3XmWliLNZBsPkbPS/8vVff9MSZ85iKQichEqold+TmwCXrffBprveIxea3ghY3Q6WemoDE8796ylvieTQSnfZfY+l8HJzCWpyJnyVQUl9qIiIhMFoFHH3300VJPQkRERESkVJpPtvHu+3sAWLF0HosXzD7t+GdeeBNIN1Z/7JpL/eU/fuplfvnmVv+54zj+h8ONJ1p5850PuP3G9f761zdt57s/fJ7unj4AopEyPM/ieR57PzrCyZY2Llu7rGB8e0c3nufx7tY9HGvMhaYrK2NcdcUqfvp8+gPrru4+3ti8g4GBZMHcXdfjna27uerK1cSiEQD6+uP8p//xtxxvahnyqy3b2rvY9sFH3Hj95f6H2KfaOnlj0w4A9h9sZP+h4wXbep7H7n2HSCRTPPbEz4vm0dPbz96PjnDD1esKln/ju8/wxqbtxAcS/jVJpdz0vLfspq62ijkN04vmKCIiIiIiIiIiIqPHTdkhPyuU0dXScpLHH/8xHR0dJJO5z1BPtpykvLyc+vppBAKBUQ9Cp1r20fvqP+J2nvL3bTB+m29BzNdk/rE2k2FNry/oA/a3yXGi5VRe/wUiK++cPOHnPMYJ4pRPpWzRtYTqp+K2H8Hr6xk8atDT9HVItbcSrKkhOG05GIfJyATLCDVcikm1kGw+5NfCG8g1gOeF48kE9k1mdWFbdi78jDHgWdzmg5TNW4lTOYOi6yjjzva04u19udTTEBERGZHJ905TRERERC447R3dvLN1N8ebWujs7qWzq5eu7nRjcFVlOdWV5VRXldMws54rL11Bbc3Eak5oPtnGy69vAaB+ai2/85UHqZ9SQ19/nHe37uFHT73M+ktX+ON37T3Ed3/4PADT62v5t1/9NDXVFbiux7ce+xmbt+zina17uOWGK5k3Z0bR8bp7+lgwdybXbbyE+XNnFrQzQ7qNOhQM8sin72DV8gUcPNzEE8/+0g9NP/+LTXzuwdsAiEUjLF00h6bmU9x929WsXrGQupoqDhw+zmOP/5xjjS20tnWy7YMPWbd6SdFckqkUixY08MjDd4K1PPviW2zesguAF17ejOM4PPLwHaxZsZDtu/b7gejjTS0cPd7sB5qfePZV3ssE0ddftoJHHr6TYDBAV3cvf/5X36e5pZ0fPPkSV6xbTjgcOq/XS0RERERERERERIan8PPY8zyPt956c8h11lqe/ulT7PtwHytXrmLB/AXU1U0ZlSC0TfbT/96PSbQcA5Nr7rVQEFr1m439BUO1/eaW5xqhwYRDlG98iMiquyZl+LmACRBecifVU5bS9+5PiO95Ix2EHvxa5F8H69G//QVCcy4nUDd5v9XQBMuIbvx1vHiK/p2vgOv6r7MBbP45Z++lgv925Lqy/TB9JjDvxeP0bP4xlbfOwSlX+3CpmYoppZ6CiIjIiE3yd5siIiIiMpltem8nb2zawYcHjjL4M/XsV/719vbTdKLVX/7Es79kycI5XLNhDRsuXzWe0x1We2e3/3jjFauon1IDpMPF11+9jvWXryz4VPiNzTv8x5954FZqqisACAQcHvr4jX6A+Jdvvs8jD99RdLyli+bw737j06ed02/92idZtnguAKuWLyAcDvHnf/V9AI43tRSM/eqXPkEkWlbQs7B4wWzuvGUjf//tp9PbNLYMGYAG+NdfvJ/KihgAX/rsXWzb+aHf+nzN+jVcdUX6ddp45Wo6u3t58tlXAWhqbvMD0K9v2g6kX/fPPngbwWD6q++qKsu5787r+PtvP83AQJIduw9w+SXLEBERERERERERkbGh/PPYS6VSpNwUxphhA+d79uzmwIH91NbWsnDBQtavv4pp06aPPAhtPQb2/gvxXa+B5xWFnE2mvteeTSNvfgtwJthqMBBwKN9wL7HLHoJgZGTznGiMQ2DKEio+9puE515K7xvfJtXaBORdq0wDcjbym2o+TOLAG0RrFxSHpScRJ1pDbOPncDuOMXB4j98IXnzHZs6xIChv/J/F4yyJg++TOPA6kTWfGNNzkDMz5VNLPQUREZERUwBaRERERMZdb28/3/rBz9i+cz+Qbk1eu3IRSxfNoWFWPRWxKJFIGIB4PEFPXz/HG1vYt/8o23ftZ9/+o+zbf5T3tu3lCw/fSXl5tJSnw5KFcwgFgyRTKX7287dxXZcrL13BjOnpvzUfKQsXjP/owFEgHfatn1pDW3tXwfr6qbW0tLZz4uSpIY933cZ1p51PNFLmh5+zFs2fheM4eJ5He3t34fhomf/YAgPxBIlkkun1tf7yllMdQx5r5oypfvgZ0l93N7Wuxg9ZX76uMKw8c1quSaAjExzv7umjt7cfgPlzZ9DXF6evL+6Pa5iZa4BoPtk2/ImLiIiIiIiIiIjIebFWDdDjIRwO88AnHuTmm27l1VdfYccH2+nv78d13YJxiUSC5uZmmpub2bR5E6tWreGG629g2rRpBIPn9k15bsdhel79NjaZKA4/M1zwPRvppSDGak3muTH+WmsMkaUbiF3+ryBY2s/sx4Ipq6RsxW0Ep86m61++RuL4AdLXxxaFnL1kiv7tzxNZcz+mbGJ9o+W5CtTOp+LGf03yR/8l3X6dvVH8157CZmhrM+3QmXsnWwCdN85asPF++rc8Ttmy2zDh8vE7ISliyusgUgnx7jMPFhERmWAUgBYRERGRcRWPJ/jT//M9Tra2EwoFuee2q7n1Y1f6jc+DRSJhIpEwU+uquWT1Yj557w28+Mo7PPPCm2zfuZ8//T/f4z/9288TjZQNuf2ZlJXlPiSODyROO9Z1vdx2odxb6UDA4a7bNvLUc6+RTKV49sW3ePbFtwgFg6xZuYhP3HO93wrd3z9AZ1cvkP6awz/8k68Pe7xTbZ1DLr9k9aLTznNKXVXRMsdxKAuH6I8P4FmvYF17RzdPPPsqez867M9tMM8b+g89Vi2bX7QsnHdtli4qDGKXhXPX2/PS8/jo4DF/2YFDjfzBH//dkMcCONnaPuw6EREREREREREROV8KP4+n6upq7r3341x//cfYvWcXe/fu4dixY/T29hSN9TyPHTu2sXv3TpYuWcb99z9ARUXFWR3HJnro3/o4blcX6VBqfmg3v/U512icXp8L9vp3RqbtOBuEtZkgbKh+FuVXPYyJVJ/jVZhMDIH6VVTf99/oe+ub9O96Cy8RLwz3kr50yeZGBvb9jMiah+BsWrUnsOCMtVTd9lW6nv8bvP4e/3wtFLRfW/CD0damg/LpUx+iWdxAsuk4/Vu+Bczx7QAAIABJREFUR2z9r4ATGMczkgKBECZag1UAWkREJiEFoEVERERkXH3rsZ9xsrWd+XNm8Kufv5epmWDw2XIch9tv2sDllyzjG9/5KYeOnuDbj/0Lv/7Fj49oPtPr6/zHJ1uHbjnOas1rQc62O2fdefNVXLFuOU8+9xpbt+/D8zySqRRbtu9ly/a9fO7B27hu4yV4eTUa5eVRLlu7dNjjVVUO3XoQDp2+2cOYocPkQ+nti/OHf/J1P4xcXh5l0fwGKiuiOI7Da29tO+32gcDpP5R0nOE/2M1eifxw9exZ9SyYN2vYbZYsnHPa44mIiIiIiIiIiMjIqfy5NKqrq7lqw0bWrrmEE80n2LtnN9u2b6Orq7gkI5VK0dPbc05N3amTexnYtwnIlGMUtPdm4qw2t7yoHTrvJ8ZkSo9NZnsg4BC7+tMEp68sakO+EDnVsyn/2G/jVDfQu+lxvHifvy4/Mt733lOULb0dUzbJQ+HGEF58I9HmD+nb/FNsflO5yW8TT98pBUHozLLcfWUzDeTpK9W3+RnKFt9AYGrht0nK+DKxGmz70VJPQ0RE5JwpAC0iIiIi42bnnoNs3bGPSFmYX3vkPqbUjfxDv6lTavi1R+7jj/7sn9i6Yx/bd37E2lWLz3k/NTW5r5/b8+FhXNcjEBg6QLxj9wH/8cxBAWiA+ik1/Nrn78UCTSdaeWPzDl5+bQue5/HMC29w3cZLKI9FCAWDJFMpwsEgn3vwtnOe82jKhrUB7r7tau65/Rr/A9qWUx1nDECPhvxrOXf2jJJfExERERERERERkYuVAtClFYvFWLhgIQsXLOTGG29m0+a3efXVV4jH437g2RjDkiVLz7r9GWuJ73wet6OVbBA1tyqv6TlT25ttMC4IPfsNvrml2QCrMVC+/j4iy+8ehSsweZhIDdENn8eJROh66ZvYVDoUbDONyMYYkieaSDVtJTT/YyWe7fkzwQjRSx8geWQniWP7cgF4vwE6c4dk76nsrTLonssGpLN3k9vXQ//2n1F+w3xMYGTf9Cnnz0TPraxIRERkojj7ajgRERERkfP0xqbtANx/9/XnFX7OmlJXzf13Xw/Az3/57oj2YYDFC2cD0NvbzzMvvDHkuPbObp567jX/+arlC/3Hnmf56OCxgn3OmjGVh+67keuvXgdAZ1cvJ5pPAemW4+w+P8gLVec7dKRpROdzrg4cbvQfL5rfUPBB5Dtbdo/LHKbX1+E46d+avP3uTrq6e4vGWGs5fPTEuMxHRERERERERETkoqUE9IQRiUS44fqP8Xu/+x/5xCceZPnyFVRWVlJVVcXSJUv9AOrpWZJNW4jver0gdJr9J78J2mSeZ0Or6a1t5p5Ib2myYda8Y4dmLSR66SdH45QnHeOEiFzyKSpv+3UClZkAaaYR2QJYy8CB98BLlnCWoydQOYvY+k9gQqHMOdq8Buh0q3P21shmoMmM8//LYq0ftM8+Txzaitd2aNzOQ4YQrSr1DEREREZEAWgRERERGTdHjjUDcNnapaO2z+y+Dh05wUg/mv/8p+7wH//s52/zF3/9GO9t28vhoyfY+9ERnnvxLf7wj79OMpUC4JoNa/wQM8CW7Xv5s//7ff70L7/Ljl37aWvvIpFIsm//Ud7ZmgsRl5dHAfj0A7f4y/76H5/gF6++x6m2Tjo6e9i55yBf+7sf8r//8rvDhqNH0/Il8/zHjz/zCscaT5JKubz29jae/pfXx/z4AIGAw8fvvBYAz/P4k7/4Fu9/8CGdXb20tHawectu/vBPvs7/+tp36O2Lj8ucRERERERERERELkbKP088kUiEKy6/gocefJhPP/xZ7rj9LmbOnHVW29pkH32vfxsv3p9+DoNe5Gx0ddB2+U8yIelsu2/+OqcsRnTdPTiVM87llC4sTpDIqvuouPZfEaioBot/vTCG5In9eP1tJZ7kKDEO4YU3EF11deYcB7c74zeD+wXQ6Q1z953BD9Bnr1GqrYnEoU1gvTE+ARmOiSgALSIik1Ow1BMQERERkYtHRUWM1rZO/uCP/m7U911VGRvxttPra/nsJ2/ln3/yIgD79h9l3/6jQ46dO3s6D913U8GyXXvTzQQHjzTxV//w+JDb3X/XdVRWpOc4b84M7rn9Gp55/g08z+OHT/2CHz71i6Jtdu87zOoVC4uWj6a1KxdRXVVOZ1cvxxpb+OM//5a/Lrt8PNx243p27D7ARweO0dnVy99+88khxx04dJw1KxeNy5xEREREREREREQuNnbENRMy1qLRKAsWnMvnxZbk0XcYOLyrKHDqdzpbsCYXVc32PA9+7Meks4lWazHGEJq5gLLF14EJnN/JTXImECay5l68gV66X/pmQbux29mC19mIUz69lFMcNSYUpfz6r5I4vI1UR2d6GelwfDYsn+sMz1wJC8YYvEyLeHahzQajkyniu18iculDmGB0/E9KIFJZ6hmIiIiMiBqgRURERGTc3H/XddTVVhEMBkb1n9qaSh7+xM1FTQPn4vqr1/E///Ovs2blIsrKQgXrHMehfmotX/zMXfzBv32ESCRcsP6Rh+/gK1/4ODOm1eE4hW+xy8ujPHDPDdx+81UFy++57Wr+w+98jjkN0wu2cRyHhpn1fPVLn+Chj9/oLw8GzvwBcnY/Aef0VyKQt69IJMx/+/0vs2r5goJ5zJ09nd/77c/ljh8c+vjBQPFvKQLDjD0dYwy/+5uf4QufvpO62sKmgVAwyPKl8/ivv/clhZ9FRERERERERETGkvLPFww70MPAzpexKZfsC2vxY6fpcKrxu4r94GrxjnIxaP+TZ2MgECB25QOYaN1Ynsbk4YSIXvYQFVffjQmmuwiNY7DxftyuU1xI/3I55dOIXnInJhDI3TcmPyyfCUQDYDDGYK0dsjHaGIM1kDzZSOLQG+MyfylmyipKPQUREZERMdbqS2xERERERAZLJJO0t3dTFglTU3VuH/z09PaTSCQpj0WLwtTD6ejqwXO9ovDveLJA66kOaqsrhw08jxfPs5xq7yQaKaOiXI0PIiIiIiIiIiIi4yEx4OK6XqmncUGz1tLZ2cGpU20kkwOEyyJUV1dTW1NbVLBxPpLHt9D10/9NqqMFv7p5UEsvDBV8HtwIPXQ4Orb6Wiru/M+YQBjJsYkeen7xNfq3v4L1PEwgQMV1nyW2/hFwLpym7NTJXXQ+/b9wW4+fNtqdbRofnHzONUTn7s2y+SuofujP1QJdAu6el0g++0elnoaIiMg5C5Z6AiIiIiIiE1E4FGL6tJE1V1SUR+EcQ7vnGrIeCwaon1JT6mkA4DhmwsxFREREREREREREZDQ0n2zmueee5ejRw5mgeaYV1zFEI1FWrV7DhvVXMXXq1PM7kPVIHt1OqrMNyAWejcmlULOPLGQSqhQ0QqfXFSdXDeCUlxO76hGFn4dgwhXErvo8qZajJI59iE2lcLu7sNbDcOEEoINTFlE2bw29rccLgvIwRLjeFIfp048zzdDGgDEkju4j1bSd0JwN43syggmXl3oKIiIiI6IAtIiIiIiIiIiIiIiIiIiIiKAvkB4bnuexc+cHPP3TJ+nt7R1yzMDAAG+88Rpvv/0mK1eu4rprb2DmzJkEAiMIzSa6Gdj3Kth0yNpmoqk2vwE6Ezw1kAk+FwdXTXa7bHTVWqwxlC26Eqdm9rnP6yIRqJ5D+bWfJbDrRQI1MwnNvhwziu3eE0KgjMiy6+jb9hKkkv69YTKhfi9zr2UVNIln7j2bueP8/+64LokDbxNquAycs/t2TRklYbVui4jI5KQAtIiIiIiIiIiIiIiIiIiIiMgYaWtr46Vf/HzY8HM+13XZsWM7x44d4+abb2HdJZfinGN4NnnsPZInj2WeGf9Xa4Zug/ZlQqvZIHQuDp8b60QrKFtyDSZYdk5zuqgYh/D8awnNvhITjIC5wMLPGYEZawjPmsPAkf25YH3mXnHy7qMsPwSdWWcwWFPYHJ08thev9xRO5YzxOg0BBaBFRGTSujDfZYmIiIiIiIiIiIiIiIiIiMg5Uf/z2Ni9eyctLSfPaZv29jaefeanNDYeP7eDWZe+HS9hk0k/WJofdc4PNw/+hyEy0dh0pDXbFB2qn0dw5uphBovPBDCh2AUbfgYw4Qoil3zcf57/349s2Jkh1+K3kA+Wamsk1fpR0XgZWyYYKfUURERERkQN0CIiIiIiIiIiIiIiIiIiIqLM4Rg5cGC/H/asrKzi/o9/glmzGojH+znZ0sKhQwc5ePAAPT3d9PX14XkeAP3xfp548if8xld/m0AgcFbHcjuPkTi8BSh+OU1eLNXm+nhJd/Hm2nuNv57C/XiW8OLLcSqmneslkAtUePZaApWVuF092VSz3wZdKK993F9kMFj/vgNw+7pJNR8kPH8jmLO752UUqNFdREQmKQWgRUREREREREREREREREREBCWgx0ZPb4//OBaLMX/+AqLRKNXV1UyfPoM1q9eQSCQ4evQIu3fvYtPmTbhuCoCmpiaam08wa1bDWR0refR9vL4BjDEFEec0U9C8a0xhIzT+47xnxvgDArEyyhZuRO3PkuVUzSY0cxFu17b0ApMN2Bcb3BCd2SDvmQFrSTZuxyYfwITLx2LKMpRguNQzEBERGZEL97s2REREREREREREREREREREREqsurrGf9za2sJPn3mKzs7OgjHhcJhFixZz++13ct+99xWsO3ny5Fkdxyb7SBx6D2xBhNmPK/tRU2MwJm+pzXXwmtwgf11m74TnLcepW3hWc5GLhAkQnHVZ5r6x/v1i8nudbeHj9Ij8X9P3WnZM8uR+vL62cZi8ZJmAAtAiIjI5qQFaREREREREREREREREREREcllXGVXLli1nz57deJ6H67q8//5Wdu3cycqVq1i79hLq66dRVlZGIBDAWo9AMFSwfSh0duFEr7eV5Mmj4Ji8Xt1cD7S15GqfTXY5eWHovOFZJhOQDjhELrkX4xTOTSRUNwsTLoPEQO5uy7+PjEm3jhuTDt+DH482/l2aayx329tJtewjUDNn3M/lohVQfExERCYn/R9MREREREREREREREREREREZIwsW7qc+fPmc+DgAX9ZIpng/W1b2bb9fcrLK5gyZQqxWIxkMsHhw4f9ccFgkIaGWWd1HK/jOF5fBwC53uYsk27pxWIN+f28BW3R6RCqYXAWPlBVR3DG2rOah1xcnKqZmEglXmIAsH6BeC6ET161+OB7KxuOTj/LNkInD75F2ZKbKEzjy5hxAqWegYiIyIg4pZ6AiIiIiIiIiIiIiIiIiIiIyIWqsrKSO+64i7q6uqJ11lp6ero5fPgQu3fv4qOPPiKZTPrr1627lOrqmjMfxLokWw9i472Z+t3sP4UB0nTw2Qyq+z5z9XeoYTlOdMqZ5yEXHVNWjhMrTz/JpJ9NUXA5E7m3tuDeSw/PtIyTuVsNpE7sxSZ6xnzukmEUHxMRkclJDdAiIiIiMilZfRejiIiIiIiIjIOCr4QXERERGQFjDLNnz+FXvvwVHn/8xxw9doRkMnnaz7mNMUyfPp07br/r7N6PeC5u23FwUwVtu1ibeZ7ZL3mh04Klg9bnr3UcgtNXDNpGJM0pK8cpr8FwGJu5R/Kj9+l7Kvss737M3puDA9FYki3NeD2nCNRVjss5XPQUgBYRkUlKAWgRERERmZAUcBYREREREZGJ4Ey/P1VAWkRERM5WbW0tn//8F9i3bw8ffvghTScaOXXqFPF43H/PYYyhoqKSJYuXcPU11xKLxc5q3zYZx20/ms6XOmBt4XuU4mBzOqKai6Wmnw/1zsdEYwSnzGZwm7QIAMEoJpxpKc++d857j2zzfhpj/HsNk77/bNH7aYOXTOG27iFQN39s5y4iIiKTmgLQIiIiIjJhKPQsIiIiIiIik03+72UVhhYREZEzCYfDrF69lmXLVtDd001fby/d3d10d3djrUdVVTXV1dXU1dURiUTPer82GcdtO+GXPvux0/y3JwVt0JmmXn9ZJiKdTqnmxgNOtAqnctrIT1oubMbBBEPpIHPmfipsf85G6/OWZsad7k+FEicOEl46lhMXn/VKPQMREZERUQBaRERERErqbEPPCkeLiIiIiIjIRHC6kLPC0CIiInK2QqEQdbV11NXWjcr+vO4jeP2d4AdNTUHg2UL6cUFA1frtu/6vxvqh1PQqQ6C8CidWPSrzlAuQcXCiZeR3jGfvQovFYNKN5CYvj19wL6bvOVvQSA5e1zFw4xCIjOPJXKQUgBYRkUlKAWgRERERKZnhQs3nEnZWMFpERERERETGwnAB5qF+HzrUWGutQtAiIiIybty2Y9hkKl3a7Bft5jU5m0wXrx+ITsdNsw29ZH9mhuQHUk1kCiasALQMzRgHJxzBGAdrioO06fB93uPchpllJm9s5ga2FrezFW+gByemAPSY89xSz0BERGREFIAWERERkXF3LsHncw04KxAtIiIiIiIiIzE4rHym31/mj8+OHW4fCkKLiMhkkS1llcnGkuo8gfXSfwErv4fXYPyW50KmIIyaDZ4Wbp++H5zyGDh6PyPDMAYChfGjbPtzXrf4EP3Qg5fntsUYvL4+7EAvxKaOzbwlx02VegYiIiIjogC0iIiIiIybsw04D152pj90VuhZREREREREzlf+7y3PFFg2xgw5frh9KAgtIiIiY8p6eG37yPY6QzZYmnnPkk22m7x1+a3Q6Z7n9K7ydpseB040hjGBcTsdmWSyAeiiP6rJNYzbQcsBsDYTzs8E9fNGWMAm+7B9LVA7b6xmLhnWTZR6CiIiIiOiALSIiIiIjIszhZrzn59tAFrBZxERERERERkL5xNYHhyGHhyEVghaREQmtqH6WOV0ent7aWpqJBgKEo1Eqa6pIVIWGd9JeB5uRwt+sJS8VzH73sMMatz135Nkl+fC04XjwJSVg6MAtAzHpO8PY8BLB+uz95/NjfCj9n4ztDF5cX38kH56rcUmE7h93Qo2jYeUAtAiIjI56X2CiIiIiIy5sw07Zx+PJAwtIiIiIiIiMtpO1+g8VJA5vxk6PwitELSIiEwayj+fs+PHj/H44z8GA7FYObfffifLli4jlUrx0f4P6ejowACz58ylYVbD2EzCWtyePnIR01wU2uY/zmuBzm6XDaHaIbbLMqEYGGds5i4XhmzAPi/8XHB/ZcPNg5rIoTAQnb1jrQVSKexAfDzP4uKVGij1DEREREZEAWgRERERGVNnE34+08+h9jPcMhEREREREZHRMji4nL/sdEHmbBBaIWgREZlslH8+d319fXR1dwHQ399PMpFuUk2lkmzZ8h47d34AwK233DZ2AWjHwe2PF70Hycm0O5v8pl3857lm3kHBZ4BAAJxaQO9dZDgWPJdslDl7R6XD0Hn3nk2vdyi817L3X34QH2MwXgobbwPrglED+ViyKQXNRURkclIAWkRERETGzNk2PQ/+mUwmOdbYwomTp2hr76Krp5d4fIBUyh2vqYuIiIiIiIgQDAaIlJVRVRmjrraa6fW1NMycRih0bn+8cjbN0CIiIjL5pVIpDhw8QEPDbJyAg+d6/nsA13VJJpNnvS9jDIFA4KzeL9hEN4YEXrZlN38/5IVKyYRO/SA0fq7ZD65mN87ux/PAFrZLixSwpO8Tv0X8/2fvvqPkuA57z/9u9XRPDsiDHEkQJEgABMUAgpmSaEmkn5xk0/u83mdJ+yTrvLV2z+q99ZHXtuxdv2N7dx2fziotaVnBMi1LoimKpEQRAEkwAWAASILIGIAYDOLk6VR3/+gKt7p7EGemMcD3Y4PTXXWr6lZ3Cejp+c2vTdUwvQ3aoFW2PFxqw2C+4tZoPzsgWZ8A9HjLDdd6BgAAXBAC0AAAABgX5xJ+Lr/ddfio3ttzUPsOvD+xkwUAAAAAoIpCoaiBwpAGBof0fvdxbX+ntHzRgtm6asl8zZ87K9G0WC3UfKY2aELQAIBLTenfJTqgz0cmk1E6nVY+n5e1Vq+99qqOvH9YjU1Nev/9+L3u7Tu2q+dYzznvt621Tbffvl4dHVPOOtb6hYqnLXyFceZnM2jqjcYZyZQFna2kQl/QGs3rFlTjyxbzpaByxO11Tl6HVoquJ7cxWhUBaSubHSqFq73xmz1EABoAMGkRgAYAAMCYO1P4uVoA+kDXEb2+fZd6jp2Mxs6ZPUNzZ8/UzOlTNKWjTU2NDefdsAUAAAAAwMXI5wsaGh7RqdN96jl+SoeP9Oj9I8e0/+AR7T94RDOnT9EN1y3Tgnmd5xRmJgQNAMDlZ+rUqZrSMSUKNxcKeR04eKBi3NGj3Tp6tPuc9zt9+gzdeOPacwpAyy/E78W7wdIqn0ARJ0xNEGi2iYbouBI6/gUvmx8OWnhJoaKStb5sLhtcRza4ouLgc7i0xERt0HGo3g3hh/u0ki/52RFZ69M9Ps5sbrDWUwAA4IKQIAEAAMCYOp/w88hIVptfe0u79x6SJLU0N2rlimVaftVCtTQ3TezEAQAAAAAok07XqT3dova2Fi1aMEfSdRoYHNLOXQe0/Z3d6jl+Sj/d8KqWLpqrW9Zep4aG+qr7CcND4W2JEDQA4NLEP0fnb+bMWbpu5fU6vuE5+X6xJnOwYfOuMXI7dd1G3fjd+mTAWdEW7v6c1yZG8keGZP2ijEfEBFVYK5sdiRqgjcLXvkYycc94eJ1F11t8icVB6SAUHV1/eT8K8mMcZQlAAwAmJ16dAgAAYMzYUd6EqhZ+Pvx+jzZu3qaBwWF5ntEta6/XjauumcjpAgAAAABw3lqam7R29QqtXb1CW994Vy9veUt79h9Wd89Jrb/1Bs3pnCHjhjYC1ULQLkLQAIBLAv8UnTfP87T+9jtUn8noxc0vqq+vtwazcMpIEpFn5wkNG53D+6Yy+ByvSjby2uFhSf4YzheXFSvZfNG9G1xr8TVoyzYoXWHl16CNfgsj3Ha0nzthbNnsQK2nAADABSEADQAAgHFRHnh2b+/a26Xnnt8iSVowr1N33HajOtpbajZXAAAAAAAuxI2rrtGSRfO0afNWHTzUraeefVl33rZaSxfPqzq+PARN6BkAcKkxJKAvSGNjo9avv1Mrr79Bu97bqQMH9uvUqVM6dvyYhoaGJEnt7e1qb28/5312dHQoncmc01jjpWRsHBp1G3XjQUHYNGzYlRNKLa0IsqelcW5Lb3GwTypkpbrGc54/rhy2mJXNVQvQxldZ2ABdWpL8eyZuhjbOVvxdNKFG+ms9AwAALggBaAAAAIwJ97fw3cCzu6w8/Lxq5VVaf+uaiZ0oAAAAAABjqKO9RQ8+cKeef2mb3ti+Sxs3vy5JZwxBS3HjsxuCJhANAKg1/hm6cJ7naeqUqbrlltt0yy23aWRkRN///mPavuMtSdLNN9+qe+6+d5wOnpY8IxWDYHMQcg7foTeKw9DWxI28paBp2AydHG+drzbbKz/bp1RDx/jMH5NbflD+8KnS7ahpPAzjV/9LxVZG9FWqkg6u0egCzJdC+xhXdqSv1lMAAOCCEIAGAADAmCr/OLIw+Gyt1eH3e6Lw801rrtUta1fWYooAAAAAAIy59beuUTqd1mvb3tbGza+rsbFeczpnjDreDToTfAYAXDL492jMeJ6nzs5OjYwMS0aaOmXquB3LeHXxL1TJJp7HRNNzgo1adm0QPJUTjo6/WhWH+mWH+6VzL7DGFcTmsvJHSk3n8bXnXFtO0Ll6C7QTvY82d7YzBKDH3TABaADA5EQAGgAAABetPPQcLnP/jIxktXHzNkml5mfCzwAAAACAy80ta1cqn8/rje279PxLb+ihX7hTDfVn/uj68uAzYWgAQC3xT9DYSafTuv32O3Trreui++Mm1SDfepJKnbtWYby5MggdNUEnAqhO8NTGAWoT3LUj/Sr296iu87rxOwdMWn5uSDY7HN2vuM6qvL4N28fDfvLKoH4Yfk5L8sZn4ojY4dO1ngIAABeEVwkAAAAYM2EQulogevNrb2lgcFgL5nVq/a1rJnpqAAAAAABMiPW3rtGCeZ0aHBrRy1u2J345uJozfS8NAMBEIwA9dowxqq+vV1NTk5qamsY1AG2MJ5NukBS/pvCC4GmwMBprJSd2qui/0WsRE8SmbbDMGNmRERVPHtJoXdK4svkDPfJH+iuXK76mpFLg2SauIRNdh1YqBaWlRDRf/J00IewQAWgAwOREABoAAAAX5Uw/wA3/HOg6ot17D8nzjO647cYJniEAAAAAABPrjttulOcZ7d3/vg4ePlrxKUnnGooGAGDikTacnIzqWhsTTbtWKoWX3a9O73NFFDUMPgdrjFEQXLWyvq/C0Z2JIDUQ8gdOSPl8RdDe/dvElt22VW6H12niukwZfjNjvBXzNEADACYtAtAAAAAYU+U/pLXW6vXtuyRJt6y9Xh3tLbWYFgAAAAAAE6ajvUW3rL1ekvTW27vPGnwm8AwAuFQYoyhAi0nEGKU6psX3rU2ET9225+hVh1XFGOuMDgPTUimAmj+6RzbbNy7TxyRmrYon94zyetZE15hxlgUbJvZRuWUgRaxpvNnBk1KVBm8AACYDXikAAADggrlvaJXfDv90HT6qnmMn1dLcqBtXXVOLaQIAAAAAMOFuXHWNWpobdez4aR16v0eSEuHnamHo0W4DADCRyD9PQl5KXscCSWHzsxMvdV5zxE+tdZ5oW9H7baI/JgqnFk8fV+HojnE7BUxWvvJH9gZZ+cq/POKm5/JOaBMH800Yv0/2Pxtj5GUaZAzRpvFkB4/XegoAAFwwXiUAAABgXL2356AkaeWKZTWeCQAAAAAAEyv8Xnj3vkMV4WcAAC5VNEBPRkZey/w4gBq1O9sgEF1qcXaipeEwhW3Pzq9hJaOowT5toaiRXT+XrD+uZ4LJxR/sUbHvWDLbLKuKq63s5a8beS7dj2P30XDPyDS2Sh7RpvFkB07UegoAAFwwXiUAAADgolVrr7LWKp/Pa9+B9yVJy69aWMtBpP9OAAAgAElEQVQpAgAAAAAw4cLvhQ90dSufL0ga/XtowtEAgEsF+efJqa6tXSZVioCYKOxsEoH25FPrxk9t1PRcPipaYqTczi3yh3rGduKY1Ion96g40KvyhLN12sOtjRvH44izlLj+okXOMpOS1zBFMnXjM3mU9B+r9QwAALhgBKABAABwQc7lB7KH3i+9aTJn9gy1NDeN95QAAAAAALiktDQ3ac7sGZKkw93HKsLOZ0MYGgBQC8YjAT0ZedOvlqnLRM26oVL7ro2Wu3FoE/TuSuaMyfcgxqrC6dMqHNoy1lPHZGV95fZslPGTV1Z02wRXnXHC0Cp1jLuN43L7oqOgtJGVJ9U181sZ48wOEIAGAExeBKABAAAwLqy16u4pfWzW3NkzazwbAAAAAABqI/ye+NjxU4lA8/kEoQEAmEhkDScnr6FDqdYp1V9fGJPo2g1beG3UEx1GUEd/bWJkJE8aee8V2dzg2E4ek5LNDyp7YKdsELB3Vfw1YtybwR0b3LbxEHc7r65OXn1mTOeMSrafVncAwORFABoAAABjovyHuJJ08lSfJGnm9Ck1mRMAAAAAALUWfk988nR/tKza99DltwEAqBVDAnpSMulGpabOV3n0NPHqItHCK0WxZyvZRCN0ZRi1tNAo//4uFU/sHevpYxIqnupS8VSPjBOwr+S0jAeivuhwO+dCSwT1M/VKNbeP7aRRwfYdrfUUAAC4YASgAQAAMGbK26v6BkotEFM62mo1JQAAAAAAair8nnhgYCjxfTNt0ACASxX558nJpNJKtc4Mqp1HeV1R9cm1pcXVXqOEmyl8rWJV7D2m/P5XJb84hrPH5GOV73pNfi7nXCdxltmqSoC+CiNJToO0cZdlmuW1zBrDOaOCX5DtowEaADB5EYAGAADARTnTD2hHRrKSpKbGhomaDgAAAAAAl5Twe+KRkVy07GxhZ8LQAIBaMsbIeKSgJx0vpdTUuTJ16WSLt/O6wn1WjXPLWhtvE3x1A6xWRjKlfmhbLGj43efkDx0bn/PApGCzA8p17ZIp/6U+d4yzPLlx2bqgCdrKxu3kxshrbJTq+PnSeLK93bID/G8ZADB5EYAGAADAuLDWqlAoNUCk03U1ng0AAAAAALURfk9cKBYrmp4JOgMALlUeNdCXFN/3zz7IpJSatkAm05R4jeGGoauFU8vHlLf4usvC+4Vj7yv73k/L9oIrSbH3kAon9ssPrjUjjV4fb0wcxLc2usDKtzFKBvfr2jpkMs1jPXU4bO/7tZ4CAAAXhQA0AAAAxhw/wAUAAAAA4MxslY+ZBwDgUkH++dKQzWb1vX/+rt58841zGp+aslBey7Rk4NRlreJ+52TQOWreVVms2drEEmOMbLGooc3fkXID53E2uJwUju1T8fQxecYkwvFGKrv2gmstGJcIPyvZSp5gjLy2uTLpxjGdN5LsaQLQAIDJjQA0AAAAzhs/nAUAAAAAYGLwPTgAoBaMRwK6lrLZrLZvf0tf+/pX9Prr2/TOu2+reA4t0F5jm+qmzYoCqFEw1f0ECpWaditCq4n1MeMZWZmouNdaKxmjYv+QhrZ9VyrmLuJMMSkVc8ru2ihbyCkZjw9uBwH80nVUrYHcVu0Od689Y6S62QvHdt6oYE8frvUUAAC4KHwWOQAAAAAAAAAAwASy1iY+ah4AgEsN/07VRrFY1J69u/Xqq69oz57dGhkZkSR1d3fr5IkTmjFjxhm3N5lmpWct08jbL0Y13kZWNnw+K55XW/r/MA1t3H7oYER5SjocY6XhtzYos+h21c269oLOF5NT8dRe5Q++LUkVQXobxpiNSQSabbQ+WGJt6bpLBKRtdB2aupRS064Z93O50vmnCEADACY3AtAAAAAYU3yELwAAAAAAo3PDz+FtAtEAgEsNBdATL5/P6wc//L62b9+ufD7ZqtzX16sjR94/awBaMsosulHG/EPU1GyDtueQTXw1kgkDq6WlRibaNqiPrh6cNkbFU93KvvtT1U1fKqXqL/DMMZkYW9Dwlu+oODQgqUr7sxNwLl1/wRVoS0H8OGtvyoLTpY+wD8fUTZ0mr/ls1zsulj19qNZTAADgoni1ngAAAAAmP8LOAAAAAACc3bl8/8z32ACAS4HxDL+cM8astcrlchoeGVYul02UiXR1HdTf/O1fadu2rRXhZ0lqaGiIxp5NaspipWfPSx7b+RM9q061swmWGwWh1KgxOrxto/3EKyRb9DX8zgYVju8667xwecgf363h7ZuVjD47rC1dRdHfH84v+1lbdSsbbxqFoVPTrpLX0DHW04fDnjoke7Kr1tMAAOCi0AANAACAMcMPaQEAAAAAuDC0QAMALjWeZ1Qs8p7vWDh2rEdvv71D3Ue7VSgUlEqlNG3adK28bqUaGhr15JNP6MSJ4xXb1dfXa8WK63TTTTdp4YJF5/RawdS3qn7F3cof+VYQeLalrHP4CRQK4svRvmyyJdr9tIp4r6V7wX6Msx+/95QGNn1d7Q/+oUw9gdXLWjGrkbd/Kj+Xj66fOB4fCFqfo4C9c826rc9RpN65NhWut1aZxTdI4rXxeLInD2rUIDsAAJMEAWgAAAAAAAAAAAAAAJBgPEnFWs9icisWi9qw8ed68cUXlM1mVSzGD6jneXrttVc0b958vX/kSMW28+bN14c//IAWzF+odDp9Hkc1ql96p4Ze+r6KQ8OyMkFK1YbJ5zjyaG0ioBq2P8fd0JXhVpWvs1bZPW9oaMt31HzrpySPGMrlqnBir3K7Xq4IMrsNz6VrxKh0N+gdN07wPhhS2t7EF5KxUQN5qqVJdZ2rJvz8rjT+yQO1ngIAABeNV54AAAAAAAAAAAATjMZnAMClzuPfqYtSKBT03HPPasPG5xLB55Dv++rv79c777wdLfM8TzNmzNQd6+/UqlWrlUqlonXFYlHDw8NqaWk567G99vmq67xaxb1vxAtN3PIcBZydxl1b5fm2ZQHpaLmzPgy+jmz7qdJzVimz8NYgPY/Lil9QdvcmFU4eSVwXRqVrIFoWfA3D9GH0ObyK3MspCtE74WcjKTV1obzWzgk7tSuVPUEAGgAw+RGABgAAwJiwlo/JAgAAAADgYhCKBgBcSozHv0kXo6fnqLZu21I1/DyaefPm6+P/7pc0a1Yc/hwYGNCBA/u1/8B+HT3arV//xG+oqan5jPsxqYzqF69V7sB2Wef45c3P0X3jRqPj0GoYmg7bet1GaJPYzqg4cFrDr31fddOWEF69DBVP7dPI9mdli35U3FxiZOUE5ROvZaPe59IYJf9Osc7VFIXqjVF69tXy0o3jcRpwEIAGAFwOCEADAAAAAAAAAAAAAIAEzzNxsyvO26HDh9Tb25tYVldXp5Urb9Cc2XPU29erl1/erEKhIKnUxrxk8VLNnDlLkrR//z5t2fKa9u7bq+HhIWWzWVlr9e677+rGG9ee+eDGU3r+KqXap6l48qjcgGlwsCgELSkRbFa0pMRdHrZFK7gu3OZfa61y+97Q0JZ/VMudvyd5xFEuG35BQ5v/QYUTPaVLR8nrwjjXlxOfV3TdlTeJR7/0F68PryUvnVF65lKun3Fme4/IP7G/1tMAAOCi8YoBAAAAAAAAAAAAAABU8DyjYpEA9IU4dfJkFB43xmjBgoX6pY//imbMmBGNWb16jb7xja9qeHhY1lodOLBPzzzztF5/Y6tOnz5ddb9vvvWGVq9eI8/zznj81NRFSs+6SoWTPU6xczwftwE67n12gtHOJ1MkunuD7YwpC1VL8otFDb30pFIdc9V4w69IXvrcHixcuqyv7J6fa3jHZvciSASd3Wbx8NqQ4tbnxLVibRSiVpX1XtsMpWYuL2uSxlizx/dJ+eFaTwMAgIt25lfEAAAAAAAAAAAAAADgimRIFFywVF0qut1Q36DbbluXCD9LUmNDg2Z3zo7u79u/T89teHbU8LMkHT9+TMePHzvr8U26RZmla4Kwc7jQJIKlbsTUhr2+Joi0ljX92mBMeWhaxlTsZ/CFx5Tb97xki2edJy5txdMHNPTKY7LWlxQHl8u/GpWCzWFAPojaO9sEjCkF7Z31pVula65uxjylOmYL48s/vqfWUwAAYEzQAA0AAAAAAAAAAAAAACp4Hi2sF6qttT267aU8NdTXS5KKxaL27durba9vVVfXQfX19Z3T/lKplBYtXKzVa9aora397BsYo8yi9Uq1fUeF0yckYyVrnPZdBW3Pihc4Db9KjAlDzqbUam1KHcBxsbSNg9VWKvaf1sCmb6qtbb7qZiw7p/PDpccWshp568fKv783sdxEwebyvx9MxeVU7XbFccK2cWuVWXiTTLp5TOaP0dlje88+CACASYAANAAAAAAAAAAAAAAAqEAA+sJ1dnYqk8kol8tpeHhYb23frr379un117eeU+jZ81JqaKhXc3OzVq9ao1WrVmvq1GnnNQeveboaP/CA+p/5R4URVCsThZqj0LKxQaDZRkHV6J6JW3xNFHx2m6CTsdZSwNqq0L1fAz/9f9T2sS/Ka+2UKsKyuLRZFQ69qqE3npItFOLFQcNzdDf4b0WGXkHgObjWrLMuCjyHY4L1Xn2j6hevoXp+vBWy8o/trvUsAAAYEwSgAQAAMCkUCgV1d3crlUpp9uyzf/zZiRMnNDw8rKlTp6qpqWkCZggAAAAAAAAAlxdjjDzPyPdH627FaFpb2zRrVqe6ug7K931t2fLqWbcxxqitrU1z5szV3LnztGTxEs2bN191dRcY7TCeGq99SCOv/0z5490yxjjh0ziSakvl0JLb6uxEWcPotLXGWeKsdQujna+5A++o78n/qtb7/yelpi4WIejJo9Dzjgae/bL8gf44KB9w25wT7d8apfHZCTyXVlY2iUtS/bLVMm0LxvxckOT37JY92VXraQAAMCYIQAMAAGBSOH78uP7mb/5GkvSnf/qnymQyZxz/ve99T/v27dNtt92mj3/84xMxRQAAAAAAAAC47BCAvjBtbW2aO2euDh3qKoU9zyCVSmnp0mVaed1KzZ03X+1t7WpsbEyGRi+QaZquhpX3qbDx27K+dcKnyUBqSakJOuK090bhZafK141Ru2FXd5+5fTs0uPH/Vcu9n5PXNv+izwfjz+9/X4PPfUW5niPR8xiG4GUlGwbow1rwMzEmcX0YKW4gD0LQkuRl0mpc+3EZjxjTeLM9u2o9BQAAxgyvHAAAADDpnO3N4gsdCwAAAAAAAABI8jxaey9EKpXS1Vcv17bXtyqbzSbWeZ6ndDqtlpZWfeCmm7VmzRq1traN00yMMotvVerNZ1Q42SPJJjKrtmysk28Oljjjwvfbg+Br+bvvphSRLTVNR9v4Gnn3VUl/pZYPf1Fe45SxOS2MC5sb0NCr31Z2//bEc2/DG1Gg2UjGJsPvgfJlceDeliL25SF8a5WevVjpWavG8cwQ8o++V+spAAAwZghAAwAAAAAAAAAAAACAqgwB6Au2ZMkSzZkzR/v27ZMxRu3tHers7NS8ufO1bNkyzZ07T6lUatznkZq6SPVLblLh5JOlcGrU0lwZVg0ZlZp+rbVxE7WTnHavCut+TQSjg4CsNRp+d5v8wpfUes/vKjV16dmbgzHxijkNv/59Db3xM9liMQoth6l4UxF6j6+PROA52CC6tsK259Im8bJwL+mM6q+6S0oRYRp31pdPAzQA4DLCqwcAAAAAAAAAAAAAAFCV5xl5npHv82l75yuTqdf9931IGzb+XNcsX6H58xdoypSpamxsjEPFF8FaK2t9ed6ZQ9Qm3ayG6z6k4bc3yB8aTDTvhuHUcD5umNlIUaC5WlDaVtyL92XjPZQOISm7503J/zu13v0flZp5zYWeNsZDMafhrf+kwRe/J5vNOgHlICUfPKOxKBUdLY8bo42cK8hZmbzmwzB+Xft0pReskow3pqeESn73TlkC0ACAywgBaAAAAFyRisWiTp48qf7+fk2bNk3t7e1n3aZQKOjw4cNqa2vTlCnn/jF9x44d09DQkBYuXDjqfru7u1VfX69p06bJ8878Jp/v+zp+/LhGRkbU0dGhtrZz+2jEfD6vw4cPa+bMmWpqaqo6z1wupxkzZiiTyZx1f0NDQ+rp6dGMGTPU3Nx8TnMAAAAAAAAAMPkQgL5wixcv0eLFS8Z0n9ZaDQz068dPPqGmpmZ95Bc+otRZ2nPrOq9T4w13afClH0tKhpsllTX4KgpH2/BrtKzU7VsZig7uRfs0ccA6nrhye99Q38CX1PrxP1FdxxKaoC8FxZxGtn1f/Ru/JZvPRYvdGLMNG52tlQ0T7XKeX9/KJtriK9uiy0P0YRN0ZuF1qpu6eMxPC5Vs9zu1ngIAAGOKADQAAACuKNZa/fjHP9amTZvk+3603PM8rV+/Xg888IDq6pIvk998801t2LBBXV1difEPPfSQ1q1blxj7l3/5l+rp6dHDDz+svr4+bdiwQf39/ZKkP//zP9eOHTv06KOPqrW1VZ/73Of0yCOP6MiRI4n9fuxjH9P69esr5r5jxw499dRT6u7uTixvamrSb/zGb2j58uXRsuHhYf3xH/+xfN/X5z//ef3Lv/yLDh48GK2fOnWqfvu3f1udnZ36yU9+oueff165XPzG5rp16/TQQw9VDWM/88wz2rp1q06cOBEta2lp0b//9/9eixfzJiUAAAAAAABwufE8QqqXip6eHr21/U29/PJLGhjoV3t7u1avWq358xeceUOTUvMtv63cvjdUOHo4GU41ZeFUN/Tslvg6LdHJjt/yduB4v+F4KQ7S5nq6dfrb/4ta7/20MsvulklXFnZgYtj8oEbe+DcNbv6ubC4bNzWHQWcFz7Mp/XwlYuIrxkiyXngNlTU/R9HpeHvjBOpNpl6NKx+Q6hrH8zQR8LvfrfUUAAAYU3x+BAAAAK4omzZt0oYNG+T7vhoaGrR48WK1t7fL931t3LhR3/jGNxLjd+zYoX/8x39UV1eXpk6dqpUrV2rBggXyfV8/+MEP9MQTTyTGDw8PS5Keeuop/du//Zv6+/uVyWTU2dmpfD4fhYz7+/v113/91zpy5Ig6OjrU0dEhqdTu/KMf/Ug7duyomPejjz6q7u5ueZ6nmTNnaubMmZJKTcxf//rXE4HkYrEYBby//OUv6+DBg5o6dWrU/Hzy5El99atf1eOPP65nn31Wvu9r1qxZ0fYvvviiXnjhhYrH74c//KGeeeYZnThxQgsWLNDKlSs1bdo0DQwM6Mtf/rJ27tx5/k8KAAAAAAAAgEualzIU9dbYwMCAfv7zZ/Xdf/q2nnvuWQ0MlIo3ent79eKLle/lVmMap6tp7S/LZDJORNU6/w1umWSTb3Jkqds3DkFbWZl4nLWlP1W4S4v9ver/2dc0/Oq3ZLN95zR/jC07eFSDG/9eA5u+qeJgb/C8m6gd3Ci+FKxVnIR2I+3WVo+/W/dqCW+aOPwc3G9YcbPqZq0c83NDJZvtl08DNADgMkMDNAAAAK4Y2WxWP/5x6eP97r77bn3kIx+J1nV3d+s73/mO1qxZEy07fPiwHn30UUnShz70Id1///3Rut27d+srX/mKNmzYoNtvvz0KMIfCgPAnPvEJzZgxo+p8CoWCPvvZz2rRokWSpKNHj+rrX/+6Tp8+raefflrXXXddNPbGG2/U5s2bdffdd2vt2rVKpVKSSm9u//3f/71Onz6tn/70p/rEJz5RcZyRkRF98pOf1NVXXy1Jevvtt/XII4+ov79fmzZt0vLly/Vbv/VbSqfT6u/v1yOPPKKuri4999xzuuOOO6L9vPDCC1Eo+jOf+Uyi7fmpp57Sz372Mz322GP6/d///agJBAAAAAAAAMDkZ4yR5xkVi9WDrRhfu3fv0o8e/4GOHz9edf0bb76udetuP3sLtKTMktuUnrdBub1vSCrFXYPC51JDb/DeblnMNVpno60URJ+dQKvCoLyNGn5tGJiNwrOKbhcHTqt/w7eVP7pTrR/+L/Kapp/X44IL5w8c1cAz/7eG331VMslnNHw+rST5TiDeGEW14OGPAJwqcFu2qHRhle64bdJhONqrr1fL+k9Jqcx4nioC9sg7sie7zj4QAIBJhAZoAAAAXDFGRkaiVmQ3XCxJnZ2d+vznP68PfOAD0bKtW7dKkurq6nTvvfcmxi9btiwKS7/22msVx2pqatJnPvOZUcPPkvRrv/ZrUfhZkmbNmqX77rtPknTs2LHE2ObmZn3hC1/QzTffHIWfJam9vV3r1q2TVApxV3PnnXdG4WdJuvbaazV79mxJkud5evjhh5VOpyVJra2t0Rz6+/sT+9m8ebMk6aqrrkqEn6VSQLylpUW9vb3q6uINNAAAAAAAAOBy43nECyZSLpfTnj279Z3vfkv/3yNfrxp+rqur06KFi/Qrv/Jrmjt33jnt12ueoabVH5NpbImzq1GY1Q0/x03OVu4gOa2/4XirZCWGE5gN74eNws7qsG06u3Orer//n5Xbu0kqDJ/TeeDC2GJW+QMvqfdHf6jh914L0+0qFTybRHt31ZoTp+w76ot2rpvovyZcHj/38T6MTCqlxtUfktc6Z0zPD6Pz399x9kEAAEwyNEADAADgitHe3q7Ozk51d3fru9/9rh588EFdc801o75xv3fvXknS6tWrNTIyUrF+9uzZ2rZtW0VYWZJuuummRFC5mvIQtqQoMF0oFOT7/hl/qOD7vgqFgjKZUjtCb29v1XHXXHNNxbJp06bpyJEjmjNnjhobGxPrpk6dGt0eHBxUc3OzisWienp6JElr167V0NBQxT7nzJmj9957T8eOHdOCBWdvGgEAAAAAAAAweXgen/o2UQ4fPqyXXnpR7723U/0D/VXHdHbO1i0336Lly1eovb393D+Vz3hKL75NDSs2a2jrs5KkZK+3DeLMpiIBG961xkTtvm4jdLxtGI52Q9JVJxMdP3d4v/yn/lYN196pxpt+VV7zrHM7H5wzO3xKw9sf19CrP1Sx75Sk4Flyg+/lDeBRa7fTBO3uM/qvSS4rG18+LjWlUw3XflAyZ/45CsYOAWgAwOWIADQAAAAmBTdMnM/nVV9ff8bx+XxekqJm49BHP/pRPfroozpx4oQeeeQRSdK8efN066236qabbooCx9ZaHTlyRFKp4blay3PoxIkTFcvcEHE1mUymakC6fL6u/fv3a8OGDTp48GBFO7OkqN26XHt7+6jH6ejoOOMcbND2cPjw4WjZd7/73VHnKEknT54843oAAAAAAAAAk4+XMvI8I9+3Zx+MCzI8PKyf//xZvfzKZhUKhej9WVcmk9H62+/QunXr1djYeO7BZ4dJN6n59k8rf+At5U8EBR9RYDXZ1ls+A2tt1O7rhlqT40oBaROMMcF2ioLTyVB0GJgt9B7XwEv/qty+V9Vy/2eVnnsTAdkxYVXs69Lgz/5KI7velHV+lmCj58mW9XjboKC7/LmtZJwge/T8Oq3PlZ3SRg0r1qtu5oqLPC+cK3tsj/wjBKABAJcfAtAAAACYFNxA8fHjx9XS0nLG8eHHAYaNyqHly5frj/7oj7Rx40a98sorOn36tA4dOqTHHntMP/nJT/TpT39anZ2dkuJA8fLly7Vo0aJRj1V+DGnsPw5y27Zt+s53vhPte+XKlZoyZYoymYy6u7u1Y8fob1ydaS7n+ua4G66+//77z9huffXVV5/TPgEAAAAAAABMLgSgx561Vv39fdqzd482bHhOPT1Hq45rbGzU0qXLdNed92ju3LkV6/P5vA4fPqR8oaCrll111uN6zTPUvO5h9T39Vfkjg+6ESuHm4GscYg2izE6oucQEQVnJBlFYK3eAE6x1w89BFjpeHg1XrrtLfT/4MzWs+qAarvuIUh3zJY94y3mzVv7QcWV3P6ehzd9W4dRpSUoG06OAs3GKu8PnyVa0gysc69yy7hVR1vocXwZxAL5u5mw1XP9RntMJ5B9+S8oN13oaAACMOV5NAAAAYFJIpVJqamrS0NCQ9u/ff8ZAcn9/v0ZGRiRJM2fOrFifyWR0//336/7771c2m9WWLVv09NNPa2BgQM8++6wefvhhGWPU3t6u3t5eLVu2THfddde4ndu5eOGFFyRJy5Yt0+/8zu8kAsgbN248YwB6LLiP48qVKzVnzpxxPR4AAAAAAACAS4+XMlKh1rO4fOQLeb355ht6/fVt2rdv76if8ieVPs3voQd/US0trYnl1lodOtSl1157VTvf2yljpP/4P/5u1U8GTDLKLLtHDV1va/jNn8n6xWBxEIitKM9ItgNbpynamjgaGzVEO22/0VejOCBt47Xu/XB4YaBPgy9+X9k929R4w/2qX36vvObK9/sximJO+a6XNbTtCWX3vSFls9FzGj1X5Q969FRVhpkrrwf3GijvDDeJUfEiK6++QS13/vdKtVWG+DF+/MNv1XoKAACMi7GtpQMAAADG0dKlSyVJTz/9tIaHR/9N9R/84AeSSs3H5U0YxWIxcb++vl7r1q3Tgw8+KEl68803o3Xz5s2TJD3//POjvvFcKEzMu/0HDx6UJC1ZsqSiffmtt8b/jaumpiZlMhlJ0qZNm0YdN1GPBwAAAAAAAICJ53neOX+qHM7s0KEufe1rX9GPfvQD7dmz+4zhZ0k6evSo9uzdk1iWy+X01NM/0T988xG9tuVV9fX1qre3V0/8+PFzmoOpb1PjTb+kuikzJLel2f2q8kirJCf8LFnJhh3PNnF92LjiuSI/G5UNh3uscl1Z31e+e6/6n/2Gev/1f1N+38+kYvaczu3KZeX3HtLAs3+p0//6Z8rufEXKjQRx5ajrOfhqnP/Gf0p7iZWyyzZx3ygZpo7HVAbnw0C8kVHjqrtVv+w+yRBXmii294j8w2+efSAAAJMQrygAAAAwafziL/6iPM9ToVDQX/zFX2jXrl2J9X19fXr00UejQPCDDz6o+vr6aH13d7f+4A/+QBs2bEgEoX3f1/bt2yUpCvlK0kc+8hFJUm9vr1/NoCgAACAASURBVL75zW8mQtfFYlHPPfecvvjFL6q7u3vsT7ZMGMZ+8cUXNTAwEC1/5plndODAgXE/viQ99NBDkqQtW7bo5z//ufPmtTQ4OKh/+qd/0pe+9KWKkDkAAAAAAACAy4MxQQs0Lpi1Vq+/vlXf+MbX1NV1UPl8PrE+lfI0bdo03b5uvRYtWhwt931fTz75hAYG+jUw0K/XX9+mv/27v9bGjc9pcHAw8X7tO++8rb1lYenR1E27Ws23/4a8dLoUZK7W/isl9h+GYa1UagE24fpELNrZR9lylcVkR22dDkLShYJyXXt16rE/U9+P/0T5g1tks/2SPXNo/IpSzMnvPayRrd/V6e99QUNbfio/W/qZhpUJHuMgtOw8f+FXGyy3lXsuidqjbTTeVXr+lAhKJ9ZJqpu5QA2rfkkyqYoxGD/+oTdl+4/VehoAAIyLulpPAAAAADhXbW1t+tVf/VX98z//swYGBvTVr35VktTQ0KBCoZBoH16xYoXWrVuX2P69995ToVDQE088oSeeeEIdHR1qaGhQT09P1K7xiU98Iho/Y8YMffSjH9UTTzyhHTt26A//8A81depU+b6v06dPR+P27t2rzs7O8Tx13XPPPfrmN7+pgYEBfelLX9L06dM1NDSkoaEhtbS0JELR4+Xmm2/WW2+9pZ07d+rJJ5/UU089Fc3DPf7Ro0c1Z86ccZ8PAAAAAAAAgImX8oyoQLhwxhjNnDlLTc1NGsmOJNZNmTJFq1ev0aobVmvmzFnavv0tHTrUFb333dfXpx/96AcayWa1b9/eqmUUdXV1uuaaFUqnMxXrRpmQ6pd/WM0nDmrgpR/KOvssNTQHwWZjSsFZYyrD0TJxgXS00CbGVQ3MutOosiwKRof/Lfga3v6icgffUWbBDaq/6gNKz79JXvN0XbH9f35Bxd4Dyu7apOx7Lyp/ZK9swQ+ej9JzZkyyrTl+Xtwe7lJTsxtQt9VHVTy3pRbw0rVtjbtt2CZu5GXq1bT2IdVNXTTWjwDOwj/0Rq2nAADAuCEADQAAgEll7dq1Wrp0qf71X/9Ve/bsUS6X08hI6U1iz/M0ffp0fexjH9M111xTse2dd96pOXPm6PHHH9fRo0cTIebW1lY98MADuu666xLb3HXXXVq6dKn+5V/+RUeOHNHJkyejY82dO1cPPvigFi0a/zfsrr/+en3yk5/UY489ptOnT+v48ePKZDJat26dFi9erG9961tKpc69NcHzSm8GV9smXFfN7/zO72jLli36yU9+ot7eXvX09EgqNWdfffXVeuihh9TR0XGeZwcAAAAAAABgsvBSQVCyStMrzs3s2bN1ww2r9NxzP5dUCo6uXn2j7rrzbk2bNi1633bFimu1ZMlSvffezmjbHW/vGPWx7+zs1Ic++IAWLV6shvqGc59Qql6Na39dhZOHNPzOq5J8SWEYNhl2TtyrCMImlQqBg7ma0fdT3gpdClorDtUGLdOlsVbFvpMafnujsrtfUbpznhquu0+Zqz8sr75VMldIENr68nsPaXj7D5V950UVek/KFvKVz4kTai5tZ2U8E2SWS+OMKoPPbp931PgchKmtiUPQpfGl1LN7nHB5GKJvuPZm1a/4oOSlx/yhwOhsfw8BaADAZc1YvisBAADAeXJfQlprq/7xfV/f+NbjkqTf/eSvjdtccrmcTp48qebmZrW2tp7XtoODg8pms2ptbVU6fW5vug0MDMj3fbW1tV3IdMdELpfT4OCgpkyZUrM5SKWPXOzv71cmk1FjY2NN5wIAAAAAl7K//9r3JEm/+Ssfkud58jxPxpjE7Wp/QuYMwSIAAGohlyuqWPBrPY1JbWRkWP/tv/2d2trbdd+992vx4iUVY4rFovbv36evf+Oro+4nlUqptbVVa9d+QOtuu/2i3qstHHlLfU/+Xyr0HEwEYKVSiNUNyiYDsGFc2iSDsqrS7BwFdG3V4K172w3gqux+ND7YX3raTNVfe7fql90jr71TXqZZ8i6nTkAr+UXZkdMqnDyg7Hs/U/adzSr091Y8F6OJHtcgv6zycLrzvIX3lQifx/sJ75ugI1xRmDoxY0lSes4iTfm1P5dpmH4B542LUXz7aeWf/D9rPQ0AAMbN5fRqDwAAAFegTCajzs7OC9q2ublZzc3N57VNS0vLBR1rLGUyGWUy5/jxhePI8zy1t7fXehoAAAAAAAAAJljKMyrWehKTXENDox5++L9TW1u7mpqaKtafOHlCr7++Tdu2bRl1H21t7Vq9ao3WrFmjWbMu7H1yV92sa9W8/jfU98Rfy2ZHysK0ZU3CZaFY6wRgrQlisbZ0OxHMjX6xyw1IJ+PWtuxreC9sFE6sC9K8+eNHVXj+nzX8+tNKz1uhzNwVSs+/Qakpi2TSLZO3Gdpa2Vyfiid2K9f1tvJdW5U79J5sdjjKL5c/F9WjyuFzZGWtiZ6neL2paIsOfwmvPFTt3rdhorrKOkmqmzpTrXd/mvBzjfgHt9V6CgAAjCsC0AAAAAAAAAAAAAAA4Jx5qdKnFfCB0xens3N2xbJ8Pq/XXntVm196QadOnVKxWBk1r6ur06obVmv9HXdq2tRpqqsbo+iHl1L90nvVeu+g+p/+ivxirqxV2EYVwqY8EB2PcJqGnT7gqPlZiWXW3Vc4xhkbBqTD6HMyoBsONZIpfWJlsf+0iu9sVnbXa/IaW1U3fY4yi9cos/g2paYulknVX+SDNEGKI/JPHdLI3k3K7d2mwrFD8rODsoW8pLK4eHldt8oe57KubVs20g2vl/bodnoreuQTIfewLdoktw1mVNouU6+mmx5Seu6a8z59XDx7+rD8rq21ngYAAOOKADQAAAAAAAAAAAAAADhnxhilUkaFAgHosZLL5dTVdVBPPf0THTrUVXVMOp3WzJmz9MCHf0FLlixNBozHSiqthpUfU/HkAQ2+9mPZRADbjNI2nAwt22BsouG5Svi5tCwI1gaB2tKmVdqgy0LR4S7C/VRk8Qt5+f0nle07qezet2Qy31Zm1iJlFq1Wet4apTrmyTROkamrl7y6YN/j8HiekS3N3y/IFnKyI70q9h5W/tAWZfe9quKRLhXzhdLQsrbm+LE1pSB4sC4RTI8C5cF6EwfYldhb6Wucoy57/IP9hON8a6NjuttGT0IQjG5ceZcab/glabKEzi8z/sGtsn1Haz0NAADGFQFoAAAAAAAAAAAAAABwXryUkQq1nsXloafnqDZu2qAdO7Yrm81WrE+lUpo3b77WrLlRN1y/Sg0NDeM7oVRGjTd9QsXBUxrevikK1SbaoKNQbBB6dkK1JlgdtjKXh59NYnwceg5DvG4A1w35uqJ5mDM3UYf/sfmisof2KHt4r7z040q1dSjVPkepaQuVau+U1z5LqeZp8tpmyNR3yHjp0ryNd04P2VnZICbsF+Xn+uX3H5U/cEJ+/1EVTh1R8WSXiqcOq9h3XH4uL/l+0GydDD67EeWK50RBENyU1oSBcmucx9QkHh1nyzDIbJ0lwdgo/Bw3cSteG+8vDKh7nhquuVktd3xaqhvnaxWj8g9sqfUUAAAYdwSgAQAAAAAAAAAAAADAefE8T57ny/dpgb5YVtK2bVtLYeEyLS0tuuee+3TtiuvU1tY2Pq3PVXits9Vy12fljwwot/v1YJ5WsibIuppkuNnaOGyssHg4ud4EYeXKkK0bty0PPytaE+47uaWqRXaDQyZbo8OWYpvLKX/sqPLHe6S9b8ikUvIyjVK6QaahRV5Dq1Lt7Up1zJDXvkyphkZ5DY0y9S0y9e1SQ4eMG7dxJ1rMyvojsrl+2eyA7FC/ioP9siPdKp48pMLp0/KH+2VHBmRzQ7L5Efn5vBIV1mWh8fAM3Dbm6BzLxztf4vMvewzKWqJtlecwHh+3e0ch6Ki5u2xukmSMMotuUMtdvyvTOFWoDb/7XRUPEoAGAFz+CEADAAAAAAAAAAAAAIDzYkypBZoA9MWbNXOWbl+3Xi+8+HwUgm5sbNQN16/Shz/8C+Pf+FyVkdfaqfaP/IF6H/+icvvfTWZ0pSiIa6Qo3ByvLQveJtY7y60NsruV4ebklZVcH7cfu7fKWo2dkHbFtuE6SbZQUDHfJ5l+qbdHCkO/4a49T8YzkmfkpVOSaZTChmgvaFr2/dImflEqDki+X1pWsKWQsW+dhyR5hqb83Erp8TBrHoecg8c83jocVNmY7YbPw8c5Oob7eIQt0cG+XW6A3Ib/iYaYZHg6kJ4+Wy13/ba89jlC7fgHXpNG+ms9DQAAxh0BaAAAAAAAAAAAAAAAcN5SKU+FvF/raVwW7rrrHr23a6cGBwe1bOlVuummD2jx4sXyvFRN52Wapqjlnt9V/8/+XvkD75Ryr0qWHrtB5TiAG7OJBuHyA4QhZXf7Su4x4xZpN2QdHjOR0q0MAY8W+DVl+zHGKa+2skUrFSU/X5RVLnkKo8w52DgOSlcbZyVrbCIEHe3UDXWbqI85nr9MNK4081IeWja854w1Zfer3E40QEfB9DCQHZyHtaVjuCce3E9Pm6HWD35WdTNXKvEcYGIVcvL3v1rrWQAAMCEIQAMAAAAAAAAAAAAAgPPmeUaplKdikRD0xWpqatJDD/47FX1fCxcsVCaTqfWUInUzrlHrfZ9T/5P/h3LvH040P5c3K1dlKsOwifGJ9WUB5kTw1o31OsFmd2ywu/J5RSHgM4Sxw2i0iW6pYny4LNl4Xb6P5NlUPa9wtHHGBS3NxsTJ4tFasOW0M8uZr7Gl0LQtz4FHm4VzL+/bTs4wcX7O+UbLw8cl2KBu2gy1fug/KT3/Vsl45Q8LJlBx/yvyD71R62kAADAheNUBAAAAAAAAAAAAAAAuiJei6XUsGGO0ZMlSXbXsqksq/CxJMp7qZq5Q+y//V2XmzIsWJzuYwyWKgshy15elhSu3dbdwNggTtmFzcxgSlo0Dw3Japsuajt3jGHc/0SAnouykhm3Z+ETf9Sjh5/Lzs2ULRtsm8RgEjdjWhvMpzbHisXKard39RPFtp1HbPYM42GzilujgOJ6JRyfbqE08l3C8iTurvdZ2tdz9KaUX3Eb4+RLg73+l1lMAAGDC8MoDAAAAAAAAAAAAAABckFTKyHiEoK8EXss8tT7wX5RZdH0iSBx3CbthZZtcH1cQR4He0jpbJQRdLozsKgo4W5lkk3PZfMo7pZPzdP6ErdDOPqLtrDu3MHCcHFOtSTpx/DCoHBznjOcaNiqbIKgcFkQnQts2nq9NHtmWfU20Vo8y1/LHKVxmnP2Hj1P59lZGqY5par3vU8osvZvw8yXAnjggfx8BaADAlYNXHwAAAAAAAAAAAAAA4IIYY5SiBfqKUTdzhVo/+HtquGptFJ51g7HJ7mclQr/ROrdB2SaDxrY8JGyTcebykO5oTdLuuHhZeWA4aJB2BoUN07K2ok06+uoEg6PZ2fJocbxVHNKuMkQqa1cuDSztt/L4QTq6tMS4Yevk8SvDysnHNhGONs5zZZwQuRsqd9u2g+F10zvV9gu/p/qrPyR5ddVPDhOquO8l2b7uWk8DAIAJQwAaAAAAY8IY3uAGAAAAAOBi8L01AGCySqWIHlwxjKe6aYvV9tCfqPG6WyUlA7KJdmKbiO2WvrqNy6UFyTFRODoYZ5RojC4PU1drOVbZuHhZeVQ4nIvzGswk91DeJu3ONe64VtRGHQrPIRlEdoPfNrEmeb9KwLrs2KV9B3MMz6Fa2NzdzlTMOrlv57kpD1C7YWhjpVTHdLV9+PeUXriO8POlIp+Vv/elWs8CAIAJxXchAAAAAAAAAAAAE4ywMwDgcuJ5hhD0FcbU1av53t9T800flsk0RGFcEwaBjUqh4CDQbBWHmMOgbfRqKBoT3JVK90wQ8jWm1NVskx3OUVNxlfm5zchV26DDwLEpa0q2lSHkypM3zrj4dlmkuTJEXLaPxG1T6rGuFpwun394tIqmardZu0ond2l+YXw6XhbNxLqPWpVzt6XnNz1nqdof/F+VnndTtVGokeLezfK7ttV6GgAATCh+DQsAAAAAAAAAAAAAAFyUVMqoWKz1LDCRvOYZar79U0pNWaTBF76p4uCQrLFBetZtWy7Faa21cfDXxEHc8uCztSYZEFYpEmzPlLV19y1bGp/YPg71VvZSV7un5HyrHCvaZxQ8TsaG3ehx+Xyiduvy+Tth6uh+8DU+/7j9uTz0HB7HOGHqyvkHgXQnnF5xzsGpmCC6biWZlKeGqz+gpjs+pbqpiyTDLz1cSvy9L9Z6CgAATDhejQAAAGDM0F4FAAAAAMCF4XtqAMBk56U8eR7/nl1ZjEzjVDXe+Ktqe+gLSk+fGYWfTXJU6asTUA5WOE3K4W0TZHbDxuhEbDjcLPE12LnTEB2HgsNj+24DdTi+dNDkPk08KjFfa+NIsfO6zQTzds8jXF7Rpewcq3wfiWB41AjtLI/OxkTHDPfurnd7n+PjW+f4QQ+0Mc6YeLYKzz+csvMoN1x3u1o++D+rbtoSws+XGP/wmyru3VzraQAAMOFogAYAAMBFM4mPewMAAAAAANWcS8iZIDQAYLIyRkqlPPk+NdBXHOMps/B2tT7QooFNX1f+8E7ZYlFuBNf9GrYT27ApOmwdNsmWZLfJ2ErRuPL9WWf7xLScMZ4bl3aLnZ1t3GNE+eOgAdkkN3fmF79+M6o8V6fXOgp22zgSLjeGHJxMtL9EY7VJPpZRe7Mzvrp4bgp+llPaNmjldo4RH9dpt5ZkWtrUvPrDavzAb8rUt53hWKgVf/eL0kh/racBAMCE41eyAAAAMKaiN/qMUV1dSpKUzxdqOSUAAAAAAGom/J44lSr9SCbR9ud8Dw0AwOUgVWdkaIG+MpmU0vPXqO2jX1DzLR9Xqrk9XlX21ZYvq/JayJSFp6OQtHt/VJVtzNZdaipHl+8tDjKHPdTOCBs2QpePLdu1dWPQcXtzvI2Njh1tZ9zAtxsaTz5m4TZeECA3ZWPceSXOMWrdjlupbfmYYJkxUl3nQrV98DNquu0/EH6+RNkTB1Tc80KtpwEAQE0QgAYAAMC4aaivlyQNDY/UeCYAAAAAANRG+D1x+D2yROAZAHD5MsYoleLfuSuXUap9oZrXfVJtD/wn1U2dEYV4w0+RLA9BlwePy0O80TbO4IorLGyRjtaNcg1GoWUb/TdqOU4OdA4Uj0jMtbyRuex8wmC3u+9whjYIUEdb2SBgHc7POscPxib26xzLKm7FTgS5rRtrlvP4JJuybdR07Z53ad71S5ar/aP/WfVXf1BKxa9lcWkp7nle9lRXracBAEBN1NV6AgAAAJh8TPAxaWfT1tqkgcEhnTrdp/a2lgmYGQAAAAAAl5ZTp/skSa0tjRe0PWFpAMBkk0p5KhbsOb2HjMtUXb0yy+5Wx9S5GtjwNWUPvC2THU6Ejc/e31xKTtsw/eyWFkvJxHJ5O3TV/SkKCicrl22QRS4dw33tZX0bh6uDSRtjZIOAcBTitjZaVt42XdksbZOfCCLJGuOstXHw2ZSFlcvOt3Sssrk45xofIb5vyx6rRNN2sJNUS4caV92rppt/i9bnS5wdOC5/9/O1ngYAADVDAzQAAADGXPjm3dQppY+46zl+qpbTAQAAAACgZsLviad0tCaWh987E3AGAFxuPI8WaEgynlLTlqvto19U673/QenZC84aDo4CvNY6JczJAG+SLVsXBIide9Xn5rY5OyFj48wtCgqHX50AsaqNqzyX6vM1yex21fNweqOr/SKBGwR3zrLa+cY5b/cYia7o+IjGqH7+MrV+6LNquu2ThJ8nAX/XJvlH3qn1NAAAqBkC0AAAABgXxhjNmjFFknT4SE+NZwMAAAAAQG2E3xPPmDZFxphk4x/hZwDAZSqV8s5UyIsriKlvV8P1v6i2h/5IzR+4RyY9+geVJyK5ZReQEwkOvprRb1nr3Hf2HixP7iuODyeWR5tW7ikx22oNzYobmU1ijanYj03WUUdjTOVESqOsjc4xXhqeW2VoOhpVsZ/kPEwmrZZbP6K2h/5Y9VfdI1PXUHHGuLTYkX4Vd2+s9TQAAKip0V9ZAgAAAOfAGDPqRxnOnT1TkvT+kWMaGBxSS3PTRE4NAAAAAICaGhgc0vtHjkmS5nROj5afLfhMMBoAMNl5KaNUylOh4Nd6KrgEGK9OqSmL1HzP76tuwbMafOkxFY7uky3kg6SwidufparhZ6myddndpvynFG48uHS/NDoRDbaSDX7G4YU/64j2G4eMTdgYbZJB5WAyTquyieLMiY7lYGHiHMvmZ4LzMm47dWI+VlYmWp8YJyNjRn/8yh8PG4yXJJOqU92MuWpa9+uqX3aP5GUqtsWlyd+1Uf7BbbWeBgAANUUAGgAAAGMm/AFtGIhOp+u0aMFs7T94RDt3HdDa1StqOT0AAAAAACbUzl0HJEkL5s1SXV0q0QBd3gRN6BkAcLkhAI0KXkr1y+5T3awVyr37U428s0n5noOyxWKiB9ltLY6Cv+5+THg/DB2XRiQCwEF4uHqrdDKGHB4nDjKrNJtRXp8lotSJMbZs78H+jClbXr43RQFrW7kqWJacy2iB79HFAW3JyhpP6akzVH/NXWpY+YBSHQslw4fITxr5YRXf21DrWQAAUHO8egEAAMCYGO0jfK9aMl+StP2d3RM+JwAAAAAAain8XnjJwjmjft882m0AACY7L2WUqiOSgDLGU6ptnhpv+k21/eL/ruZbH5TX0CBZm2xNVnnw11YsURiMtmWNz9Y6m1WLBpsqieE4bWwTR4gKnKuPj26Z6P8U/DGJPSS3NGUx6fLb4XlFrBOuds/J2ihCXW0/8eMWN1Yb46lx5Tq1PfhFNd32Pyg1ZTHh50mmuPM5+ftfqfU0AACoORqgAQAAMC7CH9rOnztLM6dPUc/xU9r6xru6cdU1NZ4ZAAAAAADjb+sb72pgcFjTp3Vo3pyZkmh9BgBceepSnvyiXz2Diiubl1aqY6Ga139ODcvv09BL/6js/rdVHOqvGjoOW6CjBmPnfqnw2Qa5ZlPxaZWhRL+zMfF6a+Nt3NdrwXEkJ3hs4iCx3OOUtTfH5+A0LzvjjCr34woboU3FbSfcLfe4lXHr6HZ4iFRG6Vnz1XzbLyu99D4ZL11xXEwCuSEV33uu1rMAAOCSQAAaAAAAFyTx5uBZxt1w3TL9dMOrennLW1qyaJ462lsmYIYAAAAAANTG6d4BvbzlLUnSymsWS4oDz+cTfCYgDQCY7LyUUSrlqVDwaz0VXKqMp9TM69TywBeV6XpNuZ0bld23TcX+01GwOGSjr2EoOQwXm0RaOvrJhZFkq7+eCkPFCr5Wa3m27i0bj7cqCy2PFmC2NhGoTp5LEIMuC05bdyZl21frv7aJLSv3L2tk6lJKz7tKjcvvUWbZenltsyvmi8mjuPM5+ftervU0AAC4JBCABgAAwEULw9DVfjBrrdWCeZ1aumiu9uw/rE2bt+rBB+6swSwBAAAAAJgYmzZvle9bLV4wW/PmzEyEnt2v1ULRhJ4BAJebVMpTkRZonIXJNKt+yZ3KzPv/2bvz+Ljq+9zjzzkzo122vMuWF2yDbbDBNjbgBYgBQxIICZAWWrI0JClp07Rp2t6bm6W5yW3S3KRteruQNKShkLBDTcxiNmO8YVu25H23LNnabS2WrH3mnN+5f4w01mjxhqQjjT7v10vMzFl+5xnhP2Y0j766XilVBWo7+KZaDnwg09rcMeK5/cDOk6CtTv+Vuv8Ts2RZ7cXgTmXizhOmOz7b8GLnd65Cd7q14tft+qhjJnVchs6v6zpdp/MaXUve8Zc/98w6r92R34s751xpOvqZjWTZlkLZOUq9/lNKmrFcdtpYyaYmNJR5rQ1yj6zzOwYAAIMGr2wAAADQrzrK0TctmqvK07UqLq3U5m27dPOShX5HAwAAAACgz23etkvFpZVKT0vRogVzKDkDAIY9pkDjolmWrORMhSYvVGjStUpZeFStO19Qa8E+maYGecaNLy+3n9ZRYrYkmU73PUmeFy0vd5SCZUWPsTvKyJ3/2qVlKTpXuWuZ2ovbfm5/+wTqTgNiuu5Te8G566Tnzs85dlfquaTdfo1o+dtrfx7tedr7017n9UJJShqTrZQF9yh59m2yU8eo+3xrDEXm8HsyJ/P8jgEAwKBheRfzd8sBAACAXnR+Oel5Xuxxx31jTOx+WcVpvb0u+me5Fi+8RjctmudLZgAAAAAA+kNu/n7l7TooSbrj1sWaOGGMbNuOlZ97uy8p7n7HYwAAEoUxnsJtrqgn4JK5bXJrixQu3Kq2wp1yqk7KNDfp3AzkzuXgqM7/yjq/ovI6jVfuqUjdk3PHnftv/JhmxaYun7tO92t3PqvX63VZtrdje9xuWbLTM5WUM1spVy5V6IolsjOze7sShiCvoUqRN/5Opmyv31EAABg0KEADAADgQ+lagO647enLGKPjRaXauHW3JGn+vKuYBA0AAAAASAibt+3Snv3HJEnLbrxWM6ZNOm/p+UKToSlAAwASTSTiyokwBRqXyURkmmvlnDqq8Iktaju2Q279GXnGxE1RlhQrJHctHHcrDndMT+4Yo9xF10J159J0dLunjtp114nRVqyYHZ0d3a383PWa5ylx95Sl81TqwNjxSpl1s5KmL1Fw3AxZyVmSZXd7PhjanB3Pydn4S79jAAAwqFCABgAAwIfWufjc9bZrAdrzvLgS9NTJ2bpl6fXKGpnhT3gAAAAAAD6EuvpGbdq6U8WllZLiy88XU4CW1OstAACJxBhPkbArY6go4EPyPHmtNWo9ul5t+99UpKJMxnEkmW4l5+jj7pOf40vKXfedu057Q1qWbUleD6Xn9qVj53pe9BRZcaVmr1MpO34WdOdqc/xc6s7XiS9AW7KTkhWcMFmp8z+qpJkrZKeO7nQUEo1Xc0LhNT+Ud7rA7ygAAAwqFKABAADwoV3KFOiOr/LKKm3etkdNza2ybUs3LbpW18+f49dTAAAAcLysbwAAIABJREFUAADgku3cc1i5+ftkjKf0tBQtWTxPEyeMuaiJz0x/BgAMR07EKBJx/Y6BhOFJkWZFagsVOZGnSMkhObXlchuq5EUi5xrKnV9nqecpzvEF5Y6d3c+V4qvK5xM/8VmS1VMRW7GcsevHBfQk25JlBxUYMUaBMVOVNPVqJU1ZrMDY6bKCaT1Or0ZicTb/Sk7uM37HAABg0KEADQAAgD7Rdfpzx/3zfbW2hZWbv1+FJ8olSRnpqZp39ZWafdU0ZaSn+fI8AAAAAAA4n8amZh05dlL7DxWosalFkjR96kQtWjBHKclJl1V+lpj+DAAYHjxPCrc5TIFG3zOOvLazcs+ellNdIKf8kCIVB+VUlclEnFgB2VLnknPHPGUrbktPs5k7T3OOP7unKc5qX/dcyTl+gnPXbV77qR3Totuz2rZC4ycrmHO1QuOvVmD8DAVG5shKGSnLDlzqdwhDlCndo8iaH8lrOO13FAAABh0K0AAAAOgTvU2B7rg931dx2SntO1igquq62BqTJo5TzsTxGj92lEZljVBaaopCoeDAPikAAAAAwLAWiThqbmnVmbqzOl19RmUVp1VeURXbP3ZMlubNma7Jk8ZfVNm5t6nPTH8GAAwnrmMUDjMFGv3PizTLNJ1S5MRWtRXmy608pkh9k6LTlnuf4HyuuNxeaI6bDh3dZnW633WidEeZOVqalqTeX99FC88d15ECWRkKZc9S8owFCk1aIHvUdFmhtPOugcQWeecf5O57w+8YAAAMShSgAQAA0Gd6K0FfbBG6tPy0CopKdbKk0pf8AAAAAABcjKmTJ2jGtEmaPGm8JF1W8ZnyMwBgOAu3uXJd43cMDBtedEJ061m5Z0vlVBUpUl0s7+wpuQ21Ms118sJt8pxWyYnIGCPLk+R550rS8cOde5gE3cM1Y0dZkiXZQVsKJMsKJstOTZWVkqVAeqYCWeMVGDVVoYmzZWVOkp2UIQWS+vqbgCHIPfK+Im/+WHLDfkcBAGBQogANAACAPtP1peWllqA79kcijsoqq1RVfUa1dQ1qbGxWa2tYjstUEAAAAADAwAkEbKUkJyszI1WjsjI1bswoTcoeq2Aw0K3M3NPjSyk/9/QYAIBE5bqeImFHtBXgF884ktMiL9wkr+WMTGuLvJY6maZTchsb5UVaZZoqZJrPyLQ2y2sLy0SMLC8ieW3R6c4dBWnLlhVIkRSQJ0t2yJadkiw7bYTs9LGyksfISkpWID1DVka27JQRstMyZCVnyQqlygqmSIGgmPKMzryWekXe/LFM0Ta/owAAMGhRgAYAAECf6mkKdMf9nkrQXR/3Vpruul5P1wAAAAAAoK/0VEbuWlw+X/G567aux3e9BuVnAMBwE4m4ciJMgcYg43mKTm/2OpWcvXNjnj1XntsmGUeW50iy5NlJ0RKzFTi3jiVZsiTLkiy700Ze8+HiOHkvyNnwC79jAAAwqAX9DgAAAIDEYllWrJTc9b4ULSyf70Pdns7vfG5nF1oLAAAAAIAP43wTmi9Ugu5t3/nWAgBgOAkGbBnXkzEMucAgYlmKTWKOvzl3SCg1/nG/h8JwY04dkXvgLb9jAAAw6FGABgAAQJ+7UAn6Qud1PqfzbefzKT8DAAAAAAZCbyXo8932dr+nNXlvCwAYrizbUiBoy4Rdv6MAwKDi7n9TXnWR3zEAABj0KEADAACgX5yvBN1Teblr+bmnW0nnLVN3nRANAAAAAMCluNBfLOp6/1Jvz3cfAIDhKBi0ZYwn1zF+RwGAQcE9/J7c/Wv8jgEAwJBAARoAAAD9pqfpz5czubm3KdJdC898cAwAAAAA6Es9vc+8nCJ0T2vxHhYAgKhgwJZxPQZcABj2vLOnouVnJ+x3FAAAhgQK0AAAAOhXncvLXR/3Ng26t2MldVsLAAAAAICBcL4C86VOeub9LAAA59gBS8GgrUjE9TsKAPjK3feGzMl8v2MAADBkUIAGAABAv7tQCVrqfTJ0T+d2YCIIAAAAAKA/ne8Xdnt7fKGyM+VnAAC6CwRtGePJdY3fUQDAF6Zwq9x9b/gdAwCAIYUCNAAAAAZEb0XmrkXoS12z8xoAAAAAAPSFC71HvZhS88VuAwAAkmVJgaAlYyR+3AtguPGa6+Tse0NeU43fUQAAGFIoQAMAAGDA9FRY7mmic9dtl/LBM2VoAAAAAMDluNRy8qUUnCk+AwBwYYGALRP05ESYAg1geHH3viZTsNnvGAAADDkUoAEAADDgepvcfKGCdE96WwMAAAAAgA/jUt5fUnwGAKBvBIO2PCO5LiVoAMODKcqVu/c1v2MAADAkUYAGAACAbyzL6nFic08fEPc22ZkPkwEAAAAAA+li34fyfhUAgEtnWZYCQVvGePy1PwAJz2uqkbPnVXkNp/2OAgDAkEQBGgAAAL7q/IHw+X6gzQfHAAAAAIDBjveuAAB8eIGAJS9oKxJx/Y4CAP3K3bNa5vgHfscAAGDIogANAACAQeNiy9AAAAAAAAwWlJ4BAOh7HVOgXdf4HQUA+oV7dL3c3a/6HQMAgCGNAjQAAAAGpQt9gExBGgAAAAAwECg4AwAw8CxLCoZsGc+TZ/hZMIDE4tWclLt7tbyWOr+jAAAwpFGABgAAwJDEB9AAAAAAAAAAkLhs21IwaCsSdv2OAgB9ytn9O5mSXX7HAABgyLP9DgAAAAAAAAAAAAAAANBVMGgrGKTWACBxuLtekbv7Fb9jAACQEHinAAAAAAAAAAAAAAAABqVgyFYgwF8EBDD0mZN5cig/AwDQZyhAAwAAAAAAAAAAAACAQcmyLAWCAVkWJWgAQ5dXXyFn5yp5tcV+RwEAIGFQgAYAAAAAAAAAAAAAAINWIGApGKLeAGDocnatkinc4ncMAAASCu8QAAAAAAAAAAAAAADAoBYM2goGqTgAGHrcXavk7nzZ7xgAACQc3h0AAAAAAAAAAAAAAIBBLxiyFQhQcwAwdLjHP5Cz82XJ8/yOAgBAwuGdAQAAAAAAAAAAAAAAGPQsy1IwZMu2Lb+jAMAFeVUFcvNflldX7ncUAAASEgVoAAAAAAAAAAAAAAAwJNi2pWDQlkUHGsAg5rXUy8l7SaZkl99RAABIWBSgAQAAAAAAAAAAAADAkBEI2goGA37HAIBeuXkvyj34tt8xAABIaBSgAQAAAAAAAAAAAADAkBIM2QoGqTwAGHzcXavk5L/odwwAABIe7wYAAAAAAAAAAAAAAMCQEwzZCgSoPQAYPNwj78vZ8bzkRvyOAgBAwuOdAAAAAAAAAAAAAAAAGHIsy1IwZMsOWH5HAQCZkl1y856X13Da7ygAAAwLFKABAAAAAAAAAAAAAMCQZNuWgsGAbJsSNAD/eFWFcrY/J1N5xO8oAAAMGxSgAQAAAAAAAAAAAADAkBUIWAoGbVkWJWgAA89rqJKz41mZE9v9jgIAwLBCARoAAAAAAAAAAAAAAAxpgaCtYMgWHWgAAyrcLGf7s3IPrfU7CQAAww4FaAAAAAAAAAAAAAAAMOQFg7aCwYDfMQAMI872Z+XufsXvGAAADEsUoAEAAAAAAAAAAAAAQEIIhqKToAGgvznbn5GT+4zfMQAAGLZ41Q8AAAAAAAAAAAAAABJGKBRQMEgdAkD/cXf+d3v52fM7CgAAwxav+AEAAAAAAAAAAAAAQEIJUoIG0E/cfa/LyX1aCjf7HQUAgGGNV/sAAAAAAAAAAAAAACChWJYUDNkKUIIG0Ifcg2/L2fZbec1n/I4CAMCwxyt9AAAAAAAAAAAAAACQcCzLUogSNIA+4h5+L1p+PnvK7ygAAEAUoAEAAAAAAAAAAAAAQIKyLEuhoK1AgHoEgMvnHl0vZ+tv5J0p9TsKAABoxyt8AAAAAAAAAAAAAACQsCy7fRI0JWgAl8E9ukHO1qfk1Z70OwoAAOiEV/cAAAAAAAAAAAAAACChUYIGcDmi5ecn5VUX+R0FAAB0EfQ7AAAAAAAAAAAAAAAAQH/rKEFLkusan9MAGOzcI+9HJz/XnPA7CgAA6IHleZ7ndwgAAAAAAAAAAAAAAICB4HmeIhEj16EEDaBn7qG1crb9Rl5tsd9RAABAL5gADQAAgAFzpq5B6zbl6+jxEtXXN6q5pU1TcsZr5vQcLb/xWk0YP9rviAAAAAAAAACABGdZnSZBU4IG0IW7/005234rr77c7ygAAOA8mAANAACAfud5nl5avU7rP9gtY3r+YXIwENBdt9+oj69colCQ39MDAAAAAAAAAPQvz5OciCuHEjSAdu6e1dHyc2O131EAAMAFUIAGAABAvzLG6L+efUM7dh2WZUlLb7hWi+bP1qSJYxWwbVWertXWHfu1Y+chOa6r+fOu1J88cr+sAcoXcRyVV/T+Q6yU5CSNHZOlQMAeoESQpLqzjaqvb5QkTZ2SPWD/HgAAAAAAAAAML5SgAXRw8l6Uk/u01HrW7ygAAOAiUIAGAABAv3rljY16e12uRmSm66tfvF9XTJ3Y43F7DxToP578nYzxdO9Hl+ueu5YNSL6yiir93T8+ecHjRo3M1O996jYtmj97AFLhqeff1NYd+yVJf//dr2j0qBE+JwIAAAAAAACQyJyIUSTi+h0DgB+MIyf3GTm5z0hu2O80AADgIvG3xQEAANBvztQ3aN3GfIWCQf3pI/f1Wn6WpOvmXqk//PSdeuald/T6Ox/o3fU7Lvl6OZPG6St/9CmNyEz/MLF7dKa+Qb/6zas6snSBHv69O/t8fcTj9zQBAAAAAAAADKRgyJas6DRofjwJDB9eS73c7c/KyXvB7ygAAOASUYAGAABAv1m7IU8Rx9Edty7W9GmTLnj8LUvmKxJx9Oqbm+U4lzZpw3iejheV6Z9/8YK+8acPXVYJesG1V+lzv//RuDXr6hu072ChXn9ni4wx2rh1txYvnKNZM6dc8voAAAAAAAAAgMErGLRlSYpEDEMagGHAqyuTs/1Zufve8DsKAAC4DBSgAQAA0G+KSyolSYvmz5YkHT1eoudXrVUgYOv3PnmbZl85tds5t9+ySLffsuiSr9XS0qaf/eJ5lZSdvuwSdGpKstLTU+O2ZWakaUrOBE0YP1q/+s2rkqSde45QgAYAAAAAAACABBQI2pJlyYm4MoYSNJCoTMUhuTuek3tso99RAADAZbL9DgAAAIDEVXGqRpI0OWecJOnVtzarvLJaJWWnter1DX16rdTUZP3Fo7+v7PGjVXGqRr98anWfrr/w2lmx+8Vlp3o8pv5sk44XlanwRLlaW8MXXLO5pVUnSyp1pKBYZxuaznusMZ6qaup0+NhJlZafluNe2oTsvuB5nkrKTulkSeUlTz9paWlTQWGpKk/XdtvnuK4KCktVU1vfV1EBAAAAAAAA4LIFApZCSQEFAlQqgERkCrfJ2fRLys8AAAxxTIAGAABAv4tEXCWFQpd8XmNTix5/arUsy9Kjn/+k7ICtXz65WsYYPfpHn5KkuP2WZfV19JjOS4fDkdj9U1Vn9MY7W5S3+7CMMXHnXDljsr748D0aPWpE3Paa2nr99qW3dfjoybjtoWBQH1+5RHfdfqOCgUBs+/rNO/XKmo1qa4vEHT918gR97sGPakrOBOXmH9R/PRv9E20fu+Mm3Xf3rd2ew/d/8mtVnq7VlJwJ+s5ffb7b/pdefV/vbciTJP31n/2hrpoxWZJUUFSq363ZpMIT5bHnaNu2pk+bqE9+7OZuk7z/8bHnVFBYqlAwqO/9z0f0/Kq1OnC4SJJ04/XX6IufuUeSdKK4Qi+uXqfCE+Wxc1NTkvXpT67olg0AAAAAAAAABpJtWwqFbMmSXMdc+AQAQ4K7/005ec/Lqzl54YMBAMCgRgEaAAAA/WbihDE6VliqU6drNeOKSfrkx27W86vWKhCw9cAnPnLecxubWvTPv3hBZRVVkqKl2uSkkE6UVEqS/vkXL0hS3P5QKKjK07WaOGGMvtJekO4ru/cfi92fPnWSpOgE5//9f/+z13MKCkv1s58/r7/7zqPq6E97nqd/+9XLcZOQbduWMUYRx9Grb21WWWW1/vhz90qS9h08rudfea/bsZJUXHpKP/rZb/T33/2K5s+9MnbMpm17uxWgT1WdiV2zpOyUas+cjStme5K25O6TJKWnp+rK9vLzyZJK/eznL3QrdxtjdLyoTP/yy5f011/9A82cnhO3T5IijqOf/uszamhsju072xiddF1dW69/eux5RRwnbt2W1jY9/eLbCgV5qwIAAAAAAADAX5ZtKRQKyLIkJ0IJGhjS3Iic/Bfl5r0or4W/SAkAQCKgVQAAAIB+M3VKto4VlmrDll2accUkzZo5Rd/7H4+c95wNW3brldc3KByJyBhPY8dkKRgMqOJUjSQpe8IYOY4bKz533T9xwhh9408f0ojM9EvO67pG4ci5Kcuekc7UndXeg8f1uzWbYtsXLZgtSUpLTdGsmVNUcapG99y1TPOunqHRWSNUeLJMz69aq9LyKlXX1mvP/mNaMO8qSdLmbXtjReQbr79GD953uzLSU3WmrkHvrt+udZt2asniubFrPfFMdKqzbdv6mz/7Q02fNlGO6+poQYmeefkdhYKBWJH5urlXau+BAjU1tajwRLlmXDEpts7mbXvinusH2/fp3o8ujz0+drxELa1tkqRbl86XJelMfYP+8d+fixWaP33vCi27YZ4s21Ju/kG98Mp7Msbon37+vP7Pt76ssaNHdvueNjQ2a/rUibpl6XxdMXWiRo8aIc/z9A//9kys/LxowRw9cM+tGjEiXceOl+pXv3k1lgUAAAAAAAAA/GRZai9BW3IiRp7n+R0JwCXy6iui5eddr/gdBQAA9CEK0AAAAOg3Kz+yWBs/2K383Ud0y5L5sanCvTleVKYXXlkrz/OUnJSkidlj9ejnP6lAwNZjv14lSfqzLz0g1zX69//8b0nS17786W77L6f8LEnbdx7U9p0Hz3vMshuv1ZyrpsUe/+kj9yslNTk24VmSrpw+WR9fuVS/+s2rkqSy8qpYAbqqpi523G03L1RGeqokaVRWph687w7deduNyhqZKUlyXDdWBL5ianas0BwKBjV3znT96DuPqr6hKbbe7Tdfr70HCiRJm3P3xhWgt+zYH/c8Nm/bE1eA3rxtb+z+rUsXSJIOHCqKlZQ/8dHlunPFDZ2yX69IxNGq1zfIGKO9+wt0+62Lun2/Zs2cor/66h/EbSuvrFb92WjuK6Zkx6ZdS9I1s6/QX331D/Sjnz3VbS0AAAAAAAAA8EswaLeXoF0ZQwkaGCpM6R65+S/LLdh04YMBAMCQYvsdAAAAAIlr1MhM3X7rIjmuq58/sUrFpad6PbbwRLn+8+nXZIynT9y1XP/v77+ub/7FZzQqK1MjMtP1rb/8nL71l5/TiMx0jcrK1N/+zRf0t3/zhR7394fMjDR98TOf0Ocf+ljc9tRO5WdPUmtrWGcbmjRh3KjYMZ1LzzcsvDp2/z+e/J02b9sbKwNL0e9Zx3rBQCBWti48Ua7/enaNCk+Uy3WjE5kty1LWiIzYubNnTVNqSrIkacfOQ7HJzQWFpWpqapEkLbg2WsSuP9ukkyWVkqJF67zdhyVJ06dO1KisaAH76PGS2Np33NK93Lzi5oWx+0cLS7rtl6Rb2svUnRWeLI/d/+gdN3XbPyVnvLLHj+5xPQAAAAAAAADwSyBgKZQUUCBI1QIYCtyD78pZ/xjlZwAAEhQToAEAANCvPvXxm1V7pl47dh3W//2X3+qGhVfr1qULNG5sllKSk1R4sly79x3Thi275Xme5s+7UnfftcyXrDOumKT77/lI3LbUlCSNHztKSUmhHs85U9egV97YqCMFJ+OKzJ11ngYyJWe85lw1TYePRY9/+qW3JUnp6alafuO1unvlUqWkJMWO//jKJTp6vETGGOXmH1Bu/gFJ0aLyfffcqtlXTo0da0m6ddkCvb0uVxHH0b6DhZo/70pt3Londo0/eujj2r3vmKTolOhpU7K198DxWFn6tluuj61XUFQqKTpxOjU1udvzSgqFlJwcUltbRMeLynp87vPnzey2rfDEuQL0hHE9F52zx49R5enaHvcBAAAAAAAAgF9s21IoFJBlWXIdVx7DoIHBJ9wkZ+d/y935sryWs36nAQAA/YQCNAAAAPqVbdv64mc+ocyMNK3/YLdy8w8qN/9gt+OCgYDuuv1GfXzlktgE5IE2YdxoXTVj8kUf39Tcqu/86PFYeTg9PVUzr8hRZkaqbNvWpvbicVd/+ScP6khBsX73xkYVFVdE12pq0Tvvb9faDXn61l9+VlNyJkiSZl85Vf/0f76mt9blauOW3WppbZMkFRVX6J9/8YIWLZijP/7cvbG1b106X2+vy5Ukbd62R3Ovnh6b7rz8xmuVmpqsa6+eoX2HCrVtxwH94QN3avO2aE7btnX9/NmxtQKBgCTJbX9+5xNsP7arpFD34njnMrnjuD2edzHXBAAAAAAAAAA/WJYUCtmyLclxTNwQDAD+MqeOyt21Su6Bt/yOAgAA+hkFaAAAAPQ7y7L04H136M4VN2rdpnwdPV6i+vpGNbe0aUrOeM2cnqPlN16rCeN7ngY8WO3aezRWfr7nrmX6xEeXx8rbVTV1vRagpWix+Ztf/6wc11XhiXKt37xLO/cekTFGazfk65GH744dm5qarPvvuVX333Or6uoblb/niNas3aqmphbl7z6s3//UbcoakSFJGjN6pKZOnqDi0lPad6hQuXkHYxlvWTpfknTr8oXad6hQEcdR/p7DOnjkhCRpyeK5cUXmq2ZMVlX1GRlj1NTUovT01Ljn0NYWUVtbRJI0c3rORX/fZl4xSes375QklZaf1tTJE7odw/RnAAAAAAAAAINdIGjLsi05jpHrMNQB8Jt7ZJ3cXa/IlO3zOwoAABgAFKABAAAwYEZlZerT967wO0afKTxZHrs/84qcuMnVO3Ye6vGcurONioQdjRubJSk6OXnWzCmaNXOK/vbH/6mq6jPauedIrABdUFSqGdNyZNvR1bNGZuiOWxdp3Jgs/fyJVZKiRezbbr4+do3bbr5eTz3/piTpty9GJxxMzB6rcWOi15w7e7pCwaAijqNfP/16p/MWxmW9asZkbdke/SHh2+9v1wOf+Ejc/rUbdsTuz5o55Xzfqjgzpk2K3V/z7lYtvWGeLOvcd6+gqFRV1Wcuej0AAAAAAAAA8IttWwqFArItS47jymMYNDDwWurl7H5F7q5X5LXU+50GAAAMEArQAAAAwGWac9W0WEF41evrNSLzbmWPH6Otefv16lubezzn1Tc3a8v2fVqyeK6W33SdJk4YI0k6dPRkrPQ7ckS6JKn+bJP+8d+f08gR6frUx2/RjGmTNHZMlipO1ei9jXmxNbNGZsRdY/HCOfrti2/HJj9L0keWLYjdt21Ly2+6Vus/2BXbNnb0SE3JiZ/EfO01M5WakqyW1ja98/52WZalpYvnSpalHTsP6o13t0qSkpNDmj/vqov+vo0ZPVJXTMnWiZJKVdfW6yf/8rR+/77bNWpkpo4UFOvZl9+96LUAAAAAAAAAwG+WJQVDtixbchwj49KCBgaKKd0jd/fv5B553+8oAABggFGABgAAAC7TddfM1MgR6ao/26TS8ir98J+eiu3r2N7VoSMnJEnb8g5oW96BHtf90mc/IUk6erxYUrQI/ZsX3urx2Fkzp2jhtbPitoWCQd2w8Grl5p9b/6brr4k75uYl8+MK0Cs6TZDukJGeqm9/4/P64c+eVFtbRG+vy9Xb63K7Xet/ff1zsdL2xfr6Vx7U93/6a9WfbdKJkkr9w789G7d/1MhMnalvuKQ1AQAAAAAAAMBPgYAdnQRtGTmOufAJAC6f58nds1rOntXyqov8TgMAAHxg+x0AAAAA8JNlWbH7gcClvTxOSUnS//6fX9TcOdNl2+fOnTp5gv7Hn38m9jgYDMTu/923/1j33X1Lj4Xh7PGj9WdfekDTp02SJN2w8Gp9568+rzlXTVMoGP+7i7Zt69alC/SVL9zXY7YVy89NfJ47Z7pSU5Pj9k+eNE5jR4+MPV56w7we1xk3Nkvf+vrntGTx3LjMI0ek68brr9E3v/7Z2BTr2PMNBLou001qarK++Ref1bIbr1V6empse/b40frqFx/Q3KunX3ANAAAAAAAAABhsLNtSKCmgpKSAbNu68AkALpk5fUyRtT9T5L3/R/kZAIBhzPI8j7+9AgAAAHxInqTqmjqNGpkZV3i+0DlnzzbJGKMRmekXLGC3tUXU1Nyi5KRQXGl4ILW2huW6bp9fv6GxWcnJISWFQn26LgAAAAAAAAD4xRhPrsM0aKAvufvXyN3zmkzlIb+jAAAAn1GABgAAAAAAAAAAAAAA6CeOY+Q6RsZQzwAulzl9TO6+1+XufV0yrt9xAADAIEABGgAAAAAAAAAAAAAAoB8xDRq4TJ6Ru+8Nuftel6k84ncaAAAwiFCABgAAAAAAAAAAAAAAGAAdJWimQQMXZsr2RcvPB97yOwoAABiEKEADAAAAAAAAAAAAAAAMEM/z5DhGrmNEYwPozms+I3f/m3L3r5F3ptTvOAAAYJCiAA0AAAAAAAAAAAAAADDAXNeT6xi5rvE7CjBouEfXy93/lkzRNr+jAACAQY4CNAAAAAAAAAAAAAAAgE86pkEbQ30Dw5epOCT34NtyD7wlRVr9jgMAAIYACtAAAAAAAAAAAAAAAAA+8jyvvQjtiRoHhhOv4bTcg+/IPfiOvNpiv+MAAIAhhAI0AAAAAAAAAAAAAADAIGCMJ9cxchzjdxSgfzlhuYfelXvoHZmSPX6nAQAAQxAFaAAAAAAAAAAAAAAAgEHEdaPToF2XIjQSj3tso8yhtXKPbfQ7CgAAGMIoQAMAAAAAAAAAAAAAAAxCrmPkuEbGpdqBoc+czJN76D25h9dKbsTvOAAAYIijAA0AAAAAAAAAAAAAADBIeV77RGiK0BiiTOkeuUfelzm8Tl4+jRVvAAAgAElEQVTrWb/jAACABEEBGgAAAAAAAAAAAAAAYJCLFaEdI2OoemDwM+X7o8XnI+/La6r1Ow4AAEgwFKABAAAAAAAAAAAAAACGCIrQGOxM6V65xzbIHN0gr7Ha7zgAACBBUYAGAAAAAAAAAAAAAAAYYmJFaNfIuFQ/4D9zMl/usY0yxzbIa67zOw4AAEhwFKABAAAAAAAAAAAAAACGqlgR2pPrGr/TYNjx5BZ8IFOwSe6xTVK42e9AAABgmKAADQAAAAAAAAAAAAAAkAA6StDGNaINgv7ktdTLHN8it2CzzPEP/I4DAACGIQrQAAAAAAAAAAAAAAAACcSYjiK0J2OohaDveNVFcgu3yBzfKlO+3+84AABgGKMADQAAAAAAAAAAAAAAkIA8z5PrejKuketSD8HlM0W5cgu3yhRuk3e20u84AAAAFKABAAAAAAAAAAAAAAASnXGjU6Fd1xNVEVwMr64sWnwu2i5TlCuJfzcAAGDwoAANAACAQcfzPIXDjiIRRxHXjf6ZPmMUfeXKy1cAAAAAwECwZFmSbdsKBGyFAgGFQkElJQVlWZbf4QAAAC7buanQ0UI0EMdpkzmZJ/fEDpkT2+XVlfudCAAAoEcUoAEAADBotIUjam0Nq7UtIorOAAAAAIDByVJKckgpKUlKTgr5HQYAAOBDMeZcEdoYfi4/nJmyfTLFO2VO5smU7fM7DgAAwAVRgAYAAIDv2sIRNTe3KhxxYtuSQiElJQUVDAYUDARk2xYTtgAAAAAAA8rzPBnjyXFdOY6rcNhROBKJ7U8KBZWWlkIRGgAAJATjenKNkXE9ytDDhHf6mNziXdHic8lOyQn7HQkAAOCiUYAGAACAb4znqbGxRS2tbZKkgG0rNTVZqSlJsm3b53QAAAAAAHRnjFFLa1gtLW1yTfRPxqemJCsjI1U2v7gLAAAShOt6Mu1ToSlDJxZz6qhM6R6Z0t0yJbultia/IwEAAFwWCtAAAADwRTjs6GxDs1zjypKl9PQUpael+B0LAAAAAICL1tTcqqamVnnyFLADGpGZpqSkoN+xAAAA+hSToYc4z8iU7Wv/2itTuk+KtPidCgAA4EOjAA0AAIAB19oWVv3Z6ESB5KSQMjPSFAgw8RkAAAAAMPS4rlFDY7PawhFJ0sgR6UpJTvI5FQAAQP/omAjdUYamcjI4eQ1VMhUH5JUfkCk/IFNx0O9IAAAAfY4CNAAAAAZU5/JzWmqKMjNSfU4EAAAAAMCH19DYouaWVkmUoAEAwPDgeZIx5lwp2ngSDRR/hFtkTh2WqTgkr/KwTMVBeY3VfqcCAADoVxSgAQAAMGDCYUdn6hskSRlpqUpPT/E5EQAAAAAAfaepqVWNzdE/Jz5qZKaSkoI+JwIAABg4XkcR2mufDm080UjpJ21NMqePypw6Ju/0UZlTR+XVFvudCgAAYEBRgAYAAMCAMJ6n2toGucZl8jMAAAAAIGF1TIIO2AGNHp0p27L8jgQAAOALL1aEVmxCNBWVy+OdKZWpLpRXdVym6ri8qgJ59ZV+xwIAAPAVowcAAAAwIBobW+QaV8lJIcrPAAAAAICElZmRKtd11RaOqLGxRSMy0/yOBAAA4AvLshQIWFLg3LaOydDGay9Ge9HHOMerLZapLZZXe1JezUl5NSdkqoskN+J3NAAAgEGFAjQAAAD6XVs4opbWNlmylJnBB78AAAAAgMSWmZGmcO1ZtbS2KTk5pOSkkN+RAAAABgXbtiTb6tyJbp8UHb312qdEdzxOWMaVV18hr75cXl25TF2ZvDOl7V8lfqcDAAAYEihAAwAAoN81N7dKktLTUxQI2D6nAQAAAACgfwUCttLTU9TY1KLm5lYK0AAAAOcRnRQtSVbcds/rXIpuv9/ldjCzLEuWFb11Kw7KObxBXsNpeQ2n5NWfktdY5XdEAACAIY0CNAAAAPpVWziicMRRwLaVnpbidxwAAAAAAAZEelqKWlraFI44agtHKEEDAABcoo7ysGyrx/2eF/1P9MZrfyx50f9EH6t9e8fxat8WvblAgI5KthXLc+42Wm6OHhM9sCOv1X6Q1Sl2w8b/kHNy98U/eQAAAFwQBWgAAAD0q9bWsCQpNTXZ5yQAAAAAAAys1NRkNTa1qLU1TAEaAACgj0ULyFZcSXkw8pw2ys8AAAD9gL8/DgAAgH7jeZ5a2yKSpNSUJJ/TAAAAAAAwsDreC7e2RQb9n2gHAABA/3CK8v2OAAAAkJAoQAMAAKDfhMOOJE9JoZBsm5eeAAAAAIDhxbZtJYVCkrz298gAAAAYbpwTO/2OAAAAkJBooQAAAKDfRCLRD3eTkoI+JwEAAAAAwB8d74k73iMDAABgeImcYAI0AABAf6AADQAAgH4TcV1JUjAY8DkJAAAAAAD+6HhP3PEeGQAAAMOHaayRW3nU7xgAAAAJiQI0AAAA+o3rGklSMEABGgAAAAAwPHW8J+54jwwAAIDhw2H6MwAAQL+hAA0AAIB+Y0z0w13btnxOAgAAAACAPzreE3e8RwYAAMDw4RTl+R0BAAAgYVGABgAAQL/xvOitZVGABgAAAAAMTx3viTveIwMAAGD4iBQxARoAAKC/UIAGAABAP+LTXQAAAAAAoniPDAAAMJy41Sdk6iv9jgEAAJCwKEADAAAAAAAAAAAAAAAAfShyPNfvCAAAAAmNAjQAAAAAAAAAAAAAAADQh5yiPL8jAAAAJDQK0AAAAAAAAAAAAAAAAEAfihTu8DsCAABAQqMADQAAAAAAAAAAAAAAAPSRyPFcyY34HQMAACChUYAGAAAAAAAAAAAAAAAA+ohTxPRnAACA/kYBGgAAAAAAAAAAAAAAAOgjkUIK0AAAAP2NAjQAAAAAAAAAAAAAAADQB0xdhdxTBX7HAAAASHgUoAEAAAAAAAAAAAAAAIA+ECnc7ncEAACAYYECNAAAAAAAAAAAAAAAANAHHArQAAAAA4ICNAAAAAAAAAAAAAAAANAHIscpQAMAAAwECtAAAAAAAAAAAAAAAADAhxQp2iEv3Ox3DAAAgGGBAjQAAAAAAAAAAAAAAADwITlMfwYAABgwFKABAAAAAAAAAAAAAACADylyPNfvCAAAAMNG0O8AAAAAwMXwPE9lZWW97k9PT1dWVpYsyxrAVMNbS0uLampqFAqFNGHCBL/jAAAAAAAAAADgG1NbIvf0cb9jAAAADBsUoAEAADAkhMNh/eu//usFj8vJydF9992nadOmDUCq4S0vL0+vvfaasrKy9O1vf9vvOAAAAAAAAAAA+IbpzwAAAAOLAjQAAACGnNGjRyszMzP22BijM2fOqLGxUWVlZXrsscf00EMPadGiRT6mBAAAAAAAAAAAw0WkYJvfEQAAAIYVCtAAAAAYcj772c9q8uTJ3bbX1tbq6aefVmlpqV566SXNnj1bGRkZPiQEAAAAAAAAAADDRqSNAjQAAMAAs/0OAAAAAPSV0aNH60tf+pJs25YxRoWFhX5HAgAAAAAAAAAACS5yfKskz+8YAAAAwwoFaAAAACSU9PR0jR49WpJUXl7e4zHNzc0qKSlRRUWFHMe54JpNTU0qLi5WWVnZBY93XVdVVVUqLCxUfX39pT+BPtDc3KwTJ04oEolc0nmu66q8vFynTp3qts/zPJWWlqqurq6vYgIAAAAAAAAAkBCY/gwAADDwgn4HAAAAAPqaMUZStNDboaGhQe+99562b9/ercS8cOFCPfDAA0pOTo7bXlpaqhdeeKFbIXjs2LF66KGHNG3atNg2z/O0Zs0abdq0KXZ9SbJtWzfffLM+9rGPKRgM6qmnntKBAwc0e/ZsfelLX+qW/fjx4/rlL38p27b1ve99T2lpad2O+f73v6/m5mbdd999WrZsWdz19+zZE1dSzs7O1rJly7RkyZK4NVpaWvSDH/xAxhh985vf1IYNG5SXlyfHcTR16lR97WtfkyRVVVVp9erVKigoiD2vtLQ03XHHHd1yAQAAAAAAAAAwHEUKtvodAQAAYNhhAjQAAAASSlVVlWprayVJV1xxRWz7j3/8Y23ZskWO4ygtLU1Tp05VMBj9fcBdu3bp5ZdfjlsnHA7r8ccfj5WfJ0yYoMmTJysYDKq6ulqPPfaYSktLY8dv2rRJGzZskDFGKSkpmj59ukaOHCljjDZu3KgnnnhCkjRv3jxJ0pEjR9TW1tYt/7Zt0SkRxhjt2rWr2/6CggI1NzdLkubPnx/b/uKLL2rDhg2qq6tTZmampk2bppSUFFVWVmrVqlX64IMP4tZxXTdWaP71r3+tbdu2yXEcZWRkaMyYMZKik68fe+wxHT16VMYYZWVlKTs7W62trXrttde0dSs/0AUAAAAAAAAADG9OyT6Zhmq/YwAAAAw7TIAGAABAwigoKNALL7wgSUpKStJVV10V27d8+XLV19frzjvv1Lhx4yRFS8Zbt27V6tWrtWfPHt17770aMWKEJGnt2rVqbW3tNonZGKP3339feXl5ysnJkSS1tbVpzZo1kqQVK1bo7rvvjl23srJSzz33nBYuXChJuu666/TSSy/JGKPdu3frpptuih3rOI727dsXe5ybm6vly5fHPcft27dLkmbOnKn09HRJ0rp165Sfny9Jevjhh7VgwYLY8WvWrNH69eu1evVqjRkzRnPmzOn2fauurtbSpUt11113xdaUpMcff1zNzc1KSUnRo48+qsmTJ8ee7xNPPKGioqLz/v8AAAAAAAAAACDRRQq2+B0BAABgWKIADQAAgCHn8ccfj01vlqKl5I6pyB0eeeQRJSUlxR7fc8893daxbVvLly/Xa6+9JmOMqqqqYgXo+vp6SdKUKVNi5eeOc+644w7dcccdsW2tra2xacpz586Nu0Z2dra+8Y1vxB6HQiFdd9112r17t7Zv3x5XgN6/f7+MMUpKSlI4HFZlZaXOnDmjUaNGSYpObd67d68kadmyZbHzduzYIUlaunRpXPlZku6++24dOXJEFRUVys/P77EAPW/ePN1///1x25qbm1VRUSFJevDBB2PlZ0lKTk7WF77wBf3gBz+IPW8AAAAAAAAAAIajyDEK0AAAAH6w/Q4AAAAAXKrW1lY1NjbGvjrKzxkZGVq4cKG++93vaubMmRdcx3EctbS0KCUlRZJUV1cX27do0SJJ0smTJ/Xaa6/FCtE9GTlypLKzsyVJzz//vA4ePHjeYvCSJUskSSUlJTp79mxs+7Zt2yRJd955p6ZOnSrpXLlZkg4cOCBjjILBoK655prYc6ipqZEULUD3pGOK9IkTJ86bp7Pi4mJJUjAY1Lx587rtT01N7Vb2BgAAAAAAAABgODE1xXJPFfgdAwAAYFhiAjQAAACGnEcffVQ5OTlx21JSUmRZVq/nRCIRrV+/Xvv371dNTY3C4XC3YzqXlmfNmqUrr7xSBQUF2rRpkzZt2qS0tDRdffXVWrlypcaMGRN37j333KOnnnpKNTU1evLJJyVJkydP1pIlS7R48WLZ9rnfPZwxY4bS0tLU3NysnTt3asWKFWpublZhYaEkafHixUpLS1NxcbF27Nihu+66S5K0fft2SdLChQsVCAQkSWVlZbF1u2bqur2+vl7hcDhuMrak2ITpzjoK0FlZWT2uKUnjxo3rdR8AAAAAAAAAAIkuzPRnAAAA3zABGgAAAENOSkqKUlNT477OV36WpJ/+9Kd69913VVFRodGjR+uGG27QihUrtHLlSgWDPf9e4KOPPqqvfe1rmjVrloLBoJqbm5Wfn6+f/OQnWr16ddyxs2fP1ve//33dddddsdJwaWmpXn75Zf3whz9UZWVl3PEdU5dzc3MlSTt37pQULUenp6dr/vz5sm1b9fX1Ki8vV1tbm44ePSopftJzRxFakjzP6/F5dN7e0/epczm7QygUkqTzTrI+3z4AAAAAAAAAABJdhAI0AACAb5gADQAAgIR38uRJ1dfXS5L+/M//XFOmTInbv379+l7PnTp1qr785S9Lik5bXr9+vfbs2aMPPvhAH/nIR+ImJCclJWnlypVauXKl2tralJ+fr3feeUeNjY1at26dHn744dixN910k9atW6eamhpVVVVp27Ztks4Vo5OSknTNNddo//792r59u7KzsyVJI0eO1OTJk2PrTJw4MXa/urpakyZN6vYcqqurJUWnOXcUmy9k6tSpkqS6ujoZY3osSVdVVV3UWgAAAAAAAAAAJBqv6YycE/l+xwAAABi2mAANAACAhFdQUCApOuk4Jycnbl9xcbEcx+l2juu63bbl5OToM5/5jDIyMiRJ+fn5vR6fnJysZcuW6d5775Uk7d27N27/qFGjYuXlN998U6dPn5Zt25o3b17smJtuukmSlJeXF5sU3VGQ7hAIBDR+/HhJ/5+9e4+2u67v/P/e13NLwjVUQFBwrcitjVaBLkYLVqW16jirrW2tHbo602EG60xndP1q15rlr2vqb9ZqV6faC+JMyqioeGkVpIJACJBICLdwCUkghHsIScg9OZd9/+7fHzEHYhLISc4+n733eTz+YZ9zvnvv58lf+Z7z4pOI5cuXH/L73//5s84665BfP5T9I/Esyw74PvcbHx+PtWvXHvHrAQAAAABAP6k/fW/qBACAWc0AGgCAvrd/+Jtl2QEj4R07dsR11113yOd87Wtfiy9/+cuxZcuWAz6/ZcuWGBsbi4iYHEJv2bIlPv/5z8eyZcsOGEJnWRZr1qyJiH0nOv+sSy65JCJi8pqFCxdGsfjqP9KyYMGCKJfLUa/X4+WXX46IiAsvvPCwr7Ny5cq4995Xf+CaZVnccMMNsXXr1oh4dVB9JMrlcrz97W+PiIgbb7wx1q9fP/m1sbGxWLRo0RG/FgAAAAAA9JvGegNoAICUim98CQAA9LazzjorTj755Ni+fXvcfPPNsXjx4pg3b15s3749isVi5PP5yLJs8vpWqxXPPfdcNJvN+OIXvxjlcjlOOumkGB0dnRw/n3LKKZNj5PXr10ez2Yxbbrklbrnlljj++ONjcHAwtm7dOvm6v/M7v3NQ1zvf+c74wQ9+MPnxzw6Uc7lcvPvd744VK1ZERMRb3vKWmDdv3kGvc8kll8SuXbti2bJlcdNNN8Utt9wSIyMjMTo6Ovn+v/d7vxdnn332lP7crrjiivjiF78YO3bsiGuvvTYGBwcjn8/HxMRERESceeaZsWHDhim9JgAAAAAA9LxmPRpOgAYASMoJ0AAA9IRcLjf5OJ+f2l9jc7lcfOYzn4l3vOMdUSwWo16vx/bt2+PUU0+Nq666KubOnRsRMXn6cqFQiD//8z+P97znPTE8PBz1ej02b948OX7++Z//+fijP/qjyY5f/uVfjiuvvDJOPfXUyOfzsXv37tiyZUtkWRZz586Nj3/843H++ecf1FUul+OCCy6IiIjh4eFDDpQvuuiiycf7T3o+lA9/+MPx0Y9+NM4888xoNpuxZ8+eyOfzsWDBgrjiiiviHe94x5T+zCIiSqVSXHXVVXHxxRfHnDlzolqtxsTERJxyyinxiU98IhYuXDj55wUAAAAAALNFff3yiKz1xhcCANAxuXa73U4dAQBAf3pl266IiPi5+SckLjnQrl27YmRkJMrl8hFd32q1Yu/evVEoFA55AvPPGh8fj1qtFnPnzo1SqXSsuVPWarVidHQ0jj/++Gl93fHx8SiVSkf85wYAAMA+3Xp/DADA0Rn/4V9EffXtqTMAAGa1YuoAAACYaSecMLVfOBcKhSk9Z2RkJEZGRqaaNW0KhcK0j58jIun3BAAAAAAA3aKxfnnqBACAWW9q/3Y4AAAAAAAAAADMUo2n7412bTx1BgDArGcADQAAAAAAAAAAR6DxlNOfAQC6gQE0AAAAAAAAAAAcgfr6e1InAAAQBtAAAAAAAAAAAPCGGs89GO3xXakzAAAIA2gAAAAAAAAAAHhDjaec/gwA0C0MoAEAAAAAAAAA4A0YQAMAdA8DaAAAAAAAAAAAeB3NFx6ObHRb6gwAAH7KABoAAAAAAAAAAF5Hfd1PUicAAPAaBtAAAAAAAAAAAPA6Gk8ZQAMAdBMDaAAAAAAAAAAAOIzmCw9Htndr6gwAAF7DABoAAAAAAAAAAA6jvm5Z6gQAAH6GATQAAAAAAAAAABxGwwAaAKDrGEADAAAAAAAAAMAhNJ57MLLR7akzAAD4GQbQAAAAAAAAAABwCE5/BgDoTgbQAAB0UC51AAAAAHQJ98gAAL2o/uTS1AkAAByCATQAAB2T++nvdtvtdtoQAAAASGT/PXHO/hkAoOc0nr432hO7U2cAAHAIBtAAAHRMPr/vr5tZZgANAADA7LT/nnj/PTIAAL2j4fRnAICu5adtAAB0TKGw76+bzVYrcQkAAACksf+eeP89MgAAPaLdjroBNABA1/LTNgAAOqZUKERERLNpAA0AAMDstP+eeP89MgAAvaH+5N3Rrk+kzgAA4DAMoAEA6JhSqRgREfV6M3EJAAAApLH/nnj/PTIAAL2h8eTdqRMAAHgdBtAAAHRMuVyMiFzUG43Isix1DgAAAMyoLMui3mhERO6n98gAAPSCdm0i6k8YQAMAdDMDaAAAOiaXy8XgQCkiIirVeuIaAAAAmFn774UHB0qRy+US1wAAcKTqT94VEe3UGQAAvA4DaAAAOmpwsBwREZVKLXEJAAAAzKz998L7740BAOgNjSfuSp0AAMAbMIAGAKCjBsqlKJeK0cqyGJ+ops4BAACAGTE+UY1WlkW5VIyBcil1DgAARyjbuzUazz6QOgMAgDdgAA0AQMcNDw9GRMT4eDVarSxxDQAAAHRWq5XF+Pi+/wl4/z0xAAC9oe70ZwCAnmAADQBAxw2USzE0OBDtaMfo2ETqHAAAAOio0bGJaEc7hgYHnP4MANBjGk/cmToBAIAjYAANAMCMmDNnKAr5QtTqjRgdq6TOAQAAgI4YHatErd6IQr4Qc+YMpc4BAGAKWq88E82Xn0idAQDAETCABgBgRuRzuZg3dzgiIiYq1cl/ChgAAAD6xfh4NSYq++53580djnwul7gIAICpqDv9GQCgZxhAAwAwY8rlYhw3byQiIsYmKk6CBgAAoG+MjlVibGLffe5x80aiXC4mLgIAYKrqaw2gAQB6hZ++AQAwowYHyhHzIvbsHY+JSjVarVbMnTMchYL/Nw8AAIDe02plMTo2EbV6IyL2jZ8HB8qJqwAAmKrm8ysj2/Vy6gwAAI6QATQAADNucKAc+ePysXd03y+I6zv3xsjIYIwMD6ZOAwAAgCM2PlGN8fFqtKMdhXwh5s0ddvIzAECPqq9dkjoBAIApyLXb7XbqCAAAZqes3Y6xsUpUqrWIiCjk8zE0NBBDg+XI550IDQAAQPfJsiwq1XpUKrVoZVlERAwNDsScOUORz+US1wEAcFSyVuz+61+Ndr2SugQAgCPkGAIAAJLJ53Ixb+5wDAyUYmKiGvVGM8bGKzE2XolyqRTlcjGKxUIUC4XI53OR84tkAAAAZlC73Y4sa0ez1YpmsxX1ejPqjcbk18ulYgwPD8ZAuZSwEgCAY1Vfu8T4GQCgxxhAAwCQ3EC5FAPlUtTqjahW61GtNaLeaBzwS2UAAADoDrkYHCjF4GDZ8BkAoE/U19yROgEAgCkygAYAoGvsH0LPa7ejXm9Go9GMRqsVrVYWWZZFux0R0U6dCQAAwKyQi1wuIp/PR6GQj1KhEKVSMcrlon+hCACgj2R7tkTjmftSZwAAMEUG0AAAdJ1cLhcDA6UYGHCSFgAAAAAA0DlOfwYA6E351AEAAAAAAAAAAJCCATQAQG8ygAYAAAAAAAAAYNZpblgVra3Pps4AAOAoGEADAAAAAAAAADDrOP0ZAKB3GUADAAAAAAAAADC7tLOor1mcugIAgKNkAA0AAAAAAAAAwKxSX7042rXx1BkAABwlA2gAAAAAAAAAAGYVpz8DAPQ2A2gAAAAAAAAAAGaNbOdL0Xj2gdQZAAAcAwNoAAAAAAAAAABmjdrq21MnAABwjAygAQAAAAAAAACYNeqPG0ADAPQ6A2gAAAAAAAAAAGaFxtMrItu9KXUGAADHyAAaAAAAAAAAAIBZof74bakTAACYBgbQAAAAAAAAAAD0vWxsZ9SfuDN1BgAA08AAGgAAAAAAAACAvldf7fRnAIB+YQANAAAAAAAAAEDfqz9+a+oEAACmiQE0AAAAAAAAAAB9rfn8ymhtfS51BgAA08QAGgAAAAAAAACAvlZz+jMAQF8xgAYAAAAAAAAAoG+1K3uj/vhtqTMAAJhGBtAAAAAAAAAAAPSt2qofp04AAGCaGUADAAAAAAAAANC36o/fmjoBAIBpZgANAAAAAAAAAEBfaj6/MlqvPJM6AwCAaWYADQAAAAAAAABAX6qt+nHqBAAAOsAAGgAAAAAAAACAvtMe3xX11benzgAAoAMMoAEAAAAAAAAA6Du1x25JnQAAQIcYQAMAAAAAAAAA0HdqqwygAQD6lQE0AAAAAAAAAAB9pbF+eWQ7NqTOAACgQwygAQAAAAAAAADoK7XHnP4MANDPDKABAAAAAAAAAOgb2c6N0XjqJ6kzAADoIANoAAAAAAAAAAD6Ru2xm1MnAADQYQbQAAAAAAAAAAD0DQNoAID+ZwANAAAAAAAAAEBfqK/6cbTHd6XOAACgwwygAQAAAAAAAADoC05/BgCYHQygAQAAAAAAAADoec2XVkdzw6rUGQAAzAADaAAAAAAAAAAAel7tsR+lTgAAYIYYQAMAAAAAAAAA0NPa4zuj/tgtqTMAAJghBtAAAAAAAAAAAPS02qNOfwYAmE0MoAEAAAAAAAAA6GkG0AAAs4sBNAAAAAAAAAAAPau+5o7Idm9OnQEAwAwygAYAAAAAAAAAoGfVHv2X1AkAAMwwA2gAAAAAAAAAAHpSc+PqaL7wSOoMAABmmAE0AAAAAAAAAAA9qfaI058BAGYjA2gAAAAAAAAAAHpONrot6qt+nDoDAIAEDKABAAAAAHL4l0oAACAASURBVAAAAOg5tUduSp0AAEAiBtAAAAAAAAAAAPSc2sMG0AAAs5UBNAAAAAAAAAAAPaX2yL9Ee3xn6gwAABIxgAYAAAAAAAAAoKfUHvlh6gQAABIygAYAAAAAAAAAoGc0nrkvWpufSp0BAEBCBtAAAAAAAAAAAPSM2sNOfwYAmO0MoAEAAAAAAAAA6AmtLeujsX556gwAABIzgAYAAAAAAAAAoCc4/RkAgAgDaAAAAAAAAAAAekA2tj1qj9yUOgMAgC5gAA0AAAAAAAAAQNerrXT6MwAA+xhAAwAAAAAAAADQ3dpZ1B6+IXUFAABdwgAaAAAAAAAAAICuVlt5Q7Qn9qTOAACgSxhAAwAAAAAAAADQ1Wornf4MAMCrDKABAAAAAAAAAOha9bVLorX9xdQZAAB0EQNoAAAAAAAAAAC6Vu0hpz8DAHAgA2gAAAAAAAAAALpS47kHo/nSqtQZAAB0GQNoAAAAAAAAAAC6Uu2hH6ROAACgCxlAAwAAAAAAAADQdVqbnozG+uWpMwAA6EIG0AAAAAAAAAAAdJ2q058BADgMA2gAAAAAAAAAALpKtvOlqD9+a+oMAAC6lAE0AAAAAAAAAABdxenPAAC8HgNoAAAAAAAAAAC6Rnt8Z9Qe+n7qDAAAulgxdQAAAMyYrBmtzeujte25aO3YENnuTZHt3Rbt8V3Rro5Gu16JdtaMaLdTlwIAAPB6crnI5YuRKw9FbnBu5EZOiPy8+ZE//rQonHRmFOafHYVTF0Tk/RoEAKAXVR/8vp/VAwDwunLttr8xAgDQvxrPPhDNFx6O5oZV0Xx5rR+YAgAAzBa5XBRPPz+KZy6M4lvfFaW3XZy6CACAI9BuVGPPl/51tGvjqVMAAOhiBtAAAPSdxrplUX9yaTTW3xPteiV1DgAAAF0gVx6K0oL3Rvncy6J0zqWpcwAAOIzqvd+Myl3/O3UGAABdzgAaAIC+kO18KWqP/ijqj98a2djO1DkAAAB0sfycE6P8Cx+KgXd+NPInnpE6BwCA19jztx+LbHR76gwAALqcATQAAD2t9fITUX3wn6O+ZnHqFAAAAHpQ+YLLY/Cij0fh9PNSpwAAzHq1B78fE7d/KXUGAAA9wAAaAICe1Nr2fFSXf8PwGQAAgGlRvuDyGHzPFVGYf1bqFACAWWvP1b8d2a6XU2cAANADDKABAOgtWTMqdy+K6orrU5cAAADQhwYv+WQMve/KiHwxdQoAwKxSe/RHMXHzX6bOAACgRxhAAwDQMxrrlkVlyZej5fQHAAAAOqhwwukx9IE/jtI5l6ZOAQCYNfb+n38bra3Ppc4AAKBHGEADANATJm77YtQe+kHqDAAAAGaRgQt/M4Z/7TOpMwAA+l599W0x/sMvpM4AAKCHGEADANDVWlvWx8TNfxXNzetSpwAAADALFU89J4Y/8rkovGlB6hQAgL6199p/F63NT6XOAACgh+RTBwAAwOHU194Zo1+90vgZAACAZJqb18XoV6+M+to7U6cAAPSl+hN3Gj8DADBlxdQBAABwKLX7vxMTd1ydOgMAAACi3WrE+A3/b7RHt8bAL30idQ4AQF+pPfBPqRMAAOhBToAGAKDrVJcuMn4GAACg60zccXVUly5KnQEA0Dca65ZFc+Oa1BkAAPQgA2gAALpK5c5ronLPdakzAAAA4JAq91wXlTuvSZ0BANAXqg98L3UCAAA9ygAaAICuUV26KKorrk+dAQAAAK+ruuJ6J0EDAByjxlP3RHPDqtQZAAD0KANoAAC6Qu3+7zj5GQAAgJ5Ruee6qN3/ndQZAAA9y+nPAAAcCwNoAACSq6+9MybuuDp1BgAAAEzJxB1XR33tnakzAAB6TmP98mi++GjqDAAAepgBNAAASbW2rI+Jm76QOgMAAACOysRNX4jWlvWpMwAAekr1/u+mTgAAoMcZQAMAkNT4zX8Z7VYjdQYAAAAclXarEeM3/2XqDACAnuH0ZwAApoMBNAAAyUzc+jfR2vxU6gwAAAA4Jq3NT8XErX+TOgMAoCc4/RkAgOlgAA0AQBKNdcuitvKG1BkAAAAwLWorb4jGumWpMwAAulrjqXuc/gwAwLQwgAYAYOZlzZhYcnXqCgAAAJhWE0uujsiaqTMAALpW9f7vpE4AAKBPGEADADDjKncvimzXptQZAAAAMK2yXZuicvei1BkAAF2psW5ZNDesSp0BAECfMIAGAGBGtbY9H9UV16fOAAAAgI6orrg+WtueT50BANB1qvc5/RkAgOljAA0AwIyqLv9G6gQAAADoKPe+AAAHqj9xVzQ3rk6dAQBAHzGABgBgxjRffiLqaxanzgAAAICOqq9ZHM2Xn0idAQDQNWr3fTt1AgAAfcYAGgCAGVN78J9TJwAAAMCMcA8MALBPffXt0dz0ZOoMAAD6jAE0AAAzItv5ktOfAQAAmDXqaxZHtvOl1BkAAMlVnf4MAEAHGEADADAjao/+KHUCAAAAzCj3wgDAbFd/7OZovfJM6gwAAPqQATQAADOiturW1AkAAAAwo9wLAwCzXXXF9akTAADoUwbQAAB0XGPdsmiP70ydAQAAADOqPb4zGuuWpc4AAEii9tAPorVjQ+oMAAD6lAE0AAAdV39yaeoEAAAASMI9MQAwW1Xvc/ozAACdYwANAEDHNdbfkzoBAAAAknBPDADMRtUV10e255XUGQAA9DEDaAAAOqrx7APRrldSZwAAAEAS7XolGs8+kDoDAGDGtBvVqK5w+jMAAJ1VTB0AAEB/a77wcOoEAEgnl4/8nJMmP8zGdkS0s4RBU5Ofc1LkBoYjIqJdr0Y2ui1xEQD0puYLD0fpbRenzgAAmBHVFd+KdmVP6gwAAPqcATQAAB3V3LAqdQIAJFP4ubfFvP/w9cmP917zu9Ha8VLCoqk57k9ujMgXIiIi27059vzDbyUuAoDe5N4YAJgt2uM7o3rvt1JnAAAwC+RTBwAA0MeyZjQ3rk1dAQAcrZwfHQHAdGhuXBuRNVNnAAB0XPXeb0W0GqkzAACYBfwWCwCAjmluXh8R7dQZAAAAkFj7p/fIAAD9K9u5MaoPfC91BgAAs0QxdQAAAP0r2/Zc6gQA4Bjs/eofRX7ouIiIyMZ3Jq4BgN6WbXsu4vTzUmcAAHRM5d5vpk4AAGAWMYAGAKBjWjs2pE4AAI5Ba9O6aKWOAIA+4R4ZAOhnrU3rov7YzakzAACYRQygAQDomGzXptQJANA3cgMjUTzjF6Iw/6xotxrR2vpsNF98LKKdHdHzi2f8QhROfXtEsxb1tXdFuzbWkc7CKWdH8S3vjPbo9mi8+Fi0K3s68j4A0GvcIwMA/czpzwAAzDQDaAAAOiYb3ZY6AQB6Xq48FHN+/++jePq5EZE78ItZM+pP3BXjN/6Pwz5/4Bf/dQxd/ieRKw1Ofm74w5+LdnUsxm/6ixi48LeidPZFERHRfOnxGP36VZPXHfcnN0Z+3ikREVFfuyTGb/jzya+d8Pnlkz2jX78qBi78rSife2lE/sAfNzU3romxb3+2Y4NrAOgV7pEBgH7VeO6haKxbmjoDAIBZJp86AACA/pWN70ydAAA9LVcsx7xPfSeKp58XB42fIyLyxShfcHnM+eSXDvn88nm/EsMf/twB4+fJ1x6cE3N++6+iMP+s17zfwM9c9Nr3PMT7/9TwRz4X5fPff9D4OSKi+OYLYt6/v/awzwWA2cI9MgDQr6r3fiN1AgAAs5ABNAAAHdOuOukRAI5aLh/z/uM3Iz93/uSnWlufjdpD34/aYzdHNrZj8vOlsy+Kkd/8wgFPL565MEZ+4y8O+FzzxUejet+3o756cbRr4xG53AGvf7QKJ791X9+Wp6O28oaoP35bRKsx+fX8SWdE6W2/dMzvAwC9zD0yANCP6mvvjOYLj6TOAABgFjr4WB4AAJgm7XoldQIA9KyhX/7DyJ/45smPK0v/Mar3fP2Aa+b+/t9F8ax3R8S+056r910frU3rIiJi+IP/+dUTnNvtGP3GH0dzw6pXn1woxbwrr4vCyW+Zlt7xH/5F1Fff/preRXHcf/lB7D85unzer0Tj2fun5b0AoBe5RwYA+pHTnwEASMUJ0AAAdE6rmboAAHpWeeGvTz7OxnYcNH6OiBj7pz+LyFqTHw/9qysmH+d/eipzRER99e0Hjp8jIlqNGPvOZyOifcytzY1rDhg/R0Rke16JbOfLr/acdMYxvw8A9DT3yABAn6mtvCFarzyTOgMAgFnKABoAAACgC+XnnDT5uLFu2SGvadcr0dr63OTHhflnR0REbnBu5MpDk5+vPvhPh3x+tntzZGM7j7m18fSKQ7/+6LbJx7mh4475fQAAAIAu0WpGdfl1qSsAAJjFDKABAOicQjF1AQD0rkJp8mFr+wuHvSzbs2XycW54XkRElM6+8IBrWq88e9jnt8d3HW3hqw07Xjz0a2dOugSASe6RAYA+Ull+XWSj21NnAAAwixlAAwDQMa89eRIAmKr2qw9zhcNflnvNj3eyLCIimlvWH3BJ/vg3Hf7pg3OOqu4A7fYbXwMAs5x7ZACgX2Sj25z+DABAcgbQAAB0zLQMqgBgtmq9enpyYf5bDntZ/rhXx81ZZe++/+7cGPGa05fL5/3KoZ9cKEV+7snHGAoAHAn3yABAv6jec11E1kqdAQDALGcADQBAx+RHTkydAAA9q7V78+Tj8rnvO+Q1ucG5UTjl7Fefs+nJycfZ7i2Tjwff8weRKw0e9PyRD/9pRL44HbkAwBtwjwwA9IPWK09H7eEbU2cAAIABNAAAnZOfOz91AgD0rNrKV3+ZmBs6LoZ/7TMHXpAvxtxPfikil5v8VHX51199/qM/evX5pcE47rO3xMC7/k3kj/u5KL71F2Pu7/9dlBf+eue+AQDgAO6RAYB+UFn21dQJAAAQERGO+AEAoGPyJ5yWOgEAusrcP1z0hv9EbHPTEzH23T+N2oP/FOVzL4vimQsjImLgwt+M0jmXRmvrsxG5fBTffH7kysOTz6ve+41o7Xjp1Y9XfCsKJ781ygs/FBH7RtDDv/7/HPyGrUZEoTQN3x0A8HrcIwMAva7x9IpoPPWT1BkAABARBtAAAHRQ4aQzUycAQFfJDc17w2sK88+afDx63adi3n/4WhTetCAiIvJzT4783JMPek5t5Q1Ruev/HPT58X/5/yI3NC9KC/7VId+r9vCNkT/hzVE6+8Ij/RYAgKPkHhkA6HXVe77+xhcBAMAMMYAGAKBj8vPPTp0AAGk1qsf8Enuv/fcx8rHPR/m89x10UnO7OhrV+7/7ur+AHPven0bh5LfEwMW/HYUTz4x2qxGN9fdGfe2SaFf2xLz/+I0DXu8Arz2tulk77Hu0p+H7BIB+5x4ZAOhltUduiubLa1NnAADApFy73W6njgAAoE9lzdj1Py+LCH/lBIDpkBs5MYqnvC3azVq0tj4b7dr4Mb/m8Z9bErnyUEREVO/9ZlTu+t/H/JoAwM/KxQn/fWlE3rk0AEAPylqx5x9+K7K9W1OXAADAJD9pAwCgc/LFKL75/GhuXJO6BAD6Qnt8ZzSe33nE1x//mR9Fa8dLMXHLX0Vr+4sHfX34V//r5Pg5IqLx3EPT0gkAHKj45vONnwGAnlW552vGzwAAdB0/bQMAoKOKZy40gAaABMrnv3/fidEjJ8a8q74d2e5N0dq5MbLtL0ZuYCSKb3ln5I8/dfL6bOfGaL7wcMJiAOhfxTMXpk4AADgq2e7NUf3J11JnAADAQQygAQDoqOJb3xWx4vrUGQAw6+QG50VkrYh8ISIi8sefFvnjT4s4+6KDL241YvTb/22GCwFg9ii+9V2pEwAAjkrF+BkAgC6VTx0AAEB/K73t4siVh1JnAMCsU3v4xtj9Vx+I2kPfj3ZtPCLaB1+UNaP+5N2x+69/LbJdm2a8EQBmg1x5KEpvuzh1BgDAlDVffCzqq25JnQEAAIfkBGgAADqutOC9UV+zOHUGAMw67WY9Jm77Ukzc9qWIiMgf93NRPO3caFfHo7npiZ8OowGATioteG/qBACAo1L5yVdTJwAAwGEZQAMA0HHlcy8zgAaALpDteSXqe15JnQEAs0r53MtSJwAATFn98Vuj+cLDqTMAAOCw8qkDAADof6VzLo3cyImpMwAAAGBG5UZOjNI5l6bOAACYMqc/AwDQ7QygAQCYEQMLP5Q6AQAAAGaUe2EAoBdVf/LVyHZtSp0BAACvywAaAIAZMfDOj6ZOAAAAgBnlXhgA6DXZ7k1OfwYAoCcYQAMAMCPyJ54R5QsuT50BAAAAM6J8weWRP/GM1BkAAFNSWfZ/I9rt1BkAAPCGDKABAJgxAxd9PHUCAAAAzAj3wABAr2k8/1DUH78tdQYAABwRA2gAAGZM8fTznAINAABA3ytfcHkUTz8vdQYAwJRUl/3f1AkAAHDEDKABAJhRg++5InUCAAAAdJR7XwCg19QevjGaL61OnQEAAEfMABoAgBlVmH9WDF7yydQZAAAA0BGDl3wyCvPPSp0BAHDE2vWJqCy9NnUGAABMiQE0AAAzbuh9V0b+hNNSZwAAAMC0yp9wWgy978rUGQAAU1JZem20J3anzgAAgCkxgAYAYOblizH8gU+nrgAAAIBpNfyBT0fki6kzAACOWGvTk1F74HupMwAAYMoMoAEASKJ0zqUx8O7fSJ0BAAAA02Lg3b8RpXMuTZ0BADAllWXXpk4AAICjYgANAEAywx/6bBROfXvqDAAAADgmhVPfHsMf+mzqDACAKamvvj0az9yfOgMAAI6KATQAAEmNfOTPIgql1BkAAABwdAqlffe2AAC9pJ1FZek/pq4AAICjZgANAEBShTctiJGPfT51BgAAAByVkY99PgpvWpA6AwBgSip3L4ps9+bUGQAAcNQMoAEASK58/vtj6IOfTp0BAAAAUzL0wU9H+fz3p84AAJiS1tZno3rvN1NnAADAMTGABgCgKwz+0idi8L1/kDoDAAAAjsjge/8gBn/pE6kzAACmrHL3otQJAABwzAygAQDoGkOXXRmDl3wydQYAAAC8rsFLPhlDl12ZOgMAYMrqa+6IxvrlqTMAAOCYGUADANBVht7/KSdBAwAA0LUG3/sHMfT+T6XOAACYunYWlaVOfwYAoD8YQAMA0HWGLrsyhj746dQZAAAAcIChD37ayc8AQM+q3L0osl2bUmcAAMC0yLXb7XbqCAAAOJT62jtj/KYvRLQaqVMAAACYzQqlGPnY56N8/vtTlwAAHJXWlvWx9x//MHUGAABMm2LqAAAAOJzy+e+PwklnxPjNfxmtzU+lzgEAAGAWKpz69hj5yJ9F4U0LUqcAABy1yt2LUicAAMC0cgI0AAA9YeLWv4nayhtSZwAAADCLDLz7N2L4Q59NnQEAcEzqq34c4//yP1NnAADAtDKABgCgZzTWLYuJJVdHtmtT6hQAAAD6WP6E02L4A5+O0jmXpk4BADgm7Xol9l7zu5GNbk+dAgAA08oAGgCA3pI1o3L3oqiuuD51CQAAAH1o8JJPxtD7rozIF1OnAAAcs4nb/zZqD/5z6gwAAJh2BtAAAPSk1rbno7r8G1Ffszh1CgAAAH2gfMHlMfieK6Iw/6zUKQAA06K5YVWMXvep1BkAANARBtAAAPS05stPRO3BfzaEBgAA4KiUL7g8Bi76eBRPPy91CgDAtBr9+lXRfOnx1BkAANARBtAAAPSFbOdLUXv0R1FbdWu0x3emzgEAAKCL5UZOjIGFH4qBd3408ieekToHAGDa1R74Xkws/vvUGQAA0DEG0AAA9J3GumVRf3JpNNbfE+16JXUOAAAAXSBXHorSgvdG+dzLonTOpalzAAA6JtvzSuy95nej3aynTgEAgI4xgAYAoK81nn0gmi88HM0Nq6K5cW1E+OsvAADA7JCL4pvPj+KZC6P41ndF6W0Xpw4CAJgR4zf+j6ivWZw6AwAAOsoAGgCA2SNrRnPz+si2PRetHRsi27UpstFtkY3vjHZ1bN9p0a1mGEkDAAB0u1xEoRi58lDkBudEfuTEyM+dH/kTTovCSWdGfv7ZUTx1QUS+mDoUAGBG1Z9cGuPf/++pMwAAoOMMoAEAAAAAAAAAel27HXuu+d3Idm5MXQIAAB2XTx0AAAAAAAAAAMCxqdz1FeNnAABmDQNoAAAAAAAAAIAe1ty4Oqorrk+dAQAAM8YAGgAAAAAAAACgh1Xu/ErqBAAAmFEG0AAAAAAAAAAAPap6/3ejuWFV6gwAAJhRBtAAAAAAAAAAAD0o27UxKndekzoDAABmnAE0AAAAAAAAAEAPmljylYislToDAABmnAE0AAAAAAAAAECPqT9+azTWLU2dAQAASRhAAwAAAAAAAAD0kHZ1NCaWXJM6AwAAkjGABgAAAAAAAADoIZUlX472+M7UGQAAkIwBNAAAAAAAAABAj2isvydqj/4odQYAACRlAA0AAAAAAAAA0AvaWUwsuSZ1BQAAJGcADQAAAAAAAADQAypLvhzZjg2pMwAAIDkDaAAAAAAAAACALtd84eGo3v/d1BkAANAVDKABAAAAAAAAALrcxJIvp04AAICuYQANAAAAAAAAANDFKkv/MVqbn0qdAQAAXcMAGgAAAAAAAACgSzU3ro3qPV9PnQEAAF3FABoAAAAAAAAAoEtVlvxD6gQAAOg6BtAAAAAAAAAAAF2ouvy6aL60OnUGAAB0HQNoAAAAAAAAAIAu09r8VFTuXpQ6AwAAupIBNAAAAAAAAABAl5m44x9SJwAAQNcygAYAAAAAAAAA6CLVe78VzRcfTZ0BAABdywAaAAAAAAAAAKBLtLY8HZW7vpI6AwAAupoBNAAAAAAAAABAl5i44+9TJwAAQNczgAYAAAAAAAAA6ALVe78VzRceSZ0BAABdzwAaAAAAAAAAACCx1pb1UbnrK6kzAACgJxhAAwAAAAAAAAAkNrH471MnAABAzzCABgAAAAAAAABIqLr8umi++GjqDAAA6BkG0AAAAAAAAAAAiTRffiIqdy9KnQEAAD3FABoAAAAAAAAAIJHK4r9LnQAAAD3HABoAAAAAAAAAIIHKsmujuXFN6gwAAOg5BtAAAAAAAAAAADOs+eJjUf3J11JnAABATzKABgAAAAAAAACYYROL/y51AgAA9CwDaAAAAAAAAACAGVRZcnW0tqxPnQEAAD3LABoAAAAAAAAAYIY0nrkvqvd9J3UGAAD0NANoAAAAAAAAAICZ0M5i4va/TV0BAAA9zwAaAAAAAAAAAGAGTPz4f0W2c2PqDAAA6HkG0AAAAAAAAAAAHVZfuyRqj9yUOgMAAPqCATQAAAAAAAAAQAdl4ztj4rYvpc4AAIC+UUwdAAAAAExNuzo6tScUSpErDXYmBuhezXq0m7WIiMgNzomI3MHXtNvR2rEhst2bI3/8m6JwwukRhdLMdgIAAMwCldu+FO2J3akzAACgbxhAAwAAQI/Z/de/NqXrB37xYzH84T/tUA3QrSr3fC2qy78RERHH/cmNkZ93yr4vZM2orrg+6mvuiNaODRFZ64DnDbzjIzH0K/8pciMnzHQyAABAX6qt/EHUn7grdQYAAPQVA2gAAADod7lDnPraz5r1yCp7IiIiP3y802zhNZrPPxTjP/xCZGM7DntN7bGbo/HMfTHvj78XufLQDNYBAAD0n/+fvfuOr6o+/D/+vis3O0DC3oKgMgREQMGNqODEVUdbO79t7fx91a922L2srdXWWvdeOJApoIAge8veK4QkkJ27xzm/Py5ccs3NgsCB5PV8PHz05J7P53Pe5+TwR8ObT6KHdss36wmrYwAAAAAtDgVoAAAAAADOUM6eQ5U+9ocNjrO363oK0pw+wjuXyvPezyVJmXc+Jle/0RYnAk4PhrdM1W/8NP61o3N/uQddK2f3wbKlZSm8fZECy9+VUVksw1Mq/7xnlH7t/7MwMQAAAACc+XyznpBM0+oYAAAAQItDARoAAAAAgDOUPaOdHF3OsToGgDOEPaOdXP3GKLx7hTKuf1gpg65JOO8eeadSBl2jir9PkCRF9qyyIiYAAAAAtBj+BS8osm+N1TEAAACAFokCNAAAAAAAANBKZNzwc8nukC01M+l5W3ob2dJyZPorZfqrTnE6AAAAAGg5InvXKLDwZatjAAAAAC0WBWgAAAAAAFqraFjR0nwZVcWypaTL3rar7Fl5TV7G9FcpUrhVjg59ZM/MTTwXqFa0NF9moErOLufKlpbT5PUNT6mM8gKZQa/s2R3kyO0hOVxNXueUa6bne0JMQ9HinTKqS+TqM1KyO45rmejhvTIqi2Rv20WOdt0lm61xlw94FD28W2Y4IEe77rLndGrUXDPgkVFeIMNTKnvbrnLkdpds9gYmGTIqi2SUF0gOlxwd+siWmtWonCdTc7y/Zsiv6KGdkhGVs8eQ2teoOhS7b7tDzq7nSfa6f+RnS6//z2Cs+FwpSUmvBQAAAABoBNOQb+bjVqcAAAAAWjQK0AAAAAAAtDZGRL7ZTyq4ZopkRBNOOdr3Vvo1P5Wz9/Ba0/zzn1Vg0WuS3aG2v1iowNK3FPpipqKH90iS0if8n9zDbpQUK1F6p/xR4R2LE9aw53RU6sivyDXgKlU+ERubNvZ+pV50d63rRfatlW/WE4oe2pV4wu6Qe8j1Sr/2ZwlF0orHrpEZ9CQM9bz7UMLX2T94O1ZATSYaVsXj18mMhOTo0EfZ36l/l6bq13+kyP4vZHOlqc0DM46VTo/z+fo+/oeCqz6IP99kQhvmyPvRbyVJWd98PlZ2PZrnxW8rcnCLnD3OV+btf1Jg0WsKrp0qM+SXJOX86H3Z23Su/56OrOHo2FdZ9/1X3im/V3jnUikSio+xpeUo/eofKeX865KuYVQdUuDzVxRc/3HCPEmS3aH0cT+R+8KJkmoXoaOHdss350lF9qyqdc7Z9Tyl3/gLOfJ6JZ4wDQWWvSP/Z8/Xup4tJU2pl9wXe79sdoU2z5P3g19JK4MG2wAAIABJREFUktKvf1juoTckvYfA56/E1pOU/f235MjrmXRc9as/UGT/F5IzRW0fnptQ0m7q+ytJZjigisfGSUZUaZd/R65+YxT4/BWFtsyP3Y87U20emn3seR3cKu+0P9W6hqNzf2Vc/0jSzA0JLHs3fuzsM/K41gAAAACA1s434zFFS/dZHQMAAABo0RrYOgcAAAAAALQspjyTHlFw1Ye1yrmSFD28R9Vv/CRW6vzyTG9Z7MCIyv/p0/J/+nS8/CxJpqck9r/hgKpf+X6t8rMkGZXF8s15UsGlbx+bF/LVGhc5sEnVb/ykdnn0yPWDa6ao+u0HJNM4ts6Xys9JmWbd5xwuOXucLxlRRYu2K1q4rc6hRmm+InvXSEZUKedeXmPH3eZ5vnVfuMa5cCDx1JH5ZsCj6le+p8Dyd+PlZ0kyjnx/6hNfI+iV540fK7x1Qa1SsemvlHfqHxQ+UsqtKbTxE1U+eUus/P3l8vOR/L5Z/4gV6b8kemiXqp6/L2n5WZIiBZtV9cw9Cm36NOFz7+TfyP/p00mvZ4b88s99RpX/vkOS5KpRPA+unpz0OpJi+Y/e07rpSccY3rL49zGl3yWJ5efjeH8lSdFw/HscLd6pqhe+GS8/S4nvuFFeoKpXv5/0GtHCbap6+bsyygrqvMdkoge3KrDoVUmSPbuDUgZe3aT5AAAAAAAptP5jBddOszoGAAAA0OKxAzQAAAAAAGeoaFm+Qhs/qX+QzaaUAWPjX/qm/UXhHUskHd0l9mE5OvSRGahWaNNc+Wb9Q1Jsd+Psb78kR8e+SZcNLH1LsjuUOuouufqMkKNDH9nScyTTkOfNnylaEtvlyJHXU+nXPyxHp35SyK/wzmXyTv+zAsveTrquJEVL9qr69R/Gi6Dp1/5MKQPGypaaFdsheMZfFTm4RZE9q+Sd/BtlTPydpNhOvZKp8K7l8s95Kj635m7LjrZd6n1cqaO/pvDOZbF7XP6OMm7+dfL7X/5O/Nh98T3x4+Z6vifiaCHWnpkr90V3ydVjqOy53WVzZzR6DaOiUEZFYWzH6usflrNTPxm+CoU2fRorG0vyvP9LZX/rRTm6nBOfF9+R2pmi1IvvUUr/y2K7JztciuxbK8+7D8VKyQtelHv4RNlSs+Jz/Z/8O/49d194m9zDb5Ejr5cMT6kiu1fIN+ufMoMeOdp2q3GvuxXaNFdSbGfqjJt+KWfPobI5nIoe2h3bpXzTp7LndDoyJluus0YovHuFooXbZHhKZc/MTXx+RdtlVB2Kfx1cN0NpY++v9YxC62fFj90X3Hxs/nG+v7XWP1J8dnY9TylDb5Kzx2DZsztIkkx/lapf/p946Ttl0Diljv66HLndFS0vUHDZOwqumaLQ5rlJ104qGpbnvSO7Rtsdyrznn7K5Uhs/HwAAAAAgo7xAvo//YXUMAAAAoFWgAA0AAAAAwBkqWrRd3sm/aXDc0QJ0tHingkd2s3V07q/sb70Q37XWlt5G7gtvlaPDWap+LVbe9M38m7K+8WzSNW0pacr+n9dlb9M54fNI/npF8tfHrtGpn7K//eKxnXFdqUo5/zo5uw9S5dN31pnXP+uf8WJn1lefkrPXBfFzjk5nK+ubz6v6pe8ocnCLQpvmyj3iDjm7DYwVbSUZJcd+xaw9p7Mceb0afEZHOXucL3ubzjIqChXaNFfp4x+ULSU9YYwZDsR3cnJ2GyhHbg9Jzft8T5Szy7nK/Nq/T6jA6ujQR9nfeVmyOyTFdgROvehuOdqfJc/b/ytJ8s74a2zMEfa2XZV175Nydh8sOVMSM/UaprRxP5Fv+l/iu2zX/N6G96+TFCsyp1/zU8lmi62ZmauUwdfJde4VCm+en1C4juxdEz9Ou/J7cp198bH8nfsrY+Jv5R5xW8L30D18osK7V0iK7cqVevG9CTm/vEuX6a9U5MAGObsNSvg8tHZqLK87U85eQ+OfH+/7m0zqqDuVdvWPa30eXPmBDG950jGO3B5Kn/CQbOlt4rs5N4Z/3n/jxe+MG38R//MEAAAAAGg838d/T/qbrgAAAAA0P3vDQwAAAAAAwGnL7mj4vyMiBzbGj2MF09o/FnD2HBovY0YObqnzsmlXfr9W+VmSIvu/iB9nTPi/pNewt+sm97Cb6lw7UhDL6exybkJ5NM5mU9o1Pz02/kjhurmkjvl67MCIJv2VtaENs+O7+6Zect+xHM34fE9U+s2PnvDuvenjfpzw/hzl6jtKjs79JR3dbdpMOO/sPbxW+Tl+rvuxEnG0LD/hnM2VJkkyw37JiNSaaztSoE/4rMau1qavIvk1uw2So0OfY/nPvjier9b31zQVWv+xpCP/cODI/YfWTk8YZpTmK1oay+8edqMkW/xcc72/Nnem0q76QdJz8Tl2h1Iv+3bSMaljvlbn9+HLoge3KrAstqu5e8j1Shl0TaPmAQAAAACOCXz+isK7llsdAwAAAGg1KEADAAAAAHCGSjnvKrX9xcIG/zsqXk62O2I79NbB1f+S2IERlVF2IPmYs0Yk/bzmNWru1Ftrft9RST83qktkhvxHclxa53xnt4HxcmrN0nVzcA++9lhB9kgptKbA0rckxXYmrnkfzfl8T4QtJS2+K/WJcPZOUt49IuW8K2MHRjReBE4qElK0dL+ihdsUyV+vaPHO+CnzyA7GR7n6XRyfU/H36xVY8qaM8oL6M/YaFj/2z39Wnrf/V+HdK2SGA3VPsjvkPn98LH7ZARk18od3L4+/f6mj7pKr3xhJUnDjHMk04uOO7vQtSe4Lbo4fN+f76+xxvmRP/svbIgWb4+t8eYfyo2yu1Hrfw5qC62JFcEdud6VPeLBRcwAAAAAAx0T2rJb/s+etjgEAAAC0Ksn/FgUAAAAAALQ4kfxY0dKemVvvOHubLjXmbFBKu261x+R0TDo3WrQtdj4rr/5r5HRKPr9g07ExbbskHRM/n5Uno7I4YU6zcLiUOvxWBZa9LaPqkCL71srZc6gkKXJgU7y0nHrxPUrY+bcZn++JaOjZN4YtLUc1763WNWrcQ/TApoTCdbRkr/zzn1Nk94p4Gbgx0sf9RNEDGxUtzZcZ9Mg/9z/yz/2PbClpcvUZJffwW2rtqGzP6aj0CQ/JN+MxSVJ45zKFdy6TJDnyeipl8HVyD7vxyP0c4x52s4KrP5IUKzOnXfX92PGaqbF1M3Pl6HKO3BfcrPDWBVIkpPDOpXKdPVqSFPpiRuwaHfrI3rbrsXtvxvc32Q7rkmT6K2UGPbHrt+te7zUcbTqp9l7atR0tYaeN/VGdpWsAAAAAQHJmJCjfx49bHQMAAABoddgBGgAAAACA1sLhiv2vEa1/nGnWmFNHGdKWvBx7tNhs+qvqvYThq6hj3Ro/qqix425SR3Pamv/HG+5Rd8aPA0vfjh8Hl8V2f5bdoZShNyZOas7nW+fcBp5Jc2noHuoQ2bNKVc/co/DWBbHyszNFzp5DlTJwnNzDblTKkAl1zrWlZin7e28qfcKDcnY9L/65GfIrtGW+ql//sTzv/l/i85PkHnaTsr/3htzDbkooOkdL9sk/77+q+OfNiuxbmzDH0enseIn/aJnZDAcU3r4otuaRXZ1dvS+ULSVN0rFydKRgs4wju1e7h0/80k2cgvfXkXJsiWiogWs0Yj3TVPTwHsnukKtP8p3dAQAAAAB18838u6Kl+62OAQAAALQ6bOkCAAAAAEAr4ew+SKGyA3WXj48wKg4mzGnSNXoOVeTgFpkhv0xfhWzpbZKOixZurTNjPEf5waRj4uc9pUfmDG5SxsawZ7WXq++o2I7COxbL9FVINptCWz6TFCvdHi3GHnXCzzehCGsq2Q7M0crCJt/L8TCDnlhBt46ie817cNQoKwdWfRg/zrj510oZcJVkd8Q/ix7eq9C6GXVf2O6Qe9jNcg+7WTIiihzcqtD6jxVcO00yogpvX6TgivfkHnlHwjRH+95Kn/CQ0ic8JMNTqsjOZQoseztW7I2E5HnnQbV5cFbC7sbuC26Rf95/ZXjLY6Xmkn3x4nfKkOtjg2w2pZw/XsGVHyi8c6nMcEChddPia6QMGpeQ41S8v7aUNNkzc2V4SuO7kdclWl7Q8IJGRPbsDnL2GnasxA8AAAAAaJTgminxf1gLAAAA4NRiB2gAAAAAAFoJZ/chsQMjqsielXWOC22Zf2RCSnxH58Zf41iZ0z/vmaRjzHBAgUWvJT1nS28T38U3tHlendeJ7FsbL6s6ewz5Ugh3/PBoyfR4pI75evw4uGqygqs/OnbuortqjT/R52vLaBs/NjxlSedG9q5pVPbmEN7+eZ3nQpvmxg7sDjnyesSOTSO+g7K9TedYObhG+VmSoge3ND6A3Slnt4FKH/+gcu5/99i1dyyuf1pmrlKGTFD2995QynlXxaKF/Ioe3pswruZu1KEvZii4Jvb9dXTuL3t2h/g599Gdvo2owps+VXD9LEmS6+zRsqWkJ6zZLO9vIzi6DYytU7BZhjf5u2IGqhXJX9+IxVzK+clkZdz0qybnAAAAAIDWLHpol3wf/93qGAAAAECrRQEaAAAAAIBWwtnjWDnZN+sJKRquNSa8Y4mihdti44+ULJt0jV7DZHNnSpKCa6fL/9kLsZ2EjzA8pfK89kOZIX/daxy5bvTQLoW3Law9IBqWb/Y/j43vkbiDbryQKym8a1mT7yG+bvfBsrfrJkkKLHtHgWWxEq6z93DZ23SpPf4En68jt/uxcUdL0jXn7lyqyP4vjuNOjo9vzlMyw4HaObZ9rmjRdkmSo2NfxXeqttnihWejolCmvypxYjQs/9yn67xeYPm7de5obEvNPPZF0HtsycN7Y8X0Gu9YwrzMdvFjMxJKOGfPaCdnj/NjS67+SJEDGyXFdoauydGxr+w5HSVJ3ml/lo6s4x4+Mek1T/T9bYyjuSXJP/tJxXYMT+Sf/1y8ZF0fw1OqaNEORYt2yPRVNjkLAAAAALRWvpmPN+r/dwEAAAA4OShAAwAAAADQSjhye8R3NY6W7FPlf+5SeMcSGdWHFS3eKf+CF+R550FJki0lTRk3/LzJ17C5M5T1zWclZ4okKfD5yyr/y5Wqeu7rqnrmblU+caMiB7ccKc4mlz7+gXiJ2jPpEfnnP6to8U4Z1SUK71ymyv/eq2jxTklS6qg75ejUL2G+PadzfH546wIFFr0mM1B95GzyomxdUi/+amxW0CPTHyuHpo35WtKxJ/p8XX1GxY99c55ScM0UGeUFihbtkH/es/K8/UCTsp8oo6JQVf+5S+Hti4/dw/zn5Jn0cGyA3aGM6x+pMcOmlP6Xxr/yvPfz2I7V0bAi+etV+Z+7ZHjLk1+r7ID8c55S5dN3yjfjMUX2rZXhKZUZ8iuyZ5W8H/4mPtY14Kr4sf+z5+Sb+TdVPjVRofUfK3potxQNyyjNV3DtNAVXfRgf6+yc+J5Iknv4rbU+Sxkwtva4YTcnfG1LSZOrz8ik93Ki729jpF54a/zPUGjTp6p+/cfxZxbJXy/PpEcS7r0+njd/pqrn71PV8/cpuGFWk7MAAAAAQGvk//TfjfutOwAAAABOGqfVAQAAAAAAwKmTdsV3ZXpLFVw7XUZFYbyQm8DuUNY3npW9TefjuoYjr5eyvvovVb/+o9huuZFQvPApSc6u5ynj1t+r8qna5VNJsmd3UNY3n1PV8/dJkZACi15TYNFrtcalDBqntKt/XHsBm00ZN/5cnvdiBWP//Gfln/+sJClt7P1KvejuRt+Le/A18s36e3zXX3tORzl7XVDn+BN5vvZ23eQedqOCa6ZKRlS+GY/VzjP0egXXTm90/uNlb9dNjrxeCm9fJM+7DyUdk3nHX+TodHbCZ2mXfVvh3Stl+isV2bc29g7UkDLgKoU2za21luErly0lTWbIr+CaKQqumZL0mo5O/ZQ66ivxr2322I+2jKpD8k75Q533k379w5K99o/BUs65VF67I75jl6v/pbKlpNUed/74+DsU+3pCbMfrJE74/W0Mu1NZX/2Xqp65W4a3XJG9a1S9d03CEFtajlL6X6LgugbeF9M4vgwAAAAA0EqFtsxXYOnbVscAAAAAWj12gAYAAAAA4Exjd5zQ9PTrH1balf8jW1pOrXOus0Yo+1svytGhT/2L1FH+PMrZbaDaPjRHGRN/p9TRX5P7gpuVceMvlfOTycr65vMyA574WHtqVq35jryeyv7WC3L1HVXrnC0tR2mXf0cZNz1a5/Vd51ymzHuekD27Q+Lcpj47h0vugePiX6aOTr77c00n8nzTJzyktLH3x3fQjsfo3F+Zdz0u17lXNCJzSsNjGmCz2ZR5+x/lHnG77DkdE87Z23VT5h1/kevsi2vNs+d2V84P3o5932rcgz0zV6kX3a30a36W9HrOboOU8/+mK/Xie2XPzE0yIEWpo76irHv/KenYu5dx6++U9Y3/ytltYK1nJkmOjn2Vedff5R56Q/IbdbiUMujY99c97Kakw+xZeXJ2Pe/YuAtuSb7e0WVP8P2VJFuS+0lcJ1tZ33xern5jEj93Z8p1zmXK/tbzsrfpdOxzh6ve9QAAAAAADTMqi+Wb+TerYwAAAACQZDNNs2m/+xUAAAAAALQYZqBaRnWpbK6UWFk4yS65J0No4xx5J/9WkpR5zxNynTWi7sFGVEbVIZlBr+zZHWRLy27axSIhRcsOSHa77DmdZHOlNml65b9uk1FRKDlT1PbB2UmLtnU5kedr+itlVJfIkdfzlH1fKp+aKKOyWI7c7sr+wTs1slTJqD4se5vOsqWkN3o9o7xAcqUmLzXXy5RReUhmoFr2nI6yJSnJJ50V8ssoL5DNnXHkeZ/YPxZoFif6/jbqGhEZFUWxd7xNl+ZfHwAAAAAgSfK8/YDCO5daHQMAAACApFPzt2cAAAAAAOC0ZEvNkqOR5dLGCm/7XKa/Uinnj5dsSX75lGnKv+DF+JeO9r3rX9DukL1N5+MP5EyRo8NZxzU1sndNrPwsKfWCW5pUfpZO7Pna0nLkSLKLtBVsadlyHEdx19626/FeMbbz9Jd2n25wVkqaHB37Huc1T5ITfX8bdQ2n7O26ndxrAAAAAEArF1j4EuVnAAAA4DRCARoAAAAAADQjU76Zf5PhKZV/3n+Vesl9cnYdKHteT9nsDkWKd8r38eMyyg5IklznXCZ7VnuLM9fN//nL8WP3qK9YmAQAAAAAAFglvHNpwj/mBgAAAGA9CtAAAAAAAKDZmOGg7Lk9ZHhKZXjL5Zv1RJ1jbe5MZYx/8BSmaxqjvECRvWskSa6+o2TP7mBxIgAAAAAAcKqZvgr5ZvzN6hgAAAAAvoQCNAAAAAAAaDY2V6qyvvZvRQo2yz//WUULNskM+RMHOVOUesEtSr3iu7K5Uq0J2giBpW/Fj1PHfN3CJBZwpVmdAAAAAACA04J3xmMyqoqtjgEAAADgS2ymaZpWhwAAAAAAAC2XGQ7IKDsgRSOy53aXzZ1hdaTGiYZlGlFJOq2L2s0qEpJpGrI5XJLdYXUaAAAAAAAsFVj8mvzznrU6BgAAAIAkKEADAAAAAAAAAAAAAADUEN69Qp43f2Z1DAAAAAB1sFsdAAAAAAAAAAAAAAAA4HRh+qvkm/GY1TEAAAAA1IMCNAAAAAAAAAAAAAAAwBG+GX+VUVFodQwAAAAA9aAADQAAAAAAAAAAAAAAICmw6DWFtnxmdQwAAAAADaAADQAAAAAAAAAAAAAAWr3wrmXyz3/W6hgAAAAAGoECNAAAAAAAAAAAAAAAaNVMb5l80x+zOgYAAACARqIADQAAAAAAAAAAAAAAWjXv9L/KqCq2OgYAAACARqIADQAAAAAAAAAAAAAAWi3/ghcV3r7I6hgAAAAAmoACNAAAAAAAAAAAAAAAaJXC2xYqsPAlq2MAAAAAaCIK0AAAAAAAAAAAAAAAoNUxKgrlnf4Xq2MAAAAAOA4UoAEAAAAAAAAAAAAAQKvjnf4Xmb5Kq2MAAAAAOA4UoAEAAAAAAAAAAAAAQKvi/+RfiuxZZXUMAAAAAMeJAjQAAAAAAAAAAAAAAGg1Ql/MVGDZO1bHAAAAAHACKEADAAAAAAAAAAAAAIBWIVq0Xd7pf7E6BgAAAIATRAEaAAAAAAAAAAAAAAC0fNGIvNP+LBlRq5MAAAAAOEEUoAEAAAAAAAAAAAAAQIvnnf4XRYu2Wx0DAAAAQDOgAA0AAAAAAAAAAAAAAFq0wNK3FFr/sdUxAAAAADQTCtAAAAAAAAAAAAAAAKDFCu9aJv+nT1sdAwAAAEAzogANAAAAAAAAAAAAAABaJKOqWL6pf7Y6BgAAAIBmRgEaAAAAAAAAAAAAAAC0SN6pf5bhKbE6BgAAAIBmRgEaAAAAAAAAAAAAAAC0OL7ZTyqyZ6XVMQAAAACcBBSgAQAAAAAAAAAAAABAixJcM0XBFZOsjgEAAADgJKEADQAAAAAAAAAAAAAAWoxI/nr5ZjxmdQwAAAAAJxEFaAAAAAAAAAAAAAAA0CKY/kp5p/7R6hgAAAAATjIK0AAAAAAAAAAAAAAAoEXwTv2TjLIDVscAAAAAcJJRgAYAAAAAAAAAAAAAAGc8/9z/KLx9kdUxAAAAAJwCFKABAAAAAAAAAAAAAMAZLbRuhgJL3rQ6BgAAAIBThAI0AAAAAAAAAAAAAAA4Y0UObJB32p+sjgEAAADgFKIADQAAAAAAAAAAAAAAzkimv1LeKX+0OgYAAACAU4wCNAAAAAAAAAAAAAAAOCN5p/xRRlm+1TEAAAAAnGIUoAEAAAAAAAAAAAAAwBnH/8m/FN6x2OoYAAAAACxAARoAAAAAAAAAAAAAAJxRgqs/UmDZO1bHAAAAAGARCtAAAAAAAAAAAAAAAOCMEdm7Wr6Zf7M6BgAAAAALUYAGAAAAAAAAAAAAAABnBKOqWN4pf7A6BgAAAACLUYAGAAAAAAAAAAAAAABnBO+UP8ioOmR1DAAAAAAWowANAAAAAAAAAAAAAABOe77pf1Vk7xqrYwAAAAA4DVCABgAAAAAAAAAAAAAAp7XAkjcUXDvV6hgAAAAAThMUoAEAAAAAAAAAAAAAwGkrtGW+/HOfsToGAAAAgNMIBWgAAAAAAAAAAAAAAHBaihZtl++j31sdAwAAAMBphgI0AAAAAAAAAAAAAAA47ZgBj7wf/U5mJGh1FAAAAACnGQrQAAAAAAAAAAAAAADgtOOd8jtFD++xOgYAAACA0xAFaAAAAAAAAAAAAAAAcFrxzf6nwtsXWx0DAAAAwGmKAjQAAAAAAAAAAAAAADhtBJe/q+CK96yOAQAAAOA0RgEaAAAAAAAAAAAAAACcFsLbFso35ymrYwAAAAA4zVGABgAAAAAAAAAAAAAAlosW7ZD3o99ZHQMAAADAGYACNAAAAAAAAAAAAAAAsJQZqJb3o9/KDPmtjgIAAADgDEABGgAAAAAAAAAAAAAAWMo7+beKHt5jdQwAAAAAZwgK0AAAAAAAAAAAAAAAwDK+mY8rvHOp1TEAAAAAnEEoQAMAAAAAAAAAAAAAAEsEFr+u4OrJVscAAAAAcIahAA0AAAAAAAAAAAAAAE650MY58s/7r9UxAAAAAJyBbKZpmlaHAAAAAAAAAAAAAAAArUdk/zpVv3q/1TEAAAAAnKHYARoAAAAAAAAAAAAAAJwyRvVheSf/1uoYAAAAAM5gFKABAAAAAAAAAAAAAMApYsr7/i9lVB2yOggAAACAMxgFaAAAAAAAAAAAAAAAcEp43/+VIgc2Wh0DAAAAwBmOAjQAAAAAAAAAAAAAADjpfHOeVGjLfKtjAAAAAGgBKEADAAAAAAAAAAAAAICTKrD0LQWXT7I6BgAAAIAWggI0AAAAAAAAAAAAAAA4aUIbP5H/06etjgEAAACgBbGZpmlaHQIAAAAAAAAAAAAAALQ8kX1rVf3aD62OAQAAAKCFYQdoAAAAAAAAAAAAAADQ7IzSfHk//LXVMQAAAAC0QBSgAQAAAAAAAAAAAABAszJDfnk+fFSGp9TqKAAAAABaIArQAAAAAAAAAAAAAACgWXk/eFTRou1WxwAAAADQQlGABgAAAAAAAAAAAAAAzcY37c8K71xidQwAAAAALRgFaAAAAAAAAAAAAAAA0Cz8859TcN10q2MAAAAAaOEoQAMAAAAAAAAAAAAAgBMWXPm+AotetToGAAAAgFbAaXUAAAAAAABw5qn2+LR1xz6VlFWqssqr7Mx05eW2Ub++3dUmO9PqeKc9vz+oLzbtlM1m0wXn95fT6WhwTkWlR1t37JMkDR96jpyOY3NWf7FN4XCkzrnpaanq3ClXee1yZLPZ6s3kcNh14dBzm3hHsQzRaFTDzu+fkK0pmuu9ikYNHSwq0b4DRTpYeFht22Sre5cO6tI5T9lZGU3OtW7jDgUCoUaNHTqon9xuV5OvIUn5BcUqKCxRj24d1aVT3nGtAQAAAABWCW2eJ9+sJ6yOAQAAAKCVoAANAAAAAAAaray8Sm9/+Kk2bN5V55jz+vfSnTdfpY4d2p3CZGeWsooqvfL2TElSx/Zt1atH5wbn7Msvis8ZeO5ZysxIi5975a2ZCkfqLkAfZbfbNeHqi3T1FRcqxZVY0q2Zyel0aOigfo2+n41bduv516ZKkrp0aq9uXdo3eq7UfO+VaZr6YNpn+nTBqjrH5LXL0bfuvV69e3ZpdL7XJ82W1+tv1NjsrAyd179Xo9eWpGAwrElT5mrx8g2SpMtGD9VdE8c2aQ0AAAAAsFJk31p5P3jU6hgAAAAAWhEK0AAAAAAAoFF27j6gJ599L160tdvt6tihnTp3yNWhkjIdLCqVYRjavG2vfvu3l/XDb9/a5CIoTkxOdoY6tk8sCIfDEVVUelReWS3DMDRt9mLt2H1AP/3eHXWuM2nyPA0ZeHadu0V/2bsfzTvuzM31Xnl9Af3rufe0N79IkuRyOtW7Z2e1ycnU4ZIKHSwuUTAYVklZpf761JsaNXyA7rtrfJOyZmWmq3PH3Aa0K1PiAAAgAElEQVTHNMW6jTv06tsfyx8INmkeAAAAAJwuoiV7j5SfTaujAAAAAGhFKEADAAAAAIAGVVZ59Y9n3pVhGJKkcVeM0C0TLq1VkJ09b7kmz1gowzD01HPv6fc//47a57axInKrdPnoobpu7EVJz1VWefXGpFnasGW3tu7Yp6UrN+qiCwcmHVteWa1lqzbVeb6mtRu263BJ+XHlbc736oNpn8XLz9deNVITxl0slzPxR18HDh7Wy2/NUEHhYe3dX9jkvKOGD9CtN1ze5Hl1eeq597R5295mWw8AAAAATjXTXynvB4/K8JZZHQUAAABAK2O3OgAAAAAAADj9vfrOzHhJ9fvfuEUTr78s6e7A11w5Ug/88K741y++Pu2UZUT9crIz9D/fuFkZGWmSpI1b99Q7/v1pn8W/53UxFdst+ng153u1bNUmSdKgc8/SzeMvrVV+lqRuXdrrlw/cp3tuH6e7bxt33LmbW8f2bfXL//16/HsDAAAAAGcKz/u/UvTQLqtjAAAAAGiFKEADAAAAAIB6VVR54rvUnnN2T50/sG+94/v27qbhQ86RJO3NL1LRocbtAhUKhWUYyX9dbiQSVSQabULqGnOjUUWj9Rd5vywaNZo85yjTNBUMho9r7snmdDh0ztk9JUn7DxTXO9br9WvhknX1jlmxerPKK6uPK0tzvlfVHl+8SD3ovD71rmOTdMmo89WvT/fjyt2cvnrHtfrKxLH6zf99S926dLA6DgAAAAA0iffDRxXZu9rqGAAAAABaqdpb4QAAAAAAANSweu3W+PFtN17eqDm3TLhUq9bF5q1cs1k3XDsmfu4Pf39FUcPUvbePU6o7RXMXrtbKNVsUjkT04+/ervP695IpafW6rVq4ZJ0Kikrk9folSWmpbg0ZdLZuv+kKpaelJlxz8fIN+nThKnXukKtvf/V6TZ21SBs271ZB4WFJUlZmui4bPVTjx14ku732LsOBQEjzF6/Rhs27tHvvQUlS964dNWRgX42/+iI9+ex7qqz26porRmjU8AEJc03T1LyFqzX389UqK6+KZ+3ds7Puvm2c8trlNOq5nQrmkZJ5kkcQN3rkIC1evkGTZy7U6FGDk+6mbBim3p86X5J01aXDNXfhqiblaM73yp3iio8pKatsUg4rtW2TpctHD7U6BgAAAAA0mW/WPxTaNNfqGAAAAABaMQrQAAAAAACgXjt2H5Ak2e32Ru9Sm9suRxkZafJ6/fH5Rx04GCskL1u5SZ8v+yLhXEVltbxev373+MuqrPLWWtcfCGrpyo3auGW3/vzo9+R0OOLnSssrVVhUooqKaj3z0mRt2LI7YW61x6fpsxfrYGGJvvv1GxPORSJR/f0/7yi/IHFX5PyCYuUXFKv4cLn27D+oYDCsQyXltXK9Pmm2lqzYEP/abrfLHwhq87a9evTPL+iH375V5/XvVd8jOyXCkYi27dovSerauX2d466/ZrSWrtykYDCsuQtW6dqrRtUas2TFBlV7fHI5nbpu7KgmF6Cb871KSXEpJztDlVVezZm/Qr16dNawwf2alKexvL6ANm7Zrf0FxYpGDZ3Vs4v69+2hnOyMk3I9AAAAADjd+Be8qODKD6yOAQAAAKCVowANAAAAAADqVVFZLSlWPm2K3LbZ8nr9Kq/0JD1/tPx8+eihGnReH3Xt0l7ZmRmy221yOBxyOZ268tILNGxwP3XumKtDJRVaunKj5i5cpWqPT/MWrta4K0bUWtcfCGrDlt0aMuhs3XjtGLXPa6PiQ2V68c0ZKiwq0Zr121RQeDheADYl/eelD+Pl55EXDNA1V45QXrscFRaX6t2P5mrFms113ueUjz+Pl59vnnCpxl46XE6nQ+WV1XrulSnas79QL745XY/9+gdyOOy15q9Ys1kHi0oafJ579xc1OKY+lVVevfbux/HdtC+rZ+fhtFS3brh2tKbM/Fwz5izVFWMukNt9bJflaNTQB9M+kySNH3eRUlNTmpynud+re2+/Rk+/+KEk6blXpyivXY5GDh+gIQP7qlvXjqpnw+tGW7dxpz5btFbhSCT+2WeL1kiSzjm7p370nduSfo8BAAAAoKUIrnxfgYUvWR0DAAAAAChAAwAAAACA+lV5fJJixdOmyGvXRvsPFMtzZH4yD9x/l/qe1a3W5z/7/p3KycpQSsqx0m23Lu11+01XaG9+oXbtKdDWHfuSFqAl6YIh5+g7X72hxtwO+sE3b9Gv/vS8pNjuw0cL0MXFpdq8ba8k6Yoxw3TnLVfF5/Xs3kkP/ugePfbkG9qzv7DWdao9Pn386TJJ0g3XjNa1V46Mn2ubk6Wfff9OPfibp+X1+rVs1SaNHjmo1hrzPl9T5/Npqs8Wr62143YkElVJWaXKyqvin115yTD179uj3rWuvuxCzZm3Qv5AULPmLdNN110SP7dg8Vr5A0G53S5dfdmFx5W1ud+rQef10aMPfkP/fuEDlZVXqaSsUjPmLNGMOUvkcjrVr293DR9yjoYN7p9Q5m6Kw0d2/+7cKU9n9+4mwzS0YfMuVVZ5tXXHPv3rhff14+/cLru9OerWAAAAAHB6CW38RL5ZT1gdAwAAAAAkUYAGAAAAAAANcDgckqRgMNSkecFQbLzT6Uh6fsA5vZOWnyWpfW6bOtft1b2zdu0p0KHD5XWOmTjh0qRrut0uBYNhHS6piH++c29B/Lhmyfcom6TbbrpCf/vXW7XO7aox95qrRtY6n5Li0shhA7Rw6TrtzS9MWoDu2L6t3O6Gd1D2eP0JJeZkKqu8qqzy1nm+Y/u2+uod19b53OPM2Pdt4g2X6c335mj2vBUae9mFykhPVTgS0ZRZn0uSJk64TE6nQ5FotMH8X3Yy3qsunfL0u0e+rfWbdmnF6s1av3mXDMNQOBLRpq17tGnrHk36aJ6+cfcEDR7Qp8mZ3W6XHvzhPerWpX38s2jU0Jvvz9GSFRu0dfs+LVmxQWNGDW7y2gAAAABwOgvvWi7v5N9YHQMAAAAA4ihAAwAAAACAerXNydThknKVlFU2aV5JaaxknJOdkfR8395d651vmqb2HyhW0aEylZZVKhgKKxwOa/2mXZKkYCicdJ7dblduu5yk5zLS0xQMhuUPBOOf7dgV2zE5r12OUlOTF5F7du+U9POjuy3b7Xa9P2V+0jFbduyTJBUfKkt6/ht3T1CvHp2Tnqvpi4079czLk+sdM+Cc3ho6uJ+k2M7PBQcPa8v2vfHv3VWXDm+4/FzDmJGDNX32YlVWeTV99mLdectVmrtwtYLBsLIy03XJRUNiA81GLxl3st4rp8OhYYP7adjgfjIl5R8o1obNu7R2w3YdOHhY/kBQ/3npQ42/+iLdeO2YRl3zqksukNcX0NjLh6ttTlbCOYfDrntuG6dNW3fHd4KmAA0AAACgJYke3CLv+7+0OgYAAAAAJKAADQAAAAAA6pXbLkfala9qj0+macpmszVqXll5tSQpr13y3ZzT0lLrnLt05Ua99f4nCkciTc7rciXfcVqS7EmyV1Z5GszjdCRfM/9AsSTJMAx9tnhtvbmqvf56zzeHvr27aszIxPJtNGro8X+/pT37C/XWB5+oa5f26tOr4fK5JNlsNn1l4lg9+8oUzV+0RldecoFmzF4iSbr9pitltzfuXUjmZL1XNdkk9ejWUT26ddSEcRdr2879+u/LH8kfCGrmJ0s17vIRdZbeaxp/9UX1nnc47BoyqJ8WLF6rbTv3N+o+AAAAAOBMYJQXyPP+L2WGfFZHAQAAAIAEFKABAAAAAEC9hgw8W0tXbpQUKyZfPGJQg3O+2LgzXl4+f2DfJl3vcGmFXn3nY0mxXX6vGDNMZ5/VXdlZGXK6HJo9b4U+W7SmiXdRt949O2vrjn0qq6iqc0y1J/lf9LbJyZQktWubrYd/cm+913E66y5mn0wOh10//d6deuDRfysciejlN2fo97/4rhpbXR46qJ86dWinokNl+vVfX5RhGMprl6MLh50bH2MexxbQp/q9kqT+fXvopuvG6J3JcyVJBUWHGyyDN1ZmRpokyesLNMt6AAAAAGA1018lz/u/kFFZZHUUAAAAAKjFbnUAAAAAAABwehtwbm/Z7bEfIXwwfYEMo+Gy63tT5sWPhw3u36TrrVi9OX786IPf1LVXjVKf3l3VPq+N2uZkqaKyuknrNaRv726SJK/Xr917DyYds7xGppo6d8qTJFVUepSenqrsrIw6/0uvZ4fpk83tdumWCZdKkkrKKrVyTfL7OerLhea7bxsnKbbTtSTdOXFsowvUdTnV79VR7fPaxo9tJ3wXxxQUHpYkndWrS7OtCQAAAACWMU153v+FokU7rE4CAAAAAElRgAYAAAAAAPVyOhzx8qzX69cLr0+N78L7ZdGoodcnzVJJWaUkafzVF8ntdjXpeoXFpfFjhz3xRxdV1V6t37SrSes15KyexwqrL705XRVVnoTz+QXFmjLz86Rz+/XpLilWDJ75ydI6r5FfcKgZkp6Yy8cMVcaRXYrf/WhevMzcGP36dFffs2JF8W5d2mvQuWclnDfNpu8A3ZzvlWEY+vkfntXkGQvrXOOoeZ+vjh937pjbqKy/f/wVTZ21SJFoNOn5ouJSrdsQKwUM6N+rUWsCAAAAwOnM8/4vFNnbfL99CQAAAACam9PqAAAAAAAA4PQ39vILtWLNFuUXFGvN+u3am1+k22+6Qr16dFbbnCxVVnm1L79IH07/TEWHyiRJHdu31fXjLm7ytc4f2Fer1m2VJE2aMk+3Xn+ZMjLSVFJWqX8//36TiruNkZbm1g++OVH/eelDlZRV6ld/fF5DB/dT+9wcFRSVaN2GHfGdir+sT6+uGjygr9Zv2qmZnyyVYRgaP/YipaS4ZJqmCgpL9OH0z7R52149cP9d8RKxFex2u26/8Qq98vZMeb1+LViyTleMGZZ0bLI+8w+/fauqPT5lpqc1W6bmeq9Wrt2qsvIqzZ63XAuXrNPN4y9Rz+6d1KlDrlJTUxSNGtqXX6Spsxdp6/Z9kqQRw85VWpq7wYybtu5RQeFhFRQe1udLv9BN4y9R315d1bFDO4XDEa3fvEuvT5olKfaMhw85Nz5387a9eualyZKkSy8eottvuiJh7UAwlPA+G9HYcTgckc8fiH/ucjnlcvJjPAAAAACnhnfanxTeusDqGAAAAABQL/7mBAAAAAAANMgm6aEf363nXp2qDZt3qay8Ss++MqXO8f36dNf937q1zuJwfQaf11ft89rqcEm5lqzYoCUrNsjtdikYDEuSOnfKU2FRyfHeSvJrDuijr95xrV6fNEvhSEQr1mxOOP/T792hZ1+dIq/XX2vuvbeP02OFh1VSVqlZc5dr1tzlCXmPKjxUamkBWpJGDh+gqbMWqay8Sh9OW6DRIwYpJaVxO3SnulOU6k5p1jzN9V5dcH5/HTpcpo/nLpc/ENTbH34aP2e322uV5kcMO1f33n5NozL2P7uHxl99kWZ+slTVHp/emDQ76TiX06n/+8k9ap/XJv5ZJBKN70hdXlFVa85v//qSyiura31+9L0/auxlw3XbjVfUGgcAAAAAzc0/5ymF1s2wOgYAAAAANIgCNAAAAAAAaBSX06n7vzVRG7bs1ux5y7Vz94FaY3p176RrrhqpIQPPls1mO67ruN0u/eqBr+uNSbO1dv0OhSMRBYNh5bXL0firL1JpeZVmFJXI6XAkzPvy1001euQgjbzgPO3cfUAbtu6WETV0br9e6tenu1JTU+T3ByWpVgk4OytDv3vkO/r406X6bPFaVXt88fKz2+1Sn15ddcdNV6pTx9wTyleT4ziK5VKscHzXxLF6+sUPFY5EtGDJOl19+YW113c0bX277fjySM3zXjmdDt1w7RhdcvEQTf14kXbtOaDDpZUyDCNefk5Ldat71w66bPRQXXB+/0bnczocuvHaMRo9YpCmzlqs3fsO6nBJefx8u7bZ6tenu667apQ6dmiXMNdur//PQFOfMwAAAACcTIEFLymw/F2rYwAAAABAo9hMM9kvNQUAAAAAAKifKamyyiOv16/09FS1yc487tJzfcrKq+R2pygjPbXZ126siiqPHv7tM5Kk+781UYPO61Pn2Eg0qqoqr+WZz1TN+V5Ve3yq9vjUrm12s+5ebRimKqs8Sk9LldvduB20AQAAAOB0Flj+rvxznrI6BgAAAAA0GjtAAwAAAACA42KT1CY7U22yM0/qddq1zT6p60vS0pUbdbi0QuOuGJG0KPvhtM/ix926dKh3LafDcUoyt1TN+V5lZaYrKzP9xEN9id1uU9s2Wc2+LgAAAABYIbhuOuVnAAAAAGccCtAAAAAAAKDVe3/aZ/J6/Zo1d7lGjxikbl3aq31eW1VWefT5si+0e+9BSdLFIwZRfAUAAAAAtBihzfPkm/Znq2MAAAAAQJPZTNM0rQ4BAAAAAABgpaUrN+rD6QtU7fHVOaZfn+76/jduUVqa+xQmAwAAAADg5AjvWibPW/9rdQwAAAAAOC4UoAEAAAAAACQZhqk167dpX36Rig6VqaSsUtmZ6ercMVcDzz1LA889y+qIAAAAAAA0i0j+enne+KnMSNDqKAAAAABwXChAAwAAAAAAAAAAAADQSkSLd6r6zZ/K9JZbHQUAAAAAjpvd6gAAAAAAAAAAAAAAAODkM8oL5HnvEcrPAAAAAM54FKABAAAAAAAAAAAAAGjhTE+pPJMekVF+0OooAAAAAHDCKEADAAAAAAAAAAAAANCCmSGfPO89ouihXVZHAQAAAIBmQQEaAAAAAAAAAAAAAICWyjTkmfSIIgc2WZ0EAAAAAJoNBWgAAAAAAAAAAAAAAFooz6SHFdmzyuoYAAAAANCsKEADAAAAAAAAAAAAANACeT98VOHti62OAQAAAADNjgI0AAAAAAAAAAAAAAAtjHfqHxXaNNfqGAAAAABwUlCABgAAAAAAAAAAAACgBfHNfFyhL2ZaHQMAAAAAThoK0AAAAAAAAAAAAAAAtBD+OU8puHqy1TEAAAAA4KSiAA0AAAAAAAAAAAAAQAvgn/dfBZa/a3UMAAAAADjpnFYHAAAAAICWKho1tHd/oQ6XVqi8okppaalqn9tG3bt2UHZWRrNcIxgMK/9gsfblF6uktEJ5uW3UuWOuzu3XUzabrcH55RXV2rmnQHvzC5XXLkdn9eyi7l07yG5v+N/LRiJR7csv0s49B+T1BXRWry7q06ursjLT65yzbuMOBQKhRt3b0EH95Ha7/j979x0eVZ22cfxmSCEE0khCCy20QGjSVWRBilhQURTr2sta9nV1dddedtW1rnVXXSxgQ5oCivQaei+BBEhIQkJIMiSk95n3jyGTDJlJnWQS+H6uay8zc37nnOc5M5lh4Z5narTWmcySjKfPKCExRfEnTqllS4M6BLdT79AQBfj7VLt/Xa5LmdJSk06eMiohMUUnTxnVxruVOrRvp359uquVp0eD1l0ds9ms6KNxSkg8qdTUdJllVnBQO4V0aq/+YT1r9Hy70CWfStOx2AR5e3tp6OD+NdrneHyiEpNS1Lq1l4YNKd8nL79Au/ZEVrmvn5+PunRuLz9fx4//4ehYGU9nqEf3EIV0al+zRs4q6yekc3v16BZSq30d1eHn56OB/XvX61hNQXpGlo7EnJCbW0sNHxJW7frsnDxFRh2XZPva5+j++jqVcloms1lerTzl79fWKceMOhqvM5k5CukUpJBOwU45Js4PDfU8BgAAQGUFG75SwaZvXV0GAAAAADQKAtAAAAAA4GTZOXlatnqbNmzeq+KSErtrwvp00zWTLlGv0LqFBs9k5ujbucusgaJzBfj76L7br1HPHp3tbi8uKdGnMxcq6mh8pW2enu7666O3qUtnxwG2yKjj+vTLhTKZTJW2XTJyoO68+Qq7gdhv5y5Xbm6+w+NW5NPWW/37dq/RWmfZsuOg5vy8SoWFxXa3j7v0It103eVq2dJ+QLyu16W4pERLlm3SirXb7R7X3c1NM6ZN0JjRgxqk7uqsWLNJs39crLj4JLvbO3UM1h9vvVbXTBlXp+NfKHbvO6Q33/ufWnu10opFM2u0z5r12/T1dz+rT+/u+urTf1rvN57O0LOv/LtGx+jerbMeuf8WXTLqokrb5i9aoeWrIhTer5c+++DlWgXZ33jvC+3Zd1hXTLhUL/7tTzXez56yOi4dfZHeeu2peh2rKZi/eK127z8iyfJa1qdnlyrXp6Sm65sfl0qSenTrpPZB/lXeX1+vvfuNTCaTvL299N5rjznlmL/8tkFxJ05pYP+eevS+G5xyTJwfTp4yWp/HvUJD5Onp6+KKAAAAzk8Fm75T/vovXV0GAAAAADQaAtAAAAAA4ERHYxP1ycz5KiwsVpfO7TXxD8PVvWtHtfP3UW5egVKNGdq8/YC27Tqkd4/8qMnjR2ra1WNrFTrcuGWffly4yhqydXdzU5eQYHm39lLUkXgVl5QoPSNL7/1njl5//sFK0z0LCor01sffK/mUUZLk7e2l0G6dZEzPVPIpowoLi/XmB9/q/x66SX17da10/q07I61BJknq0rm9fNq21rHjiSosLNbm7QeUfiZLf35gusNJ0m3btFbH9u2q7LMmE5OdJTsnTx9+PleJJ9Os9wX4+6hrSHudSjmtU6npkqR1m/ZILVrolmkTKh2jrtclNu6kPv1qoU0wvGOHQHUMbqejsSeUnZOn4pISfTdvudq2aa3BA3o5te6qlJaW6qPPvtOCRSvL+wrpoP5hvdTSYNCh6BjFxSfpZHKq/vX+TO07EK2n/+9eeXgw3bMxjRg6QG3PmSqfl1egpOQUnUg8pbj4JD3z4nt65on7dO1V4+0eI/LwMW3ZvtduSNqenXsitWff4XrXfj7Kys61hp8laemqLdUGoF3FVFr5wxqusPfgUUVGHZefTxtdPfkSV5cDAAAANDsFW39S/pr/uroMAAAAAGhUBKABAAAAwEkORcfpoy/mSZLuue1qjRrW32a7r4+3fH281Ts0RNdfNVb/fO8brVi7XaczsvTAnVNrfJ6c3Dzr5M67ZlypQeE9rdtMJrN274/WzG+XyGQyaeGv63TfHbbHXrl+hzX8PPWKS23CZidPGfXmv79VcUmJvvr+V7318iM2+xYVF2v2T8skWYLTLz51t/x821i3z/5pmTZvP6CoI/HauTdaI4f2s9vD6OHhunFq05kW7OnhrpTUDEnSyKH9NWPaBHm3bmXdfiYrR59//YuOJyRrXcRuXXH5SPn7lgfL63NdDIYWys3Nl8Fg0LVXjtHkcSNsAtKJJ1P1zic/qLCwWLPnLtN7A8qntda37up8O2eJNfzcs0dXvf7SnxXSuYPNmlRjul5+/RMdiDyi31dulK9vWz324G01Pgfq77EHb1PP0MofVpCk4/GJeuPdL3Q4OlZvf/ClRo8YpOAg+x8++M/MORo9YrDDDy6UMZvN+t838+pd9/lq1fqdNrejjsTLmJ6pwICmM/V2+tRxKigskpeXp6tLkSRFHU3Qxi375OvjTQAaAAAAqKXCHQuUv/IjV5cBAAAAAI2ubt99CwAAAACwcSYzR//96mdJ0r23l4efN28/oC9mLdKLb87UP979RrPm/K5D0XHy9fHWC0/drbZtWmvX3iht3LKvxueaMHa4pl5xqf710sM24WfJEqYdPiRM/ft2lyQdj0+22W42m7Vmwy5J0pABvSsFzTp1CNSj990gScrMylXU0Xib7Vt3RFonT//9z3fYhHwl6c4ZUxTSKUiStGLtthr35GoeHu764y1X6unHb9O9t19tEyKWJD+fNrpzxhTr7bgE2+tan+vSvWtHTbt6rF5/4UFNuXxUpfBpSKdgXXvFGElSbm6+CgqKnFZ3VeLikzRz1nxJ0ugRg/XFx69UCj9LUnBggD5+53lNutzyXJozf6kORcfU+DxoWD26hegfL/zZejvy8DGHa+Pik7RmQ/W/t1u276vyOBeykpJSrd24W5J0xeWjrJPsl69pWq+Hl48dpqsmXazxY4a6uhQAAAAA9VC4e7Hylr3v6jIAAAAAwCUIQAMAAACAE8xbvFbFJSW69/arNXJofxUUFOmtD7/T7J+Waff+I0ozZigpOU1bdhzUR1/M02ff/CJfH289/9RdatumtX5cuEpFRcU1OpeHh7uunnyJ3N0cf6lPgL+PJCk7N8/m/v2RMcovKJQkjb1kiN19+/bpJk9Pd0nSynU7bLatPDvZtGOHQAUF+lXat4WkMaMHS5IST6YpOeV0DTpqGkZcFKae3Ts73B7g52P9OTMr12Zbfa/LFZePqnIys79/xXPnOK3uqiz5fZ3150cfvFWeHh4O17q5tdSf7pthvb3o1zU1OofJZFJBYZHD7YVFRTKbzTU61rmqOq4jRUXFdT5fSUmpiktK6rRvQ+vQPlBdQizh9ePxSVWu/eLreSopKXW43Ww26/Ov5jq1vrowm80qLKr9Y1xQWPfnVE1s2XHQ+jyYMHaYrrh8lCRp07YDdXpOOlNJad2eo0XFNXtvcrh/UbGcfcVLS01O/30zmcwqLHTca20fP7NU5fHs7mOuuoaqVFd/XdXptbSezxkAAADUTNG+pcr77S1XlwEAAAAALuP4X8sBAAAAADWSl1+gXXujFNa7m0YOtUx+nr9krY6fnbY7ZcIoXTx8gAwGg6KOxWvhkvXycLcEjP182ujWGyfpi1mLtHVnpMNQcm0di02UJHULsZ3Ym5CUIkkyGAwK693N7r4tJA0d1FdbdhxU4slUm21pxgxJ0sih/Ryee9jgvpqzcJUkKfFkqjq2b1enHpqamLjy4Ghot0422xr6usQct5zbYDAoODigxvtJVdftiNls1oo1myRJky6/RD26hVS7T3BQO02/brLmL1qhtRu26a//d481pL92wzb98utq9Qztqj/df4vWR+zQb8vWa8fugxo2pL8+fPs5SZag3fJVEdq0dbeOxSQo1ZguSerZo6tuvOV9f4YAACAASURBVG6irpkyrtKE7Keee1slJSV66L4ZcmvZUgsXr9LufYd0MjlVrb1aadhF4Xr0wdsU0qm93bqTU9K0cs0WbduxT/sORsvfz0fDhw7QpPEXK6x3qF7916eSpGeeuE+dzzlGbm6e5v2yQktXbNDJ5FRrrRePGqx77phWZWi8sZWWWiaUt2jRwu72aVMnavmqCJ1MTtXy1RG6+oo/2F23PmKnYo4nqLVXK1171XjNWfB7g9UsSQmJyXrvo68lSa+98Gft3X9Yq9Zt1bYd+5SXX6DgwACNvXS4Hrh7ury9W9s9xoFDRzV34TLrPpI0eEBfjRw+SDNuvFKtPJ33OC1duUWSNGRgb/m09dZlowdr4a/rZTKZtGHzXk0eP9Jp53Lk+3krdCwuSZeNGqThF4Vp/ea92rB5r7Jz8jTxD8M1/drx1jUjh/bTlRNGVzrGpm0HtPfgUUUdiVdxSYkCA3zVr293XTtljFZv2Kl9kTHq26urbpk2wW4NmVm5Wvjreh05lqCMzGxJUmCAr6ZfN15DBvS2rnv9/dkqKS1Vekamdb9X3/nauv3WGyaqT88ukqSs7FwtWbZJO/dGWT/I4+3tpS6dgnX9VZepe9eONbo+m7Yd0KoNO9WlU5D+OONKbdl5UOsi9igpOU0dOwTq5afvsa49cDhWS5ZFKCGx/L2zc8cgTbt6rPWbFioqKSnV2ojdWrV+h/UDJ+5uburYoZ0uv2yYRg8Pr7RP2TczrN64S+kZWZIkr1ae6tGto26bPlmBAb61qv+uGVP0/fyVkqQ7b75CXUPsv/aZTGZ9+Plc5eUX6rLRg2z+/FHbviUpJS1DEVv3aX/kMaWkZcjdzU19enXRuDFD5eHOX0EDAAA4W9GB5cpd/LqrywAAAAAAl+JvnwEAAACgnvZHxkiSJvxhuCRLgCti635J0lWTLta1U8ZY1wYF+mnUsP42E1aHDOgtT093bd3lnAB0VnauTqVagqPnhpwzzliCaL5tvWUw2A9CSlJQO8sU4+ycfOt9ubnlPwcH+jvct22b8hBi2fnsyc0r0MHDsUpISlFpqUmh3Tqpb6+u8vXxdriPK+3eHy3JEgTr0jnYer+zr8u5zJL2HDgiSerRraMcP2r2Oaq7Kqlp6co4YwniDRvSv8bnGjIoTPMXrVBefoFOJJ5SaHdLcDrVmK5dew/pdEamMjOztXz1pvJznQ05H4qK0d9ees963opijifo7Q++0tGYBD31+N0227bttPyurVm/TYt/W2MNuEqWDyds3LxLGzfv0txZ76tTR9v+U43pevQv/7DWIEkZZ7K0cs1mrVyzWY88cKt27T0kScrOsZ2mXlBYpGdefE/7DkZXqjXmeIIituzWR289p4BzwouucDI51RrQ7trFfkjUp20b3XfXjfr4s+/12Zc/aeL4iysFuEtLS/X51z9Jku6/a7ryCwrsHcqp8vIKrI/BwsUr9eXsBTbbU43pmr9ohXbujdSsz95Qy5YtbbZv33VATz5beSLavoPR2ncwWot+Xa2P3nlOIZ07VFpTW4ei46xh3ylnJz97errr4hHh2rTtgJav3a5J40Y4DKE7y4mkFCWfMupgVKx+W7XF5jXqTGaOzZrYuJOV9p/7y2qt2bjb5j5jeqY2btmnqKMJ8vdto+RTRnk6CLVmZuXojX/PqjRx3pieqc++/kV33HSFxoweZK3jXMmnjNaf04xn1KdnF2WcydYrb39ZacJxbm6+oo7G618fxuvqSRdraoX3W0dOZ2Qq+ZRROTl5+uTLBYo6Em/dlpVdXvP23Yf01fe/WW8bDAaZTCadSErRR1/M07VTxuiqSRdbt5tMJr398ffW0HCZ4pISJSSm6Jsfl2rDlr165vHbbbZ/O3e5Nm8/YHOe/IJCHYqO00tvztRj999oEzqurv6O7QOVlJwmk8mk5Wu364E7p9q9Dvsijyr6WIIkqWeP8m8RqG3fkuU97Y1/z7J5fIpLShQZdVyRUcc18eyfjwAAAOAcRZGrlPvLa64uAwAAAABcjgA0AAAAANRT2fTfXt0tAaKKU5Mnj6s87dPD3d06AVqSDIYW6hbSQSlp6ZXW1sXnsxZZfx4U3tNm25mz4bw2bexPSi1TFtY1mUwqLimRu5ubzmTlWLe38faqcn+vVp7KLyh0GPTde/CY1kXsUXFJifW+dRGWwF1Y7256/IHpatnSYHdfVzh2PFGbtlkCamG9u9oEGJ15Xez5feUW61TQiwb2qU3ZVdZdlYoh5A7BgTU+X3Bw+VRre0HmuPgkxcUnaWB4H02bOkFhfUIVHGiZaN2pY5AyzmSpZ4+uun3G1QoP66Xg4HaKio7VL7+t0fJVEfp5ySrdcO1EuxOp58xfquDAAL3090c0eGBfGQwGrY/YoTfe/UKS9PV3P+v5px+yrs/OydWTz75lDT8/88R9umTUELVu7aUjR+P07sdf6z//+9Fun6WlpXr1zU+172C0ggMD9PwzD2vo4H5q0aKFjhyL08tvfKK4+CR9/f3PlQLbkiWYvW7jjhpd05jjJ2q0zpG4+CS9/u7nkiR/Px+NGjbI4drrr5mg7+YsUcaZLC1Zuk7Tr59ss331+q06kXhK/n4+uu6ay/XjvKX1qq22vpy9QIMH9NWjD92m0O5dlJebr+/mLtHchcsUF5+k5as36arJY63rIw8fs4afu3frrCcfu0t9e3VXfkGhIg8f02df/aQTiafk69vWKfUtXWWZ/twhOMBmGvHk8aO0adsB5ebma8+Boxo6qHa/x3V1KDpOkhQe1kOjh4ere9eO8q+m15XrdljDz507Bum26ZMU0jFYZzKztXbTHq2L2G19z3OkLAB89eRLdOnIgWrj7aXomBOa+e1iFRYWa97iNbpkpOVbEV56+h6ZzWYtXbVVu/ZGydPT3SYg7O9nqXfJ8k3WcO0t0yZo8MDeauvdWknJaVq+Zrt274+Wh4d75WKqkJ2Tp6gj8QoK9NfEscPUKzRE7c5+YOFQdJw1BDxsSJhuu2GivL29VFRUrJ9/26C1Ebu1eFmEhg0JU/sgywdfdu07Yu394hEDNGncCHUIbqdUY4Z27D6k31ZusU7FL7Po943W8PP1V4/VxLHD5ebWUhmZ2frim0U6npCsL7//VW+//Eil90RH9Xt6uuvSkQO1ces+7dobpdunT1Jrr1aV+l+xZrskqWtIe3XuGFTnvgsKi/T2R99bH58bp47T8CFh8nB3U3TMCc2as1Sr1u+s1WMDAAAAx4oOr1XuwpddXQYAAAAANAkEoAEAAACgntJOZ8pgMMjLy1OSrNOX3d3c1KqVR1W7WrUL8NWRmPoFHSVLeC3meJIkaeTQfgrpZDvxNuPs9M+2baoO6npXCPKeycxRUDs/6+RQqQZBX6+zQd9M+0HfsgBdxw6B6t0jRCazSQcOxSgzK1dRR+P18cz5+vMDN1U5pbqxFBQU6dOZC623b71xks12Z16Xc8UlJGvxsghJkq+Pty6/bGhNy6627qqcySwPLwcFBdR4v7Iw87nHqGj82FF65dlHKk3q9fP10Q9fvaMunTvYBLUHhvdRWN9Qbdy0U3n5BToUFWs3AC1Jn77/ojp2CLLevmryWB2OjtXPS1Zp155Im7WbtuxWXLzld+Wjd57T0MHlk66HDArTFx+9qhl3PWk3yL1t535t3LxLkvSv155Un17l01n79Oqu1196Qn988O/6eckq3XnrtTbXpcwL//jQbg918ckXPyggwM/mvry8fJ1MTlPMccuE19ZerfT80w9V+eEHTw8P/en+W/TGu1/oi6/n6qorxlqDkyUlpZo5yzJ9+eH7ZlSaDt0YunfrrA/ffk5ubpbnTitPDz324G3asn2vTiSe0v6DR2wC0O998o0kqVPHYM385B9q5Wmp2du7tf4wZoQuGXWRoo4eV9s29Z86fyo1XcdiEyVJV060nY7bPshfPXt0VszxJC1dubnRAtCSdM0Vl+qayZfUeP3i3y2vNx2CA/TCU3dZfxfbBwfolmkT1NrLU0tXbqn2OHfePEWXjhpovT2wX6huuvZyfTdvuQoLi5V2OlPtg/zVqYPlAxZlH7pp5elhDeNWdPTste3epYPGjSl/HezWpYMevOtaxcadtLtfdXqFhujJP82QwWAbLp41xxLuD+3eyWaCsoeHu2ZMm6CTp4yKPpagxcsirNuPHbfUaDAYdNv0Sdawc4fgAE2dMkaXjhqk0lKT9VjZOXn6fdVWSdLUKy61Tg2XJH/ftvrLn2bo6Vc+VW5uvrbujLS5ntXVP3n8SG3cuk+SFLF1vyaPt/0wVkpaho4nJEuSrpw4ul59b9sZaX1P+9M90zR4QC/rfkMH9VG3kPZ6/vUvKtUOAACA2iuO3qDc+S+4ugwAAAAAaDIIQAMAAABAPXl6ustkMslsNqtFixbWkF3F6cbVKSwsrjQZsraijyVowZJ1kizhqdumT660xu1s6LSkpLTKY1XcXjat2t3dze52e0pLS232PZenp7uefux2hXQKqrCPSd/PX6HN2w8o6ki8Nm8/oDGjHU+rbQwmk0mffLlA+QWFkqTbb5qsoHa2QVNnXpeKMrNy9eHn8yRZAnWPPzC9UsitPnVXxb1CfYWFRTXer6DCWkc9PnzvzZXCz2W6hnS0e7+7m5v69umhPfsOK/lUqt0106ZOtAk/lxkY3ls/L1mlVGO6dZq5JEVGxUiSRgwdYBN+LtPaq5Xuuu16ffCf2ZW2HTq77+gRg23Cz2VCu4covF8vRR4+prj4JLsB6EtGDbHbx7niEk7qZLL9nsvs2H2wyu1XTLhUjzxwq9oFOH4OmM0m69pv5yzWicRTWrBohe685VpJ0rJVG3UyOVWdOgZrysQxNard2e65Y5o1/FzGYDDookH9dCLxlJKSU6z3FxQW6chRywTkB+++yfq6XJG7u5sG9u/tlNqWr9kmyfLaNuKisErbr5wwWp/MXKDEk2mKP3FK3bp0cMp5q+Lp6a6rKoRbq5OekWV937r5+gl2J8ZPmTBKy1Zvk8lkqrStjFcrT7th3b69ulp/Np4+Y50gXBNt23gpzZihlLQMZefkWQPTZUK7d6rxsSq6Y/rkSq+rBQVFyszKlSRdf9VYe7tp/GVDFX0sQfFnQ8SS5NvWEqQ3mUw6kZhaqaYAfx+b2zFxSdafr5gwSufy8HDXqKHh2rBlr+JOJNu9pvbql6SgQD/1Cg3RsdhErd6ws1IAetV6ywR6b28vDRnQu159x8SdPHtOf5vwc5l2Ab4aObSftu8+bPeYAAAAqJniIxHKmfusq8sAAAAAgCaFADQAAAAA1FNwoCXEdSYzR/5+bdWpQzvrtqTktBpNpUw7fUZ+fm3rXMOJpBRrWNbdzU1PPnqL3cCfv19bnUhKUVZ2bpXHy87Js/7s09YSNPP3La8vJze/yv3z8izBWz/fNjb3T7hsmHLzCjRx3HCb40lSy5YG3T59siKjYq2ToGsSgJ6zcJXWbdpjd1vbNq31zquPVnsMR2Z++6t1quvYi4fostGDK61xxnU5V35+od766DtrgPn+O6dWmuZd37qr4u9XHtRLST1tN+RrT2raaevPAf6+lba39mqlzp3aV3mMoqJiHYtNUHJKmjIyslRQWKji4hLrtOa8/AK7+/Xobn8qtJ9veS+FBUVyb2P5q5D9B49IkvqHVQ7slendq5vd+w9EWvbNzMrWV98utLumLLScfCqt0rbWXq309j/+6vC8FX05e4G+/u7nKtf86f5b1Ols+Dsvv0BHj8Vrw6adSjWmy9/PRzNuvLLK8HNFLVu21CP336pnX/m3vv1xsa67+nK18vTU51/NlSQ9cv8t1gC72Wyu0TGdpXsX+yFXv7O/g7l55b9/R4/FWX8O7+/4MXaGvPwCbdlhCaFfftkwu4HU8H6hatumtWXq7+qtevju6xu0Jknq0rl9jT80IZVPMJak0G72r7WHu7vaBwco+ZTR4XE6d7L/nlcxtFz22lZTYy8eoti4k8ovKNTTL3+qYUPCNCCsh8J6d5N/Hd87DQaDOrRvV+n+isHkrTsjtXtfdKU1aafPSJLSz5RP8x8xtJ91Yv/bH3+vnj06a+jAPurbu5vNh33KlE21NhgMmr9ord0aDx+NlySlnP1miZrUX+bKCaP1cex86/tpWG/L61lRcbE2bTsgSZo0boQ16F7XvssmSfcOtf8aLEk9u3cmAA0AAFAPxUc3K+env7m6DAAAAABocghAAwAAAEA9delsCabu3BulSeNGqHOnIHl6uquwsFjfz1+hJx+5xTp5WZIORcfJ09NdPbt3lmQJG59IStHQQX3rdP6002f09kc/yGQyyWAw6KlHb3E47bdsAmVunv0QaZmcXEsA2tPT3RqO8vX1tm6vGJA+l1nl068DzgmmXTXp4irP27KlQUMG9tH6TXsUfSyhyrVlSksdTyItKKj59OJz/fTzau3ebwmADezfU7dOn2R3nTOuS0UlJaV67z8/Kj0jS5I0Y9oEDR3Ux+l1VyWwwvPHXoDXkYqhyMB2lae7tvFuXem+MiUlpfp+7q/63zfzany+irxbe9m932Bniq0k6yTpNt7295OkNg6OeTg61vrfsp8dyczKqXK7M4wePkg9Q8un6+oK6c5br9Wf/vKaTian6u8vva9v//cveVdx/StmmcdcPNQ6wXrO/KUKbOevjDNZ6tO7u/4wZkQDdlK11g4eK3sh35jjJ6w/23suOtO6iPIPYOyPjFH8iVN215VNiN974Kgys3Ll6+Ntd52zeLXyrNX6jAqhVk9Px1PqW3tVfVxH57U3UbqmRg8Pl5tbSy1YvE4ZmdnatTdKu/ZGSZLCenfTjVPHWd+La8rd3f4k+oSk8knim7cfqPIYJpNJJpNZBkMLBbXz07NP3Kl5i9fqWGyiYo4nKea4JVQcGOCr6deNt05blqQTiSnWYzj6EE+ZbDsfrnFUf5nwsB7y9fFWZlauVq7bYQ1Ab9t5yPrnhXGXXFTvvk+nZ0qq+oM9fr51/4AXAADAha742BblzHnG1WUAAAAAQJNEABoAAAAA6qlv727y9vbSqvU7NGHsMHm4u+vWGybpmx+XKjbupF56c6ZGXNRPBkMLHY6OU9yJU+rSub2ef/KPkqR1EbslWb5avrayc/L0rw+/swZrH7v/RnXv2tHhev+zAaXsnDzl5ubL20GgsCy05dO2PNDk4e4ug8Egk8mkmLgkjR4ebnffhArhv4qThGuqLJBaXUi7zC03TNTN0y6v9XmqsmzNNq09+7iEdu+kh+++Xo6ie868LmazWZ/MXKDEk5bQ8VWTLtb4MTV/XtSm7qr4tG2jgeF9dCDyiBb/vlbTr59co0myvy5bJ0nq3q2z2gc7nkxqz7qN263h50tGDdFVk8eqS0hHtW3rLbeWLfXqm59q195DtW/GgSGDwrR5216dSnU8yTalwkTrioKD2ykuPkm33XS1bp8xtcrzeNqZxN4Y2gX46c2Xn9BdDz+nVGO6fpi3VA/cPb1G+7Zo0UJ/uv8WPfbUPzX7x8XW+x++d0a9QqyNqWP78om7mZnZDRaCNplMWr52m/V2UnKakpKr/9DAqvU7dOPUcQ1SU131qDD1OeNMtvUDM+cynp0C3NiGDwnTsCFh2n/wmA4ejlVk9HGlZ2Qp6mi8Xn9/lu665UpdPGJAvc/j51P+vvfP5x+Uh3vVf31qMJT/TnTr0kF/ffRWxSUka/f+I4o6Gq+ExBQZ0zP12de/aOTQ/rr39qst5zn7fhzg76O//98dVZ7Dza3qsLMjV4wfpbmL1igy6riysnPl09ZbK9btkGQJlbdqVf76VNe+A/zaypieqTOZjj/skZVT9bdOAAAAwL7imG1nw8+N++07AAAAANBcEIAGAAAAgHpqIctXzc9fvFaffrlQj953g0YPD1dJaal+mL9S6RlZWr6mPCDn1cpTk8ePlCTt2het31ZuUVCgf5VfH29PYWGx3vrwO+WenQz5wB+vVf++3avcZ2D/nvr5tw2SpN37j+iyiwdXWlNQWKQjMZbpqYPCe9ps69enmyKjjmvnnijdPn2y3XNU/Jr7Pj271Lyhs8rCg6HdO1Wz0qJlS4Naqvpwbk1t2XFQv5y9Rh07BOqJh25Wy5ZVH99Z1+XrH5Yq6mi8JOmy0YN17ZQxDVp3VSaOu1gHIo8oLj5J6yN2aPzYUVWu377rgA5EHpEkTb780lqfb80Gy+/IwPA+evsff620PTnFcVC5LsL79dLmbXu1Zv02/en+W9XKTlB59fptdvaUenQLUVx8kuJPnJSvj+Opp67WM7Srrpo8VktXbNCsH37RtKkTHAaBzef8g/qQgWG6ZNQQbd62V5I0eEBfjRw2sMFrdpa+fcpfC4/FJjRYAHrn3igVFhZLkq6/6jK1bVP1VOcdew8r6ki81kXs0bVXjpG7W9P5q7nuXTtYf96y46CunnxJpTWJJ1OVmeX8MGtZhDgvr1DmCrftrRs8oJcGD+glSYpLSNanXy5Udk6elizf5JQAdKcOgdafz5zJVq9avjdLUveuHa0fRkrPyNI3Py7VkZgT2r77kGZMmyDv1q3U8ex5zmTmqHXrVjbfFOEsl44apPlL1lmnTA/sF6o0Y4YkWf8cUqaufYd27yxjeqaOJyQ7XONoKjoAAAAcK47drpw5T0tmx996BQAAAAAXOuf9CzEAAAAAXMAm/GG4Qrt3UmTUcX365UKZTGaNGTVI77zyiB67/0Zdf9Vluum6y/XkI7fo7Vcf0YiLwrR7/xH9b/ZiGQwGPXrfDbU6X0lpqd77z48ynv3q+VtvmKhhg/tWu1+nDoHq0rm9JOn31Vutwb2Klq7cUt7XZcNstpUFpvILCrV5+4FK+57JzFHEtn2SpBEXhcnLy9Nm+z/e/UaLl0WopLTUbn2nUk5r74GjkqTwasLcDeHA4VjNmvO7JMnft62efuxWeXi4V7tffa+LJC1Ysk7bd1smHA8Z2Fu33WQ/SO3Muqty9RVj1aljsCTp/U9mKfLwMYdrY2IT9O5HX1vO7+ejG6ZOrPX5jscnSpLdqaP7DkbrZHJqrY9ZlSGD+kmSMs5k6ZPPv1dJie1zct3GHVq+KsL+vgPDJEmbtu7R4ehYu2vMZrMSEh0HAhvLPXdMs/4864dFtdr3wXtutv788P23VNpuNjfdKWR+vj7W5++Xsxc4rLW+z6vfVmyWZPnQwZQJo3XpqIFV/u/2Gy2/18UlJdq8rfJrhSt5uLtbQ7m/rdyimLgkm+3ZOXma+e2SBjl3uwBfSZbrEhd/stL2lNR0mUyVH8PuXTtq+BDL72NVE4hro2OHdtaJ9/MXr3W4zpieqYLCIuvtzKxc5ecXVloX4O+jSeNGWG+fPvu+XfZBGJPJZPO+e64TSXV/jnp6umvMqEGSpLUbd2v5mu2SLB8w6hAcYLO2rn2HdrMEvZNPGa0fnqooNzdfm7cfrHMPAAAAF6Li2O3K+fFpyWT/704AAAAAABYEoAEAAADACVpIevTeGxTg76PIqOP6ZOZ8ncnKkbe3lwb0C9WUCaM1Yeww9enZRYYWBm3YvFdfzLKEER/449RKQaSqmM1m/fern5WQmCJJGj9mqEYM7ae8/AK7/ysqtg05T5lgmeSbnpGldz75XieSUmU2m5WZlatFv2/UirWWgFRY724K8Pex2bdvr67W+2b/tEzrN+1Rbl6BTCaTYo4n6c0PZltD1edOl4yMOq6k5DQtXblFz772mSK27deplNMym80qKirWzr1RevPDbyVJBoNBw4f0q/E1cYbj8Sf16cwFkiR3Nzc9/uB0SXJ4XStG8epzXSRp9fqdWrluhySpc8cg3T59svIdnLdi8Ky+dVelVStPPf/0Q5IsIeGH/u8VfTdniWJiE1RcUqKSklIdj0/UvJ+X666Hn7MGSV94+mG1adO6hmcpd9nFlrD9rr2HtHbDNmsg+cCho3r1jU9rfbzqDB7QVw/cfZMk6ZdfV+u+R1/Ul7MX6Id5v+m5Vz/QC//4UP5+Pnb3vfaq8eoSYpmW+8yL72rztj0ymSxTuYpLSrT/YLQefuJV3f/oi5Uer8bWsUOQZtxwpSTp5yWrlJjkYBKrnSdGr9Cu+uXHj7Xwh480sH/vGp/zuVc/0NSbH9HUmx9RZmZ2Xcp2invPhr8PR8fqby+9p+QUy3T50tJSHTkWp7/8/V+6++HnrI/Rot836vG//VuP/+3f2nfQceC/TMzxJKWkWabpXjmh6gnpZYIC/ayTdZettj9h3JUeu+8GeXq6y2Qy6Z2Pf9CnXy7U4mURmjXnd73wxhc6lZpuDck6U/cu5dOnf1m6USdPlU98N5lMeuOD2Xr2H//VvoPHrK8NZkknTxm1eYclSN6xfTun1OLh7q4Z118uSYo7cUqfzlygM1nl4eqMzGzNW7RWL7z+hfX9UpK+m7tMz7zyH61ct8MmCH0mM0e/r94qyfLeVhb27tm9swaFWyZZL125Rb8s3aCiIsv7hNlsVuLJNH30xTy9/v4sHYtNrHM/k8Zbwtf5BYXae9DyAaMrJ4x2Wt8jh/VX27Ov+R98Nld7Dhyxvh6eSErVP9+bZb19rtr+zgEAAFwIysPPJa4uBQAAAACavKbzPZsAAAAA0Mx5e3vp1b/fp9lzfteOPVH6+6v/Vd9eXRXavZN82nqrsKhYqWkZ2rH7sIpLStS2TWs98fDN6twxqFbniY0/qcio49bbayN2a23Ebofrw3p30xMPl09yHTa4r1KmjNHiZRFKPJmm19+fVWmfkE5Beuiu6+we76+P3qq3PvpOmVm5+nHhKv24cFWlNffefrV10nSZvr276qpJF2vpyi3KzsnTd3OX2z2+u5ub/vZ/tyso0M9hTw1h7i9rrD8Xl5TotXe+rnL980/epS6dg62363pdJGlehWmbSclpevplx4Ffg8Gg/7zzlNPqrsrgAX313w9e1lPPvqW8/AJ99tVP+uyr3QKBbwAAGaFJREFUn+yube3VSm+88hcNvyi8Rsc+1zVXjtPvKzcq40yWXvznx5Kk4MAApRrT5e/no+7dOisuPqmao9TOXbddp+zsHM1Z8Ltijico5niCdVuXkA765wt/1l0PP1dpP3d3N730t0f0zIvvKuNMlp558T1JUqeOwTYThVt7tdKpFKO6d+3k1Lpr6/YZ1+inhZYJ4V98M0+vPf94jfcNbOdf6/NlnMlSxpksSVJRsev+0X7KpMuUmZ2jjz/7Xpu37dXmbXvV2quV8vILrGtae7VS0skU9ezRRfkFRSousdSbnZNX7fGXrrJM7fX0dLdOIa6JKyeM1sex85WRma3IqOMKD+tRy84aTrsAXz392G1668PvVVxSogOHYnTgUIx1+7VTxijplFG79kY59by9QkPUKzREx2ITFX0sQa+987W8vb00eni4xl48RKZSy4d0/vv1z5Is1/zcbzC4/86pTqtn7KUX6fCReO09eFQHDsfq76/+V+5ubio1mWzCvKlnA/CSlHTKqOKSEi1Ysk4Llqyzu/62GyfJu3Ur6+07bpqst5PTZEzP1LLV27Rs9Ta7vSWnnrYG52srqJ2f+vTsYp3O3LZNaw3o39Npfbf2aqW/PnabXn37K5lMJn3+TeVJ8yOH9rd+w0FFtf2dAwAAON8RfgYAAACA2iEADQAAAABO5O7mpvvumKorJ16sVet3as/+I4o+lmCzPaRTkCaOG6GLBvaRwdCi1udoWcvpmyWllb8y9apJFyuwna9+X71NyRUmbbZt01qDB/TSLTdMlFvLlnaPF+Dvo5eevlffzl2m6KMJyi+wTLo0GAwK6RSkG6eOU99eXSvt59aypa6dMkaXjhyoxcs2KTb+pNKMGTbH7dOzi66cMFrtazER21lautnv15FzJ1rW9bqUrXE0IbOh667OwP69NW/2v7V0xQb9/Otqm4CvZAkpXz91oq654g8KODvZ9FzubtX/9UPXkI766j+v6/1PvtGuPZHKyy9QqjFdl4waoofuuVkzZy9QXHxSjY5VG489dLvuuWOa9h08ov2R0Wrn76eB4X3UK7SrEk+mWNe1auVps1+/vqH68at3NXP2Am2I2KFUY7r12nQJ6aDxl43U7TdfI2/v2k/Dtqc+fQf4++q+P96oL2cv0Jr123TvnTdWCmW71fJ5JEktHbxGeLiX1+p1znWrjoeHh81t9wp11eUazLjhSgW289fmrXu0fdcBazA7ODBAl148VPfeeYN10ndtXo5zcvOtH0SZOHZ4raYih4f1kK+PtzKzcrV6w06Fh/Wwuf4Ve3Z0f1Vq8ppQ1ZqQTsH66K2/6ERiig4ejpUxPVO9Q0MU1qeb/H3b6oPP5kqq/DtR29eicz1+/3TNW7xGEVv3S5Jyc/OVmZmj9kH+evuVR7RoWYR27Dms3Nx8m4Bwl87tddN142s8AdrRe1tFLSQ9fM/12nPgiBb+ukFpxgxrUNdgMKhTh3a67qqxGtgv1LrPP597UOs379GKNduVkZltXS9Jvj7eumbypRozepDNeXzaeuu1Zx/Q76u2aN2mPcrOybP25unprp7dO+vm6y5Xhwq91aT+c02ZMNoagJ5y+Sg5eqrXpW9Jah/kr2cev03fz1+pE0nlr5sdOwRqwthh6hjczhqAbtmy/HelDn8EAgAAOG8Vx2xTzpynJVPlv8MBAAAAANjXwmw21/TbbwEAAAAAdWAymZWTmydPDw95erq7upxKTCaTUo1n5NO2tVp7tap+h3NkZeeqsKhYgQG+atGidmkmk8mszKwctfZq1SSvTX3U57o0ZYVFRTp9+owkKSDAT608ParZo/ZMJpNSUk8rMNDf6YHn2tiwaaeee/UDSdLqX7+Sp4fjXgsKCpWTmydfn7Zyd+fz5vc++oLS0tK1ZO5/XF2Kldls1un0M/LyaiXv1l6uLqfZevrlT5Wdk6fxY4ZqxrQJDXKOM5k5Ki0tlXdrL7VqZft7ZzKZdDo9SwZDC/n7ta1V+LyuzJLOZGarpcEgn7beNV5fWFisAP+28nCv2ftbSWmpsrJy5enpYTMp2lVq27ckFRUVKz0jSwH+PvLwOL/e1wEAABoK4WcAAAAAqBv+RQ4AAAAAGpjB0KLGwSFXMBgM6lCPicv16a0swHY+asqPeX14enioU8fgBj2HwWBQxw5BDXoOSZr1wyJ179pJYy8dXimkXlxSom9++EWS1L1b5yrDz5JlGu65E3EvVEtXbNCRo3G667brXV2KjRYtWiiwnb+ry2jSkpLTtGLtDl075VK1szPRfcuOg8rOyZMkdQ1p32B1+Pm2cbjNYDAoKNCvwc5tTwtJ/r41f6+q7foybi1bKsDfp9b7NZS69OHh4W4zsRoAAABVKz62RTlznpHMdftWKAAAAAC4kBGABgAAAAAAVk8997a27dzv6jIaTMSK7yRJacYM/e+beZIsAecrJ12mkE7t5e/no+QUo76ds1hx8UmSpEfuv9W6/5jJdzR+0c1IxIrvFBwYoGFD+uvu2y0B6KZ+zby8WmnlopmuLqNJWLpqq3btjdK2XZEaMrC3enbvrA7BASoqLlFk1HFt3n5AkhTg76NRw8JdXC0AAADQvBUf3WyZ/AwAAAAAqBMC0AAAAAAA4ILj4+Otxx66XV/NXqC4+CT9d+Ycu+seuHu6Lhk1pJGra96GDx2g4UMHuLoM1MHllw1VmjFDCYkp2nvgqPYeOFppjb9vWz1y7zQZDC3sHAEAAABATRQfiVDOT39zdRkAAAAA0Ky1MJvNZlcXAQAAAAAA4Ap5+QXauHmXkk6m6ETSKaWnn1GH9kHq0rmDxo0dqZBO7V1dItDojsYmKupovE6lpisl9bTc3dzUoX07hXbrpEtHDZTBYHB1iQAAAECzVRy1QTnznnV1GQAAAADQ7BGABgAAAAAAAAAAAACggRUdXqvc+S+4ugwAAAAAOC8wrgUAAAAAAAAAAAAAgAZUFLmK8DMAAAAAOJGbqwsAAAAAAAAAAAAAAOB8VXRguXJ/ec3VZQAAAADAeYUANAAAAAAAAAAAAAAADaBo72/KXfKGq8sAAAAAgPMOAWgAAAAAAAAAAAAAAJyscPci5f32tqvLAAAAAIDzEgFoAAAAAAAAAAAAAACcqHDHAuUte9/VZQAAAADAeYsANAAAAAAAAAAAAAAATlKwdY7yV37s6jIAAAAA4LxGABoAAAAAAAAAAAAAACco2PSt8td85uoyAAAAAOC8d94HoFONGUozpivNmGFznyQFB/pLkoKs/w2w3tdc0S/9nk/9AgAAAAAAAAAAAM1FwYavlL/+S1eXAQAAAAAXhBZms9ns6iKcLdWYoUNRMdafays8LPTsf3s6ta6GQr+1Q78AAAAAAAAAAAAAnCl/zWcq2PStq8sAAAAAgAvGeTUBuiwoWpeQaEWRUbE2t5tqcJR+64Z+m2a/AAAAAAAAAAAAQHOUv+IjFWz7ydVlAAAAAMAF5bwIQDsrKHquisHRphQapV/noF8AAAAAAAAAAAAA9ZG39F0V7vrZ1WUAAAAAwAWnhdlsNru6iPpINWZoXcTORjlXeFioy4Oj9Ntw6BcAAAAAAAAAAABATeUufl1F+5a6ugwAAAAAuCA16wnQkVExNlNtG/58lnO5KjRKvw19PvoFAAAAAAAAAAAAUL3chS+pKHK1q8sAAAAAgAtWsw1AN3ZYtPy8rgmN0m9jnZd+AQAAAAAAAAAAADhgNiln7rMqPhLh6koAAAAA4ILWLAPQrgqLlp+/cUOj9Nu46BcAAAAAAAAAAADAucxFecqZ+6xKju90dSkAAAAAcMEzuLqA2nJ1WLS8jlilGjMa4TzO7zc40F/Bgf4KDwu1/hwc6F9NHc2337rVQb8AAAAAAAAAAAAALMy56cr5/i+EnwEAAACgiWhhNpvNri6iNub+stLu/eFhoTYTbBsrWDpuzPBqw8P14ajf2goO9Ff/sJ5V1ppqzNC6iKr/D3tz6ddZ6BcAAAAAAAAAAAC4sJkyTipn3rMqTTnm6lIAAAAAAGc1qwnQkVExdu8/N/xsua/qsK+zHHJQkzM46re2xo0Z7rRga3Po15noFwAAAAAAAAAAALhwlabGKPv7Jwg/AwAAAEAT02wC0FVNdD43/NyYUo0ZSjVmOP24zppgHR4W6tQgeFPv19noFwAAAAAAAAAAALgwlSQeVPZ3T8iUkeTqUgAAAAAA53BzdQHOkGrMsBvyDQr0b5Qw56GoGAWPGd7g56kte5OxnaGp9lud4Do+H1zZb9nzOqiKEHtQYIDSjOnVHiuthuHm5vr4AgAAAAAAAAAAAM5SHLtduXOfk7k439WlAAAAAADsaBYB6Oqm5aYZ0+0GoBtrwm7Z1FxnTVpuqtOByzS3fu0FwSueMzjQX/3DempdxE67+7ui33FjhtfqfLVZW935nd0vAAAAAAAAAAAA0JwUH16nnPnPu7oMAAAAAEAVmkUAujplYc6gwADrfYeiYhq1hqY4Nbe66c+pxgybycFptZiO7Ip+w8NCJdUu2O4oSBwe1tP6fAkO9FdkNc+Xxuw3PCy0QcPHZb07CnxLTfP5DAAAAAAAAAAAADS0on1Llbv4dVeXAQAAAACoRrMIQNck8GpZ03SnJteGM6YhVxegbUpTpmtTR1mouyb7VBckLttmCYJbJh6n1iIEXldV1R4c6F9tcN0ZggP9G61fAAAAAAAAAAAAoDko3D5Pecs/cHUZAAAAAIAaMLi6gOo0dkCzrpN3U40ZTqnVWf0GVdGHM8LPrui3bGJzeFjPGk1JrmmQODjQX0HVhIEbq9+qHrfG5Kx+AQAAAAAAAAAAgOagYOMsws8AAAAA0Iw0+QnQacb0ateEh4Vaw7EVrYvYWaM1wYH+6h/Ws1Kg1jIZOL3GYeE0Y3qdA9QVj9FcuLLf8knQ9sPc4WGhNT5WTQPh59vjW13o2xn9AgAAAAAAAAAAAE1d/qpPVbDlB1eXAQAAAACohSYfgK6p6oKaQYEBdtcEB/pr3JjhDo9Ztk/NArIX1sTcxu73UFSMgs95rCzToHsqMipGUvnjVJvaarq2qT2+6yJ2KijQv8aTrs9l+UCA4+d1U+sXAAAAAAAAAAAAcLa8395W4e5Fri4DAAAAAFBLTT4A3dAhTEfh54rCw3oqzZhR5bRcZ7nQQqe16TfVmKHIqBi7gd+y+8r+W5vHqjEe1zLV9WtvSnlVIqNilWbMqFcQGgAAAAAAAAAAALgQ5S54SUWHVru6DAAAAABAHRhcXUBz0Z9wqcuFh4VKqllgubqJ4OcTSzA81joFGwAAAAAAAAAAAIBj5qJ85fzwJOFnAAAAAGjGmvwE6MaYzptqzFCaMd16294k3eBAfwUH+ldZjzNqbcxpxPXV2P0GBQa4NNjc1B9fSwg6VuFhoU6ZBt2cnosAAAAAAAAAAABATZiyUpU7/3mVJB1ydSkAAAAAgHpo8gHohpZqzNC6iJ0297k6aFtbN18/qVbrw8N62g3IRkbFKDIq1lllOd2hqBgFjxnu1GMyNRkAAAAAAAAAAAC4MJSmxihn/vMynT7h6lIAAAAAAPVkcHUB1WnoIPIhOwFYe/dJUv9qpuo6o1ZXBq/Tajnxt7H7TTVmuDSw3NQf3+BAf40bM9wp05/LjgcAAAAAAAAAAACcD0ri9yr72z8TfgYAAACA8wQToO2Efu3dh6ahbEK1s0K+TXnidU0FB/qrf1hPAssAAAAAAAAAAACAHcXRG5Qz/wXJVOrqUgAAAAAATnLBB6CdKaiZB1CbU/A7Miqm3iHo2k6TbozHN82YXqsg87gxw+scfE4zple5vbk/nwEAAAAAAAAAAIDCvb8qb8mbri4DAAAAAOBkBlcXUJ0LLYTpqn7rEn52Rq11PYYzJkC7YvqzMx/f+oSfAQAAAAAAAAAAgPNdwZYfCD8DAAAAwHmqGQSgA1xdQo05o1b6rV5kVGy9p1XXdvqz1Dj9pjWhKdzN6bkIAAAAAAAAAAAAVJS/+r/KX/Wpq8sAAAAAADQQN1cXUJ3gQH8FB/rXO/DaGJwxjbcux1gXsbPSff3Dejo8VmRUjFOCts7qty6P77qInQoPC63TJOjIqJg6TX92Zb8NobrnANOlAQAAAAAAAAAA0Bzl/fovFe5Z4uoyAAAAAAANqMkHoJuL8LBQpx2rtgFZe2uDjOlVBljrG8B1Zr91FRkVqzRjRpVh78r71C383Fj9phozlGrMaPDwcWRUTJXPgabw+AIAAAAAAAAAAAC1YipRzvwXVRy9wdWVAAAAAAAamMHVBdRE/zpM+W3O6Ld6wYH+GjdmuMaNGd7g4Wdnq67fdRE7FRkV02DnTzVmNInrAAAAAAAAAAAAADiLKduo7NmPE34GAAAAgAtEs5gAHRzoX+upyI0pPCxU4U4MLdOv/TVlweHaTkdONWboUDUTj6viin4jo2IVGRWr4EB/BTlhGnTa2XPV5Bo4u18AAAAAAAAAAACgIZWmHFPughdVejrB1aUAAAAAABpJswhAS5apuakRO11dRqOhX1upxgylRuxUeFhojQPQ9Q0+N6SaPr6pxowmWT8AAAAAAAAAAADQFJQc36mcBS/KnJ/l6lIAAAAAAI2o2QSgm+pU5Iaalku/9lWcjCzJOh05KDBAacZ0SZZpx866bq7ut7Ex/RkAAAAAAAAAAADNRdHBlcr9+RVXlwEAAAAAcIFmE4CWHE/NjYyKVVo1QdJDUTE6VItzravh9OWGDIuOGzNcc39Z2WDHr4uG7Lc2U6/LgsPlAeLYBqmpqfTbWAg/AwAAAAAAAAAAoDko3DZXeSs+dHUZAAAAAAAXaVYB6OBAf40bM9xuOLm6Sbq1nbRbk/XhYaG1OmZdOOrXFRq636oeX1egXwAAAAAAAAAAAKDpyV/zmQo2fevqMgAAAAAALmRwdQG1FRzo3ySCmuFhoY0yLZd+XYN+AQAAAAAAAAAAgKYnb8mbhJ8BAAAAAM1rAnSZsqBmZFSsi87fuGFR+m1c9AsAAAAAAAAAAAA0LeaiPOUueFnFxza7uhQAAAAAQBPQLAPQkutCo64Ki9JvY52XfgEAAAAAAAAAAICmxJSeqJyFL6k0OdrVpQAAAAAAmohmG4CWGj80Om7McAUH+jfKueyh34ZFvwAAAAAAAAAAAEDTUpKwT7kLX5Ip2+jqUgAAAAAATUgLs9lsdnURzhAZFdNgwdHgQH/1D+vZpMKi1fVb1WTf6vYNDvTXuDHD612jM/H4Ok9T7BcAAAAAAAAAAAA4V9GhNcpd+JJ0fvyTNgAAAADAiZr1BOiKKoZ9nRUcbcpBUfqtP/oFAAAAAAAAAAAAmqbCbXOVt+JDV5cBAAAAAGiizpsAtKRKE4/rEhwtC4c2h6CoM/qVmk8wlsf3/O4XAAAAAAAAAAAAkKT81f9RwebvXV0GAAAAAKAJa2E2n9/fF5RqzFCaMV2SlGbMsN4nySYQGhTor6DAgGYfEi3rt6peyvqXdN70K11Yj690YfQLAAAAAAAAAACAC0vuL6+p6MByV5cBAAAAAGjizvsANAAAAAAAAAAAAACgaTPnpitn4Ssqidvl6lIAAAAAAM2Am6sLAAAAAAAAAAAAAABcuEqTo5X78ysqPZ3g6lIAAAAAAM0EAWgAAAAAAAAAAAAAgEsUH4lQ7s+vyFyU7+pSAAAAAADNCAFoAAAAAAAAAAAAAECjK9z5s/J+f9fVZQAAAAAAmiEC0AAAAAAAAAAAAACARpW/5nMVbJrt6jIAAAAAAM0UAWgAAAAAAAAAAAAAQKPJ/eU1FR1Y7uoyAAAAAADNGAFoAAAAAAAA4P/btduWJsMwAMPXX5+u+lIEBVFfi6AgcrOwKCyQGoVFCiaJUFiWgdKb3Xv2vr4FYdaWjpv2HMcvOH/ACQAATNxgfzfSXCV6Wy9ypwAAAPCfM0ADAAAAAAAAMFG97bVItUoMPn/InQIAAMAUMEADAAAAAAAAMDGdl4uRapWIQT93CgAAAFPCAA0AAAAAAADARLQaV6NYvJA7AwAAgCljgAYAAAAAAADg2DXvnIn2s5u5MwAAAJhCBmgAAAAAAAAAjs2w9T1SrRLdzUbuFAAAAKaUARoAAAAAAACAY9H/uBmpNhP93de5UwAAAJhiBmgAAAAAAAAAjqy7sRRpbiaG3SJ3CgAAAFPOAA0AAAAAAADAkbSeXIvi/vncGQAAAJSEARoAAAAAAACAf9a8ezbayzdyZwAAAFAiBmgAAAAAAAAAxjYsvkWqz0Z3s5E7BQAAgJIxQAMAAAAAAAAwlv7Oq0i1mejvbeVOAQAAoIQM0AAAAAAAAACMrLO+GKk2G9Hv5k4BAACgpAzQAAAAAAAAAIyk9ehyFA8v5c4AAACg5AzQAAAAAAAAAPxV89apaK/czp0BAAAABmgAAAAAAAAADjf4shOpXo3e25XcKQAAABARBmgAAAAAAAAADtF9sxzNejUG+3u5UwAAAOAnAzQAAAAAAAAAB7Sfz0Vz4XTuDAAAADjAAA0AAAAAAADAL4p756L19HruDAAAAPgtAzQAAAAAAAAAERExLL5Gqleju9nInQIAAACHMkADAAAAAAAAEL3ttUj1agw+vcudAgAAAH9kgAYAAAAAAAAouc7qQqT5E7kzAAAAYCQGaAAAAAAAAIASKx5cjNbjK7kzAAAAYGQGaAAAAAAAAIASGrZTpHo1uhtLuVMAAABgLAZoAAAAAAAAgJLpvV+P5nw1+ntbuVMAAABgbAZoAAAAAAAAgBLprC5Emj8ZEcPcKQAAAPBPfgCMS2q2u4qV4AAAAABJRU5ErkJggg==" height="600" width="800" 
<img src="data:image/png;base64,iVBORw0KGgoAAAANSUhEUgAAC0AAAAV2CAYAAAAJUz2NAAABKmlDQ1BTa2lhAAAokX2RPUsDQRCGH0MaNY2oaGFxZRr1LmI+UAsTNWiZKES7y+UIYnIelwvap/VHWNtZipA6jZVgJXb2gmAb30uKC0icZXaefXf2Y3YhsYosaULbC4NKuWjUzi8MJsx2Oj7TbQZ+3qIeXtf/yZtmsw234yh+ycNAh2vLhnipOebbiOtjvos4OK2UxPfidHOC6xN8E/qheBDlO34Q8bt4t93qOvG9SbneWVWxJl+jzLVakxYum1S54hJbZHJIgTxbivtq23KLjJQCWY1MShTJqc9xJCWvOYuDESsjfs/eB+z1h8Phc6yd9OExC3NPsZbegYUUDF58O7BHUlKecIvwvaxrP8DiJ8z3pK5E0/Ha+C+m1Gr8qdXgGA+HDVFG1VhkfwHj90zdMIcezgAAIABJREFUeJzsvVnPJcl5JvZEnuVba+2q6o1FNimJFCXNSBpZIxkwbMDw5cytfwV1M4Cv5sICDNuwAY8Nw7AN2xgb8BiGRUHQwB5b8nA4M5wZmRpKbDaXZjfZ4tJrVVfVV8u3nS0zfHFO5BIZkbFnxjlfPFLx7edkZpx4433jycjIOPERSilFQkJCQkLCLiNfgOYL0MUF6OIc9PIFisunKM5PkJ9+Cnr+KfLnn2D1/GMULx6AEEDn7kgICVblVsmU+5DxLlsvzOPd3ovbA/sj+3qX6jUsRZlHUsvO57ljc3gJt3MDhKqAKZdYnQCx83kegaWUbvSH45v6rzmjEl5eTUDRxd3Cb5WfA+qbFwzefwLD0B+mb/zlKt6bNej+uuMDNzjqn1TXoHY4Rqt1Q+X9YTBVpEr/VNxnvmmPF4y96UFOdk3feGyZf0q1cMk/ST7aNo9dvkr0ruUgK1DAY9A1r3onuWE5R8CDosjCxbnLjxciiUbb+47mlja/Q/MFh0wwbNInBgT2R6mvGl9nZGVyJrVVjVocAO3fg6aVCYCN3vXT4824joDJLvcA3ejy3D7fBFbitu/Wt8JV1DeZfxFCa3zQmW8U63ksV85bXj+r4zIer7459MDGhA4fAE0eMwybJ7r5LQ39ZhcMM7/liB3Tu779YXqm4ub6uLGb9xFGtqs8U731bY0mRPgOFOGAYsv7T0tPdcYHneOFXu+e6ubc8vgkJCQkhMLd//LPG3w2W+D52TkuL2dYrlYAgMl4jIODfdw4PsL+/rRxPkkLoBMSEhISEjbIl8ifvo/Vk58gf/JTrB69h/zRj5C/eKC8lIAEeWBhD3m6E2o8l1vFBEc5McEeGJscEByHwwTxIBMYCuvtEdeVCxD5A7JxflqEJ6oJC1kDRBofY1wxf6oF5TXOMliid0YTxB5sQ09rM4ANvssLCHS/LgaY36CtijMp3sm66DVLvw2iCJ9LfHYt37T80c1AMa9euK0/l/HWCzWe67xQ03zB1v8LN1mDSzqMlOvEa2Bs+fihlc3V7bYKl67+9WQZtLr3lsenheD+uOmfvCKS44Y33Gq8qqmvfdtah2D6rOQlrDI8LFL/CfL1Kq5tzbqP0/rlXsIbfb4Z6qHNiuve76hqPS25lwVgrDRXbpavaXwgsQwx+mcokLoLdoe0DEwOqvGAZvePGVK96+DRRYhPKEProq/o+kG6nT42rIU75fXMvbJ2EciHTfrEjMj1W9bcPFd2f518s7QMQZpHWYEOfevUO9UXaFfAzNpM+BjfsEJFUMAbA4BqgyQmYE3eOn2Q+axkk002WQLgTm0B9MPHT/H8xRm6cOP6MV6+c6vkaQF0QkJCQkJCB+jsOZYPfojVg7ex+uQHWHz8XWB2iq4XfBnJsF4gsUa1YELMq1u7jK8/6TpuNZJwBCHqc6wxgD8+wapVcoroFkwwmPKGgz6+MAa0AgaFP7ILTHkg6zIh3dsCClaaBt9MyNR5rbri+aaYceX7T+1cC3+C9y6WRzzX0WuJfsvc7SW83uPjS/8sK2h1Q5Xo3QBW/AKvdpzpHQWUO/jzvKWffuVGKz99dMhtwo75J+tenRxu+ebbMjD9lo0XwsSnJ/3bEr2z84cdlvAS7Yg39ZVvXT/62GkNwqFaMBEFdkzfYvPHWR0s5MCrvnZwK4+1F4h1dagIdE11A3XSa90I2EWoC7rjA5PnI9/WqDWUHazjC2KEzwaLAZ7jY6yvvi3t3mCE1vSu5Jsa8nwgD7qt4/yjnf4F1Mee9SF4dC3Co9JvhvB3HwGSfleIwL9WODZ5xHO5rW0ownMAzjtU1860+oG7y3iut/EpgwZnHZrnwuJZ/SXFxQCFHujOZ0kuH952pJNyeiQhISFhi8F2gP7owSOcX8y0rjk63Mfrr9wFgLQAOiEhISEhwQT5yU+x/OBNLD/8NpYffBvFxYn4xNoDWH0nUavnVw5EfkgbzhNstQkN2wmzbque4GA1VnGhh1u+gEpphQHg649mAKsPYDaBEgCeJjCGjAKDkHvUgyiQ/NEqTsV96qPejv5yy0qKYgd/mQA46TWDK+dhkeCR9R/nfLUIj1d97eBWiCw+zthxf4Q7+PNcSz/DWSN9DbKAKlQPM7gh+qhODDAUSNn7Rs3Lw1uWRjXOTlAu4OV4FDC+gdXO3cp8EwRQGFBVgWJuvIO/qdUYn6p2+DfSV60EMNDHzgUFmgOemBF5/1FmM7udcjzkeDXU3bezAWy+MEZ498dN/5wjrEiwarxa4z711YNlUO3oL50QliKChEz9x6p4FQ9mLfSbIYLbVRuD559nfYzs/Yrz+FVnfFq6o/qBupgzeBkPqDB4vnnGjvuT3n+FhqHe6TxvyyZUYrRWD0TJJptssuHtnb/3Ta2dn3mwnaDTAuiEhISEhARLrB69h+X738L8Z9/E8mff1LqGEGL3ZRTgn1MIEX/e9wOjlUtd9e7BH1asimtbm3GcprsqHgTO8dFtYVeuaW0CNOAEhJcdQnnOrua5J1vV1iJ/bcIbM3w2YAwwjA/TN8vLw9vaB3x3l3Z/Bi/x8ax/TLdM9E7p8IBWyx92mNV/A54LAti9Q2iAfGXV5nmX5dyz1dsg8NFA24TI/HPOV538k+WjpmWwy09DPbTpYDHonEr/nMaruhEIryAyOe/kCN7K9vkbmR44I/kjvFzFw1ndHzBWnOlfyTc1ZuX17UF4fXPqwR65ZTMEhHP+WoSnvF5TvxnC331sGsB3BTzDZ3cYAK1wbPKI53JruyMozwP9gNFF33obnzJYcJ8PBDHAUB/S/FbPSPpdQcu/ZoNV7w+6ubU+svEoz7ssu57nOvoaugc1OrhqgMM6FDud4zHApf8M0J9k1S050zFUehd6PsvX3dOoASKNT0JCQsJQuPaf/gu8//FDq2s/+9rLaQF0QkJCQkKCDyx++mdY/vRfYf7jb6A4f6T1ANO1GFr5AMgVh1bxjhPEGhMY5YQEtxI7qh1CeW40Ic3QyyOvGSJ7QDbN122awHBqEJsKxYgd80drh1B+wYFQL4ffIdT5hVvwHmTRw3Ys33z7Y6y3vq1BerXeD6jd6x9XLt8EN2CtjNLj3ncI1XmhJnvBFkJvvepfbUDD853NP4FliMC/VnZvugvPfS4IC3X31XPQ4QtjgHd/fOmhpVU8vwp3COW5i956sezbBbzWIfgdQ6v5ha74DAwf4Y4ZgfUgcO/xMr8gcy+K8A2u14766GV+zvcdVW51x7Ml1xqnMnfsdggNOj7gcRX1bYv9kXWvBm9f1qtlEPKaXDR4NPHypH8mN6zBI9ZhPb9fEW8A0uYu+thpDW4/aX5rAAzsj25v95lvru+/GEy5FbT1rcbdWjCs3bH3K1rjA8d8SzbZZJMNYfO/+yfGuz8z3Lh+nBZAJyQkJCQk+MTq4TtYvPcNzN/7p1g9/snmU3brhoSjczG0EGwkwHFiMpLwDFMXOmEzMuoRkuaXc4reF/jqNpc6OzsaINL4qMFFqFVfFogOrpUBA1lFgvlZMMHOtlgAocEZGs1dc2O78o3D1vcfDoH9MdZbi+oIu7+DXjNY6atv2DSAVYtbf6GZ3YoFEwwaL/BECyKk7vALJvzYqnYe8nXX9I2HTbozxOgv54/RAgqJ/oW2DELuQ45MGqxvfbR6Q993hFT1Z22hSqg2Z/oXqHXdrU54mPc8RwTyELz/DIyB9dpZHVge8dzEWrq/5r70T8IjH9/50Wt2WCEQmhGRc3e0orWppsntqO9Wl7WGsHWuor7tsD+N4UXtsGVxFla9wQgT8HX/kPEt0TctvTPVbwbf+meR8IH7kyw/VdzaWoTHSV9D44rrXd/+GOdnK58EG4zwvEs/ofN+IuCO0lGMTxk86GPk+WYMzfA1uP7lvVgG1n/YgZ14/5WQkJBgifO/88dYLFdW104n47QAOiEhISEhIQSKp+9j/qOvYf7O17B68hPtJx7jhdASqEpxn8AQ27UP4gmzplVPcLAadXNL6zKBEc2ENAP/BM8HQMKlGP4JWmsBDm8hcbcny9A5gcHzbZ3A8NlAMUApgALLIPDHWF9b1tMO/uzzcoK5toP/pqOIdvSnUeibqQDwes3iw+udVo9FUNjkm0d90M1P6+pphMdVrxmCRG/g+ARH9HrNB4A7StlfHuF4KQ+6L9iG38HfSP+MxqsMrj0oQEJcsf6k+8JNs7jwtvaB9uNPzNi5fGOBAHfD7eAGGeZ9B3+VFYxPtf8ClbXeMvjWP88DmhhgI1ADQlbdklvcTkv3LMNrm31ODkcaHyWcG1SZAZrck+UGALo7+FPUdC+E7nZaVlv+B+m1Hft5TgF+R/+d17dd8cdAH3ruPW2roddVPqJ7OigGeM8/X/pnWUGr+To+YPYZYrxjv0r/hPOprPqKHf153iq/h/EBj8D6MDi2XL/r71Mb3KA7BdXfWl2tmnPw+Djqn1VAJHoXo7V5v9Iav6bj6Xg6no77P/70977akCATEIK0ADohISEhISEkVo//Cot3/zEu3/4TFC8+Mbq2sRha9jzWYasBBAI8QMpRr7YUFv5UXwBnf2wff7WtznMwO5/njs3hJdzODRCqAqZcYk0mKCKcsKgWgHG8/gBRUsUELcQvvFxryWCVnz3rgXcM3n8Cw9Afpm/85SremzXo/iUPCkf9k+oa1A7HaLVuqLw/DKaKVOmfivvMN+3xgrE3PcjJrukbjy3zT6kWLvknyUfb5rHLV4netRxkBQp4DLrmVe8kNyznCHhQFFm4OHf58UIk0Wh739Hc0uZ3aL7gkAmGTfrEgMD+KPVV4+uMrEzOpLaqUYsD0N/BObC++dC7fnq8GdcRMNnlHqAbXZ7b55vAStz23fpWuIr6JvMvQmiNDzrzzfEH5CXnLa+fmj+4iVLfHHpgY0KHD4AmjxmGzRPd/JaGfrMLhpnfcsSO6V3f/lQLwLu5uT7a/6Cx1x+Um1qjCRG+A0U4oNjy/tPSU53xQed4ode7p7o5tzw+CQkJCaHw9Pf+0On6tAA6ISEhISGhB6w+fguzH/zfmP/gH4EWK6MHlvUvz+0m2ADZ85JigqOcmGAPjBq8dj3IwBMWWhMYCuvtEdeVCxD5A7Juflb5Zh6eqCYsZA0QaXyMccX8Ee4oyjJYoHc+/kSf0w6jtRnABt/lBQS6XxcDlAIosBbFmRTvZF30mqXfBlGEzyU+u5ZvWv7oZqCYG+/IxMabPNd5oab5gq3/F26yBpd0GCnXidfA2PLxQyubq9ttFS5d/evJMmh17y2PTwvB/XHTP3lFJMcNb7jVeFVTX/u2tQ7B7xgq5SWsMjwsUv8J8vUqrm3Nuo/T+uVewht9vhnqoc2K697vqGo9LbmXBWCsNFdulq9pfCCxDDH6ZyiQugt2h7QMTA6q8YBm948ZUr3r4NFFiE8oQ+uir+j6QbqdPjashTvl9cy9snYRyIdN+sSMyPVb1tw8V3Z/nXyztAxBmkdZgQ5969Q71RdoV8DM2kz4GN+wQkVQwBsDgGqDJCZgTd46fZD5rGSTTTZZAuAkLYBOSEhISEjYHsx/+KeY/+D/wvzn/7r2Kbu1y/jmU0LkxxUjBiL6PDDK6trAZmQUEVi1Sk4R3YIJBlPecNDHF8aAVsCg8Ed2gSkPZF0mpHtbQMFK0+CbCZk6r1VXPN8UM658/6mda+FP8N7F8ojnOnot0W+Zu72E13t8fOmfZQWtbqgSvRvAil/g1Y4zvaOAcgd/nrf006/caOWnjw65Tdgx/2Tdq5PDLd98Wwam37LxQpj49KR/W6J3dv6wwxJeoh3xpr7yretHHzutQThUCyaiwI7pW2z+OKuDhRx41dcObuWx9gKxrg4Vga6pbqBOeq0bAbsIdUF3fGDyfOTbGrWGsoN1fEGM8NlgMcBzfIz11bel6g1FmN6VfFNDng/kQbd1nH+007+A+tizPgSPrkV4VPrNEP7uI0DS7woR+NcKxyaPeC63tQ1FeA7AeYfq2plWP3B3Gc/1Nj5l0OCsQ/NcWDyrv6S4GKDQA935LMnlw9uOdFJOjyQkJCRsMdIO0AkJCQkJCVuG4sUnmH3vH+Lyu38MevHMeIKG1GcSDMGudJ5g05wwA5FPmHVb9QQHq7GKCz3c8gVUSiucseTrv4HGgoJuHgCeJjCGjAKDkLsUGCOSP1rFqbhPfdTb0V9uWUlR7OAvEwAnvWZw5TwsEjyy/uOcrxbh8aqvHdwKkcXHGTvuj3AHf55r6WdPO/ir9DXIAqpQPczghuijOjHAUCBl7xs1Lw9vWRrVODtBuYCX41HA+AZWO3cr800QQGFAVQWKufEO/qZWY3yq2uHfSF+1EsBAHzsXFGgOeGJG5P1Hmc3sdsrxkOPVUHffzgaw+cIY4d0fN/1zjrAiwarxao371FcPlkG1o790BaUUESRk6j9Wxat4MGuh3wwR3K7aGDz/POtjZO9XnMevOuPT0h3VD9TFnMHLeECFwfPNM3bcn/T+KzQM9U7neVs2oRKjtXogSjbZZJMNb0++8lVbYQeAtAA6ISEhISFhKMx/9HXMvvtHWPz8W+qTKcA/p5CMCD/XeWAkLhU3BBF9WVe9LfwxBStWxbWtzThO010VDwLn+Oi2sCvXtDYBGnACwssOoTxnV/Pck61qa5G/NuGNGT4bMAYYxofpm+Xl4W3tA767S7s/g5f4eNY/plsmeqd0eECr5Q87zOq/Ac8FAezeITRAvrJq87zLcu7Z6m0Q+GigbUJk/jnnq07+yfJR0zLY5aehHtp0sBh0TqV/TuNV3QiEVxCZnHdyBG9l+/yNTA+ckfwRXq7i4azuDxgrzvSv5Jsas/L69iC8vjn1YI/cshkCwjl/LcJTXq+p3wzh7z42DeC7Ap7hszsMgFY4NnnEc7m13RGU54F+wOiib72NTxksuM8HghhgqA9pfqtnJP2uoOVfs8Gq9wfd3Fof2XiU512WXc9zHX0N3YMaHVw1wGEdip3O8Rjg0n8G6E+y6pac6RgqvSvDMt0HnRwhO7oBuncN5OAYmB6BTPaA8R4wmgDZeDPg2DhHc6DIgXwJki9BVwuQ1Qx0NQNZXALLS5DV3Mvd06gBIo1PQoI2KN38K4CiAC3WfY3mK9B8CayWoKvl0LVM2CKkHaATEhISEhK2GPnT93H55h9i9uYfND5XPgAyTojk+UhvAhiy4xoTGOWEBM8FExSE9DwFaLMgrDUhzdDLI68ZIntA1s3X1oQFz02sqFwDyxCkuVwqFCN2zB+tHUL5BQdCPR1+h1DnF27Be5BFD9uxfPPtj7He+rYG6dV6P6B2r39cuXwT3IC1MkqPe98hVOeFmuwFWwi99ap/tQENz3c2/wSWIQL/Wtm96S4897kgLNTdV89Bhy+MAd798aWHllbx/CrcIZTnLnrrxbJvF/Bah+B3DK3mE7riMzB8hDtmBNaDwL3Hy/yCzL0owje4Xjvqo5f5Od93VLnVHc+WXGucytyx2yE06PiAx1XUty32R9a9Grx9Wa+WQchrctHg0cTLk/6Z3LAGj1iH9fx+RbwBSJu76GOnNbj9pPmtATCwP7q93We+ub7/YjDlVtDWtxq3bcG9a8DhTZDr94Dj2yCHt4DJHkAyVy8q5EuQ5QUwOwXmZyCzU2B5oScQYe6QBrwNrfGBY74lm6y+/hXAcoFiOQeWcxSLGQgN/jOXZLfUnqQF0AkJCQkJCduPy2//H7h88w+QP/tQ7wI2EtiAgJiPJFC/PjyIyZfYjIx6BNf8ak7R+wJf3eZS8c4GiDQ+anARaj+RwW7CRlpgv1aRYH4WTLCzLRZAaHCGRnPX3NiufOOw9f2HQ2B/jPXWojrC7u+g1wxW+uobNg1g1eLWX2hmt2LBBIPGCzzRggipO/yCCT+2qp2HfN01feNhk+4MMfrL+WO0gEKif6Etg5D7kCOTButbH63e0PcdIVX9WVuoEqrNmf4Fal13qxMe5j3PEYE8BO8/A2NgvXZWB5ZHPDexlu6vuS/9k/DIx3d+9JodVgiEZkTk3B2taG2qaXI76rvVZa0hbJ2rqG877E9jeFE7bFmchVVsQFIT8HX/kPEt0TctvTPVbwbf+meR8IH7kyw/VdzaWoTHSV9D44rrXd/+GOdnK58EG4zwvEs/ofN+IuCO0lGMTxk86GPk+dbCwU3g2l2Qm6+B3LgHTA+bx0P7U6xAZs9BL58ju3wKOjsNG93agZ14/5WQoACdX4IuLlHMLta7syckbJB2gE5ISEhISNgRzN/7Bi7/8n/H6sM3rcsgmquMRRMWmeC4zwkzgvX/dE9oVJzVsJtbWpcJjGgmpBlqDc5zCkFAWP1lGP4JWmsBjizfOvKvp2jIJzB4vq0TGD4bKAaIBNHBH1lx+sXrTgBLOJtQZp+XE8y1Hfs3HUW1o38U1uaNexkfXu+0eiyCwibfPOqDbn5aV08jPK56zRAkegPHJzii12s+ANzRjW61eCkPui/Yht/B30j/jMarDK49KEBCXLH+JLx9CS7XLC68rX2g/fgTM3Yu31ggwN1wO7hBhnnfwV9lBeNT7b9AZa23DL71z/OAJgbYCNSAkFW35Ba309I9y/DaZp+Tw5HGRwnnBlVmgCb3ZLkBgO4O/hQ13Quhu52W1Zb/QXptx36eU4Df0X/n9W1X/DHQh557T9tq6HWVj+ieDooB3vPPl/5ZVtBqvo4PmH2GGO/Yr9I/4Xwqq75iR3+et8rvYXzAI7A+DI4t1++y+/DcoDsF1d9aXa2a0+YLpgfA8V3g9n1kt15b86FQ7z80Bzk/AS6fgpydAPncTO9itDbvV1rj13Q8HfdznM4uUMwvQC/PoqxfOt7v8ZOvfBUuSAugExISEhISIsLqwds4/4v/DfN3v9aYnzCZsCAZsXgibZ4eEvUH+RIuT9wWkH29imtbjefH8nyeOzaHh+bx0AChKmDKJdZkgiLCCYtqARjH6w8QJVVM0EL8wsu1lgxW+dmzHnjH4P0nMAz9YfrGX67ivVmD7l/yoHDUP6muQe1wjFbrhsr7w2CqSJX+qbjPfNMeLxh704Oc7Jq+8dgy/5Rq4ZJ/kny0bR67fJXoXctBVqCAx6BrXvVOcsNyjoAHRZGFi3OXHy9EEo229x3NLW1+h+YLDplg2KRPDAjsj1JfNb7OyMrkTGqrGrU4AP0dnAPrmw+966fHm3EdAZNd7gG60eW5fb4JrMRt361vhauobzL/IoTW+KAz3xx/QF5y3vL6qfmDmyj1zaEHNiZ0+ABo8phh2DzRzW9p6De7YJj5LUfsmN717U+1ALybm+uj/Q8ae/1Buak1mhDhO1CEA4pt6j8HN4Cbr4Pc+RzItTsAydrnxOLP4gzk/Alw9hiYnwKCr9P6+lj8SUiICUWO4vIMxeUZkK+Grk3CQEg7QCckJCQkJOwY8hef4PJf/6+4fOuPADSfcxh0eEZIx/NS9wQHyokJ9jyvwaE/QQwSfAqwaYNMQDOE5gJE/oCsm69dE7ShX7DZRtOoASKNjzGumD/CHUVZBkv0zvVP9DntMFp7Q9jgu7yAQPfrYoBSAAXWojiT4p2si16z9NsgivC5xGfX8k3LH90MFHPjHZnYeJPnOi/UNF+w9f/CTdbgkg4j5TrxGhhbPn5oZXN1u63Cpat/PVkGre695fFpIbg/bvonr4jkuOENtxqvaupr37bWIfgdQ6W8hFWGh0XqP0G+XsW1rVn3cVq/3Et4o883Qz20WXHd+x1Vracl97IAjJXmys3yNY0PJJYhRv8MBVJ3we6QloHJQTUe0Oz+MUOqdx08ugjxCWVoXfQVXT9It9PHhrVwp7yeuVfWLgL5sEmfmBG5fsuam+fK7q+Tb5aWIUjzKCvQoW+MH94CuX0f5O7ngcObrjVyg2n/WV6CnD0BOft0vRA6yHiVwYI3BgDVBklMwJq8dfog81nJJtvI/ssz5BcvgNUyivok2589SQugExISEhISdg90fobzP/+fcfGtf1B+Rhr/xd2+JSOF9WJjyXEFiPoUJ5CuL7AaEccDVq2SU0S3YILBlDcc9PGFMaAVMCj8kV1gygNZlwnp3hZQsNI0+GZCps5r1RW/IIkZV77/1M618Cd472J5xHMdvZbot8zdXsLrPT6+9M+yglY3VIneDWDFL/Bqx5neUSDUn1i1Db9WfvrokNuEHfNP1r06OdzyzbdlYPotGy+EiU9P+rclemfnDzss4SXaEW/qK9+6fvSx0xqEQ7VgIgrsmL7F5o+zOljIgVd97eBWHmsvEOvqUBHomuoG6qTXuhGwi1AXdMcHJs9Hvq1Rayg7WMcXxAifDRYDPMfHWF99W6reUITpXck3NeT5QB50W8f5Rzv9C6iPPetD8OhahEel3wzh7z4CJP2uEIF/rXBs8ojnclvbUITnAJx3qK6dafUDd5fxXG/jUwYNzjo0z4XFs/pLinPF3hFw67MgL/8iyPFtuzJ8CKYPrC5BTh8CLz4FWV74i25HOimnRxISdgj04hT5+XOgyIeuSkJPSDtAJyQkJCQk7CqKFS7+v7+P82/+/fIj0nF6Fwi32lh3go19p9UEGju/43kaRPagp57gYDVUcaGHW76ASmmFAeDrzwKsemJW8QBQTGBsw4IcBiEfakImFJI/WsWpuL41nBCWvnCTW1bSIH9yUEvfXPWawZXzsEjwyPqPc75ahMervnZwK0QWH2fsuD/CHfx5rqWfPe3gr9LXIAuoQvUwgxuij+rEAEOBlL1v1Lw8vGVpVOPsBOUCXo5HAeMbWO3crcw3QQCFAVUVKObGO/ibWo3xqWqHfyN91UoAA33sXFCgOeCJGZH3H2U2s9spx0OOV0PdfTsbwOYLY4R3f9z0zznCigSrxqs17lNfPVgG1Y7+0glhKSJIyNR/rIpX8WDWQr8ZIrhdtTF4/nnWx8jerziPX3XGp6U7qh+oizmDl/GACoPnm2fsuD87+f4ry4CbnwF59UsgN15tyknsUDQQJoc4AAAgAElEQVQIuXwOnD0Eef4QQBFc35yt1QNRsskOZIsCxcULFGfP4qhPskHtyVe+6iTXaQF0QkJCQkJC5Dj/s/8R53/2P6HxQLWxpg/0/EJoHZhfoYFaPUmGbj86/HH9ehXXtjbjOE13VTwIjBtAVkBormltAjTgBISXHUJ5zq7muSdb1dYif23CGzN8NmAMMIwP0zfLy8Pb+v2HdPMw8fGsf0y3TPRO6fCAVssfdpjVfwOeCwLYvUNogHxl1eZ5l+Xcs9XbIPDRQNuEyPxzzled/JPlo6ZlsMtPQz206WAx6JxK/5zGq7oRCK8gMjnv5Ajeyvb5G5keOCP5I7xcxcNZ3R8wVpzpX8k3NWbl9e1BeH1z6sEeuWUzBIRz/lqEp7xeU78Zwt99bBrAdwU8w2d3GACtcGzyiOdya7sjKM8D/YDRRd96G58yWHCfDwQxwFAf0vxWz0j6XUHLv2aDVe8Purm1PrLxKM+7LLue5zr6GroHNTq4aoDDOhQ7neMxwKX/9NGfDm+td3x++YvAaKw+X+HPMs9xulziNCc4xwiXZIJ5NsWCTLDKxliRyeZ6AgKCES0wLpaYFkvsFXPs0wWOscLxiOL6ZIxJNvLj5+kDkOcfA7MXev7FEp+EhG3AcoH87CnoYjZ0TRICIu0AnZCQkJCQcAVw/q/+B1zUdoKuP/+Jn4+6J4BB0Hmcn7CAYAKjnJDgucUEBdFa0W06gSHgRhPSDBYTxKGfSCN7QJbNR/C8PkFrvCCMt6JyDSxDkOZyqVCM2DF/tHYI5RccCPVy+B1CnV+4Be9BFj1sx/LNtz/GeuvbGqRX6/2A2r3+ceXyTXAD1sooPe59h1CdF2qyF2wh9Nar/tUGNDzf2fwTWIYI/Gtl96a78NzngrBQd189Bx2+MAZ498eXHlpaxfOrcIdQnrvorRfLvl3Aax2C3zG0mk/ois/A8BHumBFYDwL3Hi/zCzL3ogjf4HrtqI9e5ud831HlVnc8W3KtcSpzx26H0KDjAx5XUd+22B9Z92rw9mW9WgYhr8lFg0cTL0/6Z3LDGjxiHdbz+xXxBiBt7qKPndbg9pPmtwbAwP7o9naf+eb6/ovBlFtBW98AvPQ5kNd+BeT6Xeuvy2mBx7MVnuQjnIyOcD45VlxBSktIVqs3m9trtsDR4gy3izO8lC1w52CKEYh9vi3OQZ5/BPL8E80C/EdQa3zgmG/JJjuUzS9egJ4+HbweyYaxJ2kBdEJCQkJCwhVAscLZv/zvcPGtf7DmbCSwgc36YdPdoM3ONkejOjYjox7BNb+aU/S+wFe3uVS8swEijY8aXIRa9WWB6OBaGTCQVSSYnwUT7GyLBRAanKHR3DU3tivfOGx9/+EQ2B9jvbWojrD7O+g1g5W++oZNA1i1uPUXmtmtWDDBoPECT7QgQuoOv2DCj61q5yFfd03feNikO0OM/nL+GC2gkOhfaMsg5D7kyKTB+tZHqzf0fUdIVX/WFqqEanOmf4Fa193qhId5z3NEIA/B+8/AGFivndWB5RHPTayl+2vuS/8kPPLxnR+9ZocVAqEZETl3Rytam2qa3I76bnVZawhb5yrq2w770xhe1A5bFmdhuzcgEe7YL+Rbom9aemeq3wy+9c8i4QP3J1l+qri1tQiPk76GxhXXu779Mc7PVj4JNhjheZd+Quf9RMAdpaMYnzJ40Mch8m16CPLyL4G8/qvAaGJVxIPLBR4UB3g4vbOpUrF5j8w21ZKB5RoBQYbqfRPLYlo7k4DS2jspSvHy4hFeIZd45WBqVW+Agjz/CHj2EcjyUh3d2oGdeP+VkBAYdDlHcXoCulwMXZUEz0g7QCckJCQkJFwR0PkZzv/Ff4vLt/5Ieg6RHuHKqp27/tNVehMY9Qcwtxce4gmNzf+j/oKtm1talwmMaCakGWoNznMKQUBY/WUY/glaawGOLN+08q/n6ahaB+MnNLZyAsNnA8UApQAKLEPHfKJ98boTwBLOJpTZ5+UEc23H/k1HUe3oH4W1eeNexofXO60ei6CwyTeP+qCbn9bV0wiPq14zBInewPEJjuj1mg8Ad3SjWy1eyoPuC7bhd/A30j+j8SqDaw8KkBBXrD8Jb1+CyzWLC29rH2g//sSMncs3FghwN9wObpBh3nfwV1nB+FRldfVVrrcMvvXP84AmBtgI1ICQVbfkFrfT0j3L8Npmn5PDkcZHCecGVWaAJvdkuQGA7g7+FDXdC6G7nZbVlv9Bem3Hfp5T1OYXuuIjCvqAcOk/u+KPgT703HvaVkOvq3xE93RQDPCef770z7KCVvN1fMDsM8R4x36V/gnnU1n1JZxdz/NW+T2MD3gE1ofBseX6XXYfnht0p6D6W6urVXMe3gZ5/VdA7n7BsGWAy+UKHy4IPhy/hEW2v8lj9o1rW7UdaXzequFmAXR5ChGdD1BKhE5N8hleXz3G/WmOg8nEuAHJ+WPg2Ycgl88MLuzB2rxfaY1f0/F0fPjjxekJiovTaOuXjpsfP/nKV+GCtAA6ISEhISFhi5C/+ARn3/hvMH/na53PL40fv7LPO2CyG7T+mR1g9eU5BUgGsV/1CjiOXmRfr1E9Pavx/Fiez3NNK2sOD83joQFCVcCUS6zWAz5LSI5HYKsFYByvP0CUVDFBC/ELL9daMljlp8sXxIDB+09gGPrD9I2/XMV7swbdv+RB4ah/Ul2D2uEYrdYNlfeHwVSRKv1TcZ/5pj1eMPamBznZNX3jsWX+KdXCJf8k+WjbPHb5KtG7loOsQAGPQde86p3khuUcAQ+KIgsX5y4/XogkGm3vO5pb2vwOzRccMsGwSZ8YENgfpb5qfJ2RlcmZ1FY1anEA+js4B9Y3H3rXT4834zoCJrvcA3Sjy3P7fBNYidu+W98KV1HfZP5FCK3xQWe+Of6AvOS85fVT8wc3UeqbQw9sTOjwAdDkMcOweaKb39LQb3bBMPNbjtgxvevbn2oBeDc310f7HzT2+oNyU2s0IcJ3oAgHFEP2nxuvgtz/6yA3XjG67HyxxM+WY3y4J79uvYlWVVk2JbQOB918xn5AC2QkA5CB/WCrnuPrK+imVFKGlHKNwXL39dnH+Nx0ieOJ4W7W8xfA0w9Azh7VCsVu6VtCwoAozp+jOHs2dDUSPCHtAJ2QkJCQkHDFsHrwQ5z+s/8aq4/eLD8TTbDJ1hHLJjQyktUmzNjEBHueb3KIjsNhgpiz6z9fFHoCQ2G1nzhDcwEif0AW5WPnBLBFeHxPczF4ma6KPD7GuGL+CHcUZRks0TvXP9HntMNo7Q1hg+/yAgLdr4sBSgEUWIviTIp3si56zdJvgyjC5xKfXcs3LX90M1DMjXdkYuNNnuu8UNN8wdb/CzdZg0s6jJTrxGtgbPn4oZXN1e22Cpeu/vVkGbS695bHp4Xg/rjpn7wikuOGN9xqvKqpr33bWofgdwyV8hJWGR4Wqf8E+XoV17Zm3cdp/XIv4Y0+3wz10GbFde93VLWeltzLAjBWmis3y9c0PpBYhhj9MxRI3QW7Q1oGJgfVeECz+8cMqd518OgixCeUoXXRV3T9IN1OHxvWwp3yeuZeWbsI5MMmfWJG5Pota26eK7u/Tr5ZWoYgzSP74pv3kb3xm8DhTe2iFnmOn8wJ3t97XaNm6y9btxMtF0ADVZ8kBKAFRZZlmyvYAmgC9o6HvdOuUC2SrkeSUtp4VgUBPjv7CF/YzzHNxvUqdWN5CfL0A5AXH8N/BAW8MQCoNkhiAtbkrdMHmc9KNlknvZudY/X88eD1SNbdnqQF0AkJCQkJCVcP8/e+gdN/9l+heP7R+gPJSKFzHbEAve8ELQOFfCdoA3+GAqtWySmiWzDBYMobDvr4whjQChgU/sguMOWBrMuEdG8LKFhpGnwzIVPnteqKX5DEjCvff2rnWvgTvHexPOK5jl5L9Fvmbi/h9R4fX/pnWUGrG6pE7waw4hd4teNM7yig3MGf5y399Cs3Wvnpo0NuE3bMP1n36uRwyzffloHpt2y8ECY+PenfluidnT/ssISXaEe8qa986/rRx05rEA7VgokosGP6Fps/zupgIQde9bWDW3msvUCsq0NFoGuqG6iTXutGwC5CXdAdH5g8H/m2Rq2h7GAdXxAjfDZYDPAcH2N99W1p9wYjtKZ31WKsdQ15PpAH3dZx/tFO/wLqY8/6EDy6FuFR6TdD+LuPAEm/K0TgXyscmzziudzWNhThOQDnHaprZ1r9wN1lPNfb+JRBg7MOzXNh8az+kuJkuPMGsjd+C9g71jh5jQ8ulvjx5FXk2WRTLb3EJiQDkKMo1vOmWTYqryUZAc2Lze7PFEWxvmY0GoE1AgUt51QBgqKorq1ndnVec05hXCzxS4uPcf/QYDfofAGc/BzZ84+09FuWTsrpkYSEKwo6v0T+/BHXQRK2DWkH6ISEhISEhCuKy2//AU6//vcANCcXROAPd02wrXfa05tAqz9w+X3hsVkQROQTHKzGKi70eMsXUCmtMAB8/cuAK56YB5hhk4VPMf8kdH8gyyDkLgXGiOSPVnEqbqqP2lz6wk1uWUmD/MlBLX1z1WsGV87DIsEj6z/O+WoRHq/62sGtEFl8nLHj/gh38Oe5ln6Gs0b6GmQBVageZnBD9FGdGGAokLL3jZqXh7csjWqcnaBcwMvxKGB8A6udu5X5JgigMKCqAsXceAd/U6sxPlXt8G+kr1oJYKCPnQsKNAc8MSPy/qPMZnY75XjI8Wqou29nA9h8YYzw7o+b/jlHWJFg1Xi1xn3qqwfLoNrRXzohLEUECZn6j1XxKh7MWug3QwS3qzYGzz/P+hjZ+xXn8avO+LR0R/UDdTFn8DIeUGHwfPOMHfdn695/3fn8evHz9FCruc+XK/xodYAn0zvVuXVZqLcLR8uFzgQYjbKN1q/77XrMTzYnAllGkBGCPM+RFwUICEajDKAURUHXnxFgNBoDBOuF0GTEfWfB1WPTeylwZ/EYX5pc4Gg81su3Ygly8nOQZx8KWrRHa/VAlGyy8Vu6nCN/+uk61yOoT7Lm9uQrX5UIqB7SAuiEhISEhIQtxuk/+S9w8eYfABTtHZM5EINyg+8EXa+nwpZ+eQQrXsW1rc04TlEug4oHgXEDyAoIzTWtTYAGnIDwskMoz9nVPPdkq9pa5K9NeGOGzwaMAYbxYfpmeXl4W7+/kG4eJj6e9Y/ploneKR0e0Gr5ww6z+m/Ac0EAu3cIDZCvrNo877Kce7Z6GwQ+GmibEJl/zvmqk3+yfNS0DHb5aaiHNh0sBp1T6Z/TeFU3AuEVRCbnnRzBW9k+fyPTA2ckf4SXq3g4q/sDxooz/Sv5psasvL49CK9vTj3YI7dshoBwzl+L8JTXa+o3Q/i7j00D+K6AZ/jsDgOgFY5NHvFcbm13BOV5oB8wuuhbb+NTBgvu84EgBhjqQ5rf6hlJvyto+ddssOr9QTe31kc2HuV5l2XX81xHX0P3oEYHVw1wWIdip3M8Brj0H9f+9NLnkH3ht4HpkdbpH18u8c70PgqSNapbr0/pTqteGbJsvWMzpUX5HpsQAkIIlsslTk9PcXF2jtlshul0iowA0+kEx0fHODg8wGQ0AaVAXuSgALIsQ5HnACEgJEPByqx9OQVttzGrES3wy/P38fqB5m7QxRJ4/FOQFx9v7/00ISFi0MUM+bNP49PpBC2kHaATEhISEhKuMPKn7+P0H//nmL//F+VzUEa6J4AzdB9fT6BRZFnWOYFRTkjUJjBCTVAQYjOBIeBGE9IMrhPGAdDnBIZBdVS8PkFrvCCMt6JyDSxDkOZyqVCM2DF/tHYI5RccCPVy+B1CnV+4Be9BFj1sx/LNtz/GeuvbGqRX6/2A2r3+ceXyTXAD1sooPe59h1CdF2qyF2wh9Nar/tUGNDzf2fwTWIYI/Gtl96a78NzngrBQd189Bx2+MAZ498eXHlpaxfOrcIdQnrvorRfLvl3Aax2C3zG0ml/ois/A8BHumBFYDwL3Hi/zCzL3ogjf4HrtqI9e5ud831HlVnc8W3KtcSpzx26H0KDjAx5XUd+22B9Z92rw9mW9WgYhr8lFg0cTL0/6Z3LDGjxiHdbz+xXxBiBt7qKPndbg9pPmtwbAwP7o9naf+eb6/ovBlFuBVfTGa8h+4W8C+9e1LvvRBcUH+69XxbAK1Yvm6lodIGU/zEZZeXJBC8xnc3zw4Qd495138fDTh1gtl2DPoaMRwbWjY9y9excvv3wP9+69ghs3bmFvbwqSERAQFEWBApsdpLn6VPVq/qiAx/3Zh/jSgVYzAKsZyJOfgJx+ihAR1BofOOZbssnGbDG/xOrZp4PXI1lze5IWQCckJCQkJFxtzH70dZz+v/8ZitmzcoRAgM4RBNG8+5vsBM2+0gsE9W7tcN0a0fYH9rXanKL3Bb7KB4ANVLyzAWy+MApwEWrVlwWig2tlwEBWkWB+Fkywsy0WQGhwhkZz19zYrnzjsPX9h0Ngf4z11qI6wu7voNcMVvrqGzYNYNXi1l9oZrdiwQSDxgs80YIIqTv8ggk/tqqdh3zdNX3jYZPuDDH6y/ljtIBCon+hLYOQ+5AjkwbrWx+t3tD3HSFV/VlbqBKqzZn+BWpdd6sTHuY9zxGBPATvPwNjYL12VgeWRzw3sZbur7kv/ZPwyMd3fvSaHVYIhGZE5NwdrWhtqmlyO+q71WWtIWydq6hvO+xPY3hRO2xZnIVVbzDCBHzdP2R8S/RNS+9M9ZvBt/5ZJHzg/iTLTxW3thbhcdLX0Ljiete3P8b52conwQYjPO/ST+i8nwi4o3QU41MGD/oYIt+O7yL7hd8Bjl9Snroqcnx/foCT/butajUSS+DJ+kPCHSTI8xWeP3+Ohw8f4sc//jF+/N57WCwXGI1GWMwXoEUBQta7P7/6yit4+d49LOZzXM5muHXzNt544w28/vqrODg4ACUEIBnqr8NpWQOCxoFG/YqykpQSvDR7hF+bXmCSjZRtgsUZyOOfgFyc7N77r4SECEBn58ifPx66GgmGSDtAJyQkJCQkJOD8X/73OP/m/9L4rGvtMsV6J+g6l01gZI2JCbXNJBNmTaue4GA1qnNC+OOW1mUCI5oJ6TLSVYPznALtGUxWfxmGf4LWWoDDW0jc7ckyCHmtgzX4tk5g+GygGNAlgBb+yIrTL153AljC2YQy+7ycYK7t4L/pKLId/YfXN1MB4PWaxYfXO60ei6CwyTeP+qCbn9bV0wiPq14zBInewPEJjuj1mg8Ad3SjWy1eyoPuC7bhd/A30j+j8SqDaw8KkBBXrD8Jb1+CyzWLC29rH2g//sSMncs3FghwN9wObpBh3nfwV1nB+FRldfVVrrcMvvXP84AmBtgI1ICQVbfkFrfT0j3L8Npmn5PDkcZHCecGVWaAJvdkuQGA7g7+FDXdC6G7nZbVlv9Bem3Hfp5TgN/Rf+f1bVf8MdCHnntP22rodZWP6J4OigHe88+X/llW0Gq+jg+YfYYY79iv0j/hfCqrvoSz63neKr+H8QGPwPowOLZcv8vuw3OD7hRUf2t1FfL9ayCf/22QW59R+nq5WuG7xXWcTta7RDc33SKoJ2p9Ho9SivF4jCKnpaCPszHm8wUePHiAd999B++++y5OT89wMbtElmU4ODwAIQTnFxcAgOvHR7h75w5eefku9vemOD8/x4MHD/D02RNMJyPcv38fv/LlL+ONL3wB2XgCkBGybARaUBCSgZJ1PTIyRkELgGI9VqIAyZoxZLi2eIG/lj3FwWisbBtyeQLy6CfA4kwQgYDW5v1Ka/yajqfj8R8vLl6gOH0abf3S8fbxk698FS5IC6ATEhISEhJ2AMWLT/D8T/5jLH7+reo5ZoNy52QBBM9n4vNET3Jd56tOoNxJBk/cXf7oQvb1LtVrWI3nx/J8nps1x45OkNlGSLPCWg/4m/N5HoGtFoBxvP4AUVLFBC3EL7xca8lglZ8uXxADBu8/gWHoD9M3/nIV780adP+SB4Wj/kl1DWqHY7RaN1TeHwZTRar0T8V95pv2eMHYmx7kZNf0jceW+adUC5f8k+SjbfPY5atE71oOsgIFPAZd86p3khuWcwQ8KIosXJy7/Hghkmi0ve9obmnzOzRfcMgEwyZ9YkBgf5T6qvF1RlYmZ1Jb1ajFAejv4BxY33zoXT893ozrCJjscg/QjS7P7fNNYCVu+259K1xFfZP5FyG0xged+eb4A/KS85bXT80f3ESpbw49sDGhwwdAk8cMw+aJbn5LQ7/ZBcPMbzlix/Sub3+qBeDd3Fwf7X/Q2OsPyk2t0YQI34EiHFCEzLdsDPL5fwPklS8pTz1fLvEW7uByerTRqeYXUWQot+qiACgFyZrCNspGKIoCq2WOTx88xA9/+EO89Z3v4PnzUxwdH2M8GWO1WoGMRqCUYrVaIS9WIAQ4PNjH4eEh7t25jaPDA7x48RxPT55gsZjh9q0buH3zBlb5Cq+89hl88cu/guPj6yAkw2g0QkGBogCQERCsywbBJh+L2nQUbTXgweoCv04f42g8Ubfn6Scgn74H0Hx79S0hIWIUL56guDwbuhoJmkg7QCckJCQkJCQAAGY//FOc/j//EWixaj0frR/M6s9L1YRGxnH2IMrvmJdlWYPr/MmqUBMWhPiYwFBY7RmB0FyAyCcAZRO+PO+aoA39gs02mkYNEGl8jHHF/BHuKMoyuEPv2jycbehp7Q1hg+/yAgLdr4sBSgEUWIviTIp3si56zdJvgyjC5xKfXcs3LX90M1DMjXdkYuNNnuu8UNN8wdb/CzdZg0s6jJTrxGtgbPn4oZXN1e22Cpeu/vVkGbS695bHp4Xg/rjpn7wikuOGN9xqvKqpr33bWofgdwyV8hJWGR4Wqf8E+XoV17Zm3cdp/XIv4Y0+3wz10GbFde93VLWeltzLAjBWmis3y9c0PpBYhhj9MxRI3QW7Q1oGJgfVeECz+8cMqd518OgixCeUoXXRV3T9IN1OHxvWwp3yeuZeWbsI5MMmfWJG5Pota26eK7u/Tr5ZWgbfzUNe/WWQz/9N5XkXqxXexF3Mxge1T5stte6l1d8qJpR9TjEiGVarFQDg7PQM7/zwHXzvu9/DRx9+hNVygdFoisOjQ4zHE2SjDKsix2KxQJ7nGO9NsL+/h6OjI8wvL5CvFhhnBLTIkec5bt28jnsv3cLB3hR5UeByscR0/xAv3bmHu/fu4tbtWzg4PMZ4MimViJDRejdq0PUmXaC1luQzADhYneM36GMcaiyCJk9+AvL0A9hFUMAbA4BqgyQmYE3eOn2Q+axkkw1pi5NPUCwXg9cjWbU9SQugExISEhISEhhe/Ol/gsvv/UPhyKHcOZl9XgPRLN/7TtAyaIyEuvwZGqxaJaeIbsEEgylvOOjjC2NAK2BQ+CO7wJQHsi4T0r0toGClafDNhEyd16orfkESM658/6mda+FP8N7F8ojnOnot0W+Zu72E13t8fOmfZQWtbqgSvRvAil/g1Y4zvaOAcgd/nrf006/caOWnjw65Tdgx/2Tdq5PDLd98Wwam37LxQpj49KR/W6J3dv6wwxJeoh3xpr7yretHHzutQThUCyaiwI7pW2z+OKuDhRx41dcObuWx9gKxrg4Vga6pbqBOeq0bAbsIdUF3fGDyfOTbGrWGsoN1fEGM8NlgMcBzfIz11bctF76z/tDmTO9KvqkhzwfyoNs6zj/a6V9AfexZH4JH1yI8Kv1mCH/3ESDpd4UI/GuFY5NHPJfb2oYiPAfgvEN17UyrH7i7jOd6G58yaHDWoXkuLJ7VX1Dc9ZeRffHfAvaO0YVFvsK3i9s4n1wry1jrEm28Y14/pRNGqipSoCjWOyI/ffYUb33nLbz15lt4+vQpxlmG8XiC6XQPWZbh9PwM2WgEAFjl+ToHRiMcHh5gMp5gMZ8BxQp70wkOD/ZBQLA/neLlu7exNxnjxekpzi9nmK9yrIoc+/t7eOW11/CLv/hFvPraaxhP90ApxWg0AUGGgubrehIAhM0zFACyRlMCwNHyFL+JE0xH4872Qj4H+fRHwPmTUr9l6aScHklISGiBLufITx4MXY0EDaQdoBMSEhISEhJKLD96C8//0X+I4oV4IEeqZ8nWfFHG8a7Ha4BoT5hlqudpoVVPcLA61DnQ5kKPt3wBldIKZyz5+teSQrGgoPcZNln4FPNPQvcHsgxC7lJgjEj+aBWn4j71UbWjv2pHKlbSIH9yUEvfXPWawZXzsEjwyPqPc75ahMervnZwK0QWH2fsuD/CHfx5rqWf4ayRvgZZQBWqhxncEH1UJwYYCqTsfaPm5eEtS6MaZycoF/ByPAoY38Bq525lvgkCKAyoqkAxN97B39RqjE9VO/wb6atWAhjoY+eCAs0BT8yIvP8os5ndTjkecrwa6u7b2QA2XxgjvPvjpn/OEVYkWDVerXGf+urBMqh29JeuoJQigoRM/ceqeBUPZi30myGC21Ubg+efZ32M7P2K8/hVZ3xauqP6gbqYM3gZD6gweL55xo77E+X7r8kB8Au/i+z2fWW+/uX8AE/3bgMgjXG4yG12DfuAEAIUBYqiwKefPsRbb30H3/vu93F+drHe1fngEJRSXM7nuJxdYrVaYW9vDyDAcrXaLIIe4fjoCKtVgTzPQfMckxHB3t4UR4eHePXll3Ht6ABPHj9Cnq9QgGK+Wv9l5cvLGWaLOV599XX86q/9Gr74xS/h6NoxKCUAxfovJYOC0mJdd4J1f2Z156Ty1vwEvzm5kDcCa4OLE5BP3wVWi/ARtXogSjbZ7bbF+XMUZ88Gr0ey3fbkK19V6mUXRr//+7//+04lJCQkJCQkJESD0fVXUFw8xeLD7wiPUyq/tuOQ09kUaEyNNT40sW7V6KyTjGtbm3GcprsqHgTO8dFtYVeuaW0C1P8UUmm97BDKc3Y1zz3ZqrYW+WsT3pjhswFjgGF8mL5ZXh7e1j7gu7u0+zN4iY9n/WO6ZaJ3SocHtFr+sOgvjecAACAASURBVMOs/hvwXBDA7h1CA+QrqzbPuyznnq3eBoGPBtomROafc77q5J8sHzUtg11+GuqhTQeLQedU+uc0XtWNQHgFkcl5J0fwVrbP38j0wBnJH+HlKh7O6v6AseJM/0q+qTErr28PwuubUw/2yC2bISCc89ciPOX1mvrNEP7uY9MAvivgGT67wwBohWOTRzyXW9sdQXke6AeMLvrW2/iUwYL7fCCIAYb6kOa3ekbS7wpa/jUbrHp/0M2t9ZGNR3neZdn1PNfR19A9qNHBVQMc1qHY6RyPAS79R7M/kVe+BPLqLyvPe3uW4dH+PQD1xc8EbOdnQkj5D5t/7FiWbXZRLgo8+vQRvvPmt/H2D97GYrHA0dERbty4gfFohPPzc7w4PcUqX+Hw6BB7++vdoLNsvc3XaDTGeDwBIRnynGK5XGK1WqEoKCbjCQ4ODnBwcIBRNsJiMcdsPkdeUJAsA8kI8tUK5+cXePrsKSgFbt26jf39fRS0qPkBZIQAIGtLyTp7SbbxOAMBwWx8iNn8DHdHikaeHIDmOTB7Fr9eJyRsIchkD3QxA81XQ1cloQOz3/n3na5PO0AnJCQkJCTsGFaPf4Jn/+ffRfHkp4IJjc1zMJFPEGeA1gQGe4BV7Rha/zzUhAUhogkMATeakGZwnTAOgMgmnGXzKzyvT9AaLwjjrahcA8sQpLlcKhQjdswfrR1C+QUHQr0cfodQ5xduwXuQRQ/bsXzz7Y+x3vq2BunVej+gdq9/XLl8E9yAtTJKj3vfIVTnhZrsBVsIvfWqf7UBDc93Nv8EliEC/1rZvekuPPe5ICzU3VfPQYcvjAHe/fGlh5ZW8fwq3CGU5y5668WybxfwWofgdwyt5hO64jMwfIQ7ZgTWg8C9x8v8gsy9KMI3uF476qOX+Tnfd1S51R3PllxrnMrcsdshNOj4gMdV1Lct9kfWvRq8fVmvlkHIa3LR4NHEy5P+mdywBo9Yh/X8fkW8AUibu+hjpzW4/aT5rQEwsD+6vd1nvrm+/2Iw5Vo4fgnZl/4dYO+487T3L3O8d/g5gJJmg4GNntoL80E2C4kpAEpBQPHo0WN845//c3zw/s8xXyxw/dp1XL9+HefnFzh58hTnZ2cgI4Kj42Pcun0bBwf7WC1XuJzP8OzZc+wfHGK5ynFxfonZbInVcoGMEEzHE1y7doS7d27j3ku3QVDgxYtneP7iBVZFARCCguaYzdYLoifTKQ4Pj/HLX/5l/MZv/A1cv3FjXVdS949iNBohz4u1XmSknTCg+IWLn+Gze/W/wyzAagby8F2Qy6eNtjONoNb4wDHfkk12Gy2WC6xOPhm8HsnK7cnv/SFckHaATkhISEhI2DFkh7dAZ88x/+AvO0cSjTUXNbBTfMOoTMMRUYj66lRPm1P0vsBXOdDfQMU7G8DmC6MAF6FWfVkgOrhWBgxkFQnmZ8EEO9tiAYQGZ2g0d82N7co3DlvffzgE9sdYby2qI+z+DnrNYKWvvmHTAFYtbv2FZnYrFkwwaLzAEy2IkLrDL5jwY6vaecjXXdM3HjbpzhCjv5w/RgsoJPoX2jIIuQ85MmmwvvXR6g193xFS1Z+1hSqh2pzpX6DWdbc64WHe8xwRyEPw/jMwBtZrZ3VgecRzE2vp/pr70j8Jj3x850ev2WGFQGhGRM7d0YrWppomt6O+W13WGsLWuYr6tsP+8HPbPm5nZla+wcharysBX/cPGd8SfdPSO1P9ZvCtfxYJH7g/yfJTxa2tRXic9DU0rrje9e2PcX628kmwwQjPu/QTOu8nAu4oHcX4lMGDPjrmG/ncb4LceAVdeDZf4vv7nwNBti6EEID9NwjYwmey4Syj1muJCbIsQ56vsFou8IPvfx/fefM7mM1mONjfx2fv30eer/DxR5/g/PwCBweHuHfvLq5du46j4yNMJhMQQrBYLrBYzHFweIjFYon5bIGiKFAUFJRSZFmG8WiEDBQgFJQWGE1GmM3nWC5XWK1W5dzDdLqH4+NjTPf2cHFxCQA4ODjA4eEhstEIFOvyMjICybJmJyHM483/EYqTyQ3cWjzB/mgkb8RsvG62s8dR6UFCws5g0//ocj5wRRJkcN0BeuypHgkJCQkJCQkRYf9L/x5m73wNqyc/BbB51gTKB7D6D3DrL9IYuGc1jRe5xHDCTDHBwXZ0JirO2T4mMAgB4SY0CBScWFp02XKKYF0fIuAUVX15zsWkzojqCZpYWk1oLcCR5Zsk/5qW24+c8Jbo8Vp59aahNcfX/YcFh+Nd1qWhSbclMt6YhOqwm3pW3Y9IbO04K53njfKbnIHXL5675pvVG4aychzvKK7kyvBv9JDn5depX7Cp/iQh6yitHfw5rmVleqyymuUTTgAIJwBCztqc5xDoJ8/Jhut1p8qiaSHjNvkmyz8dcBWryZGEE656bb3r5JSNBzosu47nOrbW8CresErBUDSQpiWlfrNSxbz81lKHZZy33PWmVtEdCadvxDHftG0JvoNwRze61eLl+ED3BZulJRJes6zhGhxtrmWtxqv1YChuYFzAmf6xPiDjVf52h1U3/zqtoBzIuOwE63zkwZ1Q9n9weoBN+Ag3fm0qQLXvUZN36Z+W5c9XlctsTc+YPst4aU0alg9QK4G6OeGuV4bbU75pW6JnAQmHAtIVsB28UWq33jAda3HS5Eqrq6eC8anOX6BCrRxd3g5wB4eEdw7ACFQPoLr3W2V+8dzUysrnPeLShyj0DrRVghm3dWhTjkxPS64zPuUtK4fnOlagz6w6Tc4d120vfke9VjwE1gCtb+cSxVe+ldZFrwlq83Ps825eFWRYAdPxG9PTcry6/lz2g3SKmu6Z6KmuPnfqNast/4N0Nn8g4BS1+QWI880i//QTZ2N4OVEVZxN+dj3PAU5tBFw2nmlxsb4prePzq2o8p9RX3fGpbLxaWoh5qcvgdLriVT6i8ThUHjeBYfO3Ek5VvESOVOMFef6xnivh5XsGQ86VV1eIBrf5hUwrYAb6ynVQ2Xi1xZkeC3W05p1wPpVVX8LZ9TxvlS+wtTxS8YbVhdnjgLi5a+C/vlW9lpwRPV6WI+MSK3kf0Z6fE3Ad6zg+VdlyvoDnm/rr6F8zbApOzC0DuXUf5N4vVBzi2/u75PbmKLs4a1yzts1MYozSAqvlCqAUDz99iCePH2E6nWAxn+H69Ws4Pj7CwwcPMJtdYjQaYzo9AJBhPl+g2Ig/pRSnp2eYz5dYLZ/j7OIcq1WBguUEAQoUmM0vMZ+f4/ziDLduXscrL9/DweEBxuMxQAiKogClBfb2D3H9xnVQSnAxu8TPf/ZzFAVFkRe4e+8uRqPxuh1IhnyVA6T+7CoCwY+zO/htPJcc37TFtVdALk5ATh+1dM96fCobr+rMLwqON36gno6n41t2PDu6AXp5BhR5lPW76sddkXaATkhISEhI2EFkBzdRnD/B4oM3y+cZGSiF8fyJoBTz04mAd1kGnm+uN/FB9vUu1WtYjefH8nyeOzaHqHmM4dwAoSpgyl0e8Dfn8zwCWy0A43j9AaKkiglaiF94udaSwSo/XfVgaAzefwLD0B/+HuNdb12tQfcveVA46p9U16B2OEardUPl/WEwVaRK/1TcZ75pjxeMvelBTnZN33hsmX9KtXDJP0k+2jaPXb5K9K7lICtQwGPQNa96J7lhOUfAg6LIwsW5y48XIolG2/uO5pY2v0PzBYdMMGzSJwYE9keprxpfZ2Rlcia1VY1aHID+Ds6B9c2H3vXT4824joDJLvcA3ejy3D7fBFbitu/Wt8JV1DeZfxFCa3zQmW9sIaMr5y2vn5o/uIlS3xx6YGNChw+AJo8Zhs0T3fyWhn6zC4aZ33LEjuld3/4wPVNxc320/0Gj6oc9Rnrr2xpNiPAdKMIBha98y7L17s8HNzu/7r1Likf799b3cJKBsH8g6/dWBOt2a/0DCKHr9byU4oMPPsCTR5/i7OwUDz99gL3xFPfvfwbz+RwPP30ASgmm031cXsxxcXGBUTbB02fPcXZ2jsvLebkAejafYZXn6zBlmzwiFKMRwXiUYToeY/9gDwDF3v4Ee3t7GGUj0IJiPB5jujcFpRTz+QKzyzk++fgTFHmBxWKBi4sLHB0d4ej4GEAGutldmlIgy0Zrn0EAklV+Yv1+bjHaRz57jtuqLUoJAc4fN/MuISHBD8hal4rF5dA1SRDAdQdoQuU/Q0lISEhISEjYYqwevIOnf/wfoDh71HiOzSCe0MhIjZcTE+vnQ90d9UBIWV7XhEWIiYr6glC9CQyFNZkBDcoFiHwC0HgC2CI8vrOIwct0VeTxMcYV80e4oyjL4Bq3niD2YBv6WntD2OC7vIBA9+tigFIABdaiOJPinayLXrP02yCK8LnEZ9fyTcsf3QwU8+qF2/pzGW+9UOO5zgs1zRds/b9wkzW4pMNIuU68BsaWjx9a2Vzdbqtw6epfT5ZBq3tveXxaCO6Pm/7JKyI5bnjDrcarmvrat611CH7HUCkvYZXhYZH6T5CvV3Fta9Z9nNYv9xLe6PPNUA9tVlz3fkdV62nJvSwAY6W5crN8TeMDiWWI0T9DgdRdsDukZWByUI0HNLt/zJDqXQePLkJ8QhlaF31F1w/S7fSxYS3cKa9n7pW1i0A+bNInZkSu37Lm5rmy++vkm6VlcGkecucNkC/+253nvFgs8a3p5zfrmQmADNgsfq5EXXIxpaB0hTzP8dO/eg9vv/19vP7qa/je97+Lhw8e4PjgGl5//VU8OXmC09MzFAXB2fkcqxVAyLqxzs7Pa++sM+zt72E8HoGMMiwWK4wmIxRFjny1QJ6vsDcaYzoZ487dl3D3zm0QAM9OnqIoCiwXS+RFgTwvUFBgPB5juSpwenaK5TLHdDrF9Rs38Eu/9Ev4nd/9N3HvlZdBsgygBAXNMR6NQWmxDmID+dpXrBdK/9blX+H6dNLd9g9/CHL6EOYR5QcA1QZJTMCavHX6IPNZySbbt109+RhYLQevR7JNe/J7fwgXpB2gExISEhISdhTZ8R0UTz/E4uHbjREEJRD+SXN+UrT8HOLPxZAUIkDnaRYjI/06hgffZjEumGAw5Q0HfXxhDGgFDAp/ZBeY8kDWZUK6twUUrDQNvpmQqfNadcUvSGLGle8/tXMt/Aneu1ge8VxHryX6LXO3l/B6j48v/bOsoNUNVaJ3A1jxC7zacaZ3FFDu4M/zln76lRut/PTRIbcJO+afrHt1crjlm2/LwPRbNl4IE5+e9G9L9M7OH3ZYwku0I97UV751/ehjpzUIh2rBRBTYMX2LzR9ndbCQA6/62sGtPNZeINbVoSLQNdUN1EmvdSNgF6Eu6I4PTJ6PfFuj1lB2sI4viBE+GywGeI6Psb76tlS9oQjTu5JvasjzgTzoto7zj3b6F1Afe9aH4NG1CI9KvxnC330ESPpdIQL/WuHY5BHP5ba2oQjPATjvUF070+oH7i7jud7GpwwavPHyV9LBWwJAkH3uN4GDG9I8AIC3V8e4nO6DgCID2/V4bUagIMgBkq835iIZ8s2nI7rCCEuArvDgow/xz77+T1Esljg62MODj97HarnAjZu3kFOAUoLJdA8vnp/j/PwCRZHjYG8Pz8/PsKTAglKsKDCajNe7OdM9XF5cYlEssKQr5GSJyXSCG8fXcXztCNP9MSgBFqsC82WB5y/OcXm5xMX5EmenMyzmC6wWCyzmC8wXC8wXK+Qkw/OLGS7mc1zOZrh+8zru3buLyWgM0ByUZMhGIxSUVrtOg6zfxRMCuvkHEMzyHK9ky852RUaA00frbBWllyzcCQkJWiCEoJinXaBjQ9oBOiEhISEhIUGK+U/+DM/+6O+0PqdY7wRd5+z5t/GeqWazOu94zs8yojVhlkHyfA29CQ5W4/I4afLOKcQtX0CltMIA8PWvB9xwwiT0E7UsfIr5J6H7A1kGIXcpMEYkf7SKU3F9azghLH3hJrespEH+5KCWvrnqNYMr52GR4JH1H+d8tQiPV33t4FaILD7O2HF/hDv481xLP8NZI30NsoAqVA8zuCH6qE4MMBRI2ftGzcvDW5ZGNc5OUC7g5XgUML6B1c7dynwTBFAYUFWBYm68g7+p1Rifqnb4N9JXrQQw0MfOBQWaA56YEXn/UWYzu51yPOR4NdTdt7MBbL4wRnj3x03/nCOsSLBqvFrjPvXVg2VQ7egvXUEpRQQJmfqPVfEqHsxa6DdDBLerNgbPP8/6GNn7Fefxq874tHRH9QN1MWfwMh5QYfB884wd9yeK91+3PgPy5X+3szkfzpb4/v7nQbJ1XhMKUDICyLq+o4IChG7yPQPNxsix3pF5ghVIPsejR5/i6//k6/jZT3+KX/3yr+DWjev41l/8OQDg/mffQJaNsMopHjx4hI8/eYjFsgClBXJKkNMCdDTGeDIFIQSrxRxFnmOUjbBY5cAYGE0yTCYE09EIx/sH2J9OMZvNsVwusSooihXFiGRAvvlRdZGDoABBgdVqBZqNkFO6Xrg9mmCUjTAaEXzpS1/E3/5bfwsvvXQLoyxDngFsF+r1GvDNHtgUKEgBSje9fnNz+tWLv8K96agzLciDH4CcPfYfYasHomST3T3LdoEeuh7JVvbkK1/tvl8qkHaATkhISEhI2GGMb93H4sPvIX/2YesYlVxDKRpTWfXzRZ+3r9/8+ZzOk1DtRE1qhXdZBXTqVvt6vxO2NuM4TXdVPAiMG0BWQGiuaW0CFH4KSWq97BDKc3Y1zz3ZqrYW+WsT3pjhswFjgGF8+HuIs776trUP+O4u7f4MXuLjWf+YbpnondLhAa2WP+wwq/8GPBcEsHuH0AD5yqrN8y7LuWert0Hgo4G2CZH555yvOvkny0dNy2CXn4Z6aNPBYtA5lf45jVd1IxBeQWRy3skRvJXt8zcyPXBG8kd4uYqHs7o/YKw407+Sb2rMyuvbg/D65tSDPXLLZggI5/y1CE95vaZ+M4S/+9g0gO8KeIbP7jAAWuHY5BHP5dZ2R1CeB/oBo4u+9TY+ZbDgPh8IYoChPqT5rZ6R9LuCln/NBqveH3Rza31k41Ged1l2Pc919DV0D2p0cNUAh3UodjrHY4BL/5HkG/nMXwM5ut35tW/Tm1iODwBCQJAhIxk2q6GRgSAjm/dUhIASgoJkIGSMjFKQYgmaL/DuD9/G2z/4ATICvPG5+3jx/BnOz05xfLiPx58+AiEZVjnF8xfnuJgtcDlbYUUJMBljPJ2Ckmy96zIIimK90LgARQGAZBmm4ymmozFIvkKxuABd5dif7OFg/wAjEBzuH+Bgbx8ZAUYoMEaBcUYxyYDJJMN0PMKNG9cxIhkyMsE4G2G1zLG/t4c3Pv953LxxE+PJFMgAWlCQjIAQAkKAbPPMRsnmB2+svQFc0gyvk1l3XIsCOH8cv94lJGwraAG6UPTDhF7hugP02FM9EhISEhISEiLF/hd+F/OffxMZEU8IZxxfT6DRzU7O7YmLjHA7hPK8nADp2ON5s/KZks1EDGl+LrUdT+wUBISdp1hARXQ42LMoa5kOTjaciHiHRbeFjIeecFZVjLOU8PMrRMir/CLcehXCvQ/Q4I1yFZa07br+Cm7aEHyDmNja9c3Wq/PNccIszDgkXGUNuyfh8k2Vz9ITdDuIIbR2COUXHECknxJLLG3t+oaeqiaEQy8okAV4o3c8J40EqPSS5675RkTV0bHcByquTmAFWs1K1LzjCyt9Xf8v0zWeKy0kXGVLPZZb5kfJN/Vj5TT90gyI9AbKtRfPufZr6atOunvItxY3dE83HdXjA6YDNd4oRcGJhG8+4sd1Mu51R1DZCzZN26mvtcBXnDVBhx6WHyp45wu3ttW9vyrz0dTqlq/Zn+TjVWWGc9Syg0k8aOnrRsd43mlZOTzXsRr6zfxo8Fo5ne3VGrATLh4854oyfJ4wvd/a5luL6+g3zwFUIz0Jl36hogK64y3F86twh1Ce18oLPl4VWvbtAl7TN37H0Go+oRbkwM+vLTmRFFdym3yT5Z/QkibXfL4Dz7ny2h5JrMnzKs81bDleJd1cOl5VWQ/zC/WWquspzw3cluabMXQe12p1k40XpJao7KYn8xwSDo5z+qaajwvz/KphOf3U5lrjVOYO/4N0Df0k1K57os21YNjcKr1uqRHfnZT5RxrltPRSxTcNZWQb5TR7jGx+zniADQlXWS4ByvFqF0c9XIa81GV5/gktKs7ApwtBrXvz3FP+tdBKyG5bjv/Kj8WcyHipc9jkl4zXLEitHIXldEzF9R7QOqzV/GO9sZu8tQEIEfN1XnVwMy9q4wWN6m8u4N3RSj/D7i3NT+UXbBjXAWWc1DmqjFVaIuEqK7uec7zFHd+vaHRwrjlJ43A1XuU4mtxnvrWsSfm1yvHN0cnrF9VxcAPk9n104cHlAqcH15ERACTbFJqV5VFUfmRkvacyq3CWEYwowWwxx/zyAtevHWG1XGJEgP39PXz2/us4OzvH2fkCT54+x7Wbd1BkE5zPcyzpCKPxBEVGUABYFQXy1QoEFISuc3xEckwwAskJyCxHMctBihkwLjAqCoCuMNqb4mg0Ai0WmO7t4cb+FIROsD/OMCLAZJzh6OgIBSU4vZzhyckLPDldYj5foigKLBdzLOYzFEWOxWq2XgTN8qh2u2iPxdaRO5vexMPzJ3h5r2MX6KPbIHvXgfmL1vVdkE0vdMo5DPIt2WR3xI4OjlGcPRu8HslW1hVpAXRCQkJCQsKOY/q538bo8Bbyi6frQcRmJMH+zFYBNrhYc7q5rijYJP3m840tKJuMan5e8vLzYjOx0TyuZSmw/ntJBpYvh0q4ri3R5s2BmIojzASHqln487jrGVRcCEGBVMW51iybm+e6li/PyFYRonVa1psFgn0u4M0ItzklZtbnI4IiwawWTFDesvySHC9Ls+MMjeauuaFsBgUol0gyXn1M64dr3MJSrBfRdVjwnCunxY31zdWi4p2CI+Eq1L6OXdbJuUudelF399HSa4aSbz6U3a6kzatoHhVn32UmR9UrqCrLOL6ZuaVUzFmBlNM3x1dT0NE3qwUTHvVavIN/m6/PliyIkLrDL5iQWKqylOuOdFO7bl6hg1PIdUyme5yetSw1tKryOAsTzhq6dBaChuc4Q0v/KNd8HLfUByM0/Knyje9uDc6oRP9Mh+/S5pNYBiHn/LGRmVZ2czFT6V+plzxHnVvamiBQIuGqAZNswK7SOx/jVZYwLGKdCdXmTP8a4aVt7pZv/D5jBpwChNBOyzKhxZniKJ5fqYpLdMxofMpzE1t+O63VolavsroSDjQ+9woXgZHVi+pb9jV8dbSrx7o1z02syv1Nffnx6prXalwe1PGo4nwPbvCajmlbXiephGtacOXJuL7eyQIgOV5CkpBlPkl4vekd0YreRsea7lHODY7zesnGn+xzamjRbZnjKl51yG7bGr9yHbvFleNUNHl5tSkX2FpDa9++VTDQN++w6W6CyxtcL+za49G2Soh+MM/0mnUM1j9kvK4Him/mxmtUxV3Gnyqrodey8Wqpr6x/6Oodz6XQTfgahM3OJwbHW9/B8dq4h+mamFe6xk6o65yVpVCOT1uWK4f5w49XmT7z49WWlbVLo3Q1r8anm7YjPJdY7ttbVlV9iTte5M9ccPTKNLEa1VPxSu94OWM/BOrgXfoJ0fuIbsuuVP3gXfcGI9Ux3fGpbLyqa8u21uOQ8qZ7Oo/35PZ9YLzXmSMfjG401pE3l4hnaGxWRSmyLEMOgrzIMcqAjADFaoHrx4d49d4dnDw9wXxxiWvXb2A+X+Dg8BpmqxPMFjmKsxlOL1eYLQFKMozIGHm+wmq5RJZRjEBBaIExIQAtMM5XGKHAiIwxyYD96RgH02u4eeMQL710jFu3r2Nvfx+gFGREMNmbAIRgf7qHaweHyEAxHhFcu3Yd070DPHtxhr/49ltYvPcBaL4ECHB58Rwfffw+PvvG69gb76P8kS+XzwBQ/Qi49uM/AB9NbuNlPJc38miK4vAmyOxF+z6kgFTHZLqHZJO9gjYbIds/QjE7j6M+yTojLYBOSEhISEjYcYzv/iKm938Ls3e/tv6AYv2gVTuHovxtbnUK+5ybh2VW9nn9/Q577K2Xx09osG9sTHCUP0VX8aaloLVF190TGNYLqNhDaq08AgUnlhZdttbGmwZvcRZrEa+BcIyohpnE0mqinAPgwtUZPnaY50LL72jCW36HEwmvlVdvGlpznAAod0Tlua8dC3hLui2/Q021Y1i913ZY0Y4RQls7zkrneaP8JmcgEvd85VsZSJ532bJyHO8oruTK8LOd9jhefp36BZvqTxKyjtLawZ/jWla2o4zKapZvumNYYwd/nkOgnzzfLP5RdKO2RdNCxm3yTZZ/OuAqVpMjCefHB4Y7RFG2o16HZdfxXMfWGl7FG1YpGIoG0rSk1G9WqpiX31rqsIzzlrve1Cq6Y30xYYvrwLZiJfgOwh2lFNU9q8bL8YHuCzZLSyS8ZlnDNTjaXMtajVfrwVDcwLiAlzv4k25e5W93WHXzr9MKyoGMy06wzkce3All/wenB9iEj3Dj16YCMF3jeZf+aVn+fFW5zNb0jOmzjJfWpGH5ALUSqJu3d7iFkPvON21L9Cwg4VCgtmBqEzA1b5TarTfljv08J03utkN09/hUZRt6Cn3eDnAHh4R3DsAIVA+guvdbZX7x3NTKyuc94tKH30FQqH/NEsy4rUObcmR6WnKd8SlvWTk817ECfWbVaXLuuG57leNVjnt6fmh9O5covvKttC56TVCbn2Ofd/OqIMMKmI7fmJ6W49X157IfpLP5TOPxqq4+d+o1q2215BGM1xbzNDhFbX4B4nyzyD/9xNkYXk5UxdmEn13Pc4BTGwGXjWdaXKxvSuv4/Koazyn1VXd8KhuvlhZiXuoyOJ2ueJWPaDwOlcdNYNj8rYRTFS+RI9V4QZ5/rOdKePmewZBz5dUVe7rs2QAAIABJREFUosG1Juw52wqYgb7y74Ek49UWZ3os1NGad8L5VFZ9CWfX87xVvsDW8kjFG1YXZo8D4uaugf/6VvVackb0eFmOjEus5H1Ee35OwHWs4/hUZWV/cYrVX/8vpLKwKTgxsISA3P4MUKsxf3t/Ml/gxd5ryMhaO+imCdZjjU2fIKRWG4qCXU9GoHQFoMAoA24cH+KTDBiPMmTZCB9+9DFOT89x+6W7uLicY5kTLE7PsVhh3c8oBSlWGGEF5AuMabFe7Iwce6MxxuMM0yzD4d4+DvcOcfP6Nbx89w7u3n0JL7/8Eq5dP8D+wQTj8Qh5vsLN27dwdO0QBQEO9g+wN56AFitkoBhlI1CMMF8WAKE4PT/Hez89w2KW4+z0OX78ox/hr//6r+Pw8BB5kQOEVJpQizo2n6G+kB7Ai73beHrxBLcm8iV75PA2yLMPNsG0HJ/Kxqs684uC440fqKfj6fiWH8/2j0DnF9HW76odd0VaAJ2QkJCQkHAFMP3s38DlO1+rPqC0+fSFaifo8hT2OffMw2yxKYL/vLTl95BGeXTzP9UOU+vnNf6X++D5pgSe29h18VWFtXjtugYXWQpo76jAc03LUHIq5s2A1LgUtHoern1k/BztBPZLd5SxlnHKOETcfoeS8nyeSyxUnIq51HY0cLUAjOP1B4iSKiZoIX7hpawF7bZlPtLyP4VcEn79/PKSb4IyVDIiu27zWeMdiyCs6h1KKn1cW0NOafNz2rTgOcRcaHUSoGaZvtVrqsMbVqbDMsuam+cQcFp/vl5zdkJ57+O5KzrzrZZAMi4UaEYbDtUs80OwY4mmjmlb5Q4mEq6p11DxEirBaHMKWnvJw3Fa8c60R4eVhafLcuXYelfCRd9EZXkfH3SfxO8UqtzBn+elXmpYitr4VM+CK0fGta10oN22TTUQ6KtA75R8U5MWt7SsOtLxgiwfyw8FesfzVoercWcPzG7osh34hHqrMz51HK9WzSvmVdp1cyN94MNVudvmfqNjMlzplCs+faTjA13BtoXsuU7GW19aCyBzvMaVO/gzPeO5raVmFtz1DV7zp8GFAa7lMgRc0G5cOnOcir9ON99E+cfyiudSW9WoxTU8EPYA0weYrh4pEwATq+jxyvGsanzKuk+p1xIu0k9K1c3Dzuc5LMGVwXXnNucudcs3gRWVa2CZP8bjA9r6D3kDdXU85RcaWtlztuy5nNdFTt/cd+gXlNuwaHDwnEp46z6EJjQSXGt80JlvbCGjAacizluWDtWZqh1GQ+mb0hpPOEkESjSAYfrGc4qy/lVxEs6lg7Gl3bbV7SDmQug0c9N9rbtpZ/EyOZJZ2XVgaUTbvJFe6wulXNlxFRGSBUI7YB1Wo4GMd+xX6F97PhXNz3kOCW+VD3H3U3EHMD0TclrxqvkEHB0/wKEUpj9oVP2wR6avQr3V0jcJ7xqvCm84El5CpaeSGMl0S7M7dfYijeZpv4/YXH98F+TavapefL0BfEz3NtMxZOPxepEzCABCUF+AnRF2J14fy0gGUgAoChBKka+WKPIVzs7OcHB4jtPzCxRkjBdnl7i4uMCqIMhWBRYrijGhyFBgVFBM6BLACnsjisO9Ea4fHeD29Wu4dfMmrl2/hps3buD2zRu4ef0YL730Eq5fv4GDw0NMJlNk4xH2JhOMJhn2Dw8wno6BMcFoPEYGClrkILRAvirw/7P35tGWJGd94C8y7/beu2+p916tXb2o1ZK6EVqQLSE2y7JYJNt4xGIMiIHxgkeDZ2DOgD3GB3QYBnsGMyw+cGwOh8M5xshmhAZhyxiwWI8RIIRAoKWhJbW6W91dVV1Vr+rtd82YP25GZMQX8UVE5r0lNdT9+rz+1S8zIzLiiy9+GRmZGXc8kcgHI7z05Z+Nw6MT7B8c4uTKTZyMJ7hxYw/7+0fY3j47S5/nmMqiuhgoiSpjxnyGp+wq1nAGQyc+tL9XtoDeJnByO9Ti9TGq1wjul8v9y/1/UfZ3VyBFBsjp87N8d+H+eWz5AvTSlra0pS1taXeBde59FfKVDUwHB/btt1A3otWEcAYYExPqfl4iy2yu9meKkwnlaoKh/Kc5YUG+UKVf6EdXXAl84SohIOj+quCzOqdwI73wYnV77/Dy4YSaBGA5Pd6bnwcj7vC6p44JhieisyAR/Fyj7X4s7gv3uisy0RWYXF7LAQtacYWis2KzUX6TV5sZbtUywCPd0ouGceHEWqo7kjMkxstHKRdqMsrg6iSM3llckAlc0RDBoxnpekVnykMYckAMUwOA6J3aWL2Mx3ApG8VbeTqbp6DwI2I81aICSDEc4EY0+rlH32y5SV2BiUGtxzVQpS+5qpfazvEZNETGfw4nFyy6wqGXq1wWGG9RTKtNdf2nPIRmZtHxAnMCkca5FZgodx6oUR5ClT7xAVtQXw2hoTyIjRwuSp1Wh8e4217R+Jg3/ph4ZLHmcJ6OH1wjNaL9PVrg5JIDMPW15OyKTAn6l4KsfkfQSK/Kr7b7eWlE35J4HeOaS4R5vVaKx1vS+CGAVfltPYvxdEFW5gxIjX4fx2q8mqivTcerXPoYGvpFVwxleeU8RPWTuwFJbmAEzTl8nuFxCnJyxqJdQnfF9EiF7/D9K9/hRXn6soQRfufHqyD5Vdz0nMNTBQwMj1ni7Rl3PeVO3zzeKM5OXOUb4XreTZXX1rPY/FxtrDt+o/OVjJ5qnjI+5carGqG95HDBcOHjdve0uFErjgMN3TyHJY8PKOrDRJiXjqmam+MGqvQGh843zJvfvyaivn8lnMH0XyBRzUm4YLioyXX+fPgIwJquUjJwJ+Mv1e36cMqZ7DRn9C7I4dNPBgXDCSLGUzt8zfFprAGj+lrqm/pfWP88emnpqQcbVEenV9Uz2j6qrzW7uxNQMVMVU8nrzG+hijyXMygaYiRfVQLvis4BveMvgIlYc0KE+wU9yp14ozwl3ppgwB1B9wAQZ+5ByMbTKa71LkNAlO0qIJCV/y4A5IDIynNNAQhImUOIFoQUEFmBPJOQ4ylGoyGyDNhY7+P6jRaGgwEuXriA4UjiiSefwmAwxKQAxGgCCYFeO0e/18Vat40OxljtZNjdXMXO5iq2N9awc2YLuzu72Nw5g43NdWxsrSFv52h1umi3V9FuryJv95BlbbTbbQiRA1k2e8idARIFpmJaNkKBAgWyXELkEtvbO3jFK16Gq9eu4ebBCY72Rzg9HeBw/zYgZqojBJDNPFP5s2wZczw4ixEJSODa6iU8NPwE2lnm8XZpK1sQp+oF6JjiGAFUcrVAkhIwmzuHzx9/S1zinzPMe6uYnhx+xsuxxPlt+QL00pa2tKUtbWl3gbV2XoD2PS/D9OPvtb7oVa96AND/UitB0y/bi0Jakztqv14Jukyv8oPm5u0+rDOyKIH4EggEY/lyX5KxX5jFECy3B2rVyguqvPaEBsPV4RzWdRNJr6wu11WOFND50J5k6Hi1bjPR9POg0WAW99Sj7ByANRT3cEky9HL2BPPhPBPS3AsURnn5FXIMRAxV7gm8nJAxuVFc/wOSmEXlwg40buWjKhnHPSiB6ApNFFV6ondVufy8ub7VQCU0Fke13ceVUU78XOd03tM3QRVHlIdQpadcFb0sr8MlwyNGj+G4yjsmP+yKH169VivlqXBK4LC5arGq1/g4g/YFNbGBGL1jL1gRDF8gglh5AwY39ktpFJfh6mjKtV4z3ZBDclxVOo4HItDqoLQAym12AdgVRhVKhnPIpUtEJHLdOWqPVz1+M7nOPsaxcOO6V5BX1I913RTLL4LKrOGa5Ls/m4HyicdH5g778hrQP9ThDEqJ2IrQoJzkw+pfKt7x8arazXC7hS2u9E85VMXVjBN9bBxvdN0xg0vw93W6OWQZj9K4Jvr01RtgUUzVsSSUaD5eZbCqViLXVpd7bB5BCeVZBz3FqcvteKuJsWrT/kFQ1SM2XvBbpIZat6oK+rmBSt8oVyhrYkh/DU/FePACWmd86ui18lUir9lCIUsbHxD9U/pIuUomJYkzGUaEUdUxiasTq+0JHSCqr7HxKTdetUrXkEsk367Q8HDCRe+oiYu0qAB6MJadp7kptxAMb4JSvfCk+oPL1QSE5qUDKK8K7eM8pupYI0wYn8b02ykX0ecq3ph6apuXG26hvGH8zfKQVV6EK52zuJFpiv4FUZr6nIgqPeVKgcryKn2O8oiAxMevhjeM8Hf1j+HBsxvNkYoknVG6IPdaE2FRFtNvyjmcw5zuUuoY5Tyq5wQejlIVZMlliHueR0jPB+4B7sWE8Rz7C3ux8WnqeDWqw6ot/BwmVzcElHuqLzbPB9v+udEUWEX18nOJVWTMfFxezQBRfb4hAEBOkWdAIWZpW+0cZ85s4Z7BRRTIsbG5iavP3cDe3k1MplMIkaGdC/TX+7h44Swun9/F7uY6MDzEWifDua1V9DsCK+0Wet0u1tZW0F9vY3UtQ6czhehkyDpAnklkLQGRz7Riqj6aKMrKF4DMZn+ZzEoNmbVnq5Wj223j/MVzePlLX4xHH38azx3fwGQywcnJIbI8AzCFlIVZc+NfpTaSl5/VtusT4FKH97nsbWr3VvMJpcWeryg9JQLmzG8xyZe4xLsB0VkBTg4/4+VY4vy2fAF6aUtb2tKWtrS7xNoXPhuDj793drslqltSIaqJBWUS5UrQcO+DM8/9PqRz/1+lK3kmhDc/7/yNKCciBM9nN8+E6/yqL2mrGnlmYNT2Jk8QAxMktKbcCgtRREMsG0CUDVCtKGGgdjjhOh+e66cFAvUQDKfmC8iE+SeLu8l4FAxncc4VolJWLKCY5OASRUNUfYhy+LlG34o5MbRKHeHCz2l1Hd7UkgPHwITsNC+bVW1MDgN1OuGZEA5x9oEbj2ZkRyeI6YoxIhG59BFMWiHM0Tuqk2Y0Ey4YLnzcQG96u+29vIk76hhXAAbN8YGXe/TO4lKQy2UC9+bHoNHhLS7i3MJUPV2wXtvrwZi83K/0TheX4WC4o6cEm3RPq7wRqxlvLKaaMz4ox38hnqSfiSjqoxnpUX29Ey9QBVBY47t0XkW3X//qxp+F1emSh5/K2PHBouNPc6UDILqAsvkMBaAcafrXCGP5KlT6bHBVD6XXDi8rQ3kSsuNShLk2QRjhpH3cFR89qJLUiDenuBF04tFbG49F7o8qHQhwbwYMN+63gWr8qbZzvLaOKkwYn+rjKUfCCw6NBIfqpNlahBsvFFhcAu4EiZt97HrbNN7Y7lUXU4b/ZmGd8Wq4/yb3f6ZDVSvwlRyEl7pFeaNfNElBqr8Jeq3qo9L5OeO/yPXH5ahlsetpbTmPYcPxAkg+Fbf1TbgXCJh6x/KG46vY+K0arxrcSH8nxqPe9IHzVL4s5wvK4tEV/F29KzlrnoCMCiCDgTME+Tzj0xRMvL8D5fDzqIPu8Hyjo69Kf4XN6/yCiVdHHSyLy+o0WG56KjRfm+LeuvEXs6Tr61zxF0N1H0g4GE71lN5PRubr5r5/rTn/WPsXqJqMT3V1lH5rb8D+3MDDjQal3THIqwaoZ00uYwFzikO7UzT+TDXxcER44nMImNzIwYxsLyYPeCLHp/ZYUl7uF6gsDrO5Ilww3D4t5OoGRH8nGBbPZatl7rR1yr4vyvyFmiealmUu/SILjMdj5CgwHAywv3cb/f46NtY3MJXAyfERDm7fRjvPsLt9BkIC/X4f991/GZ/1WS/GpXM7WMkFJgc3IMcnWGtJrLQkOrlAuyXQaUu08zEyDIFphmKSIW8L5K0WsnxWBimAqZQQKGZjGTkrryzbrjD7s5TIRIFOO8O0neGeC2dx8dwuPnHlAMPRGDf3bkGKDJkoSn9ICJFZHpKmiKOKR/Wxxo18HZdwDNZW1iE6fWB0NPP3nM9XGj0PX+IS/wKj6K2gULr9PCjPXY1z2vIF6KUtbWlLW9rS7hJrX3wEgPo6tHql1Vxd1TS9ErQ6Tm03xiKz9PYBejsYXv7Pt3CDsLi095c5VOUMc/0zPmS/+pcwCm5xWfEgwkAJNF5RgUFV3hhn0WkA2mDw85mzYdzhR7jlWtPD83HviibqXOZKIMLPYaCssRKJQnjyqYGIcW7lEr1ygaq6Z4JWeiZYY1ylpnxBqGJAhUeUm8aFQ/CEd9gi3ctBmpaUV8a4Sko5i1QFIrzs55UMyCBCp1f93cMZVPpmlsTH58JUnWb0Wvldr5jAcCdgvQFsWkpwBvROJnLfhCXlIawqDFJh1NExFmMrmIRWNFE6TLmBVT8yBiPwcEcwqgdOgdZweTzsbTS9pdxMeQhVesqd2oQ5a6m65suMc1gdXLSR8kZXFqX6yHJZxllNNNN7EIncqIBVMt941eIIoKFzPMLmAMknzJWx8RmMN07vPFz5pm4HW/QIiLvAM0jHgZa+LmS8qtzVkNvdxReGNoefm81jVC/OF9s6/G0Mg8ocrur4fNE7yjXKMDczCDrIz1N1rDFGxqfOcWZ6o7yxXxpwblBQ6ZnN3f1qu5dLhkvKfaheuFHxpl6sUfLlcqV/mpc1EHBrtJAeFdE3VhdTx6dz6nUV3QyXfl6NSyPc8GSKOxw003sQidxnKo4U4bi3m6NZ8+j0ifqtLMadiqei4xCPg6yCEZ7cEg2Rm5ej9+FE31QDzvsLUvPqc+UFVU5VXJv7rkNOc5RxpHOMxhvRR6qXyTyAMoyqI3tXFJ1H3+70+NQRIIZr83BPB1/8/FZNTOtW7nhV/U94OIOq+mYeC766zj3fwIUTG17KautfjNdsGHqDAaOilIcwEjFzj19j41NdHZUOVXqrO/q5049UesrhMzsila4FuRSG++L6530hnPIQqvSUw6OnAd54fMqNV50OHhvgqA6lDid8UcZ0J5abVFWT8hCq9AYX62chs5avOJAAxsUUe90LEEIYf1UVhI47+08AgJDIhIAQGWQhURQFTk9OIKREt9OGlFPI8h3idqeDXq+Hne015EJgbXUFF3Y3cW57Hed31yEmY0ynbYxPc/SyCVZaQLcl0G7naHVmL0LnAmhlLYwnAnKSIet1IESOaamRQgBTOS1jHshFhgw5ZDHrI7M/ARQTZMUEQgjkcoT+Shvnds+gv9rD6ekpnrt2DePJBN3WrG6VQ0QZY+XHboaflMYIOXsZ+9bKeUwGH0Mry/2xIVooun2I4RHTMg2wrl4vcYl/oRFApwc5PH2elOcuxzls+QL00pa2tKUtbWl3ibUvfBbyjYuYHlwF1MQDqvt4a4VmWU1MZJ4JDJgTEuV2NTXBTVBIqe79BKJf5nNf8KdMfOgJi2qCRZ+8xKQVRKHuSdXUeYCXk3OqfuwKoRQRRnA8xQ1m4rpjxljBCKovxJXZ02sVr+JLkPdV4it2ONzKN3EFJgNn5Y/wuo6gDmm44ortPZOX+4VC1ONgeAyZ7sh1T0HiLRbP7AGpHaSmJa0QSl84QI0HaKIhGum1viJhQpjoVxJGBYQ2qKeBS72jXFgBUOkl5fPGm/AVJwXJhhiPB3DEHLeKOA+csNLX2f+dFe88eudF1F1xqURnpSUXVT00L8un8rHrldgg7AWU+Ity4j9HX1PCfQHx5vCa1UsNx/j4QOmAwa1cIlwwvNy08BVCyfiz1gO2RAzqq9HwFVcuCOih3hjhUhruNHhIjkmOPh6Nx7qYmn9if+LHq9EIJ7RhB2Nq4OirWmGJ8KQVQilPwQT9VvWwuJFP0F/OgF2Q9qCcZFXzfqLu9bZpvDk8Rb8pB1CN9BjOnjBSgJr3rw5X97V6vBrgRn53fLzqRXV2Dzf0ja4YWv0CidHId/j+1ZETJjvNm8QbF39eFDZPvL8D5SQ/t0YM1rlfpTwBuRVCKZ9/BXvYXHejODc9Zeop5TWqzcZbbUu5XTPKxo0XWBQxLHsy5WA4CCf69nxbIZQeL+HXU5YnjVNVdZReB/SSciGbdU+4PMlqujum144a0e4UjT9h5ePoZYyXjqr/i2U2guNNB9hgeAxJACx8hVDKtS7z8edFVFwZDRcBo3tTvqD4c8wJyDDSFeO58aLguNY5lPHFcQMhjHwiSHQsxtNu0ALYaP7RdLbNld5pLvx8FlcBXq8WxnghofhlAlqdpPCr2b3Z+IyeoGSkA3JcmBxVxEZRMDyGXHpScYfP+XwloYMTdwprdzVeJRw2X2S8OVgnf6Nw1B1BbiYCgPVdhOzWaAqsCLu9pAC0v8p/6z8YY9MMKIApJHqtNgbHE0zHE/S6PWRZhizPsNLvozMucOXqDbRbOc7unkFbZFjptNDNJE4Pb0GcW0c7FxiPh8hkgVaeAXKCaTFFLnNICEjkyEQHcppDiDYwbUFOcoi8gzzLIbKs1BCp76WFAHIAKIwYLMdvhZAoJiN0c4nVTo7N/go2+ms4Oj7F6clpJRjOfZlyun39sPomgEJK3JpInO3wvhe9PsShmZg3bnohKOeoEW9LXOJfQBTtLjA8/YyX427HeW35AvTSlra0pS1taXeJZSubaJ17EaYHVwAAapUgWe4v1KR8yWNfuKuX3MwVQ8stmrsoIvtnuczuB2WZJBFpfkZ5Zzd39vYoanO5PRCLcbATGWitIOv12RvOYjIABof+gaBRfbRXkHX7kADk8U1IFNZxon8WAsD0dB9iOrJqZLaIjwMAshay1TMAgOLoundkmrwCiOETL09Fml8trFpImlSXWzWE2u7hdgu7fJ4VCObFyAxaoxcmnJUgVHwx+3Vuzbgyy91GNaJuiFh0hVCtH2qzNHcbvAFKILZiEygn+Ti8tr7Ni6i45f9EHjPjdCpZkJOkc/WicPdJmiBUpnm5kbtcse6NuCfG1bnqyVH1CKqKMsLLWXIp/VxlKIm+zfloCin61uiFiQXqtfMAj+Gzo5kXItjq0BcmGJQxlKQ7yrJ0YV5ZgEvwOsbpHtGz+isuEYzlRxB1uHK0riw8jidcmaN/kriP8Ib6UMus+lTxRrubxRVl9K/u8J11H4PKvJzUp4nMONFN2iymf1ovKYfJG6IhCFIwPDZg4gbsMb1bxHhVBYxqsWBAuVzpn9W80uXzxRv9jLcGl0BshXUVCQ5XikPHaWT85qwQSjmjY7XGp5TXQX12aZTCKJcuLsMBa/tCbR6B4col01GdhhYnuXiqW1NeB2PVL8tLx6szbpRY70ypUcVpD7a4oWONV8CXDE9EkPw4nq53XAMw+7UxAanjieGm6+c0p/VKHbOrJ0k1CKd6qcafarusiQijqniMVx0yjM74lXRsh0fHqbC5Tl2Xe9BwdPLlO2Y19G3h1qS7eZJbPK3Zk8ejrkr4PphXeq06huofHDf1IHJmMl6r9Qt5i8YEvebGq1pfVf9I1TvKWUsNeMO8bqeBQbhzDsKNcY/SNT+vdE0dYOpcI5SIjk9jv1ip6kPHq0qf6XjVQc4vVu5xXo1PS98JyhkkZ3cwVnymOguRv/qCk5ZnHUwoXoxXekflTH0IFOAh/YTveUQYVUqBME+9wLA6ljo+5carqah9ncbBcrt6odt7UT4D5GxPtqBfOocoEwkIZLN/ooAQ2ewcooDQ7T679slCIstmz6JPjk9xenyCVj7F/sE++v0+2r1VdKYCW9ubQCZw6Z6LKAZDYDJCr93C6dERTg6OsNFfQwEBkedAniHL28hbOcZSYjLJUIxyyFaGNoCsk0OIfPZic5EjzwSAYuYnIYFcQhSAyDJkUkAUhS5zURQQQqKdtzAYnkBORhByikwWaOdAf62LzfU+JuMRVlfK57NaMArSb4TlS/oh8C30cBYT1vey27evQxFjdYzTPSxxiXc3inYXxfOgHEucz5YvQC9taUtb2tKWdhdZ59yLMPz4f7O2mQ/SZtycaChNeuZjzfSe/d77aKlWmg5PcFSfopf7WU7QPaN/f5Mnhiq9qFZkUPkJRLjw49Y/eCeytZ1wo0kJOT7B5NkP4ei/fA/k6b6eDBXl//t/43vQeeh1AICDn30rJk9/0Ki2wJm3vhsAMHnmj3Hws2+tJldVGxImyDBz/St+AO0XfB4AYO//ea0RLDUx0ZTbaXMFm0/tDsWfRrqiCUW6wgnDjfwq75m8WpFKTQpZfFErFlAUYaQr1FQrhqmIiqBvxQgvGvtV7pRb+dtcmWCqt6h4swTQ5CHUhSM8kJ3m0eZXK+0Rrk8Xf8AW+0lC1VGqibYycglPQk6PY5iYf90Vw6wV/Ck39I3l5cs/kW7kImwEx5vEGxd/KUYKZs1RezlZ0QSu3gW5VCvqBVClozwFDcfHuIVRwYg4KBGF1m+Vq5/rs2od5jhFkr4uRrqj+TKhw1OsacG00Q5C9pa65XA9Pkh9wNYQBcMNVI6zOFyehI3Gq2ZjRC5gpMH1Cv4izKv4DTdravwF0ZMPOM4d0DgeqZEDdP8H0QOUzSfI+NVWAKVrlIf0Lwnp8bF8FRp6pvSZ4xrrOJY2kBNAYe6ucAsvX3S8JaNIQ4DhiJjxwlTZYHFu5RrWG71iP+XC5vOtEB0en8bQ0lOkc7eBAxwMDw7ABGI3oKnX22h8UV4XufxpjUj40BUEvfpn51CPN61QmQ+np5qnjE8pqnwoT0GPPqvi2JzsT/WXHq8SvqD7B+fsJFAWFW8a59FrAWN+Tm0Pc3O+sVYB6o7flJ7q8epsO/dBuoShe3X0NFWfg3qtSlu98gjFjTeMLS5hzC/AH28N4i89cEqgchLLrknzq/SUA0RtPJwbzzjcr29RnPP+NTaei+pr6viUG69qhJ9rXQbR6YpX8QjP8woaERGr6X4n4GLZM3IUGy/w8ad6LsP1c4ianORnKoTFkybsCToNVkNfSQdN/QUqrcdeHTVq551PVcVnuEpPuZO/B404inELU63e7YDf3YbR0zvFc+RMpHGdD8cZZJ5HuPNzHp6Cc45PY8j94pQqf/ovpKpmi3CRgK0usLql08EoseL7rQ3n3nx2UAaBWbvO+lFRcgmBrMwlR5YB7XaO6eAQGXKsrK4gFxPsHx1hLIEimyIwAAAgAElEQVS8V2B9aws7uzvIWi1ASowGA0xOjtERBXqdNQwHI+RbW1jpn8Hg5ABFJpB3OxB5jtFwjMHJGO3pEKsyQ68HrGQZxGgAIdqAzNHqZsgkIFqzVadlARRFgWI0QiGz2ctzIpvVWQiILMNoOkTWbiEbSeQCaOcCKKZY6XbQX1vBydEh1vv9Wazp+1fLQYQZY7JSew46GwD2XN8q66xBtDrAdIza41NuvJoyv+jZb32gvty/3P8XZL9od1A8j8t3t+yf15YvQC9taUtb2tKWdhdZvvMg7NtXdS8j9FY9maM47H9IgnY+QCGrWyl4sJDmSyDldgnny31BuMqB8hSUKj/FAXeFhRg30lnch+X5gqgm+2ImBERnDe0HXosz/9N/wfF7/iUGf/IL1W76NEEWxD3V/tY9r0C2/QCmNz8ZOKGs7ocBZBsX0H7Ba829affRc5n60r06Icel4vDx5iuU6OMpZxAxLv2cxYCDqxfACDdvIDSNTNDC/8ArWgoZRhUDmsPPmeZPj6+FxJsnj5iscOnKbdYzFk+zxlcoMfQRDbiU9nZpIyiHn3sxJQAM1HpnlCiFB3VXRlC5m3J4uDTvr2dcHaDn+yif14LxZgQQx0ECzOR0wkCjqodnxZJEHUvG6AomDE/Ua8S4tphguFxCGg95CJcVD4Y9Asg1TwhJPk1rp20effPlFb9s+SsQzDSwl3TC6Ar+lGu9TEAJY3yahiD5cDwZ6cA7gLYaePTVo3dRXpbE4Q1RFYcdL3DxqDd69I5yp8MZfO4a1LugcyvwefU2ZXw653i1cq+fV2EX5rX0gTZXVV2XL7Z16gxXgnJFw4cdH6QKdlMjehflzkmNBlQVN3h0BX+lZ5Q3RVkPQdJb3KiPxb0NbMQyPNzjNxLOhEv/6VLjzRd/Kq4oZ7EqkcMTauDtAXVvYEI9khOAOhjp8dHxbGx8qrqP1muG+/RTyrh71PGUo6GRPEh3djlJOl+8edCXbw1U9ak9PpDOP3gHhTpe9IQ1kbvP5u7LqS4SfZt/hX5PvhbC4qBcMty5DsG2hABPGh8E4029yFiDSx+nqMKhOjK2wuid0rco1p5wYgTKN4BR+ka5hC5/lR3DSTjURhlGp9vBz72W4ma7+klX02D2nBxxyKWDCiPpciu8ZglZHu24kRbiGiK5wQKY4KDaK/ZH9M+dT4W9nXIw3Mkf/u4X43OY0jMvlxWv3OfhCHyAIyXqftAY+7CH01ev3ibpG8ND41XvBYfh2mJ6yrQRp1uJ3SnYixLc47hrZQPIO6wKTIopjjsbRh1nf0IICGSz56+i2gsBCOVbCEg5e3Y8mRZQH7BMJlOMiyEmxRRHJ6dor6zg4PAQeSvH2uoarl69gvHxEc6f2UK310O71cG0kBBZG2tbOxgXBW7v38LNWwdo5S1krS6kyIDJGCMJrEzGOB2eot06Qbc7RH+9wIrsQrSmkJlAkQsUMkMhcxSFAAqJTp6j1WpDCoGpnKDdEiimBVAUAAQKSGStHHmeodfrIW9l6LRbaOUtTIqp1bACgMgE6HNg1R8gVHtJHHe2MBncQCvL4LWsDdleASajUMsnYefyi5GtM6t9FwXG157E9PZzqrBe1LW8g/t7L3k1kGUoTg4wevLRRvm3di+jc++L0dq9DDk8xvCJj2D09GOQ0+lCyt/avojWuXsBAKMnH0VxcgAAyHcuebf3Hn7N7EV2AMOP/xGK06M75r/l/pr7RQbkLWAyfn6W7y7aP48tX4Be2tKWtrSlLe0usvbZB2Hf4CsrJyLUXglkmTDu99U/Kp7yk1UITFjMvvwtt3uW2JAQEHQ7PT42ccFMYKStIFqlF15UHvTw8uGEEGFeub/A4Tu/tSTleYVAtn4B+dmH0H3kjRArm4DIsPYl/wTjJ38fxcGzbjOWyYWRDd2//jf+D+z/9Dc6sUHzUNZ/43dbG4S5n0FnQSL4uRlv9vzSor5wr7siE12ByeVJuOAVVyg6KzYb5Td5tZnhVi0DnO+mPBrmCdGwpbojOUNiUblQL5QbXJ0koHeaCzKBKxoieLT0VHUMykMYckAMUwPAq3eVXrJcykbxprTJ4iko/IgYT7WoAFIMB7gRjX7u0TdbblJXYGJQ63ENVOlLruqltnN8Bg2R8Z/DyQWLrnDo5SqXBcZbFNNqUw2PKA+hmVl0jok5gUjj3ApMlDsP1CgPoUqf+IAtqK+G0FAexEYOF6VOq8Nj3G2vaHzMG39MPLIYcY+XB43UiPb3aIGTSw7A1NeSsysyJehfCrL6HUEjvSq/2u7npRF9S+J1jGsuEeb1Wikeb0njhwBW5bf1LMbTBVmZMyA1+n0cq/Fqor42Ha9y6WNo6BddMZTllfMQ1U/uBiS5gRE05/B5hscpyMkZi3YJ3RXTIxW+w/evfIcX5enLEkb4nR+vguRXcdNzDk8VMDA8Zom3Z9z1lDt983ijODtxlW+E63k3VV5bz2Lzc7Wx7viNcE5PNU8Zn3LjVY3QXnK4YLjwcbt7WtyoFceBhm6ew5LHBxT1YSLMS8dUzc1xA1V6g0PnG+bN718TUd+/Es5g+i+QqOYkXDBc1OQ6fz58BGBNVykZuJPxl+p2fTjlTHaaM3oX5PDpJ4OC4QQR46kdvub4NNaAUX0t9U39L6x/Hr209NSDDaqj06vqGW0f1dea3d0JqJipiqnkdea3UEWeyxkUDTGSryqBd0XngN7xF8BErDkhwv2CHuVOvFGeEm9NMOAO1j2rmwjZ8aQAcuWO2Tg6y8Ts35i9HCykQCYyFEKW6z7PTigFUGAKKXIUWQ7RakFmwPHwGJPxAFneQqfdwcnhCUbTIxyfDnD9xk1c+9QzWO+1cXF3C61cIG+10eufQb62jfHwGNf2T/GJjz2FvRs3MZlMyl6fodVdwbndDayv5Fhf6WFncwub6xvY2T7FZLODVkuilQlkogWIHgrRwcl4jKPBKcaTAhlaQN5CIST6/R4wHaFVTLCx1sGwleNgcILB6Qlku4sCEt1WD0LM6g5IFJiW0qXua0xno5RUObveGfF1UhTY4F6ABoDOCsTgAGHFMQKo5GqBJCVgZ/72/4b8zPlgewMS4yufxO13/CDGN5+dLx4b4vZb/hkAoDg5wLX/+5tqpe9/wZvR/6KvQLaqXtqf2XqJ0/0b2PvZ78fkmY/PVc6NL34Lei/9fADA7V/4MZz+4a8Ft2//nX8MZLOOtPcz34fhYx/4tPt1iQFstSEn4898Oe5inNeWL0AvbWlLW9rSlnYXWevMfcg2zmO6fxX0JVz9gVXJi0JakzncCntFgfLmXVrpfWuNweBSFqhWsbVTzkY6asWCigfRl4953kLd5OkKhDGSX2Uutwdq1coLdr3MJBLjp/6AneA4/vUfxsbf/lG07381IDL0//r34OA//ENdfVoc6h7T8nMvRn7xpZhc+QiA6jzKTJ6fuQ/t+/6SW9uEkarzoT05gePVxGahcboQNBqM1s+/QAAdinu4JBl6OXuC+XCeCWnuBQqjvPwKOQYihir3BF5O0JjcKK7/AUnMIoHh6B38vErGcQ9KoPGKTUTvqnL5eXN9q4GW0CiOaruPK6Oc+LnO6bynb4IqjigPoUrv0W+juVwuGR4xegzHVd4x+XFQpffqtVopT4VTAofNVYtVvcbHGbQvqIkNxOgde8GKYPgCEcTKGzC4sV9Ko7gMV0dTrvWa6YYckuOq0nE8EIFWB6UFUG6zC8CuMKpQMpxDLl0iIpHrzpE6TuX0jnKdfYxj4cZ1ryCvqB/ruimWXwSVWcM1yXd/NgPlE4+PzB325TWgf6jDGZQSsRWhQTnJh9W/5CWhFoi1LqiqPlYLW1zpn3KoiqsZJ/rYON7oumPhFff4FfikcU306as3wKKYqmNJKNF8vMpgVa1Erq0u99g8ghLKsw56ilOX2/FWE2PVpv2DoKpHbLzgt0gNtW5VFfRzA5W+Ua5Q1sSQ/hqeivHgBbTO+NTRa+WrRF6zhUKWNj4g+qf0kXKVTEoSZzKMCKOqYxJXJ1bbEzpAVF9j41NuvGqVriGXSL5doeHhhIveURMXaVEB9GAsO09zU24hGN4EpXrxXfUHl6sJCM1LB1BeFdrHeUzVsUaYMD6N6bdTLqLPVbwx9dQ2LzfcQnnD+JvlIau8CFc6Z3Ej0xT9C6I09TkRVXrKlQKV5VX6HOURAYmPXw1vGOHv6h/Dg2c3miMVSTqjdEHutSbCoiym35RzOIc53aXUMcp5VM8JPBylKsiSyxD3PI+Qng/cA9yLCeM59hf2YuPT1PFqVIdVW/g5TK5uCCg3q93rB9v8qAAAgepjy/J6BaGvZSoIzNjQ2/IcGXJACBRTQOYC4+kUg+EQUg4xHhcYDPexffYcnn36GVy5chXT4RAXdu5Bu90GhMDW9hlcuucSev1VfOjxT+APPvghPPXkkzg9PgEgkGVtDIYjDE7GWF3toL/WxmZ/BZcvnMXFs2dw+dIuLpzbxNpKG2u9Dtp5F4PhIY5Op7h6cw/Xbt3Cc7dvY2/vABMIrKytYXdnC21McWF3Gy958H6MMMHB/hFGozGyrIVWq4Vut4PpZAKRZ6U+eDqt4RT1AYKEtA49ljns13Vtk3mvGs9WmZE+TQRL6SknYKwJtC8+iLPf9mO4/m++A+Mrj1vZfroQicdpzHPs/g/fi879n8VVDACQb+7i7P/4Azj5o1/H7Xf96B0rJ91O7dPtzyWGEXn7eVGOux3nseUL0Etb2tKWtrSl3U2Wt9HavAfTg2ve3ULfBJf3Y4JZqUG6ExdZRrYbeXIP3MrbYzd/oVaWUplUXO1XN40W1/lU3KqR2tTkgVSNB1SCcnaFBcv7cFZqMPI7fNe3Y/vbfhMQGfLt+8u28eRjfFU8y4aeB+i/6W3Y/6m/Ux1PXihQk639N73NSSt0xsapUxEMp8Y0H22uIHeT8SgYzuKcK0SlrFhAMcnBJYqGqPqQbxLLwzX6VsyJoVXqCBd+Tqvr8KaWHDgGJmSnuZIiYfMoqtMJz4RwiLMP3Hg0Izs6QcytmBVDLn0Ek1YIo0j0tHK/hwuGCx830Jvebnsvb+KOOsYVgEEdn2C4R+8sLoXZHGncmx+DRoe3uIhzC1P1dMF6ba8HY/Jyv9I7XVyGg+GOnhJs0j2t8kasZryxmGrO+GCmY0GepJ+JKOqjGelRfb0TL1AFUFjju3ReRbdf/+rGn4XV6ZKHn8rY8cGi409zpQMguoCy+QwFoBxp+tcIY/kqVPpscFUPpdcOLytDeRKy41KEuTZBGOGkfdwVHz2oktSIN6e4EXTi0Vsbj0XujyodCHBvBgw37reBavyptnO8to4qTBif6uMpR8ILDo0Eh+qk2VqEmxMgJpeAb0Kk7vW2abyx3asupgz/zcI649Vw/03u/0yHqlbgKzkIL3WL8ka/aJKCVH8T9FrVR6Xzc8Z/keuPy1HLYtfT2nIew4bjBZB8Km7rmzMfR/SO5Q3HV7HxWzVeNbiR/k6MR73pA+epfEk/SLe5q3clZ80TkFEBZDBwhiCfZ3yagon3d6Acfh510B2eb3T0VemvsHmdXzDx6qiDZXFZnQbLTU+F5mtT3Fs3/mKWdH2dK/5iqO4DCQfDqZ7S+8nIfN3c96815x9r/wJVk/Gpro7Sb+0N2J8beLjRoLQ7BnnVAPWsyWUsYE5xaHeKxp+pJh6OCE98DgGTGzmYke3F5AFP5PjUHkvKy/0ClcVhNleEC4abp+32dYl84TBAa1aG2f8gRNluZR5mG7rhM+sjBcpxggDGxRRHpyc4OTrC4cERJtMC06lEu9vDwe3bmI6G2NraxPb2Nrq9Lra2t3Dh0gWsb67jmavX8Icf/CA++dTTmEwkumub6HRXIKXA6PY+hoeHmJxMcTic4sb+ELcOhnju+g0cHu5hPDiHi+e2kW9toMjG2LtxjGeu7OH6zVu4sreHT928iZsHRxCtDjY2NjA8OsLu5joGK31cv7YHsZJjNJ4CyFBMJXorK+h2OxgXBVp5PvN+6VShNLb006ytoe9Pheaz3aeiDWDieE97sd0tfR/RxyhWdvOnvgvTW8/p3Vl/E517H0b/dV+NbG0TgMDON74N1/7l342OaxeOZt0T05352v/devl5/PRjOH7/r2D4iQ9CZC10X/gKrLzsi9B58GUAgNbWuZlHGpbTLKUwysltH3zsD5GvbQECmN6+nlyv5ztufeW3YuXlf0Wvbl3LZIHTD/8Obr/zh0r+matH1mrP9Ot54te7Eue05QvQS1va0pa2tKXdZZZvXgSeqqawzfGEnI3sZv9WG8r96viiPEJKM40HdaY2l+X/pABQSCATFbdQaq6+6rbyTeTwcAkYL/1Km8uKBxEGSqDJigp28ciKCuX/NZ+MUJzeRra6DdFbhzTKb2ejVlyo8qWWb9+P1gOfi/ET7/Psn/k9P/cQWpc+u9xUACKrvDUrqI2Or8V83LuiiTqXuRKI8HMYKOdYkaQhIsa5lUv0ygWq6p4JWumZYI1xlZryBaGKAf3BeYybxoVD8IR32Gj3iiFNS8orY1wlpZxFWY+X/bySORnESk9Vf/dwBm19q3SN8rkwVacZvVZ+1yswMtwJWG8Am5YSnAG9k4ncDDA9MUB4CKsKg1QYdXSMxdgKJqEVTZQOU25g1Y9U+Uv3UO4IRvXAKdAaLo+HvY2mt5SbKQ+hSk+5U5swZy1V13yZcQ6rg4s2Ut7oyqJUH1kuyziriWZ6DyKRGxWwSuYbr1ocATR0jkfYHCD5hLkyNj6D8cbpnYcr39TtYIseAXEXeAbpONDS14WMV5W7GnK7u/jC0Obwc7N5jOrF+WJbx9VlGUZlDld1fL7oHeUaZZibGQQd5OepOtYYI+NT5zgzvVHe2C8NODcoqPTM5u5+td3LJcMl5T5UL9yoeFMv1ij5crnSP83LGgi4NVpIj4roG6uLqePTOfW6im6GSz+vxqURbngyxR0Omuk9iETuMxVHinDc283RrHl0+kT9VhbjTsVT0XGIx0FWwQhPbomGKMMoKTfTSzQfjyaOT+PjV9hcF9fmvuuQ0xxlHOkco/FG9JHqZTIPoAyj6sjeFUXn0bc7PT51BIjh2jzc08EXP79VE9O6lTteVf8THs6gqr6Zx4KvrnPPN3DhxIaXstr6F+M1G4beYMCoKOUhjETM3OPX2PhUV0elQ5Xe6o5+7vQjlZ5y+MyOSKVrQS6F4b64/nlfCKc8hCo95fDoaYA3Hp9y41Wng8cGOKpDqcMJX5Qx3YnlJlXVpDyEKr2qZ7vnK4bG02y2CnMmBIQQECLD7AVfAUCU7+CK2cvVghRUSIjy+aLIBJBnGAyHOB0McHBwhKOjY4wnBTqdLvZu3ES33caZzXW84IH78PDDL8Fqr4t7L1/C7rmzGA5O8dEPfxiPPfpRFNMC/f461te3sL6xhWkBZK02jk+HmEwLjAEUaOHGwQijwQCT0QCdFrC+3sfOTgejSYG9Wwd49plr2Lt1gNuHhyjGE2yub2D9zC7O7ZzF2c1NnN1ax86ZLQg5xdHhMUajCSAySABbW5uQUiLPchTFtKyyJO/xGQ0088IsysWsl6qIH2ZdhF6AlnnHr5+NcGaT/RuY7l+vNuxfx+iZj+P4D34FF/7pT0N0esjWNiFW1lGcHNTX+XlRlTrh+O5Dr0TvJa/WaQ5+5d/i6L2/YNf3A+/B8Qfeg859D+PMV/2vuP3uHy/7TLPymaWURjm57Xtv/xfw2qfbrwvEbG0DK698vb9eKSYyrLzsC3Hwnp/G9Pb1z2h9ZNmvnw9+vatxDlu+AL20pS1taUtb2l1mWf8cINQtljIJewrPd1/vTmDAmMCYfYXsTlDQqefZySuUUk1+29tNpF/sR1Fn6uEiviKBeplElP9XnmJ5OTmn6sGuEErQdnjVAnS33p61dAZm9axjBdlkkPET70P7gdcAEOh/6Xfi9k+82VOQWZp1vfqzxOhjv4nOi/9alR0pqCTntKfXKq5bSa3IQbluhgRu5Zu4ApOB2o8h7rRIIs654ortPZOX+4VC1ONgeAz93dJBq3tb5Q9zPuAj2NCSVgilLxxYKhZ5gCYaopFenSlpQpjoVxLW0VOugZUYEC6sALCvNK5+No834StOCpINMR4P4Ig5bhVxHjhhpa+z/zsr3nn0zouou+JSieyKSxWqemhelk/lY9crsUEcBDme4cR/jr6mhPsC4s3hNauXGo7xBT+UDhjcyiXCBcPLTQtfIdQcd6Zinfxj+mo0fMWVCwJ6qDdGuJSGOw0ekmOSo49H47Eupuaf2J+sepmFjy5pxfT3uhVkauDoq1phifCkFUIpT8EE/Vb1sLiRT9BfzoBdkPagnGRVcw667vW2abw5PEW/KQdQjfQYzp4wUoB5719L9K4QSrmR3x0fr3pRnd3DDX2jK4ZWv0BiNHLNeEsPHIJ+6vIm8cbFnxeFzRPv70A5yc+tEYN17lcpT0BuhVDK51/BHjbX3SjOTU+Zekp5jWqz8VbbUm7XjLJx4wUWRQzLnkw5GA7Cib4931YIpcdL+PWU5UnjVFUdpdcBvaRcyGbdEy5Psprujum1o0a0O0XjT1j5OHoZ46Wj6v9imY3geNMBNhgeQxIAC18hlHKty3z8eREVV0bDRcDo3pQvKP4ccwIyjHTFeG68KDiudQ5lfHHcQAgjnwgSHYvxtBu0ADaafzSdbXOld5oLP5/FVYDXq4UxXkgofpmAVicp/Gp2bzY+oycoGemAHBcmRxWxURQMjyGXnlTc4XM+X0no4MSdwtpdjVcJh80XGW8O1snfKBx1R5CbidorCNko71rtqV6E1m4yfCaVT6WE/phIoHxJWAKFRAYBOZXIRI5ebxWTk1N0uytod9rY3d2GnE5wz6WLeOhFL8RKt4PNjXWMRmM8/onH8ZE//iAOb93E2to65GSKLBNYW1vF+sYmNjc30O7mePJTn8Lg4BRZu4XxROBwPIEoDnHx4gjo9LF65iyyKZA/e4DD4yFu7R/jdDDENJPobaxhe2cX58+exwPnz+Pc1iZ63TaGxQmGB2NkWQaRCaz013Dx4iUAQJbnmBZF6ePqfmd2n0L6q+WfKv5HeReQx2wbiFa79HlYgUKPx6m2mKFvXV4nYwwf/xP0Hn4NAKD34Mtx8uHfto/LMnQuPYTWuXtRHOxh+NSjwGjQXJcJUp/Fjl9//dfp48dPP4aj9/4Ce/z4qT/FtR9+q6UM9LjWpReiffZeDP7s9yEHJ7XLWbf8FLMz59G97xFM9q5g/MzHIIsieLxYP4OVF70Kg8c/hOL2c2nnyXO0L74Q7fP3Y3JwA+MnPopiPKxVzuL4AKPHP6RX1W5ioyc+MlsRu4GfForlCtaf8XLcxTivLV+AXtrSlra0pS3tLrN8/SxkAainIhLqJse+aVIPgcyXAGdcHefy2cSQvT8Nhc1VPnWQ5is9XBjbk78wc7k9EItxsBMZ1EITHPnaLkRvHQBQnNy23ESLaw0Yjf1yeITRo/8VnUe+DNnGBbRf8gaM/+zXrBoKAPnFlyI/92IAwOhPfw1yfGJ7wzMyTV4BxKirl6ciza8WVi1E6yNVjNhPUF1ut7DL51mBYF6MzKA1emHCWQlCxRezX+fWjCuz3G1UI+qGiEVXCNV6pzZLc7fBG6AEYis2gXKSj8PrdqA5e1BlHsFJ4TEzTqeSBTlJOlcvCnefpAlpZZqXG7nLFeveiHtiXJ2rnhxVj6CqKCPcGB/4uMpQEn2b89EUUvSt0QsTC9Rr5wEew2dHMy9EsNWhL0wwKGMoSXeUZenCvLIAl+B1jNM9omf1V1wiGMuPIOpw5WhdWXgcT7gyR/8kcR/hDfWhlln1qeKNdjeLK8roX93hO+s+BpV5OalPE5lxopu0WUz/tF5SDpM3REMQpGB4bMDEDdhjereI8aoKGNViwYByudI/q3mly+eLN7rOWA0ugdgK6yoSHK4Ux3f/aqCzQijljI7VGp9SXgf12aVRCqNcurgMB6ztC7V5BIYrl0xHdRpanOTiqW5NeR2MVb8sLx2vzrhRYr0zpUYVpz3Y4oaONV4BXzI8EUHy43i63nENwOzXxgSkjieGm66f05zWK3XMrp4k1SCc6qUaf6rtsiYijKriMV51yDA641fSsR0eHafC5jp1Xe5Bw9HJl++Y1dC3hVuT7uZJbvG0Zk8ej7oq4ftgXum16hiqf3Dc1IPImcl4rdYv5C0aE/SaG69qfVX9I1XvKGctNeAN87qdBgbhzjkIN8Y9Stf8vNI1dYCpc41QIjo+9f1ipZmPqg8dryp9puNVBzm/WLnHeTU+LX0nKGeQnN3BWPGZ6ixE/uoLTlqedTCheDFe6R2VM/UhUICH9BO+5xFhVCkFwjz1AsPqWOr4lBuvpqL2dRoHy+3qseODVjsYE6PMs18AdAVoQH04N2tzIQGp2n62F7KQ6GQ5puMxpJTI8hzj8QQiy9DrrQDTCXq9Du655yIuXryAdp5jNBzg2ac/hY9+6EO48tSnIApgeDrEaHKAcQEcnQywsbmB3soqLt97CRASn3r6Kg5uH0PIDAUkhpMCw4nA2sYuds5fQjEaY2PnFnYvXsQEOTonJ2jJKVobGxDdLk6GQ4wGQxTTKaTMkGfAxsY6Nrc20G5fw/b2Nra2tkpHS2RCzMKnfBl8xqXZHMR/6oPO2QHjvBtaABoya8MSt4CxOsZfprwIz/bVV30x1t/wdcjXt53zjp74CPb+/b9AMTjRx5//xz+FfP0MAIln3/aVTn4X3/YOiFYbcjTEle/72uj5OexcfpE+/tb/96+S05mY71zC9td/J1o7F4HyZVgAKE6PcPrh92L/3T/uTceVk24/9x0/iXxjBwDw7Nu+Qm+/+L0/D0Bgun8Dh7/x/2Lzb/5DCLNPFlPs/8q/xfHvvts5z/ob3oK1z30Tst4aAGATgJyMsf+ffwLrr/8a5JtnnfNJAJtf/las/Yp8uBMAACAASURBVKUvtuoJAMXxPm6/60cxeOwDyX7be8cPYPebv3/mt5o2uXkFez/7/UnnudOILKt1/BLvDM5j2QLyWNrSlra0pS1taX+OLO/vGDeisz9Z3nqaf+Uh1os3Ko3eYXAHUaEkHOW/9H4p7f0C+hyKS8JBUdRANEBUXJgcCVz40TayX1SYdVaw8XU/rtNMnv0TowlIPqp82j32/uP3fD9QzO6i197w7bqk6g8Q6L/xu2cHF1Mc/9f/i5Synqs11vgDSctxC8FwL5I1BZyQcn3ocKsbqMJRbrS1j4cwoRYsRmKZrlAjSIOJGJK+6EeyHwyHnwvNS52CrTEihnX+aJqUc4DhRl1YLmLo8WHZOey2YLjRptzqG04swM+TMDWmSV9IRdXnHI4AVyWkHAk8rRvZKGwUIQ57W013lBFV44+kpU3gckHK7OpdkGsfBhAMT8FY2/saqI5zOQclourzdoS5XNfK0DWXUwTp+w0QLgrK4edJ/6VqqInWHzzbqj/lA4ezPvTwehFno2C4gaBc+HkScjEdQm2CQWO/sLmwDmW4IKcUNRANkNRAhLiwtzXS2OCfrY+i9EmVh83h4+X/zeiinEWRgILhKWg4P8Y1Oi0UQBUIlHsDyuVKx9Qfx0N6F0XMgSKOlXYRHtC9anwKS++SuPVfuBYQDBc2D6KogaiPKnZUz0jlVcyqTQwXDHfEhf4JIy8/0i6j/uktng/pKUQDFGEUJgflYb2rYkf91eRWDCeiqBAxjgYIhqegcFE5uuJkv/5L4GB4CGv8Oa1F8krRO68uc4gGCJMrpv7Fc1PXKs1EHEUNJDEKErtejmp77YgTDdDRZVgcJgfD4XKNYHiK0bwiSEOc46a+eXkIwXCYbcFw3dYx7te3KNIYTY1pE8EjYtyjd1EUFAXPYWqLn1NtUn96f52/mJb6sMafAMMR4Ki2u62EME/0ocVJGwSvtTRmuZg2EQxPQRK7SOGmHnsRFQfZT/qql4PhoNyDBolxjXX+aJpogTxlMIzjlQ8oJviQtoGXMwgXnViAnydhakz7+kICAgxHjb5b1TDCZ46NYt4JtvXE9wK0eYzlCwEhMsv/rSxDBoGWyJCLDOura3jBfQ/g7O4uOu0uTk8HOD4+QSELZLnA2toKdnZ3sb6+jlYrx9HhAT75+OP4xMc+htHpKTLRwmA4xv7BEZ65chWP/tmf4ff/4AN49sqzeOD+B7GzvYPdM5s4v7uFXExRyDHGxQinwyGmBSBlhna3i7MXzuGlL38pHnzhg2j1urh68yb+5LE/xR999MN46pmn8fHHP4FH//RRXHvuGoAC3W67fAl6CxcuXkCn00aWZbO/PDPqX/6pNqPXBCG0b9Wxk7INWMvzKtZrxhwdn+q242I6z9F9QbWi7+iTH4IA0P/CN2Przf/I+/IzAHQeeCm2v+G7K/kRwnqR19RLtV8LQ5Y5euorJ00vALTOnNf5yMkY05vPsn3Vl14IgdbGDs5+yw+hdfay81JwttLH2qu/DGe+8lvt9GYZSf50+wwz73aVIt/Ywdab/5H98jMAZDk23/T30LnnIev866/7aqy/7qv1y88671YbW2/+FuQbu97y9T/vy7H26i8z6lm9epqtbWL7G74LnYsPJvtPnh5h7999L4rjA9Sx4vgAe//ueyFPj6Lt82nZb6wA/Rk5/3K/EyN1bbkC9NKWtrSlLW1pd5llK1tQqwqYpj/QVVwCQLXuQFFUqxJW++F8QVoUs3zoF1sFZgMaWW6sVpgyuITxBTLhKMtsZoJ6qFc0ANwVFmIcNVagUecJodkCWY6V1/69Mj00iv4u8jP3oX35lfpGRE5GOPrl79P+tvIxyltV295fjE4w+ODPo/eqr0G2uo3Oy/4Whh/6T3p/+75XId95AAAw+NB/RDGyf3JJ5y0iOJepL92rE3Jc6tjw8eYrlOjjKWcQMS79vNEKo+WKCQ4vVyAIryha9ydXGZRhVDEQXQDT3/zp8bWQePPkkfoJqu/cqhkpN8ofX6HE0Ec04HplKWlzIuChFf1ZTAkAA22941e0oTyou9EVwuDn8HAJo39Ia8Elfc2jfF4LxpsRQBwHCTCT+1aQUhdlAUvnQPQtpmPJGF3BhOGJeo0Y1xYTDJfPVo5huLMCPoMIINc8IST5NK2dtnn0zZdX/LLlr0Aw08Be0gmjK/hTrvUyASVqr4AKkg/HkzG2JJUzXtWe0TqnuUfvorwsicMboioOO17g4lFv9Ogd5U6HM/jcNah3QedW4PPqbcr4dM7xauVeP6/CLsxr6QNtrqq6Ll9s68y94qMyGj7s+CBVsJuaszRThDsnNRpQVdzg0RX8lZ6lruAfQ1kPQdJb3KiPxb0NbMQyPNzjNxLOhEv/6VLjzRd/Kq4oZ7EqkcMTauDtAU1XjPchJwB1MNLjo+PZ6Ep7pSfoinspK/BJGXePOp5yNDSSB+nO9X4xp3a8edCXbw1U9ak9PpDOP3gHhTpe9IQ1kbvP5u7LqS4SfZt/hX5PvhbC4qBcMty5DsG2hABPGh8E4y1hBVHKZcoKoyocqiNjK4zeKX2LYu0JJ0agfAMYpW+US+jyV9kxnIRDbZRhdLod/NxrKW62q590NQ1mz8kRh1w6qDCSLrfCa5aQ5dGOG2khriGSGyyACQ6qvWJ/RP/c+VTY2ykHw5384e9+MT6HKT3zclnxyn0eDuaXIlE9j6iFofwMB8R47fFpnfGq94LDcG0xPWXaiNOtxO4U7EUJ7nExt/IByXcqumXdyjgSEkKYz6kw842YQr1UXQiBTGY6/0JKQI7RyYBObw33nrs8e5F59Awgcty+dRsXz59Fq9dCq9PG2moPQkgMhqfYPzzErVsHGI0K7OxcwEi08dyNPXSyFmSWo50JjMYD7Fy4gNd8/ufjhQ89gPf84n/C5HSIGxsrePLxJ5CNBaaDCU4Oj3G4f4CtnT76Z9dwMp3gxh/v47nDYxwjx9XrtzESOV7zl1+D4ekJPvbk4zg9PUR767PQ7++g1+9jtd/D1tYOINsQmSxdUsZq2Uj65VZh+M0wNRZRcSXz8CrcEC3n/rg5lll2ViB6q5pna1vo3P8I1t/wFojuCoDZisDT430AwPH7fgkbX/KNKE4OcPTeX8Dgo+/D9Hgfa695Izbe8PVAlqNz38PINnYwPbjpBDrVy+h+sh1M+nznkj62OD1084+kh5TY/Z//FUS7CwAYX3kct9/1Y5jcuobVV74Om2/6+7Pn+K98PSY3r+Dwt37OKadkyh/a7ghBqS+Hv/kOnHzgPeg98hqsv/7rkK3Ofh16401/Hzd+8jshMXvZfP0Nb9FJT//kt3Dwq/8ecjxA//P+Fvp/5Sthzpua59v4sm/SW2+944dw+tHfgWj3sPrK12HjS74JkFOMrjxuFDbuv8neVey9/Z9j5+/+nxDtyMv8AOR4hL23/3NM9q4652nSfgvZrzZ/ps6/3I95bfkC9NK0SUhIOfsr9L+Lcrt9rBCAKL/QykT5NZPnwr20pS1taUt7/lnW2wQE9ARwJmBMNKjbsOpf9L4/y8yJC7Xd/Yk/dePrnbAQFZ8VJhHp8bGJC88Ehi6pUTEhPdxIL7yoPeTy8uHE7N6C56atfME3R9tODg9x+K7vAAaH1gMBy0S5idkvAJz8xo+g+/I3Q7Q6WPur/wtGxgvQ/S/7Z7N/TMc4+fUf8WVf5cmgFPZpaTGcVrLdDylFnFv5cJxB4eKs/ITD5UmoHFAHa+QvBMOFzavNDLdqGeA1uykNb28MhSzVHckZEovKhXqh3ODqJD69I/opBZnAFQ0RiRPCqmNQHsKQA2KYGgBevav0kuXlhHLdeFPaZPEUFH5EjKdaVAAphgPciEY/9+ibLTfMfiSi1uMaqNKXXNVLbef4DBoi4z+HkwuW0I5CGU8ernJZYLxFMa021fCI8hCamUXnmJgTiDSu9E3lI+HnzgM1ylMeqCU+YAvqqyE0lAexkcMFkh6wcdnZLePn88YfE48s1hzOe4bH4RrR/h4tcHLJAZj6WvJS15Ru1NK/FGT1O4JGelV+td3PSyP6lsTrGNdcIszrtVI83pLGDwGsym/rWYynC7IyZ0Bq9Ps4VuPVRH1tOl7l0sfQ0C+lz1FeOQ9R/eRuQJIbGEFzDp9neJyCnJyxaJfQ4bEK3+H7V77Di/L0ZQkj/M6PV0Hyq7jpOYenChgYHrPE2zPuesqdvnm8UZyduMo3wvW8myqvrWex+bnaOOd8I6enmqeMT7nxqkZoLzlcMFz4uN09LW7UiuNAQzfPYcnjA4r6MBHmpWOq5ua4gSq9waHzDfPm96+JqO9fCWdQ6Zs63hnfevTO4oLhoibX+fPhIwBrukrJwJ2Mv1S368MpZ7LTnNG7IIdPPxkUDCeIGE/t8DXHp7EGjOprqW/qf2H98+ilpacebFAdnV5Vz2j7qL7W7O5OQMVMVUwlrzO/hSryXM6gaIiRfFUJBNEzyoPjU8pTsOaEiB6vlsbN1zrxRnlKvDXBgDtY92TVyrQ+k3rl2lkiKVHet0mY9x/6X2UnEZCQQkAWE4hMAHKKXEo8+9Sn8J5f/M8oWgLttVV0AByfnmI6HCNf6SDPcnR7K4AQGE8mKKZTrK128ZIXvRAXzp3HrcNj/M7v/T7WNrZwz/33o7+xgW6vjUceeTE6YohzG118+Zf8VZweHeNjj30SGJ7i5nPXMR6e4vDgAOPxCEUh0co72DxzBi//nFfgzIV78PErV7HxiU1sntnCIy95EVYF8NRHP4r11S6mUqLV7qDVbqOQBTqdLvJ89rrdpJgiz3PIQupGluWiYsrvjk9h6JeEfgmdNSFgvXCuPU64CiDVArIshxIww85+yw+FzwmJmz/9vdVZxkNc+8FvRnFw04q74//28+g9/Lno3PtiAED3vkdw8uHfdurti1dufyydifnaZlXiwUntftO59EK9inJxdBs3/s236/3H7/slTG89h+1v+C4AwMrnvB5Hv/Vzjcvv227a7f/4r3H6h78KCeDkfb+EYnCKM1/1bQDKla7LdKuveoNOM/jI7+DWO39E53f4qz8DOR5i/Q1f75wP7a5ecK04vI3Tsp3k8AQn7/slHL//V9DeuccpdwqOn34Mt975w9j+2n/ixJplUuLWO38Y46cfa3SeO4b6WvU8Kc9diPPa8gXopQEAJCQKKTEtJpgUU0yKSfk3xbSYoihfhAZmF2IhMrTzFnqtLjp5G+2s7UyuLm1pS1va0p6fJrprgITW9ULffJfD7OoOdfZ/Wd3QzlBaqO/n1PEg6fUW77fvxnmK6uZNAqEv+4VvP5OvRvMLMkG4D2P5kXqa3B6oVSsvqPJqbiUr4JiUkKNjFEfXMXrsN3DyOz8JIxuNtDjsfvUAURY4/d2fxOoXfQtEdx29V78Fp+9/OzoPfgGyzdmNzen73w45HTkDTu3qyEjV+dBel8HmGiPN4SBNPw8aDUbr518ggA7FPVySDL2cPcF8OM+ENPcChVFefoUcAxFDlXsCLydoTG4U1/+AJGZRubADjVv5iFc3yWOpY7VQpSd6V5XLz5vrWw20hEZxVNt9XBnlxM91Tuc9fRNUcUR5CFV6ylXRy/I6XDI8YvQYjqu8Y/LjoErv1WtJxgUJHDZXLVb1Gh9n0L6gJjYQo3fsBSuC4QtEECtvwODGfqV3EsaLEoSroynXes10Qw7JcVXpOB6IQKuD0gIot9kFYFcYVSgZziGXLhGRyHXniDqYoM9vJtfZxzgWblz3CvKK+rGum2L5RVCZNVyTfPdnM1A+8fjI3GFfXgP6hzqcQTl7aBhCUE7yYfUvFe/4eFXtZrjdwhZX+qccquJqxok+No43uu6YwSUQW1ldnVj/4kRZB1dfvQEWxVQdS0KJ5uNVBqtqJXJtdbnH5hGUUJ510FOcutyOt5oYqzbtHwRVPWLjBb9Faqh1q6qgnxuo9I1yhbImhvTX8FSMBy+gdcanjl4rXyXymi0UsrTxAdE/pY+Uq2RSkjiTYUQYVR2TuDqx2p7QAaL6GhufcuNVq3QNuUTy7QoNDydc9I6auEiLCqAHY9l5mptyC8HwJijVi++qP7hcTUBoXjqA8qrQPs5jqo41woTxaUy/nXIRfa7ijamntnm54RbKG8bfLA9Z5UW40jmLG5mm6F8QpanPiajSU64UqCyv0ucojwhIfPxqeMMIf1f/GB48u9EcqUjSGaULcq81ERZlMf2mnMM5zOkupY5RzqN6TuDhKFVBllyGuOd5hPR84B7gXkwYz7G/sBcbn6aOV6M6rNrCz2FydUNAebKeVQeI8iVcod7sJSYg9OECAESG2e8DAy0ICBQYHe/jo3/8AVx98nE88NAL8cC996KTZXjiqaew99xz2Np8IaYF0F5ZBbIc7XYH3W4b91w4i97lS8gh0BIjvO61r8D1Gzexmo/wgvMb2NzcQD8b4+jZT6LXznCu38KV/VOstqa4fGEHGJ9gNDrB9WtXMDx9KSYDiXEh0el08ZJHXozLD7wADx0c4As+7y8DQmB9rY+1bhv37G5hfbUH5BLjcmHIyWSC1dVV9FZXICGRt9soplMgyyAEkJe+ELKIureKSeVr169VM0hbg2LPV5SecgIWsPG1J3HrHT+IyfVPWblPD25WB7XayFc3IDo9TK5+Ur8AnZ+71y6GXTpWjlK3U5zcfk4fm62ux/WfYPeR1+r0R7/7bmf/4LEPoBgcI+utobV1bu7y0+3aiilO/vBXrf2Dj7wX+KpvBSD0at0SQOfeh/Vxt9/94855Dn/r57D+177OEmcJAOMhprevI986i2z9DM6+9Qdx9NvvwuBP3wc5GQNFgXHZ5nX9KAEMHv097P/yT81WzWZs/5d/CoNHf8/xwxKXOK8tX4C+C01KiaksMCkmGE1HGE3HGE1HGE5HGE6Gett4OsaomGBaTDAt7BegsyzDemcN5/tnsdXbQtbOkYnwl2FLW9rSlra054eJziqkEDBVW2K2EjSfiN4HC+t+H9KdyFD3aXW+WC5vj1GtNAUvr5ZGqPZXOQDSyLGqoTHIl3L2tbHa3uQJYqAmgnJ2hYXSiin2fvgLox6a3ae4Kz7YbaVWS1Kn8+yXEoP3/TRWXv3fQ/TWsfL5/wCDP/gPWPvSfzrzz/gUp+/9CcOjVR5CZ2xsTkUwnBrXfKS5gtxNxqNgOItzrhBVZ2UthUkOLlE0RNXilMPPNfpWzImhVeoIF35Oq+vwppYcOAYmZKd52axqY3IYqNMJz4RwiLMP3Hg0Izs6QcytmBVDLn1MB4kec9xCRzfNaCZcMFz4uIHe9Hbbe3kTd9QxrgAM6vgEwz16Z3Fpjw+ar+jPoNHhLS7i3MJUPV2wXtvrwZi83K/0TheX4WC4o6cEm3RPq7wRqxlvLKaaMz4oV50J8ST9TERRH81Ij+rrnXiBKoDCGt+l8yq6/fpXN/4srE6XPPxUxo4PFh1/misdANEFlM1nKADlSNO/RhjLV6HSZ4Oreii9dnhZGcqTkB2XIsy1CcIIJ+3jrvjoQZWkRrw5xY2gE4/e2ngscn9U6UCAezNguHG/DVTjT7Wd47V1VGHC+FQfTzkSXnBoJDhUJ83WItx4ocDiEvBNiNS93jaNN7Z71cWU4b9ZWGe8Gu6/yf2f6VDVCnwlB+GymksxeaNfNElBqr8Jeq3qo9L5OeO/yPXH5ahlsetpbTmPYcPxAkg+Fbf1zZmPI3rH8objq9j4rRqvGtxIfyfGo970gfNUvqQfpNvc1buSs+YJyKgAMhg4Q5DPMz5NwcT7O1AOP4866A7PNzr6qvRX2LzOL5h4ddTBsrisToPlpqdC87Up7q0bfzFLur7OFX8xVPeBhIPhVE/p/WRkvm7u+9ea84+1f4GqyfhUV0fpt/YG7M8NPNxoUNodg7xqgHrW5DIWMKc4tDtF489UEw9HhCc+h4DJjRzMyPZi8oAncnxqjyXl5X6ByuIwmyvCBcPN05YvdfvDQcxe5C3fBRIQqF6Erg522xF6LCEyIBMFICcYnR7h8OYNnN3axN9845fizPnzyN//fnRaOZ56+mk8/ewzOFuMcPPmDWxvbaDT7WBzcx2Tw3VgNIIopnj4ofuwubmFJ558Cs89dx2tyRHysUBxPIQsVoBxjqKVA6NTZNMxVrpt9HpdnJzs48b1a7i9t4ezu+eA8sX6PMsgxATdfIp8tYvV1TWsrvXR67TRbgl0OjmKyQhHwxGEEBgOhhiPx7q9JSREXvpHZDOvSeWctA4rZBE5Vul2RB+jWNnhr70d09s3qt2ywPjqE5jceBooipmel3VU+r3ysi/C+hu+Hvnmrl5J2KlLnlfpzO2+6wG3P5bOwOnNZ6pje2vR4yl2H/xsnX5y5XFv+uLo9myV6CxH++xlTK4/bXlTGOVM3U7Hy0W5erVVvvKlZGQ5IDK9P9/cnSWSEvL0yE0nJYrhiV7Z2tx/9FvvwOZ/9y0ABNqXHsSZr/n22fmPbuPwV38GJ3/067X8R/Hk934Rra1zWPu8L3di4/h3342T3/tFb3k/40jbZYmffpzTli9A34U2lQUGkwGORse4NbiNW6e3sXe6j/3BAY5GRzidDPRL0Gol6KksoL5QF0IgFzkurV/A51z4bHTzDrp5B+1sGU5LW9rSlvbnwbJWZzbwhX2rU5CxhTXOkNCTghJAtWqVMTYnXN9SSWv37LwS/oUbCjl7E1vC/XK/zEHlIwgHw+HhEqhWWChzFkaFFA8iDJSVT+qsqGAXj6yooCYGIpzWU0q14kKVL92v7Pg3fwT9N343RHsFG1/748j6ZwEAJ7/9E5CyUI4iXpRG4xro+FrMx70rmqhzmSuBCD+HgbL6Ir/2iiQNETEeWKFltlKBqrpnglZ6JlhjXKWmfEGoYkB/cB7jpnHhEDzhHTbavWJI05LyyhhXSSlnkapAhJf9vpI5GcRKT1V/93AGbX2rdI3yuTBVpxm9riZlw9wJWG8Am5YSnAG9k4ncDDA9MUB4cCJHVxikwqijYyzGVjAJrWiidJhyA6t+pMpfuodyRzCqB06B1nB5POxtNL2l3Ex5CFV6yp3ahDlrqbrmy4xzWB1ctJHyRlcWpfrIclnGWU0003sQidyogFUy33jV4gigoXM8wuYAySfMlbHxGYw3Tu88XPmmbgdb9AiIu8AzSMeBlr4uZLyq3NWQ293FF4Y2h5+bzWNUL84X2zquLsswKnO4quPzRe8o1yjD3Mwg6CA/T9WxxhgZnzrHmemN8sZ+acC5QUGlZzZ396vtXi4ZLin3oXrhRsWberFGyZfLlf5pXtZAwK3RQnpURN9YXUwdn86p11V0M1z6eTUujXDDkynucNBM70Ekcp+pOFKE495ujmbNo9Mn6reyGHcqnoqOQzwOsgpGeHJLNEQZRkm5mV6i+Xg0cXwaH7/C5rq4Nvddh5zmKONI5xiNN6KPVC+TeQBlGFVH9q4oOo++3enxqSNADNfm4Z4Ovvj5rZqY1q3c8ar6n/BwBlX1zTwWfHWde76BCyc2vJTV1r8Yr9kw9AYDRkUpD2EkYuYev8bGp7o6Kh2q9FZ39HOnH6n0lMNndkQqXQvy8kVPPf6M6J/3hXDKQ6jSUw6PngZ44/EpN151OnhsgKM6lDqc8EUZ051YblJVTcpDqNIrPh0DrS7bq/JigmmrCyGEeTGHdqSYHS2E0LEnYJRLSkymU3TzHCvdHjb662jtjHHv5cu4sncDh4f72N3dhswzHI8GuLl3C1evXMXlixeRYYqVXg+bmxuYHB0gK6Zod9totzI8/KIH8eAD92I6nZbFkv8/e28es0uW1of9TlW9y7cvd+9lerp7eoZZGXsSGxgWR3IsOwPGIYBixbYUWyxJkGOSSKDIOJYTkTgGY8tGIopkbLI4MWARRSSDSZxgY4gZhsEswzA9W08vc2/f7bv3296l6jz5o+pUnfOcter97szt7vdRf/fXv6o6p87ynF+dOlX1vBAiB8oFytk5zk9PMZvNUZYVSiKUskK5XOL05BTLxRyj6QSVEChGOS5N9rG1uYHj41OUFSEjiTwXKMYjiEIgk1ldKwKKLMN4NEKeZchHBcqmzvXz2dqD6/ef9ZGo9U99RLedCLlcImiyBH9+MxxrO/utf47q/i3/OZlub/2hP469j3x3t3t+hvLoNmh+jnznAPnBtfY0pKdvs7OvB/oHX9b+QDodq5MHoHIJUYwg8gLj578a88/8pvd4C6uqO1ejWdZxWjlluWQ9WP8/vx7EtttaQuZ2h9ao/TQ/gyj2ACG65yIsnSjGzvOdfvz/wvmnP479b/2PMH3HB9sX2bPtfez9qe/D5td+C27/+F9Kbz8HPvjoTyLfu4Lpe7ro2rNP/n948NGfXCnfR4pSutt/jV9eXMHWb6y+hUwSoaIKx/Nj3Dy5jddP7+Du2V3cPbuPe+dHeDg/xunyDLNy1r70DNQvTC/lErIZ8EWWY6OYYKOYopQVMvWlydrWtra1re2NYfkYEGgXhOtvUZsFEaEW0Ah8QcFet1XbhXG8vkDRRjLhCwyDQmz0WEJsb0YYb7B+CNm0gPBEKIC6dVctFeDN4lx9/8O5Hw0T3ZoL321xXm19n2CbGNHp4nd+HvLrvxfZ9hUUT34AAECzh5h//B9C6Gm1ApvbayB2TgK/qfdE7OC87YYEbuSbGIFJQ1WvILd6JBFXjLhitp7Om/1CIfpxeHgMew5P9s581J+9B8RwoCVFCOUvHKDHAzQxELX0Lj31cqZfSWiOyDD6OliJAePCcIBOLzlf1d+EqzgpyDbEeNyBI2Y1q4jzwAk7fa3/tSLeOfTOiegbcalBb8SlDlU9Wt6UT+Vj1iuxQywEO97DWftZ+pri7hfgbxbvWb1Ud4xPl5QOaNzIJcKFhzebLjxCaKvHPbBP/jF91Tq+46oJAnrYboxwIq05NR6SY5aji0f9sS+m5p84nox66YWPhrTyjPe+FfTUwNJXifz3KgAAIABJREFUFWGJ8aQIoZynYIJ+q3oYXMsn2F7WhF2w/uCcZcX8L2Z9r7dD/c3iKfrNOYBupufh3hNGCnBB96/OCKGca/k98vmqE9XZHVzTNx4xtFtP0Dq5p7+lOw5DN7X5EH/z+Z8ThckT7+/AOcvPrpEH+9yvcp6AvgihnK8ewR4mb4dRnOstpesp5z2q7fW33pZyu6aVzTdf8KKIYTOSOYeHg3Gmb49bhFB+PMGtp16eNE9V1VF6HdBLzgUNG56weZL1bO6YXltqxIdT1P+EkY+llzHeNFT/XywzET4+dIIND48hc4ALjxDKeavLfv9zIjqujLuLgDa8Ob8g/7PMcsgw8ojxvvmi8PFW59D4l49rCKHlE0GmYzGedoMWwEHrj3pjm1zpXcuFm9d+FeD9aqHNFxKK3yTg1Ulyv57D2+uf0RM0jA1AHxc6R+exURQeHkNfelZxi6/4fCVhgLPmFMbubr7KOEx+kf5mYZ/8tcLx5ghyPZEsAUzgsxGVqDCFaJrLiAAN1JrT7CR9QkoCAgKZIFBGAAjj6QYuX72Olx8e4+T0DPfvHUFI4OHREfZ3tjEux7j34AGqxRyQElkuQCJDUYwwK0tgMUc+GqFczDHZ2sLmZAsQAmW1RFmVqCqBsiohywrVssbz2QyL+QI7Ozu4eu0qxqMMy8U5pttTQBKoqlCMCuxub2N//xAVActlCZEL5BkgqyWqqgJJCaoqXDo4xMHePopihEqWEFlRSyXqtiFRX1dBBKEJSNv+VLdFPSgJEBKFnHvbv27LCt3z9sBhjR9x+WaXsabftHIl4NYf+hNt2vs/+7cw+1e/1O7f/ch3YesP/1tm/gDQvHMGCOTb+6hOjtr8smJkRJH2FDOpfPPP/itM3/WvAQD2/+R/iFt/87uT6zX/3G9h/Pb3AgDGT76AxYufsI7Ltw/q9q1KyOal8VA5+2znxsvn2r+89RImz9XP9bc+9G/i9GO/YKQbPfVOiGLkzVce38f9//G/AgEYXXkaWx/+k9j46j8CkRcYXXsGxZWnUd1+eYXrLOHoZ38MB+MfxOQdfwDzz3wCRz/7Y/WYGJLflwMbX/2Kl+MtjKtadgF5rO0NYhVVOF+e47XjW/j1134T/+ylX8WvvPwxfOLmb+PFu5/FKw9fw+3TO3gwe4jj+SkW5QKZyFBkIwACFREqWSGDwPZ4G4cbB7i0cYDdyQ6KfP0u/drWtra1vZGMJNUPGUlhPRlttwPaQ0iTdx9ise0wEQGkwP428jAoiMS3k4bwcIYU2t+1lsWpF084hes4CiBM5MU1WtRxLtL+Tn/hh419Z//0x4z9rtbQm9bVBU6u14HXMdBGXsQq2NWK2E5ynsTBjUZiPOK7/k68IIw0nhVdiHUocYQLybNdjQD1nfswrn0nj/arebK5FwN/qs5dnm4OnTvLPBC9bdohOGd9YvCEPrfFZ1VEx41diTz0x07Hh4iTmyVaDYc0KZlIOkfbXRb3YkLzxHiL1BeJ1YlxEGsDm8PY3pWG0nogjEM6KNTY/RsoWD6lFTHetgbXGoNzbPYrLXMhYgiLG3ob4JTA6/+oaV4/N9B37WHXrGREP0Qfrjap7cYhHk4ers8tOA/hRRrLk18inJzYMCMNMQDh4R6kEHc0cR9UdWk1HJzH9U8vi9+rBqJ2Mi8nsMLzCjp4COHhQ1A5SpJD2Zz0ztB0jPMgwsONth7IDZ9wI5GHKz0mbTtMRAp3lC4ZycP7YNtlDm64gocrY/RCLMVNycNDxyQir5KPe5E8vA9SAJtjCD5OXfU5R5wjxo05SiKShvDwHqhaWJXPx5Mw2AGe/e2fg/POcnGQuX2FP6s32Tm7tgtwInTzU9ZnGIAIIyVyasoXQri4ps8WRwrC5ACrRSp3oEZivMXQX/SEDrxI63lu7vIWxwDsVYxIn7XX6hh3zAVcyHwWKRyPEBPGMDhvGsDQFs6NTonwqDP3+HNdIGM8pOFtGxBrE861NnJ402CkAciusc75KmzuxfbP5kjkba30LrC4B31dq3dPAMG5uXk1owGY4vJ9MKF4Md6i1YYU50afMN72cTqavuPnKRjzeafuOcaQrm+9MblGqid83HR+zlsswy/fjuWiflm2/qd5Cbrep78QXb8EXf9JoXwkgxAZRJajlARkBa7ceBLTzW3cfv0Ofue3fhu/+Ru/gU/+1m/jlc+/hKevP4Gvfs/7cLi3CzTvJgkhkOU5IDJIZJidnuH85BjVYg5ZLiBkCUESJCvIqoSslsgEIKTEYnaO+3fuQJDEc88/j2effw4bm1MQLQBaAlS/KE0VASQgJQEiw3gyQVEUyEUGKivI5k9A4OmnnsLh/gEyAchSImu+yBRA/cG6QP0SdNY0lNYuXTOar/uNqsgL0OUS7Vwg8Ne4ZOOzbq6s3Y80zPevtmnnL/6GsV+P9Attuzx90PLND/1RI7/dj3yXdbyOvu0ufPjRn2y35PtXcOnP/hAoy5zHb33Dt+GJv/ozGD/3fgDA+e/+anuura/5Zuv46fu+HmKyAQCo7t9KLmfqdm4xuSYA8898ouW7f+IvYHTjufZ4sXOAw3/vP/fmO/3ANwJ53vLl7Zdx9HM/joe/+D+0x25/rd0OfVEuF7j7U38NN//bfx93f+qvQS4XK+X3yFHKx6Mcb3FcxdZvrb4FTJJEKSscL45x8+R1fObe5/Di3c/ipaNXcL6cYdn8nEKe5RjnI4zzMfIsR5EVyLMcpazaK6IAsDnawI3tq3hy9zr2pruY5BMr0sTa1ra2ta3tMTd1M6pvYsT7RaKob4rq5DxyDpAp3qRXmZhfcvkiquo869JpIZdMzhCJqBVYjwRtVCTwyb8gMz+BCBduZC1rH4cQqhxYPtrX6XU2wtjXlb+25ed/FeWXPoni6guoHryG+Sc/6vjKTpj/J9jmVEy01r9Ydzm6z/4innMn8ogmHHmEEw/X8tPbR49wKgC0EVE5v6iIBRwjkWZ4hJpOC5RHRdAVMcKJ2n6VO+dG/iZXNjhATqrx4ZgiI23hGA9k1/Jo96tIe4y3p4twaiJNqe1kR6BSA8WK4M94Eg4KgZeef9+IYUYEf85h62c4on8PhInw8SH+5vO/FGMF0+TIw1lEE9h6F+RfhgipdX3i3MCoYEQaKBFFq98qVzdvz9rqsI9zZOn7YmQ4xiIIRm1owVpzzY+0vY1uWbydHygdU7Lg4OgXIdpAR8R+jqrhDA6bJ2FoXuqdr+qdEbmA8Yj9voj+jHf+G+7WVP/rGzEVPu47YLA/cmMHRCIodxH4NK7lY0WcTtC/JOTHx/JV6Irg7+Et9mlY3kGWA4V58N7VddYL8rdkFGkIeDgi1o7z5uAUbuQa1ps2Yj/nPIL/ShGiV4vwb+gp0rndwQEODw9OwARiN6Cp19uof3HeF3358xox9+ERBIMhPt05hvnQCjX5+PS05SnzU44qH85T0KHPqjgmZ/tT2ysa0d+BPcw6O3OUi/K3FlfRawFtfU5tD/PBId37zt+Unrbz1Xq7kyt95DwF+0byd+q1Kq3ST9V2WsR+zgna+gLc/jbA/9IdpwEuJ7HshnS/Ss85wNTGwX3zGYu79S2KK96/xuZzUX1NnZ/65qstws1TIvi3/gjjdqjd38d6Nr/lcLHsPXIUmy/4/U+NXA9vnzP05Cw/XSEMnrRgz9DqsB76ygZo6i9QtXrs1FGtds71VFX8SER/zq38Haj5UYwbmGr9bgfcza0ZP71VPEvORBpv8/FxD3qeR9jrcw6egivOT2Po+8UpVf70X0hV3RbhIgGX8+DlfEILHDs8QQig/q34ZpVd6O1R97UAIDIBSY2S5AV2Dg6wtbOHO3fu4vWbN3F+/BCLqsKrZYV/+9/5NrzwzhdQyjlGdfhlVMsllosFZvM5ytkMkCVkNcXmxgSQBYpiBAhRvwANgXw8RiFyTDY2cffefTx4+BDPvPBOfOAPfAjXr+xjOsm1sZsBWQYSgCQCpISUsqlHBYJEJUtIIsiywtZkgskTh9iYTiAgMC5yUDPuu0uP+h9iPtiMbwL0gSpEhkm1QMiEXBo613tgW8LQ9Y93fZFtL2+/gtETzwMALv2ZH8LRz/1d0OwU+9/5nyHfOWTeUadf3nwJxZWnAQDb3/SdyLb2Mf/MJ7D5oT+K6bvNl6Z1PeXbzfmzXb7q7ms4+aWfwfY3fQcAYPLCH8T1H/gHmL/4cSy++CmIrMDoqXdi8tz7kW3vAwD2PvJduP13/iKqO6+gengX+e4lZJs7uPb9P4GHv/D3UR29jul7vg7b3/BtbVlOf/V/d0qz8JRfbYdju9XePN/A/tN/8b9h80N/DMWlGxDFCFf+gx9B9eAuIKv6RXU2UVbnyy89gYNv/37s/6nvw9m//D8w+/2PYfmlz2H8zHuw/bXf0h5f3b9ltHus/UP76fRBe/4h6b9c+0mLAP04lu+tsH9VW78A/RawUlY4XZ7itYc38duv/x5evPs5fOnkdZwvZ6ioAlCL7jgf42BjD7uTXWyPtyBJ4sHsIR7Mj5vBThjlBfane3jH4XN47uDt2B5vgT+EWNva1ra2tb0BjAhSLbo7zLjJZYeoxUNqb9CgcQ3RoWAcBEjtZ8pAqF8KIe3mj/MmB52r5Sv7jGGss+8KLAFk6Djf3y2T1dsN7kIChIggfwqQkq+Gynz5dNUlttu+WXrwP/15lgesftd3Jd1Hr2TULVJTmCs/VFNmk3uQqH7IGEJ1POceRIyTm3sx0MDdC2CM6zcQLY0s0ML9wCtaCgqj8oGWw8093Z/uXxfib448YjLiS9dsM56xOLo11v16rIYae3IiczuZCM7h5k5McQANTb2zddvHg7pLEVTNzTkcnPT76ybKRnOA9/nMqhb0N82BfBzMwXTOFwxaVPXodA1M32I6lowUQX5cT71GjLcWEwybE0h7yMM4dTzo9gigr3tCyPIZWrvWVtE3V17xy5a7AsFMA3t98xoyOfl4q5cJSNDmp2kIlo+PJ6M1wfajqQYOfXXoXZQ3JbH4QFTF8c4XfP7YbnToHefWgNP4yjXod0EnzkN6mzI/XXG+2jWvm3duF+a99IF3V1ddm19s7/SZrgTliruPd36QKthDzbrRjnDrpFoHqoprnFiDWFzpGedDkfohWHqDa/UxuLODNV+Ggzvajbkz4+Q+Xaq/ufxP+RXnXuxKZPGEGjhHQN8bmNCI9AlAH4yM+Oh8NjY/VcOn1WsPd+knUbx51PGcY6CxPNhwtjlLupq/OdCVbw9U9ek9PyDrf/wNFBp40RP2RN99tu++nOsi0zcSDt4H4cjXQBgcnJOHW9chmJbg4Enzg6C/qRcZe3BycY7KHboj1f6Ww/HBzSPQtyj2XnDyCJRrAqP0jXNCW/4uOw9n7tAbKYzWsIObOy2lmc3qJ11Ng9n75MiHvnRQbkQ2N9yrTujl0YEb6SFfRyR3WAATGsg3X1X5+LhP/+z1VJjbOYeHW/nDPfxifAVTeubk1PGu+RwcF/tBY+zDHp++OvU2Sd88PDRfdV5wPLy1mJ56+sinW4nDKTiKEprHwsWZkQ9YvlMVAVorb/3hRAb9gx51fPvCZ9bMTdWEEwIiz7Gxs429K5dxfHYCkhWKXICyAlmRISPCtBghn0xwenaKqlpiMZ/h7Pwcp+dnOD89xQh1cMfzs3NQVWA6JWRFAUggywh5XiDPN5CNN3Dn6BhXnngaz33VezHdPsCiAiZUv5AtZAZZARIlSrlEjhx53nzkkRFkJVFVS1SyBMkKJCtcvXIFYnqArMgBAWQElJVEXmSAkJBAM5DUurLLHwi1fxPQPCufyjmQOQ5VKZaLNP1MQtWPjWJZeg2TN3j8Sz+Nwz/9AwAERk+9gCvf97e7Y2UFZLlRQxDhwc//99h434cBISCKEba+5iPY+pqPdPlqjsX1lG8H38+2P/y//2cQEXb+yHcCALKNbWx84Juw8YFvAjeqSpz+2kfbct7+u38RV//STyDb3EF+cA0H/+4PWGmO/99/hNOP/YJZR+3/XeUPbfdNWKz6ufYT4faP/8e4+v3/HfKdAwAC+d7l9pjFK59GvnPYblNpNt7/DQBQ98WHvxVbH/5WK//qwR0c//N/rJ0wrf3f6PupKh/r8r1V9q9i6xeg3wK2qBa4e3YfLz98DZ+99wV88cGrOJ6foKIKo3yEaTHB5mgDm6NNbI03MMknKPICs3KOpVxiWS0hSWKUFdib7uL69lU8vfcErm9fxXQ0/UpXb21rW9va1jbEBNoF4EzoCw1qwYyQZUKba6g9WhbteoC+gMGPNxdEWu4LcaBhd9+jbefHxxYuPAsYaRFEu/TCiapFHLx5OKHK7+N2n7jycyCvpisf134hrMOdFjhI6Ps9aAUkgpt3/sbXly7qC/e+EZl4BCabJ+EFR1zhaEVs1sqv826zhxu1DHD/MPWjZg4XDVtqcyRnyCwqF+qFco2rk2i8S8a4YAu4YiAicUG4FUvGQxhqgBimOoBT78wrhZM3C8p9/U1pk8FTULgRMZ5qUQHkGHZwzRvd3KFvptykRmDyYKvHPVClb7iql9ru4zUMRE/7WZxdsHiEQydXuVygv0UxrTbd/IDzEOqZRdeYPCcQadwXgYlz64Ea5ykP1BIfsAX1VRMazoM4qMFFo9Pq8Bi3+yvqH6v6n8cfvRhpHicPGqsRH+/RAieXHICurw33RmRK0L8U9Op3BLX0qvxqu5s3xvQtifcxX3eJMO/XS3F/S5o/BLArv6lnMZ4uyMqsCak27uPYzVcT9XXofNWXPoaafvGIoV7eNR6i+um7AUnuYATNOnyV6XEK+uTMi2YJ7YjpkQo/4vtX/4AXzembEkb4o5+vguXXcb3lLJ4qYPDwmCXenvmup77TD/c3jvWJu3wjvF13U+U19Sy2Ptcb+87fGPfpactT5qe++WqLaFvJ4sLDhYubw9PgWq18HBjYzCtY8vyAY3uYCPOmYbru9nENVXqNo803zIffvyZie//KuAfTf4FEdSfjwsNFT97m73cfARjLVUoGHqX/pTZ7ezjnnuxa7tG7IIdLPz0oPJwhYjx1wPecn8Y6MKqvjb6pf8L659BLQ08dOKA6bXpVPa3vo/rac7hbDhUzVTGVvM/6FjrPs7kHxUCM5KtK4IzoHNA7/wUwEXsuiPh+QY9zy984T/G3IRhoDl/z0OIs6HabVBo1rBOLlrXZNSSDOpEASICqOhBVMRqjqkpMd3awd+kQt187QT7KQZCoKonN0QivvPwyciHwwle9AFlWWJZLEAHz+QJnswXOzxeYZMBkPMf5bIZMTDAajZHlAnmeY5xnyLICyCb40t0jPDhb4Imrb8Prdx7i3tFv4tLeFNcv7+KZJ65huSCMpxugrG77BTIUALKiQJHlkJWErICqqiCrBYSQuHzlMhbZFs5l/UF6BUDkWfPzyKplRNs66iVnaO1Uzw3VSmSNG7TQOsU2Uc3RBUYycjO5cqCGqwBJrYDpR8uy6zuW3OVf89/7l7j7U/8lDr7jP0G2sd24A6G8/TJOf+3/xN43f0+9qVq2+cqzh7j79/4yDv70DyLb3GnPLc+OcfSP/zb2v/37kU23jNp0niUAKXv5//E//YeY//7HsPPH/hwmz7zHeCkbIND8HIsvfBL3fubHgPlZV87ZGW7/ne/D/nf8pxjdeM6oX3X/Jk5//Z/g9Jd/zlHO5rByGd0OWZntr7ZrdeX5G9cTth/lErf+xp/H5Jl3Y+OD/wbGT72A5c0vYPY7v4LzT/86rv/gT7V1UOmO/5//BctXX8TeN39P/XK04ROExUufwtFP/6izHG92RNWNh8ehPG9FXNXWL0C/Bey8nOHVh1/CS0cv4/XTOzien6CUJUb5CLuTHVzduoy37T2JSTHF8fwER7MjvHZ8E8fzE8zLORbVEpWssDXdxBM7N/C2/adwZesydibbGGVrF1rb2ta2tjekEcC/RJfoFoUAtA8duxeRzZsotcgjJTU378Y0vT0+9OW9urnT9zeFq28ISSAeCqFBVz46+r4kU/WU6iYwko95u+Hk5kRNe5m7KW/HpZmSgOQIe1r1US6N4lj7VUuXC6vECbfLIO2nl7Tsgmh9aM9OYLVqWjd1yNOvglqH8fq5AwTwqbiDE8vQyb0nWA1XWZD2vUChldcfIUdDxFDlnsCJtAVC/oKEVXxjAdprUbkwHc0X+ahL5uMOJCA5UpNClZ7pXVcuN/fiRY6gTmg0jm67iyvjnLVzn9M5Tz8ElR9xHkKVnnNV9Ka8FicPjxg/xsdV3jH5sVCld+q1ipSn3CmBw+R8luDmHjQvqIkd5NE77wUrguELRBC71oDGtf1K7wjaixKMq6M5b/XaMwx9yI7rSufjAQ80BigvgGo2swDeCKMKycN96EuXiEjk7eBInaf69I7zNvsYx4Wbb3gFeUfd2LeZYvlFUJkxXSP/8PdmoNrE0Ub6DvPyGtA/9OEepPrBWgjBOcvHq3+p+Mjnq2q3h5s9bHClf6pBlV/VnOnjYH/jccc0TkAssro6cfuLE00dbH11OlgUU3UsCQnD56se7KqVyFvryx22iqCE8uyDjuL05aa/9cRYtfn4YKjqEZsvuC1Sw1a3ugq6uYZK3zhXSD0xpL9aS8V48ALaZ35q6bVqq0Tes4dCljY/YPqn9JFzlYyI+RmFEWFUdUzi6sRqe8IAiOprbH7qm68apRvICcm3K9w9LHdpd/TEi7SoADowlp2juzk3EB4+BEm9+K7Gg83VAkTLmwbgvCu0i/sxVccGYcL8NKbfVrmYPnf+5qlna6tyrVk4H+h/dR7U5cW40jmDa5mm6F8QSdfnRFTpOVcK1JRX6XOURwQkPn/VWkNzf1v/PDx4dq07UpGl00oX5E4bIizKYvrNuQ9XMGu4NDrGuR/VcwIHR6MK1HAKccfzCHJ84B7gTkyYz3l/YS82P02dr0Z1WPWFm0Pn6oaAc73as+Ngn29m5rNMIdSf6DaofVS/AF1nnTUfDFIdjCur3zHMRmPsXDrEvduvYWNjilGeY7mocHz/CJ/+vU9hJASuX7+K7b1tEFVYEGGxLHE2K3E2WwIjwmwxwnyxwHiUoywrZAVhVOQYjcYoJhv40t2H+NXf+l186fgcxy/fwtmLr0CgxBNX93C4PcL1S3t48up1HF4+wGhU4NkX3oGDyxMsl0uMAJQgkJQABAQyQFYQAEajEeYSyIoRShLIiwIlAKokRN68+Ex1TwiIpu1F0/4w2l93ow1IAPrLuqbRctbNZ/XGNsY0Eyylp5qA3fqx77Xz9iR34fwzn8DN//rPQowmGF17BotXX2xPcPprH3XmO3/pk7j53/y5Os2NZ7G8+QXQYgYAuPnDf8ZZntf+yrd5yxnDxaufwd2f/CsAgGxzB6Nrb4c8P8Hy5uetPPV01elD3P37/0WdbrqJbGsf5d3XvMff+1//hjM/3/ZbP/pdznx4XXl9Xvur3+7cj/EUWMwwf+n3MH/p94xjss0dZBv1i+Xy/MRIN/v0xzH7m9/dHpfvXYE8O0b14HawHG92lM2L+1/pcrzVcRVbv736Jjciwmw5w52zu3j99A5OFqcACNvjLexPd3F1+wqubl3Bla1LqGSFo9kDHC9Ocf/8CCeL03ZRJhc5dsbbeGLnOp7cuYG96S7G+Qh2BIm1rW1ta1vbG8FICPOXdIT5jXU7yRDmfTBLoi1sCGshI1Pp1Hom2fl5UXQLHhn0yFPd/jYzAF2Elm6BxL1iqagqeLNd50NfoNJQcO6JsHD0E9/sPM6K4BDBk5//y8DP/5B2fv10Avd+5GuN8gv9DpnzNt+On/3iX8fZL/71dm//EFYwLTZ98HWfo7u83E4W8DcP9+KKEaJSIhZwTGpgttjUF9UY4hxu3qIrYk4MjVJHuHBzXl2LD7Vkx9EwIbuWK+kSJo+iOp1wLAiHuPeBmx91z44uEPOIMSIRfekjmBQhjKOlm7o3My48XLi4hs70Zt87+ZDm6GO+Aniw9U94uEPvDE58PpDAnfl5UBvwBhdxbmCqnl6wXvP7Z0tfld61xfVweLilpwyHDE+jvBHr6W9eTDVrflDrWJAn6Wciiv6oe3pUXx/FC1QBFMb8Lp133u3Wv77+Z2B3uuTppzLv/OCi/a/lSgfAdAFN92kKwDnS9G8QxvJVqPRZ46oeSq8t3lSG8yT0zksR5q0Jxhhn/WNHfHSgStLD36ziRtDyR2dtHBa5P+p0IMCdGXg4u99uI/g32328t44qTJiftsdzjoQXHAYJDtdJvbcY114oMDgBnU532fW93g71N+/w6osp03+9sNZ8NTx+k8e/Z0B1EfgaDsYb3eJ80C+apCDX3wS9VvVR6dzc036R64/N0cti19Pech7DgfMFsHw6buqbsC8Q0PXOywfOr2Lzt26+qnEt/aOYjzrTB87TtSX/IN3ktt413GsOh4wKoAcDZwjyVeanKZh4fwfO4ebRBnrE642Wvir9FSbv8wsmTh21sCmuV6fh5XpLhdZrU5q3r//FLOn6upL/xVDdBzIOD+d6yu8nI+t1K9+/9lx/7P0LVEPmp211lH63rQHzcwMH1zqUD8cg7zqgnw25jAXMKg4fTlH/09XEwRHhic8hoHMtB92znZg84YkcnzpiWXl9v0BlcOjdFeHCw/XTnj9sS+Ryh+3cfDHXfMQo2qpkzblF8/9Seb3IgAxYVgsUeQ4SAvuXL+PBwSGeePIpLGcz5PkIi0WFezdv4fypp3Dn1i3s7e0ga9ozL0YoK4nFUmIEwmy+wHxZYlpWKGWFogk4RcUIcjTGx3/39/HxT72I82WO+3eOsCwJqOY4n53h5ohw69YG7t09Rp4Bb3/703jh3e9GLjIsyyVkngOVQFmWEJDIhEBJEpIIFQgSGSjLUJYlRnmODBmqqqqfZzfTIdE0qP5Sumj8Qz0/1z8A3szDA1uU501bRvRxxflpMi7nWL76YpreKywXWH4NqO8HAAAgAElEQVTxU4A+h7io8vjm22fHWHzhdwA2746mm52hmp9/2co5BK99/08AqKNen33sF9rt2eYOLv2FH1Yeh+XNz3vrQWfHKM9PerfPmxFFEwH6K12OtzSuaOsXoN/ERkSoqMK8WuDh/ASnyzMQCFvjLTyxcw1P7j6Bp3efxLSY4OH8GK+f3sYrD1/D7bM7mC1nICIQEYqswMZoioPpHp7cuY7r21cwzSfa5HBta1vb2tb2hjMiYw1DANaaBql/RMf1uQePcKZlDQCQKl/S0mv5RgJU2F/uN+fQzmTkC89+ODgB2ku/1HHRtU2vCDQEDI6o4EFV3hj3YkvJjYCb143ddZaIcUdTswXRQdwZ0USdS48EItwcGlJCBBKOcOTTAxHjgQFQRypQVXcs0JJjgTXGVWrOLwiVD7QfnMe4bj53CJ7wEVtkeFnI07LyUoyrpJx7katAhDfjvJMBCiLa9Gq8O7gHlb7pJXHxlTBVpz16rdq9jcDo4ZbDOh1YtxTnDOgdJXLXgiXnIewqDFZh9NExL8YimIQimigd5lzDbhyp8jfNw7klGN0Dp0Bv2Dzu9ibqraWamfMQqvScW7UJc6+l6porM1+D9cGLNlbeaGRRro9eTo2f9UQ9vQORyLUKGCXrIoR5OAKo6ZwfYXKA5RPmyrz+GfQ3n945uGqbvgPsomdAvgu8B/k80NDXC5mvquYayM3h4nJDk8PN9e7RqhfnF9s7/tsYDyqzuKrj46J3nLdIYa5nEGwgN0/VscEYmZ9ax+nptfLGfmnAukFBp2cmt/er7U5OHk6cu1C9cKP8Tb1Yo+TL5kr/Wt7UQMCu0YWMqNgCjk8XU+enK+p1590eTm7ezUsjXGvJlOawUE/vQCRylyk/UsTHncMcw7qnTZ+o38pi3Kp4KloN4mggo2CMJ/fEQPSty/H7cKZvqgNX/QWpVfW5awVVTlVck7uuQ1Z3NH7U5hj1N6aPXC+TeQApjGogOyOKrqJvj3p+agmQh7fm4I4BfvHrWz0xbVjZ81X1j3BwD6rq63lc8NV15fUGnzt53UtZb/2L8Z4dw28woFWU8xBGPGbl+WtsftpWR6VDl94Yjm5ujSOVnnO4zPRIpWtBTkJrvrj+OV8I5zyEKj3ncOhpgA+en/rmq9YAj01w1IBShzN+UeYZTl6uU1VNzkOo0jdcnh4hq+agfOIqDrJMYGv+AGfTAwD69byz9kX2rHkNWjUzAZIkhMghpQTyDCLLMN7cwuUbT+KVl7+Ag0tX8PVf9/XY2z/Er/zyP8N4XOD+/XsYjwtUKJFlGSAEiASWpcS5rJAJgbPJDKM8QzEqUIxGGI8nqEhiuVjgM5/7LMplCUnA4vwUhAzjXOD4+ATZZoEb73oBH/7wh7GztYFr1y7hYP8QVVkhyzIIkqiWJQRVkLJEuZxjtlhiSTmqLENJwLKUAGUgkhB5hgwEgW7tORPax2L6eNT8R7XZ5uw+cjNsmWnVEpifgz+/GYx99XqNjx2On34Xsq09AMDet3wv9r7le0CLOagqm8jPjc/JCvd/+kcbbfjKl/uxRZKQy8VXvhxrXMnWL0C/iU2CUMoKy2qJUpYosgJXNi9he7yFt+09hctbh9gabeJ8OcPts7t47fgW7p7fw8n8FLL5QirPcmyPt3Bt+wretv80nti5hoONfYzz8Ve4dmtb29rWtraVTLvhUgvCmci6xRRyL1zAWChosmrv9+MLFG0+2hf5BO2LVQcSqZvpHkuIbSLGG/RFJCAiiEy0L5OoFlIPP728WZxT5fRGCOWIMMLHU5pBT9x3zhgrGEP1pbgyc3mt423xVEQOzttuSeBGvokRmDSsyx/hfRuCN8jAiCv8IzMekSA5Qijn8PAY+oengdC5Uf4w9x6QOkB6WlKEUP7CAXo8QBMDUUvv01MnZ3qWhFEB4R3q6OBG7zgXhgN0esn5qv4mXMVJQbYhxuMOHDGrWUWcB07Y6Wv9rxXxzqF3TkTfiEsNeiMudajq0fKmfCofs16JHeK9gLL2slbffXra8BR3vwB/s3jP6qW6Y3x+oHRA40YuES48vNl04RFCPfPRpAdsiRjUV63jeYSmoB62GyOcSGtOjYfkmOXo4lF/7Iup+SeOJ/98NerhjA4cYJ4aWPqqIiwxnhQhlPMUTNBvVQ+Da/kE28uasAvWH5yzrHreT/S93g71N4un6DfnALqZnod7TxgpwAXdvzojhHKu5ffI56tOVGd3cE3feMTQ7hdItE5+xPevlpx4smv5EH/z+Z8ThckT7+/AOcvPrpEH+9yvcp6AvgihnK8ewR4mb4dRnOstpesp5z2q7fW33pZyu6aVzTdf8KKIYTOSOYeHg3Gmb49bhFB+PMGtp16eNE9V1VF6HdBLzgUNG56weZL1bO6YXltqxIdT1P+EkY+llzHeNFT/XywzET4+dIIND48hc4ALjxDKeavLfv9zIjqujLuLgDa8Ob8g/7PMcsgw8ojxvvmi8PFW59D4l49rCKHlE0GmYzGedoMWwEHrj3pjm1zpXcuFm9d+FeD9aqHNFxKK3yTg1Ulyv57D2+uf0RM0jA1AHxc6R+exURQeHkNfelZxi6/4fCVhgLPmFMbubr7KOEx+kf5mYZ/8tcLx5ghyPVG1AM4fAttX4LPd8iHOcND0Z9e3+pggAFJK1L9C3LwOLAhEEoKAIi9AkJAgLIXA7o0beOqFF/Dxf/HL+NTnP4sPfnAXX3jtFTz43Xt49rln8J73vxuTrSkm0zHGoxE2N7fw4OgEsioxn5c4OT1HnhGKPMN0Y4JluYBY5JBiif3pGAfTAiezCsucMFvOsDWd4uDSPt73rufxjV/3h/HV730vNiZjyGoOuZwjywpkIoMsSxBVIKqwLM8hyxJSZqhfr8sBkUOIHLkQILkAyqpxI3t1BpSxIUv1cQKoA1JKbM8eetsdAMTyFEIu0M2r/eZbXgjKOXr42xofC1y88mk8/Cf/ANvf+O3IpvULz2I8NVxNnhzh3j/6EdBpOML7GgG5XDwW5Xir46q2fgH6TWxEEku5REUS43yEK5uXcLixj0ubh7i6dRlLWeKlo5fxyoMv4Usnt3B/doSz5TkkSRAR8izHJB/j8uYh3nf1q/CuS+/A9e1r2BptosjyeAHWtra1rW1tj68RoC+qA+oLXO0lv2ZVR8ruRgwAupfb6iO7D7Oa49Dtb47Qjk9EAswv+gXjJtY3aCwf8vDeX5jZ3JyIxTgezQKHvzncx7H0ymLcaY4MkyOAaG3i5KnI8+uFXQ8Rq09dbtURaruDmz1s81UiEKyKEQcb9MKEFQlC+Zdnf5vbMK7MaG6tGtFmiFg0QmjDu82k79b4ACQgFrEJnLN8LN5b31ZFdDwoOB4eM+10KlmQs6QrjaLw8EnSa2Utbzay7ow3b6R5Ylydq58cdY+gOi9jvFklJ3JzlSExfVvx0RRS9G3QCxMXqNfWAzwPr4/2vBDhrQ5/YcKDFENiw5Ga0oV5ZwFO8OuYT/eYnvWPuMQwlh9D9OGqodvKwtHwjCuz9I9Y8zE+UB96mVGfzt/4cDO4oh79i/tfuLlSL+9OzuozRGYs72Z9FtO/Vi85h84HoiYIJDw8NmHyTdhjencR81XlMKrHgg5lc6V/RveSzVfzN/4Zbw9OQCzCuvIEiyvFidy/WhFCOffoWK/5Ked9sD07aaXQytUW18MBY/uF2ioC4ysXpaM6DS9OcvHUsOa8D8aq35SXz1drrpW43ZlSo47zEWxwTccGR8AnD09EsPx8PF3vfB3g2d+axyFbf/JwvelXNKv3Gh0zq0esGoxzvVTzT7WdeiLCqCoe492ADKM1f2UD2+LReSpM3qbuyx2oNXTy5TtmPfTtwm3IcHMkN3hatyfPR22VEH6uCXi7tu7kuh5Ezszma71+Ie+iMUGvffPVVl/V+EjVO869lurwmjmbnTsG49Y5GNfmPUrX3LzTNXWArnODkBCdn8Z+sVLVh89XlT7z+aqFvnYxco/zbn7atJ3g3IPs7BbGiu+pzoXIX3/BScuzDyYUL8Y7veNypj4ECvCQfsL1PCKMKmXsg/fUC4xXx1Lnp775aiq2bZ3G4eVm9UK393RyFyLwAvQ+zXGreflZCNG+2K67FF+/rP+V9UvFkpAJQiYERCVBEKCiwDve+z48/dST2NvexunxCfauHOLytUNc2t/DopxjTCMQETY2N7G1tYXpeIzZ2Ry0KHF6do5MVMgEYTIdIS9yTCc5UOW4uruFGztbuCNPIMZTHFx6Ei+885344Affh6dvXEEOwvnJAxTYhJRLZBmBICFygWKUo5JLyGqB5WKOTAggyyGlQEkAkLW+kIkcxrqN7ndCwP5AlQBBINloqsiwW82AnB+npZifmNehiHl1zKd7WOMbDolw8ss/h5Nf/jmMnnoB46fehdH1ZyDGGyhf/yIWr7yI+Wc+Ad0ei3I/pkjL+WNRjjWuZusXoN/ERgCICON8hEubh9iZbOPG9jXsTLYBCNw8eR2vPryJlx68jPuzBzhfztoJiRAC02KKy5sHeNv+U3j+8Fm8bf8p7E93McpHjgv12ta2trWt7Y1kBIGskXL9Ple/Yc207YC2DsuMr9NmmQg+YKuJvaCR6bz9FL05v/pH8P0MnWd0L2AMfoFKdBEZVH4CES4GIkKo+kZFinBwQldezvU+ZEzEppliICaatk5gdFew+9Ruzp3II5pw5BFOPFzLT28a0iouALQRUTm/qIgFHEUYeYSaLmJY60FhdEWMcKK2X+XOuZG/yZUJT/Uuyt8ModN5CNvCMR7IruXR7leR9hhvTxd/wBb7SUI1ULqIe43nMp6EPj2OYWL+fSOGGRH8OYdDPzlvXv6JDCMbYSJ8fIi/+fwvxVjBNDnycBbRBLbeBTmpiHoBVOk4T0Gt4WPcwKhgRBooEUWr3ypXN2/P2uqwj3Nk6ftiZDjqLxNaPMWGFqw1PkDY3ka3LN7OD1IfsA1E4eEaqoYzOGyehIPmq3pnRC5grMPbjxxFmHf+G+7WVP8LoiMf+LjvgMH+yI0dwCJqcd5F4NO4lo/SNc5D+peE/PhYvgo1PVP67OMt9mlY3kGWA4W5HeEWTn7R/paMIg0BD0fEtBemmg6LcyPXsN60Efs5FyZfLUJ0eH4aQ0NPkc7tDg5weHhwAiYQuwFNvd5G/YvzvujLn9eIuQ+PIOjUPzOHfnxohZp8fHra8pT5KUeVD+cp6NBnVRyTs/2p7dXOVxm/oPsH6+zMUS7K31pcRa8FtPU5tT3Mu4x6FqDv/E3paTtfrbf7PkgnaLrXR09T9Tmo16q03SuPUFzpG+cEbX0Bbn8b4H/pjtMAl5NYdkO6X6XnHGBq4+C++YzF3foWxRXvX2Pzuai+ps5PffPVFuHmrS6D6XTHO3+EcTvU7u9jPZvfcrhY9h45is0X/P6nRq6Ht88ZenKWn64QBk9asGdodVgPfWUDNPUXqFo9duqoVjvneqoqvoer9Jxb+TtQ86MYNzDV+t0OuJtbM356q3iWnIk03ubj4x70PI+w1+ccPAVXnJ/G0PeLU6r86b+QqrotwkUa4vRum06ZzvcL0Wxp1ogEACGbJhAAJESjK0LkWr0BgJCpHAmQWQGRSUBKLGWOjUtXUJUl7ty/h+tXb6DIBe4e3cbnvvgy3vf+90KIHEIA43GGyTTD+YlEBYllmeP0fIk8O8dodISiENjZnGKxmGNzY4z3v+/dmC0Jm9s7uH79Oq7fuIFnnnkbtjc3IJcLSFlia2OK5TIHSKCUVX39yAGgqiNjywolZZCVxFKMsRAjSOTIiEACIBQQJLXqdn5KBCCrYJhx7163zW6GoIn5SeczfeenvvlqyvqiY7/xgfp6/2Oxv3z1MyhfedHaLx6T8r0h9i/nxvX8sSvfW2T/qrZ+AfpNbAICmcixM9nBcwfPAAAONw4wK2f47L3P48W7n8OrD1/DvfP7WFRL1IvJtWPlWY696Q6eP3wW7778Ap7avYH96R5GeYHu9mdta1vb2tb2hjUy45WoWx/9xRJ9P0tqzEHqeyHR3hPxiCZSy789HwFdhKn6H/7lPnQuu3N2AR54CdOxzr4tcBrX0hnchQQkR1TgPBGVtZzcvOsYxr1GnVNom3rfR69k6kt3tH3t46Q4XHx4hJL2eM49iBgnN/dioIG7ccq4fgPR0sgCLdwPvKKloDC2/kjt/zq5p/vT/etC/M2RR0xGfOmabcYzFke3xiOUmDram7c6TCbXdM3gcHMnpjiAhkrf9JKmcAN9OuxD1dycw8FJv7+uuTqgXe/jfFUL+pvmQD7uFGhFjQppqOrhiFiSqGPJGI1g4uGJeo0Yby0mGDYnkPaQh3HqeNDtEUBf94SQ5TO0dq2tom+uvC58fhA+iEcKjUbw57zVywQkaPPTNATLx8eTkdLRVAOHvjr0Lsqbklh8IKrieOcLPn9sNzr0jnNrwGl85Rr0u6D7IvA59TZlfrrifLVrXjfv3C7Me+kD766uuja/2N7pM10JyhV3H+/8IFWwh5rvvs7HrZNqHagqrvFoBH+lZ5wPReqHYOkNrtXH4M4O1nwZDu5oN+bOjJP7dKn+5vI/5Vece7ErkcUTauAcAX1vYEIj0icAfTAy4qPz2dj8VA2fVq893KWfRPHmUcdzjoHG8mDD2eYs6Wr+5kBXvj1Q1af3/ICs//E3UGjgRU/YE3332b77cq6LTN9Wj9DvyNdAGByck4db1yGYluDgSfODoL+pFxl7cHJxjsoduiNjEUYflb5FsfeCk0egXBMYpW+cE9ryd9l5OHOH3khhtIYd3NxpKc1sVj/pahrM3idHPvSlg3IjsrnhXnVCL48O3EgP+ToiucMCmNBAvSP2R/TPXk+FuZ1zeLiVP9zDL8ZXMKVnTk4d75rPwRH4AIcIfT9ojH3Y49NXp94m6ZuHh+arzguOh7cW01NPH/l0K3E4BUdRQvPYzyMAPHgdJEsg614h04tZZBkOzm7hwfaNcOWEaCeY/GNms9IZSGTIihEkJJZlhUoUuH3/Ib740uewu7OB51+oUJZV7StCYDwZY7IxhShyQBIqkpgvCSenFQQIo9EIuzs7mC8qbG5O8fzzb0debCAfjTEajwC5xP3br2OxuYH93R3Mz05xfvIQ4/EI4+kGstEEMlc+24xmkaGShIoESGRQ0Z/VO1MEEainfm+iNZH2/7snN1GE2kmWwPkx0+0VMarXCO6n9f71/jfZfrmYPdbleyvtX8XWL0C/iU0IgSLLsT3axDgvQABGWYGH82O8fnoXr5/ewaJaYpJPsDnaxCgrMMpHGOdjTIsxrm1fxbsvv4C3778NhxsHmBaTr3SV1ra2ta1tbRdlovlHQL9Fa+7fVQQPdYMKbaGiWYhuFwjMLMnY1S1QdBvNhY12e0rIDeE4PrZw4VnASIsg2qUXTlQt4ODNwwkhIpwf78zPgax6MZ6w3mIav9f2FsSNVkAiuHmLZvPj4r5w7xuRiUdgsnmvBrigiCscrYjNWvl13m32cKOWAd5jmLaomc+dvJbaHMkZMovKhXqhXOPqJBrvkjEu2AKuGIhIXBBuhZnxEIYaIIapDsD0Tm3sXsbzcKJB/taczuQpKNyIGE+1qAByDDu45o1u7tA3U25SIzB5sNXjHqjSN1zVS2338RoGoqf9LM4uWDzCoZOrXC7Q36KYVpvu+s95CPXMovMFzwlEGvdFYOLceqDGeQhV+sQHbEF91YSG8yAOanDR6LQ6PMbt/or6x6r+5/FHL0aax8mDxmrEx3u0wMklB6Dra8O9EZkS9C8FvfodQS29Kr/a7uaNMX1L4n3M110izPv1UtzfkuYPAezKb+pZjKcLsjJrQqqN+zh289VEfR06X/Wlj6GmXzxiqJd3jYeofvpuQJI7GEGzDl9lepyCPjnzollCO2J6pMKP+P7VP+BFc/qmhBH+6OerYPl1XG85i6cKGDw8Zom3Z77rqe/0w/2NY33iLt8Ib9fdVHlNPYutz/XGvvM3xn162vKU+alvvtoi2layuPBw4eLm8DS4VisfBwY28wqWPD/g2B4mwrxpmK67fVxDlV7jaPMN8+H3r4nY3r8y7sH0XyBR3cm48HDRk7f5+91HAMZylZKBR+l/qc3eHs65J7uWe/QuyOHSTw8KD2eIGE8d8D3np7EOjOpro2/qn7D+OfTS0FMHDqhOm15VT+v7qL72HO6WQ8VMVUwl77O+hc7zbO5BMRAj+aoSOCM6B/TOfwFMxJ4LIr5f0OPc8jfOU/xtCAaaI9g8s2Pg5C6wew0+u1Q+xAOEX4AWKksunMxI1C8USwksCRhtbOHa02/D2WyO0/kc73z2aXzoD/7rEBlhPj/DaDxCVhQoJmOMpmPMzivMygqZLFHOJWRVYVQU2N/dQTGeYGM6xdGDO6jkGaQkLBZLzGczCADj0RhPP/kETk9PsFgucHh4gL1Ll7F76TJ2Dw8gcgFUVT2WsxxVWUGigMwKSGRtLVudMtZMuCLY7aP/Cszh4gEQiAAt5scQy1NoJ+O5mVw5UMNVgCQlYCa3Dl/d/9a4xjcYYn4OUGTesMYvC65q6xeg38SWCYFRPkKe5RjTGLNyhgezY9w6uY07Z/ewqJY42NjH1a3L2BhvYne8jf3pLvane9id7mB/uofD6T52Jtvrl5/Xtra1re3NZgTY353W/yeNRXm0izlSkrG4w19qIy0XoeWnzqNz/XzO4wiwvuhvfj7J+8U/O4+Fvi/J+JdnTT29+UCvt5ubE7Uu8oIqr7mg4eFaWzrR3QzxiBGsxH15W+VIAa0P7VmGVqv266Zo7/RCrcMM7qhHNyj0qbiDE8vQyb0nWA1XWZD2vUChldcfIUdDxFDlnsCbBRmda8V1PyCJWcQxrIiicPMumY87kIDBEZvUgGb5tvrFuBcvcgQpoTE4uu0uroxz1s59Tuc8/RBUfsR5CFV6zlXRm/JanDw8YvwYH1d5x+THGfEDDt78a0Xgj3GYnM8S3NyD5gU1sYM8eue9YEUwfIEIYtca0Li2n0grroerozlv9dozDH3IjutK5+MBDzQGKC+AajazAN4IowrJw33oS5eISOTt4Og7IXO1m87b7GMcF26+4RXkHXVj32aK5RdBZcZ0jfzD35uBahNHG+k7zMtrQP/Qh3uQCLGI0OCc5ePVv1R85PNVtdvDzR42uNI/1aDKr2rO9HGwv/G4Yxon+O/r2u6gxh9Juya69NXpYFFM1bEkJAyfr3qwq1Yib60vd9gqghLKsw86itOXm/7WE2PV5uODoapHbL7gtkgNW93qKujmGip941wh9cSQ/motFePBC2if+aml16qtEnnPHgpZ2vyA6Z/SR85VMiLmZxRGhFHVMYmrE6vtCQMgqq+x+alvvmqUbiAnJN+ucPew3KXd0RMv0qIC6MBYdo7u5txAePgQJLXGrsaDzdUCRMubBuC8K7SL+zFVxwZhwvw0pt9WuZg+d/7mqWdrq3KtWTgf6H91HtTlxbjSOYNrmaboXxBJ1+dEVOk5VwrUlFfpc5RHBCQ+f9VaQ3N/W/88PHh2rTtSkaXTShfkThsiLMpi+s25D1cwa7g0Osa5H9VzAgdHowrUcApxx/MIcnzgHuBOTJjPeX9hLzY/TZ2vRnVY9YWbQ+fqhoBzR/XpwS2I0AvQhcTnQj4hUL/w3l7fhOPoziQyUJYBkgAiZOMNXH/mWdy+d4RSErJ8DCGWEAAyAYgMyIoM060NzJZLVIslCPULytmsxMPjM9y//xCXLl+GrEq8+soXcXo6w3g8hhAZNqcbODw4RJEXyARhc2OK0biAlIQ7d+/iTErkG2PsjrZAoi6WJIFKZihRQCIHtRGglamPSvQ+UHtI6w3TVNMfiAqAv53o7EHbyN16gsqEYJ6ACZbSUyZg1vqWJ/ka1/hWQLk4fyzKscbVbf0C9BvaCKDmT5nI2hmmgEAuBHKRASBU1QKiWmJUznFQlSgkMM0KTMUYmyiwI8Y4yDewP9rG7mQfm5NdjMdbyIsJIPKvTBXXtra1rW1tj8a0mzP9uRLfT6g/PG33C7WA68xSW+jQXudptuv5EDqi319D7RfNQoQweVsu0SU2eJs/rxHjsQUMMN7zAZXg3BNhIYoYiM0Chmg6oIsooaHe1+Yds7HY6uL9Q1jBtPCah+2QrJmTHsDZyfwoPNyLK0aISolYwDGpgRsUA1GNIc7h5i26IubE0Ch1hAs359W1+FBLdhwNE7JredOtamOyG6jTCceCcIh7H7j5Uffs6AIxjxgjEtGXPoJJEcIsveM6qXsz48LDhYtr6Exv9r2TD2mOPuYrgAdb/4SHO/TO4CTY5TKBO/PzoDbgDS7i3MBUPb1gvTbjwei82a/0ri2uh8PDLT1lOGR4GuWNWE9/82KqWfODWseCPEk/E1H0R93To/r6KF6gCqAw5nfpvPNut/719T8Du9MlTz+VeecHF+1/LVc6AKYLaLpPUwDOkaZ/gzCWr0KlzxpX9VB6bfGmMpwnoXdeijBvTTDGOOsfO+KjA1WSHv5mFTeClj86a+OwyP1RpwMB7szAw7X7baCbf6rtPt5bRxUmzE/b4zlHwgsOgwSH66TeW4xrLxQYnIBOp7vs+l5vh/qbd3j1xZTpv15Ya74aHr/J498zoLoIfA0H441ucT7oF01SkOtvgl6r+qh0bu5pv8j1x+boZbHraW85j+HA+QJYPh039U3YFwjoeuflA+dXsflbN1/VuJb+UcxHnekD5+nakn+QbnJb7xruNYdDRgXQg4EzBPkq89MUTLy/A+dw82gDPeL1Rktflf4Kk/f5BROnjlrYFNer0/ByvaVC67UpzdvX/2KWdH1dyf9iqO4DGYeHcz3l95OR9bqV7197rj/2/gWqIfPTtjpKv9vWgPm5gYNrHcqHY5B3HdDPhlzGAmYVhw+nqP/pauLgiPDE5xDQuZaD7tlOTJ7wRI5PHbGsvL5foDI49MB3uYEAACAASURBVO6KcOHh5mlrPzt6DXj6A163GGUZrpy+gnu7T8EwApA1bcuuDyETzcvEJAgVCCLPMNnawWR7B7Oje1hKia3pGIt5vQ5VFALFKEMxHkNk9cvTEhnKxRxFBiwq4PjkHAeXBLZ3dnDt2lU8OHqAS5cu4WD/ALs7u9jZ3kVejLCxsYnReASIDGI0QkkEGhUYTycgVKDmYw4SOUoiLEUBEgVIqAjQZm+6OLUbVF93H4wQgEsPvogi0k5idgT9/tuK4N93vpqiz2tc41sIaX7eadZjUJ63NK5o6xeg38hGBJIlIGX9JwREMUL9srLtHGMIHIgc42yCS/kW5jhGdn6GTB4jg8BodBfj6T1MNu9gtHkAbF8B7d+A3DxANtoAxNpd1ra2ta3tzWJ2VCVAQrt6aBMNdSSpf4R1SMNFux0g4zhXPiRQf5wqfJza7SAYi0R6jjEOBydAe+mXTE4ECSDTtjsRGhIwOKKCB1V5Y9yLLSU3Am5eNza6++EYdzQ1WxAdxJ0RTdS59Eggws2hITkijsQQjnx6IGLcF7mkjVygqu5YoCXHAmuMq9ScXxAqH1DuEeW6+dwheMJHbJHhZSFPy8pLMa6Scu5FrgIR3ozzTgYoiGjTq/Hu4B5U+qaXxMVXQp8uJ+q1avc2YoKHWw7rdGDdUpwzoHeUyF0LlpyHsKswWIXRR8e8GItgEopoonSYcw27caTK3zQP55ZgdA+cAr1h87jbm6i3lmpmzkOo0nNu1SbMvZaqa67MfA3WBy/aWHmjkUW5Pno5NX7WE/X0DkQi1ypglEyfrzo5AqjpnB9hcoDlE+bKvP4Z9Def3jm4apu+A+yiZ0C+C7wH+TzQ0NcLma+q5hrIzeHickOTw8317tGqF+cX2zv+2xgPKrO4quPjonect0hhrmcQbCA3T9WxwRiZn1rH6em18sZ+acC6QUGnZya396vtTk4eTpy7UL1wo/xNvVij5MvmSv9a3tRAwK7RhYyoiL55dTF1frqiXnfe7eHk5t28NMK1lkxpDgv19A5EIneZ8iNFfNw5zDGse9r0ifqtLMatiqei1SCOBjIKxnhyTwxE37ocvw9n+qY6cNVfkFpVn7tWUOVUxTW56zpkdUfjR22OUX9j+sj1MpkHkMKoBrIzougq+vao56eWAHl4aw7uGOAXv77VE9OGlT1fVf8IB/egqr6exwVfXVdeb/C5k9e9lPXWvxjv2TH8BgNaRTkPYcRjVp6/xuanbXVUOnTpjeHo5tY4Uuk5h8tMj1S6FuQktOaL65/zhXDOQ6jScw6Hngb44Pmpb75qDfDYBEcNKHU44xdlnuHk5TpV1eQ8hCo958evQzy8BWqiQLtG15XqIe4Zha9f0BYiM4UywQQIkgCIDAAgqYLICmxu74CWc1CWISsy1C/9Vsiy+iXovMghsgwSAmVZoiqB6SRHVkwgRY5KCuwfHOLZZ5/F3Tu3sbe7h4P9PWxsbqOsCMfHD3E2m+Hw8mXsHuzVL1QXBTAqsCyXmM9PABAkEaSUkMggxQjIxiBk9fjiFwpfHTWfkQDUHAlEuLR8UIe29tn5EXD+APy5zcrYV6/XuMY3KdL8HFSVX/FyrFHDFWz9RusbyWQFqpagcl7/LWegxTlQLkCyArIM2WgKjKYQxQSiGEPkYyAvILIcOQQ28hHGxRS74x1UoxPIxRJS5Tc7gTh7CHF8GzTZQrV9GZg9QL5zDdnmAbLJNsR4AyJvXrK+gDfw17a2ta1tbV8hE2gXhGtuxnAwIoE2N2e+CKF8Ba1jgQWKQSE21IIJjyXtW8Bw8AaTIogCbYsIRHizOFdfGjkPIMIIH49U31gV4zzFYgVjqL4QV2Yur3W8LZ6KyMF52w0J3Mg3MQKThnX5I7xvQ/AGGRhxxWw9nTf7hUL04/DwGCYOU2N4G+UPc+8BqQOkpyVFCOUvHKDHAzQxELX06kxJC8JMv5IwKiC8Qx0d3Ogd58JwAONKY/BV/U24ipOCbEOMxx04YlazijgPnNC8Wne6xvnFR1xq0BtxqUNVj5Y35VP5mPVK7BDvBZS1l3WP6tPThqe4+wX4m8V7Vi/VHePzA6UDGjdyiXDh4c2mC48Q6ph/Jj9gS8SgvmodzyM0BfWw3RjhRFpzajwkxyxHF4/6Y19MzT9xPPnnq1EPZ3TgAPPUwNJXFWGJ8aQIoZynYIJ+q3oYXMsn2F7WhF2w/uCcZdXzfqLv9Xaov1k8Rb85B9DN9Dzce8JIAVLnW5H7V2eEUM61/B75fNWJ6uwOrukbjxjarS9onfyI718tOfFk1/Ih/ubzPycKkyfe34Fzlp9dIw/2uV/lPAF9EUI5Xz2CPUzeDqM411tK11POe1Tb62+9LeV2TSubb77gRRHDZiRzDg8H40zfHrcIofx4gltPvTxpnqqqo/Q6oJecCxo2PGHzJOvZ3DG9ttSID6eo/wkjH0svY7xpqP6/WGYifHzoBBseHkPmABceIZTzVpf9/udEdFwZdxcBbXhzfkH+Z5nlkGHkEeN980Xh463OofEvH9cQQssngkzHYjztBi2Ag9Yf9cY2udK7lgs3r/0qwPvVQpsvJBS/ScCrk+R+PYe31z+jJ2gYG4A+LnSOzmOjKDw8hr70rOIWX/H5SsIAZ80pjN3dfJVxmPwi/c3CPvlrhePNEeR6Ir1+R69BNC9Au2yvyLF9fhenW5fZHlMnY1brHkEgAzXqhiwHSOLK1WuYFABldaHzvNa1LAOKIkOR5xCZwGJZYrmsUC4rTBYlkI+Q5yOcnJ1hNBkBAhiNRyCqUC4XEJlAJgQWZYmMAJkJiFEBUYxAWQYiCUkSACBlBSklFiVAKCDyAtSUtdbZug6x+ZbqK2r+rdd1CFtnd7AbevkZgDi7X7dMe1hcgXzLC0E5Rw9/W+Ma30QoZ6ePRTnWWOOqtn4B+g1jBKoWkGf3IU/uoTq5jerkDuTJPdDiFCQriLyAGG8i29hHtn0J2dZh/f8bu8gmW4DIIPIRxGQL2eY+qFwAECAhQOcVaH4CeXYPqEpACJSTLeR3Po987zryg6eQ7z2BfP8Gso0DZKMJ1hGh17a2ta3tDWwESHSLRPXMgoxDpJTm4nyzyiMlNesBKlIHdZmie9VNLfI3Z0C3qNUdz9O3Oajy9EE9fV0ArVwaT8T2prAtb9d45kQsxvFoFjhizcKPY+mVxbjTHBkmRwDR2sTJU5Hn1wu7HiKdtuVWHaG2O7jZwzZfJQLBqhhxsEEvTFiRIJR/efa3uQ3jyozm1qoRbYaIRSOEajpQbyZ9t8YHIAGxiE3gnOVj8b4DaMUR1FlMcDw8ZtrpVLIgZ0lXGkXh4ZOk18qMa6xe/dTmjTRPjKtz9ZMjfrV28GZVl8jNVYbE9G3FR1NI0bdBL0xcoF5bD/A8vD7a80KEtzr8hQkPUgyJDUdqShfmnQU4wa9jPt1jetY/4hLDWH4M0Yerhm4rC0fDM67M0j9izcf4QH3oZUZ9On/jw83ginr0r+/03dt8HlTm5Kw+Q2TG8m7WZzH9a/WSc+h8IGqCQMLDYxMm34Q9pncXMV9VDqN6LOhQNlf6Z3Qv2Xw1f+NxxnpwAmIR1pUnWFwpTuT+1YoQyrlHx3rNTznvg+3ZSSuFVq62uB4OGNsv1FYRGF+5KB3VaXhxkounhjXnfTBW/aa8fL5ac63E7c6UGnWcj2CDazo2OAI+eXgiguXn4+l65+sAz/7WPA7Z+pOH602/olm91+iYWT1i1WCc66Waf6rt1BMRRlXxGO8GZBit+Ssb2BaPzlNh8jZ1X+5AraGTL98x66FvF25DhpsjucHTuj15PmqrhPBzTcDr8eHjuh5Ezszma71+Ie+iMUGvffPVVl/V+EjVO869lurwmjmbnTsG49Y5GNfmPUrX3LzTNXWArnODkBCdn8Z+sVLVh89XlT7z+aqFvnYxco/zbn7atJ3g3IPs7BbGiu+pzoXIX3/BScuzDyYUL8Y7veNypj4ECvCQfsL1PCKMKmXsg/fUC4xXx1Lnp775aiq2bZ3G4eVm9VJu7+nOSxBPvBsopl4fuTa7g89tXe50S2TNyRpPEQD73WHLVCTlAgRC/cu8ACByge3dTaDcAlEJkjkyALnIkGcZRnlev3ycZSgJWEpgScDxbIGT2QybWznkKUBZ/fLzxu4OJuMRRpMJkAH5aIS9K5chRlNkm9tYon4pGhlQkkQpJSopUZUVymWJZSVAeQ7kE5RZDinyuuRStm3ur6VRYQDdx5xXTm8BWeD4agGc3WPTA9K7138qn475dA9rXONbEGUFOTsF+qZb4yPFVWz9ButjbwQqF6DFKeTJXZT3X0F19Bqq49dRndwFnR2BlucgEERWQIw3kE1364jNW4fINg+RbV9CvnMF2XQbyHKI0QaynStAMYbY2IU4P4Q8P6r/Tu+BZsegxRlofoZy+TLk2RGq03soTu5Cnj9AvncD+fZlZNNdiGJcf4nlKjkRqqpqF3aEEMiyrP3KT0qJ5XIJKSWIqJ6wjMfI89zKR0oJKSXKsmz/X88zz3PkeY4sy5BloZlClx8RtRNu/U+VW/3p58rzHEVRtOdK7sXmnHqe6vwqb/2rSH2SJIRA1pwvz/P2OG5G/lUFyfLPswy5VnZvPiRRUZ0eADLUbZyJLDp9IzQ/BUJ1v1OTPm98RDZfzambVTOtVmcAQmTIRXNeraz1OZqJJ1X1xDgrkGfx8vnqu5QliCSy5ny58Lfz2tb2prFGa5SnU72p3qW4dhxR/Ss86v6+2WWvZWnbG1Uz82vzjyxwtJ+iu7gZkc9AJGLik0IiglAVV+lFF5FB5ScQ4WIgIoRaGzcNbvGmY51c7zPGBBdpq5MHYqK1fsa6K9h9ajfnTuQRTTjyCCceruWnNw1pFa/Hj+ocxi8qYgFHEUYeoaa75umjNoCuiBFO1Par3Dk38je5MuGp3kX5myFQOg9hWzjGA9m1PNr9KtIe4+3p4g/YYj9JqAYKj+jvj/AfQJ8exzAx/74Rw4wI/pzDoZ+cCzV/Rj+EifDxIf7m878UYwXT5MjDWUQT2HoX5E3EqUcZIbWuT5wbGBWMSAMlomj1W+Xq5u1ZWx32cY4sfV+MDEfjWzjOU2xowVrjA4TtbXTL4u38IPUB20AUHq6hajiDw+ZJmDhfNV+Y0DsjcgFjHd5+lCjCvPPfcLem+l8QHfnAx30HDPZHbuwAFlGL8y4Cn8a1fLoHZCYP6V8S8uNj+SrU9Ezps4+32KdheQdZDhTmdoRbOPlF+1syijQEPBwR016Yajoszo1cw3rTRuznXJh8tQjR4flpDA09RTq3OzjA4eHBCZhA7AY09Xob9S/O+6Ivf14j5j48gqBT/8wc+vGhFWry8elpy1PmpxxVPpynoEOfVXFMzvantlc7X2X8gu4frLMzR7kof2txFb0W0Nbn1PYw7zLqWYC+8zelp+18td7u+yCdoOleHz1N1eegXqvSdq88QvFugdfkBG19AW5/G+B/6Y7TAJeTWHZDul+l5xxgauPgvvmMxd36FsUV719j87movqbOT33z1Rbh5q0ug+l0xzt/hHE71O7vYz2b33K4WPYeOYrNF/z+p0auh7fPGXpylp+uEAZPWrBnaHVYD31lAzT1F6haPXbqqFY753qqKr6Hq/ScW/k7UPOjGDcw1frdDribWzN+eqt4lpyJNN7m4+Me9DyPsNfnHDwFV5yfxtD3i1Oq/Om/kKq6LcJFT5w9BN1/FeLK820+yhS/VAC3zu/jfPNQq5lo/9QYMOtvWnu0Gj8iqyM+N1GWi/EIUhIqorpsAshR/2WCMBmPMRqPMZufQQKYlyVu3r6DRXWOS7s7QEW4fPkAuzvb2NraxHQ0xmgyhRhPsLU/BmUjZKMJ8qJoXkSuUJWL+n0bSZgvJeaLCjIbIys2QMjra0uWNRqm/6WZaonN83s4zMLpxNk9iPlJk8jWwd4Du5deq0LY+40P1Nf71/vfwPtV9OfHtXxvxf2r2voF6MfaCCACzU9Q3vk8lq9/BuXNT6E8eg00PwWV8zryMwDkBZAVoMUZ5Ol94N4XgXyMbLyJbOcKistvR3H4NPL9J5Ft7CEb30C+ex0kl/UL1st5EwH6PuTpXVTHt1E9vNm8bF1Hm67uvYz8zudRXHo7RjfejeLwbci2LkGMN+ySU/0S8Xw+R1mWABHyPMd4MmlfcJ7P5zg+PsZ8NkMlJaaTCQ4ODpBvmPmpF6VnsxnOzs4wm81Q/v/svdmX3EiW5vczAL7GyoggGWSSyWRWZW3d1dL0LDoaHelPl848aF5Gp0uqyqquJTO5k0HG6u7hGzbTA2BYDDAY4BE5zayJm0l+/OAwgy3XPhjMDdeDEInEcz36/T7D0ZDhMPlT3ExcZ3EcE/h+tplaCIHX62Wbm6MoYrlcslwsWCyXBL6PlOB5HqPxiPF4zHg8ptfrNV6n2BZxHOP7PsvFguVqhZ9eX8bJBMJxnWzzttqcrHJ2XZfBYJD8GQ7xvOqwlVIShiHz+ZzVaoW/XhMEAVEUgwAvzWNra4vhaES/ZqN54nGSSEYsgiVBFAISz/EYeH16Tg/XcclLVk0bx8lm4nW0JoxDpEzSj7ykX1bhmiBON72XltPyegA4wqHneAy8AX23h0u+ITmWMX4UsArXLIMljnDY6W8z9AZJ23V8CgzikOlqRhiH9L0eA3fA0Bvg3UU4v7O/d5MyeyzLJnpqjkH+KFSccKhnHqkP3krW6flAcem8nC/kEaYKXEIs1PObTI8XTkJFrs4OboRJ9nmFWvFCuhKvQwmtIyrovCUqy7is53nHadxosuwYKq3oiDcymfmRqoyJS8Wp4waUNW/o66jO17kBsXFZz43Y0MD5BjCNFx8gMmpZoC0sRtVzA8pmzPxRZv+s5Ybub+9ft+JvNXnYZMSULj1W+o6lplvtEUoK+sgGXMrycVlGdE49r8U2DlBApW/FkrbhJTTpsAlVc+ucGi6Lz9cJVyeo4xV+U2v0t4IDmXitQCtaqlABVT1yXUPTN5uOtUZrBBMDb6nX2HhmNsGocoksfMmjcZnzRrenAU3d04RaPpvWLrOb6FtdXrc+P2g+SY8Uao3gr/NML1ughDyyVDtEy8fEW6M+AW/AshrU6GuN3ll5WpIK3xBVcYzzBZM/Zgdr9E7nlQFX4DeuQbcbuikCX63etpmf3nC+mjdvPc/drpl30ge9u/LqVvnt9k6X6UqjXOnuY5wftBXsTc30XGfilYsWOlBVvMCtEfyVnul8U5TdEC19iRfqU+K1HVzwZWp4Tbtp7qxxWX+5tv5W53/Kr3RuxLxEFd6iBrUjoOsDTNOINAlAF7SMeOt81jY/VcMn02sDr9NPKe3No87XORualoc2nKtcS3ozf6vBunw7oKpP5/mBrPzD3EBNA896wY5oes42PZfruqjp280j9NfkW0JKHJ1LA6/chyhbCwdvNT9o9De1kbEDl3VcR+UO+Zm2CKM/lr5ZsfOCk0Gg6iYwSt90LsnKn2dn4Jo7dEbZjJVhRz2vtTbNXK5+q7tpY/YmOTKhKR3KjWSVl9wrSWjk1oFr6SFTR7TusAZs0UCdI/Zb9K+6nkr5uM4x8Er+1A8/G7+BKT2r5TLnefPVcBpewJGSri802l7sMelrrd620jcDb5qv1t5wDDwzm54a+sikWy2HU+MoatE81e8jtHxOXyLu/6xRJY6XH/lhfFDSvuwsSfbiS7PFQPL9VdJ0AonA8TyG4y2cfh96EC6Tz4f9AQO3T89xcR1B33NxhCCMIla+j+/7xELgr2NEFLO9NWR3Z8RoMGA0GiNcD+l6CK+HNxiC4yJlhETiSImIAmQUE0awCiTLwMEbj3HdMQInabBYAjJ90UIistjVzZa8ZAFIycPr99gaR16fk3dOC93sgla9pvFzeff53ed/B59Hi9lnXb7/UT+/id3t8PucLQqR/oJo8oHg5C8EJ/9K+Ol7outzkBG4PZzhDs5gG9EfIdweADIKiP0lMlgS+XNif4EMVsj1HKIADp7h7h7jDHeS60gJMkYGK+L1NfHiCvf6lPDiHiCQF6+Jr08JF5dJlOj1PEkTR3iOi+N6CMcFUY6IvFwuOT09ZTadEgYBo/GYh8fHjEYj1qsVl5eXvH37lulkQiwlh4eH/PJXv2KYboBWEZ8X8zkXFxdcXl5ydXXFfD7HX/vEcYzjuoxGQ3Z39zg4OODhwwfs7O7S6/WMEZp93+fi/JzZbMZqucL1XPb39xmNx3iex3K55NOnT1ycn3N1dcVyuUTGkv5gwO7eLocHhzw8fsj+3j7DUbIh2bQRWkqJ7/tcz2ZcXV1xdnbG9fWcKI6QcZw2fUwUJxGXBeC6HoN+H8d1iOOYwWDA/v4+9+7d4+DwsLIBOggClosFV1cTPn36xHQ6wfd9ojDKpu9CCAbDAbu7u+zv73NweMj29nZtOy2CJe9nJ8zW10hg3Btxf+uQ3f4OAyFwRX3E71hKgjhk5l9zNj/nOpgTxTFb/TGPth/iOg7ni0tm/jXrcE0sJZ7j4goX13GTtooDYplMEgdun93BDjuDbXYH2wzcAUIIwjhi7i+4XF5xujjHc1ye7D7Gcfbpi56xfJW+AaSMmftz3kzfsQrX7A932R/t4TkunnMnj3f2920ScER1QTj9H6RamCBboFDfiKgv1NTneY6JFhYf76VU10k+lyQ/alSJgNcq5EbxfMq84wJGuwiiactIQX1E5rzGFZ5+OSGEhevn1+ZXg4bmM/EW6y1l029rxoLUYyUgEfU8w3Lzc3tvuHeNyKRHYKryTg1wSxFXdKxEbC6Uv8jzwwZeqmUD7zhM20aIMFrb5midoWZWuVAbygtcXaTAdf3MuNAWcMWGSMsFYTUwdN6ETQ1gw7YOoOmdOphvxjNwKTfyt/RyZd4GRT1i423NKoA6Njt4wRvreY2+leWmbQQmA2Z63AFV+pSreqnjJp7AhmhovwrXblh6hMNarnK5RX+zYrva5Pd/nTdhMTPrfMFwAdGOmyIw6bzyhZrOm1Clb/kFW6O+FoRG5424UYOLVKfV6TZe7S+rf9zU/wz+aETbdL6ON5pWI328WwvcuuRAUV9TbozI1EL/2qBRvy1YSK/Kr47X89Q0fWvFu5ipu0Qz79ZLdn9rNX9owLz8ZT2z8faCrKwyIS2Mezvm89WW+rrpfNWU3oYF/dIjhhp53nhY9dP0ANK6g2m0yuk3mR63QZOcGbFcwmrEdEuFf+TnV/OAF+nl0xJa+I8/X0XLL+fFlqvwtgKGgdus5eOZ6X5quvzm/qZjcuE8XwvP1t1Uect61rQ+txF2Xm8sc5OeZrzN/NQ0X82QrJUqXBi4qOPl4VnihVqZOGzYzDew1vMDHbPTRDNPGybvbhMvoEpf4GT5NvPNn19bYvb8qnEDtv8FEtWdGhcGLjryLH+z+wgoLVcpGfgx/a9ts2en69yQXcYNetfIqdNPA+rfV4h6xMbbDviO81NbB1r1NdU39Vez/tXoZUlPa3CD6mTpVfUKfW/V147DveJQNlMVU8m7rG+Re16VG1BsiJZ8VQlqIzo36J35BtgSOy6ImH5BT+cVf9N5G3/bBBuao7F5ijZ5D5dv4d6Tmg8TO3Dh7PoTs+1j0hDKaWaqoQDhIDD8qrqIEXGc/PowIjlPCKR0wPHo9cfJL9E7kjCOmM1mzC+nxGHEaDhg4PXSXyEXCNFDOJKFv8KfrhGix/XcZ3I1ZTzq47gefigZDIf0hkknhKFPbzDA8QSCmChMfsXdD2Iup0sWq5Dx7gGxt4UUQ8DDE26iLiJK9VQmLw20XDMRwM78hHuiedO0WJwhFmfkul3MwcKVA6VcBUhSAlbmldNv7n93eIc/AYyX14go/Dcvxx2W8aZ2t8PvszWZbGCenhB++o7g/bcEp98TL6cgI3A83PE9vKOvks3M431EbwgIZLgiXk6JF1dEiyvk+pro6i3x8pJ4OaHvL3D6YxhsgxDJHxxEb4DjuIj+GHf7EGfrEGe4jTPYwn8XEE0/ES8nEMesgxUyWCIG24j+GPpjhJtMXlTE4+l0yl/+/GfevH7DfH7N0dER/+E//Sfu7e9zfn7ODz/8wP/7u9/x8eQjjuvwzTe/4MHDhxweHiKEyCIaf3j/gb/8+c+8fv2as9NTprNZEuE4jeA8Ho84OrrP118/57f/9E98+eWX7Ozs0B8Malt2Pp/z8uVL3rx+w/n5GcPhiJ9/83MOj45wHIfz0zP+9Kc/8erVS04/nXJ9fU0sY4ajEYcHh3z55Zf8+je/4fnz5xwfH7O9sw1QWVxW7XA9m/Hy1StevnjBix9eMJvNGAwH9Hs9XNfD931m02kSbToI6PV67O3v0+/3CMOQnZ0dvnz6Jc+++orxeJxFuVa2Wi55//49L1684C9//gtnZ2dIGaeRo5Nz/fUa13XZ3tnm0ePH/PKXv+SLL75gb3+fQdpOEomUkslqxp8+/YV3sxOklNzfOuQ3D36Jt+PhOm5t5GiAOI5YhWtO5+f86fQvfLw+JYh9Hmzdp+/26Lt9vr94yfvZCZP1DCmTzdEjb8SoNySWMdP1NatwRRiHjHpD7o+PeLxzzFf7TzkYJZuSgyjgcnnF68lbvrt4Qd/t03d7DL1BspnaUL7KCJMxYRxxvrziDx//lZl/zVf7X/JMPmGrN2boDVvlc2d39pM1mby4IETyfm0yucgXhZJzkn/FcXGRPjucfSmZ7b1LUyZ/5zplffNePWwVjid5ynTGU4eielzLt4KmN8mMb5jZECMvT9TyyAuqvOUFDQNXp5uwqXnqUEuvrCvPqmwpYOVFey3DSqt27SY9/U2w0GElXlOPfBAU7/s1XGoZ1nLjBW6GN1mQNm2gKJTXHCGngNhQ5d6CpxpR5IXi1n9BYjOrXJQdzRT5KE9m4jUoYeOITZre5eWq55vrWwdUQlPi5MfruDKda+3c5XK1l98ElR/pvAlVep2roqflmDtWngAAIABJREFUrXBp4BbTzzFxlbdNfowRP2r1WmYLulK25JS56rF81NRxA5ZvqC07yKB3xhuWBZtvEI2YtwYFXvhc6Z2ksFFC4+psnWd6bRiGJtTOy0tn4g0eWBqgegFUs5ULYIwwqlAauAlN6VoiLXk2OLpOyOrarciz7G2cWzfT8GrkOa3Hrs1ky8+CykrTNWke/sYMVJvUtFHxg/LttUH/6MINKCW2iNDoXMvHqH9t8Uefr6qPDbzcwyWu9E81qPKrhGv6uLG/6XHHClxifq7LukOm/igL98Q6fa11MCu21bFWKNl8vmrAvFoteWZdeY3dRFCa8uyCNcXpysv+1hFt1dbHh4aqHrb5Qr1ZapjpVl7Bel5ApW86Vyg7YpP+FlrKxhtvoF3mpxW9Vm3VknfsoSZrNz/Q9E/po85VMik1P5PNSDOqOrbi6sLqeIsB0GZdsxNWdJLNuaT144ruHhV3yT7oiLdpVgGsQVt2Nd2t8xJi4JugVGvqajxUuVqAyHjaADrPC13HzdhWxzbCFvNTm35XyqXpc+5vhnpmdlNeaBadb+h/SR4yz0vjSudKvJBpG/1rRFnU55ao0utcKVBaXqXPVm4REPv8tdAaBfev6p+BN1690B1tUUtXKF0jr7VNhEWZTb91bsIbWGW4pDqmczOq7wlqOKkqyJTLJl7zfYSsecG9gddii/mc8Rf2bPPTtvNVqw6rvqjnFLl6INB5bfXTz6VEfvoe0bABGuCL9Sl/3noEMt3kLEQ+WAUg8xdo60w46n6Ql0+ke5dc10FKiYxiojBkvQ44v7xiOV0gByO83oBBP8D1VuBGxFEE3gAfl8vrFU4Y4DrJHqhV5LC9loxGa8ZbI/rDITgC103KGEUBYRgTSY/5KmTux/TG+9DfRjojcAYIKRGxTDxIxFm7i4IfVyuY6mJhgBwvPpYHTI3J61OI83Xh3L2ktjwii91NRmSZZ2mkzmtPt+vnHd7hTxzjxfSzKMcdVvEmdrcB+nO0OEKGa6LrM4KPf8M/+TPh+Svi6wsQIAbbuNuHuAdP6T34Bd7+Y8RwN90ADTL0kesZ8WJCND8nuj4lnn5Chmvi6zPCi7e4+08Q/S3EYCuJHC0ECA/heGk+OwhvkEV2llEA7oD4+pR4dY0MfQK3h7P7AOH1ce89QYz2StVYLha8e/uOv/zlz1xeXPDw4TH3HzxgdnjI+3fvePHDD7x585aL83Mcx+Hw8BB/7SOlJAxDptMpH95/4P37d1xdXWWbg7e2xvT7fdarFfPFgtnsmsV8wXq1wnFcfN/ny2fPODg4qI1wvF6vOT095YcXP/Dm1WsGgwESyXQ6RQjB9WzG9WxGFCURpl3PI/LXzKZTJleTLCr0fH5NHMc8/uIxo9GIXq9Xrv9yyfn5OW/fvOGvf/0rHz584Pr6GtdxGQ6HjEdjXM/FX/vZZu/T01OCIGDv6or9/X329vYY9Af0+v0k0nRalziO8X2f+fWc9+/f8a9/+ldev3nN5eUlYRAyGo2yP0IIVr0e6/WKi4sLlqsV6/Waq6srvvrqK47u32c0GuF6ycbhZbji3eyE7y5eJO0VrXmy+xh/HCCl+W20GEkYh1z717yfnvBy8oZ1uMaPAn519A1xT3K2uODN9D3niwsc4fBo+wHelse2s0VP9BiGPn7kswrXXPtzputrZn6yAd2PAo7GB+k15llePcfj4fYR2/3tbDN0GwuigMl6yofZCS+v3nDtzxn3Rtwb7RNEYas87uzOftKWvqFcfMYS+UdIys+96nxJ8h5v8QGr+JxfuoRKrxZ2qeab5a8fTx+I8xe4NY4keRs4/7x+hdLAu34hRc3xhhoJnRsiLFiRDTFt8CSbPIJOCYu+UH5iLi221vHs24Ji57VBDFw3U/dp3dXIq8nMKAzciDeMENUmYoGOrRpYLSxtiGn6SoRp6nmGdRFzbFgqtYWLeq5Xt8I3tdaOU8AW2WU87VZ1sLUbqMuJmgXhJm78ws2MRc+2LhDrEWNESzSlt2CrCGEVvdN1sujNGhcGLup4AWvTl/u+lm/SHF3MVAADZv6JgdfoXYlLod0uW/Da/AxYGPAlLuy8hG319Jb1Wl/sr+ir0rusuAaOgVf0VMNNhmepvBbr6G9GbGuV+UGiY428lX62RNEdi55u1deu81XL/NSqr6X5XXuee3e9/nX1vxLml2s9/VRmnB/ctv9lXOkAmi6Qdl9BAXROO/3bCG35KlT6XOCqHkqvKzytjM5boXFeSjPPTGhM41r/VCM+1qBK0sHfKsW1YMUfa2tTY5bno1wHGnhtBgaeNUz6qfrCOj1u4p11VGGL+Wl2vs5pscFhI8HRdbLYWxovbCgocQm5TufZdb3fbupvxuHVFdtM/4uFrcxXm8dv6/FvGFB5BL6Uo/FUt3S+0S+atEFdf1votaqPSlfPDe1nuf9UOZ3Mdj/tLOc23HC+gJZPzsv6Jqo3CIp6Z+Qbzq9s87d8vlrghfQ/xny0Nn3DdfK2TNcL0uLpEfyrepdyo9U4pFUADdhwhUZ+k/lpG2z5fIfOqefWBvqR1xsr+qr0V5R5l18wqdXRCqbFNeo0Rl5sqab12jbN29X/bNbq/noj/7Oheg7UOAau66n+PGlZr7vx82vH9cfOv0C1yfw0q47S76w1KL9uUMMLHaoPx0aed0A32+Q21mCV4ujDyep/RTWp4Vh4y+8hKPJCDkXPrsXWEx7L+W1HrFZe0y9QlTjF7rJwYeDly1a//7p4g7h4AwdPje6x7TocT77n071fsIlVtkbLGCGSUSoQiFgiwwgZRERBxHyx4v2nT0zma4TbZzjew+sNEG5IEAdEuEhgvgoJFivmy4Cz2ZLjh0seHUsO7m0jHZcgFgRhSBhK3J5LGIYEYcR04bMIPQbbRwy37xELFxgQ4eDIAOK0vI4kTnVGbc5vYw/O/8ZW5f5eNjE/Q8zOUvcQmL5fNurjDeend3iHf+8YL68hDBCfSXnusIA3tLsN0J+hydAnnl8Qnr1k/fpfCD/+lWhxCQJEb4y7/5j+k98mm58PnuKM74HbA5FGvpUxxAEyDJCRT7ycEE1OiK7eE16+Jl5OCM9fgePhHT6rbFxWJvoj3L1H0Bsgxvdw9h7jv/x/iC7fIEOfaPIe/9W/QBwxGG7jjHahMEUJwpDJ1RUfTz7y8eMJ19dzHh4fs7u7y6tXL7m6vGTQ7/Hg4QPiOGZnZ4dezyOKIhbzOScfTvj973/PbDbj/tERz776it3dJLKzlJLr62s+npzw6uVL/vyvSYTo6XTK6ekn4jjGc1129/ayCMfKojBkMZ9zcX7O6zevAYHreZydneEIh+3tLb589ozf/MM/IIRgvV4zmUx49eoVv//973n58iWfPn7k48kJAI4jePT4cWkDtJSSy8tLfvcv/8Kf/vgnXrx8waDf57f/9E88//prHtx/wNb2FkIIwiBksVjwww/f81//7//Ku3fviKKI7e1t/uN/+o98/fXP2NnZZmt7m62tLaSURGHE1eUVL374gT/+8Y/8t//23wjDgH/4x3/k66+/5jhtZ6/XQwhBHEWcnJzw7R/+wKtXr/j+u+85Ojrkf/3P/5nf/OY3PHr8mJ2dHRAQy5hFsGC6Tt562fd3CaJk87OUFt9FEsQh82DOZDVlHa6Z+wtiGSOASIas083N496IveEeX+0/5cnuY7b6Y/wo4CKN7vx68pbXV+84mX3iajlhup7yPx//lr7bw498FuGSRbAgkjGvJ+/Y6m2xO9hhq7/V6rlvESx5PXnHi8vXXCwvCaKAa3/BKlwRN2z0vrM7+7sxKa0PZHlkaEoPtRkW5iS1l0hHY6zeUi3mKykFbNB5grLM0xxk4QomLrRPqDkz3/Qry1zmPEOhceDWIioYUJXXxo1Y7Kg6hHqeNHah8228pqm1BdGNeG1EE3WtYiQQUc8poMzfyO8ckWRDxMZNkUuyyAWq6jULtLJmgdXGVWqd3xIqH1DuYeVFM7lD4wV/ZLMMrwrqabXyShtXSXVuRF0FLDwd57kMyEYkS6/Gew03oNK3Yknq+I2wTqebsJi+0O5ZxAQDrzhsrQMXrY1zNuidbMnrFix13oR5hdEqTBcdM6ItgklTRBOlwzovYD6OypOQCq8IRv6FU0NvVLnd7ctYbC3VzDpvQpVe55XaNHOjtdW1usxMDdYFb9u08loji+r6aOQy9bOOWExfg7TkhQqUSlY3Xy1xGrCgc2akzEHLp5krM/pno7+Z9K6Gq7bpOsBuewZkusEbUJ8HlvT1Vuarqrk25OXhUueGZU49L3ZPoXp2fru9Y36MMaCyCld1/Fz0TucZymZezKCxgep5Wx3bGC3z08p5xfSF8tp+aaDygEKuZ2Ve/Vwdr+XSwKXO61BtuFH+pjbWKPmqcqV/GU9rIKjW6FZGlEXfjLrYdn56Q73OvdvAZT3P56UWXmjJNs1RwWL6GqQlrzPlR4qYeO0wZ7PuydK31G9lNl6peFusNEhNA5UKpvHWPbEhmtbl9OdwTd9UB970F6Ruqs95K6hyquKWed19qNIdqR9lOVr9TdNHXS9b8waUzagGcm1E0Zvo2489P60IkIFnVsNrBvjtr291xHbDqjpfVX+JGm5AVf1iHrd8d73xeoPJnYzupayz/tl4x47RHzAoVFTnTWjxmBvPX23z06w6Kh15+tJwrOeVcaTS65w6K3uk0rVGnm7SzOafFv2r3RCu8yZU6XVOjZ428I3np6b5amWA2yY4akCp0zV+W2YYTkZepKqaOm9Clb5Jr2VEfPI3nHtPUC/t1anAFyyZrS5YDg801xQ0WvqMI7NzVeI40TJH4iARYQRBiL/ymV4vuZjNOT2bMl+ucXoj+sNt3N4AKQSxFIRhAGHEOoiYrxZczlecTxacnl1xdH+fg6MDRqMRjuMw3p7T7w8Io5Aoloj+kPH+If2tfYKQJDihA8QxkriwmV7mbae+5LbYcHnBo2jeeI5EwuwTxFHaRu30rjN21es7vMO/F5SS6Prq374cd2jGG9jdBujP0GSwJJqcEJ69IDx/RTQ5QcYhzmALd++Y3oOf03v0G3r3f4azdYjoj5tyQwZL3O0jwvE+wu0Rr2bI1Yz4+gy5d2xO6niI4Q6uN0AMthHCTdL4C6LZx3Qj9Quc4Q69R79G7jxAuH0QTrLpNo5Zr9fM53MmkylRLHn37h3r9RqB4OjoPnv7e/T7A+I44tHjx2xtbyOlJIoioigCJKPRkONHj3jy9AlHR0eMx2OEEMzncz59/MhoNOLy8pLZ32a8ev2KIAg4Pn6URE8eDisboFX+q9WK6XRK4AecnJzQ6/V48OA+R0dHPP/6OUf37zMcDAjDiOl0wvbONqenp1xdXfHh5AQpJU+ePuHw8JB7BwfJBmIgiiKCIOD09JQ//vFP/PHbb5nNpnz57BlfPHnCr371Kw4PDxmNRqXzPc/l9evXzGZTJpMJy+WS0WjE4eEhu3u7WT1U5OcPHz7w7bff8u233/L2zRsOj4744vEX/Po3v+H44UO2d3ZwHCd7sNjZ3eV6NuP07Ixv//AtH09O2NvfZzwes7u7y/b2dnZuEIWsQx8JBHHYaUNwLGP8OGAdrVmlEaAB1NubkYwIIp/YGzDqDdkf7nF/64j94W5Szv4OsYyZrmZ8F73gcjkhjENGvSG/OPw5ruOwitasghWrMLnG+9lHdgc7HG8/YLu/xcDt4zqueVRIyTxY8GbyjteTt0zXMxzhsApXrMM1kYxa1/fO7uwna4JsQdgRFBYelOURSJQ2OE7yc0PFCKHJ8ZxTWkiouaj6XH8jXy3IFI5Lqm+2lvIX+vVyzCKolBY0cmwVQRT1eJ63jJGnD7eJ1Om8AWlGTLy+2vXNb+qOJrMVTEP1Zrgy/a1tY8QOnWfd0IKX8m0ZgamASfktvGtD6A2yYcQV7Z33Ak8/FwrpxjFwG9YP2wqWhnep/M3ceELbAdLRWkUI1Tcc0OELNLEhFtKrK7VaENb0qxVaBUTv0JoOTvVO56LkAOU7S1U/N/c3UVecNqgdsHG7A1us0qzCzhsumOtr8ncl4l2N3tUiXSMupZjpsRlVPTKelk/lU65Xyw4x3kC19tK51n4VfW3j7rfgbxXesXpt3dE+P1A6UOClXCxcGHh66NYjhBbmna2xS/42fS10vB6hqVEPs4MWLmWhOQu8SY61HOu41R+7Ytv8W44n83zV6uEa3XCAGWpQ0VcVYUnjrSKE6rwNttBvVY8SL+TT2F6VCbvQ+kPnWlYdnye63m839bcKb6PfOgfymZ6BGy9oKUDb+ZbSZ8Pza22EUJ0X8vvR56u1qK5ewwv6pkcMzdcXCp38Iz+/VuTEkF3GN/E3k//Voijzls936FzLr1ojA3Z5XtV5CzRFCNX5zSPYU+bZMLLzYksV9VTnHapt9LfO1uZxrVA203zBiMKG6UjWOQaOxjV9+9wihOrnS+r11MhbzVNVdZReN+ilzoXcbHhS5a2sY3Pb9LqiRvpwsvqfKOVT0UsbTxuq+y+WlRET33SCjYHbUHOAW48QqvNMl83+V4vkXJnuLoLC8Nb5LflfxSoO2Yx6xHjTfFGYeKZzpP5l4gVEFPKxoKZjNt7uAa0BN1p/LDZ2mSu9y7io54lfNfButSjMF1oUP02gV6eV+3Uc3kb/tF4gZdoANHFR5OQea0Vh4DY0pdcqXuE3/H6lxQDXmlOUPs7nqxqnzG/T3yrYJf9C4fTmaOTFRCa7eos8/QHx4GcNJ8GT6zf8bXQIFTU0W3afEhKJREqlDMlxVwhcQEQhsR+wXq65vl5yOVkwuV6y9kPCRUA8WeINhvR6fVzPw3FAOD3oDZBAIGImi4DV6pRPF1cMX39gMOgxGvUZjkaMt7cZb+1w+OAB9+/fpzfaJogFeD0kDqTzNyEEavuJJPHTzFfzWpX1obD292T62jq2ndknxPWnwnlq4Ba4RYFMywuNck4Hf7vDO/wJYzSfIOLo37wcd1iPN7W7DdCfm0mJ9OeEF68IL14hV1NkHIKUiOEuvUe/ovfFP+EdPk82P3sDS4YC4Q5wtg7oeQPc7SOi6Seiy9dIf5G/PdSUg+vhDHZwdx/Se/BzpL9Arq+J5mfEiyui2Sfi6Sfi3eMkGnVaJgGIdAOuEIIgCJhMJhwfH/PP/+Hf8+jRI3Z2duj3+0gpGY5GHBwcIEQSkfnw8IDf/va3COFw/8F9dnd36ff72SR5MBjw4OFD1r7P5eUlq9WaP/zh93z8+JGXL15weHSYbB7e3S3Xx3HwvB6e18MRDlEUsV6tGI9G/Lt//md+/s03bG9tMRgMcFwXKSW7u7vEcczFxQVhGPLtH/7AfD7n3bv3fPHuPc+//jrLPwiCZJP0+/d8/913fDw54fDokEfHxzw6Pubg4IB+v5+d7zgOvV6P3b09nj59yumnU969e8/r16/54fsf2N+/x/Pe82wD9Hq95tPpJ77/7jt+97vf8fbNG7a2tnj+/DnPv37O48ePGQ6H2eZnACEEu7u7/OJXv2IynfLt7//Ax48f+dtf/8re3h7Pnj3j6P59XNdN+o2kz4r/Rgir6ggETpKC4mKTQOAKB1e4uMItnFG+DgKGXp+D0T6H43uMeiMulpdM1zMmqyl+5BPGQ1bhmmW4IoxClsGK08UZu7NtHu88Yqs/5nB0wMiwAVpKSSQjZv41b6bveDt9zzJYMuqN8EMfPwqIb+Htkju7s8/dil8wqn/FFBaNBPmifHquwliqxajycbWon+dYuWp7lGB7w18Sp9qRHtfzkQbeFivlznl5Imbj/DgLHLZm0s/T0iuz8VqrybB1BJBCm9Tytqjn1wnzHpJFmpVbdYQ6XsPLPVzlN4lAcFO0ONhGGyYqkSCUfxk+z3LbjCsrNXehGtZmsJg1Qmima+qwLH5c4BugBFvEJnSu5VPhnfXtpkjOGwXHwG1WuJxK1si1pDcaRc3Dp5VeK8t4etB0uzI2r6V5bFxdq5sc5V9B5V6m8XSVXMp6rjKUmr7d8Ksp2ujbRhsmblGvK1/gGXhytmFDhLE6+oYJA0obSm04yrR0zTy3Bi4x65hJ9zQ96x5xSUNbfhrShauGzipLTcNrXFlF/6TWfBrfUB86Wak+ub/pw63EFTXon93/mpur7e29lmv12URmKt6t9ZlN/zK91DlFviEWBEEKA7dNmEwTdpve3cZ8tfCln92hqlzpX6l7ZZXfzN/0OGMduARbhHXlCRWuFMfy/FqJEKpzg451mp/qvAtmV5eFUhTKlRXXwKF0/FbtJgJjKpdsj+oyenFaF08Na513QVv10/Lq89WEF0qcfdimRjnXR3CJF3Rs4wj40sBbIlp+Jt5e70wdYPg8M4NDZv5k4MWmv6FVei/VsXL1pFYNjet6qeaf6rjsiDSjqriN5wOyGSvzV21gV7h1nkqZZ6m78hosNHTr27fNOujbrdsmw60meYm36/bW89GqStS9MK/0Wg0MNT5MvKgHlitr87VOv5B329hCr03z1Uxf1fhoq3c6N1pbhy9YbbPrjqHxyjU0Xpj3KF2r57muqROKOrcRSqzzU9svVqr66PNVpc/6fLWCpnYp5W7n+fw0bTuhcwNqV6+grfiG6tyK/HUXnHZ5dsEWxbPxXO90OVMvAjXwJv2k7vuIZlQpBc287Q3GqGNt56em+WpbzNq6HcfIy9Vr/Xhf7O8P/4rYfQjD7RpvSWzbhS8u/sT7g99on4ja89UnQia/th5EMbEjcBwPZIQjJJ4LyJA4DPF9n+VyzXIZsFhGrPyQdRARC49IRqyiJUL49Ho9Bj0P1x3geB69Xh/hgHAjEBGRlKxWIavlkvk1bO3sMNja5ujhI+4ff0FvvEOEh3BcpEj/SIlA4kqBdHJ/dWJVN5lXqEYvBPD47E9smZsisXCFmJ1o0wHDfchiRh0z6R53eIf/A2DgE88n0DXdHf53xZvY3Qboz8lkDHFIvLommp4kkZ/9BQDCdXFGu3iHX+EdPcfdPrJEfi6Y4yKcEcIbIkb7iP4IGa5AOAinhQsIB+H1cUa7uPe+wL0+Izx7AfNzZLgmXk6JZp9wr88R/XFhU7bINj8DuI7DeDTi6P4RP/vZz/ny2ZeMRiM8r1yGKIro9/vs7u4y3trCdV3G4zG9Xq90nud5eJ7H4cEhjx9/wbu3bwHBbDbj7OyMy4tLfD+oVkcIXM/Fc93k367LaDTi3sEBT58+5enTp5U0o9GIBw8f8rOvv+bs9JTvv/uO6XTKxfk5lxcX+Gs/OzcMQ2azGRcXF5yfnzOfz3ny5An37t1jZ3eX0WiUtUlWHtdlNBxyeHjI3t4eYRhweXnJyYcPnJ2e8vjx4+z81WrFyYcTXr16xevXr7mezXj06BFPnz7l/v37WSRq3YbDIcfHxzx+/Jjd3V0+fPjAp0+feP/uPdPpFN/3s03WyV5nkZVPbVJuMqHSCVH4k3wihMARDq7j4op8Y7YjBA5OIY9ko3Tf7dN3+/m5hYvHMmYdrtNIzTFhHDJbX3M6P+Pt9D3b/S22emNGvWGljBLJOvK59uecLS44W1wwWc8I4pCBjPGjAD/0iVu8GHBnd/bTN1HSItKhVnxcSyJDJ7/uky/yqEgS1fVZYRAKtQDiiPIChtO0wJG9im7nCeY5mZZM9AWMTt8YFtOLPCKDOq5fp8LFhkgTqv5SkSJquCQvr861Pir5hm2aKTbElqY3u4k3fp9IpdcLqEc00VGPcGLghfyKTSMLFU/8P/fVEr+tiAU6imbUI9TkWpB5UDPWRYyoxcLnKnedl/Ivc2XCUL3b8resI3XehFnhNN6QXcat3a8i7Wk8u5z9CzbbTxKqgVKM6A9V3gpNEWVs2DL/rhHDShH8dU6Nfuo83fxjGUZVpIyY+Cb+ZvK/NqYVrCBHBq5FNKGqd41cirQ7GlCl03kbLDS8jZfQKhiWBmqJ+c8gqlzreXbVTIdNXEctfVe0DEc9oIi4ob+1xsz0AaJ9mupWhWfzg7ZfsG2IwsALqBquxKnyVth1vlq7gcokINUOzyL4i2ae+29zt7b1v0asyQcTN52wsT/qpp2QjX80PSDtvvy5KeOFfJSu6bxJ/1qhfr4tX4UFPVP6bOIZdmlYvYMqDtTMqxFuqeW37W+tUbRDMHAsVtgwlXaYnZdybdabLGK/zkWZ3yxCdPP81IYlPaU9r3ZwA8fAGydgAtsDaNv7rdW/dN4VTfnrNdLcR48gWKt/5Ry68U0rlOZj0tOMt5mf6qjy0XkbrNFnVZwy1z5v217ZfFXjt/T8ULm65ii35W8Z3kSvBYX1OXW8mecZdSxA1/mb0tNsvpocN72QLinoXhc9bavPjXqtSptveUTxwg7jEpcU1heo97cN/K+946Sgy4ktu026X6XXOWhqU8NN85kKr9c3K97w+dU2n7Pqa9v5qWm+miH1PNNlNJ3Oee6PlB6Hss+7WMfmrzicLXuDHNnmC2b/UyPXwLPvGTpyLb+iQpR4qwV7DSsd1kFftQHa9heoMj2u1dFC7WrXU1XxDVyl13kl/xos+JGNl7CtdXscqG/ugumXrxSvImeiHc/yMXEDGr6PqK7P1fA2eMP5qQ1Nvzilyt/+F1JVt1m46I4USiznF8iPf0U8++cs3zp7gM9q8oKL/eeGM6om0/YT6Z6QMIzoey6OK+gN+wTrGeCwjmLma59lEBBEEVEEcZwE9kIIZDpu/SAgCiMcJ8L1IjwvwBOSwI0ZeJKBC4OeQ68nuHdwjy+/esZXX/+Mo4ePwRsS4CS1Fg5SlL85kFmD1LdBMtcqjxcB3Lt6wf3Yr0mhpZ+ewOIq943bmp+a5qtt1hdrPi+9oH73+d3nP6HPo/lVcvgzLd/d50X13MzuNkB/ThZHxP6SeDklvj4nXl4hoyCJotwb4Yz2cXeP8XbuI7y+PT/dhEA4Ls5oD+/BN8mhgflNrYp5A5ytI9yd+4jBNsLtISOJDFdJVOkfO147AAAgAElEQVTpR5zdBwWHBbURVkrJeDzm+dfP+fnPv+Ho6JDRaITrVqP0Oo5Dv9/H87zsgaPuvKxYnsfO9jbb2zt4rssiiliv16zX69qNrEIIHMfFSTdAj0YjHj1+xOPHjxiORsbrDNOI0w8ePmQwHBBdRiyXSxaLBWEYEMcxjuMQhiGL+YLFfEEUhriuy3A0ZDgaZZuu68z1PMbjMeOtMZ7rsVgvmM5mTKdTgjDZyC2lZLlY8v79O969fcv8+pper8fxo0c8spTfcRyGwyE7Ozvs37vHeDxmvVozmUyYTmcsFwu8rJ3Tfkv+lfwn8gdfk6nzVBRodfsQabu7wsV13DR/sslsMedISvzQZxWuCeIIV7jsDXbZH+7Rd/vEMtnEvI58ZPqfHwVcrae8unrDVm/M8fYD9kf7pfJKJHEcMw8WvJ2+5930A4tgiZQSKSWxjPHTfCMZZ753Z3f292syjeScj1P9gU3qqD/7pBjH5ePloSMK+cg8mYQ8wlSBSwpvICeRB/LCpeeXeLHk7THJXmYVs3KR1EQdlxR4HUpoHVFB5y2x2MKF5qnwrGN0bjSZN23hUOfn6BuZetOdrK9NXCpOHTegrHlDX0d1vs4NiI3Lem7EhgbO71EaLz5AZNSyQEv9F17WUshmzPxRZv+s5Ybub+9ft+JvNXnYZMSULj1W+o6lplvtEUoK+sgGXMrycVlGdE49r8U2DlBApW/FkrbhJdR1V1pQNbfOqeGy+Hxdvu9k9zad39Qa/a3gQCZeK9CKlipUQFWPXNfQ9M2mY63RGsHEwFvqNTaemU0wqlwiC1/yaFzmvNHtaUBT9zShls+mtcvsJvpWl9etzw+aT9IjhVoj+Os808sWKCnMT9shWj4m3hpleyyrQY2+1uidlaclqfANURXHOF8w+WN2sEbvdF4ZcAV+4xp0u6GbIvDV6m2b+ekN56t589bz3O2aeSd90Lsrr26V327vdJmuNMqV7j7G+UFbwd7UTM91Jl65aKEDVcUL3BrBX+mZzjdF2Q3R0pd4oT4lXtvBBV+mhte0m+bOGpf1l2vrb3X+p/xK50bMS1ThLWpQOwK6PsA0jUiTAHRBy4i3zmdt81M1fDK9NvA6/UzXjBqbR52vczY0LQ9tOFe5lvRm/laDdfl2QFWfzvMDWfmHuYGaBp71gh3R9Jxtei7XdVHTt5tH6K/Jt4SUODqXBl65D1G2Fg7ean7Q6G9qI2MHLuu4jsod8jNtEUZ/LH2zYucFJ4NA1U1glL7pXJKVP8/OwDV36IyyGSvDjnpea22auVz9VnfTxuxNcmRCUzqUG8kqL7lXktDIrQPX0kOmjmjdYQ3YooE6R+y36F91PZXycZ1j4JX8qR9+Nn4DU3pWy2XO8+ar4TS8gCNl4XuHltiUX6EBWr3g2ErfDLxpvlp7wzHwzGx6augjk261HE6No6hF81S/jyjng57vx+9g5z4cVAMJFu3LaIJ/fcJ8+1HjeXnekiiS4Dg4jksYw3K9JkBytH/E9fyaYB2xCmGxDlmtQ4IwJtkU7iGkIEYglQZEEhyIZUQsA3zfxyFihU/fjdka9th5eJ9ffvOcX/36Gw6PjhiMt/AGQ9aRykcQp20iBWVXgsYu1j/auv7IU//K2hYszmHyAePzrE2Pu6JVr2n8XN59fvf5T+zzeDElXi8/2/LdfV7AG9jdBujPyGQcIYMlcj0jXk6R6znEITgeYrCDM97HGe0h+lsgHHuGdSYEojfC3Um6Xrg9S4JCUtfDGW4jRns4g3GyCTsOkaFPND8nmp/TC9f5+aSLFQIkksFwyMOHxzx6/IjtnZ1K5Oe8iMmG56ZNz8qSzasxsYyJ4xhJssk1iiKiKKTyM4qAQOA4yR8E9Ht9Dg4OuHdwQL9v3lje6/fZ29tnb2+fXq9PHMf4vo8f+ERxXCiPJIoiwihKNhcKged6jZufVb0d18VxHBCilH8cJxty4zhmuVxy9umU09NTlssle/t7jLfGDIdDfN/nejZL+rlwLVUuKSVhGNLv9+j1elzP58wXc5bLBev1mvHWVpZWPVDEMsaPQ9bppuS8d8umNg8HUUgsC8tlqQ8IkijQThYBOt9YjUgiOwdRyGw949P8nIvlFbGM2B5s82T3MV/sHjPqDfGjgHW4JogCeo7H0BukUaF9Ps5P2R/uMV3POAoP6bseTjpWojhmHa25XE54PXnLyfUnHOGw3d9itr4mlhI/DvAjnyiOiJHpO37mPruzO/upW/JGvHoTWGYRmpOIz2phQj3Py3zsiurnkC8oJyZRWpE/8BUWLGpCGiQPrDmvRcpcIhHCKVzPgHlFkjq34YX0ohbzGlZ4+uVE0jYNXD+/Nr8arG8OI2+x3lI2XfqMBanHSkAi6nmG5ebn9t5wN6CoYlJ+jVPlnRrgliKu6FiJ2Fwof5Hnhw28VMsGbhmWtVgwkzsZrW1ztM5QM6tcqA3lBa4uUuB5Mo0LbQFXbIi0XBDOhFjjTdjUADZs6wCa3qmDxTtFLZdyI39LL1fmbVDUIzbe1qwCqGOzgxe8sZ7X6FtZbgyf0xIzPe6AKn3KVb3UcRNPYEM0tF+FazcsPcJhLVe53KK/WbFdbfL7v86bsJiZdb5guIBox00RmHRe+UJN502o0rf8gq1RXwtCo/NG3KjBRarT6nQbr/aX1T9u6n8GfzRiu+l8mTeaViN9vFsL3LrkQFFfU26MyNRC/9qgUb8tWEivyq+O1/PUNH1rxbuYqbtEM+/WS3Z/azV/aMC8/GU9s/H2gqysMiEtjHs75vPVlvq66XzVlN6GBf3SI4Yaed54WPXT9ADSuoNptMrpN5ket0GTnBmxXMJqxHRLhX/k51fzgBfp5dMSWviPP19Fyy/nxZar8LYChoHbrOXjmel+arr85v6mY3LhPF8Lz9bdVHnLemZbn+uMXedvGjfpacbbzE9N89UMyVqpwoWBizpeHp4lXqiVicOGzXwDaz0/0DE7TTTztGHy7jbxAqr0BU6WbzPf/Pm1JWbPrxo3YPtfIFHdqXFh4KIjz/I3u4+A0nKVkoEf0//aNnt2us4N2WXcoHeNnDr9NKAwcA2x8bYDvuP81NaBVn1N9U391ax/NXpZ0tMa3KA6WXpVvULfW/W143CvOJTNVMVU8i7rW+SeV+UGFBuiJV9VgtqIzg16Z74BtsSOCyKmX9DTecXfdN7G3zbBhuZobJ4mC1fId39EbB9Af6vx1Ger9/zgDVmN7lkyTeZHQgiiOAnaFYSSv/31O54cP+QXX3/FyhtzNv3E9SIkCCAKJTICGScNGscghbYvJY6RDsRxeoKQCCdie2vML372nH/3P/0j33zzFfv7uwRhiHQ8vF6PkBgnEkRSZp1Q7lep/tFgSpdhsLzk2eJd7j8mi9aIyQdEtCbXaTL9K0/wbYpTcKCUqwBJSsDKvHL6zf3vDu/wM0OCNfHs8t+8HHdox5va3Qboz8lkhAxWxP6C2F8gwzUyjnF6PZzxLs54H+ENQCQbZDc2IfKNz13yEQ7C6+P0BtAbgtsHsYIoIF5cIZcTZBSUryME6r+e57Gzu8vu7q5x83MXUxt6177P1dUVk6srAj+/fnVxN/sAx3GSyNokm61HozHj8bhx07WKoDwcDnGdZFOtJClD8UnHEQ6e5+F5Hk7avnEclzcF11gcxwS+j+8nG56TSNXJ225qcSyKIlarZVLfyYQgCJCxJApDFosFZ6en+Ot1mi71EymJY0kUR0RRxOnpKf7aTzZDB0F2zTAMUREhs7aTkiAOmftzJqspEsnQHdSqTxCFLIIF1/4cPw6QMlbNnf3tpP6QdYVQ1xIEUch0PePk+hPfXfzA2+k7pJQ82Drk1/d/zjeHX7PT3+LT/JxluCKMI8a9MT23RxAFBHHIZDXl0/yU8+UFD7aO2BlsM3CTTe1hHHK9nvNpfsoPl684nZ+xP9xl4PZ5HYdJHlFIEIeEcUgsYwTujYband3Z527Jm6T5lEJ/Mz2Ok4egWKaTDykpTkH0N9+ruxZUfkLjOYrC8RLKNL8uWJNPUtqUm94kM75hZkOMvDxRyyMvqPKWFzQMXJ1uwq7NpKVX1pVnVbYUsPKivZZhpVW7dpOe/iZY6LASr6lHOhgo9nB1aq4SFjKs5cYL3AxvsiBt2kBRKK85Qk4BsaHKvQVPF2SKvFDc+i9IbGZxjEpEUep5WW3qeA1KsEZo0lGl1/QuL1c931zfOqASmhInP17Hlelca+cul6u9/Cao/EjnTajS61wVPS1vhUsDt5h+jomrvG3yY4z4UavXyQtLoNypBafM83lHEzdg+YbasoMMeme8YVmw+QbRiHlrUOCFz5XeSQobJTSuztZ5pteGYWhC7by8dCbe4IGlAaoXQDVbuQDGCKMKpYGb0JSuJdKSZ4Oj83y1pt2KPMvexrl1Mw2vRp7TeuzaTLb8LKisNF2T5uFvzEC1SU0bFT8o314b9I8u3IBSYosIjc61fIz61xZ/9Pmq+tjAyz1c4kr/VIMqv0q4po8b+5sed6zAJebnuqw7ZOqPsnBPrNPXWgezYlsda4WSzeerBsyr1ZJn1pXX2E0EpSnPLlhTnK687G8d0VZtfXxoqOphmy/Um6WGmW7lFaznBVT6pnOFsiM26W+hpWy88QbaZX5a0WvVVi15xx5qsnbzA03/lD7qXCWTUvMz2Yw0o6pjK64urI63GABWfbXNT03z1VLpNuSS1o8runtU3CX7oCPeplkFsAZt2dV0t85LiIFvglJtfFfjocrVAkTG0wbQeV7oOm7Gtjq2EbaYn9r0u1IuTZ9zfzPUM7Ob8kKz6HxD/0vykHleGlc6V+KFTNvoXyPKoj63RJVe50qB0vIqfbZyi4DY56+F1ii4f1X/DLzx6oXuaItaukLpGnmtbSIsymz6rXMT3sAqwyXVMZ2bUX1PUMNJVUGmXDbxmu8jZM0L7g28FlvM54y/sGebn7adr1p1WPVFPafI1QOBzmurr/Q5tWJ204/It98ivv5fGv2jJxy+un7BD46LP9jFtGdHINJmjvF6PRbriPcnH/nuux/42VfPcb0ho519cAdM5z6zpc86TAIhhhJiQDpp3nGc9a8Q4EhwBDiepO8JjvYP+Idf/5x//Idf89WXT9jdGaceF6ftHiGQOMLFFUmgQmRc2OyetzGiMJ8w1KzvT3k2/QGvzUaTq3eI+VlJv3N3MvDsUrLY3WRElnm+nqXz2tPt+nmHd/gTwmh28VmU4w7b4U3sbgP052RSIkMfGayRkY+MQpAyiQDd30L0x+B65RnkRiY2yiOJ1Osm5XE8cFwQAhmFyPWceH2NjMLCW3z53wCO6zIcDhgMBq2jO8dxTBAErFYr1us1QRAQRRHI5C0wGcecnZ1xcnLC1eQKPwiyjcPCqd8oLtK6qMjDjuNkEZEdxxxZu7ixWTh6vjl3PZetrS12dnYYjUZMp1NW6xWL+ZzA94miKCmfVrbA95lMJkwnU8IgwPM8dnZ22N3Zoed5qOjN6/WaxWLBcrnMIk3P53POz8+RUnJ5eYmbRptWX4onUbFjoijk7OwMx3HY3d1NcY9+v18pD4BEEkQ+09WMs8UF68hn4ObnFqZ6BFHAMlhxtZqyDv10w3f+uSqPk04Ugyjgcjnh/eyEKI7wHJfJesqn+RlXqwmucPli95jHO8c833/Gw60HDLwhsYxZhWvCOGTcG+KILWIZce0vOFucc7WacjL7xNH4gL7byzZAryOfs8UFJ9efOFucE8QBD7buE8Qhp/Nz1qFPGIcEcUAoI+I4wnWdUt/e2Z39fVnhnWqRLzQknySTDJGS7Dx1PF2o1Z7njRsPs+PpRUr569dTXKjIUupgztXnqnDqDf/inUeWckS7AnmB1XHbikxtRc0LJELnhggLVmRDTBcwhGrztNwlLHSQKD8xI2jm5TeQOyAGrpup+7TuauTVZGYUBm7EG0aI+u8VYasrqjGkc+p5hnURc2xYKrWFi3quV7fCN7XWjlPAFtllPO1WdbC1G6jLiZoF4SZu/MLNjEXPti4Q6xFjREs0pbdgqwhhFb3TdbLozRoXBi7qeAFr05f7vpZv0hxdzFQAA2b+iYHX6F2JS6HdLlvw2vwMWBjwJS7svIRt9fSW9Vpf8K/oq9K7rLgGjoFX9FTDTYZnqbwW6+hvRmxrlflBomONvJV+tkTRHYuebtXXrvNVy/zUqq+l+V17nnt3vf519b8S5pdrPf1UZpwf3Lb/ZVzpAJoukHZfQQF0Tjv92wht+SpU+lzgqh5Krys8rYzOW6FxXkozz0xoTONa/1QjPtagStLB3yrFtWDFH2trU2OW56NcBxp4bQYGXnjehnz+qY6beGcdVdhifpqdr3NabHDYSHB0nSz2lsYLGwpKXEKu03l2Xe+3m/qbcXh1xTbT/2JhK/PV5vHbevwbBlS+KSHlaDzVLZ1v9IsmbVDX3xZ6reqj0tVzQ/tZ7j9VTiez3U87y7kNN5wvoOWT87K+ieoNgqLeGfmG8yvb/C2frxZ4If2PMR+tTd9wnbwt0/WCtHh6BP+q3qXcaDUOaRVAAzZcoZHfZH7aBls+36Fz6rm1gX7k9caKvir9FWXe5RdManW0gmlxjTqNkRdbqmm9tk3zdvU/m7W6v97I/2yongM1joHreqo/T1rW6278/Npx/bHzL1BtMj/NqqP0O2sNyq8b1PBCh+rDsZHnHdDNNrmNNVilOPpwsvpfUU1qOBbe8nsIiryQQ9Gza7H1hMdyftsRq5XX9AtUJU6xuyxcGHj5subvv9RxgE/fI8f7iONfZjWoexwYCMHXk+95sfcz/OEeJkt+4T3GE4Llas18vkTicHk1YR1D7PYZ7x/hjt6zDGIWQYAfx9kcWsbJbMVJLyyQuMgEJfQcl53hkKdfPOCXP3/O0y+O2RoPkFFAEK0JI0lv5OIgQca4jgs4hDHJuJVR5p+yUEGp5KbG+usJX02+Y1C5j1dNzE4Qk3copUh0uaxn1gj+XeerbfT5Du/w7wTjyRmEQaK2n0F57tCCN7S7DdCfkUkZQxxBHKa/1yABCcJBuL0karMwb9D971JGRDJlEgK1YS6JXL1EBqv07archIDipFVtgG1jKiLyZDLhw4cPnJ2dcXU1YbVcEsdRtgF6sVhyeXHB1dUVYRBk0Y8dR//6IytV9h/pk4NK06ZkxXMc4SCEUxqL/X6fg8MDHjx4wP69fc4vzplNZ5yfXzCfzwmCgF6vV9oEHscxy+WSjycf+fjxI6v1ir29fY4fHXP86JjhcIiKAB2GIWEYEsURUkp83+fi4oJ3b98xuZowGAxwHJEKBci0nVTE7OVqyWg84unTp0RxzBdffMG9ewf0B4PKBvBYStahz+Xqir7bZ+Zf03d72YOBTP9DQhCHrMM1Z4tzVuGKWMZU1q9SvwHBtT/n+8uXXCyvGPdGCAHrcI0jHLYHW3x98IxH28ccb9/n/tYho94IV7hEMmIdrgnjiKE3YmewRd/tcbWaMvOvWfgLXk/esjvY4d5wn93BTlLvYMm72QfeTU9Yhmt2+ls83XtMEIX89ex7LlcTIhkRxiFRHBLJGE9KWjnFnd3ZT9Bk0b/TsRrLTDoa1zpiWdhMR3q70rCoi1kkNCCPFkD2gFgK3BADjuKyfF5akrw87Tg1XEJh068sc5nzDIXGC3VRb+RuHFHBgKq8Nm7EjNZ0UKlZatqp5AQ2XtPU2Qc34LURTdS18jfhlQNVOAWU+Rv5nSOSbIjYuClySRa5QFW9ZoFW1iyw2rhKrfNbQuUDyj2svGgmd2i84I9sluFVQT2tVl5p4yqpzo2oq4CFp+M8lwHZiGTp1Xiv4QZU+lYsSR2/EdbpdBMW0xfa3RhBQdc7ZbUOXLQ2ztmgd7Ilr1uw1HkT5hVGqzBddMyItggmTRFNlA7rvID5OFLlT5tH5xXByL9wauiNKre7fRmLraWaWedNqNLrvFKbZm60trpWl5mpwbrgbZtWXmtkUV0fjVymftYRi+lrkJa8UIFSyermqyVOAxZ0zoyUOWj5NHNlRv9s9DeT3tVw1TZdB9htz4BMN3gD6vPAkr7eynxVNdeGvDxc6tywzKnnxe4pVM/Ob7d3zI8xBlRW4aqOn4ve6TxD2cyLGTQ2UD1vq2Mbo2V+WjmvmL5QXtsvDVQeUMj1rMyrn6vjtVwauNR5HaoNN8rfCmsuop4r/ct4WgNBtUa3MqIs+mbUxbbz0xvqde7dBi7reT4vtfBCS7ZpjgoW09cgLXmdKT9SxMRrhzmbdU+WvqV+K7PxSsXbYqVBahqoVDCNt+6JDdG0Lqc/h2v6pjrwpr8gdVN9zltBlVMVt8zr7kOV7kj9KMvR6m+aPup62Zo3oGxGNZBrI4reRN9+7PlpRYAMPLMaXjPAb399qyO2G1bV+ar6S9RwA6rqF/O45bvrjdcbTO5kdC9lnfXPxjt2jP6AQaGiOm9Ci8fceP5qm59m1VHpyNOXhmM9r4wjlV7n1FnZI5WuNXIpCs1n17/aDeE6b0KVXufU6GkD33h+apqvVga4bYKjBpQ6XeO3ZYbhZORFqqqp8yZU6bvqdRTAuz9Cf4w4eNqoEgMHvp58xyv5FavRUW21hSPw3D6r9ZrpdEoURfR6A373//2Bf/cf/j2u49Lb2ubo0SMOjo959eEDARIckf0Ce/6CviQJbRfjCgfPddkeDXl8fJ8njx6wtztm2PdwBMg4Io6i5BfdARmFhOsQ+h6OC54rCOKkwZQrqI3gTTZcnvFs9pK+9UxgcQGXb5BRVL0xqJZsqXedsate3+Ed/gQxvr4iXl6T2WdSrju04A3sbgP052QSkMnPKaifW8g+kPGtdPiNTALEJBu1VTkBGSOjIJnwEGuJROmfagNs0y0/CAIWiwXTyYSzszPOz8+5uLhgsVgQR0n+jiOAZBOz57oMRkOGwyGO6yIobGhutdlaoDZ0d3mrQEWa1q/jeR5bW1s8PH7IL3/1K6SULBZLJpMJL1++pN/vs3/vHqPRCCEEURiyXC55/eYN796/Y7lc8uDBQ54+fcKzZ8+4f/8+g8EAtYE5mczFyDjxB8912draZm9vj/HWFv1+L2tjKcnSKX/a3tnh6P79pB2Fw+HRIfcf3Gc4HFYic6u27Lt9ht6AkTeg5/azZkpcUiKReFHS9gO3jytcVIRtk0kgljHzYMHF6hI/9FlHa3YHO2wPtjkY3ePLvS94sHXEwOvjCAcpJWEUsgrXRDJi6PU5GN1jb7jDVn+L88UFk9WMj9en7A/3+Gr/S/YGu8TETFZTTq4/cbWaMO6NeLj9gOPtB8z9BQMviRIdyYgwCgnikEhGhYfhO7uzv0MTZAvCRY4aujJfmHCc6gJGlqiwgFFcoKC0oFB38eRzPXKUFesWOkTNcakdVzzFVhFEUTKWt5SRqwdsUccbkGbExBuaw7yg2cFsBdNQf/AvL6/VeIWKyKHzrBta8FK+FhRVTMpv4V0bQm+QDSOu6DMlPSJB6wihOsfAbdhxeOpvvtv82XhC2wHS0VpFCNU3HNDhCzSxIRbSF/XUuiCs6VcrtAqI3qE1HZzqnc5FyQFKd5oSv6m/ibritEHtgI3bHdhilWYVdt5wwVxfk78rEe9q9K4WMXAbViItVVHVI+Np+VQ+5Xq17BDjDVRrr8rznElPU97G3W/B3yq8Y/XauqN9fqB0oMBLuVi4MPD00K1HCNXmn52+YGuJjfpa6PicqyZo0MPsoIVLWWjOAm+SYy3HOm71x67YNv+W48k8X7V6uEY3HGCGGlT0VUVY0nirCKE6b4Mt9FvVo8QL+TS2V2XCLrT+0LmWVcfnia732039rcLb6LfOgXymZ+DGC1oK0Ha+ZXl+rY0QqvNCfj/6fLUW1dVreEHf9Iih+XpCoZN/5OfXipwYssv4Jv5m8r9aFGXe8vkOnWv5VWtkwC7PqzpvgaYIoTq/eQR7yjwbRnZebKminuq8Q7WN/tbZ2jyuFcpmmi8YUdgwHck6x8DRuKZvn1uEUP18Sb2eGnmreaqqjtLrBr3UuZCbDU+qvJV1bG6bXlfUSB9OVv8TpXwqemnjaUN1/8WyMmLim06wMXAbag5w6xFCdZ7pstn/apGcK9PdRVAY3jq/Jf+rWMUhm1GPGG+aLwoTz3SO1L9MvICIQj4W1HTMxts9oDXgRuuPxcYuc6V3GRf1PPGrBt6tFoX5Qovipwn06rRyv47D2+if1gukTBuAJi6KnNxjrSgM3Iam9FrFK/yG36+0GOBac4rSx/l8VeOU+W36WwW75F8onN4cjbyYqIutZsi33ya/Xr992Hhq3xF8PXvJq3DN9e6TtNRxqmYxMZIwFJxP5pxfTlkt1+zs7/P69Wv+z//rv/B//O//G4s4JhoM2H34iN2HJ3y4nLFerFgHa1wh8ByBI2OQYRIU0PUQImSn73K43efhwT36vT7TyTVb4yvu7e/hOgIh3GRsexDiM11N6XseXn/MOo3z5wmJkBEIFxG7xALAwSVRMkSc6JGEnelbniw/4LZpUP8acfUW4S8091QDtdA5jeuNVTMtLzTKOR387Q7v8CeA8WqOvL6Cz6Q8d9gOb2p3G6B/ChZHSH+FDJZJhOh/I5P8/+y9W7PlRnolthK3fT/7XOucOlVkkVVNdout6NZIrRlPeCy9OmLe5t3vfvGvmPk5fneE7bDDoZiHsWSJLXar2SSb1ax71blf9hWX9AOQQOJDJjKBvYs8Te1PYq9aADKRly8XEonc38kiVMcRkETgSQyIKL/pTtv03yvadDrF82fP8fXXX+GLL36Dy4sLDIYDHB0e4cknP8HR4WG60df3AQA3N7d48+Y1HObgm2++wWw6yzYmu6hMYLOaiP/LC9yg6OI6sQHadUUUaJZP4D3Pw9HREf7mb/8W9+4d4p9//WtcX1/j7//fv8erl6/w5CdPsL+/D8/zMJ1O8ebNG3z33Xd4/uw5PN/Dr/76V/jpz7cZcfsAACAASURBVH6GTz/9Kfb29hBkG6DFPcX9AGBrvIXPfv4ZfvHLX2JrawudTqckDrz8P+U6gCHoBBgNh+iQDdCMMbiOi2EwwAdbx3iy+zHGnRE6XkfZKss4wiycoet38fr2Lc5n54hiJl0B8IQjyd4SB34fj8YfoOt38PL6NWbhDPNwgcAJECcxHMYQuD4CN4CDdPNzmERYxEss4iXiJIbv+tjubuHB1n2MO2OcTM4QJhEu5pd4ef0ap9MzDIM+Yh7jdHqGk8kpwiTEB1vH+HjnQ+x0dxAlMTzHA2MMcRIjTNIN0FES5WXd2MZ+lMaRb+LggPSrbmmykY0BFbLsbSmVF/k4UCxe8eJm4ggHis1xNZgWygp59rJcyYdruC3KjUV4eSJm4ng/Cxym5qHXkfTCTFxpigytI4BIbaLktkjza4SST5L6pOUWHSGOK3jlaUv4KhEIVkWDg7XaMFGJBEG0oxIhQuTWjgsrNbdUDWMzGMwYITTXNXGYy6cl3gI5YIrYBMpJPhXeWN9WRRS8VnA03GTS7USyWk6SrjSK6oePlV4Ly3l2kHSnuXkNzWPi4l7N5Ig+xRWcF890FRcZcqJvK36ago2+tdowsUa9rnzA0/D0as2GCG116IYJDXITcjIceVa6el5YDefQ65hO94ieNY+4RNCUH0E04aKh88pC0fCEC6voHyfNR3hLfWhkpfoU/kaHW4kLqtE/y+m79XzVqK8yJ/VpIzMV7yZ9ZtK/XC8ph8xboiQInGm4acKkm7Cb9G4d81XhMKLHah2qyoX+lbqXV/lq/kbjjDXgHDBFWBeeUOFCcQzvr5UIoZRrdKzR/JTyJpjfnUulkMqVF1fDgdLxtdoqAqMrF7dHcRtaHOviiWFNeRM0VT8rL52vplwqcX7SpkYFpyO4xCUdax0Bn2u4JYLkp+P2eqfrAM353DQOmfuThstNv6JVei/TsXL1OKkG4VQvxfxTHOcNEfUoKm7ixYCsx8r8lQzsCjfOU1HmeeqmXIFSQ1s/vk3WQN/Wbm2GmyJ5idt1u/V8tKoSqh/MC70WA0OMDx2X9cBwZzJfa/QX8taNFnqtm6/m+irGh63eUa41W4eXTNns1DEIr9yDcGneI3RNzQtdExfIOtcKOYzzU9NfrBT1ofNVoc90vlpBXbuUcjfzYn6atR2jXIPk7hU0FV9TnbXIX3PBscuzCVoUz8QLvaNyJn4IVMPr9BOq7xH1KFKafvBu+4DR6pjt/FQ3X7XFvK3tOLS8XD3r13uT3bxD8t0/wnn874DeVu2lLmN4PH+DV9EUZ3ufAtwBT+JsI7aL6+sJ3r49xXy2AHM8DIddDPpD/Lf/9vfY2R7j4fEBkhiIYg7f72C8vY0ovkAcpwEkwziCyxO4YHCYC8Yc9Do+9na38fjDD3F4dIBut4N4OcPVxRk8xjEY9OEHPpjjZNudGOKYg8GF5wfgyyVYpo/p2lgMsARg2V9TL+0iZ9g7/z3uh9cojxSNRXPg4lkaARogyzmcTAc0zyGDaXVMp3vY4AZ/PJgsZoivToGG6TZ4N3AV22yAvkvGADhO+uBkTjGBSiIkixsk8xvwaIl8cvV9G+fg8RI8WoCHCyAO87LIm39JovI/eQ6aW3Dc3Nzg66++wueff45/+Zd/AeccP/vZz7Czu4sHx8d48PAhhsMhfD+NdHx5eYmEJxiPx/D9AHM2zzZAV+Nd5MXgPC07F8cMBcuuyaMpZ9eJjdbMKe4k2mI0GuHx48eI4xivX7/GZDrBxcU5GGMYDAeI4xie62E2n+Hi4gJxHOPg3j2Mx1v48z//czx+8gSHR4fo9fsAgDiO4bouXM+D73npn+RwHPi+j/F4jMPDQ+zt7aGfXb8OY0g3IW91Rtjv72K7O0ZXuQEaWMZhGs15doGOm0ZsLvkp50hEG4LDd33s9MYYd7fyxb9ZOMc8muNyfoWL2RWm4QxhHIK5Pjg4ltnm5zAOwcERuAGGwQC7vZ10o/b4ASbLKf64eIaz2Tle3byBwxxESYR3kxPMojl6XgcPt47x4fghtjojXM2v4bs+XMdBwtNN1lEcIU42EaA39iO3/BfXBWfSKQ6kf/YH+eNIegFLeRoZurywAVR5fguRH+SNlZoFjvyn6FkZCZcj8kkX5XeAPmeIBYxGXwxRbgBWfgOt5F/hrCWiDkX/iUgRCp51oJKTvpEZM+kfa4mWRptdx2u/J0LlDfKyl8QZRRrhRMOl/OSm4VLFGYA8Iirl64pYQJHVI41QU47qLkpZg6qIEUqUzovcKS/lX+bCmKZ66/K3vCMpr8O8cITXZJdzY/eLSHuE57czf2Az/UlCMVAqEfwJt0JdRBkTWubfNGJYKYI/5VDoJ+XZ5h/DMKoiyggdb+NvOv+zMVIwSY40nEQ0QVXvajlnWXfUoEhHuQ1KDW/iJTQKhqGBLJHl+i1yVfP8rrkO6zhFkr4pGoZjbYARG2tbsNzoACFnOYe87mAVwV/5ga0lMg2XUDRciaPKrbDpfJWTDjQ9wEiH5z9SZPW88N/6brX1v1pU5AMd113Q2h+pkQvy8Q+iB8i6j5H5a1kBhK5RXqd/VkivN+UrUNIzoc86nmOThq28HFIHqufVCLdQ8nX7mzUyOwQ0HAaTNkxlHWbmpVzr9SaP2E85K/PVIkTXz09NWNJT2PNqB9dwaHjtBIzB9AJq+7w1+hflTVGXP60RcR8aQVCpf+UcmvG2Fcry0elpzm3mpxRFPpTboEKfRXHKnJy3ba98vkr4mt4fKncnjrIuf8txFb1mkNbnxPF6Xl5HbFCApvM3oaf5fDU9rvtBOoeke0301Fafa/ValLbY8gjBhb5RziGtL0Dtby38z95xMqByYsquTfeL9JQDRG0UXDefqXC1vhlxxfdX03zOqK+281PdfDVHqHmuyyA6XfDCH1F6HcrPN7GGzV9xOFP2GjkyzRf0/idGrobn3xkacpKfrBAlbrVgT7DSYQ30lQxQ279AleuxUkel2inXU0XxNVykp7ySvwIlPzLxEtpas9cBdXNLRm9fKV5Fzpgdz/PRcQ1qvkdU1+cU3AZXnJ+aUPcXp0T57f9Cqug2A2fNEVKJtY/3q9dInv0TnI//GgjM+1OOo2v03v4az3c/A1wP4MD1zQTPX7zG2cU1Eu4ALESn08NgMMQfvv4G/+f/8X/hb/+Hf4/d7SGWywiTyQyu6yPodBEn6f6ZeBYjAYPrOHBcF71uB3s7I3z0wQN89OFDjLaGcBjguhyex5DwEJzH4NwFgwfGPDhgYPDhMD+NBRlz+K4L8AhgCWldIP2CDjCe4MG7f8YOQnWDUUtCsItnYDcneYtaR/BvOz/VzVdt1hcV50s/UN+c35y/Y+eTxQzJ1Ul6zR0s3+Z8/flVbbMB+i4ZcwDHB1wfcNyUIwGiEMn0EsnkAjycp1GYtdGN36MlMRAuwJdT8HCWboTmCVheZg/5r54y4xyQI3mITcQqE5uLLy8v8c9ffIEvvvgCt7e3ePjwIT777DP84he/wNH9IwyHQ3heGrE3L1qSIEmS/IHMGEvbR9NG+Ubm3OzaMuEJOE/yFxoRAdphDPRjjOM4CIIAg/4AO9vbuN3bR5Ik6A/6SJIEt7e3AE+v293dxYMHDzHaGmF7PMbO7i5GoxG63W5RQsbgeR46QQedbhdBEIA5DqIoxu3tLSa3t9je3raqR51xFP2UL3hZuxrP0mvmdlKeDIDDHGx3t7Db28Z2d4yb5S1OJqd4cf0KHTfA4eAAA7+Pnd4YjDmYRwvMowXiJAaDg8Dx0fW66Ps9DPw+Ptr+AJPlFG8n79KN0JfPcL24QZREmEcLuMzFwWAfD7eOcTQ8RM/rwnNcdNwAnuMj4QmiPAJ0rPXVjW3sR2E8G42s4HSwixGQyHMP5FKrRPpuVFixpbb4xT4v7iM4BxJREiauS8+LHIoAD0WOKL1VmpED1QgLdZyl9xfHOSSuQg5YR1Sg3BLllpWbg/KigwjXGi+aVDrU+D16JRO/dEfe1zrOBYeKa5ArfqFPUVxPuQZh4lzNtVjTwHIU9hKXXyByalighfqDl7EUvB5zf+T5P5Vc0/32/rUWf1PkYZIRXbrsWOkbi6JbzRFKJH1EC855+TgvIyiHmivRxgEkFPoml9SGl5DqLjegaG7KoeBcfr/mxeNQOl7hq1qtv0kOpONKgRa0VCEJRT0KXQPRN5OOWaMxgomGW+o1TDw3k2BUOQeXPvIQzgte6/aoQV331CHJp23tcltF31R5rX1+UH8RfUczRvCnPNdLC+RAEVnKDkHy0XFrrJt4EyyrgUJfFXpn5FlJKrwliuJo5ws6f8wPKvSO8sqAk/jKNWj2QNdF4FPqrc38dMX5atG8al64XT1vpA+0u4rqVvl6e6fJdKVWrqj7aOcHtoLd1nTvdTpeuanUgaLiEjdG8Bd6Rnlb5M0QJH2JS/UpcWUHS74MBVe0G3Fnwrn6drb+pvI/4VeUa7EoUYVb1EA5Apq+wNSNSJ0ANEHDiDfOZ03zUzF8cr3WcJV+ZmtGtc0jrqccLY3kQYZzlZOkq/mbAlX5NkBRn8bzA175h76B6gae8YYNUfeerXsvp7pI9G31CP2KfEuIEgflXMMrzyGUzcLBreYHtf4mNjI24FzFKQp3KK40RRh9X/pmxMYLThqBUk1ghL5RzpGXv8hOw4k7NEZej5VhBzVXmk0zl6tv9TStzV4nRzrUpYNwI17lJfdKE2q5ceAaekjXEdYdVoMWDdQ4Yr9B/6rrqSgfpxwaXskf6uFn4iuY0DMl5wUvmk/BUfMDHM7R9AeNph/26PRVqbdW+qbhdfNV5QNHw3Mz6ammj3S6ZTmcakeRRfNUv0eU84Elx+kfkYDB+eivgM5AW19hOwjRO/scr7sP8JLt4PWbU5yeXuBmMsNkOsd8GeJg/wDTyQRJwvHVV9/AZRz//t/9FcIwwWy+xHwRIkoADgeO66DTG8BBDBcJAt/DeHuMjz76AE+ePMTh3hi+54LzCL4LeB0ffqcDz3PSwJSOB+Z4CJcJOPcQdIY4ubxFzB0EAx/g2dowy3wASfaMA0Y3L3E0fYVOaW2qpvJJCJz/Ebh8Jbmlnd4Z9bgpGvUatef55vzm/B08zxczxJcnRv++q+XfnM/PtLbNBug7ZIw5YK4P5nfA3A6Y44HHEXgSAcspktkVkskZktklWGcI5nXwfW6C5nGIZH6NZHYFHs6AOAJ4AjAXzO+m/zkOxOZi4r5WliQJJrcTvHz5Aq9fvULQ6aDf7+Po/hHu37+P0dYIQRCUy8V5+uuuOEYiBgVjKH6nSiuSlS9JMeViY7O+vKJeSZKmERugGXMAxb3CMMT19TWur6+wWCzQ6XSwu7eL7e1tbG1tIQgCJHECP/AxHI6ws7ON/YMDDIdDuK5b2VDNGIPruuj2utje2cZ4e4yzszMsl0ucnp7i9PQU+/v7GI1GVm2d1iUBgKwe4sVH9F/aGlkT2eUJpOl4tnCcJ0xzS3jR5share/1sNffReAGeHH9EvNojlk4w9vJCZ5dvUDf78FzPXTcDmbhDPNojpgncBiD7/rouAECx0fH6+D+8BAXs0tsBSO8Dd/hze07XM6vEPMEXa+Lvd4Ojob3sNfbwSgYpG3quAjcAIHjYRYt0g3QcYgoibDZAL2xH7UxoPjVdDpK01+4i/d3sTAhHjVig2X1vFhhSxc+AIdBsSAh35pBjoDH0eIXrRUOcj+CPC94+oyw4VJ6pkTkLVjh2ccJxgycXq/MT4Gm5lA1QxOjjzVtQdRYCUgENZfch6wvresX7k0jMtEITFXeqAHWFHGFYiVis1R+mReHNbxUyxpuOTxLKJnOnbRm2xzWGRLTyEQhF4Xe5VzcROJExQrOyAIua4mwXBDOhZrwOqxrABPaOgDRO3Gw2Iyn4Zy38rfsdmVug0yNMHFbMwogxXoHl7xRzRX6VpYb2whMGsz1uAGK9BkX9RLHdTyFlqhpvwonDywa4VDJRS5r9Dcj2tWmeP5TXodyZsb5guYGzI7rIjBRXvmgRnkdivSWH9hq9VUSGsprsVWDs0ynxeUmXu0vo3+s6n8af9Ri0+m80f9Ijeh4NxbYuuQAZH3NuDYik4X+2aBWvw0opRflF8fVPDOib1a8iem6i9XzZr1k9jer+UMNFuUv65mJ2wuysMqEVBr3Zizmq5b62na+qktvQkm/aMRQLS8aD0b91L2AWHcwaq1y+SrTYxvUyZkWyyWsRkw3VPg9v7/qBzzLbp+V0MDf/3wVJL+Cyy1X4bYCBg03meXrme55qrt9e3+jmN64yNfA83U3Ud6ynpnW5xrjiuuNOj3Nuc38VDdfzRF5K1U403Cm4uXhWeJSrXQcaNnMK5j1/IBifhmr51nDFN2t4xKK9BJHnm89b//+aon5+yvhGrT/CySiOwlnGs4a8jx/vfswoLRcJWTgffqfbbPnl1OuyS7nGr2r5VDppwaZhhOEidsO+IbzU1MHGvU10zfxP/X6p9DLkp4qsEV18vSielLfG/W14XCvOJTJRMVE8ibrWyg8r8o1yFqiIV9RAmVE5xq90z8ALbHhgojuL+hRXvE3ym38rQ3WNEdt89gaveHpH5EA1pugu4zh48Ur8Ktn+PLMx3S2xPXNFNPZHFEU4eLiAvPZFDs7Y1xdnuKL3/wWDgDH4ZjPl1iGEdLAkg7AAS/ooBt4GI8G2NsZ43B/H08+vI97B1voBwwO40giBs8BgiCA3wnguj4cPwB3PHB4uLq5QhgBrtfF23cv4Ac9DPp9OHDBEQNwwJAAjMGLl7h/8jX2+EJ8EDdbHIKd/xHs6lWua40/eOQHDVw4UMZFgCQhYGVeuXx1/9vgBn8AFJGf0/0qP3x5NtgOV7XNBui7ZE66kdgJBnCCXrrBmSfpJuhs83F0/gxOfwfe7odgrg/AQeWt670YB48WiG9OEN+8Q7KcgvMY4ABzXbDOAKwzSKNA50nkjbTceIckSRBFERbLBeazOZbLJbrdLnzfh+/7lajPNF0YheDZhl4A2hHCIUWMTmtWiSBdV8YkSfLaMMbSMinuNZlM8PTbb/H7L3+PZ8+eYdDv4yc/+QSPnzxGt9OB63mpADsOPM9DEATodDrKzc/iXo7joN/v4/j+MY7vH+PN6zeYz+d48fw57t+/jw8//LDYtGOwJEkQLpfgAALfh0Puy4G0D8X/pTuaa3Lk5euRthNPswHnHDGPEfM49wfOOVzHxTAYwGEOPtl7goQn+O7qBSbLKf5w8Uc4jotB0Md2d4zb5RSzcI44ieGAwXNceI4HhzkIXB+7vW3cG+xjp7eN89kFLuZX4OBwwHA4vIf9/h6OR4fo+72078DgMhddL0DgBphFc0RJhGUcIowjJDypqe/GNvanbTwB6Fc48ZFRRHxOxCQx4zSyR5IkyDdJA8XYRpFfKiu5amb50+MK5Fn5rJHV5wcUGm+Lpvxyq/LyRK2IvCDKW17Q0HBxuQ6bNhNJL6wpz6tsKGDlh/Ykw0qrNu0mmn4VlDqsxBX1yAdF6eGv4JxkqOTaG6yGqyxI6zZQSOXVR8iRECYUuVvwTDNkLhVX/YHEZEa5KDsah5oXyXRcgRywjtQkUKQXA5rkKypNeXt9a4BCaEocxXEVF0Y5aecmt1Pevg0KP6K8DkV6ykXRs/JWONdwg9FrdFzkbZIfbcQPpV5zVCLwmzjKXPRYMWpUXIPlB6plB2n0TvvAMmD9A6IWi9aAxKXzQu84pI0ShIurKc/1WjMMdUiuK0qn4zUeWBqgtACi2coF0EYYFcg1XIe6dJYIS54PjqYTMlW7yTzP3sSxdtMNr1peUDU2bSZTfgYUVpqucf3w12Yg2kTRRvKJ8uO1Rv/QhGuQc5giQoNyko9W/2zxvc9XxWkNL/dwiQv9Ew0q/CrlRB9b+xv9ma/EOfTvdXl38MwfufRMVOmr0sGMaKtjVsjRfr6qwaJaljy3plxhqwhKXZ5NUFGcprzsbw3RVG06PgiKepjmC2oz1DDXraKCai6h0DfKBfKGWKe/UkuZeO0DtMn8tKLXoq0secMeqjO7+QHRP6GPlItknBM/4/WIehR1tOLixuK4xQAw6qtpfqqbr5ZK15JzWL+uUPeouEt+oiGu04wCqEBTdorupryE0PA2yMXGdzEeqlwsQBRr72kDUF4UWsX1aKtjrdBifmrS70q5iD4X/qapZ26rcqlZKG/pf2kevMiLcKFzJS5laqN/tchlfbZEkZ5yoUBZeYU+G7lBQMzzV6k1JPev6p+G195d6g5bJOmk0tVypbURFmEm/aZchytYZbhkOka5HsV3AgVHpgo847yOK75HcMUP3Gu4Ei3mc9q/sGean9rOV406LPpCzSFz8UJAubL6Qp8zs50vnD5FEkdwPvo3QH9HkaBqj8cejroL/N/fXOB/m4VIOIfnu5jPpoiiJTzfhes6uLq4xj/+0z9hd2cMxoAwSgDHg99xwZMEvU6A4aCHDx4e4+c/+ykePjzGds+HF9+ALedwWFovxjhcrwPP9eH6HSTMA1wfyxiYzUIMRjuIEobLq1tMpmfo93rY3e5B7JHhnOPg/A84XN7AKxrUbOEM7OIZcP06T2LS78KdNDzvH07KQARL6CkRMM5rLzfr5wY3eIcwmU8QX50CDdNt8G7iKrbZAH2XjDlpFOXOAE53BNYZgMdLIA4BzsHnN4hOn8IJ+unmaNcDC/rZRuj3aJwDPAJf3CK+foP4+m0aAVo8GR0fTncLTncLcAuX4gBE1GTwjFvdL02XJAniOE43N4cRorgckVecn0wmODs9xcX5BZbLZXZP/WbmPGJ0EkNEKqYbm+vSJVk6AABL54FMcf1iscDJuxO8fPkSb9++xd7eLpIkge95CDod+L6fb6BO510MUZTW0fM8OI5TyZMxhn6/jwcPH+Lk5ASvX7/G6ekp3rx5g6fffotPPvkE2zs76PV68H21X8RxjHC5xHQ6xfX1NRzHwd7+Pvr9vtQFab/lKP5d0z5Fuiyadt73KSZc3gCdXw0GhiCL5Pzx9oeIkgjzaIGT6RlOp+fwHA/b3TEO+lMs4iXm0RwJT+A4DnzXh++mG+Ndx0Xf72G7u4XD4T5OZ2d4e3uCebRA1+sgcH0c9Hdx0N9Dx+tA/BbTYSyNAO36YGCI4gjLeIFlvNxsgN7Yj9sYK/1omeeHi4NC28R58UPWdAFXLGiwfB1A9YGtdEsU6QFGOH3PTn+8UPyAW0SaKrgoJBOJ85wBXsoZ5E5yBbLjphUZVQVrFkgY5ZoIC0ZES8w6IM2miKBTQtkXym/MkBdbVZxunrdGaDg1XfeR7qrl1WR6ZBquxRUjRDWJrCXQqoHF+G2JYgxRDjXPURUxx4SlUhs4U3Na3Qpva9aOI6FFdjkv6VYDNxC3Y4oF4Tqu/eCmR9mzjQvENGJMbeSCmustG9wqQlhF76hOyt5MONNwpuISKtOX+17J2zRHE9MVQIO5f0LDFXpX4pyRx6UFV+anQWnAlzgz8xLa6uma9bocD0bm2Xmhd3lxNRwaXtFTgm2GZ6m8Bmvob1q0tcr8IPsxcB230k9LZM1R9nSjvjadrxrmp0Z9Lc3v7Hnh3Wr9a+p/JSxuZz39FKadH6zb/3IudABEF5B1n6QAlMNO/1qhKV+BQp8lLuoh9LrCs8pQboXaeSnqeW6MMMJJ/1QjPipQJGngb5XiGrDij8raKMzwflToQA1XZqDh0vs2UMw/xXEdb6yjAi3mp/n1lMNig0MrwaE6KfcW4aUFEIlzoLRA0vJ529bftMOrKdpM/+XCVuar9ePXevxrBlQRgS/jIJyL9a8yb/UXTWyQ6q+FXov6iHRqrmk/w/OnytHITM/TxnJuwpbzBZB8Cl7WN1Z9QEDWOy1vOb8yzd+K+arEpfTvYz6qTF9zn6Its/WCrHg0gn9V7zKuNYVDGgVQgzV3qOWrzE9t0PL9DpRDzY0N9J7XGyv6KvSXlXmTv2Ci1NEKZsXV6jS0XG6puvVam+Zt6n8ms3q+ruR/JhTvgYRDw6me0vdJw3rdyu+vDdcfG/8Fqjbz07w6Qr/z1oC0HVbNpQ6lw7GWFx3QzNo8xmqsUhw6nIz+J6uJgsPALb9DQOZSDrJnK9F6wmO43nbEkvLq/gJViUPuLgNnGl6+rf77lziOAoWV+OUL8Kcx8PAXYOND2Fi/E+A//vw+fnV8jf/99yf4f97EiMMQrutguZzC8xx4novJZIIkjjEY9rP2cNDpdNDp+Njd2cHhvT08fvQBHj95gvsP7mPgcSTTc8yuzrCYTuA6HbjgAHMA5oE5HsKYw/U9TKcLOJ6Pw/sPMAkdOF6A5y+fgjHgL3/5M/S6PrbPv8a98AIBYygGJvQobHEDdvEM7FZszhTrZzWo+Z5c4Tp9XHF+usEN/ilhcnuJZHKVqukdKM8GV8QVbbMB+g4Zc1zA78HpjOD0d+B0R+CLW/BwDgBIFjeI3n0NcIAFA8AL4I6PvocN0DGScIFkeono4iXiqzd5mQCAeUFa3sEOmBdI6bKNswmvHFOZIyIhd9JIyI7rYrFY4ObmBtfX15hMJuj1egiC9B5i8/PpyQmefvstnn33HSaTCXzfr43ozJMEcRQjimIknAOcI4kTxEmiLVta9GzjdBTXXicsjmNMZ+km48vLSywWC3z5u98hjiPs7e2h3+/DcV24jgPmOPA9D51uF71eD/1+H77vKzdBD/oDfPjoQ8znM5yfnwNffomTkxN8/fU3ePLkJxiNRrh/fIzRaKRMHy6XuLi4wLt37/DixQt0u110ut18AzTP6sp5uiE8Ef/mHHUvPEW6NPaz/PtejnTzc5RExcZzkXd2Zd/v4YOtYwDAPFoAAF5ev8GLq9dwHReHg3sYd0aYRQtwcLiODz/7z2FOOpVnwMAf4OHWMS7n17iaXyOMQwz8NIL0Xn8X4+4YgTRmHOag46YRoBmAKIkxjxZYbDZAb+zHblxa5ewH+wAAIABJREFUws7mEzz/Hyjf1Sooz0lQSG6ORdYZZ8VxzksBG1iGKCEvc0lX5JKIcjO5HuRfqjPFpl9e5rzgcllrI9BwoHVEBQ2K8pq4FuWOUiGg5uDlzmcmrmhqRe835sqIJuJexS/hq5FBMg4JefGL/MYRSVoiTFwXuSSPXCCqrlig5YoFVhMXqSlfE+bawS25bDp3qL3hezbD8KogTUvKy01cJKVci1QFDDwb54UM8FpEnl6MdwXXoNA3uSQqvhKqdLoO5fRSu2sjKFC9E6Z0YNlsnLNG77glVy1YUl6HRYVBKowmOqZFUwSTuogmQocpl7AYR6L8WfNQrliSF3er6Y0qN7t9GeXWEs1MeR2K9JRXalPPtWara6rMdA3WBNdtpLzGyKJUH7WcZ37WEOX0CoQllypQKplqvlriqEFJ5/SIMgdIPvVcmNY/a/1Np3cKLtqm6QBb9wxI94DXIJ0HlvR1LfNV0VwteXm4qNywzKHmcvdI1TPz9faO/jVGg8IqXNTxrugd5Tnyei5nUNtAam6rY63RMD+tXCenl8pr+ksDlRcUFHpW5tXz4riScw3nlKtQbLgR/iY21gj5qnKhfznPasBQrdFaRpRB37S6aDs/XVGvC+/WcK7mxbzUwKWWtGmOCsrpFQhLrjLhR4LouHKYo1335Okt9VuYiVcqbouVBlE0UKlghFv3REvUrcvR93Cib6IDV/0LUqvqc9EKopyiuGWueg5VuiPzozxHo78RfaR6ac1rkNejGMjKiKKr6Nv7np9WBEjDc1NwxQBf//pWQ7QbVtX5qvgfpuAaFNWX81jz03Xl9QadO2ndS1hj/TPxhh1DXzAgVZTyOjR4zMrzV9P8NK+OSIcifWk4qnllHIn0lENlZY8UulbLOZOaz6x/yg3hlNehSE85FHpaw1vPT3Xz1coAN01wxIASlxO+LtMMJy2Xqagm5XUo0rfUa1rsnF++AsI5cPxzsHuPa6ss2+HOFv6n/24L/+PVNf7um7f4u9cL3IQMnu+i1+sCPEEUxwgjjm5vgKDjo9vtYf9gHx988AAffvAAR/cOsLWzhW4QwPNdwPfAOkMkFydY3l6B8RCJ5yNyO4hjB51eH9MQmMxj7B4ew+sNkfAI3O8gdrv49qvf4zO8wp9/MEbPdZH6SoMGmpyCXb4AZpfS4Yb6Zql3jbGpXm9wg3cQk6tTJLNb5HZHyrXBFXEF22yAvkvGHDDXg9MZwB0dwB0eIJ6cA7gFwMHDJeKbE8D14fS3AdcHc30wx0s3QTvuesvDOcATJPNbxFevEZ4+RXz5Csn0HIiWotBgXgfOcB/OcD+NTC2SA0gSjjwSMIp/qzYQM8bgOA76/T6Ojo5w7949XF9d4fr6Gn98+hTD4QCT2wlGWyNwzrFcLHBzfYPXr15jPp/DcVge9fjm5ganp6c4PT3F1nicbyhOq8URRVEabTnb9BzHMeK4fmMz5xxxFCGWIlHzhOd1pOZ5HkbDEUajEVzXxc3NDX7/5Ze4urrCzs5OtgHageOk//mej063g36/j+FwhOFoiOFggOFohK2tLXQ6HTDGEHQC7O3t4dFHH+Hm+hqccywWC9ze3uD3v/8SCU/w6OwM+/v76Ha78LJI03EcY7lc4vbmBmdnZ7i6usLk9ha7e3tI4iTrM571XNa3KOb35XNqfxF9y0R/MgbGWBr9OUk3mSc83ZQlXpSSLFq373oYd7cQJRFulxPMwznOphe4nF/j5fVrTMMZDvp7mEcLxEkCz/fgux5cx81f4hgYen4X90dHOJ9d4bvLF4jiGPv9Xdwb7GPc3ULf78JlxVhxmIuO10HX68B1PAAcYRxhGYebDdAb+3Eby/5HWnROf0iQbbPkHI6TLkw4ZOGivIKG0gIGxBu08henqvvzZli34FHzRZ1GVLGKIFrUMDsOSW3K560jhFJEPULHLZqjlLjpnNFUMIKclctYXl4reF48EZGD8rwbLHgpX8sITBKm5Tfwpg1BG6RlxJVy68m8GHNZcZtxaLgJGw5PRvzN5M/aC2wHSEOzihBKNxygwQc01hKl9OJOVgvCRL+s0CggtEMVHZzpHeWs5ACFXlK+qr8xVXFskBwwcbMDG6zSrMzMa25Y6Gv6v5WIdwq9UyKaRlwS8wNdxKUCRT1ynpVP5FOul2WHaB+gpL0oJ+1X0Vcbd1+Dv1V4w+rZuqN5fiB0QOKlXAycaXh2aO0RQqX5pzU2yd+kr1LHF1w0QY0e5gcNPJtfVnidHJMcVdzoj03RNn/L8aSfrxo9nNCWA0xTg4q+ighLhFtFCKXcBi30W9SjxKV8aturMmFnpD8oJ1k1fJ9o+rxt628VbqPflAMoZnoarr2hoQC28y3y/krnb8oIoZRL+b33+aoSxd0VXNI3GjG0+AskUie/5/fXipxosst5G3/T+Z8SWZlbvt+BcpJftUYabPK+SrkF6iKEUr56BHuUeT6MzFxuKVlPKW9Qba2/NTab1zWpbLr5ghaZCbORTDk0HIQTfbtrEULp9RxqPdVyq3mqqI7Q6xq9pJzxdsMTVW5lDZvbpNcVNaLDyeh/rJRPRS9NPGuo5n+xrIzQ8bYTbGi4CYkDrD1CKOW5Luv9T4kouDDqLgzS8KZ8Tf5XsYpD1iONGK+bLzIdz3UOmX/puIRgUj4GJDpm4nYvaDXYav1RbuwyF3qXc6bmqV/V8Ga1kOYLFsXPEtDqWLlfw+Gt9U/jDTJGBqCOM5mj8FgjMg03oS49qXiFr/h9xWKAk+ZkpdPFfJVwlPk6/a2CTfKXCkebo5bLiZqYan1R5pNz8Gf/CMxvwB58BjQI5ngw3sJ/+qst/CcA/9+3L/Bf/7DE3yUxBv0eeMIQc+Dg4BAHB3vwAx/jnW0cPzjG/r1DjLa34PoewgRw4YG5HoJRHyPXxw1zEM1uwHwPrt+B5wWYhwlOTq+wtXcPuwdHuF0ssYgS3F++xr95HOPnh4/0DV/fQGBXr9LNz3lQydKALA7VcWi4oQC65YVaOddUc4MbvIuIcIH45hwI0z2LP3R5Nrg+XNU2G6DvmjEHLOjD3X4A9/YUzsULJOw87XGegMcRksk5wte/BZIITtDLIzCztW+ATsCjJeKbd1g+/xzhq98ivnwJvpiAJzEABjAGFnThjg/hbh3mG6DzSMAiEjMAzpFugE30m0odx8F4PMaf/dmfYTab4svffYnrqyv8wz/8A969e4cnT55ge3sbcZJguVikf+4iibGzu4vHT57g/OISZ6enePP6Db7qf4W9/X14nocPHz3CeDwGkEYdjqIQURimZeQcURwhjoqNzerm4Ijj9Ndlon7yxun840Nmw+EQj588wWQ6xdu3b/H06VN89fXX+Prrr+EHATzXTduPAQwMzHHgui46QYD+YICDgwM8+ugRPvnkE3z285/j4OAgb6NOp4PDe/fg/+VfYjAcAQCefvstfvub3+Kbb77B8fExDo+OcO/gHobDIRzXwXw+x/nZGa6urzGdTDAYDPDxx49x794hut0uwJC3B1i6GZ2Bwc38SkRtrnUZiE/GDC5z4GUblDnSCNAxj8HB4TouXOambZikxxgYwIBBMMCH4wdYxHO8uX2LeTTHNJwhjENMlzMkPEGYhPBdD77jwWVuqd27XgdHw3u4mF1hu7sFxhgebB3jeHSEQdCvXO86DrpeFz2/h44XwGFuHq06MdZ4Yxv7EzYOlBbVWcY5cs+nv2hPErFoLxajOMqyycXR/DxKKF3JgWKTXDXCUnqgjJzxbIFGfb5yP67htkjqJfPyRMzEoX6hNCEME0FNM+RIryPphZm40hQZWkcAkdpEyW2R5tcIix7iMs3LLTpCHFfwcg9X+SoRCFZFg4O12jBRiQQh/EsXIULk1o4LKzW3VA1jMxjMGCE01z9xmMunJd4COWCK2ATKST4V3ljfVkUUvFZwNNxk0u1EslpOkq40iuqHj5VeC8t5dlD3uNI2r6F5TFzcq5kc0ae4gmer5JyruciQE31b8dMUbPSt1YaJNep15QOehqdXazZEaKtDN0xokJuQk+HIs9LV88JqOIdex3S6R/SsecQlgqb8CKIJFw2dVxaKhidcWEX/OGk+wlvqQyMr1afwNzrcSlxQjf6Z/a++uWwf70pO6tNGZireTfrMpH+5XlIOmbdESRA403DThEk3YTfp3Trmq8JhRI/VOlSVF++gUvfyKl/N32icsQacA6YI68ITKlwojuH9tRIhlHKNjjWan1LeBPO7c6kUUrny4mo4UDq+VltFYHTl4vYobkOLY108Mawpb4Km6mflpfPVlEslzk/a1KjgdASXuKRjrSPgcw23RJD8dNxe73QdoDmfm8Yhc3/ScLnpV7RK72U6Vq4eJ9UgnOqlmH+K47whoh5FxU28GJD1WJm/koFd4cZ5Kso8T92UK1BqaOvHt8ka6Nvarc1wUyQvcbtut56PVlVC9YN5oddiYIjxoeOyHhjuTOZrjf5C3rrRQq9189VcX8X4sNU7yrVm6/CSKZudOgbhlXsQLs17hK6peaFr4gJZ51ohh3F+avqLlaI+dL4q9JnOVyuoa5dS7mZezE+ztmOUa5DcvYKm4muqsxb5ay44dnk2QYvimXihd1TOxA+BanidfkL1PaIeRUqGem77gNHqmO38VDdftcW8re04tLxcPevXe5OR97oKX0zAn38OPrkAe/BzsK0Di0zL9lePH+KvHj/E/xyG+PLlO/z21RV+83aGZOcAP/3ZT+H66V+W3xptwfN8BEEXzAGmyxhO4CHwfYRxBKc7wmiXI5x20yCPSYIEDNc3E/T7Qxx0GNi3/4Dd6SWOwxk+2weAEakfQZ0tb4GrV2BXr0izUn1NTei1uFD7FyopN5hWx3S6p6nmBjd41zCZXiO5uYBsd6FcG1wfrmKbDdB30YIenPER3MkZnNFTOPOrdNNxHAI8Bl9MEF++AhwXrDsCj5Zwx0dwBntwukPA74KxdHNtM+MA5+BJBB4twec3SG5PEL77A8JXv0V48i2S6WVaDgDMDcA6AzjDNFq109sG3CA9xxh6vR6Oj+/jk08/wfbODh4+fIitrS04jlNbitFohE9/+ik4OLqdLt6+e4ckjjG5vcXZ2RmiOEo35bJ0M/BoNMS9w0Ps7+8jiiK8fv0GcRxjPN6G53pIOC8tpgdBgN29PTx69Aicc/T6PRweHmIwGKSbkjXmOA78wMfu7i4++eQT7Oxs4/79+zg8OkSn261c77ouev0eRlkE59FohNl0iiRJEAQBXM/LN+KK6NKz6RRXl5dYLJd48eIFTk7eYTqdYTAcwvd8DIdDBJ0ArutiMByi2+uBMYb5bIZer4c//vEpptMpptMpLs7PwcAwm03huh6iKMRkMkEcRQiCAOPtbRzdTyNtd7pF5O6B38ej8UMwpBGcj4b3sNvbRsfrwGX6vmPMge/4GHe38Gj7AwRugCiJcTw6xCgYoON1cDi4hyiOsN/fRd/v43B4gGEwhOekUsTA0PEC7PZ38DB6gE/3L9D3+5hHC3BwBG4ABoZ7g30cDPaw199Fz++WyuU5HkbBEPdH9/DJ3hNMwikeb3+I49ER+n4PNCpKx+vg3mAfs2iGrteB53g4HN7DqDPIy7Wxjf0oLfuFsjwkWH4qW2hI12NLCxgQabi8oCEvXEjXkXTyfdJ8axY48p+im7iE8g4NE7b4YphG0Ug5K7+Blmqi5Kwlog5Fn4lIEQqedaSSkz6RGTNNM1lLtLTcb0h31XafOE25EmlEE4o0womGS/nJTcOliqfjQHQO4euKWECR1SONUFM8G3MPqkdVxAglSudF7pSX8i9zYUxTvXX5W96RlNdhXjjCa7LLubH7RaQ9wvPbmT+wmf4koRgoRcS9zHMJt0JdRBkTWubfNGJYKYI/5VDoJ+XZ5h/DMKoiyggdb+NvOv+zMVIwSY40nEQ0QVXvankWcep9RkhN62PmJTQKhqGBLJHl+i1yVfP8rrkO6zhFkr4pGoZjbYARG2tbsNzoACFneflHx1YR/JUf2Foi03AJRcOVOKrcClvMV8udYXiAkQ7Pf5zI6nnhv/Xdaut/tajIBzquu6C1P1IjF5CIWpQXEfgkLuUjdI3yOv2zQnq9KV+Bkp4JfdbxHJs0bOWlkDpQPa9GuIWSr9vfrJHZIaDhMJi0YSrrMDMv5VqvN3nEfspZma8WIbp+fmrCkp7Cnlc7uIZDw2snYAymF1Db563Rvyhvirr8aY2I+9AIgkr9K+fQjLetUJaPTk9zbjM/pSjyodwGFfosilPm5Lxte+XzVcLX9P5QuTtxlHX5W46r6DWDtD4njtfzIqOGBWg6fxN6ms9X0+O6H6RzSLrXRE9t9blWr0Vpy1tyhF7nfS9zDml9AWp/a+F/9o6TAZUTU3Ztul+kpxwgaqPguvlMhav1zYgrvr+a5nNGfbWdn+rmqzlCzXNdBtHpghf+iNLrUH6+iTVs/orDmbLXyJFpvqD3PzFyNTz/ztCQk/xkhShxqwV7gpUOa6CvZIDa/gWqXI+VOirVTrmeKoqv4SI95ZX8FSj5kYmX0NaavQ6om1syevtK8Spyxux4no+Oa1DzPaK6PqfgNrji/NSEur84Jcpv/xdSRbcZOGuOkErc+PEu+9PFM/D5DfjhT+AcfgK4zfdeBL6PX3z0AL/46AEAYLYMMcMFbriH8yUD4iXYcgx34aEzGmO6iHBxeYnxzi66no/l5Ab+co5BvMDy8i2cxS0CHuMTBngJB7uRHyBoPX7Y9Ruw69fA7AqybuowVwyib9oI/m3np7r5qs36ouJ86Qfqm/Ob89/Teb5cIJlcIlnM7mT5NufXc35VY7wu5O3GfhDjcQi+nCI6+RbzP/zXNPLyxXMks+v0AsbAmJttPt6HO74Pb+chvIOP4d/7FM7WIZjfBWu6eZMn6ebnxQTx5Azx2XdYvvwNopNvEV+/RjK9Ao+XQBIDAJzeGN7uI/gf/BLdT/8W3v7jNAp15rhXl5d49vw5zs7OMJ/NMRqN8PjxY+zt78H3fe1G6OVyidvbW1xeXODk5ASnJyc4PT3DYrFAEAToD/oYbW1hvDXG9vY43Qjc7WK5WODk5ARX19dYzOfo9nq4f3Qfe3t7GG2N0Omkm3xvb27w6tVrnJ+d4eb2Bp7nYf/gAHt7e9jZ2UGv11OWKwxDzGYznJ2d4fmz55jNZugP+tjb28s3d8t2cXGBp99+i6+++gq/+5ff4fb2Fjs7O9jd3cXO7g76/X624ZohjmNMJhOcnZ3hxYvn+Prrr3F2dgaA4aOPHuFv/uZv8cu/+At8/Phj7OzsQLwYJEmC+XyOy8tLnJ+d4/T0FNdXV5jOpojCKO0nx4Hneeh2OxgMBugPBhgMBhgOh9ja2kJ/MECn04HrppGaJ8spTqZnmIYzMDD0/A7GnS30/T5819dugk4jM0eYhjNczq8wD+fg4Oh6Xez1d+Ewhqv5NWbRHHESw3VcDPw+Bn4f/aAH30n//AkHR8ITTMMZLmaXmIZzJDyNGu4yB2AMCU/QcQNsd6vl4gB4lv58doEoiTEI+uj7PfS8bmVT8zJe4npxi2k4xSxawGEsLVfQT/PebILe2I/UvvnPv8r/XXlXF4sIOUf12tIxpr2O/ju/igMlORHzGvrCCImjyks5GyZG8lnd+6uRs1Lx9Gjx/phfT7klyvWq461M1wBtCrjWAjTlq7zgZ9dTfgew2ABGuPwCkVPDAi3UH7xWLaWwVv65yg3ugv3g4+c9W8P6CH2jyU38e8MGwz/n79VW1D+trsFc4buIVg9UWh9hTRWp0D8TX6e/Wc8XGtfme5CTH5u+UfsTq59RLVbxP40/tm2edv6q0btKBUWGCn4XdG2teqd5YK3cA2tQFF13kerS+cId6Y1q7WuaW9v8KzTfezedYLRxn7tg77k+Rn21uF0j1MmZFosSVTgA/v3XoIw6AWijd9/PiG/GbQRMl3wNZtu7lLf3NwVqqr3u1m9l/xr1TVe/O2hW84NafxMbGVflFKl+Wv7g5k7q2wojsLSgQzvAkt9la9g8d259y0K/RYIfZn1rRfuR6d33XR+hZybeXB/b/6DR9MOeRnq7bmy0IEIH0B2cUNzF8cMcYOch2NFPwbbvo9FGt1b1EZVqcJ+2Nr8Cbt6mG6C5xd8Xv4v9s7GN3VXjHMnkCsnk6ocuyca+B7v4X/7XldJvNkDfReMc4AmiqzcIX36B5ct/RvjyC8RXb7Io0OlmUDAHzPHAeltwtw7h7X+M4PgzuDsfwulvwwn6gOtnm5JdwHEAsPKDn3MgidONz+EcfDFBMjlHdP0G0ckfEL78DeLLl+m5JJLu68IdHyP44JcIHv4S/sNfwN06lKrAEUURptMpwjBEkiTwPA/9fj/f/GzaqBZFEebzOa6urnDy7h1ub24RxRH8IMB4PMb29jZ2d3fRy6Igx3GM5XKJxWKB+XwOxhgGgwE6QQeu5+YbrqMownw2RxgukSQJGGNwPQ9BEKSRmTVRoJMkQRzHCMMQ8/kccRzDdV34vo9erwfPSzfKxnGM5WKBl69e4Z9//Wu8eP4C09kUg8EQH330CEf372N3d1faAA3EcYLJZILT01M8ffotPv/8c3z1+9/jxfMXGI/H+O//w3/AX//bf4u/+Itf4uj+fWX7hWEa4fnm5gbXV1eYTCZYzBdIeALXcdEf9LGzu4vx1haGoxGCINC2fYIkewku34MZJompWykkJUsm5KaUr+I+6eE0cjfP7stYcff8Pqy+XCJigbHctMyGfDe2sR+Dff1ffgUnW9BwWDpeCi5vsMzeQzWcc8Bx0utFegZA/gWqvFETkN7byI5n+htlQPqla64G9W+CaRHVCxissoBhQM19inILe99cYXf8Bbno7Xpet0D7vj+w6ZpnLctVd7x/Gtu/svooI4oWkwNpwVYka7hAvAaUdTOP6Ez5j3kDge3t7oIZBVCBLbJrkv1KuIpeC/fL7E503yr982PzN6v62Hqgmhcf3NLjOl75oEa5zQc1yw9s3/8HN12DawaMltv01w9sf+Lzh4o3F4/borts9e97QmFWw/tPvH8q9t7rs5r+6QuiOd/wgVvMVy319ftGaUDQiKFanlsrD3+/thk/7+X2Jm6NzYbPSvuXv5fuvfP+1lAP2+y4/t6fqGY9zflaNoCJ3Fblzfx1Mz/QoLC7WL+GAmm7YfeHRGFCDor5gOXwv8um1bsafud6iDpUQ1xFX1H3g/R2+ljCFtXJ04vq5aW7A/LRxn3ust1x/dY1N+XG4W/jby1R2HtpHmMBavStOwC2PwA7/ARsuLNqSdZjbcdPNAO7eQd2/RYIZ5YJ192DCl6aABQBkoSAlXnl8h9kPWuDG1Qhn94gnlyBJfGdKM8G3z+er7gBehPa9C4aYwAcOL0teIc/AZIQyeQs3Zw8vwGPFul1nKebkuc3iJMIPJwhmV3B234Gd/sB3OEenO4WWNAH83tgng9kEZrBAZ7EQBymm5uXWdTnqzeIr98guX6H+Cb9j4dzcB4XxXOy6NOjA3gHT+DtPUo3W5eqwOC6Lvr9PpIkKR2z2fwMAK7rotvtwnVdDAYDRGEEzhMwx4Hv+/mGZZGX4zgIgiCLdtzV3s91XXR7XQSdAGICxhiD4zjaqNQif4Ge5+WLVo7jlDZNLxcLnJ6d4em33+Lzf/ocN7c3+PSTT/HkJ0/w0ccfY29vD51OB57n5eXinGM4GmK8PcZolEa07nY6uL25RRiGuL6+xtXVJeaLRb5pm7ahaKdOEGC8tYUojpHE2cMga4sgCOD7fr5ZW1tXONKfB7I3BqD2F3tMAKscq17KkP0/TWG+j5yHhdn448Y29qMzDogfCXBxKPu7VgkvPlKWXrbpjwUyLg4nKBaVwIH8z2ZDRoYiF9X5vHAAa4ilaZIiX94Q68pXbogKFyXJOYf0QsnJgoaGkxpVsGkzKVoILXheZUMBOeUkw0qrNu0mmn4VlDqMuhKtRzYYgNIzRsE5yVDJtTdYDVdZkNZtoJDKK3gtwoQidwsutEjiUnHVH0hMZnAMThyNQ82LZDquQI5Ub5ugSF/SO7lcat5e3xqgEJoSR3FcxYVRTtq5ye2Ut2+Dwo8or0ORnnJR9Ky8Fc413GD0Gh0XeZvkp4IivVKvOcSfkeXckqPMRY8Vo0bFNVh+oFp2kEbvtA8sA9Y/IGpR/QFPOi/PvZiGi6spz/VaMwx1SK4rSqfjNR5YGqC0AKLZygWocKJvnGu4DnXpLBGWPB8cjeerinaTeZ69iWPtphtetbygamzaTKb8DCisNF3j+uGvzUC0iaKN5BPlx2uN/qEJ1yDn4KweQTnJR6t/tvje56vitIaXe7jEhf6JBhV+lXKij639jf4MQuIc+ve6vDt45o9ceiaq9FXpYEa01TEr5Gg/X9VgUS1LnltTrrBVBKUuzyaoKE5TXva3hmiqNh0fBEU9TPMFtRlqmOtWUUE1l1DoG+UCeUOs01+ppUy89gHaZH5a0WvRVpa8YQ/Vmd38gOif0EfKRTLOiZ/xekQ9ijpacXFjcdxiABj11TQ/1c1XS6VryTmsX1eoe1TcJT/RENdpRgFUoCk7RXdTXkJoeBvkYuO7GA9VLhYgcp41AOVFoVVcj7Y61got5qcm/a6Ui+hz4W+aeua2KpeahfKW/pfmwYu8CBc6V+JSpjb6V4tc1mdLFOkpFwqUlVfos5EbBMQ8f5VaQ3L/qv5peO3dpe6wRZJOKl0tV1obYRFm0m/KdbiCVYZLpmOU61F8J1BwZKrAM87ruOJ7BF/DD9wt5nOV93CR3jQ/tZ2vGnVY9IWaQ+bihYByZfWFPmfWer5ABo74x/wWePM78OvXwO4HYPsfA4OGG6Hb6LVJv5uMn2gGdnsK3J6Aza9J9ivotkApw3z9gHJhpu8r2T+K9SzKlZebu3eDG3yPmMxukUyvwaPwTpRng98vrmKbDdB31RiDE/SArUMnoKxsAAAgAElEQVQgnMO/eQfEEaLz50imF+nG5yQBeAIeLcHjMMXlFMn0Au7tCdxBtgG6M0w3KPsdMMcrJl5JnKfhixskk3PE128Q354imV6CL27Bw0UR+dlxwdwATm8Md/sY/uGn6ebn0QHgdypVMG0oNjcBg+d58DwPvV7P6nrXdfOozKZ825iojy5KNADM5nO8fvUa3/3xO7x48QKe52F7ZwcPHz7E4eEhtra2tBtu8wjZrovbm1v85ovf4Oz8HGEYYrkM0w3NlQ8BRdmcbHO4ubXM9j6iHzffUL3+MmxsYxvLjJERxkpQnGfFMfr+W34PZvl6AP3AVrm1OM6L+3A5f6D4EQYrc84AJ+Mg51Mi8hM5CSO8zQcpaeGCVUtcQno+j2TNytyIaIlZBzDRxln5Syj3dfmNGQz1PP9aIDuHDULDqem6j3RXLa8m0yPTcC1Sv61yuaoVbr5BFa0aWAzklpilZ5RDzXPMytkIS6U2cKbmtLoV3tasHUdCi+xynnWrOGjtBuJ2TLEgXMe1H9z0KHu2cYGYabgJdelN+kp0WcfLekd1UvZmwpmGMxWXUJm+3PdK3qY5mpiuABrM/RMartC7EueMPDYtuDI/DUoDvsSZmZfQVk/XrNf0/aair0Lv8uJqODS8oqcE2wzPUnkN1tDftGhrlflBqmO13Eo/LZE1R9nTjfr6PjZQ1SArze/seeHdav1r6n8lLG5nPf0Upp0frNv/ci50AEQXkHWfpACUw07/WqEpX4FCnyUu6iH0usKzylBuhdp5Kep5bowwwkn/FPNQrNXfKsU1YMUflbVRmOH9qNCBGq7MQMOl922gmH+K4zreWEcFWsxP8+sph8UGh1aCQ3VS7i3CpQ0FJc6BygKJInvT87atv2mHV1O0mf7Lha3MV+vHr/X41wwooXc5B+GZblHeCKV8rfWa8hoU9RHp1FzTfobnT5WjkZmep43l3IQt5wsg+RS8rG+s+oCArHda3nJ+ZZq/FfNViUvp38d8VJm+5j5FW2brBVnxaAT/qt5lXGsKhzQKoAZr7lDLV5mf2qDl+x0oh5obG+g9rzdW9FXoLytz6/mp9Xw1K65Wp6HlckvVrdfaNG9T/zOZ1fN1Jf8zoXgPJBwaTvWUvk8a1utWfn9tuP5YBPkq66m1vtrMT/PqCP3OWwPlnxsouNShdDjW8qIDmlmbx1iNVYpDh5PR/2Q1UXAYuOV3CMhcykH2bCVaT3gM19uOWFLefP5axyF3l4EzDS/fVv/9SxxHgcKU3Ma/ZlfgL67Az58D42Ow/Udgo32AWewt0o2HpmhrotyLCdj0FOzmFFje5vOd4jsEMn8rRn4r1HxPrnCdPq44P93gBn8QjCMk8wmS6Q2QxAB5T9rgvxJc0TYboO+yMReO3wO2jtB59Cs4wQAAECURksUtOF8inVHw9P+jRbpxeTlDcnOCyOsArg/mdcD8LpgbAK4HxhxwnqTCES3Bo0X6XzhHEs6AaAEeh0AcoYj8zNLNz/0d+PsfIXj4S3iHn8LbeQjWGaQbqzcGAJhOpnj23Xd49uwZFvM5RgcH2N/fw24W+bku2rDjOOj3+zg+PsbxgwcYjka4ub2BH/jwfQ+O69am39jGNrYxa+McCVB63+MoDogfjYrj+XkZeYH53EQ+rrs1WPrcYkijAWSZJyy7b8Y542We5cilnGw4FJwD0qZfXua84FpkAP1FbuuIChoU5TVxLao6SkZAzUE738QVTU0WRFtxZUQTcS85EghTc0jIi1/kN45I0hJh4jURWtJIBaLqigVarlhgNXGRmvI1ofAB4R5GLpvOHWpv+J7NMLwqSNOS8nITF0kp1yJVAQPPxnkhA7wWkacX413BNSj0TS6Jiq+ENjoto5xeandtBAWqd8KUDiybjXPW6B235KoFS8rrsKgwSIXRRMe0aIpgUhfRROgw5RIW40iUP2seyiuCUXxwqumNKje7fRnl1hLNTHkdivSUV2pTz7Vmq2uqzHQN1gTXbaS8xsiiVB+1nGd+1hDl9AqEJZcqUCqZar5a4qhBSef0iDIHSD71XJjWP2v9Tad3Ci7apukAW/cMSPeA1yCdB5b0dS3zVdFcLXl5uKjcsMyh5nL3SNUz8/X2jv41RoPCKlzU8a7oHeU58nouZ1DbQGpuq2Ot0TA/rVwnp5fKa/pLA5UXFBR6VubV8+K4knMN55SrUGy4Ef4mNtYI+apyoX85z2rAUK3RWkaUQd+0umg7P11Rrwvv1nCu5sW81MCllrRpjgrK6RUIS64y4UeC6LhymKNd9+TpLfVbmIlXKm6LlQZRNFCpYIRb90RL1K3L0fdwom+iA1f9C1Kr6nPRCqKcorhlrnoOVboj86M8R6O/EX2kemnNa5DXoxjIyoiiq+jb+56fVgRIw3NTcMUAX//6VkO0G1bV+ar4H6bgGhTVl/NY89N15fUGnTtp3UtYY/0z8YYdQ18wIFWU8jo0eMzK81fT/DSvjkiHIn1pOKp5ZRyJ9JRDZWWPFLpWyzmTms+sf8oN4ZTXoUhPORR6WsNbz09189XKADdNcMSAEpcTvi7TDCctl6moJuV1KNK31Gta7AqvyaA03KeX4NNL4Owp+PAAbPcDYPsBWEcK92fhDlq9W9V4DEzPgekF2OQcLJqXsi/kiHSMTQPY6Jul3jXGpnq9wQ2+J+SLGfh8gmQ+QcXuQPk2+APgCrbZtXqXjTGAeXB6Y8DxwHmCZHYFcI7o+k262TmcA0kEgANJnEZ1DufA7AoAS/NwXDDXTzcpSxGgweN0k3OS/geeqJ2KOWCuD6e3DW/3Q3iHP4V//8/g7n4IpzsE3OD7bpk7bctwifOLc1xcXCAMwzSCdb+Pfr9fGzlamOd5GAwGGA6H8H0fnudjMBigPxik0aEdZ7MJemMb29jqxpAvgDAAYLzMgXxhwnHS54Y2QmiuSeoFivTXyQUv30QUhisxX6ix/QWryI9z1G0Is4ogmhdTLJ3X8OxtnTEVr0HUI3TcpjnkxE3njKaCERS/ABdWXl4reF48EZGD8rwbLHgpX8sITBKm5Tfwpg1BG6RlxJVy68k8O88EohmHhptQPTwrCJmXyl/PtRfYDpCGZhUhlG44QIMPaKwlSul1eqrkRL+s0CggtEMVHZzpHeWs5ACFXlK+qr8xVXFskBwwcbMDG6zSrMzMa25In9aViHcKvVMimkZcylAbcalAUY+cZ+UT+ZTrZdkh2gcoaa/Ke5JOTzNu4+5r8LcKb1g9W3c0zw+EDki8lIuBMw3PDq09Qqhi/mn9gc0Sa/VV6viCiyao0cP8oIFzLjWnxOvkmOSo4kZ/bIq2+VuOJ/181ejhhLYcYJoaVPRVRFgi3CpCKOU2aKHfoh4lLuVT216VCTsj/UE5yarh+0TT521bf6twG/2mHEAx09Nw7Q0NBbCdbxneX5URQimX8nvv81UlirsruKRvNGJosb4gdfJ7fn+tyIkmu5y38Ted/ymRlbnl+x0oJ/lVa6TBJu+rlFugLkIo5atHsEeZ58PIzOWWkvWU8gbV1vpbY7N5XZPKppsvaJGZMBvJlEPDQTjRt7sWIZRez6HWUy23mqeK6gi9rtFLyhlvNzxR5VbWsLlNel1RIzqcjP7HSvlU9NLEs4Zq/hfLyggdbzvBhoabkDjA2iOEUp7rst7/lIiCC6PuwiANb8rX5H8VqzhkPdKI8br5ItPxXOeQ+ZeOSwgm5WNAomMmbveCVoOt1h/lxi5zoXc5Z2qe+lUNb1YLab5gUfwsAa2Olfs1HN5a/zTeIGNkAOo4kzkKjzUi03AT6tKTilf4it9XLAY4aU5WOl3MVwlHma/T3yrYJH+pcLQ5armcqImp1hdNvDzCSzVg4MByDpw/SyNC98bgo3tg2/fBxveAoF8uZ9PxZKwPyg0aR2CLa2B6CTa/BGbXpQ5iXFH+Jj3WdH2xdr1RUZ2s+al818q5fek3uMGVEYsZkuUMfD4FT+LS0L0L5dvgD4er2mYD9J+COS6czgDu+Bj+w78ACwZgb75EdPYd4ttT8GWMTCqI8fRwEoPzBGAhACYpCwc4T89l/1YZcz2wzgDu+Aj+gz9HcPQzOOP76ebnTeTnivEkQRRFiMIQCefI+8E2PedIkgRxEiNJEvieh+3tbezu7KDb7W42QG9sYxtbj3GgvKiecSZ48RGyEokkf14UnOVvT2k+8vkqKgpDkQONQyCgiBwilzfPt/UvzKq8PBEzcbyfBQ5Ts9DrSHphJq40RYbWEUCkNlFyW6T5NcKih7hM83KLjhDHFbzcw1W+SgSCVdHgYK02TFQiQQj/0kWIkLSkBRdWam6pGsZmMJgxQmiud+Iwl09LvAVywBSxCZSTfCq8sb6tiih4reBouMmk24lktZwkXWkU1Q8fK70WJr92Qa6+bfMamsfExb2ayVHxCarwMsKzVXLO1VxkyIm+rfhpCjb61mrDxBr1uvIBT8PTqzUbIrTVoRsmNMhNyMlw5Fnp6nlhNZxDr2M63SN61jziEkFTfgTRhIuGzisLRcMTLqyif5w0H+Et9aGRlepT+BsdbiUuqEb/mk7ftc2nQWFKTurTRmYq3k36zKR/uV5SDpm3REkQONNw04RJN2E36d065qvCYUSP1TpUlQv9K3Uvr/LV/I3GGWvAOWCKsC48ocKF4hjeX7Xv5UT/Srplixz5jzxs56tVPQfJt8yLamk4UDq+VltFYHTl4vYobkOLY108Mawpb4Km6mflpfPVlEslzk/a1KjgdASXuKRjrSPgcw23RJD8dNxe73QdoDmfm8Yhc3/ScLnpV7RK72U6Vq4eJ9UgnOqlmH+K47whoh5FxU28GJD1WJm/koFd4cZ5Kso8T92UK1BqaOvHt8ka6Nvarc1wUyQvcbtut56PVlWC6bkk4On40HFZDwx3JvO1Rn8hb91oode6+Wqur2J82Ood5VqzdXjJlM1OHYPwyj0Il+Y9QtfUvNA1cYGsc62Qwzg/Nf3FSlEfOl8V+kznqxXUtUspdzMv5qdZ2zHKNUjuXkFT8TXVWYv8NRccuzyboEXxTLzQOypn4odANbxOP6H6HlGPIqXpB++2DxitjtnOT3XzVVvM29qOQ8vL1bN+vTcZea8zco0OKHF2Ccwuwd99Bd4ZAv0dsK0DYLgH1t8G/C7AnPWNnyQEW07AF7dgi1tgfpNyqWRN56fm+WtqQq9FObV/oZJyg2l1TKd72OAG3xPyBEm4BA8X6X/LOeiD9U6Uc4N3Blexze7VPwVjDuA6cHpjeHuP0mjOrg/WGcK5eI749gw8nIGHc/B4CSSxlJinAsIBjlh7i/L9GMBcMK8DpzOA09+Bs3UP3t7H8I9+mkZ+7o03kZ815noe+v0+ut0ukiTGbDbHZHKL6XSKIAjg+74yHeccnHNMp1Ocn5/j3du34Jxja7yFo6MjHNy7h263u9n8vLGNbWw9lv1COVcUhhLnAByWLTjQdVgpDbLjQBFBxxHX8SJfVJNlx8W2S7EBMzvPisT1nGBeIE7uRJZQ2nwxlPJX/kK5jrOWiDqU2jBb8a/wrAOVnPSJzJhpmslaoqWJZqfdVdt94jTlSqQRTSjSCCcaLuUnNw2XKs4A5BFRKV9XxAKKrB5phJpyFHdRyhpURYxQonRe5E55Kf8yF8Y01VuXv0mCVOZ1mBeO8Jrscm7sfhFpj/D8duYPbKY/SSgGiiqiv8ytUKfHJrTMv2nEsFIEf8qh0E/Ks80/hmFURZQROt7G33T+Z2OkYJIcaTiJaIKq3tVyLuYDNSjSUW6DUsObeAmNgmFoIEtkuX6LXNU8v2uuwzpOkaRviobhWBtgxMbaFiw3OkDIWc4hvw9bRfBXfmBriUzDJRQNV+KocitsNV+VO8PwACMdnkfwZ/W88N/6brX1v1pU5AMd113Q2h+pkQtIRC3Kiwh8EpfyKb/92OmfFf7/7N13lNzYfSf6L1Cxq3NiN9nM5HAYhxyGCZw8I07WBEkjS3KQZDkfbzj2ng3283s+K/vte+uzx2d97F29XQc5ypLGk5Mm5xkOcxwOM9nd7G6GzqkCcN8fVUAhVgEVuqq7v59zyNu/KgB1AVxcoFC/umWdPt9ytdLQn2n9s1usl342rHUH2RpQ7tg+wi0c41K3N8+l5K0EXGLkYUiYyuyw/LFpqbn7G33EfmssmePiRojOfX2arzT1p/Ae23dwjhgucc4LMAn53oB6Pd/mbV/W2G/ptnzrGlmaj3UEQcf+z7wEf3GhK5RZjlt/qsderk+tpbYca+yldOifteqYY8vzXreXfr1qiUv0/sH26paGUqr2ppfF9NcSIFn6u+w7Y+c4uyCfFfB7/ab1p/r1avpxty+kCxj6PT/9qdf+OWd/rdXWnJKj9df6vjfGAob7C3BubwW0P+8NJ1NYu5N8iytk92vzW2PA0ts4xG7XM7bYuX/LWxb5/jXf9Vze/tXr9anb9apewjnW+2VY+ulsnG2PML0d0p/3w+fmtzW4fIt36Y7yXS+4tz/tyHWJ9c8ZfMaW5Rl7CFPs6Ya9pbTtMB/9q+UA9foLVHp/7NiPGtbO8X6qVn2XWJvfGtuW71Aa2lG+2FR65e/tgPPmNrC+vK16tu5M8hbry3GLXUqXzyPs9+ccYi9lkden+Uq3X5zS6u/9F1K13ZYnlvyXMNTY9+ndSzvzusD4BBCfgBjqSS86FAXCtZBijUC0HojWQQrH0knRwQgQCKb/CTm72UUKECqgJCEpSSAVT/9LTgPJKUjJSSCVyLZz7XMGS3/nqzT0m26l3mNY+jfXEfwLvT51u171cn/R4XnTF9T5/Px+HgDU9GCrQlEAoUIoKUBJQSjJdJlM2JZTNfXn81X3fLGYAD2LSIEQ5FgTpGAEgbpWBNtWIHn1PJTBi0gNdUMZG4A6MQShThXzKtCSnwP17Qi2r0KobSWC7SsQaFyYfv1wLaSAcxIvAdFIFB0dnWhrb8O5c+cwNDSEgf4BXLt6DbGadGK0EyEEFEXBtWvXcPDgQRw/fhwCAp2dC7Fs2XJ0LVqEmpqaGV4bIpqzhPlbpvr7H8k0if6UKTZei1hi63zGt1bZl5IAob2Z1kYLQPqmVObx9ExCn06fCPa4kDK9+GyFPcWG+Yx1dywF4HlEBWvssdQYt6FT7LojXQmnnWbemV7KomjfdIe+r91iocVwil1K4fANfWupTW+NXUrki4Vz7Frm2MDmUdfdPlDTwjw3aOH8gVfeWojcpd4ehf6nY+yy+723r5K0N4dl5OtG3ObLPGb6jMVht+YfoURYXtZnLIT5cWEuYY3hHDuWXhqAodT6N2NNvcSm0qkfzlVqm9sawyEWxvfX1hEX4BwXK2d7MzQgt9ixg9ZC0woZSm09sv0aLP1bvn7Mc5l3BBOX2GN/jXyxLl+HYY8FhOFDHksssnHOZo8cpdvuyVVallPo2umK6d+cllXy64PcE1lHCs07gr811vtLD6UA/I6ACsty3GLPpe0C27009wYO/atDf5c3ztTEFhdYatVxvV5wa4/6gw79nTW2HXCGuOg18HdCdxuBz7G/9XJ9WuT1anbzOsfZZpc79tU/WHdXdnXtcWn3jp/LlZzdlbX5uF4feO2wC+X6Bt0ltr2oYQdqK26I847gr/Vn1rjQUvgrYZnfFBvWxxQ77mBDW4ZD7LDdLM3ZEgvnl/Pa3pzan9aurLFrma2RLfawBo5HgN83MLmOSLcOwE+Z54jPez2b7/pUO3z0/tolduo/M/eIcm4ebXprjAJZlmE5nO2xZdbi2ptD6bRcH6W2Pr6vD4TtD/cNlOvAy/uCPku399lu78ut/aKlfyt+hH6H5ZpKmGJYY+ES285DMPPQwD1dH+Rsb1oio49YOMXWUmsO2SnzjTBarv4tb+n7hpNLB+V0AaP1b9ZYQK9/dnEusaU5+C5F7tJ22ME5duRlM5tX39PZNOfi3bojt9JtPmjNSNhjU/NKz+ga5z1w8+whtx3heYflKD1sIN8j9ufp/+z3U2F+3BrDJbYtH86HX764CFp/5hiLbJzdfA4xcnwBRwj4/UJjvi/2uPWvjv2tp/7NJc51vep4wnGJdfn6U5d95NZveTycch5FHjaP/fMI83LgMXaV7zDPsUBt7+ixMFwfJKcgElPAxFX9cTXX7itTqSlo7xfzgkSzke39j/PjfJ7PF4sJ0LOJHIAkByCFIkBNI6SaRkjReih1LZDr26CM9EEZuwx1agRIxSFSCQg18w0LNf2NC73RSAAkGZIcAOQgJDkIBEKQQlFIoRrIkToEGjoQXLAawdblCLYsgRxrylxdSLlqOe/VxGrQtbgLQ0OD6Ovrw9TUFC5fvoxTp04ikUigtbUF4UgEwWBQv+hXFAXxeByTExO4dOkSui9exPT0NJYtXYbly5djUdci1Dc0QJblSq8eEc0RAgKylO5T9Bu+UvoGh2yM9TeM5hjQEi6zz8uSbHg/lv3L+t1j/UWhvSGV4HvElVzfcJUcHrfcwPA2gmh2fudv6Gqr4RBnPpxIb6scsXV6x+U5lHk2h+Pm8cN6qnetiHNpG5AIzrFemjc/SvcNd78jMllHYLLHvjZAiUZcsZa2EZsN9TfG2YddYtNa5og9Hp6m0sCtObnyujk8L9AiR/cBQ39nirUXMcTG/s4US5YbuFKBJTzeEDbcATTFucpcGyBf6bUBWPo77cFsMp5LnLlD6be9ZV7OHHspJecS+WKv8naA1jJ3Aze0RufYoX8zdzdeR2ByKfX+2EepzZ+JtfXSHneL00WBpcv2s8WWE5Z1hEPHWFtKCdtb3tLb2mTP/9Y4V2lcWN7rBZcXkLzFbiMwWWPbB2rW2MsHah4/YMvZvxo6Gmucsyxog0vw9AGb2+LMe8Y5Lrb9ubRH19Ln5bz1+sHOskbW4z1vhT3XHICxf83EriMyeej/vJSu/Xee0jC/Vn/tcec4w9K/eYr9cNtdUu7Y317K3948XT/kKLP1N/dn+WLvHbLGdkFqOO7zl9nrVY/9a6HXq27z5ysN/Zd1xFDXOLvxkLf/dHsD4nkHIyfb5MVcHnsp3boz19JcQ/uI6XlWuMzvX90PeCnz8pka5onLf70Ky/KysXHL2WKvHRhc4nw8vj1zO5+6vXzh7c1apl84u9w8sX7fTauvuT/Ld3/Od1nk/Ua3/lSPvVyful2v6iX0rWSLJZdYcorNh6cpNqyVWwwUuJmL4Pn6wFrqk0m548yGye5ut9hQavMbYujLzR0X/v7VY6m/f7XELqX3XyDRdqclllxiyWesL9+9+UiA6XaV1g2Us/153ez65NbYZXF67NLf5Yzh1H+6lJJLbCmRL/Z6wPu8Ps23A/P2r5n+Tfsvd//n0F+a+lOHsoDV0efXVs+w7/P2rz4Pd1uDykdbMW12P/e3kG159tillAos8yxXq4HjiM45+jv3E6DH0ucNEbdf0LPGtvZmjb20t0LKHJsj5+bxKm8FHFZY39aW2LRAbRLzAt3efxf3C7uGUuuPrXGuUqufw/Wqtf62stAPPLIbMHesNSBtawqRuZ8F6PcPDNWxTF58+2PJkiXLAstiScI6fA7NEgJCSUFkvuUkklNQp0ahTgxCGb8CNTMatBqfgBofh0hMppOiVRUA0heawXA62TkcgxSpgxxrQqB+AeTaVsixJsg1jZCjDZAitZAiscyoz6VodnNbMpnE5OQkerq7cfjQYZy/cB5DQ0MIBALo6OhAe3s7WtvaUFtbi2AgAEVRMDk1hZHhYVweuIzxiXFAAM0tzVi1ajWWLluKzs5O1NfXV3rViGgOOfmft8GWBClZyswz1vf67o9J7tPZTh+SbRrTo4YrHkmG7QooV4Kv9cM+51ctTo6XAGC/UDPkJwISyn+Dw0Opr4vP2LSCpXjBamDbYcizPm4z+I3LVBZzQ9rwgZy2vLwJFAWV2tI8xJkbMsbYUF3nD0iq2bw/fgzTFrA+ZT+6tHZkjb301y79t9vqzsjuLfn+KVX/V2AFCzqhuvR3FSi1/k3bwM4JFFp1XWJtamts6z9L2914ap+lOCBnkzm2fm6HV84YxbW3Upcarf92u14oz/6Zof5vlvR3ha2P9rRLrLPvcXP/at26pekfc5Y+dke+hImqMMf6t2pbn6J7hwK6g5L2rznigtbY9QI8xwr77uAr0L/56b9LtgcK20O5eL0+8PP+qNSlr62R9wDL8QLVqJQbrBqUeP/47l9LXQot8V07Huyx1t/pcaaG1rhCa5C7LPL+Y2H9Xxn7xxnuH8q+dwvYPfn6b035zz4O2H9nVcH62XZHph1ZY/dS+5zAIQbgfYR/j19wzxHn7N/89He++7diS42HWDugrbHj4rX6uyyuGuTpD7zez3KZvfJljuaU9/YIEdEsNvSvni5qfiZAzyEilYAaH0snPo/2Q50YhDo9lk6Anh6DSMXTI0ILQJJlSMEIJC35OVoPubYlkwDdkk58DkUBSTZfsZJnIyMjuHDhAs6eOYMvvvgCw0PDCEfCqK2tQ1NTI2pqYggGA/rozxMTExgbHUMgGEB7ezuWLVuGtevWYcGCBQgGgxz9mYhK6uT3t0M2JCwLAHKmu8/G2RsKkLJvCPXS8oZLltM3cGXjG0jJfB/AyOl1BAwjUGduaMiS/QaH8R2udsNDi9PLc34HrD9SZAJV3m/wVrp0vGNpvSFj2JF5Egpyx2VQohsYldwLGse4mAVWI66Pp8Xli72XPm8Iu37g5l5qSyroBvGM9G8+S39HqI/YqoAGXmXHT9HttYDdU9L+NUdckCrbP0Wb4+vjOIK/NfbUf5av9NW/liWBqlxHmI8TYimqUw18dpBunzd6nL38pdaMDLE2Qd4EXktcFXyfwAzTzsr25rADHXdovgU6x3lH6Cu2f/RwfapPb40L6V89NQAf/WPOhAKPFzzVrMqPn7ytWTudWuJyXq+W6+ybcwMU8oLVqOTrU1z/V/QeztPAsterhriU/WsJSo39C7QVAB8AACAASURBVOnm2DWD0lUVNEgePwUtPl9ctrKA/ltTBacru4q3vxL3jyW5X1e6sujrVy/Xp/rq5PuCunOsKcn1QD4Vb28lNsfXh59/lZvP/s7L+223GyrVWBb0hoglS5Ysy18O/vZPC+3YAYAJ0HOKUNOjQqfiQHI6PSp0choi8zeUJKAq6WklGQgEIYUikIJRSKGa9L9wTToxOhAEpEC6sVFBkokExicmMDg4iEuXLuHK5csYHBzCxMQEUqkkhKpCkiRIsgxZkhCtqUFTUxNaW1uxoKMDbW1taGpqQk1NTXo67gsiKiE/I0CbH3OO049JDo85/238SWXrCM+SZI4hmZdpfQ0rLyNAC5iX4Ra7lZAsjxdyHZfndYx1zhWXRb4NkKvCpgWUO/ZYFrKDKngDoiQjhFpjbW5rXKIyW9sC2m8hu7ealXIDVgOf+0fr3wqcvfyl5XyTKy7P/ilx/6f1W376u7wrXMHS0/poT2v1z7DGDjsw9wihZWivWrWtca7SsnqF9rdlUYoNNJtU2foV3V69tD+39uix1BTWPn32h4UcYNXQz+Xr/4q6XvW6B8rfg7h15zljlH0rF95+q6w/KBrXx3H2fHH5Sq9fYMzGWv+nx5kaa8ub6TUof/9W1BFcwrjAzVBGRbffAnaPPr/H/ltT/rNPIRug1BUosVIeDhVg2x2ZdmSN3ctCRwS1xmX6AmMx/duMXZ9qCohL+YagGvjsH3h/a4ax/87ytH7mDZb9/CB3XHD/qF2PWuNcpTa/NfbSv5b7CDId4PkucLQDSpvcEleDYo6fChxPbtXVY60fQ7a/K/f9rFKdPX1tgCrdP0RElcIRoMmZUAFVhVBTEEoyk/ycyl6QSRIgy4AchBQIQQqEkE545ojPpaSqKuLxOEZGRjA4OIjLly9jeCidBJ1MJAAAciCAUCiE+oYGdGQSn1uamxGrrUUgEODIz0RUFie/vw2yJEMgO+KyNhKzcQRmAJmE4uyIJMYbGdDmEwJSJpNZsrxTM81veysLy+P2+QEJkmSJc7wzlCQ5+07XdEMjW39vN6T1GsL6jjNdH/fny/6OtMreIOe9YWGt3iy6gVHUBimkQtVojq2PpxFCrQkHxdwgLqD0egO46A/cZvwWoIcGMsfaW6nXx3d/W+rSR/OyfT6Qf/Vm3rxrbw4nYE8tyltc8hFCvXyg5vYBWzn625L2f4YLGms8Z9ufQ6mpgvWzte7M4WKNS5kQVq6zr7cVLOIFq0HJ16dU/WGBZY73rzC+/84VF9PflqTUXt0hNhwQ1hFDs79Akmv/VFgpdnc1K3N/UOajpyT3F9xWryp2X8X76yL7xzz928y8f/Veer2e1WNP16na6hQ2QmhZrw+s5mP/NovXx+3wMsX22Wa01DjGhu7CFFfN/ipR/+fnhFXxPZajLOYE69ACnAcAscfF9I85Sx+nH97fqoAKr4/Xo72U7a3Yz780fuOCeO7fDHFxW7C85Rz7fMXT9UGR7Y0lS5Ysy1EOMgGaXAkBCDV9E1moAAT0K3TtUxxJTt8wl2QAUvZxKhlFUZBMJpFIJBCPx5FIJKCkUlAz+0ICIMkyQqEQIpEIIpEIwuEwk5+JqKxO/udtAABJMn4PPH0aMJ4KsknQWmye1viYceRlx+lMpxjJ9rzpGcsVjwRL7HRl5FAPJyU500nm5WjVcI0FZjzBN19p3B65YkfFvGBVsOwhW321HZEj9tQCKlTmaWClSZjQpi4gAcJDrDFtbsNqzK72ZjHrjx+LMq+P16OtmOo4Hv5F9NeagvrXUitkAxS0xQt+QX/lrEiY0Hj4AM8pIcJ1dawJE6Ups7UrQXuda/2bVSHNXVON62tZH18JFC79X7lLjWNciu7Izwab6f6xoE/oZ3oP5au/ti3yNSh7rPV/Zdq6xZdedo+29tYYVdA9lP34qbAK99dF9w5aO7LGfsoCVz8dl6r/c4mr/PquNP219nSeDsLjHnGPi2fbW5lq+jkdzfRWd9sajltnPvZvc3h9TJcXhqcLXFwBpdsX5rX+OtuBp48Pt3iW9G+e+ju//bem1P1fAQ2+zMeTW/vMFxdcFrB7iupfy22e93czvT6+26etPTkMMGKNc/Wf8PL5RBlHlK6K61NNCfrHKm9vvnncfabY++wzUmq040d7Yk58/kVEVCCOAE1ERES+nfz+dkiAngCtvW8yJz+nH9AekixvwOTMQMuyHkumN5bacmUps3zjO0zLDQ1I0GNtBGrtLWn6eUuc452fNhK16/PF3sCQco9AXZG3yIUkFLiq/DtoTwk41hIuqztDpSbnDQxrPFtvYJRyA1UDw/4xxQWuj9vivC/e6w1gl1i7oaw9rt9gzpbagZIdcU/rP81xVZSFfOKu7x9rf+fpiEVZFdLeStg/eG2fBVfPw+4ptr/WlGXvVXj/lF3V99fWHWB5NtNv2WK9e/D6AVvlR/D31f/5ul7VFHsElaFBzLPjyesHbh4XV/7S8IDnfOpqNufam7YjYDnh5oh9tLCSj+Cfr3S4Ps1Xeu1f3ftbTan7vxJf0FSDQjqoCnKrrh4XcDrVV6/A3Vto6ytqhat0/+RV9AbN2wI8xiUqLRcAXkfwFzD0e+Xod3OWWm2tX0g3jNhvjQUM9xdy7R+nnV5BxRw/c2V9fPQPM3z02EsP/XW2PSL37aBqUPL2V6r+r8AKFnS/zrrDCm8hvkfsz9f/Od5P1arvEmvzW2Pb8mfg+sCqzP1Dxc3y/ls/fKyxj8OprP2voa4Fbc6K758i+7+CdohLf1eNZSGfr9iuX/k8n+fzfL70zw/+9k9RDCZAExERzUPGEaAB6Bcb2ptuvcw8k42znB+T3KczPijMD0jaf5b3lVppnBUS0vnQLryMAF3o21/9cckc20ov74MNm6GQGxbW9XGLC5JvA/ipYEkr4Dcu5g2+oUFW2Q2LbAKYJTa+gdDDPDdo4fyBV7G11BTUPot5gWpQ8eOnzHyuj9a/WWfPF89Y6ePw1+OyKrL/c+3XkH+Fq7H0dEK1ro/Gb4+U7f/yxaVsb56vF3yvzQx0J3Otf7OaZeuXt7copv25tMdCN09h7dWlv7OtoLZAh7ga+rWS9ncuJ6yi90AJehS33WVZXev1QpXsDfva59jcrpu/iM1Xdm4dRiHNpxqUeX3y9q8eXs5X6daduZbZGtliAN5HcC5z/1aK/m5mjnh/sZcOzG32EvC6d61x4e3NoXRZ7VJv/YLMx/7Nbf2qkKfrg5ztrcgvkOuxtbT2nx6/cFOV/VsRR6Dpho51B3iMq5nPzVN197c89N/aDJW5v1WkOdbfzfT6ZBPAc8f++8fCv9A4o18o91v6uiFiPYCq8IJilh8/tv7Uy/VBzuuFGT175t+cs3z/EBGVC0eAJiIiIt9Ofn9b+oaHpN32yNwAkWCOIWXyCrQbFdqIz0If8VmLrcvT3pnJUnYkE/s7t7T0a2QflyzTSZLI+by1tC7P+M5XyvvO2HJH0HH5ft7iFhs7qPI3yLYbFC5xrhu0M30DQ1OS21VVvn98m2fr4ziiqNaCDXF2Np83iEtQaq+UHYHJIZ7LCQReX64a5O0AHcoCFudn8UWVxfTXWvPLqIrdV8z+mWvtzdP6eG2BzrHvEZm0D8qssZcP1Dx+wDbzH7i5bXCXA8Y19rK/KmyWXz/YWnP2dJvdXV77vxkqNZ4O71m+f2zKvj7F9X/uFXF53ucJN3u96rF/nenScEBYRwx1jXUFtfDy4vFTlpfPF3su/R0+ReUvz8jurfr25rM/LCTjesbPqPn7Uz0uSQKYtrRiY3/tldcHLqWmGtfPZwfpNWG3kqVG6w6y1wMeD/9q5trf5Yirbg9ZG5TPspj+Fbm+kF5Y/2gqC1gdfX5t9fTaVUH3UUjzqWZV3n+7bW5rnPfw99LeCiw1Zdk8eSuQo3/L2d/lewHPFfBXFnLDx/cJq1x70CE2XQBkB0jSOjBzbJu8IvezWLJkyVICMMgEaCIiIvLL7wjQ5secY6flGaez/g2HZeux5YpHAmxXQrZ8aod6OHF/xrsciweQrZYeW+pbDQkT+rr4jE0rWIoXrAa2HYY86+M2g9+4TGUxN6RnLIFCW5qHOHNDxhgb+wHH+03VbN4fP4ZpC1ifsh9dWjuyxl76a5f+2211Z2T3lnz/lKr/K7CCBZ1QXfq7CpTOH+AZntf6OwHkHcHfGtv6z9J2N57aZykOyNlkjq2f2+GVM0Zx7a3UpUbrv92uF8qzf2ao/5sl/V1h66M97RLr7Hvc3L9at25p+secpY/dkS9hoirMsf6t2tan6N6hgO6gpP1rjrigNfacIJbrgKqCfi3fCbSo/trrHihsD+Xi9frAz/ujUpe+tkbeAyzHC1SjUm6walDi/eO7fy11KbIDiqSPB3us9Xd6nKmhNa7QGuQui7z/WFj/V8b+cYb7h7Lv3QJ2T77+W1P+s48D9t9ZVbB+tt2RaUfW2L00DChijQEUPUK1YcqCvuBezPXcjF2fajzE2gFtjR0Xr9XfZXHVIE9/4PV+lsvslS9zNKe8t0eIiGYxjgBNREREvp38/nZIgClROB3DFEPKpuXIUqZE+g2WLGdK4xtISPobSX0+2fCG0rJ84fA66UnMNzQgOd/ggCGGIba9mPX5IhOo8o1AXfHS8Y6l9YaMtiPyvWPOF5dBiW5gVHIvaBzjYhZYjbg+nhaXL/Ze+rwh7PqBm3upLakiPznoqX/zWfo7Qn3EVgU08Co7fopurwXsnpL2rzniglTZ/inaHF8fxxH8rbGn/nOGRvDP17+WJYGqXEeYjxNiKapTDXx2kG6fN3qcvfyl1owMsTZB3gReS1wVfJ/ADNPOyvbmsAMdd2i+BTrHvkfw91t6uD7NN8K/r/7VUwPw0T/mTCjweMFTzar8+MnbmrXTqSUu5/Vquc6+OTdAIS9YjUq+PsX1f0Xv4TwNLHu9aohL2b+WoNTkG9HfNYPSVRU0SB4/BS0+X1y2soD+W1MFpyu7ire/EvePJblfV7qy6OtXL9en+urk+4K6c6wpyfVAPhVvbyU2x9eHn3+Vm8/+zsv7bbcbKtVYFvSGiCVLlizLXw7+9k8L7dgBgAnQRERE89GVK1cAAPqIzS5lKZ/z+rdT7HWaYp/zqhTLICIiIiIiIiIiIiIiIiIiIiKarw4dPVvU/HKJ6kFERESziPb9J+v3oMrxvSh+14qIiIiIiIiIiIiIiIiIiIiIiEqJCdBERERUskRoJjsTEREREREREREREREREREREVG5MQGaiIiIKsKYLM3EaSIiIiIiIiIiIiIiIiIiIiIi8ooJ0ERERFR1mBBNRERERERERERERERERERERERumABNREREvjA5mYiIiIiIiIiIiIiIiIiIiIiIKokJ0EREROQJE5+zuC2IiIiIiIiIiIiIiIiIiIiIiCqHCdBEREQ0KxWahMzkZSIiIiIiIiIiIiIiIiIiIiKi2Y0J0ERERPMcE4KJiIiIiIiIiIiIiIiIiIiIiGg2YQI0ERERmRSSEF1tSdTVVh8iIiIiIiIiIiIiIiIiIiIiIiodJkATERHNU9YkYbek4VzJxH4TjZmYTERERERERERERERERERERERExWICNBEREZUFk52JiIiIiIiIiIiIiIiIiIiIiKgcmABNREREjpjATERERERERERERERERERERERE1YgJ0ERERERERERERERERERERERERERERDRrMAGaiIiIiIiIiIiIiIiIiIiIiIiIiIiIZg0mQBMREVFJCSEqXQUiIiIiIiIiIiIiIiIiIiIiIprDgpWuABEREREVRwgBVQgIVUBAQAgmotPsJ0kSJAmQIEGSJciSBEmSKl2t6qQqEEoSUFLpv4UKCBVgP0ClIkmAJEOSZEAOAIEgpEAo/TfZ8LxMlcZzqHc8XmcG2yQRERERERERERERlQMToImIiGhWEELwQ3IDVQioqgpVFUzSoDlJCJHJ3xWAmn5MkiTIsgRZliHP9/5ASUKkEhCpBKAqla4NzXVCAEKBgAIoSSAJCACQA5CCYUjBMBAIVbqWFcXzMlUTnkNz4/E689gmiYiIiIiIiIiIiKgcmABNREREnmlJyH6Tkd2mNz7OBGdvVFWFoqhQmaxB85AQAooioCgqZElCICBDluVKV2tGiWQcSE5BKKlKV4UoPeJ4YgoiMQUpEARCNZBCkUrXakbxvEyzBc+hPF6rDdskERERERERERERERWLCdBERERUlZgQbaaqAilF4Sh1RBmqEFBTCiRJRTAQgCzP7f5CpBIQ8UlAZeIzVSehpABlLJ0MHYmlR4Wew3heptlsvp1DebxWv/nWJomIiIiIiIiIiIioNJgATURERFTFhABSigJVVStdFaKqJIRAMpWCLMsIBgKYc9+bECpEfCI98jPRbKCmIKZGgVAEUqQWkObWaJ48L9NcMtfPoTxeZ5+53iaJiIiIiIiIiIiIqLSYAE1ERERUpVRVzYxWV+maEFU/VVWRFNqogXMj4VKkEhDT44Bg4hbNPiIZh0glIUXr5sxo0Dwv01w1F8+hPF5nt7nYJomIiIiIiIiIiIio9HgHmYiIiKgKKYqKZIpJG0R+CAEkUwoUZfYnDIvEVHoUXSY/02wmVIipUYjEVKVrUjSel2mum0vnUB6vc8NcapNEREREREREREREVB5MgCYiIpqHxBzJBpgr62GVUhSkFKXS1SCatWb7MSTiExDxiUpXg6hkZnubnu19CpEfs729z/b6kx33KRERERERERERERG5YQI0ERERzclE4tm6TimFo5wRlYKiqLMyWUbEJ+bEaLlEViIxNSuToHlepvlotp5DebzOXbO1TRIRERERERERERFReTEBmoiIiGysycOzNZl4tlEUlUkbRCU0244pkZhi8jPNabOtjc+2PoSolGZb+59t9SX/uI+JiIiIiIiIiIiIyIoJ0ERERPNYJRKbmUztTFU5qhlROaQUBapa/ckyIpWYlaPjEvkl4hMQqUSlq5EXz8tEs+ccyuN1/pgtbZKIiIiIiIiIiIiIZgYToImIiEjH5OTKEAJM2iAqo5SioKq7N6FCTI9XuhZEM0ZMjwOiehPYeF4myqr2cyiP1/mn2tskEREREREREREREc0cJkATERERVRg/xCcqr2pPjhLxiapOBiUqOaFW9YjnPC8TZVX7OZTH6/xT7W2SiIiIiIiIiIiIiGYOE6CJiIiIKkhVBX/GmWgGqKoKVa2+DCmRSkAk45WuBtGME8k4RCpR6WrY8LxMZFet51Aer/NXtbZJIiIiIiIiIiIiIppZTIAmIiIiqiCOXkY0c6rxeBPxyUpXgahiqrH9V2M/QVQNqvHYqMY60czh/iciIiIiIiIiIiIiJkATERERVYiqqhD8zW6iGSNEdY0UKZJxQE1VuhpElaOmqmoEdJ6XidxV2zmUxytVW5skIiIiIiIiIiIiopnHBGgiIiKiClEUfmBPNNOq6rhLTlW6BkSVV0XHQVX1D0RVqJqOkWqqC1UO2wERERERERERERHR/MYEaCIiIqIKUIWAylHriGZc1Rx7ShJC4ejPREJJAUqy0tWonr6BqIpVy3FSLfWgymNbICIiIiIiIiIiIprfmABNREREVAH8uWaiyqmG40+kEpWuAlHVqIbjoRr6BaLZoBqOlWqoA1UPtgciIiIiIiIiIiKi+YsJ0EREREQVoKocqYyoUqrh+KuGhE+ialENx0M19AtEs0E1HCvVUAeqHmwPRERERERERERERPMXE6CJiIiIZpgQAoI/1UxUMRU/BlUl/Y+I0ip8TFS8TyCaRSp9vFT69an6sE0QERERERERERERzV9MgCYiIqKS4IfO3qncVkQVV8njUCjJir02UbWq5HHB8zKRP5U8Zni8khO2CyIiIiIiIiIiIqL5iQnQRERE5MpLUjMTn/0T/Jlmooqr6HGopCr32kTVqoLHBc/LRP5U8pjh8UpO2C6IiIiIiIiIiIiI5icmQBMRERHNMAF+QE9UaRU9DlWlcq9NVK0qeFzwvEzkTyWPGR6v5ITtgoiIiIiIiIiIiGh+YgI0ERER0QzjoNlElVfJ41AItXIvTlSlKnlc8LxM5E9lz6GVe22qXmwXRERERERERERERPNTsNIVICIiorlLCAFJkipdjaojKvQJvaKouHJ1ECNjE5iejqOlqQHtbc2IRiMVqU8u8XgCV68NAwDa25rRN3AVABCNhNGxoLWSVZtxE5NTGBoeBQBEoxG0tTRVuEZzQ6WOw/SLlz/RU0yOQB274m3iQAiBtmXlrVAB1KFLEIlJAECgY3WFazPDlASUqxcBAFKsEXJ9e95Z1OE+iMl0vyk3dkKqbS5rFUuuognQlesPhoZHMT2dQCgcLEn/PjY+ifHx9HGzsLOtrPMNXL4GVfW27Zqa6lFTZdcb4xOTGBtLr3NrayPCoVCFazR7VPKYmYnXTqUUXLk65Pq8JEtoaqirymvo+aqi13VEREREREREREREVDFMgCYiIiKa46am4/h490FcuNgH1SE5IBAIYPPG67B187oK1M7s8y/OYc/+Y0gkkwDSdbv/nlvwxjufAgBkWcYv/8LjlazijDt15iL2HjgOAGhuasBXH7uvwjWios1Akk7ixLuYfv+vPU0rxRrR8Gt/V+Ya+Tf5+n+H0ncCAND4b5+vcG1mljLUh/Ef/S4AILz+XtTc/2/yzjP94Q+RPJ3uK6O3/xIi279a1jqW3DxMXlMUFc+++LZ+bv7WUw8hVhMtapkf7T6Int4BAMBTT+xCY0Nd2eZ7+WcfOF5XOLll+yZsXF9dX2Q4fOwUjp84CwDYdc8tWLZkYYVrRNVicHgEL7/+Qd7pZEnC8mWLcOtNm6suwZ+IiIiIiIiIiIiIaD5gAjQRERHRHNZ/+RpefeMjKIriOo2iKNh/6AROnDyPRx+8Ew31tTNYw6zde4/gyPHTpseCAbkidZlp7320D6qqormpAVs2XV/p6tA8I8l8W0hZqZ6jSJ3dDQAIb/ky5IYFFa7R3HX089OmBOJ9B47jjp1bi1pmoaOglnv0VHmenM9pflGFwNnzvbjY049vfe0hhMNzcxRxXqcSERERERERERERUbXiJ91ERERUckIISJJU6WrMe5NT03jFMDpjMBjA9hvXY2FHO5oa6zE0PIL+y4M4ePgEpuMJTE5NIxgMVKyuRz8/AyA9mt7mTddj47pViETCGB2bwKLOdgBAJBKuSP3K7dSZiwCAurqYLbGko70VS7o6AADtbc0zXjcvrl4bQVNjXdHtp1TLIbOa+/8NQit3uE8QmJsJW/NNaPWtkCLpL7AEOq4reDlKz1HE978AAAiuvJkJ0GV0+OhJU3zqzEXsvHkLArMsWTgSDuFrT+zKOU10jp6/ae7rWrQAd9++XY+FEJicmsblK4PYf/BzTMcTSKUUvPXeZ3ho120VrGn55LpOJSIiIiIiIiIiIiKqJCZAExEREc1Rr7/9qZ783NBQh8cfusuUQNzW2oy21mZsWLsS+w5+jqnpOGI10YrUta//ij765MKF7di2ZZ3+XEN9LR6+//aK1KsaLOxsw8LOtkpXI6c/+18/QWtLI37ju08iUuDoh4eOnsYPf/QKvv7Evbh1x8YS13B+k2vqIUXrK10NKrPQ2rsRWnt3patBHp270It4IgkgfY4eHR2HKgSOHD816xIMZVlGTTRS6WoQlUUkHLK171hNFG0tTVixrAs/+umrUIXAwJVrFaohEREREREREREREdH8NbuGFSIiIiIiTyYmp3D12pAeP/Sl21xHT5YkCdtvXI87br3RdXmplILu3gEMDY/6rsvk1DS6e/oxODSqJzlbDQ5ll7ty+WLfrwEA8XgCF7r7MDk1XdD8hRobn8S5C722dRNCYGh4FBe6+3D5yiAURSlrPYQQ6L98DX0DV123s5tkKoXeS5cxUGA9f+7JL+FC9wB+8DfP6gl9fmjJz6tXdGH7lrW+56fyEpMjSPUcgUhM2p9UFSiXz0AZOA0oCe/LnBqBcuk4RLL441UdvYxU7zEgFS96Wa6ECqXvCyiXzwCKtzYuktNI9RyBOtQL+Dwmy0VMDCLVexxK3wmIxFSlqzOv7T1wHED6HPz4Q3chFEx/P/3w0VOel6EoKrp7BzA8MubrtQudr1yEELjUfwWXrw46Pj8+MYnunn6Mjk14XqZ2Xhsbd+i3fJqajs/I9cW1wWF09w4gHvfWlwoh0Nt3Gf0DV8t+jUHOaqIRNDWlv2CUSilIpdz3g9/9qxkaHsWl/itQVdXzPMMjY+ju6UcylfL1Wqqq4lL/FfReuuxrPs30dBx9/VdxobsP4xPFH3tERERERERERERERPlwBGgiIiKiOejEyfP630sXd6K+LlbQcg4dOYnjX5zFxGQ2UU6WZbS2NOKeO3agob7WNP1f/f1zEEKgqbEeO7ZuwLsf7kUymTLNe+fOrVi9cgkA4Onn37QlYH3w8X588PF+x/q0tjTiyUfvNT129PMzOHz0pCkxKRQK4u7bt2PvgeN60vav/NKT+vM/ee4NjI6OQ5IkfO8Xn7C9zt/+6EUkkylEwiH84jceBQBcvjqIF155DwCwedMayJKMY5+fQSKZTob8xlcfQF1tDBe6+/DZvqMYGR23LXfFskW487ZtCAWDuNR/Ba+8/qHp+fHxSfzl3z0LAHrdjK+7ZvUy3Llzq2me7t4B7N57BCOj43risyRJaKivxU3bNmLZkoWm6bVtLkkSvv7k/XjpZ+9jYsKcCLlh7SrcetMNtvq72bB2BX755x/BX//jS/jB3zzrayRoLfl51fIu/Oq3H0coxLcolTTx0/+EVO9xQA6g7uf/FJPPfR/q2BX9ebllMeqe+r8hhWsw+fKfIHl+H6BmE76id3wHkW1PmpY58mdfAVQFgY5ViN75PUy9+t+gjmdHygwsWInord9CcMUOz/UUE0OYeucHSF08bErMlluXIrLpQYS3kWqR7QAAIABJREFUPKI/NvqDX4CYHgMCYTT+5j8AQftItckT72LytT/NrMN3EdmW7heUvhOY/ujvkbr0uWk9Q6tvQc39/xZSuMa2rMSxN5A48CKUqxeyD8oBRG/5BiI3PQVA8ryefsT3v4Dp9/8KAFD7tT9GcHF2JPVUzxFMvfkXUIf7TPNItc2ouetXEFpze3bfG0w8/fv639Gdv5CpPxXr6rUh/RyxeNECRCJhrF+7EoeOnkQimcTZ871YubzLdf5L/Vfw4acHMWo4zwQCAWzdnPsLJIXOV0rGc9rGdasxOTWFcxcu6ecvWZKwcf1q3LRtI06f7cZHuw+ariNiNVE8fP/taGrMjmpvvJb45tcexIuvvm9KvoyEQ7hu9TLcsn2T53oKIfDOB3vR0zugn+cBIBwKYdHCdtx75w7IcnpMgRdffV8f/ffBL+3E4kUdtuWNjk3gJ8++DsB8LTMxOYW339+DK1eHTAmusZooHvzSTrQ0N9qW1XvpMj7Zc9h03geAjvZWPHDfrQgX+EsMVBhj0nMgYB5nws/+tV7v1dREcOTYaX0+SZLQ0tyAu27b5tguxicm8c77e3F1cNiUEB+LRbH2uuXYunmdafo9B47h0JGTAICH778dR4+fRk/vAFQhEAoGseveWzxdpwLphOu339+DwaER0/SyJGHt9Stw87ZNtm1DRERERERERERERFQKvPtMRERENAcZR3/uWrSgoGXsP3QCew4cMyU/A+nR4a5cHcKzL75te05LxBkdHccb73xqSlrS5n33w716olKukfKcWEc2PnHqPD7dc9g2KmMymcKb7+7GiMvolkqe19VeR1Wzr2dcly9OXcCBwydMSVGTk9M4eeYi3njnU8fkZwA4d+ES3v1gr215uZims6x/X/9VvP72JxgeGTNtGyEERkbH8ea7u9FzacA0j5qZTgiBZ154y5b8DADHTpzB0eOnPdVPs3HdSnz3W4/gQne/55GgteTnlcsX4de+8zjCTH6uOKElaKkKxv/p35mSnwFAHezBxLN/iPGn/wDJs5+ZkoIBYPqDHyJ14YB5oZlplKvdmPiXPzAlPwOAcvksJp7/Iyh9X3ir4/QYxn/0u0ie/tQ2KrV67SKm3v1fiO97Vn8stPauzAslkPj8Xcdlxvc+o/8d3nBfevIr5zD+099DqucooCqQQlEgkB5JP3n6U4z97W8Cqvk4Thx9A1Nv/Lme/CyFY4AcAFQF0x//IyZf/W+e1rEgSeOxbOgPJoYw8cz/ZUt+1p6bfOVPkDj2ZklG4yZv9uzPJppvv3E9gPQXayQpnRy/9+Bxx/mAdKLha298ZEpiBgBFUbBn/zH09V0p6XylZjynHT9xBmfPm39BQRUCh4+dwnsf7bN9iQpI/6rEq298ZHpMNcz/zAtv2UaejSeSOHr8NPbsP+a5ni+99gHOnu8xnecBIJFM4vzFS3j+lff0eq+7foX+/IFDzv3Y/kOf639vWn9dul7xBJ554S0MXL4GVVUhS5KeVD05NY1nX3oH1waHTcsZuDKI1976WD/vy7IMOdNuBq5cw4/+5TVfIwVTca5eG9JHJg+HQvoxDPjfv8a2fvZ8Dw4dOWnal0IIXBscwYuvvo+pafMvHkxNx/HMC29j4Mo122jgk5PT2H/oBD7bd9T0uPH13nxnNy729OvHUkpRPF+nCiHwyusfmpKfte2gCoHjJ87i1Tc/cpudiIiIiIiIiIiIiKgozDAgIiIimoMmJrOJbM1NDb7nP322W0/W0UZtXrZ0Iaam4vjks0Po7h1AMpXCMy+8pY+QbKQKAVmScMtNN2Dlsi5c6r+K3fuO6Mm2e/Yfw657bsFDu25DMpnEwSMncf7iJQDAti3rsKQrO3qioqh48bX3ba9xdXAYH36STbTcuH41bthwHYKBAE6euYDde4+akqJKaXo6DkmSsGbVUixdshDNTQ2or4uhtaUJH368H7HaGmy9YS26Fi1AJBzGmfM9+OjTg1BVFRe6+zA1HceiznY88cjdAIDnXk4nZUbCITy06zYAQCiUewTH0bEJvPrGh3oC1uaNa7Bx/WpIAI6dOIsDh09ACIGfvfUJvvrYfabRMjXJVApr16zAlk1rMDk5jb0HjuNSfzoJ7uCRL7Bx/Wpf22XT+lX49jcfxg//6ZW8I0Fryc8rli3Er3+byc/lNPHSf4UUcN++sQd/B8GVDqMvCwU1u/41QqtuQur8Pky9/f9BJCahXD4LAAgu3oiaXf8KUFKY/vRHSJ5MjxQZ3/svCC670b48JQHIgfQyr9sJJKcR3/8c4vueAwCMP/1/oOFX/hJSjX1kS6Pxn/xHPYk6tPYuRG/7RcixRqS6j2LylT+BSExi+oMfQq5vR2jN7YhsewKJgy+l67b/OYQ3PWCu1tXzesJyaO1dkKL1EBNDGP/nf59O3g6EUfe17yOwMD1KbuLoG5h6888hJoYQ3/88Itu/CgBIXTiAqTf/HAAgNy9C7Vf/CHJdK6CmMPn6nyF54j0kv/gAytYnEOjwd2wVY+qdH+hJ6DX3/SbC6+8F5BCUq+cx/eHfInXhAEKrbkZwyQ1AKo74wZeQOPxaevp7fh3BJelRc6X69hmr81w2OTWN3r7LAICGhjq0tjQBSCdPLunqwMWefoyOjuPqtSG0tTab5hVC4PlX3tXPbZ0dbbj9li2oq42hu7cf7364z5b8WMx8Xk1Nx/E3//iC6/OxWBQ/9+T9tsdVIdDYUIf77roJQgCf7Tuqb5tTZy5CkiTcvH0jVq1YgtNnu7Fn/zGoqoqJySn0X76GzgWttmXGE0msWrEYO7ZuQDgUwsnTF7B731EIIXDo6Em0tzVj+dJFOdfn7ff36CM6x2qiuO+um9De1oyrg8N4673PMDExhWuDw3jjnU9x/723YvXKJfjo04NIplIYuHINU9Nx1ESzI82rqoqz53oApH+hQvsVjGdfekf/stD2G9djy6brAaRH6n7tjY+gCoF3P9yHrz6W/lLG+MQkXn7t/XTisyThgft26l9yO3T0JPbsP4ZkMoU9+4/hZh+jXVNuo2OT+jUqkD6eJiancfnKIM5d6NUf33LD9ab5/O5fo1RKQSgYxL137sCihe0YHhnHOx/swfDIGJKpFJ5/5V184yvZc9mzL76tJ+t3LVyA227ejFisBhd7+vHeR+nj+/CxU2ior8XaNStsr5dIJhEKBrF+3UosXtiBhoZahEMhT9ephwy/wtK1cAHuun0bYjVRjI5NYO+B4zh7vgdrr1vuZ5MTEREREREREREREXnGEaCJiIiI5iDjiIXGJByvPj95Tv/7gUxyTygYREN9LR64bydamtNJ1fFE0jTatNF9d9+M9devRDQawcrlXbj95i36c0OZkZkbG+rQ1tqMmppsHVtbmtDW2mz650RLJgKA9WtX4pbtmxCriSIcDmHjutW47ebNvtfbj4fvvx137NyKZUsWoqG+FpIkIRCQ8c2nHsI3vvIA1qxehtpYDYLBAK5fvQyLDSNxDw6OIBQK2tYvFA7pjzU21OV8/XPne/VktnXXr8COrRtQE40gGo1g25Z1+giTQgicPtvtuIw1q5bqSXAL2lvwwH079eem44mCtsvmDavxnW8+jPMX3UeC1pKfly/txK9/5wmEXZKkqUSUBERi0vWfOjnsOFt43T0Ib7gPUrQeobV3I3Lrt0zPxx79j5AbOyG3LEbswd/RR0dWBnucFgcAqLnvt9LLDNdAqm1G9I7vIrTuHr2eqYuHcq6KOnoZamb5gc41iD34O5Dr24FAGMHlW1H71B/r0yaOvw0AkOvb9YRsdegSlAHz6OZaAjYARHd8DQCQPL8vnbANILLlET35GQDCG3elXxNA4uDL2dc79mZ2Pe/5jXTyMwDIQdTc9b3sdIdfzbmOpaaOZEaBlwMIb7w/vZ8kCYH2Fah98g9R/72/ghSth9ywAHLLEsixbJ8kty5NP9ayJD0CNhVt34Hs6M5bb1hrek4bDRoAdu+zj1Z8bXBYH5W1vr4Wjz5wB5oa6xEMBrBiWRceziQmlmo+PxRFcf03Oek+uvgjD9yBluZGtLY04sEv7dRHyAWApYs7sXHdatREI9i0fjXWr11pWicnnR1tuOeOHairjaWvB9avxi2GZOATp87nXZcL3enR0mVJwlNP7ELHglbIsowFbS146vFd+ojLPb3ZX1hYvy5bt0NHTpqW9/kX5/Tz9Ya1qwCkv8SkjVRdG6vRk2MBYFFnOxZnvgg2NDyqj/Z71nDeX7ViiekXPjZvXKN/4eiLUxfyriN5d/XaEN58d7f+7633PsOnew7j7Pke/Utoa1YtxQ0brtPnKWT/Wj328F1YsrgTgUAArS2N+Opj9yGU+bLY+PiknnQ8PDKm/91QX4uHdt2GhoY6BIMBrFzepScsA+7tX5YkfOuph7Djxg1Y2NmG2liN5+tU46+e3LDxOsRqonpd7r1zB77+5P160j8RERERERERERERUakxAZqIiIhoDopGsgnFY+OTOaZ0NjiY/hnrSDhkSrDRGBM5ei5dtj0fCASwbMlC02NdixboP4k9PeWc7OHHpf6r+t87btxge37tmhV6klKphUMhLOxoc3zOOurj9HQc4xOT+iifADA8OlZ0HbSRmgFg+5b1tue3bskm1vUZtpXRDRvXmOJAQEZDfa0euyXl5LN542p8+xsP4fzFPlsStJ78vKQz5wjRVDqh63Yieuf3XP8FF61znm/N7aY40Lo0+3f7CkhRw6jicgByfTrhV0yNOldEDqRHH7aIbH9S/zvV90XOdVEuZZNHI9u/Yns+0L4ScsvizLSfZ6fNJDYDQPzA8/rfIjGF5BfpEeYDnWsgZ9ZR6TmqTxNcsT2deG34F1ya/oKFNhI1AKR6j+nrKTctNE0vknHITek+MVeCeDmErr8z/YeqYPwn/wmps3sgElP683K9c19GpacoCk6duQgACAWDtqTAluZGPamwr/8KJianTM/39mX7feN5WNOxoFVPPizFfF7JkoTNm9a4/tu2xbmPicWipteVJMl0Dr1u1VLT9K3N2dHhx8fN20azdfNa22Pr167UrweuXXNOnNaXOzGpj4a9ZHGnnnCqCQYDWLG8C0B6BOvhzBe6Nm9co1/jfGFJMj18/JS+fpsz593u3n79+SWLOzAyOm76t6gzO+L64FD6mkwbHRsAVizvss2zoL0FgPlLcFRetbEaPHL/Hbjztm2mxwvZv0aNDXW2X3CRJMn0JYBLmePaeB2+2eH47jQc30PDztefXYsW2Nq6V8bRnd98dzcOHTmpJ38DMF1XEhERERERERERERGVGn9nmoiIiGgOqo1FcTWTlzc8Moalizs9zzs9HUcylR4psq4u5jiNMSmjr/+qLaEqGg3b5pFlGbIsQ1EUCAjP9XEzkkk6kiXJNWkjGo3oo+KV0uIue1K4prt3AHsPHMPwyLieRGWljRhYDG3kbVmSEInYt3coGIQsy1BV1TG5BgCaGuttj8Vi6Z8tL7aeWzZdByEewt/9+FX84G+exW9890mcOHkBP/zRK1i6uAO/8d0nmPw8Q8Lr70VwxQ7f8wWX3GCKpWC2nQWXbrFObnreiRxrAiT7d3ADTV3638YEZyep3uzzctMix2kCzYuhDvakR7ieGIJU24zg4o2QGzugjgwgefIjiHt/C1K4BoljbwBq+jiN3vz17OsY6jHx9O/nrJOYHAECQYiJzGj4qoKxv/5V1+nV0QHX58ohvOFLiO99BmJ6DErfCUy88EcAALmxA5EdX0N4w5cc9wuV3pHjp/URfEOhIPbst4/ybDyf7Ttw3JRY2T+Q/TJLiyU5UlNXF7Od9wqdz6tIJOz4RaR8Fna02x4LBLJt0fpFKuO2cTs/Oa2fJEmI1kQwOTmNqek4VFU1jTRtZEwWdzpHph/PvkbPpQE0NdYjHAph6eJOXOjuQzKVwvmLl7B86SJcuTqEiYl0svaKZYv0dbhkeJ0TJ8/jxEn3kamHR8bQtXCBKXn79bc/cZ0eACYmp1Abq8k5DXmzdHEnvnT3zQCAiclp9PQO4JPPDkEVAhOTU6ZkX00h+9fILWm4tTn7ZbpL/VeweuUS9Bm+ENfc5NxmteNbURSMT0yirtZ8fb9qReEjNHcsaEVLcwMGh0aRTKaw58Ax7DlwTB9h/pbtmxyvU4mIiIiIiIiIiIiISoEJ0ERERERzUNeiBfpPuJ8512P6We58jElBbglGxsdl2T7KsoTyjLxsFImGkRxPQRUCQgh95EWjZDJV0LLz5f0GAwHHx8+e78Xb73+mxzXRCBob6xEJhzA+MYlrg86JyIWQMvvJS4qy07ZxU4LcbN2NN6yBKgT+4Sev4U//xz9j4MoQli7uwG/+8pNMhpkNZOd2DgAIlPCtpJ/uwlgnoTpOIlTDFw8M/Vlkx9cw9eZfAKqCxNE3ENn6GBL7nktXIdaI4Irt2fmUbN8R3vRA7joFQ3oSNQBI0XqErtvpOrkUa3J9rhykmgY0/PrfIXHsLcR3/xjqWDpZTh0ZwNSbf4HpT/4JDb/8v4EAv5BQboePntL/npyaxqGjJ3NOf/psN267ZQsCmXNOMJg97vx8wabQ+cot4HD9YJTr3OX2RSq1yPUw/nKEt2ugbB+z/cb1+rXXgcMnsHzpIuw/lB2J3vhrDaqa7b8WtLWgpiY78rVVS2bka1XNvq41OdzK7TqF/JMkSd/P9XUxrLt+BZqa6vHyzz4AALz/8X50LVpgGs28kP3rrS72x4zX4W7N363Nagod/VnzlS/fhwvdfdi994j+JbpUKj3i/emz3XjkgTvQuaC1qNcgIiIiIiIiIiIiInLCBGgiIiKiOei6VUvxyWeHIYTAtcFhDFy+hg6PiQfhcAjhUAiJZNL1J+YHh0b1vxd22kdwnAkd7S0YH0+Punf+4iWsWNZlen5oeFQfydpKS6oSQiAeT5iScVVVdU0Qy+fYiTP63w/ctxNLujr0+MDhL/ImQCsp76/b3tqE7t4BCCEwNR1HTdScXJNIJvUEnNZW78k1pbZt8/UQQuAffvKzdPLzd59ElMnP85I6OZxOLLYkTytDvfrfgYXrci4j2LUBiUOvpJc31ItA+wr76wz1AEgnIks12bYfXncPpt7534CSQGL/cwgsWAl1PD1UfmTH12DMxJbblunPRXf+AqQa51FzTQJhQElACoZRc99v5Z9+Jkkywht3IbxxF0RiEqnz+xHf8zSUK+cgJoaQPPUxQmvvykxryLBLOp8DyL+z53uRSCYBpBMQcyWoKpnzkCoEDh87jRtvSP/KwsLONpy7kD5eLl8dQmdHm23esXH7aLSFzjcbXRscQawranpMCIHpqTiA9C9DuI3+DKS/QKYZGh51nMb4+OJF2fN8c1MDmhrrMTwyhmuDIxgcGkXPpcsAgNaWJjQ01OnTtrakz+FA+ppt3fX2vsyqvr4W1wbTo0DfdssWU8ItzayFHW1Y0tWhX4d99OlB7LrnFv35Qvav0fDouOPjVwezo4Avylx/L+pcgHMXLgEABgdH0NHeYptPO76DwUBR7SbXdeqyJQuxbMlCKIqK3r7LOHzsJPoHrkEIgQOHTuChXbcV/LpERERERERERERERG74O7dEREREc1AoGMTK5dmE4Nfe+hhXrg45Tjs5NY2XfvYBnnv5Xf2xttb0CKWJZFIfzdBo/+ET+t/GJN+ZZPy58Pc/3o8RQ7JIPJ7Az3L8PHxtbfZn4bWkEc3+Qyesk3s2ZEgMt450d/rsRdf5gsF0ItzUdByTU9OeXsu4/p/tO2p7fu/+4/rfizoX2J6fSdu3rMXv/8638a9/7SlEo0x+nrdUBfHDr9oejn/2U/3v4MLrcy4i2JUdQTW+52nb80rfCajDfZlpN5ifDIQQ2fJwuirj1zD5wh+nH5cDCG+83zxpR3bU/OndP3asizrSDzGVPeYD7cv1ZafO73OcR+nPPeJvOShXzkHEJ/RYCscQWnM7ar/+/+iPJU68l32+Lps8lzyTHdGeirP3YLZPfuKRu/FL33zU9d/PP/WQ/kWdI8eyo0YvMnzh6PDRk7YRirt7BzA9Hbe9dqHzzUb7DNtZc/TzM/rI0K0tub8QFKuJIpQZMbvn0mXE4wnT88lkChcupq8bZFlGQ32t6fltW7Jf4nj+lXf1bb39xvWm6To7stcIB444X3ckEklTwmt7W7P+96d7jjjOMzQ86vk6gopz+6036sfphe4+DI+M6c8Vsn+NxsYmbNftQggcP3FWjxd2pr/IsNhwHX7w6Be2ZfVeuqwf335GmzbKdZ06Nj5p+mJkICBj6eJOPPrAnYhmvpzX13+loNclIiIiIiIiIiIiIsqHI0ATERERzVF33bYNPb0DiCeSSCZTeP6Vd7F86SJ0drSisaEeQ8OjuHJ1EOcv9ukJOkPDo2huasCm9atxKZOs8Oa7u7Fj6wYsW7IQk1PT2LPvGEYzycZ1dTE0N3kYGbUM1qxehuNfnMPVa0NIJlN4+vk30dhQh0BAxtDQqJ7s5KSttQkDl9Oju+7edwTT8TgWdrTh1NlunDh5ruA6tbc3ozcz2uPb73+GnTdvQSgYwAefHDAlaFvV1cb0xJk33vkUO7ZuQEd7KwIB9+8rrlyxGHsOHIeipH9iXAKwft0qSAA+P3kOJ06eB5BO0Lpu1ZKC16lU2tuaKl2FeSvVfwqQcnz3NVRjSiwup+n3/hJIxRG67jaIVByJAy8i+cUHAAApFEVw2Y0555dqWxDsWo9U73EoV85h4tk/RPTWb0GKNSHVewxTb/4PfdrwDQ/a5o9sfRzxfc8BAEQiPSJmeNODkELmETEj27+CxP7nIZLTSBx8CVBTiGx+BFKsEepQLxJffIjEoZcR3vIoau7+VQBAzT2/jvEf/S4AYOKFP0b0ju8itOpmQA5AvXoB8f3PIXXxEGqf+D8RXL7N8zZTrnUjeeJd1+elaH3O5U0+/32ok8OI3vxzCC7fBrllMcTUCBKHssnocn12ROBAW3ak0sTn7yKwYBVC198OKVQDyO6jFpO7K1eH9PNmU2N93iTEcDiEJV0duNjTj0QyiTPnurFqxRI0Ndajvr4WY2MTmI4n8JPn3sDtN29BXV0M3T39jl+G0V6zkPm8SqUUnD3fk3OaBe0tqKuNFfU6Xly9NoyXX/8Q27esQzgcwulz3Th0JPvFgw3Xr8y7jDWrl+HYiTMQQuDHz7yOO3beiNaWJgwOjeDDTw7o1xfXrbSfW1cs69J/RUP7NYloNGL7stjiRR1obmpIJyxPTuOnz72BnTdtRnNzA8bGJnCxpx9Hjp1CNBrBt556CABw07YNOHn6AlRVxdnzPVBVFVs2rUEsVoNrgyM4efoCzl3oxcrli3HvnTsK3obkTW2sBqtXLMGpzBfc3v94Px57KD2SfiH71+rF197HzptuwKKFCzA6No4PPzmIZDL9yyYN9bWojaW/zFdfF9NHHp+YmMKzL72Nm7dvQm2sBt29/fhsb/b43rR+dUHrmus69ePdB9HdO4CuRQuwce0qtGa+RHn+4iU98TocDhX0ukRERERERERERERE+TABmoiIiGiOkmUZX3tiF1589T2MjqVH/zx/8RLOX7zkOH3XogV6MsWSxZ24Y+dWfPDxfggh8Nm+o7YEqVhNFF/98n3lXYk8HnvoTjz9wlsYHR2HEMI0+t6Srg6MjU+aHtNs27IOn584C1UIJJMp7D2QHTFSlqScydO5bNl4PS71XYEQAt29A/jxMz/LLleWoaqq43w7b96MV17/EEA6UU77+8lH73F9rVhNFI8/fDeee/kdqKqKk2cu4uQZ8yjTsiThsYfunJGkM6pe8d0/Rq6xXaVYIxp+7e/KXg8pFIVQVUx/9PeY/ujvzU/KAdR+/b9Aqsn/hYraJ/8Q4z/+D1CunEPqwgGMXzhgmyb24O84JlNLtS0IrtiB1Lk9+mORbU841jX2yH/AxAt/BKgKEodfQ+Lwa7bpUhcP6n8HOlYjess3Mf3pjwBVwfR7f5lO+LbOc+GgvwTogVOYfO1PXZ+Xmxai/jvOy1PHrkAdT3/ZY/qTfwI++SfbNFI4hujt3zatR3DxRqR6jgJKAlNv/09Mvf0/EVyxHbWP/4HnelPWZ/uP6X9v3bzW0zzbb9yAiz39AIB9Bz/HqhXpZNsnHr4b//zMz5BMpjA2NoFX3/zINJ+WfGtV6HxeJFMpvP3+npzT3LJ9EzYWmHzpR22sBn39V/Dia/YRZ7dtWY+lSxbmXcatN92AqelpnD3fi0Qyibfes4+EvqSrA3fs3Oo4/8b1q0y/JrF54xrH6XbdcwueffFtJFMpjIyO2/YJkB1xN1YTRTgUwt23b8c7H+yBEML1mq5/4GredaTSuGXHJpw51w1VCFy+MoiBy9fQkfkFEL/71ygSDiGeSOLDTw/a5gmHQnj84btNjz3+yN14+vk3MTExhWuDI/p1pNGtN92AFcu6bI97kes6deDyIID0SNPalwCt7mFCPhERERERERERERGVSY5hwIiIiIhotquJRvDUE7tw6003oK7OngQbDAbQ3NSAh3bdhoe+dJtphLbrVy/D3bdvR3tbM2RZNi1z5fIufOXL9yIUMn+fTvspcEmWctZLlszPG5cfkM2XqMZJZctzsizj60/swpOP3ostm67Hws42bFp/HR594A48cN9OPZnL+nrhUAiPP3I3amtrTI/X1tbgkQfusCWi2OrvMjLzws42fPnBOxGLZeeXJQmdHa24547truuxqLMd9911EyKWEfJCIXNsfd2W5gY89vBd6Fq0wLQvQqEguhYuwKMP3om21mbzMqTc+6bQaWkWM4wOLQVyfEfWMPqvFPA/mqPcvAh13/wTBDquyy4rEE4n1n71+wi0m0dmda1LMILap/4LIjc+Brl1afbxQBjB5dsQ+/LvIbT2Ltd6hDdkv7gRXHYj5IYFzi+zfCsavveXCK28CQiEzetS14rsRzmaAAAgAElEQVToHd9B/S/8d9PjkVu+gbqf+68ILFhpHi1ZDiDQtgyxL/8eond9z7VuGqnIkZa1+eX6djT86g8R3vAlSGGHc8CyG1H3c/8vpEit6fHYY7+P8KYHzPs8lLtfJGeJZBJ9mV9UCIWCWLl8saf5Wpob0NRYDwAYHZvA0PAoACASCeOJR+7Bkq4OBIPZ/ROrieLu27ejs6PVcXmFzlcqTudNx8fk4m5TfeXL92JBW4vp/NVQX4sdWzfgxhuud6+f5XXvvfMmbN60Bg0NddlrG0nC/8/enUfHXd/3wv/8ZkaLkW3ZxnjBlllkhNmzQCB2CCEkNkmUtjRPE7e0t23a9El9mtvWae9pT3rb5Nzepk/Tcpt7nsvpkqf3pm1ami5pEkFiQ0JIsQGzGDCrYhliQYwxtpF3SaOZ5w+hQfs60sxIr9c5Pvpt3+/vM9b89Btb7/nMwgV1ccWla2PTTetHnOuydY0D5r1s3fBdpxcuqIuf/dgHY+2FDQO+JxER6XQ61qxeET/9f9084DXJheevio/esnHIY4zofW1z5WUXxeaPbBqxNsZn8GvRkdTUVMcl/b6/Ox56orA8me9vn/MaVsb6a6+K2tqawrZMJh2rzl0WP/Gh90RNzcB7UlUmEx/58E3ReMHqIa9Bl569KN69/m0DnpeDjXXdjfY69daPfiAuv2TtkH8TRLz582XVyuHvswAAAAAAMFVJPj/J9nYAQMU6ePDggDDHVL6Od9tw+0ZbHs/6SNvG2jfamPGayhydXZPrsFgM+Xw+Tpw8HafPnInF9QuHDSuM5OSp01FdVTWhMdOtp6cn0unhg4Ld3dn42ztaIp/PR13dvPjpj9w8why56Dh2POoXzh9xrsnVlotjx0/E4kVjd7Ttr69TYHUmEwsXzp/Q2M7Orsjl8zGvX2CGkQ0O8syU3PG51Z2z489/PCIi0ssujPk/80Yn41xP5E93RFK3OCKm+DM52xn5zlNvzDW2U9++Lbqfuy8iIup+6vORWXXpuMblO09G/vSx3sD0OAPK+ZNHIp/ridSCc8Z1/LTLZSN3qiMiIlJ1Swa+w2QE+ZNHI995MpL5Z0dSPW/M46citWDptM4/klLel6fq5KnTUV1dFVWZid2bJzuuHH313++OY8dORETEL/+nWwrbT5w8FfNqa6Z8b+977TS/bt64Xv899ezeePDhPRERse6i8+Nd7xzajX442WxPdBw7EQsX1I37tVZnZ1ecPHUmFtXPn3J4fKJKdQ+t1Ot1rO/vywdejW/d3dsluqlxTbx7Q29n/+7ubHRns2O+Oa+/7mw2Oju7puUTQMZ6nXri5KnI5fIxv27enHlOAgAAAAAweU88tW9K4yv/N10AAIxbkiSxYP5ZsWCYbtBjqTtreoNvk/HPX78nIiKuu/qKOH/NuYXt3d3Z+PY9O6PvvX4rlo3c2TKdTsWSxfVFry2dTk04/BzR28Vv6ZJFkzrn4I6AlKkkiZjr70NNpSOpW1KcuTI1kWTGF/rPnz5WCD+nFq0cd/g5IiKpqRvSKXnMMXVLphrvLq5UJlLzJ9bpN6lbPO5w+ZToOD8pk703l+M9vdiKFf7se+00Xo/vaS0sv+0tl4x7XCaTjrOXTOz1SE1NtXt/hZjM9zeit3P8RN98WJXJTNubG8Z6nTodoWsAAAAAABiJADQAwAxLkiR8CMfUHTl6LE6cOBUREfd876FIkiRqqqsilU7F6dOdhb/jVCoVG659SylLpQwVoxP85E+eisj3lO78c1jn7m8Ulmuu+akSVsIQycx2Ch1wavdliqT9pVfizJnOiIhYuWLphLr2VpJS3kNdrwynpK/rAAAAAAAomdL9hhEAYI7y+/niWLJ4Ybx7/dsK4aJ8Ph9nOrvi1KkzhWDMwgV18WMfvCGqfSQ2g5Q0/1zCoOec1pONzke/3rucro7qS24obT0MUMrrwn2ZYnl49zOF5WveelkJK5lepb2Hlu7clC/PCwAAAACAuUkHaACAGZZEEhE61xVD09rzomnteXH09WNx5GhHHH39eHR3Z2NR/YI4e0l9LDtnSalLpEz1XoclkkpH9HSX7vwzrO4n/iDyXaciOWtRaQtJIs66+Tci8vlILVwWkfLP4bKSSpfs1O7Lle3d73xrvN5xvNRlRETE265aF2fOdEYmk5nVr0FKeQ+drdfrksX18a7rej+xZOnZJb5fVqCSvq4DAAAAAKBkkrzPjQSAOefgwYOFjwme6tfxbhtu32jL41kfadtY+4rxEclTmaMnl4tstmfKNQCTl8mkI50qTcfZfPeZyJ85UZJzQ7lKaudHUlVbknO7L8PElPIe6nplOKV8TgIAAAAAMHlPPLVvSuP9zzAAwAxL+YxmKLlSXodJuqpk54ZyVcrrwn0ZJqaU14zrleF4XgAAAAAAzE0C0AAAMyxJkqJ0oQYmp+TXYCrd+wfoVeJrouQ/E6CClPp6KfX5KT+eEwAAAAAAc5cANABACaRSfkkPpVIO11+SqS51CVA2yuF6KIefC1AJyuFaKYcaKB+eDwAAAAAAc5cANABACaRSXoZBqZTD9VcOgU8oF+VwPZTDzwWoBOVwrZRDDZQPzwcAAAAAgLnL/xADAJRAKkki5aOaYcaVzbWXrooknSl1FVBySToTka4qdRnl87MByli5XCflUgel57kAAAAAADC3CUADAJRIOu2lGMy0srruquaVugIovTK6Dsrq5wOUoXK6RsqpFkrH8wAAAAAAYG7zv8QAACWSSqUi0bEMZkySJGX1MelJVU1EShdo5rBUpvc6KBPuyzCycruHul4pt+ckAAAAAAAzz/8SAwCUUCadLnUJMGeU4/WW1JxV6hKgZMrx+V+OPyegHJTjtVGONTFzfP8BAAAAABCABgAooVRK5zKYCalUKlKp8usUmWSqy6oDLsyUpKomkkx1qcsYwn0ZhirXe6jrde4q1+ckAAAAAAAzy28JAABKLJNOh0/whumTJOXdJTCpqYtI/NOMOSRJ9T7vy5T7Mryp3O+hrte5p9yfkwAAAAAAzBy/ZQcAKDG/xIfpVfbhqCQVSe38UlcBMyapnV/WoX/3ZXhTud9DXa9zT7k/JwEAAAAAmDnl+xtHAIA5JJVKCW/ANMik05FKlf8/e5JMdVl3xIViSWrqIslUl7qMMbkvQ+XcQ12vc0elPCcBAAAAAJgZ/scYAKBMpNOpSKe9PINiqbRrKqmeF0n1vFKXAdOm0p7jlfYzBIqp0p7/lVYvE+d7DAAAAADAYP7XGACgjGTSab/YhyJIpyuzG2RSU1dRAVEYr6R6XkV2OXdfZi6q1Huo63X2qtTnJAAAAAAA08tvBQAAykwmnfYLfpiCSr+Gkpq6igyKwkgq/Tld6T9TYCIq/fle6fUzlO8pAAAAAAAjyZS6AAAAhkqnU5EkEdmensjnS10NVIYk6Q3JpFKV/z7PpHpeRCod+TMnIvK5UpcDk5OkIqmdH0mmutSVTJn7MrPdbLqHul5nh9n0nAQAAAAAYHoIQAMAlKlUKhVVSSqyPT2RywlAwmhSqd6PRk+SUldSPEmmOpK6RZHvPBn57s5SlwMTklTV9HZ9TmZPcM19mdlqNt5DXa+VbTY+JwEAAAAAKD4BaACAMpYkEVWZdORyqTe62GljB/0lSfJGd8BZmpBJUpHULojI1ES+81RELlvqimB0qUwkNWfNiq7Pw3FfZjaZ7fdQ12vlme3PSQAAAAAAiksAGgCgAqRSSVSnMpHL5aKnJxc5AQ7muFSSRDqdmjMfi55kqiPJVPd2gu4+HfkeQWjKS5LORFTNi6SqptSlzAj3ZSrZXLuHul7L31x7TgIAAAAAUBwC0AAAFSSV6g0G5PL5yOVykcvldbNjzkiSJFKppPc6mKOfiZ5U1URU1UTS0x35bFfks10RuZ5Sl8VclUoXwvmRrip1NSXhvkylcA91vZYbz0kAAAAAAKZKABoAoAKlkiRS6XREOiKfz0cun498Lh/5yEc+H8IcVLwkSSJJIpJIIkklkUqSSIRj3pSuiiRdFUlNXUSuJ/I93RE92d7lfC4in4vwc4BiSZKIJBVJkopIpSPSmUjSVb3LRIT7MuXFPXR0rteZ5zkJAAAAAMB0EIAGAKhwSZJEOkkifGI0zE2pdCSpdMQbDXjFiaC03JehcrheAQAAAACgcvnvfQAAAAAAAAAAAACgYugADQCzUM/h/ZHd/0T0HHg+el57MXIdr0T+1OuR7z4TERHVmZqI2vrILzgn8otXR5yzNvIrL41YtKrElQMAAAAAAAAAAIxOABoAZonc4f3RuWd7dD/3veg59MLoB3efieg+E8nxg5H86KnC5vzihojGDZFvuiFi8epprhgAAAAAAAAAAGDiknw+ny91EeWota09Wvfu7/3a1j5kf1NjQzQ1NkRERPOmDTNdHgAUZNufjM6Hvhpdz95b3IkbN0T+qh+L5NzLIiIiSZJhv45323D7Rlsez/pI28baN9qY8SrGHAAAAAAAAAAAMBc98dS+KY0XgB6kta09WrbtGDb0PJrmjesFoQGYUbljr8bpe/8qup781vSeaN1NEdf9XCQLzokIAehizgEAAAAAAAAAAHORAHSRTDb4PJggNAAzoXP3N+P09i9Gvuv0zJywqjaSd//fEZduFIAu4hwAAAAAAAAAADAXCUAXQcu2HdGyfeeI+5saGwZ8bW1rHzUo3dTYEFu3bC5ukQDwhlN3/Wl0Pvq10pz8ig9G6sZfiwgBaAFoAAAAAAAAAACYHAHoKRop/NzU2BDNmzYUQs8THR8RsXXL5jHHA8C4ZTvjxD9/Jrr3PlDaOs67OlIf+r1IqmoKmwSgAQAAAAAAAACA8RKAnoLhwsvjDT6PZ64IIWgAiiTbGcf/4dOR/eHuUlcSERHJ6isj9eP/LSJT3bsuAA0AAAAAAAAAAIzTVAPQqSLVUXGGCyw3b1w/amC5ta09Wtvah93XvGlDNG9cP+x5AGCqTvzzZ8om/BwRkX/pycjd+YelLgMAAAAAAAAAAJiD5mwH6E9++gsD1ps3ro/mTRtGPH5wYLqpsaHQLbq/1rb2uO32OyY0NwCM5tRdfxqdj36t1GUMK7nyQ5G68dd0gAYAAAAAAAAAAMZNB+hJGNyVeTwB5cHdolvb2qNl+8745Ke/MGC+psaG2Lpl85CxI3WOBoDRdO7+ZtmGnyMi8k/eGfmnt5W6DAAAAAAAAAAAYA5Jf/azn/1sqYuYSYM7OUfEkMDycFrb2uPw0WMj7ouIaFq7JiIizl5SP2B7RMThIx3xzmsun1TN0yGfz8ehQ4eitbU1du3aFffdd1/s3bs3jhw5Et3d3VFbWxtVVVWlLnNadXZ2xj333BN79+6N2traWLhwYalLAhggd+zVOPlP/yWiJ1vqUkaVb388Upe+L6L6LB2gAQAAAAAAAACAMR189eiUxmeKVEfFat64flzHbd2yeUCn58Eh6pbtO6Np7ZpoamzonXfThmhtay+EoMupA/Trr78eX/rSl+LVV18dsu+xxx4rLL///e+P9773vZFOp2eyvBlz6tSp+O53vxsREQsWLIjVq1eXuCKAgU7f+1eR7zpd6jLG1n0menb8n0hv+q1SVwIAAAAAAAAAAMwBqVIXMNMGB5ebN20Y99jmTRsKf7Zu2VwIOxfm7heQHm7ucghB7927N/7kT/6kEH6ura2Niy++OK655pq48MIL46yzzioce/fdd8cf/dEfxYEDB0pVLsCclW1/Mrqe/Fapyxi3/LP3RP5HT5e6DAAAAAAAAAAAYA6YUx2gBweQx9v9eThNjQ2xdcvmuO32OwZ0eW5tax8SjO7Tsm1HbN2yedLnnKpsNht/8zd/E9lsNiIiPvKRj8Q111wTqdTAHHxHR0f8y7/8Szz//PNx/PjxyOVypSgXYE7rfOirpS5hwrof/pfoqr+gsJ4kyaCvbx6bRP+VZMiY8a6PtG2sfaONGa9izAEAAAAAAAAAAEzcnOoA3bp3/4D1prVrpjznkC7P/c7R1NgwYhi6FJ566qlC+HnTpk1x7bXXDgk/R0TU19fHL/3SL8XHP/7xWL9+faxatWqmSwWY03oO74+uZ++dkXMlmZqizZV64YFIOl4u2nwAAAAAAAAAAADDmVMdoAcrRji5qbEhmjeuj5btOyNiaCC6v8EdqGfawYMHC8tXXnnlmMevW7cu1q1bN50lATCMrj3bZ+Q86eVrY8HP/s84+e+fi+62h4oyZ1Xbzshdc2tEvNnleXAn6PEuj2d9pG1j7dMBGgAAAAAAAAAAKtecCkBPVwC5edOGEYPPTY0NJQ8+9+kf1Orq6prSXPl8Pp555pl44IEH4tVXX42urq5YsWJFnH/++XHjjTdGTc3wHUU7Oztj165dsX///njllVfi6NGjsWTJkli5cmXcdNNNsWzZsiFjHn300XjxxRdjwYIFsXHjxnj99ddj586d8dRTT8WJEyfiM5/5zIDztba2xs6dO+PgwYNx8uTJWLp0aaxevTquuuqqaGxsHPExnT59Oh577LFobW2NH/3oR5HJZGLlypXxnve8J9asmXq3cIDx6n7ue9N+jvSKi2LBz34xult3RPe+h4s2b+qFHYUANAAAAAAAAAAAwHSYUwHouW7FihWF5a997Wvxq7/6q5FOpyc119///d/Hnj17Bmzbt29f7Nu3L3bu3Bmf+MQnoqHhzQ7b+Xw+7rzzzrj//vsjl8sNGPfKK6/EK6+8Ert3746Pfexj8fa3v33A/meeeSb27NkT8+fPj7q6uvj6178+YH9HR0chOP3Vr341HnnkkQH7X3rppXjppZfiwQcfjEsuuSQ++tGPRl1d3YBjTp06FV/84hfjyJEjA7YfPnw4nnrqqfjxH//x2LBh5O7eAMXSc3h/9Bx6YVrPkV7R9Eb4+f44+c3PR+RzYw8aryP7I3n95cgvWlW8OQEAAAAAAAAAAPoRgJ5DLrvssjjrrLPi1KlTsX///vjc5z4X73vf++Kqq66K+vr6cc/z9a9/vRB+bmpqiuuuuy7mz58f7e3t8a1vfSvOnDkTf/3Xfx2///u/H5lM71MsSZLYvXt35HK5SKVS8da3vjXOPffcqK+vjwMHDsS9994buVwu/vVf/zUuvfTSmDdv3pDznjhxohB+Xr58eaxduzaWLl0a8+fPj4iIO++8sxB+rq2tjXe84x2xfPnyOHz4cDz99NNx8ODBePbZZ+PEiRNDAtB33313RESsWrUqrrrqqqirq4sXXnihMN83v/nNeMtb3jJkHECxZfc/Ma3zp1de3Bt+fv4/ih9+fkNy4GkBaAAAAAAAAAAAYNoIQE+z1rb2UpdQkE6n4zd/8zfjb//2b6O9vT3OnDkTLS0t0dLSEvX19bFu3bpYt25dNDU1RVVV1bBzPP7447Fjx46IiLjhhhviQx/6UGHf+eefH1dccUX88R//cZw5cybuu+++uOmmmwr7b7nllnjttddi/fr1UV1dXdh+5ZVXxurVq+PLX/5yZLPZePbZZ+Ntb3vbsOfPZDLxi7/4i3HRRRcN2L579+647777IiJi9erV8YlPfGJAiPrmm2+Oxx57LH7wgx/E8uXLh537ve99b9x8882F9WuuuSaWLVsWd911V+RyudizZ09cd911w44FKJaeA89P29zpc9fFglu/GN3Pf3/aws8REclreyNi47TMDQAAAAAAAAAAkCp1ATOpedOGAeszEU7uf46mxoZpP99Y6uvr41Of+lQ0NzfHggULCts7OjrioYceii9/+cvxmc98Jv7u7/4uTpw4MWT8M888ExG9HZb7h4X7LFq0qBASfuKJgV1ML7/88njPe94zIPzc59JLLy0sv/baayPW39zcPCT8HBHx/e9/v7B86623DttB+m1ve1t87GMfG3beRYsWxaZNm4Zsf+c73zmuugCKpee1F6dl3syqS2ck/BwREUfL580/AAAAAAAAAADA7DOnAtCDtWzbMa3zDw5Yl0MAus+73/3u+K//9b/Gb/3Wb8UHPvCBuOCCCyKVevPpsGfPnvjDP/zDePTRRweMe+GFFyIi4uKLL44kSSKXyw35c95550VExJEjRyZUU18w+ujRoyMec/XVVw/Zls/n4+WXX46IiAsuuCDOPvvsCZ03IuKSSy6JJEmGbK+pqSn8vXR0dEx4XoCJynW8UvQ5M6sujfm3/o+ZCT9HRHL80LTODwAAAAAAAAAAzG2ZUhcwkwYHkKe7A3Tr3v3TOn8xLFu2LJYtWxY33nhj9PT0xL59++Luu++OF198MXK5XPzTP/1TrFixIlatWhWdnZ2FEPATTzwxpMPzYF1dXdHT0xPpdLqw7Qc/+EE89thj8fLLL8eRI0cim81GLjcwiJfP54edL5PJDNs9+vjx4wMez2QsXbp0xH2ZTCa6urqG1AkwHfKnXi/qfOml58X8W/88up+7b0bCzxERcaa4jwEAAAAAAAAAAKC/ORWAjugNQfcPPrds2xHNmzZMy7latu8csD5d5ymWdDodF110UVx00UVxzz33xPbt2yMi4uGHH45Vq1bFqVOnCsdmMpk499xzx5yvv6985SsDQtOZTCYWLVoUNTU1kclkor19coH0/sHkmpqaSc3Rv/s1QCnlu8+UuoSp6+4sdQUAAAAAAAAAAMAsNucC0M2bNsRtt99RWG/ZvjOa1q4Z0h16qlq27Rh43o3rizr/dLv++usLAejXXnstIiIWLVpU2P/2t789PvKRj4x7vsOHDxfCz6tXr44Pf/jDccEFFww45nd+53cm1WV50aJFkclkIpvNFmoFoFfPaz+ME1/5jZh/6/+IuoiZ6wINAAAAAAAAAAAwTeZc29umxoYhYefBYeWinGftmgHr5dD9OZfLxdGjR8d9bJ+6urqIiEiSJOrr6yMi4vnnn5/QuR9//PHC8i233DIk/NzR0TGp8HOfhobe7+nevXsjm81Oeh6AUkuqaos+Z/blZ+LEV34zqi5+d9R9+Hcjkmm+/VdNrhs/AAAAAAAAAADAeMy5AHTLth3R2tY+YFtrW/uArtDF0NTYEM0b10fzxvWxdcvmos49Wbt27YrPf/7z8Y1vfCO6urpGPfbrX/96YfnCCy8sLF955ZUREfH666/Hgw8+OOL4J554Ijo6Ogrr/UPJr7766pDj77rrrrEfwCj6auzq6orvfOc7wx5z8uTJePrpp6d0HoDplpy1aOyDJiH78jNx/Cu/PjMh6NrpeQwAAAAAAAAAAAAREZlSFzCTWrbtiJbtO4fd1xeCLmZYuRy6Pvd33333RUTE/fffH7t27Yrrr78+li9fHsuXL48lS5bEiRMn4sCBA3HvvfdGe3tvSLy2tjauvvrqwhw333xzPPzww3HmzJn4t3/7tzh48GC8613vKox/6aWX4tvf/nYcOHAgrrvuuvjJn/zJiIi44oorCsHkO++8M2pra2PdunVx5syZuOuuu2L37t1TemzXX399PPLII9HR0RHf+c534siRI3HDDTfEsmXL4siRI/HMM8/Et7/97YiI+IM/+IOYN2/elM4HMF1S9Ssi9/qBaZm750fPxfG//8+x4Ge/GHURcfKbn4/IT777/kjyC84p+pwAAAAAAAAAAAB95kwA+rbb7xjS+bmpsWHAtta29vjkp7/Q27l5AuHlvjmaGhuKU+w0+bVf+7X4xje+Ebt37x61U3Kf1atXxy/8wi9EOp0ubKuqqoqPf/zj8aUvfSm6urpix44dsWPHjmHHJ0lSWD733HPjqquuiieeeCJOnDgRX/7ylwccu3Llyjh06NCATtETcdZZZ8WnPvWpuO222+LUqVOxe/fuYUPVmUwmOjo6BKCBspVeen5kfzi1N4WMpufA83H8794IQX/4d6cnBL24vO+HAAAAAAAAAABAZUt/9rOf/Wypi5hOrW3t8eU7vjVs+Hnrls3DdoRubWt/c3uSxNlL6oc95vDRY/HlO74VLdt3xgMPPxVNa9cMe2y5qK6ujiuuuCIuvfTSOHHiRPT09ERnZ2fk8/kBxzQ0NMS73vWu+OhHPxo1NTVD5lm0aFFs2LAhTp48GUePHo3u7u7CvkwmE+edd1783M/9XFx77bUDxl155ZWRTqfj4MGD0dXVVTh+3bp18fM///Oxc+fOyGazsXLlyrj88ssL45588sl49dVXo7q6Om688cYRH19NTU1cddVVcfz48Th48OCAffPnz4+rr746fvmXfzkWLVoUERFnzpyJ+++/PyIiLr/88li9evWw837ve9+LbDYbq1atiiuuuGLE8wMUQ+7E4ehuvX9az5E/cTi69+2KeTf+SqSXnhfdrTsiIj/muHHPf+kHIn9OYyTR+0aYvjfE9H9jzHiWx7M+0rax9o02ZryKMQcAAAAAAAAAAMxFh48em9L4JN8//TrLtGzbMWzAua/D80j7RzK4Y/Rw+7du2TypWkvp2LFjcfLkyVi0aNGkOiNns9l47bXXYsGCBVFXVzeuMadPn44TJ07EOeecM+HzjUc+n49jx45FV1dXLFq0KKqqqqblPADF1nN4fxy7/adn5Fzp5Wtjwc/+zzj575+L7raHijZvz+a/jPyiVQLQAAAAAAAAAADAsFr3jZzHHY9MkeooOyOFm7du2RxNjQ3D7m/euH7UQPRo4eeI3gB0JVq4cGEsXLhw0uMzmUysWLFiQmPmzZs3qbD1eCVJEvX15duNG2Ak6bPXRPqcC6Ln0AvTfq6eg3uj44u3RD7bWbxJl6yJ/KJVxZsPAAAAAAAAAABgkFkZgL7t9juGhJWbGhuiedOGUcPPzZs2TLozdN/cADBVVeveMyMB6Igobvg5InIXbCjqfAAAAAAAAAAAAIMl+Xw+X+oiimmk8PPWLZsjoreL82233zFgf1/4ebDWtvZo3bu/sDx4zqa1a4SeASi63OH90XH7T5e6jEnp2fyXhQ7QSSS9X5OBX8e7PJ71kbaNtW+0MeNVjDkAAH/SRCkAACAASURBVAAAAAAAAGAuat3XPvZBo5hVHaCHCz8PDje3bNsxYH9f9+bhNDU2CDgDMONSZ6+J6ktujK5n7y11KROSv/BdhfAzAAAAAAAAAADAdEmVuoBiGW/4efAxfZ2hAaCc1Fz70VKXMGG5Kz5c6hIAAAAAAAAAAIA5YFYEoMcbfm7ZvnPAMcLPAJSrTMOVUX3lB0pdxrjlmt4b+RWXlroMAAAAAAAAAABgDqj4APRIXZ3HCj83b1wfTY0NM1IjAEzGvBt/JZLqeaUuY2xVtZF7x38qdRUAAAAAAAAAAMAcUfkB6DGCza1t7cMe0z8gDQDlKLVwWczb+OulLmNMPe/8RETd2aUuAwAAAAAAAAAAmCMqPgDd3+Bgc2tbe9x2+x0DjmlqbBB+BqBi1Lz1w1Hz9ltKXcaIcpd+IHLr3l/qMgAAAAAAAAAAgDlkVgWgW9vaBywPF37eumXzTJcFAFNy1gd/K6rWvrPUZQyRb7g6et71q6UuAwAAAAAAAAAAmGMypS5gqpoaGwrB59a29mjZtiNa29oHhKH7jhN+BqBSzf+p/x7H/+HTkf3h7lKXEhER+XOviOz7f6fUZQAAAAAAAAAAAHNQxXeAbt60YcB6y/adws8AzD6ZmljwM39WFp2gcw1vj+5Nvx+RqS51KQAAAAAAAAAAwBxU8QHopsaGaN64ftT9ws8AzAqZmpj/038aNW+/pWQl9Fxyc2RvFn4GAAAAAAAAAABKJ1PqAoqhrwt0y/adA7dvXD+kQzQAVLqzPvhbkV55cZze/sXId52emZNW1Ub2ul+OnovfF8nMnBEAAAAAAAAAAGBYST6fz5e6CABg4nLHXo3T9/5VdD35rWk9T89FN0b27bdGzF8aERFJkgz4OmC5/7ZIxj5+lOXxrI+0bax9o40Zr2LMAQAAAAAAAAAAc1HrvvYpjReABoAKl21/Mjof+mp0PXtvUeftOX99ZC/7UORXXBoRQ4PMAtAC0AAAAAAAAAAAMBkC0ABARET0HN4fXXu2R/dz34ueQy9Mao7cotW9wecLr49YtCoiRg4+C0ALQAMAAAAAAAAAwGQIQAMAQ/Qc3h/Z/U9Ez4Hno+e1FyPX8UrkT70e+e4zvQdkaiJfUx+5+UsjV78qcksbo2fZJZGvP3fMwLMAdPHmAAAAAAAAAACAuUgAGgCYsB+++NKEg84C0MWfAwAAAAAAAAAA5qKpBqBTRaoDAAAAAAAAAAAAAGDaCUADAAAAAAAAAAAAABVDABoAAAAAAAAAAAAAqBgC0AAAAAAAAAAAAABAxRCABgAAAAAAAAAAAAAqhgA0AAAAAAAAAAAAADBjkmRqYwWgAQAAAAAAAAAAAIAZU5XJTGmsADQAAAAAAAAAAAAAMGPmzaud0lgBaAAAAAAAAAAAAABgxtTPr5vSWAFoAAAAAAAAAAAAAGDG1NZWR/3C+RMeV79wftTWVgtAAwAAAAAAAAAAAAAza/nSxVF3Vu24j687qzaWL10cESEADQAAAAAAAAAAAADMvFUrzhlXJ+j6hfNj1YpzCuuZ6SwKAAAAAAAAAAAAAGAky5cujvr5ddFx4mScPn0murPZiIioymRi3rzaqJ9fF7W11QPGCEADAAAAAAAAAAAAACVTW1s9JOQ8mtQ01gIAAAAAAAAAAAAAUFQC0AAAAAAAAAAAAABAxRCABgAAAAAAAAAAAAAqhgA0AAAAAAAAAAAAAFAxBKABAAAAAAAAAAAAgIohAA0AAAAAAAAAAAAAVAwBaAAAAAAAAAAAAACgYmRKXcDRo0dLXQIAjGnx4sWlLgEAAAAAAAAAAIDQARoAAAAAAAAAAAAAqCAl7wCtoyYAAAAAAAAAAAAAMF46QAMAAAAAAAAAAAAAFUMAGgAAAAAAAAAAAACoGALQAAAAAAAAAAAAAEDFEIAGAAAAAAAAAAAAACqGADQAAAAAAAAAAAAAUDEEoAEAAAAAAAAAAACAiiEADQAAAAAAAAAAAABUDAFoAAAAAAAAAAAAAKBiCEADAAAAAAAAAAAAABVDABoAAAAAAAAAAAAAqBgC0AAAAAAAAAAAAABAxRCABgAAAAAAAAAAAAAqhgA0AAAAAAAAAAAAAFAxBKABAAAAAAAAAAAAgIohAA0AAAAAAAAAAAAAVAwBaAAAAAAAAAAAAACgYghAAwAAAAAAAAAAAAAVI1PqAgAAmBmpVBKpVBJJKokkiUiS5I0/pa4MAAAAAAAAAJjt8vmIfD7/xp+IfC4fuTf+wEQJQAMAzFJJkkQ6nUQqnYp0KokQdAYAAAAAAAAASqSvWduQAEM+oieXj1xPLnp6egPSMBYBaACAWSaTSUU6k4pUSuIZAAAAAAAAAChzSUQ6nUQ6nY6qiMjl8tGTzUU2myt1ZZQxAWgAgFkgSZLIVKUik0mVuhQAAAAAAAAAgElLpZJIVaejqjod2Wwust05XaEZQgAaAKCCCT4DAAAAAAAAALNVJtObiRCEZjABaACACpWpSkVVVbrUZQAAAAAAAAAATKu+IHR3d09ku3OlLocyIAANAFBhUqkkqqrTkUolpS4FAAAAAAAAAGDGVFWlI51ORXdXT+RyukHPZT4rHQCggmQyqaipzQg/AwAAAAAAAABzUiqVRE1tJjIZEdi5bNZ2gG5ta4+IiJZtOwasT0VTY0M0NTZERETzpg1Tng8AYCKqq9OR9uIdAAAAAAAAAKDw6dldXT2lLoUSSPL5/KzrAX7b7XcUJfA8luaN6wWhAahIP3zxpUiS3g7CU/06YLn/thjH8aMsj2d9pG1j7RttzHgVY46JnKu6Jq3rMwAAAAAAAADAILlcPro6e2IWxmEZxazqAN3a1h633X7HjJ2vZfvOiNANGgCYPkkqiZrqdCTCzwAAAAAAAAAAQ6RSSdTUpKOzqyfyOSHouWLWdIBu2bajEEjur6mxYcDXqWhtax+2s3RTY0Ns3bJ5yvMDwEzRAboyOkAnb7xAn8lu0wAAAAAAAAAAlSifz0dnpxD0XDFrOkAPDj83NTZE86YNRQk+DznXoLB1a1t7tGzboRM0AFA0SfJG52fhZwAAAAAAAACAMfVlLTo7e2KW9AZmFKlSF1AMLdt2DFhv3rg+tm7ZPC3h54iI5k0bhnR8btm+c9ju0AAAk1Fdk44kJfwMAAAAAAAAADBeSSqJ6pp0qctgBlR8ALq1rX1AN+bmjetnpBNzU2PD0BD0oCA2AMBkVFenIyX8DAAAAAAAAAAwYalUEtXVQtCzXeUHoPfuH7A+E+HnPk2NDdPWZRoAmJsymVSkMxX/Eg0AAAAAAAAAoGTSmVRk5C9mtVn13R0tjNza1j7peUcb2z9wPZVzAACkUklUeQciAAAAAAAAAMCUVfkE7lktU+oCpqp/6HikAPRtt99ROG7rls0DjmvZtiNatu+MiIjmjeuHdJAebexI9egKDQBMhvAzAAAAAAAAAEDxVFWno/NMttRlMA0qvgP0WF2XW7btGHBMy7YdA/e/EX7uWx587GhjI3pD1/0Dz61794+/eACAN2SqUt51CAAAAAAAAABQRKlUEpmqio/KMoyK7wA9lqa1ayL6hZwHd2duamwYsYv0WGMHz9HU2DCkg3Sl2PvCS/HUs/siIuItl18U569ZWbS5H3j4qTh46EhERFx/3VVx9pL6os09mn+/6/vRne2JiIhLLjovLr/kwhk5LwBMVJIkUVWl+zMAAAAAAAAAQLFVVaWjJ5uPfD5f6lIootkfgG5siOaN66Nl+85hA8rNmzZE69790drWPmTfWGP7z1Gpwec+X77j23HotaMREfHUs/vi9z79C0Wb+577HomXDxyKiIjzGlbMWAB6+70PRy6Xi4iIfC4nAA1A2fJOQwAAAAAAAACA6ZOpSkV3V0+py6CIZn0AOmL0gHJTY8OInZ3HGjtb/GDfS4Xwc0TESz86FD9sfyXOa1hRwqoAYG5IkiQyGQFoAAAAAAAAAIDpksmkItud0wV6FpG2Ie7cvnPItpZhtlWaq9+yLi5bd0Fctu6CWLNamBuA8qT7MwAAAAAAAADA9JPRmF3mRAfo6dLa1t77de/+iIiK7BR96PDr8dwPfhgREalUKtKpVHRns7HnmbY42nE8FtcvKHGFk/fxWz9U6hIAYEy6PwMAAAAAAAAATL9MJhXdXT2lLoMimRMB6Na29mjZtiOaGhuGhJT774sYX4i5b0xfALpPX9fk5o3rKyYM/a17Hiwsv++GqyOdThW2bf/urvjYLTeVqjQAmPWEnwEAAAAAAAAAZk4mk4psNlfqMiiCORGAvu32OyKiN7jc2tYeW7dsLuxr3bu/sD1i7AB0y7YdhaDziMf0BaHLPAR96vSZePCRpwvr77vh6oh4MxR9387H4yc++O6oqakadZ5sT0888PBTsePBJ+PQkY7IpFNx8do1cenFF8S1V1824rhXXj1SONfK5Uti443XxvcfeDyefnZf7H3h5ViyeGFctu6CeOc1l8fK5WdHRO/3cPeTrfHUcy/EmTOdcc7SRfHOqy+P69951ZD5v/2dB+PAwSOFx9awatmw5735puvikcefi6ee3Retbe3R3Z2Nc5Yuirde0RTvu+HqSJJkXH+fADBRaQFoAAAAAAAAAIAZkxaAnjVmfQB6cJfmvk7PI+0fa66xws99WrbvjKa1a4acr5x87/7dkcv1XshXXrY2Fi6oi4iIt1xxUTy+5weRy+Xi+w88Hu9/zzUjzpHP5+P//et/jed+8MMB23c99mzseuzZaG1rj1w+P+zY1zuOx0OP9gawV65YGm0v/ij2PNNW2P/ygUPx8oFDce9/PBb//fd+JZ58pi3+/qvbBsxx/MSp2Pfij+IH+9rj47c2D9j3yOPPxUs/OhQREVddvrYQgO5/3lUrz4mOYyfj3vsfG3beh3c/G7/7Gz8nBA1A0SVJEqmU+wsAAAAAAAAAwExJpZJIkiTyI+QaqRyzvu1gU2PDqCHk/vuaN64fda6WbTsGrDdvXB9bt2yOv/iz346/+LPfHjK+r/N0OcrlcrHt3ocK6x9833WF5Zvfe21h+dvffWjUC/0f/vXuAeHnebU10dTYEOcsXRwRETt37YkDr7w2Zj0HXnkt9jzTFqlUKlafe05UZd7M5ndns/G5L/zvQvi5fmFdLD9n8YDxux57NtpffnXM8wz28oFDhfDz0iX1Q+bd/9LBeODhpyY8LwCMJZ0WfgYAAAAAAAAAmGkyG7PDrO8AHRGxdcvmaG1rHzYI3bxpQzRv2jDi/j6tbe0DukU3b1wfzZs2DJmrae2aAcHnseYtlYcefSY6O7sjImLFsiVx/pqVhX3nr1kZK5YtiVdePRInT56Ox55sjbdfdfGQOZ5+7oX4jweeKKx/4H3XxY994Pro+9Gw94WX4ot/8c/Rnc2Oq6bF9Qvitz/1M7Fk8cLI9vTE9u/uim98+/6IiDh58nRERHzkw+8pdKQ+cPBw/On/+sfCvgcfebrQ5Xkiamqq4j9/4qei8YJVERFx6LXX4/b//bVCcPv7Ox+P9e+4YsLzAsBoUulZ/z40AAAAAAAAAICyk0qnIrK5UpfBFM2Z5M1YIeSx9rfu3T9gfXD4uf88/eca3DW6XNx1z4OF5Ztvum7I/v7b7rr7gWHn6N/5+YI1K+PH+4WfIyLWXrA6PvaTN427pl+89UOxZPHCiIjIpNPxgfddF6nUm0/RC9asLISfIyJWLj873rP+LYX1V187Ou5zDTjvz3yoEH6OiDhn6aL4yQ+9u7B+6EjHpOYFgNGkU95NCAAAAAAAAAAw02Q2Zoc5E4AupnLs6DwRrW3tceiNsHBNTVW8422XDDnmmrdeEjU1VRER8fKBQ/Hi/gNDjtm776XC8vtvfMew51p/zeXjqimVSg35e02SJBbVzy+sv/XKpiHjzlm6uLD8eseJcZ1rsKsuv2jIthXLzy4s93WYBoBiSaWSCK+lAQAAAAAAAABmXvJGdoOKNmcC0K1t7SN2Yx5tX/9jxqvcA9J3bt9ZWD5v9Yp4+vkXY8+z+wb8eab1xVi2dMmwY/r88KWDheXl5ywesj+iN9hcv7BuzJrqFwx/TE1NdWF56dmLhtlfVVjO5Sbekn5x/YJh82c11VXDbAWA4vAiGgAAAAAAAACgdGQ3Kl+m1AXMhE9++guF5aa1awYElFu27YiWN8K9rW3tsXXL5mHnaN60IW67/Y7Cca1t7SMGnVv6hYXLLQx98NDReH7v/sJ632MZy55n98WRo8diyeKFERGRH7Q/nU6POLYqM/bTLBnHD5N0qvh5/fGcFwCKzf0HAAAAAAAAAKB0ZDcq36zvAD043Du403P/sPJ4w8DDzTPW9nKx7bsPTXrs9nt3FZaTiFi5/OzC+uEjHSOO6zh2ctLnBIDZKPEaGgAAAAAAAACgZGQ3Kt+s7wA9uAPzcOv9Q88jdWxuamyI5o3rB3SL/uSnvxDNG9cXjhkcoG7euD6aN22Y8mMolpOnzsTOXXsK6z/70U2xuH7BqGOOvH4svvLP2yMi4vsPPBG3fOiGqKmpioiIC88/N14+cCgiInY+/FRctu6CIeP3vvBSdGezxXoIADArJF5FAwAAAAAAAACUjOxG5Zv1AeiIKISUm9auGRJw3rplc7Rs2xGtbe1jhpWbN20YEnLu30F6uOPLyb33P1ZYXrliabzr2ivHNe479z0Sr7x6JHK5XNy3c3dsvPEdERFx0YWr4z8eeCIiIh59/Lm4/torY13TeYVxZzq74iv/cncRHwEAzA5eRAMAAAAAAAAAlI7sRuWbGwHocQSbx6svMD1a8LmpsaHsws89Pbm4+3u7CusfuOnacY+9+abr4v/8410REbHt3l3x/vdcE0mSxNVvuSTu/Y/H4oX9ByIi4s//8qvxjrddGheetzI6jp+M+x98Mo6fOFXcBwIAs4DX0AAAAAAAAAAApSO7UfnmRAC62PqHm/uC0H2dpZs3bRjSZbocPPTo09HZ2R0RETU1VXH1W9aNe+w1b70k/vHf7o7Ozu44efJ0PPrE83H1W9ZFKpXEr3/yo/G5/+dv4mjH8YiI2PXYM7HrsWcKY89ZujhSScTBQ0eL+4AAAAAAAAAAAAAAmJMEoCepLwRdbp2eR/Kd7z9aWH7fu6+OVCo17rHpdCree/3b41v3PNg7132PFALUtTXV8V9+/db4p699Jx7f84PCmHm1NXFJ03lx609tiv/1//1rxBgB6KpMeiIPZ8JGmn+6zwsAAAAAAAAAAABAcSX5fD5f6iKm4pOf/kJhuXnj+mEDyS3bdhQ6NW/dsnlAh+aWbTuita09WtvaRxzP+ORyuTh85Fik06lYsnhhqcsBYBQ/fPHlSN74LI+pfh2w3H9bjOP4UZbHsz7StrH2jTZmvKYyx7yzvAcNAAAAAAAAAKCUTp/KlrqEOW5q8eXxtwGuUK1t7YXwc0Rv4Hnw/ta29t5923cWlicyf/855rJUKhXnLF0k/AwAAAAAAAAAAADAtJlz7Qf7d3+ezP7WtvZCiHqk0HNTY0M0NTboJg0AAAAAAAAAAAAARVbxHaD7B5aHCyQ3NTZE88b1heWmtWsG7O8fUu47biQt23bEbbffMWbH576u04O7TQMAAAAAAAAAAAAAU5Pk8/l8qYuYir5AckRvwHnrls3Tfp6J2rpl85idpQFgJv3wxZcjSZKIiCl/HbDcf1uM4/hRlsezPtK2sfaNNma8pjLHvLPm3IdwAAAAAAAAAACUldOnsqUuYY6bWny54tM3zZs2xG233xERUejMXOywccu2HUPCz02NDYXu0X3n6+v43LJ955Dx0xXMBgAAAAAAAAAAAIC5pOID0IMVO2zc2tY+JNA8UkfnvkB086YN0bJtR2Fca1t7tGzbUdgPAAAAAAAAAAAAAExOqtQFTFVTY8OAMHJf2LhYBs/VvHH9uDpMN2/aMOC4lu07h3SRBgAAAAAAAAAAAAAmpuID0BExpONzy/adRQtB9w8tN29cP6Euzjo+AwAAAAAAAAAAAEBxZUpdQLFs3bI5brv9jsJ6y/ad0bJ955AO0aMZHFge3LG5ae2aCdXUd+6+eVq27RgS1gYAAAAAAAAAAAAAxm/WBKCbGhuieeP6aNm+c8D21rb2IUHmkbS2tQ8IKLfu3T/kHAAAAAAAAAAAAABA6aRKXUAxNW/aEH/xZ/8/e28eZ1dx3fv+6vTpSa0BCSQhq8VgMGAwGAmMBAZjbDwFh3iA3JdnZzKQmzijk5fhxnlO8nKT5zjDTezgDJbs6ynBxjixsY1xPOBgQICRcBgCZhKohZARmlqtHs7pU/ePs3fttVbVPud0q6VWi9+Xz3GdvXftqvWrVXs3WKt/+m289Y0XTev+VoXS0x1Tukp3WohNCCGEEEIIIYQQQgghhBBCCCGEEEIIIYSQFx+NhsdErY7RsXHsPzCKffsPYO/wCPbs2489+/Zj7/AI9u0/gP0HRjE6No6JWh2Nhp/tsAk57Bw1DtCSt77p1Tjt1BOCg3MnLtCnnbJKFSsDwGmnnoC3ZvefduoJ04old6b+4RNb6SBNCCGEEEIIIYQQQgghhBBCCCGEEEIIIYQQhffNoueJWh2Tk5Nt+3rv0WgAdUwCqAEAurq60NNdRU93Fc65wxA1IbOL896z9J8QQgh5kfH0lm3hX3YPtlXf5Tl00L/F906Oy861uzYT/6J/MGP0zzsqfweNEEIIIYQQQgghhBBCCCGEEEIIIVOg0fAYn5jA+ERtRsft7elGb08PKhUWQrdi9EB9tkN4kXNw5cusviGEEEIIIYQQQgghhBBCCCGEEEIIIYQQQgg5jIyNT2BsfOKQjD0+UcP4RA19vT3o6+05JHMQMtuwAJoQQgghhBBCCCGEEEIIIYQQQgghhBBCCCHkMDA52cCBsXFMTk4e8rnGxidQq09iXl8vuroqh3w+Qg4n3NGEEEIIIYQQQgghhBBCCCGEEEIIIYQQQgghh5iJWh3DIwcOS/FzzuTkJIZHDmCiVj9scxJyOGABNCGEEEIIIYQQQgghhBBCCCGEEEIIIYQQQsghZHyihgOjY7M2/4HRMYxP1GZtfkJmGhZAE0IIIYQQQgghhBBCCCGEEEIIIYQQQgghhBwixidqGB0bn+0wMDo2ziJoctTAAmhCCCGEEEIIIYQQQgghhBBCCCGEEEIIIYSQQ8BErX5EFD/njI6NY6JWn+0wCDloWABNCCGEEEIIIYQQQgghhBBCCCGEEEIIIYQQMsNMTjZwYHRstsOIODA6hsnJxmyHQchBwQJoQgghhBBCCCGEEEIIIYQQQgghhBBCCCGEkBnmwBHk/Gw5kmMjpBNYAE0IIYQQQgghhBBCCCGEEEIIIYQQQgghhBAyg4yNT2BycnK2wyhlcnISY+MTsx0GIdOmOtsBEEIIIYSQuUuj4TE2PvXfCu2qdKG3t/sQRHTosH8tUXd3Fd1V/ut0GePjNUw29H/Mz+vvO2zz7x8Zxb7hEfT2dOPYJYsO27xHEy/s2otPf/5Wde7sM0/B619z3ixFRAghhBBCCCGEEEIIIYQQQsjcoPln6Ud+cfHY+AR6urtRqbjZDoWQKcOKDUIIIYQQMm2eGXoOH/zbz0z5vhMGl+P33/czhyCiQ8NErYbf/IOPqHOXX3o+rrryslmK6MjnI+u/gMefHFLn/uGvfvuQzTc52cC3b78P993/CLZt34lavQ4AOPP0k/Brv3D1IZv3aGZ0bByPPPZ0dJ4F0IQQQgghhBBCCCGEEEIIIYS0ZnziyC9+zhmfmEB/X+9sh0HIlGEBNCGEEEIIIWROs+WZ7fjI+pswMjIaXds3PDILER35jIyMolYvHLp7e7rR38//U4MQQgghhBBCCCGEEEIIIYSQg8V7j/GJ2myH0THjEzX09fbAObpAk7kFC6AJIYQQQgghc5ax8Qn87T/eiNGx8eT14f0HDnNEc4O//9//phy6Fy0cwJ//4XtnMSJCCCGEEEIIIYQQQgghhBBCjg4mavXZDmHKTNTq6O3pnu0wCJkSLIAmhBBCCCEzyvKli7Fs6ZKWfU5YuewwRUOOdm799t1R8fPS4xbjNRe+EkuPOwYL5w/MUmRzi/pkIzo3MNCPC9acqc6dfOKKwxUSIYQQQgghhBBCCCGEEEIIIXMSFkATcnhgATQhhBBCCJlRLn/tq3DJulfOdhjkRcKjjz8Tnfu9X383Bub1zUI0RxeLFy3Ae951xWyHQQghhBBCCCGEEEIIIYQQQsicodHwmJycPCRjT0zUAAA9h6BQeXJyEo2GR6XiZnxsQg4V1b3/cCEAsWm9B5xrtnAAdOvh4eDgfdbCp0eWt7WizXUZThyNCbPdPNENidan9OZHTd0t55tyPOWnQ7jtxmk1Qkf5bL3OU9bV7roYJxVV6/k606XzmZ6+TPe0dLXp1/F8U9HlYn3J4cpH6Wx/TWE/t59vas9fywekVbidLc8heD8V78Xi/dhuv04xnlbPz0G+f5L91KHR50v0pjbENOJJPq+twu/0OW2Hc3DVbri+AXTNX4yuY5aietwgulechO7B09B70llwvfNmaDJCCACMjIyq43nz+uCcQ61ex5ZnnsNzO17ASSccj8GVy+W/tQIARkfH8egTz2Bioo7jly3BS1Ych2pXV9s5enq70V2twnuPoWefx9CzP0JPTzdOGFyOpccec9Caxsdr2LJ1O3bt3oeJiRqOWbQAxy9bguXLtDO29x4TE/q3f6vVLnR1VZLjTtRq8MKot7u7C5WK7rt33wie2bYDu3btxaJF83HCyuVYsnhhR3E/t+MFPLvjBewbHsHxy5Zg1UuWYWCgv6N7p8rY2IT6D//evp6Qu917h/HklmcxOTmJFcuPxYrjdV4nJmqoZb81vXXoR2rcVSuXA95jZGQUXV1d6OvriebuND85k5MNjBmX6XkD/XAA6pOTePSxZ/DCrr04dskinHXGyYdlT9u13L5jJ360cw/GxyewIX1jpgAAIABJREFUbOniZO6kjsm6/j9d6vW6iju/12rp7qmipzv9f6hMdV1T4+dr5QFsf24ntm77Ebq7q1i5YimWLV0crRchhBBCCCGEEEIIIYQQQgghRxL1Q1T8/NAjT+HGf/s2AODqt70OZ51x8ozPUZ+cRE+Fnrpk7lBtlvWKgjKX/ZFy3nqXX2iezv7I2Tl9HFWk2dvLCmxd6wJI50ybDeC8DjP6k3Bbf+eMPqMrDGAGdEF3ftmp7lFBojPzJQvGcwGizRbIZRWbYXVdoiJQYnR777J1dul8ysRA5lN3U+GpBbDzmQJIFxdIqsLPkLhsdptPqytaZ5eFX+hrrnPWluYzratMd1SJnV1Q+XQuLuhV+SoqcIv902Y+00HqsnnV+9nGbYaT+lU8rQqrRT6d+YUHD11h3Gb/RM+P2Yf5cSqf6r1Rui/sPEZfSQFyar+Kt0/2fhLY+SLdLtNt3o8l79WQTxT61HHZ8x7mk++N4j2JkrwGfa7Ql8+TLBg3z7vVZX8OOPteNRswVcic0lU8TiETSl84bvP8NZ/TdOF0y9Z7oDaBRm0Cfng3atufhMPdql/vya9A78vXov8Vr0bvKeeCEDJ9Jmo1/NYH/k6de9fVb8QzQztw+10/UOcrlQreffUbcdEFZ2PX7n34yPqbsP25narPgvnz8Gu/cDVWrVzWco4r33wxurur+Nev/gcajYa6dsrJK/GLP/c2LJg/9V92GBufwKduuAWb/vOHyetLFi/ET73jcpx95ikAgN17hvH7//MfVZ+TT1iB3/31d0f3jo/X8L4/+LCK99JXr8ZPveNyAMC+4RF8/LNfxSOPPR3dOzDQj1/6ubfh1JcOJuN6Yss2fOqGW7Dj+d3RtRMGl+OXfv7tWHzMghLV0+NP/9en8PzOYr4155yO1196Hv7uYzdh1BQbDwz0473veTtOOWklAOALX74N/3HX/clxt27bofL94f//N8JvQE81PzkPPfIUPvrxL6pz//P9v4Cv/ftd2Pj9h0JOznjZiXjZKYOHfE8DzXx/9877cdsdm6Mi4pzTTz0BP/t/vSUUwD/wX0/gHz7xb8m+4+P6OfnV665Karn80vNx1ZWXqXPTXdfUs/nun3wTarU6bvzSd6Jn86RVx+MX3/N2HLNwfnIeQgghhBBCCCGEEEIIIYQQQmabQ+H+/MzQDtxw0zdRqzdNom646Zu47mevxAmDy2d0nsnJSaCbBdBk7lABiiI0VfsmC0BTF7JKOe991qVoPYoW3mdFoqKVPbyYw9tI4uvyUPUUYXkznOrrywSnBkIo+AxtQrf3Hvk/ha5CX7gnjtoEagPyyJasaBO68yHsMMl85jekYjG6Cv1Cm9cftTYw90a6REQyBnvahis12j5ybVK6TD7Vngqxm73pZS7zHMe6fKTLJKiV/bDMp73NhqukmB1ZokvrzxfRPp2FLp/p8hBtSV5Vckp0pZZD3lLsZx9uyfWENtdrdOu5xQZIfLw3Y2r1RT5lXsPIicTIDlZ30GDGULr1mqfyafUnP+aB9zBjibWTeU3pK3396M5J3cWzkOsWewVirVN5VQNbXSIwGbEXY5ToDs+PjM1ImYl2/KkHse9rG7DjQ+/Bs39wJfZ86XrUdmyJF4mQFykTE3WMjU20/Pjki6fJZ2/8RlQoCgCNRgOf+tzXce/m/8Kf/OX/jgpFAWB4/wF86MOfDX/1Txm3fudu3HTzbVGBJQA88dQ2/PXffw71+tT+w3R0dBwf/JtPlxaBAsCu3ftw/YYv4vv3PwKgWRh6+qknqD5PPbMdL+zaG917570PRPFeelHzlzBGDozhg3/7mWTxM9B02f3L6/8F3/6P+6JrT299Dn91/Q3J4meg+R/T7//Tf8ITW7aV6poJ7n/wMfzFR/45Kn4GmvH/xUf+GXv3jUx53HyrTSc/rdjw6Ztx5z06J/tHDiT7zvSe3vLMdvzOH30UX/3GnaXFzwDw6OPP4A8/uAFjYxNt9Vjy//OkHTO9rjd+6dv43L9+K/lsbtn6HD704c92FBchhBBCCCGEEEIIIYQQQgghs8Fk4s+5DoYXdu3FJ//la+rP72r1Oj75L19L/rnywTDTsRNyqKkACZfY7H9cftFeEDe57HpoMy/Q0DqnPlEPJ1rlkupkENmhyy65EJt2fG1eVx/oTzZV0VpkDJme0OZ6jW6XaQit+A6pO6lfrHFkZy30Kt2ihxzC6pZ5jfIpWjFnKp8qZpNPqzuVz8gtPJHXXEy0AlPOpyvaRD6tbqkrtE5rURqj/Sz2RgtdWlUhIMQub0vlNQyjZtN7I5FPtThGF1roKjRn2ZfPgsmrmtMkKJVPFVYYO9co3xtaV6RbbhC5mOIT8in0q39cMZecW+ZT6Q4bzxDpKvRp3WZOiDU2ukI+E7rsg5HKa/4sqDWFnlPqKnQLSfIgtY3DXoAeS6xdKq/52kcrYB/4tvkUawY9diqvtpXSDub65PNDGL7l43juA+/Azn/8bYw/em9ikxDy4uLGL30bv/H+v235eTZR6NkpGz7zlWSRbE6tXsd370y7A+eMj7cukN7+3E7806e+3HFMIwfG8Gd/82k896NdHfVf/+mbsfH7DwEA3nL5uuj6d763KTr377fp98vJJ6zAS44/DuPjNXzow5/Brt372s77+S99G7v3DofjZ5/bib/8u39JFptKGo0GPvHZr7YsXD9Y2sUAAF+59Y5pjX0w+SnjqWe2x/OMjE0rvqnu6cGVy9Bd7ew3r2v1Om76ym3Tiqsdh2Jd2z2bu3bvw+YHyoutCSGEEEIIIYQQQgghhBBCCJlNGo2Z+zPVkQNj+MRnv4qRA/GfQ7a6Nl1mMnZCDgdVwDhkeg/vXOau6bKzWesdmmcdvPdwzpkiiLy/vs2inDQTLrHSitR7wLmms6fLnD5DGxxAxWBlSBlqPhmoy+Yujj08nNFdpkud8/FXvc6AdzBxG31I647mUfHkJxCsUFvlM+gU+XSpYVMaS3R7u87SKbqZuKA7lU+HPO8pV1qhD1C6QuvFcTKfSM4T6W25zvKS0Wd3tHCybT9fvg9FgCZfua4ir/ntcYByntD69PAJYVG+lF7lwiz7pZfNhXuc7iH2oU58rlfo8z7aX2oolOe1fD+n85VyM45uj+bJ3hNhOcp1xRHZfNov8W2t8lp0i/ehvCH2UU4sTTiXvw+LfBbvjeJNFfKqAjF6hQa1DVqQzGfpPix5Dk1brPPMXD+w6Vs4sOlb6D/7Eix8y8+j95RzW4sihJSy9LjFuOINF2LLM9tx2x2bk30uWHMmzjz9JNx174N49PFn1LVHHnsab3jtq1rO0dvbjf/2ttdj2dLFeOzJIXzpa7er6//50ON4eutzOHHV8W3j/cqtd+D5ndpBeeWKpXjHWy/FwLw+/OChx3HLNzeq65/63Nex+uzTcMbLTsSSxQtVAfPtG3+Ad7z1tahUmj83H39qKCpwvuKNFwEAvnzr9yL35rdd8Rq85sJXYs/e/bjhi9/ED5/YGq594cu34bqf/nEAwMc+fbP6TeHe3m68++o3YfU5p+GHj2/FJ2/4WnBd3rlrL+6850G8eu3ZbdfjYHjz69fi+GXHYuP3H4ocrR969CkAwAVrXo7lSxcDAG788ndUn+OXLcEl614ZjqvVLvzb1/5j2vnp7e1uGe/AQD9eesIKHHfsMXjJiuNK+83knq52deGitWfju3dsxsBAPy696FycfMIKLFm8EE89vR1fuuV2DO8v3Ki/v/kRvOuqN2LwJctw9ZWXAQC+8o07VdF1d7WKt/3YJeF48CXLWuoGDm7ft1rX/r5e/MRbLgYAfPO738dO85vrDz3yFFaffVrb+AghhBBCCCGEEEIIIYQQQgg53MyUqVS9PolP3XBL9Gdlkp279uJTN9yC637mSlSrXQc956E0xCLkUFAFTAGfda31Lr/QPJ17bVoX2FCRlt8P3WZEBWzOFASaQkHnTJsN4HwejU/Oo4YzMnRBpgnUuNq6Et1hvpLKymKevHA6l5Xd4EybdXC5bkjdYjntO8aE771rnc/Q0eTV5FOFl5ov1+lFwSea+XRwRWsLP43uPH/OpDEK2+6vsM4uW2fXeT6FLjtPGF1VnzqxbPEvAOSFn7nuaD/L5bPzRftHBxL0hby6kFeV32JB0vPlx9E6a332+YvyiZJfgCh53uP5yuJ1Wm+k2+5nmHFQktf8vZFfN/kx+UrnM54HpfvHPj+2g37+Qj4BrTs/bvO8u/DeyE+b92VZAbaT+TWXU/Plh+F9mMux7w39XrEbsHhOYfJqHm+1AMWKWF2l+XQin3IeHL527IHbMfrA7VhwyTux6O2/gsrAIhBCpsbv/dq7MDDQj3Xnn4UXdu3FA//1pLq+auVyvOddVwBoFo2+97f/Ul3v5K/6+YPf+jksPfYYAMCpJw/iuCXHYMNnblZ9nnz62Y4KoO+89wF13N/Xi99/38+gq6sCADjphBXo6a7iS7d8L/RpNBr4/v2P4NVrz8ZbXr8On/3CN8K18fEafvDQY6HI85u3fV+Nv2jhAF7x8pc2575bz33SquPx5tetBQDM6+/DT73zDfjjD308XM+Lip9/YQ+2Gyfu17/mfLxq9csBAGeefhLedNlafP5L3w7XH/7hlkNaAP2TP/E6vO415wEA1p1/Ft73/g+rIt09e/cDAE596SBOfekgAOCmr3xXuUcPvmQZXn/p+Wrcg81PGb/082/HK19xqjo3UUs7GM/0nn7TZRfg5aediFeedar6d6yVK5ZieOSAKugfHRtHfXISxy1ZFNZm84OP4fEnh0Kfnt7uaN3KtOQcqnX9nV97F1YsPxYA8IozT8Ef/Ok/qes7X5jZv8qLEEIIIYQQQgghhBBCCCGEkJliJoqIvfe44YvfxNNbn2vb9+mtz+GGL34T77r6jXFt1jTmJWQuETtA5+SVXKUXEgWD0ilZFEpavGw9EDl2eh/3zPrJ7spvNFXA56NRwlCRrHBPPlCJXlsAKgeUlZEewqnWa1lWVwvdrZxso/pA6GHSaROJ9eoCioLdPPBcbyg/TDpgK+dY3ywSlrpb5TMqHE/ps8tmbtCjy42LuPBTJgZCn0cLB2wlFtYBOXKAjhxo03HD6e5qWWW4QgpCxPkUbUoxjQNvwgcchdO4HFOuqE/mNfkDr0Ry6jl1ye65w7WYXTpfK13mgU9YCCsH9ei94bPl0/mK82mGLdmHdrltXl1YM/38KQdz5extJ9bvl+L9XPRR+cyc81u9X+L9ldZVmtcon/HPAZuv2Kk9n8rm036Jn6+O8umjUQ5rO3z7TRi5/9tYfPVvYmDtFSDkxcLS4xZj2XHHtOwzr7+v9Nrxy5ZgYKA/HJ/60sGoWHT12S8L3ysVh5UrlmLb9ufDueGR0Zbzn/GyE0Pxc875q8/AP3/hG6rg9skt23DZxWtajrV/ZBTj47pQ9OJ154Qi0JzLLjlPFYICwNZtOwCcjQtf9Qp8/t++rdyYv/nd72P12adh/8go7n/wMXXfWy6/EAAwMjKq4gWAhvf44le+WxrvyMgoJicbyf9Y3vnCHnVv7v6c89yOF0rHnQnWnnemOj79ZSfg/gcK7Y1GA/XJSVS7Ov/t5ZnIT4pTTl4ZFT+XcSj29JLFC7Fk8ULs3jOMZ5/bied37sbY+AQmavVkbnfvHsbSNs/lVDhU63rckkWh+Dk/7u/rNYXwwwcZPSGEEEIIIYQQQgghhBBCCCFHLl/9xl140Px5Yise/K8n8dVv3IW3vumiQxgVIUcesQM02jlyagvS4PyZH5c5JueYgrrImbmsEjTpBC0ck9X1HFsRLeZBMZ/WrR1LD9YBu/18iYJVWXLckW4Rr1m22GHV5kPns9wBO79s10eEi0Q+kXIMLvLZqQO20iWxcqbogB30hW65bhFey/lix+CWDtiQ+RIO33Y+E24xYVH8nOtrjiocsNU+1PmKHLCR7KY3rMhTygla7d+S5y+aJ8Sjl6UINA+jQwfs6P2U1lXugB0X6iq9Thb05vOJ90uJrhl3wIYVlI9j5gvxtH6/JJ29w1XhgF3yvJc7YOvnK7Z0z/TOmAO2fk9aZ29dqX34Wz+8G7s+8QFMPHY/Fr/7/SDkxcAbL3sVLln3ymnff8ZpJ6njBfPnRX1Of9kJLfs0JhtohSywzHEAli9djC2iePSJLc+2Cxe798TFmMuOWxyd6+vtQXe1qoqcX9i9DwBQrXbhtRevxr/fdm8x91PbsHvPMO6690E1Tne1GtxzdycKQZ8Z2oFnhna0jHnX7n3JuO/Z9F8t79u5a0/L6wfD8qWLVZEwABy7OHbQn+pvHc9EflKsO++sjmM4FHv64Ue34DM33opdLWKUSF0zwaFa17PPPCU6t2jhgCqA5m+eE0IIIYQQQgghhBBCCCGEkCOVokZuetx5zwP43sYfTPm+7238AZYsXoCLLpj+3+h7sA7ShBxuqghOnLlpZsqBNGu9LZQTBYGWqLDRXBPfrWOmvC6dTJXTJ5rFbynHz+REoqJOOa7a1hYIwgsn17QDspojodvqy0MtDGuLK0ofjINrKL4Ux1EcOl8t8xkKH029XkrGQeRTOQabfEX5lIMkHKKTBY0mYuUYbAvgZW+f1l2mqwzrGKyOm8JVPov5fDxfC122oLPIqwnRPj8p3flxq5+13txgdKmZs356Ph9Hn9Llta4on0KL7J7aGlJX5AhfprHN8xXrLQJKOiCH90baAbnkCVMaVFReHJvbUvu5fCPH+UrpU89tFJ5xeLa/AGDz2up9KaNK5DVsP9km9nP8PkzoVQs5e+3w7TdhfOhRHPvz/x+6l+tCOEKIpmocZNN9OncATjFZUiDdMD88Kh38B551vAWA+uRket6Gnlfee/mlr1IF0ADw7dvvw52mAPq1F69Gd7UKAOjt6UnOU6mUr2FXpQI4oKe7OqX7AGBeX7lz98FSOcicljFT+bEcuyQuzi5jpvf01m078OF/ujF5rVKpoKtSmfGCZ8uhWtdW1wghhBBCCCGEEEIIIYQQQgg50jmYAugntzyLm79+x7Tnvvnrd2DZcYtx6ksHp3U/C6DJXKOae3aGgjLr1NnOATm34rSFd/b2qFAwHzYu7JTHaQdkRE6nsM+erDtUMtK6wgCH0gFZFgi2dEAOsx+EA7JxyE05IEPmU3fr1JG41AFZ6FaFn8pRNpFPqytaZ5eFb5xy831cms+0rvaOxDpPpY7WsAuWxTBVB2TTYeoOyEpu5w7IJYW6h84BWe/D/DiVT+3orW+3uuN1bl2A3LEDco6dL9LtMt3m/VjyXo0dkM37sex5D/PJ90Z7B+SgzxX68nmSBePmeS9z+LfOz2UO5KlC5pSu4nEKmVD6wnGb56/5nKYLp2errT31IHb8xTVYet0H0Xv6q0AImT22bN0enWs0PHY8v0ude+lJK9uOtWTxwujc0LM/is7t2bcfDVMIKotoFy0cwLmveBnuf/CxcM4WRAPNQumc446Ni3DffsVr8KbXrW0b9+BLlkXn/sdvvBurVi5ve+9cYqbycyRx930Pq+PuahXX/cyVePnpJ6K7WsUddz+AT3/+6y3HsMX9E+O18DOrE47GdSWEEEIIIYQQQgghhBBCCCHkYKlUHBqt/8LiUv7z4ScOyj3ae4/NDzw27QLoSqXTPy0k5MigAsR+mfrApy9kD1ru6ivdbz2KtumSmp3x8ooXDqNZ620k8XV5qHqKsLwZTvX1ZYJTAwGRO2pCt/ce+T+FrkJfuCeO2gRqA/KF660vulvd+RCR4ageSt+QisXoKvQLbV5/1NrA3BvpEhHJGOxpG67UaPvItUnpMvlUeyrEbvaml7nMcxzr8pEuk6BWP4xkPu1tNlwlxezIEl1af76I9uksdPlMl4doS/KqklOiK7Uc8pZiP/twS64ntLleo1vPLTZA4uO9GVOrL/Ip8xpGTiRGdrC6gwYzhtKt1zyVT6s/+TEPvIcZS6ydzGtKX+nrR3dO6i6ehVy32CsQa53KqxrY6hKByYi9GKNEd3h+ZGxGymy3jeHd2PG/fhGjP7gNhJDZ45mhHfjhE1vVudu+twnj4zV17pSTXtJ2rL7eHixaOKDO3XXvQ9i7b0Sd+/It34vuPe2lq9Txm1/funD53LNfpuZyzuE4U0z6jdvuxdjYRHTvrt37cNPNt4V30soVS6M+//rV/0jO+/hTQ/jO9za1jO1IZSbzc6Rw/wOPqeMVxx+Lc846JTiDd/JXYh137DHquFav48mntnUcw9G4roQQQgghhBBCCCGEEEIIIYQcLF1t/tbdVpz7ilOxeNGCad+/YP48nHfu6dO+/2BiJ2Q2qAJIO2QGI09r3amdPZMOoNkZ2S+nfJ7cGdRnAeXDZD1Tzp/SMdllUbRxTG7vsGr0WUfXEt3FgFr+jDlgK92IHIwjqzYxXDqfxqm1laOrGD5yuTe6U/l0broO2CXzycMon20csEsdzXW3g3HATunSeS3GCcO2my8MZxySO3XALtHVbv+EuHMHbDcVB2wxT34crbNTy9LSATule5oO2DpA8/zJ/drKAVuNY3Xly2H3l1nwMgdsJ/KZ0GXzVe5s3moftnPAjsKL1rl4H+bd0u/NqThgK9rmU7432jtg2zbXGwY/nNcBPP/R38TS9/41+l/5WhBytPG1b9yFu+59sGWfM08/GW9940WHKaI0f/3RG3Dpq1fj2MUL8fTQDtx3/yNRn1NObu8ADQCXXbwG//a128Nxo9HABz74MbzukvPQ29uDR374NB557Gl1T29vN84+8xR17qQTVmDF8cdh+3M7k/Nc8YYLo3Ovv/R8fO5fvxWOR0ZG8Zv/70dw1hkn45wzT8GB0TE89fT24Cx91ukn44zTTkRfXw/OOuNkPPTIU+Hehx/dgve9/8NYfc5pOPXkldi5ay8efuQpbNn6HADgwle9An29PR2tyZHETOXnSGH5siXYuWtvOH5maAfuvOcBnHbqCbjnvofx1DOxw7llxfJjo3P/9Kkv4dKLVuPEVcdj1cpl6OtrneujbV0JIYQQQgghhBBCCCGEEEIIOVi6uroA1Nr2S3HSCSvwu7/x7pkNaAo0Yydk7lAFjEOm982iQt8siVMVb94UyoUCyBxZCasPJcoR08cOmbIquVkv5rNC3rx8NmuDA6gYrAwpQ83XugDZw8MZ3WW61Dkff9XrnBX7qbiNPqR1R/OoePIT2dc2+Qw6VaFyi/R1oNvbdQ7Os9lJ54PuVD7zultRJ5gQHAYPukLrxXEyn0jOE+ltuc7yktFnd7Rwsm0/X74PRYAmX7muIq/57XGAUcE9EOlvuZ9NvpRe5cIs+6WXzYV7nO4h9mGqUFfp8z7aX2oolOe1fD+n85VyM45uj+bJC4rz5SjXFUdk82m/xLe1ymvRLd6H8obYRzmxNOFc/j4s8pn8BYc8ryoQo1doUNugBcl8lu7DkufQtMU6z8715//+t7Dsff+AvtNf1VI7IXON3XuHsXvvcMs+9frkrBdAA8B379hceu2iC87G4EuWdTTOGy9biyef3o7/fOjxcG58vIZbvrkx2b9SqeC33vtTyb9C6McuvxAbPnNzdH7VyuVYtXJ5dP61F6/Bnfc8iK3bdoRzjUYDDzz8BB54+Imo/79/916ccdqJAICf+6kfw+//yT+iVq+H66Nj47jzngdw5z0PRPfede+DuOziNUlNRzIzmZ8jgTXnnK4K1wHgU5/7+pTGOPfsl+Gmm/XfRrB33wi+/PWmY/OPv+nVeMNlrX8+HW3rSgghhBBCCCGEEEIIIYQQQsjBUp3DRcRzOXby4qQCGFdN6dTpsrMuXC0cPoUTsnMODi67Jf8uWvHJe4TWibmsS2g2ZmgzV9QQUhgpG0J+Il2idaItvES17qx1aibEuqRW8Q9yvQ6Fbun+KoMSus1sOta8u/zIcOValeWzLK/S2doJDfafKJ9FFvJ8hjaRT6tb6lLZkGGr0EXOIcco9krbfLpiFJUbqa3IpMqx1BW5ZZftZ4FaEtu9WEWRJvMM5LO5olWLZHaI1KV0h+tCn8vnLnpF+Uzo14nTnzivzoSsI5K6Ct0hGrFw5lOaVxTnXaQ+u71o0/mUG060qXyGfZbrN2uaz6XyqfWpnEULqvUXaybGkLqdmVvqDnnVWhRRPl04LfdAoVvoC3O6oFvqUj8PRI70S0/Npp/1snyKvKocRaMdIa332Pmx30N9xxYQQg4vC+bPa3n9tFNW4ad/8k0dj1epOPzSz78Na85p/9cJdVer+P33/TROGIyLmQHgvFeejv6+3uj8j71hXbK/A/Dea95eOp7lwIGx8H3B/Hn41V+4CgMD/R3du294pKN+RxozmZ8jgVetOQOnnbKq9Hon+Vx67DH48Te9uvT6/A7GONrWlRBCCCGEEEIIIYQQQgghhJCDpVJxc9JJuauri0ZGZM5RAYQhpbxiXUejA+ECm7uIptxEvVef5hXRBvtPxA6Zci4vRg3ur8ItVdzq7XBytOx6aC3ypoSLqHW/9ci0KVU+c3LN1iTXXaarhW51ydtotNbIYFTpMjfIBZEdwnWZz1wdCq3eqzWQ+dS607p03hNhynClRuhPnE+TVLUxzNwy9lyLF7kzObW6tP5Cd5TXFDJHJiVSq9ynuT6dPh/foCYQixPlU0QedOc5jnWV6Y90qQSpaJL7WXcXz3iuV+m2m9zrwcyIPlub4pnUY/lMl5e6onwaPam0JnTZ2/M10+8nE5MXbaRHHHtxzhd9pC4IXTavoXe0v9K6bD7D5Ui33GdiroSuQr+IXeUzWj29sJ3m00ejHHFtY3g3dn7iAyBkrlKtHtx/uFVcZcbH7IS1552JX73uKhy/bImOp1LBxevOwa9c+071yz6dxOmcw3U/eyXe+eOvxZLFC6P+lUoF5517Bt7/Wz/b0lm6UnHo6amqcwMD/Tj37NNK71m8aAF+/30/g5//v6/A0uMWo1LR8VYqFZy06ngIec7nAAAgAElEQVT86nVX4Xd/Xf+VSaedsgp//oFfwptetxaLFg5EY/f2duPcV7wMf/Q778FPvOWS0hgs7X472K5fdyLvneyFrkqcmxQzlZ92sR2OPd3T3Y33/dJ/w+suWaOKnSuVCs4642T8+i9cHd3T3V2Nzl3xxotw3c9cieOWLIquzZ8/75Dv+07Xqru7OzpHCCGEEEIIIYQQQgghhBBCyJFKT+LP5o505mLMhLg9f3+hd65ZJObQLMayLZA6UUIn18U40XwtJxat901rT18acdGvZPp8vrK7p6w70a/9fAldpZko010eT0f62ulqd71VPuHh4OC9h3MuK0qcbj7bxyOHaZm2dnntMO/eZ/pQ0rbMV8nCtZww7t76+ZmervSAJfqm8PxNNR713LTaz9N+P7Xeh6m8Fre10DfNeJLvi4Paz63fL6l8FleF3uno6uj5afm2a7t9Wr83SvJ6BLfzL34HFr/7/W1EzxxPb9kWO9pPs1Xf5Tl00L/F906Oy861u9bqnk45mDH65/E/HA4nE7Uafu33/kadu/zS83HVlZcBAOr1SWzb/jzmzevDsYsXRsXD02VsbAK79uxDo9HA/IF5WLhgoKPfmH3g4Sdw/YYvqnNXXXkZLr/0/CnNv3vvMPbu3Y9jlyxq63gtaTQ8nn9hD8bHJ7B86RL09h6dxafTzc+RyPD+A9izdxgrVyybtoaJiRp2PL8LE7U6+vt6sfS4Y9Bdnfq76mhaV0IIIYQQQgghhBBCCCGEEEKmg/cee+fY3667aMHAjNRSzDVGD9RnO4QXOe0KxFpTBTy8d8VQ3iOviPa2kMzbQrlEgZyMq6wAzuvv3p4W15t1YT4rlMvLhbM2dxN1+SB2Mq+/ZhV1ua5kmyoQ9KIgsFUlok/rtvryUL2Didvog3SBFa10Rm1V8Ohd63yGwseDLDBtk0/lmm3yFeVTDuJa6GtR+Oi9zWdydZrDtyow9SXfo4h80Xpz3BSu8lnM5+P5plDQWeTVhGifn5Tu/LjV+8ObG4wuNXPWT88XlfenC6a91hXlU2iR3VNbQ+pqVZ+sNLZ5vmK9RUDx/hEFxV6swBQK/KPnx4tjc1tqP5dv5DhfKX3quY3CK3TZnwPOZtyXPViR5GRew/aTbWI/x+/DhF61kEduO3z7Teh52bkYWHsFCCGHl2q1CyeuOn7Gx+3r68FLjj9uyvfdfOsd6rhSqeCSda+c8jiLFy3A4kULpnxfpeKwfOniKd8315hufo5EFsyfN6Ui9xQ9Pd1YtXL5QcdyNK0rIYQQQgghhBBCCCGEEEIIIdPBOYfenm6MT9RmO5SO6O3pflEWP5O5T6XwZ2wWlEE6OLrsrAtXtZuja7bOOTiIVnxHdh0QLUTrxFxORZLdI1rndEjmVvWRUpSMtK7QOh2TijXTHfQldMPqztZIrp2aWwVqcpHpjnTJj7mu1iyVT6k/9DI5clqL0uj0R+0JCL1Ct8qrFJjKJ3SYNp8hE060TrTJfBYflaMS3Wof59lP6HLOzBXyKUTYHnJJ7PZHvr+y1uiyeS32cz5YtDsKXVK/VOaKudTcMp8mr5EYs9x2e2v9Zk77hCV1ix5Sa0J3nNe0LqUvek7zmG0+jZhkPsWayblMXvM9Fa2AzFUin1a/2gvQY6fyGsJXeY3TqfIqpxe68nyqNZQxBN3ifSF0OTVwOq9mNr03EvnUj3seo9mDR3i758a/RmNkLwghL16e3vocnhnaoc695qJzj1oXZkIIIYQQQgghhBBCCCGEEEIIORrp7emZ7RA6Zi7FSoikAsR+mfrAuoBq18rc1Ve63zadO31w5/SZdWtoZQ8v5vA2kvi6PFQ9RVjeDKf6envCoAZKuKMmdHvvkf9T6Cr0hXvKnFitE6hY6+B664vuVnc+RGQoqofSN5S4pKbyqXLm9UetDcy9kS4RkYzBnrbhSo22j1yblC6TT7WnQuxmb3qZyzzHsS4f6TIJamU/LPNpb7PhKilmR5bo0vrzRbRPZ6HLZ7o8RFuSV5WcEl2p5ZC3FPvZh1tyPaHN9Rrdem6xARIf782YWn2RT5nXMHIiMbKD1R00mDGUbr3mqXxa/cmPeeA9zFhi7WReU/pKXz+6c1J38SzkusVegVjrVF7VwFaXCExG7MUYJbrD8yNjM1KO5HZyeDf2/OvfgRDy4uUr37gzOvemyy6YhUgIIYQQQgghhBBCCCGEEEIIIYRMl0rFoa/3yC8s7uvtQaWSck4k5MinCjQdMr1vOlB6ZK3L22xzywv5TZCuolnrjZ+lsRUtnydrvc8CyofJematy+50WT+XVbcVbrGmSs8eOjO/uV5ddR4AoHtwDWpDm1Dfuimb3ug1uosBtfxCV9k6yxuzDuLYJXVnyyGX176DxHDpfIqFFwOU5TP0KpknFIAm8umca7ZwWalikc/Q2ny2mk8eRvl02To7rbdEd+Fkq7up8FRAZn6hy8EV+TS6dF6LccKw7eYLw2W6UOhTx2XPX4mudvsnxJ3d6F2mU+RVZcA8f07LTayzU8tiO0hdSd3R+0nLiNx/bRFv6vmT+9WZVlU6y3Gsrnw57P4yC27yJXWFfCZ02XyV5dW13IdaV8grxHKW7MOwjSOXZfHeEPqjxGfXi7ya+XLa5lO+N4r3ZVlebZvrDYMfIddHbr8JAxe+Fb2nvBKEkENHb8+R56i8Z99+PPDwE+rc2S9/KRYfs2CWIiKEEEIIIYQQQgghhBBCCCGEEDJd+np7UKtPYnJycrZDSdLV1TUnirQJKcPt+fsLdYlZSaFcKJhDqgAyDAfIAsFU4Z6lzfXSwmE7fCfzJONpXuhfdw361l6bvHVs4wYc2PixoHsmdJXFE+lL6G49Tn4iP2ydz5BXVajcZr5p6Cq7XhqVDDs5gNDXQldU8AlfOk/LtB7C/ZycyBYgp3RFCxSP2Oq5iYYv09Op7o72s8lfS112wPaJapXXae/nVpejefKC4uK4VQFyUl+7eDp9flqFP839HOkr+wUHpTsfp5PEtQlnyu/DuUv/2Zdg6a/87SGd4+kt2+Jf6plmq77Lc+igf4vvnRyXnWt3rdU9nXIwY/TPqx70/GRqTEzU1HF3d3VG9sFM4r1HrVZX56rVLlQqlVmKiBBCCCGEEEIIIYQQQgghhBBCyMEwOdnA8MiB2Q4jyYKBeejqenH/efTogXr7TuQQcnCFXrEDdMeOuaaYKRSe5fdDt3m4toCtlVOncPQMrXJAzkvx4nmi+jtn2uyWrpXnoX/tNagOrildpL5116A6uBqjGzegPrRJz1dW+BnmyQvGc1nZDS0dkIXjc2bpGpbT5tusc+GAXJLP0NHk1Ra1yfBS8+U6vSmItI65tvAz6eiNtk7BZRaxHTsg5/s2ONOm5wmje/nFiWWLfwEg6QCtCrDF8tn5ov2jA5FOwNbZWuW3WJD0fPlxtM5an33+Ug7IyV+AKHne4/nK4nVab6Tb7meYcVCS1/y9kV83+TH5Suczngel+8c+P7aDfv5iB2Rz3OZ5LxyQ89PmfVlWgK0cvc3l1Hz5YeQIb98b+r1iN2DxnMLk1TzeagGKFUk64qfy6UQ+5TyYO+3YA7dj7NF70Xf6q0AImRl6jkDHZ4tzbk7ESQghhBBCCCGEEEIIIYQQQgghpDO6uiqY19+HA6Njsx2KYl5/34u++JnMfapAUfSmat/ySqzSC4mCQS8KB0WhpMXL1qNZrObFFe/jnlk/2V35jaYK+Hw0ShgqP17wzutD9/rQJoxuXJ8NBHQPrkF1cDWqg2tQHVyD/nXAvi/cpwtA5YCyMtJnxXweWZQyNqOrhe62DthRAW2bfEoHXq8uoCjYzQO3jslpB+ygL+j2SnerfEaF4yl9dtnMDXp0uXERF37KxEDo82jhgK3EinzmV0Wb2s8p8uWG3M/iDhmukIIQcT5Fm1JK48AbOWDnZ2U3k69cl81r6tkuk5x6Tl2yexahF7Nn+fKRLvPA+3jE5jxl7w2fLZ/OV5xPM2zJPrTLbfPqwprp5y/X5bMBfKbLRxPr90vxfi76qHw6H/aM7qefQx8PE+kqzWuUz/jngM1X0Bvymk9l82m/xM9XR/n00Shzpt3/nc+xAJoQQgghhBBCCCGEEEIIIYQQQgghZI7T012F970YHRuf7VAAAP19vejp5t9cTeY+sQM02jlyagvS4PyZH5c4RQdMQV3kzFxWCZp0ghaOyep6jq2IFvMA6F97bTg/dvcGjG1cr+r86ts2ARuB/guvRV/mEj1v3XUY3bi+Ywds6zjdkQO2LDnuSHcxn13n2GHV5kPnM+mYLIZ3xtG1bT6Rcgwu8tmpA7bSJbFypuiAHfSFbrluEV7L+WLH4JYO2JD5Eg7fdj4TbjFhUfyc62uOKhyw1T7U+YocsJHspjesyFPKCVrt35LnL5onxKOXpQg0D6NDB+zo/ZTWVe6AHRfqKr1OFvTm84n3S4muGXfAhhWUj2PmC/G0fr8knb3DVeGAXfK8lztg6+crtnTP9M6YA7Z+T1pnb12pPXfa0c3fRn3H06guPxGEEEIIIYQQQgghhBBCCCGEEEIIIWTu0pv9bcCzXQTd39cbYiFkrtP1e28d/CNVZZks2BQFc6pQThQEWqLCxhLaXJ+OA3LreIobFrzzowCazs8j//4nSBYIwqM+tAndg2tQWbgC1cE1qA1tQmPv9oPXneiX1NdunFYjdJTP1us8ZV3trotxUlG1nq8zXbrgMz19me5p6WrTr+P5pqIrsjxPzFv23Ih42uqZwn5uP18n+UruiI7iSa1z27gP4nrSARmtHZDb6msXT6vn5yDfP8l+6jBVMJ3Qm9oQ04gn+by2Cr/T53QO4frno++MCw7J2Hv3DEe/zDPdVn2X59BB/xbfOzkuO9fuWqt7OuVgxuju5l8jQwghhBBCCCGEEEIIIYQQQgghhLyYqHZ1oVKpoFavz8r88/r7WPxsqNcasx0COQgqRXlSVgYtC5hcdtaFq7qYyTVb5xwcRCu+I7sOiBaidWIu69ILl53K2swdNIRkblUfKUXJaH7pX3ddWIT6ts3FnE7HlMc6unFD6B/0JXTD6nai8EuutAxKrLleAZfWJT/mulqzVD5lXkMvkyOntSiNTn/UnoDQK3SrvEqBqXxCh2nzme+e4l6xN4Qunc/io3JUolvt45DvWJdzZq6QTyHC9pBLYrd/NmZojS6b12I/54NFu6PQJfVLZa6YS80t82nyGokxy223t9Zv5jQRpfKp3htSa0J3nNe0LqUvek7zmG0+jZhkPsWayblMXvM9Fa2AzFUin1a/2gvQY6fyGsJXeY3TqfIqpxe68nyqNZQxBN3ifSF0OTVwOq9mNr03EvnUj3seo9mDc6wdvfdWEEIIIYQQQgghhBBCCCGEEEIIIYSQo4Oe7ioWDMxDV1fXYZuzq6sLCwbmoae7etjmJORwUAEK00xlnimteFMXMmtV733WpWg9ihbeZ66vopU9vJjD20ji6/JQ9RRhZSGha+UaVAfXoGtwTdHXW6HA6Mb1Qp4cCLkK1IbuC126B9co3d57dA2uRtfgaqGr0OfztYqj1roju1qPbMmKNqE7H8IOk8xnfkMqFqTzqXLm9UfqUvcI3XFeoWOwp224UqPtI9cmpcvkU+2pELvZm17u0TzHsS4f6TIJamU/LPNpb7PhKilqtUt1af35Itqns9DlM10eoi3Ja/TQJXSllkPeUuxnH27J9YQ212t067nFBkh8vDdjavVFPmVew8iJxMgOVnfQYMZQuvWap/Jp9Sc/5oH3MGOJtZN5Tekrff3ozkndxbOQ6xZ7BWKtU3lVA1tdIjAZsRdjlOgOz4+MzUiZS23t+SGMP3E/CCGEEEIIIYQQQgghhBBCCCGEEELI0UFXVwULBvrR19tzyOfq6+3BgoF+dHXxb6omRx9VoOmQ6X3TcdIja13eZj6U8kJ+E6SraNZ6419pbEXL58la77OA8mGynlnrsjtd1s9l1W2FW6xHdeUazH/H9ZHYsbs3YPTu9XAAqitXp1fE2KG6LLBCV365eTxv3XXoW3dNPNfGDRi9a73QVbbO4Vuz9frYJXVnyyGX17q3iuHk+s7/iT8Dqr1p7QD8yC40hn+E+o9+iIknN8LVJ9TwzgFdiwcx7/W/0ey/fxf2f/3PigJQByy48o/hegbQGP4R9n/9z+Gcg/c+U6HzGVqRzwVX/jFc33xM7nkWI9/4q1iXPHRmPb3L1tnp/Rv2sdhwkE62upsKTy2AmV/ocnBFPo0unddinDBsu/nCcJkuFPrUcdnzV6Kr3f4JcWc3epfp9D7kVWXA6QQ5LTexzk4ti+0gdSV1R+8nLSNy/7VFvKnnT+5XZ1pV6SzHsbry5bD7yyy4yZfUFfKZ0GXzVZZX13Ifal0hrxDLWbIPwzaOXJZL3pslz2GRVzNfTtt8yp8DxfuyLK+2zfWGwY/Q62MP3oHeU84FIYQQQgghhBBCCCGEEEIIIYQQQgg5eujr7UFPdzfGJyYwPlGb0bF7e7rR29ODSsUW5BBy9FAFjEOm982iQt8siVMVb94UyoUCyBxRGVdSkAhxymf/Yx0vpRVpsw7MZ4W8efls1gYH0GKw/rXXom9tXJAMIJwf3bgeo3dvwILMGbo6uAb1ofsQCuVkgSA8nHeZu3M+VdMxuP/Ca5PFzwDQt+4aeO+bRdBGVtDtxEEY2ehM6FZrGq1zfiL7avLZc/rriuvtmKxh5Hsfw+jGT6r5KscMoueUi8OJ4Vv+VF3vffkbANf8jZGJJzdi4offLdQ1Exd023z2XfBT6H3Fm5v9x4ax/1ZTAC31AWqfhtaL42Q+dX2vLUxXU9lpk/vZa312Rwsn2/bz5QWbIkDx/EldRV7z2+MAo4J7INJfpqu5f6DypfQqF2bZL71sLtzjdA8veiQKdZU+70P3KOQ2eU3KbJGvlJtxdHs0T15QnC9Hua44IptP+yW+rVVei27xPpQ3xD7KiaUJ55rvQ5nP5C845HlVgRi9QoPaBi1I5rN0H5Y8h6Yt1vnIvT76X3dj0U/8MgghhBBCCCGEEEIIIYQQQgghhBBCyNFFpeLQ39eLvt4eTNTqmKjVMTk5Oa2xurq60NNdRU93VRg1EnL0EjtAd+yYq9uiIs1adOoJO3JAFoWCwQE5b5UDcl5q2Ly1b+216LugKEgeu2cDakOb0L1yTSh+ztvatk2hX/fgGtSHNmnd0skUQM/geaF/fWgz5l1YOD/XhzZh9K4NzbFWrQnn+y+8FrWhTZgc2ixkZTpbOCAXunLdYjltgaBZ58IBuSSfU6GrGwOXvhfVxYPYf8ufFfOYsYpo83wWzH/z72LXY/9RFH4mHb3zwwoGXvPf9dj5VHZ/5ac7dUCOnGn1Zessq6tPXbG+CQfkpAO03M8JPdYpuJhPByKdgK2ztcpvsSDp+fJjb46d1mefv5QDcvIXIEqe93i+snid1hvptvsZZhyU5DV/b+TXTX5MvtL5jOdB6f7J91k+vO2g36uxA7I5bvO8Fw7I+WnzviwrwFaO3uZyar78MPwcyOWYnwfm54XdgMVzCpNX83irBShWJOmIn8qnE/mU82ButhNPPQg/fgCudx4IIYQQQgghhBBCCCGEEEIIIYQQQsjRh3Muc23uRqPhUZ+cxOTkJCYbDTQaTcPWvFbLOQfnHCoVh65KBV1dXah2ddHtmbzoiB2gc/LKq9ILiYJB6RAtCiUtXrYeiBw7vY97Zv1kd+U36oHqysKlefiLvxyKmutDmzB693oseMf1qA42i6FH/3Y96kObwnFtaFOzf6jMK6LtX6eLnetDm7DgquvDXPtufG/2zaE2dB8mtt6HhVd/FAAwb9214boXYypdLXS3crKN6gOhhynNZ8bIrR/ExJa7wwCu0oXKMYPoPuF89K25Cq67DwDQe86VGPvPm1Hf9kCWT51T5Rxr0l0ZOBZ957wVYz+4OdZtHIPnXfweuJ5+PbYcL95KxRKGy0ZoynlXOA4H32gPUdBs61zl4gq90ik4b1P7OUVelwq5n9W2K8JVa5FHnE/RpnTSOPAmfN1ROI3LMeWK+mzZfFJ/pKtcbmsH7DCbE7qNo7fSZSp2ExbCykE9em/4bPl0vuJ8mmFL9qFdbptXF9bMiXGMg7lxbNeTiWO5zcUaqHxmzvnt3qs+HibSVZrXKJ/xzwGbr9ipPZ/K5tN+iZ+vjvLpo1HmZDu+5SH0nf4qEEIIIYQQQgghhBBCCCGEEEIIIYSQo5tKxaGnUgW6q7MdCiFHNBUgMulstq5oowuit3PNjqHNz4vr6gPRNm8sWpdNlrdyrmzu5qVsdCdmc0B15RoATefnyW2bsnmKkcbu2RCEV1etUccL3nk9+tddqxfDQRU/A8Doxg2oDq4Jx2MbNwhdTd2TQ5tD8XV11ZpsbQp9eVQu1+VEazLhOtAdhpAfm1dXjJrTGNmJxt7taOx9Fo292zG5ewi1pzbiwHf/Drs/+lZgshb69p33k0W+zUg2n5aB1/26uFcGI4OvoP/Cn43uTeqSH3O9WDOEtSoGEi3kfnVQTrZO7031j9nP2YxF60QbuW+LtVF5Ncthw1X6HdRoTuyN6MHN5y4WTz1zci+KPaqfU6i9rZ71xH6NkmN72LCkVhlRnk+hK7S5bqiOQrcYTT57Sd1CX65X6I7yKbe/3OsJXfKZK25xIWSZz5BX+YwH3SGaQpvKa/Fd72ehS+qD0WfyWcRsBKS2cbTNzJrBrKnTMZlodK7Uz4G0brVmqXym8jpH29rQYyCEEEIIIYQQQgghhBBCCCGEEEIIIYQQ0qRaOHEW7q+xA2nWeu3s7JB7byZo5Rxq3FSt06W8Lp1MldMnAOcLx8+8+DmM6e1AJhTvURvajLG716Nv7bUAgL6116BvbeH0LAudgWaxc23rfaiuKs5PbL2vcML1he7a1uL+wilYyPPSsLa4knQ0tSsknVyj9dX5ivNpe0sH5MLJtTE2jPFHvoXes94MAKge99LCEddYxfqka2uB61uA/rXvwujdny11cB24/Nfhqj1xfGX6Us7OWascg22ssrdPOdiazi10FZd80XpznInQzrxQ+1nN0UKXalVeTYj2+Unpzo9b6Cr2s3HUtfryfRGeUxR6bfQpXV7rivIptMjuqa0hdbk4/WmNbZ6vWG8RUNIBGdoRv91+TWlQUYnXi70ttZ/LN3Kcr5Q+9TaKwjMOz944/ifeP6U/B2RUibyG7SfbxH6O34cJvWoh52Zb2/4UCCGEEEIIIYQQQgghhBBCCCGEEEIIIYQ0qQTnTSC4aSJvM4fO0KLoLV1DU87O+Xfp5DlzDsiiR/Z9ctumIKo6uFoNl9/TLYqk60ObAdd0dB6+6ZeDY3Mxhuy7CcNf+GWMblwP55oOzznzLrxW6YbQnWOdgtWaqkBNLmDcYvPu8mOuqzVL5lMTO8YWGhp7hkK/yvxjQ16V863QpRxjDfMuuQ5wXVACc4fT7h70n3918j6l2xW7J3LKFY6ycgXtAqkclehW+zjTlTvJ5nu+OXS8X6Pk2B4irGj7Z2OG1uiyeQ35la64Zod05IBc5pSbBRhaGagUY5bbbm+t38xpIkrlU703pNaE7jivaV1Kn81riDnxwMkOyXyKNZNzmbzmeypaAZmrRD6tfrUXoMdO5TWEr/Iap1PlVU4vdOX5VGsoYwi6s2fK6HJq4HRezWx6byTyqR/3PEazB+doO7mzeB8TQgghhBBCCCGEEEIIIYQQQgghhBBCyIudKhD7ZYYDl33xLr6QOZoqB1Cf8Hz1xsHVzpdwmC1zKs09SpWDbd56oL5tE6or16C6cg361l6L0bvXh9Gqg2uCu7OSgqzAeWgT+tddC3gfip/rQ5sxMXQfJoc2a8dT54JDdHVwDbpWrlYF1H0XXov+dc25Ru9aLxygS/RFzrNFgEkHX6M7nChZ53CQKnA0I8p8di07LfRqHNgT4oldlYU+eck30Bjdi8q8xXDd/Zj3mutw4Lv/IKZtdh54w/8DVKoAgPpzj6J6/OmRlliQcI5Vl+P9B+f0QgnH4cgBG/H+KnXM9Xrmop8IrgyRo3g+LUM/P4Uze+FwHevS+s18sk09f0ZXcLZ2XktK2SubfKXmcyosszETDvTK0dvm1e45G47Ps4ymY7wK0uQzuppKDNLz5WHB5jN/b+S643zZfMYO/CXzyTWD0Jm/N5xxkI+c6L1avqRbdkq/mrr5PlQO2D7hCC0Sr/QmH2r7XUTsjc6Ebvv8JX/uzMG2vud5EEIIIYQQQgghhBBCCCGEEEIIIYQQQghpUgVsQWLWurzNihPlhfwmCJfN3KMzFEvrfjnl8+QFknmhXD5M1jNrXXany/q5rLrNOWDs7o9j/juaxct9a69BdXA16kObUV25Wjk6j929oTkkgK7MFbo7v+4c6ts2Bwk9g+cBq84DPFAb2hQKnUc3bsCCq5r3LLz6oxjbuKG5oIN6rtGNG4oCweQ6JwpWxbFL6g61w8Xy2uJmW//qSuqfjc9ons/qsSeh59SLQ6/a1vuzeOSkKO7JiwyduoD9X/9zLHzHBwEA89a+GwduXw80Jot89s1D3zlvDUHv/9qf4Zj3fFIOEeuSh86sp3fZOju9f8M+FhsOYt+abmrbxctUzC9/AQCuyKeTCbB5LcYJw7abLwyX6UKhTx2XPX8lutrtnxB3dqN3+hcBvNmvhQAxn5QTrbNTy2I7SF1J3dH7ScuI3H9tIW/q+ZO/2OFMGza6HcfqypfD7i+z4CZfUlfIZ6oA2eSrLK+u5T7UukJeIZazZB+GbRy5LIufA0J/lPjsepFXM19O23zKnwPF+7Isr7bN9YbBj+DrjZE9IIQQQgghhBBCCCGEEEIIIYQQQgghhBDSpOkALWv6kg6kWetNoVwogMwRlXElBYkQp3KTTut0Ka1IpZNp5Pgp3KWbBcr3YezuDcHpOXeDlozdvQGjG9ejOrgG/WuvUcXK7ehD5uq8cXEQz1kAACAASURBVD1G71qP0Y3rm67RAPrWXRP1H71rPUodsD0Kw17tyQrraGp1Ry6pap3zE9nXKJ8FPae+Bq7/mGIAV0Fl0Qp0v+QV6D7xfDFOA6P3fhbBEdc6QMtjk++JR7+Dyd1D6Fo8CHR1Y/7l78P+b/xF0D3/zf8DqHQ1+z5+Byb3PWfGtqsq9GUdrKOscgy2BZ/w2qE3UZie1NJyP/uiNfnUInwH8+UFmyJA8fxJXUVe89vjAJMO4j49fEKYvkHqhMy7N/3Sy+bCPU73kM7ViUJdpc/70D21NVrlNSmzRb4Kh2StW90ezZMXFOfLUa4rjsjm036Jb2uV16JbvA/lDeUO2PGCFQ7PRT6dEwXjMiJvN7rRKzSobdCCZD5L92HJc2jaYp2P7OuN0f0ghBBCCCGEEEIIIYQQQgghhBBCCCGEENIkdoDu2DFXt0VFmrXo1BN25IAsCgWDA3LeKgfkvNSwmGfsnvUYu2c9+i64NhRCA0B9aBPG7tmA2tAm9K/T16ZK/7pr4eAwunE96ls3o3vVmlAAnTtEH7hrAyaHNjVjhXSAznSWOAUHJ1NI3dLx1ARj1rlwQC7Jp6D3nCvRe86VbfUeuO3v0Ni1tZl7F49VRJvnUzP8lT/GMT/9MQBA3+q3Y+S26+EnDqAybzF6X/76LPAGhr/yJ2F/hbHzQ7u/8tOdOiBHzrT6snWW1dWnrljfhANy0gFa7ueEHusUXMynA5FOwNbZWuW3WJD0fPmxN8dO67PPX8oBOfkLECXPezxfWbxO64102/0MMw5K8pq/N/LrJj8mX+l8xvOgdP/k+ywf3nbQ79XYAdkct3neCwfk/LR5X5YVYCtHb3M5NV9+GH4O5HLMzwPz88JuwOI5tT93zOOtFqBYkaQjfiqfTuRTzoO526JeAyGEEEIIIYQQQgghhBBCCCGEEEIIIYSQJrEDdE5eeVV6IVEwKB2iRaGkxcvWA5Fjp/dxz6yf7K78Rk0BX23bJtS+uEnNWx/ahOrKNar4eezuZlF0XrhcDKT1VgdXo3vwvFDo3LfuGtSGNqG29T54eExsvU+sC1DfuikcFo65iRVoo7uVk21UHwg9TGk+O6Sx7zkM3/wB1Id+kJcbZvnUOVXOsXG6UR/6T9S3P4zqijOBShfmv/l3MfylP8T8K/4AcBUAwPhDt8If2APMW6zHluMlxg5LGC4boSnnXeE4HHyjPURBs61zlYsr85lfFW1qP6fI61Ih93O07bQ+n8/iiqiSjsKiNQ68CV93FE7jcky5oj5bNp/UH+kql9vaATvM5oRu4+itdJmK3YSFsHJQj94bPls+na84n2bYkn1ol9vm1YU1c2Ic42AeObbLycSx3OZiDVQ+M+f8du9VHw8T6SrNa5TP+OeAzVfs1J5PZfNpv8TPV0f59NEoc7olhBBCCCGEEEIIIYQQQgghhBBCCCGEEJJygEY7R05tQRqcP/PjEqfogCmok/OkC3qzE0knaOGY7Dz61l6L6srVqK5c05H4sbs3YHTjekhFkcNsFlh9aDPqQ5tRG9qEBVddDwChLaM+tAm1oc0Yu2u9LgCVy5B0DE44nrbQreI1y2YdViUTj34Lkzuf0rfVxlDf8Sjq2x+GnxhBXjgb1si5aDInCsa9ncQ17x7+8h9i8X//PACH3jPfiNG7/xk9p7662adRx/5bPtjUZd2lU7rM+OpyWwfsvPjUZdvKqcuFky2KbddyvtgxWLWpAuwwjnD4tvOZcIsJi+LnXF9zVOGALZ9Ts58jB2wku0FtWPH8pZyg1f5VC1YUtEbzhHj0shSB5mF06IAdvZ/SusodsONCXaXXyYLefD5RsFuia8YdsGEF5eOY+UI8rd8vSWfvcFU4YEc/B+w8eTfxc0A8X1HHXO+MOWDr96R19taV2nOzdd09IIQQQgghhBBCCCGEEEIIIYQQQgghhBDSpIrgxJnVtCUdSLPW20I5URBoiQobzTXxPXK4FNelk6ly+kSz+C13/Fzw9utRHeys8BkAxu5ej9GNG4CEA6sqEIQXTq4Ota33NZ2kO5irOrim2c97jGZF0EGehzCsLa4ofTAOrqH4UhxH66vzFeezYPyhWzD++O2h0LDMadoOa6sSlROwjcc3VU3uegYTT25Ez0svBFwFx7znk8irGEfvuwmN2lhyu8SutOlCVRmgcgy2screPq07qaVkmwN51rLWm+NMhMxnMZ+P52uhyxZ0Fnk1IdrnJ6U7P26hqxmPuMHoUjNn/fR8Po4+pctrXVE+hRbZPbU1pC5rEF2qsc3zFestAko6IIf3RtoBueQJUxpUVF4cm9tS+7l8I8f5SulTb6MoPOPwbH8BIPH+Kf05IKNK5DVsP9mm3k/R+zChVy3k3Gxd7zwQQgghhBBCCCGEEEIIIYQQQgghhBBCCGlSzT07Q0GZdeo0jrLW2Tl4A9vCO3t7VCiYDxsXdsrjtAMylNNp39prVUFyfdsm1Ic2Jwvv+tZeUwQodBWWovq4cLTOLzuMbtyABVc156sPZXMhXob+dc25+i+8Ft2DazB84y8XBYIlzrNOOeYKh2c5gcSZywmnXK3L3u7U5TIHW+W8al2aoR2Q40ma+vbf/MdY8mtfA1wlDOjrExj51t+I9a1EtwbdIl+RUy4Kx1wVsI3V6GrvSKzzpAo/3SFwQDYdpu6ArOR27oBcUqh76ByQxQtCHKfyqR299e1Wd7zOrQuQO3ZAzrHzRbpdptu8H0veq7EDclzwq7Dbe4oOyEGfK/TZ93Nyvvywzc8BZ35e2A2YKmRO6Soep5AJpS8ct3n+ms9punB6rrXV+YtBCCGEEEIIIYQQQgghhBBCCCGEEEIIIaRJFSiK0FTtW155Faw5zQVVUJdwPBX9wviidjK0HrAOs6o11+WhQ7P4ue+CZqFxfdsmDN/0y+ViB9egD82+taFNcTFxHqQsAEVcICk5cNd61Ic2JcYBRu/6GBZe9VFUV61BddUadK1ajfrWTbE+61AqBmlbuJcofLXrHA5MMaO+kOlN5DOaL3JV9kVbtqYAGgd2Y/zBW9B79hXh0ugdHwcaDRVN4tbkxXzp9K5pXdBb7GeZX9ENen+FMcWFoNfrmYt+IrgyRI7i+bQM/fy0cCz3iR1iKk3T+6dsH+q8eue1pJS9sslXaj7rmKw2ZuRYbhy9bV7L9pwIUTnGqyBNPqOrqcQgPV8eFmw+8/dGrjvOl81n7MBfMp9cMwid+XvDGQd5n9an91daV2kY4RcBhF6v35v2OVR6kw+1/S4i9kZnQrd9/pI/d+ZgWzlmKQghhBBCCCGEEEIIIYQQQgghhBBCCCGENKkAkUlns3V56+IL4iaXXQ9t5gUaWufUJ+rhRKtcUp0MIjt02SVXxCbY/8VfaYYrP9CfgItuV7og9IQ216u6Z9ogWvH9wMYNoe+8C69N6BdrbN1xIfQq3aKHHMLqlnkV9xjBqk3lU8WcT2DXQOQzXlKXq8H+Wz8EXxsD4NEY3YMDd35CrXm8vm3ymU8ZpnZFmw8gF0ruKUDrEvrk3lS5jfaz2BuJ/QoZg8yAjNneJsKN86lm03tDPp/qOS0WUD1zLXQVmrPsy2dBPvswc5oERT1sWGHsXKN8b2hdkW65QeRiik/Ip9Cv/nHFXHJumU+lO2w8Q6Sr0Kd1mznNEyZ1hXwmdNkHI5XX/FlQawo9p9RV6BaS5EFqG4e9AD2WWLtUXvO1j1bAPvBt8ynWDHrsVF5tK6Ud6de7lw6CEEIIIYQQQgghhBBCCCGEEEIIIYQQQkiTpgO0dMhMOpBmrddOyE3nT2nZmffXt1mUs6WPnS6lFal0Mo0cP71HdeVqAEB9aFPkzmwn9fY4uIQKnV4fR46m3gen2GZ8vpg34V5a33of6ls3obpqTRAcdIf1UZ6siJxczfloHrXOwlHXI5HPxMKYfJqsx92tA7Q8TuU7OM96YGIML/zlpWabWIdeeW86XtnBOsoqx+BkPoW+wpg21ttyneUloc/kU4vwHcyX70MRoHj+pK4ir/ntcYBJB3GfHj4hTN8gdULm3Zt+6WVz4R6ne0jn6oRjt9Lnfeie2hqt8lq6n0vyVTgka93q9mie3Pk4X45yXXFENp/2S3xbq7wW3eJ9KG8od8COF6x4Hxb5LN4b5m8A8HajG71Cg9oGLUjms3QfljyHpi3W+ci+Xj3+JBBCCCGEEEIIIYQQQgghhBBCCCGEEEIIaRI7QEuL1syhM7QACkfToi0cY3Mfz1aOudbxU8yl7GGz2Zxog+NnEU115RoAQP3Zzdo8NNKlyy7hEMYWvfTNTugVup0YSWkV/xQupUB922YAaBZBh8lFK3Sb2SJz26wpPjJcuVal+bTE+bSOstox1xVjijVQ+YymEGtsdCvHXKFc3qpTks9W6HNyrE7ymXTKLXKm86lz3LzdrJnMWmo/J5ZC5VPl1alzUlfhmAvxLJhNb3ZIygFZrmLhmJtrRNHmeqXuhH653HaDOns5uPLafMa6Ct0hGrFw5lOaVxTnXaQ+u71o0/mUG060qXyGfZbrN2uaz6XyqfWpnEULqvUXaybGkLqdmVvqDnnVWhRRPl04LfeA+hsAIt0u6Ja61M8DkSP90lOz6We9LJ8irypH0Whzq+0ZPA2EEEIIIYQQQgghhBBCCCGEEEIIIYQQQprEDtA50qg1eaHZSudP5ZSMwjHZEjmMWsdO7+OeWT/tdJpwE7VuqXY+cS1pGB2cWkv0WoddCAfo0A/K0TReA6Orhe5WTrYuv0VMK4dJp82bSkczonEc1j7gmQN2bSxagzCfB+AbgKvEjqaJfEYOs5M1cdBI5tNMbvIrN67Qm3BSBoQ+3yyYTDtg631mHZAjB+jIgTYdN5zurtIowxVSECLOp4h2BKJ8hoFtPsUqyG4mX8EJ2ToGpx6gEsl2+yUdsMNsTug2jt5Kl4PaIAkLYeWgLt4bUnepw3XIpxm2ZB/a5bZ5dWHNnBjHOJgnHfhz9PuleD8XfVQ+M+f8Vu+XeH+ldZXmNcpn/HPA5it2as+nsvm0X+Lnq6N8+miUOdn2nHQWCDkS2fH8ntkOgRBCCCGEEEIIIYQQQgghhBBCCCGHmeVLj5ntEAhpFkAnC2xd0QLmAoC8+i5yTfXm2NqKmoI6OU+6oDc74Zqty1tbyOsgrouToqBOReLKdBu7ULMQsUNx5mRq18eJ29UaODNfomBVlhyX6HZenrfi9HByfV/4y4tMR+MzalxXi3wWeutbN+OFP18X5nGiYNw74IUPXVzUZ7qicDovMJb5DG2myx/YjZ1/tk7oT+hKhZ9f9k7nNbK3lYkR+kK3XLcIr+V8puDfmTZVgB3GKfIXzWfCLSYsip9zfc1Rs9Y+uGY/u6DbTGO2vapYFnkKuiB/wUHs35LnL5onxKOXpQg0D6PQ1VxGp3W70NG8n9K6Yt3pfZjrjvKpCpDF+6VEVzyf3UA60VKX1p0vkxX0f9i77/g4yjt/4J/ZolWXJUu2XDG44oYxuGJajAtgILRgUghJLqEkl0vguNwvubS7S0IgcCEE0smFw4lDL6a4AQZcsI1xDBgwFjaWe5Gs3lY7vz92Z+Zps7tqlix93nmR2d0pz/OdZ2Y03v3ud53tKO25/Ul+fTGNp3D1SVyf9HagteMsJlw3hPNLLzOdiNdWr4fKc7/zz93PpuuhMJ6GBOyTcZoxYgKsSDaIiIiIiIiIiIiIiIiIiIiIiIgoLgS3Emcip81YgTQxtdVEOb0isktLbFTmCY/VSpfifLGSqVTpE4nkN3E7vpWW5XacDcsVdb0KrFKCIGyhkmuiArKwJdsWKkDb5rjlftlucVKvYK0tzdMqmqp7SKzkqu1febySjqeb+Kjk25nC6MB4ShWD4wPnxq2Opy1uxFAh2pjQqPRYqhisHBPS0rY5br+4/KgVg6Xn8cCl8fTas/X2ksSlJnR646p0UT1/THE7z5PE5R3P3nhp8ToLJpaT27P13pvisuW4tPEUYhEXNx0aYlxqgWjfGFOcX3q8XoeMFZDd64a5ArLPGSbFIPVKuLyoq5mOZ/8DWR8vU3zSeat1T6nwrH4BQB1X/1Lfcu8M4+oefuLUcDzr10NDvNKOPPmmkdNngKin4jc6iYiIiIiIiIiIiIiIiIiIiKg7hJyanW5CmVqp06cCslr5WcvnU1fXEgWdzeqJneJzcwVkGCvzSsVVxbxDoR/yCl5c7tw0KiCLVaAtCBWgld3lJkRqZYydAISpVMnUbV2paC3sX2FT0mxDpVxTXPp4youlW5HYtwIyfCogSxVl9fF0N6+25x0wie4rlXKd49h3PM1xpa5ILI+TlPgpVrSGusMSfWhrBWRlgbZXQJbCTb8Csk+ibtdVQJaPQ+e5aTzlit7y6mrc+n42x+WsmHYFZIfanha3lYhbuT76XFf1CsjK9dHvfHfbE68bqSsgu/FZXnxOO8aEceV896vwr1Z+9qtAbkpkNsXlnU7uSEjxuc9TnH/x89ScOH0yTbMmngMiIiIiIiIiIiIiIiIiIiIiIiLyhAAvCU3KfXMyr9zSnMoMKaHOUPFUWM7dvpA76U5tQK0wK02V+eJTKTfP2bZteM0Un/EF6AmgMCT0SpuwDa/B2202klSmVuI2LJcycc+Q+KruZ/eJtoI+NY1n0oRMOKOSmNqIJ43a3utShVapP3pHjfGJM9Wntvey7f6/f0KvNDAQ4nMWg3x8udsUZkgVraWOqSuaDjB5FXN7chjy+ZOkYrltGFcl09R8/Pgdh+Zx9WIwHgzSY1N7asVk6Uw2VCyXKnqr4wqlT2p3bGeUIVcYFzqYsgKycn6ZrxuJbkEdT+e64cStj5c6nnrFdp/2xH0GIU7numEpFeRtc3zy8WWOy7cb7hcBhHht+bqpnodSvMaTWn0s9NhW4jTErZ5/xr87J9E0WDIUkZFTQERERERERERERERERERERERERJ4QoCYkegU841O1dKdc2dNYATTxiricw78dJ0HSSZRzNpNY0lT5U9y2lehFkorJUk8s+FQ8VeJTK7qqFYUtoQK0mM/n7DZLXUet+GpIWBWeGyueOrtD6K4cnLw583gKO17YgN94ukv5tOPmWBrG01IS5cXxTF4B26c98akFeX+mqoDtW9FcXqwjFbBNcWmZ6pay2VTtuZtTKiSnWwHbJ65Ux49cuVuomJxWBWyhHee5tp8tabckrYBtirudFbDlDirnn3i8JquALW1HjcvZHerxpexwvwrYljCehrjU8fKvbJ7sOExVAVvrnraf3euFu5/N1822VMCWpBxP8bqRugK2OnXidTfeA+fnTFsAIiIiIiIiIiIiIiIiIiIiIiIiksUrQIs5fcYKpImprSTKuQmQDiEzzichEcJLduL/1IqXYlayWMlUq/gpLBcafKah0rLcqK0+dzqQJAFZq2hq214SJOIJsLa0A9VgoPTL9uJ2948tzdMquSqva+1I+9l5IfEwxXi6cUqJykmGz7SLlf64la+V+L2KurYbtzqeYt6tMUFdjA+Q4jJWDDaOJ4ztaPEm3c/iLCU+9YgWKiqnbs85DoUOKuOlVwp2Vtc7aKwgbps3bwhMGy8pXrFStLScebdZ7jqWvIRYudqQqCvFZ9va8SVtCv7j6n88m8fLq5Asxy2trrXjJBQ7u8M/Lr1H6niqD/TVko2rt5h+HIor+FfA1neYdz30xtP4BQdnXKWOKPEKMUiHQRLG8fQ9Dn3OQ2Xq7eeeOT975qUgIiIiIiIiIiIiIiIiIiIiIiIimV4BOu2KufLUy0hTS3TKDeoVoJWEQCVR0K2A7EylCsgWovu2IDRkKkJDpyJr5j8JDUHLtwsNOdN9HB46FeGhU1PvIUNCXmiot52MYWchY9hZxtWsxLKhRDuNG/7k7ZSkFZCFis+Jkq5exVOlIWU/exWQfcYTPuOqVvQWu2dqz4nTFhI+Ab1irpr4aazo7bXj9lLttnp8OS+nWwHZOW7dyrTmdtytS9mnlrDb9C8AGCtAi8ezuPvU9rTjVO6IWAlYrWwtja+3Q8ztOc+1/SzHp55/pgrIxi9A+Jzvent+/bXkeLW41eMZynbgM67OdcOZr4yPMl7m8dTbge/xo54/6gLy+adXQFaepzjfvQrIzsvK9dIvAVuq6K3MNrXnPNUqwqvXDfm6oh6A3nkKZVyV01vaAd4eMVbEN42nJYyn2A5OrmnWmZ9CeOAIEBERERERERERERERERERERERkcw6/ptZhhRfGBOI9RmGhEF1mqwqc9J2zMupiWzBIVORd9UDKVbuGSrunam/mGr3qImCUKZt3H/eCtoMeAm7wvhCrAjtJDQnaa/N/fF/2ZgAatqOcQvOUyXxUz1+ISaAtrMCdhpx+S3nW6E45fknxJcshVKpwGuoA+7Fn6zbbYkr2eqG49m4pHFHqHGpGbv6FlMmvqaKqxPGU24vjfNPO14N8aU6f0y7x6/facTlO67aeOp/B/zjMsTXxr8X7b4eniQG3PY7ZI6d1mXb/2T3Pj2JvZ1T6bH4GtJYPsnjdJ77vZZqXrJ10tWRbWRlhzrcPhERERERERERERERERERERG1X0N9tLu70Md1LNErAHi5Sk4aj5X4P2eqzRCWtqz4gu7UeV2YL/0HYRpf0ZtaicacqdhWou34rMTWLQut+7bg+P2z0bjRqa7c80T3bkH1Y19347MgTBPxuFMAYtyWT9yWMN/dhPifsDl5PC1v1xrGU94g5L4C8himM57OsQExUcySOyUkzSlHjzku8T9lvrfPhHgNcTltu/GJfbTkWKT/Kcez0ltvm0Lc+rh6+9495MXdoXZXit+CtDVLODa0E9dp29t50hiJx6ITtzauiaXUuMT41PNUDEJdQu2WGKvYI2c8hbjcqXiseAsKcQtbE+Iyxy3E58QrxK2Np7NpaVwNu1scCmkV5ZhWeiSd427cbm+82KRx9R7Lx7MQlxgflPjU89TtsxKA6TDWDjNln0HZp5bcJ6U38lhJfwfMcUv7zDSepnE9SabZk8/r0uRnIiIiIiIiIiIiIiIiIiIiIiKik1kIsGHb8fQxGwBsG7ZlxaewINXYtOXKzhacCp8GySpx2vJjW31ZmB8vHGonKow69UQTU9tOVPy00bDhj2jY8Ef/SI0lQg3TE1AB2XbitoQniTlSfEjEp+4hW3juWyE40UCy8YRaAbk9FYmV1wzj6Rwjtp2Yadlu3Np4ihuxksSXpKKsndixtjuexr0T33yyisS2z2OtR7Y3tZXn8cCl8fTas/X2UlSsFuP3xlXponr+mOJ2nif7AoWtrKDEJbWcWE5uz9Z7b4rLluPSxlOIRVzcdGiIcVn68JtjTHF+6fF6HUpaAdluawVkOS4pbrGrwmqm49n/QNbHyxSfdN5q3fPiUv8OWOqI234nlhaycVzdw0+cGo5n/XpoiFfakSfHNG/hjSAiIiIiIiIiIiIiIiIiIiIiIiKzkFN5000oU6vW2pYzI/6yU2tTqX6r5fOpq2uJgs5m9cRO8bllKdPEBixb7qbTnkvMO5TCMMflbkDZoOXG7cy2pMW1hERLac+QKOgFIEwTO8hKJL+5e9cJVIxLpMRt21ZiP1vm8RQHBuJ4yotJ3ZN2gNqekgBpKc/VxE934BKtq+OpxqXtZyvRfS+++H5OTH3H0xyXX9xyNrE3TtJ4Wpae0CuNl5eB6x0/KdpTFhDjUsdVPp7VfiubE+OX+mM4/4TxcsfTUr7wYEPOME5x/Gjnj3IcOs9N4yldN3yPC7UdJT6fBGTT8SpcfRLXJ4Hanha3lYhbuT76XFfd8YQXn/Tc73x32xOvG951Ej7j6sZnefE57RgTxpXzXY1Lq4KuXleVA9CUyGyKyzud3JGQ4nOfpzj/4uepOXG6J09zzr0akZFTQERERERERERERERERERERERERGYhwEtCk3LfnEwstzSnMkNKqDNUPBWWc7cv5E66UxtQK8xKU2W++FRNFNQS+PzaU+ZL1ARQGBIklbjV7TjteBVNbXi9N8SnVigVtpQycc+Q+KruZ/eJtoI+NY1n0oRMKPHZiCeNCnFLFVql/ugdNcYnzlSfCrvfdv/fP6FXGhgI8TmLQT++1ONQqmgtdUxd0XSAyauY25PDkM8fb0S8Ctd6XHL8Snvq/lXPPyUudVy9GIwHg/Q42XnqRCFl2RoqlksVvdVxNZx/UndsZ5QhVxgXOpiyArJyfpmvG4luQR1P57rhxK2PlzqeesV2n/bEfQYhTue6YSkV5G1zfPLxZY7Ltxvu9VCI15avm+p5KMVrPKnVx0KPbSVOQ9zq+Wf8u9ODp1ZeIfpd+Q0QERERERERERERERERERERERGRvxCgJiR6BTzjU7V0p1zZ01gBNPGKuJzDvx0nQdJJlHM2k1jSVPlTrJhsJXqRomJy6gqrSnxqRVefuLVEQedly2unQxWwpbi93OHOroDtN57uUj7tuDmWhvHUEsaF8UxeAdunPfGpNp4pKmD7VjSXF+tIBWxTXFqmuqVsNlV77uaUCsnpVsD2iSvV8SNX7hYqJqdVAVtox3mu7WdL2i1JK2Cb4m5nBWy5g8r5Jx6vySpgS9tR43J2h3p8KTvcrwK2JYynIS51vPwrmyc7DlNVwNa6p+1n73roLGa+bralArYk5XiK143UFbDVqROvu/EeML/w2tsRyCkAERERERERERERERERERERERER+YtXgBZz+owVSBNTW0mUcxMgHUJmnE9CIoSX7MT/qRUwxaxksZKpVvFTqC4tVvw0EsOQ2kuegKxVNFUq6hoDUx677Un7GV7BXrHCKZQ4DXFr7Uj9cV5IPEwxnm6cUqJykuFLI25b3c9u5dnEi2pFb2U8nbxbraK3Gh8gxWWsGGwcTxjb0eJNup/FWUp86hEtVFRO3Z5zHAodVMZLrxTsrK530FhB3DZv3hCYNl5SvGKlaGk5826z3HUseQmxcrUhUVeKz7a140vaFPzH1f94No+XBz3pxQAAIABJREFUVyFZjltaXWvHSSh2dod/XHqP1PFUH+irJRtXbzH9OBRX8K+Are8w73rojafxCw7OuEodUeIVYpAOgySM4+l7HPqch8rU28/dPz/33KuRM+MSn+iJiIiIiIiIiIiIiIiIiIiIiIjIoVeATrtirjz1MtLUEp1yg2lVQBYSBd0KyM5UqoDspBrq7UibU8KQEzKVjioVWi2fuP0qorrNu+04idNOWIkVklZAFio+J0q6ur1SEwSV7nsVkH3G011QGVe1srXYPVN7Tpy2kPAJ6BVz1cRPY0Vvrx23l2q31ePL3c9pVkAWx1OIS6tI7G5YfGAJu03/AoCxArR4AIq7T21PO37kjoiVgNXK1tL4ejvE3J7zXNvPcnzq+WeqgGz8AoTP+a6359dfS45Xi1s9nqFsBz7j6lw3nPnK+CjjZR5PvR34Hj/q+aMuIJ9/egVk5XmK892rgOy8rFwv/RKwpYreymxTe85TrSK8et2QryvqAeidp1DGVTm9pR3g7RFjRXzTeFrCeIrtoOdOI6dORNHnvwciIiIiIiIiIiIiIiIiIiIiIiJKTa8A7XAys3xnGBIGxUrJQqKkyhanNqBV7LRtfcnEcuLiUr1RUwKfrW3F3ZQWlruOsyGfeNUEUHGDYmakDaFSrS2HpcaVJO5klWy1/EDImzEPmzCwtjQDXsKu03EnXjf90FgBW6oca8eThMW4k42nljhuik/dbcoK8tbFAxd64qc4MBDis5GkArYULNQKyFoFaK0CrbnfsOTFpd0qdlcIBW6PnSZSpFYqFXgNdcDhVRoXtynuUds4rqZz2y9k03lqGRd3KlwLrYuVr6W4lBPeUEJYqqCuXTfsxO6Tx0sfT2WzPsehurvVcbXcfSaff1IFc6myt9qwfH3xrs/eMtJ4JirnJ7u+6MeXOS7fcdXGU/87oI6XXqndaUodT/WBfn6lNZ62tpUeNw3kFaLoS/8JIiIiIiIiIiIiIiIiIiIiIiIiSo9eARqpKnLKJUjdyp/Oc7+KyQ4loU6rzOyXCWqsBC1UTJbmO9SMaKEdeO3JcVtieNqOaGsF7NTtGRJWxZTjtOIW+qvsNr3Cqjoe8nj6V8B2Zqv7R+guDOMJU8VgbzzTrYAtxSVSw2ljBWw3PncxJ26he0nb0ysGJ62ADXG8hArfantKd70GveRnJ774VoUK2NJxKI+XVgEbxsXkA1YYJ1MlaOn49Tn/tHbc/si7xeuo0400K2Br1ydzXP4VsPVEXSleS0zoddoTri8+cXV6BWyoATnbUdpz+5P8+mKs7O3OFSpg+5zv/hWw5fNLL+meiLfTKmDL10m1srecqd3DpoEASr56J8IDR4CIiIiIiIiIiIiIiIiIiIiIiIjSE4JbiTOR02asQJqY2mqinJAQqNISG5V5wmO1IqY4X6xkKlX6RDz5zVTx09iQkFEnVVxVp2qCIGyhkqu5ArLUhiFuNT6nq17BWm+OFB+UCq5u8qXwXOuHPF5Jx9NNfFTy8kxhdGA8pYrBynhp4yluxFAh2pjQqPRYqhisJsCLS9vmuP3i8qNWDJaexwOXxtNrz9bbSxKXmtDpjavSRfX8McXtPE8Sl3c8y+eXFp8wXnJ7tt57U1y2HJc2nkIs4uKmQ0OMS6sI7xdjivNLj9frkLECsnvdMFdA9jnDpBikXtnCc2U10/HsfyDr42WKTzpvte4pFZ7VLwCo45rsein2yjCu7uEnTg3Hs349NMQr7cieNS25+ReIjJ2m7hYiIiIiIiIiIiIiIiIiIiIiIiJKIuTU7HQTytRKnakqIDulONXEO3V1LVHQ2aye2Ck+N1dAhlbp1K0M6hDzDqUwzHG5G+jKCshigmDSCshu6x2ogKxUyDVVQIY4nvJi6VYk9q2ALMQtJX5KFWUN46nGpe1nK9F9pVKucxz7jqc5rtQVieVx8q1oDXWHJfrQ1grIygJtr4AshZt+BWSfRN2uq4AsH4fOc9N4yhW95dXVuPX9nDwBOe0KyA61PS1uKxG3cn30ua7qFZCV66Pf+e62J143UldAduOzvPicdowJ48r57lfhX6387FeB3JTIbIrLO53ckZDic5+nOP/i56k5cbrbp5aF4lvuQdYZF4CIiIiIiIiIiIiIiIiIiIiIiIjaJgTo9TLdJ1bigZt1KMyQEuoMFU+F5dztC7mT7tQG9ArOwlSZLz5VEwW1BD6/9pT5EjUBFIYESSVudTtOO15FUxte7w3xqRVKhS2lTNwzJL6q+9l9oq2gT03jmTQhE0p8NuJJo0LcUoVWqT96R43xiTPVp8Lut93/90/olQYGQnzOYtCPL/U4lCpaSx1TVzQdYPIq5vbkMOTzJ0nFctswrkqmqfn48TsOzePqxWA8GKTHyc5TJwopy9ZQsVyq6K2Oq+H8k7pjO6MMucK40MGUFZCV88t83Uh0C+p4OtcNJ259vNTx1Cu2+7Qn7jMIcTrXDUupIG+b45OPL3Ncvt1wr4dCvLZ83VTPQ7Xyvn9c6gOfXwJQ4lbPP+PfnW6eBvIKUfzVO5HJys9ERERERERERERERERERERERETtEgLUhESvgGd8qpbulCt7GiuAJl4Rl3P4t+MkSAqZqPENwqvsqVT+FCsmW4lepKiYnLrCqhKfWtHVJ24tUdB52fLa6VAFbCluL3e4sytg+42nu5RPO26OpWE8tYRxYTyTV8D2aU98qo1nigrYvhXN5cU6UgHbFJeWqW4pm03Vnrs5pUJyuhWwfeJKdfzIlbuFislpVcAW2nGea/vZknZL0grYprjbWQFb7qBy/onHa7IK2NJ21Lic3aEeX8oO96uAbQnjaYhLHS//yubJjsNUFbC17mn72bseOouZr5ttqYAtSTme4nUjdQVsderE6278BMzPOG0S+t/4Y4QGjgARERERERERERERERERERERERG1T7wCtJjTZ6xAmpjaSqKcmwDpEDNh5aciqSKmrVfIFLOSxUqmWsVPobq0WPHTSAxDai95ArJW0VSpqGsMTHnstiftZ3gFe8UKp1DiNMSttSP1x3kh8TDFeLpxSonKSYYvjbhtdT+7lWcTL6oVvZXxdPJutYreanyAFJexYrBxPGFsR4s36X4WZynxqUe0UFE5dXvOcSh0UBkvvVKws7reQWMFcdu8eUNg2nhJ8YqVoqXlzLvNctex5CXEytWGRF0pPtvWji9pU/AfV//j2TxeXoVkOW5pda0dJ6HY2R3+cek9UsdTfaCvlmxcvcX041Bcwb8Ctr7DvOuhN57GLzg44yp1RIlXiEE6DJIwjqfvcehzHipTbz93/fzcc69G0ee/lzxIIiIiIiIiIiIiIiIiIiIiIiIiSkmvAJ12xVx56mWkqSU65QbTqoAsJAq6FZCdqVQB2Uk11NuRNqeEISdkKh1VKrRaPnH7VUR1m3fbcRKnnbASKyStgCxUfE6UdHV7pSYIKt33KiD7jKe7oDKuamVrsXum9pw4bSHhE9Ar5qqJn8aK3l47bi/VbqvHl7uf06yALI6nEJdWkdjdsPjAEnab/gUAYwVo8QAUd5/annb8yB0RKwGrla2l8fV2iLk957m2n+X41PPPVAHZ+AUIn/Ndb8+vv5Ycrxa3ejxD2Q58xtW5bjjzlfFRxss8nno78D1+1PNHXUA+//QKyMrzFOe7VwHZeVm5XvolYEsVvZXZpvacp1pFePW6IV9X1APQO0+hjKtyeks7wNsjxor4pvG0hPEU20H3TK28QhReextyZlwKIiIiIiIiIiIiIiIiIiIiIiIi6ji9ArTDydzynWFIGBQrJQuJkipbnNqAVrHTtvUlE8uJi0v1Rk0JfLa2FXdTWljuOs6GfOJVE0DFDYqZkTaESrW2HJYaV5K4k1Wy1fIDIW/GPGzCwNrSDHgJu07HnXjd9ENjBWypcqwdTxIW4042nlriuCk+dbcpK8hbFw9c6Imf4sBAiM9GkgrYUrBQKyBrFaC1CrTmfsOSF5d2q9hdIRS4PXaaSJF6qVTgNdQBh1dpXNymuEdt47iazm2/kE3nqWVc3KlwLbQuVr6W4lJOeEMJYamCunbdsBO7Tx4vfTyVzfoch+ruVsfVcveZfP5JFcyNFdsd8vXFuz57y0jjmaicn+z6oh9f5rh8x1UbT/3vgDpeeqV2pyl1PNUH+vmV1nja2lZO6DTn3KvR78pvIJBTAKK+oiUaxf4DR9NefujgAQgGA13Yo7arrqlD5fEaAEDpgP6IRMLd3KMTq3zfYcRiMQwoLkRWViTpsnV1DThaUQWgb+4rIiJqP94znPyce4ZwOITBpcVpr3e8uhZVVbUAgOHDStXv3hIREUl4z0CdpbqmDp/sPYSamjoMGtgfg0tLOBZERL2IeM+Ql5uNosL8E9r+oSOVaGxsAgCcMqy069s7XIHGpmZEMsIoHdi/y9sjIiIi6qn0CtBIVZFTLkHqVv50nvtVTHYoCXVaZWa/TFBjJWihYrI036FmRAvtwGtPjluuWNrRCtip2zMkrIopx2nFLfRX2W16hVV1POTx9K+A7cxW94/QXRjGE6aKwd54plsBW4pLpIbTxgrYbnzuYk7cQveStqdXDE5aARvieAkVvtX2lO56DXrJz0588a0KFbCl41AeL60CNoyLyQesME6mStDS8etz/mntuP2Rd4vXUacbaVbA1q5P5rj8K2DribpSvJaY0Ou0J1xffOLq9ArYUANytqO05/Yn+fXFWNnbnStUwPY53/0rYMvnl17SPRFvp1XAlq+TamVvOVP7xEyzJp+HvIU3IjJyCoj6msNHKvGzX/5f2svf+cNb0C8/twt71HZvbNiGZ196AwDw7Vuuw9hRw7u5RyfWXb9agpZoFEMHl+C73/4iAgH1hsSzbXsZ/rL0RQDAt27+DMaNPuVEdZOIiE5yvGc4+Tn3DAX5Ofj5D29Ne71nXngd6ze9CwD46X/cdMI/lCYiopML7xmoI2KxGB595hWs3/QOmppatPlZmRFcteh8zJl1hvZxDBERnVzEe4ZZ0ybii4svPqHt/2XpC/h4934AwG/vuaPL27v3N0tRVV2HrMwI/ucn3+zy9oiIiIh6qhDcSpxO0UxTBdLE1FYT5YSEQJWW2KjMEx6rFTPF+WIlU6nSJ+LJb6aKn8aGhIw6qeKqOlUTBGELlVzNFZClNgxxq/E5XfUK1npzpPigVHB1ky+F51o/5PFKOp5u4qOSv2cKowPjKVUMVsZLG09xI4YK0caERqXHUsVgNQFeXNo2x+0Xlx+1YrD0PB64NJ5ee7beXpK41IROb1yVLqrnjylu53mSuLzjWT6/tPiE8ZLbs/Xem+Ky5bi08RRiERc3HRpiXFpFeL8YU5xferxeh4wVkN3rhrkCss8ZJsUg9coWniurmY5n/wNZHy9TfNJ5q3VPqfCsfgFAHddk10uxV4ZxdQ8/cWo4nvXroSFeaUd27TR7yoXIvfA6ZI6d5h80EUmCgZ5VlYk8e/cfwRPLXsW1l1/Y3V0hIiLiPUMvYvxFKSIiok7Ce4be58lla9Aai6G0pAjnzjoj7fVqauvxq98/jvJ9h3yXaWhswpLHV2D1a5vxza9d634xq/J4DVa9thkAMOn00zrtC9/tjYWIiIiIiIiIzEJOzU43oUyt1JmqArLznWg18U5dXUsUdDarJ3aKz80VkKFVOtW+mi3mHUphmOPySorKzzu1ArKYIJi0ArLbegcqICsVck0VkCGOp7xYuhWJfSsgC3FLiZ9SRVnDeKpxafvZSnRfqZTrHMe+42mOK3VFYnmcfCtaQ91hiT60tQKyskDbKyBL4aZfAdknUbfrKiDLx6Hz3DSeckVveXU1bn0/J09ATrsCskNtT4vbSsStXB99rqt6BWTl+uh3vrvtideN1BWQ3fgsLz6nHWPCuHK++1X4Vys/+1UgNyUym+LyTid3JKT43Ocpzr/4eWpOnO7MabBkKHKmLUD2zEsRHjgCROSZefaEpMmzgUAAWVmRE9gjaqvVazZj3KjhmDR+ZHd3hYiIejHeMxAREVE6eM/QN614ZSMAYPjQgW1KGl761Go3+XnIoBLMmTkZE8edhuL+BTh0pBKflB/EMy++jorKahw8XIFwOOSuW3G8GqvXxBOgM8KhTkuAbm8sRERERERERGQWAvR6me4TK/HAtvQZUkKdoeKpsJy7fSF30p3agF7BWZgq88WnaqKglsDn154yX6ImgMKQIKnErVdJFXab7fTam2rxqRVKhS2lTNwzJL6q+9l9oq2gT03jmTQhE0p8NuJJo0LcUoVWqT96R43xiTPVp8Lut93/90/olQYGQnzOYtCPL/U4lCpaSx1TVzQdYPIq5vbkMOTzJ0nFctswrkqmqfn48TsOzePqxWA8GKTHyc5TJwopy9ZQsVyq6K2Oq+H8k7pjO6MMucK40MGUFZCV88t83Uh0C+p4OtcNJ259vNTx1Cu2+7Qn7jMIcTrXDUupIG+b45OPL3Ncvt1wr4dCvLZ83VTPQ7Xyvn9c6gOfXwJQ4lbPP+PfnU6Yhk+diMzTZyBr4jmIjJxi3kFEhKzMCHJysrq7G9RBv//Ls/jP//dPKOyX191dISKiXor3DERERJQO3jNQumwA297dCQAoLMjD//vWFxAKBd35pQOKUDqgCNPOPB2vvLEFNbV1yMvN7qbeEhEREREREVF7hQA1IVGpRKpVmJUrexorgCZeEZdz+LfjJEgKmajxDcKr7KlU/hQrJluJXqSomJy6wqoSn1rR1SduLVHQedny2ulQBWwpbi93uLMrYPuNp7uUTztujqVhPLWEcWE8k1fA9mlPfKqNZ4oK2L4VzeXFOlIB2xSXlqluKZtN1Z67OaVCcroVsH3iSnX8yJW7hYrJaVXAFtpxnmv72ZJ2S9IK2Ka421kBW+6gcv6Jx2uyCtjSdtS4nN2hHl/KDvergG0J42mISx0v/8rmyY7DVBWwte5p+9m7HjqLma+bbamALUk5nuJ1I3UFbHXqxOtu3E2sB6xwBhDJRii3EMF+JQiVDEWodAQyho5BxogJsCJ8M5zoRGhubsHu8oMoKe6HwgI9+fbgoWOob2jCwAFFyMnOTG+bLS0o33cY/YsK0C8/t0P9q6trwN4DRzBkUAlyu/AD2IOHK1BbW4+hgwcgMzMj5fJNTS3YXX4A/fJzMaCkUPj70z4t0Sju+92j+MEdX0KgHT8lbNs2jlZUoaKyGjnZWSgdUCR96JhMTW099h88ilOGlmqxx2Ix7N1/BLZtY/CgYoRDIZ+teNq6L4mI6OTAe4a47r5nMIm2tmL3JwdQ2C8P/YsKOn37REREbcF7Bs+hI5Wora3HiOGDEAzK/9ZvampB+f5DyM3JxoDiQgQCye8RYjEbn5QfQDAYxODS4rT/zR+L2dh34Aii0ShKB/Tv1Ord5XsPoSUaBQCcPnaEb58CAQtzzzurQ2115H2Pzna8uhZHjx6HFbAwZFAJMiN874OIyE9NbT0OHq5Av/xcFPcvSOvfxAcPV6C6pg5DSotP6Jey6hsaUb7vMIYOHpD2PYqD74kTERFRbxcquHldd/eBiIiIiPq41Ws247FnXwEAfPuW6/Dc8rXY+fFed35OThZu+uIVGDNyGJ5bvhar1mxCU1OLO//sKeNww+KFyAiH3dd+8cDf3G3c9aNbcf8fnnB/+hQAigrzcd7sKVj4qRlp9zMWs/H4sy/j7W0fobKqxn29sCAPkyeOwmeu+JT7weHtP/g16uoaEA6FcM9/f0Pqm+PNt7bjz399HgBw9WUXYN4F0wAA1TV1WPrkKrz34S4pztIBRbjly1dhYEmhtq21b76Dl19/C/sOHHFfCwQCWDR/Ni6eN0v7vlMqY0cNR1ZWBFvf+QgHD1dg6ZOr8dlr5qW9/oc79+DZl95A2a592rwLzjkTV112vnG8AoEA/uP2L+LXf3wCFZXV7vzSAUW4/evXIzMzA394+Dm8+/7HiMVi7nxx/4nasy+JiKjn4j1Dz7tnMNm95wAefeZlfLx7v/taVmYEV19+QSdsnYiIKDXeM3j3DLfecQ9isRjGjByGOTMnY8njK6RYp0wajZtu/DSOHjuO3/75aekeIRIJ45YvXYlxo0/R2irbvQ/PvPA6du7aJ/37fMqk0bjx+kuk5FtxPP7tnz+H1a+/hbe37ZDWmzp5DG647mJkZmZg954DuPO+R6T29uw9hJtvvxtA/N7lwbtv992v4q9Yle3ai1gsltaXul9ctR7PvPiG8toGvLhqAwBg1GlD8a9fvx5A+u97pBtL2e59uPv+vwIAPn3pedpxtHHLdjy0JD62X73hcpx1xlh33oc79+CRx1bgyNFKaZ2C/Bx85tNzpWWJiPoi8W/hpfNn46Ely1BVXefOj0TC+KfPX4ZJ40dq6+47cARPLluDHTvL3S/XAPF/41512fmYM/OMpP+Ovuv+Jfh4937fv13f+fGDqKquQ1FhPn76HzdJ89Zvehcvrd6AQ0e863tRYT5uvvHTSePle+JERETUl7S9hBsRERERUSdravbehPv1H56QPpQE4lWQHvjTE1jy2Ao8v2Kd9KYdAGze+gGee2mt9Jr4Idqd9z0ifSgJABWV1Xj6+dewas3mtPpoA/j9w8/g5de3SB9KAkBlVQ3WrH0bDz70JGKxeAn76WeeDiBeQfnNt7Ybt7nilY3u49nTJwEAGhubced9j2DLth1oampBOBRCJBL/UPPg4Qr8+K6HcPBwhbSdN97chv979CX3Q8qszAgCgQBisRiefekNPPTIc2nFqPrS9ZeiID8HAPDa+q3Ysm1HWuv9492d+J/f/N34ISAAvLr2bTz29CvSa854xWIx/Ox//k9Kfgbisf/q94/jf37zd2x7b6c0vgDwxHOvYvuHu6XX2rMviYioZ+M9Q8+8ZxAdrajCPQ8slZKfAaChsQmPPLocb239sMNtEBERpcJ7Bu+ewen3zl378NCS57VYt77zEf7ytxfw03sflpKfgXg16F/9/nHU1TdKr+/dfxj3PLAUO8rKEYvFEImE3V9m2vrOR/jhnX9Ea6u3v8TxeOChJ/HW1g+0f9dv2bYDf31ihbZ8e+TlZmNQaTGAeLXrn9z7MN77YJe7L/00NqXXblve90g3lpZmL6nO1n6+FohGW42Pq6rrcN/vHtOSn515f3j4Wazb+E5afSAi6q2cvzm7PjmA//nN36XkZyD+9+6BPz2JoxVV0uuHDlfgzl8+gvc+2CUlPwPxf+MueWwFVr26KWnb6t9dVTTx97KlRd7+1nc/wl+WviglPwPx+4277/+rFoOD74kTERFRX5P6d6KJiIiIiNphzbqt2LD5Pd/5c2ZOxtWX6VUAW6JRXHT+2Zh/4XQcPFyBR59ejb37j6CpqQWvb/gH8nKzcdONV6CkfyHWvrkNz74Ur8yz+rW3jNsD4m8Kzj3/bMy/YDoikTDe3rYD//focsRiMTz+7CsYOrjEWM1I9NjTq7H1nY8AxCslfOXzl2FwaTEOHj6GP//1eezdfwTvfbALSx5fji98ZiHmXTANr7yxBQCw6tVNOHfmGdL29u4/4n6wOH3qePen6+55cKmb/Pu5a+bj3Fnx9XbvOYB7HliKlmgUf3tiJb59y3UAgO0f7sYjjy4HAAwsKcS3b1mMfgW5aG2N4S9LX8TGLdux6e0PcNH503DKsNKkMaoikTD+5abP4D/v/jMA4I//9xx+/O9fQUn/fknXm3D6qQiHQhhU2h+XzJuF004ZjKysCN59/2P8799ecMfy05eeZ/zJvtZYDDdctxBnTByNd9//GEufXIWGxib3w+UxI4fhC9ctRGu0Fc+tWIe3tn4AAFj+8psYP3aEu5227ksiIuoevGc4+e8ZHLZt4+77l7gfDJ81ZRyuuvQ85Ofn4KOyvfjDw8+iobGpXdsmIiLiPUP77hkcsVgMebnZ+NoXr8DAkkKs2/gOnn7hdQBw9+u8C6Zh/oXTse/AETz2zCvYd+AIYrEY3tjwDyxIVCSurqnDz+9bglgshnAohG/d8hmMHDEEQPzLVo88uhxV1XVYtWaTu46orq4Bk8aPxDWXX4hIRhjrNr7j7vONW97HdZ+ei1OHD8IP/+3LAIAf3/UQgHjFy3/+6jUAgEiGXv1adfWi8/HgQ08hFoth34EjuP8PjyMQCGDc6OGYMPZUnDl5DIoK86V1Ljr/bMw8ewL27D3kVtKePvV0XHzRLABAbk4WgLa979EZsSTztydXuol9n7tmPmZOm4BQMOhWLN3+4W6cMXF0h9ogIuotWqJRhEMh3LB4ISaMOxW7PjmAp55fg737438/l7/8Jj53zXwAQE1tPX76y4fdf9/Onj4Jl8ybhX75udh34AheXLUBW9/9qEuq7B85Gv9VBseVl56Hc2ZMRiBgYeNb27H0qdW+6/I9cSIiIuprWAGaiIiIiLpELBZDQ2OT73/HKqqN6xUW5OGayy9Efl4Oxowchq98/jJp/mevmYdRpw5FQX4OLpk3C2NGDnPbq6mtN27zrCnjcO3lF6IgPweZkQzMmjYRN15/sTvfr3KSaP2m+IeB4VAI/+9bN2DYkAEIBgMYMqgE3/mXz7uVjja+9T6A+IdZTjLuoSOV+KT8oLS9lUJliIVz4x8IVh6vcZN8hwwqcd+cBIARwwdh+lnxak8f7tzjVl9aK1Txuf6qeehXkAsACAYDuPaKC915a9ZtTRmjyeDSYtxw3UIA8X38q98/jmhra9J1QsEg7vzhLfjut2/AlImjkZ+Xg3AohDMnjcHZU8a5yx3yqTQx8+wJmD19EnKyMzHjrPG4bME50vybvngFSvr3Q+nA/vjK5y519/3Bw8fcZdqzL4mIqHvwnqF33DMAwIFDx9wqVCOGleKrX7gM/YsKEA6FMH7sCNx26+J2b5uIiIj3DG2/Z1AtvuoijD5tKPLzcrBw7kxMGHeqO6+oMB9XX3YB8nKzMW70KfjiYi+eA4e8f2+/+/7HbjLYBXOu2v5+AAAgAElEQVTOdJOfAWDOjMluUvGrb7xt7MOwIQPx9a9chYElhehXkItL5s3C8KED3fmHj1YiIyOMQQP7Y9DA/u7ruTlZ7mtq4rLJxNNPw4///SsYMqjEfS0Wi2H7h7vx2LOv4Lv//Tv88M4/Sr9akZebjUED+6O4f4H7Wv+iArfdvNxsAG1736MzYknm6LHjAIBAIIBzZkxGOBSCZVkYOngAvvm1a/Gz799s/PI5EVFf9Y2vXo1pZ56O7KxMTBh3Kq678iJ3nvhLCNs/3O1Wbz5ryjjccN1CFBcVIBQK4pRhpbj5S5/Gf3/vax2+jpts217mPr503iws+NQM5OZkITsrExfMmer7BS2+J05ERER9EROgiYiIiKhLDCotxrWXX+j733mzzjCud9YUuWLCwJIi6bn44RwQT9B1HK+qNW5z3vlna69NO/N098PEj3ebf7LUUV1T51YrnHn2BPcn4xzhUAjnzZ4CIF5FwvmpvIVzZ7rLrH7N+wncxqZmbHo7/gHmqcMHuTF8JPwk75SJo1BRWS39N+rUoe78w0fiycM7Py4HEP+gq6S4n7R8S0sUJcWFAOTk4LaaPX0Spp0Z/wDvyNFKLHlsRcp1xA/XYrEY6hsaUVVdh6GDB7ivqz8p6BA/LATkMR46uAQ5iYpLQDzufv3yAAA1tQ3u6+3Zl0RE1D14z9B77hk+/sRLIFpgSLwaNmQASgcUaa8TERGlg/cMbb9nUE0cd5r0XFxO/be4+Ddb3A87ysrdx5PGj9TuQ5zK15VVNcY+nDdbH6fJE0a5jyuOm9drj5L+/fD9f70R//Xdr+LyhXMwQvmVi0NHKnHX/Uvw1POvtXnbHXnfozNNnzre7cMvHvgrtr1XhsamZnd+YeI9EyIiArIyIxg7arj02sgRgxEIxNNmKiu9v0Ef7tzjPl40f7Zxe8VFBcbXO6psl3cfcdH507T5558zxbge3xMnIiKivijU3R0gIiIiot5p3KjhmGv4QDCV8WPlDx4DAct9PHRwCTLCyoeCYe+W1vnJT9WAkkLtNcuyUFzcDwcOHsWhI5WIxWLuG52qMuGDy4E+STsDhTZ2frwXxUUFGDNyGIqLCnC0ogqbt36Iz14zH5mRDKx98x23r5fMm+Wu99HH3oeIz69cj+dXrje2BQBHjlWhdEB/t8piLBbD937ye9/lj3XwQ7cbFl+Mst37UVFZjfWb3sXpY5L/lO/OXXvxwsr12PXJAd+fuvcbr3Gj5TehxTFWjw8AyAjr/6xp67489ZTBvvOJiKhr8Z6h99wziBUU1eQyR+mA/jjo8ysQREREyfCeoe33DKJBpcVaonVGhvfcqS7tCAvzxP2wU0iuuvfBpca2HDW19W7VZEdJ/37acs4vU6htdZaS/v1wybxZuGTeLERbW7FjZzlWv7YZ732wCwCw/OU3ceG5U9EvPzfFljwded+jM82ePgnLX9mIuroGfLx7Px586EkA8aS8hXNnYvb0SdIxT0TUl/Uv0qs1BwIBRDLCaGhsQsz2rttiMvFAw9/9rrQr8eXicCiErKyINj8jHEYkEnYrVDv4njgRERH1RUyAJiIiIqIeJRj0/5ESvw8OU4nF7JTL2EkWCVgBYTnzgjHh9WAw6D5eOHcmHnlsOWKxGNZu2Ia555+NVYmfpc3LzcbE8SPdZVtbvTdYJ08YhYL8HN8+DSwplNrMycnC1MljfJfPz/PfVjrCoRD+5WvX4sd3/xmxWAz/+7cXcZHPB8/vfbAL9//hcamvQ4cMRHZmBMcqq7D9w91J20o2zsmOD1Fb9yUREZ18eM8Q15PuGcQkqmi01bhM6wlIBCIiIhL15XsGUUjYhkkwyXyxL+J9yLk+VbcdTkVskWUZknFT785OEwoGMX7sCIwfOwLPvPg6Xly1AQCwacv7mHeBXmXTpKPve7SH3zGXm5OFu3/0dazb9A5eWLkeFZXVAOLVpx95bDmeW/4GfvK9mxAKJR9/IqK+wLLS/7tvn6B/u8Za9XZCiS9jtfXfz3xPnIiIiPoiJkATERERUa938NAxjDptqPSabds4evQ4AKCkuDDpB6IjTx3iPj5wyPyz8GIlw1GnecvPPHsC/v7UarREo1i1ZjOGDR3o/gzswrkzIX7sN2RQift4+tTTtZ+fNQmHQmiJRpERCuFz18xPuXxHDBxQhBuvvwQPLVmGWCyGFa9sNC639s1t7uN//fr10r5/bd3WLvkgUNWefUlERMR7ho4ZOWIwXn1jCwBg7/7DGD50oLYMqz8TEVFvcLLcM3SFwYOK3fauuPhc5OZkdXGLcU1NzZ2+zXGjT3EToI8lEocBwBL2YmOj3m5H3/cwxRIQjpeqqlpt/qEj/vdQgYCFOTMmY86MyWhsbMZ7H+7Ci6vWY+/+I6iqrsOWbR9i+tTxSftERESy0SOH4WjiF5L2HzyGoYNLUqxh5nzZKhaLobGxGZmZGe681taY8VcERp06BEeOxn9NorKqBoUFedL8xqZmrfozwPfEiYiIqG9q31fbiYiIiIhOIi+u3qC9tmHze2iJRgHEk3WSyc3Jcn+ydcPm99DQIL8p2dTUgrUb4h9+RSJh6Q3JUCiIC+acCQCorKrBbx56CkD8jc9zZ06WtjNiWKn7+PmV640FkBqbmnFQ+HDUeeO1sqoG777/sbH/u/ccSBpfW0yfejpmT5+UdJldn3jtDRsiJz69uWV7p/UlmfbsSyIiIt4zdOye4TTh53NfWLleq2i5c9deHDla2aE2iIiIeoKT5Z6hK4wYPsh9/MLKdcZljhw7jtq6hk5pLyeRYH3oSGXa24y2tuKOHz6AJ5etQXOzniDmWLfxXffxmZNGu4/7FeS6j//x3k5tvfa+75Eslv6F+e7jbdvLpHnNLS14Y8M2mOzdf1g6fjIzM3DWGWNxxzc+5/XprRPzXgwRUW8yWvhyy1PPrzEus3PX3pTbKelf4D5+78Nd0rw1a982rjNyhPfFp2XL12rzV/oUJuF74kRERNQXMQGaiIiIiLrE4aOVeO+DXUn/i7aafxq9s733wS786ZHnUL7vMI4cO47VazbjL0tfdOenSugFgE+dOxVAvFLDf979Z2z/cDcqq2rwwUef4L9+8Wf3Q85PnXuWtu7c8892HzsVHc6bPUX6mXggXgFq7KjhAIADB4/iF7/+K8p270NtXQPK9x3Gylc34Y4fPIDf/u/T7jqLr7rIffzgQ0/h5dfewrGKKhyvqsV7H+zCL3/3KO687xHfRKf2+Ow181BS7P8TeWNHD3cf//3p1TheXYv6hkYseXwFynbt67R+JNOefUlERN2D9wyek/2eoX9RgfuB69GKKvz8vkdQtnsfKiqrsX7Tu7jvt4+1e9tERES8Z/Cke8/QFeZfMB2RSLydl1/fgr8+vhL7Dx5FTW09du7ai6VPrcb3f/oH3+TothpSWuw+/svSF7F7z4GU4/zGhm2oqa3Hilc24o4fPYAnnnsV6ze9i917DmDfgSPY+u5H+OVvH8Wbb70HIJ48Pvq0Ye76hYX5bsXOispqPPPi66iorEZrawxA+9/3SBZLYT+5zYf//hLKdu3D9g934yf3/MVYIRQAHvjjk7j9B7/GCyvX45Pyg2hqasHRiio8L+z/IiG5moiI0jNp/EhkZUYAxP/u3/+Hx7Hz4704cuw43n5nB35y78P4xa//hkMpfuVomPDLSI8+vRqvr/8HyvcdxnPL1+LRZ142rjN5wkj3b+3aN9/BksdXYN+BIzh4uALPvPg6nl+53rge3xMnIiKivijU3R0gIiIiot7J+fAxmTt/eAv65ecmXaYzDBlUgk1vf4BNb3+gzfvs1fMwZuQww1qyiy+aheqaerzyxhZUVtXgV7/XE3hmT5+EKy4+V3u9X34uJo0fiXeECj7zL5hmbOfGz16Cn977MGpq61G2ax/uvv+v2jKHjx5HTW098nKzccqwUixacA6WLV+LWCyGR5952fjG6fs7PsHE009LGWc6QsEg/uWma/GDn/0RsVhMm3/hnKnYuOV9xGIxrNv4DtZtfMedF4mEjT/P1xXaui+JiKh78J7B0xvuGf7lps/gR3f9CVXVddhdflDrV2FBHiqratq9fSIi6rt4z+Bpyz1DZ4tEwvjaDVfggT89iVgshtfWb8Vr67dqy23/cHentHfVovNx532PAADe2V7mxvyj73wFpQOKjOucPvoUjBk5DDvKytHU1IKVr27y3X5WZgS3fPlKBAKW+5oF4PKL5+Dp518DALy4agNeXLUB4VAI9//82+1+3yNVLIvmz8azL70BANp2szIjWhJ0RWW1e1/17EtvuOuq8V116fm+8RMRkVlebjb+/VtfwH//4n/REo363ods37EbA33+HgHAp+achRdWrEdLNIqq6joseXyFOy8cCrlfeBLl5+Xg9luvx533PYJYLIbX1/8Dr6//hzs/KzOCaLTVuC7fEyciIqK+hhWgiYiIiKjTBIPBti0f0G9Hg0H9NacCTijUtu077vjGZzF5wiiEQ973/04dPgif/8wCnDd7in//lL5cd+VcXHv5hThtxGC3T4FAAKcOH4QrLz0PX7huoe+2Zk+f6D4eP3aEb/WdwoI8/Oz7N2PeBdPcn0Z1ZGVGMGfmZNz1o1ulNycXzZ+N73zzcxg2ZKDbL6dvQwaV4JYvXYlrr7jQt28mpnEQFRcV4Ks3XCa15ThlWCm+++0bMEiobBQOhTB18ljc9MVPC2144xlKcuyIfUm2nKo9+5KIiE4M3jP0pnsGeV9nZUXwnW9+HrOnT5L6VTqgCLd++SpMOP3UNm2fiIj6Nt4zdPyewdluUEjwdYSE/pj2nZ8J407FT79/k7YPgPg9ytWXXYDv/+uXjOumer9BHfMRwwfhm1+7VosvkqTa9cABRbjt1sX49i3XYeyo4dq/+wOBAAaWFOKcGZPwk//4mjFhfcGF03Ht5Re6FTgBICPxuD3ve6QTy8UXzcQVl5wr3adlZUYw97yz8ZXPL9L6WFSYj7t+dCtmT5/kVikVjR87Anf882eRlaXPIyLqbcRrrvq3JtnfQr9tAMDAkkJ897YbMPPsCSgsyJO2N2RQCb75tWtx4Zz4Lzr4vW8diYTxvdu/iKGDS6TXhw4uwb9983O+X+YZPnQgvnXzZzBp/EjpHuG0EYPx3dtuQF6e+T1tvidOREREfY1l27bd3Z0gIiKiE+uT3ftgWfE3ejo6lR6LryGN5ZM8Tue532up5iVbJ10d2UZWNn+E40S46/4l+Hj3fgDAb++5w329uqYO2VmZ7f6Q0xGL2aiuqUN+Xo5UJcjPQ0uex8Yt2wEA//r16zHqtKFptdMSjaKiohqF/fLS/inb49W1iLXGesRPnEZbW1F5vAbF/fuh42dex7RnXxIRUe/He4auvWeoqa1HJBJGRph/e4mI6OTWW+4ZukJDQxNq6xrQvyhfSt7tbM0tLaioqEZGRhiFhfltep8hFrNRcbwaActq87p19Y2orqlDbk6WljDW3vc9UsVSXVOH1lhMSrhLpbU1hpraegBAQX5Op7wHSkREnrr6RrREoyjIz23Xe93R1lYcq6hG/8L8Nt032LaNqpo6FOS1/drO98SJiIhSa6jXf1WBTqSOpS8z+4aIiIiI+pT8vJxO2U4gYKFfQXo/q1tb1+B+KFlSXNimDyXDoVDSn9AzORE/95uuUDCIkv79ursbANq3L4mIqO/iPUPnYFUpIiLq7U62e4aukJUVOSFVhjPCYZQO7N+udQMBC8VFBe1aNyc7EznZmcZ57X3fI1Us7TmugsFA2scQERG1nd/fgnSFgkEMLCls83qWZbX73+98T5yIiIh6u677GjYREREREQEAVr+22X188dwZ3dgTIiIi6sl4z0BERETp4D0DEREREREREREToImIiIiIulS0tRWrXo1/MBkOhTDjrAnd3CMiIiLqiXjPQEREROngPQMRERERERERUVyouzvQEyxbvhY7ysqxo6zcOH/MyGFYtOAcjBk57AT3jIiIiIjaa/GVF+HIsePd3Q1YsHDjZy8BAPQvzEcwyO8gEhER9SS8ZyAiIqJ08J6BiIiIiIiIiKhnsWzbtru7E91lR1k57n1wadrLMxGaiIh6i09274NlWQDQ4an0WHwNaSyf5HE6z/1eSzUv2Trp6sg2srL5HTQiIiIiIiIiIiIiIiIiIiKi7tRQH+3uLvRxHUtf7tNfC1+2fG2blm9rwjQRERERERERERERERERERERERERERF1rj5bfnDZ8rXYUVYuvbZo/mxtuR1l5dpyy5avxaIF53Rp/4iIiIiIiIiIiIiIiIiIiIiIiIiIiEjXZxOgxaTmMSOH4bZbFydd/ubb73YfL1uxjgnQRERERERERERERERERERERERERERE3SDQ3R3oLmICdDrJzKbq0ERERERERERERERERERERERERERERHRi9dkEaNGYkcNSLsOKz0RERERERERERERERERERERERERERN0v1N0d6C633boYO3buadc6Y0YN76JeERERERERERERERERERERERERERERUTKWbdt2d3eCiIiITqxPdu+DZVkA0OGp9Fh8DWksn+RxOs/9Xks1L9k66erINrKy++x30IiIiIiIiIiIiIiIiIiIiIh6hIb6aHd3oY/rWPpyoJN6QURERERERERERERERERERERERERERNTlmABNREREREREREREREREREREREREREREJ41e+/vrO8rKsWPnHu9xWXmXtjdm5DAAwKIF50jPe5oXVq5Hc0sLLMvCgk/NQGYko7u7RERERERERERERERERERERERERERElLZemQC9bPlaLFux7oS26SRY3/vgUgDxBOjbbl18QvuQjmUr1iEWiwEAzpw0BsOHDuzmHhEREREREREREREREREREREREREREaWvVyVAd0fis58dZeW4+fa7cduti3tsNWgiIiIiIiIiIiIiIiIiIiIiIiIiIqKTTa9JgN5RVm5Mfh4zctgJSUB2KkA7U8e9Dy7FovmzsWjBOV3eByIiIiIiIiIiIiIiIiIiIiIiIiIiot6u1yRA3/vgUul5dyUd7ygrx7Lla6VE6GUr1jEBmoiIiIiIiIiIiIiIiIiIiIiIiIiIqBMEursDnaGnJD8D8YrTt926GIvmz5ZeX7Z8bbf0h4iIiIiIiIiIiIiIiIiIiIiIiIiIqDc56StA7ygrl6otjxk5rEdUW3b6sGzFOnc6ZtRwjBk5rDu71WGxWAyb3v4Ar2/4Bw4drkBzSwsGDyzGiOGDcPFFM5Gfl2NcLxptxfpN7+Kjj8ux/+BRHKuoRkZGCIMGFuPMSaNx3jlnwkose/DQMax6bTMAIGAFcN2VcxEMmnP1Kyqr8cKq9QCAvNxsXHHxuR3uKxEREZ1Ytm2juTmKlpYoWlpb0doaQywWg20DgN3d3SMiIuogC5YFBAIBBIMBhINBhMMhZGSEYFlW6tXJxXsGIiLq3XjP0Fl4z0BERL0b7xk6C+8ZiIiod+M9A/UNJ30CtKonJD87Fi04x02ABoAdO/ec1AnQsVgMv/zto1LCOQDs2nMAu/YcwBsbtuHmL30aE8adKs1/YeV6vLhqA1qiUen1hsYmVFXX4YOPPsFr6/+B7377BgSDART2y8e6je8iFosBAEadNhTTp55u7NPKVzfhjQ3bAACTxo/scF+JiIjoxGlqbkFjYzMam1rANxOJiKj3smHbQGtrK1pbW9GMFqABACxkRsLIzMxAJCPc3Z3s0XjPQEREfQPvGTqK9wxERNQ38J6ho3jPQEREfQPvGahvOOkToJctX+s+HjNyWI9LMB4zcpiWhHsysgH8/uFn3VgCgQCmTz0dOdlZ+Hj3PuzacwAt0Sge+NOT+PkPb0Febra77rb3drrJz4FAAAMHFKGkfz8cq6jCvgNHAAD7DhzBylc3YuHcmYhEwjh31hlYs/ZtAPEkZ1MCdDTa6iY/A8AlF83scF+JiIio6zU1t6C+vhHNLd6XozLCYWRkhBAKBREKBhEIWPzmKRER9Rq2bSMWsxFtbUU02orm5iiaW1rQ2NSMxqZmZIRDyM7O5JuNCt4zEBFRX8N7hvbhPQMREfU1vGdoH94zEBFRX8N7BuoLTvoE6M62o6wcO3buwY6ycixacE6HE6rFBOiTORH6pVXrsfWdjwAAOTlZ+P7tN6JfQa47/4WV6/HsS28gFovhqedfww3XLXTnLbxoJv7+5GpcumA2Zp09EcFgwJ23es1mPPbsK/HHr72FhXPjSczzLpjmJkCX7zuEg4crUDqgSOrTxi3b3cTq0gFFOPWUwR3uKxEREXWdmG2jtrYBDY1NAIBgIICsrAiyMjMQCARSrE1ERHTysiwLwaCFYDCASEYYOdnxXy5qaGxGQ0MTmluiaK6qRVZmBLm5WQj08Q/aeM9ARER9Fe8Z2ob3DERE1FfxnqFteM9ARER9Fe8ZqC846e/mxKRiv2TlZcvX4t4Hl6aVgLxs+VosW7EOO8rKce+DSzutn8DJnQC96rW33Mefv3a+lFAMAAvnzkROThYA4O1tO6R5UyaOxs9+cDPmzJgsJT8DwIXnnuU+rqmtd39gprioAONGn+LOW71ms9anFa9sdB9fMm9Wp/SViIiIukZzcxQVFTVoaGyCBQu5OVko7l+AnOxMvsFIRER9UiAQQE52Jor7FyA3JwsWLDQ0NqGiogbNzdHUG+ileM9AREQk4z2DGe8ZiIiIZLxnMOM9AxERkYz3DNTb9Po7uh1l5W5C846de9JanmSVVTWoq2twn592yhDU1TdK/zU0NmHEsFIAQENjE6LR1qTbtAG0RKNobGpCJOKV0a+urnMfL5w7w328duM7brVnACjfdxgHD1cAACKRMM6eMq7L+kpEREQd09jUjMqqGrTGWhHJCKN/UT5ysjO7u1tEREQ9Rk52JvoX5SOSEUZrrBWVVTVobGru7m6dcLxnICIiSo73DHG8ZyAiIkqO9wxxvGcgIiJKjvcM1BuEursDXU1Mel62Yh0WLTgn6fKL5s/GshXr3MfpWrZ8LcaMGq5VoV604Jx48nVZeZu215NUVtZIz7/z4wdTrnP02HGUDuzvPt/2XhnWbXwHe/YdwvGqWsRiMeN64uvjRp+CwoI8VFbVIBaL4c23tmPOjMkAgJWvbnKXu+j8ae63Mzujr0RERNR5GpuaUZX4glN2VibycrO6uUdEREQ9UzAYQL+CXNTUNqC+oTH+9zMfyIxkdHfXTgjeMxAREaWH9wy8ZyAiIkoH7xl4z0BERJSOvn7PQCe/Xp8APWbUcCCR0AzEKzyrScqiRQvOia8DJF1O5FSZxop1WDR/tpZkfduti9vR855DTVYuLMhLuU4wFHQfP7TkeWzcsl2aHw6FkJ0dQTAYREVlte92Fs6dgb89uQoAsPKVjZgzYzIaG5uxeesH7jKfmjO10/pKREREnae5Oeq+wZibnYWcHFZWICIiSiUvNwsBy0JtfQOqqusQKAggI6N3v33DewYiIqK24z0D7xmIiIjSwXsG3jMQERGloy/eM1Dv0OuPUjWJecfOPSkTm9NNfHYsW77W235ZeZvWPRkMHFAkPf+v730VoWB6ScO1dQ1S8vPlC+fg3FlnIC83233t1jvu8a0IPWv6RPz96ZcRi8Vw6Eglyvcdwoc7y93lp089HTk53rc1O9JXIiIi6jwx20Z1TT2AeHUFvsFIRESUvpycTMRsG/UNjaiuqUdRUR4CltXd3eoSvGcgIiJqP94zEBERUTp4z0BERETp6Ev3DNR7BLq7AyfaMqEadFfpbUnQebnZCIe8XPn33t+V9rpvv7PDfTyotBiXzJslJT9XHq/xTX4GgIxwGOfPnuI+X/nqZqx8daP7fOHcmZ3WVyIiIuo8tbUNaI21IpIR5k/LERERtUNebhYiGWG0xlpRW9vQ3d3pMrxnICIi6hjeMxAREVE6eM9ARERE6egr9wzUe/T6CtAAsGj+bCnx+d4Hl2LRgnPaXOnZSWx21lu2fK2WUL2jrBz3PrgUY0YOw223LjaudzI6Y+IobN76AQDg4Udfwo9GfFlKZAaAmtp6PPHcqzh35hkYeeoQAEAkI+zOP3S4As0tLcgIe6/99YmVKdued8E0vPLGFgCQqkmPGFaKwaXFndZXIiIi6hxNzS1oaGyCBUv7G0xERETpy8vNRnNFNRoamxCJhKV/Y/cGvGcgIiLqHLxnICIiah/bBlpbWxFtbUWsNYaYbcOO2bC7qT8WACtgIWBZCAQDCAWDCAaD6KzCi7xnICIiah/eM/SuewbqXfpGAvSCcwB41Z/FJOV0E6HvfXCplMicqsrzjrJy3Hz73VLy9aL5s92+9AR/e2IlsrOT/+TLrGkTcfaUcbj+6nn4x7s70RKNoq6uAd/58W9w4blTMaS0GA0NTfhk7yFs3voBYrEYjlfX4ls3fQYAMPH009xtxWIx3PWrJZgz8wzk5+Vg1ZpN+Hj3/pT9LCrMx/ixI7D9w93S6xdfNMu4fHv7SkRERJ2jvr4RQPwncoLBPveDI0RERJ0mGAwgJycTtXUNqK9v7HVvMvKegYiIqHPwnoGIiKhtotFWtLRE0RJt7e6uSGwAdsxGDDbQGkMzogCAcCiIcDiEUCjYoe3znoGIiKhteM/QO+8ZqHfpEwnQQDwJekdZuZS47CRCq0yJ0ep66RIrRC9bsa5HJUDv2nMg5TJDBw/A2VPGISc7E7d8+Ur87i9Po6mpBbFYDKvXbDau09zc4j7OzsrEpfNm4fmV6wEAe/cfwdInV7nziwrzUVffgKamFm07oosvmiUlQOflZmPyxFHGZdvbVyIiIuq4puYWNLdEEQwEkJPii1ZERESUWk52JhoamtDcEkVTc0uveaOR9wxERESdi/cMREREqUWjrWhqbkFra6y7u9ImLdFWtERbEQwGEMkIdyipifcMREREqfGeoffeM1Dv06e+9nbbrX87zTEAACAASURBVIuxaP7slMvtKCvHjp17pNf81hszchhuu3UxfnvPHfjtPXfgtlsX+1aUTqftrhYMtH/Ix48dgZ//4FbMnj4JOTlZ0rxAIIBhQwbi6/90Nf7tnz8nzbts4Rx8cfHFKCrMl5YfM3IY7vjnzyIjnPoCOfq0oSguKnCfL/jUDCSr2t/evhIREVHHNDY2AwCysiLd3BMiIqLew/m76vyd7Q14z0BERNT5eM9ARERkZts2GhqbUN/QdNIlMolaW2Oob2hCQ2MTbNtu93Z4z0BERGTGewZZb7xnoN7HsjtylPcAN99+t/t40fzZaVVY3lFWjmXL1yat5GxKZDZVjP7tPXcY17/3waXS9pMlRp+sotFWHD5aidycLOTn5aS1TnNzC45VVqN0QBEsK1kKc+dqT1+JiHqzT3bvc6/DHZ1Kj8XXkMbySR6n89zvtVTzOuNvUEe2kZXdO3+Ew7ZtHD5aBcBGSf8CBDrwxSsiIiLyxGIxHDlWBcDCgOKCE/rv6a7AewYiIqKuwXsGIiIiXbS1FY2NzYjFTuq0CE0gYCEzMwOhYNsrO/KegYiISMd7Bl1vu2fw01Af7e4u9HEdO+d6Z/ZNCk7VZgBukrJY8XnMqOHGZGX1NWcbfm0kS7DuDUKhIAaXFrdpnYz/z96dh0dZ3/v/f82Wyb6RsCZsgYAiCCrIomwiIEZbl7rbqj1tPZz6Pa3Wnp7zs609pz2n53hs7dGq1aq1atWKe0AWZQcV2RTZwk4SCAQSsi8zc8/vj2FuMmSSTNZJJs/HdXkx3Mvn/swM8X7nnte87yiHBvTr00kzalpb5goAAFqnvt4tyasoh4MLjAAAdCCr1aooh0P1Lpfq691yOnv2reaoGQAA6BzUDAAABHK53KqJ0I6FhuFVdXWdYqKj5HC0LvZBzQAAQCBqhuAirWZAZOqVAeiG/KHmULoztybQnDNvmnKXb2zzvAAAAHoal8v3zcioqF5fYgIA0OGiouyqd7nkcvX8i4zUDAAAdB5qBgAAfCI5yNSQ/zm2NtBEzQAAgA81Q/MiqWZAZOrxX38LJbjcWcdq2DX6fJHe/RkAAOB8Lo9Hku/OCwAAoGP5z6/+821PRs0AAEDnoWYAAMB3C/veEGTyq6mtl7uV535qBgAAqBlCEUk1AyJTRAWgu1Po+PxwdFcGtQEAAMLB4zEkSXYbFxkBAOho/vOr/3zbk1EzAADQeagZAAC9ndfrVW0vCjL51dbWy+v1hrw9NQMAoLejZghNJNUMiEw9PgDdUGcGoPMO5Ot3T78RsCx3+UblLtvQaNvcZRuUu3xjwLLz9wUAAIg0huH7pcdqtYR5JgAARB7/+dV/vu3JqBkAAOg81AwAgN6utq5ehhF6qCdSGIZXtXWhh7ioGQAAvR01Q2giqWZAZLKHewLtlT1isNQgbJy7bINy5k3r8OPkLtsQNGCdu3yjuTw7K1N5B/KDbucPUD+48LYOnxsAAEB34P+iqMXCRUYAADqa//zaisYM3RY1AwAAnYeaAQDQm7ndHrlcvff27C6XRw67x7xVfXOoGQAAvRk1Q++sGRCZen4AOitTOXOnmh2X/X92dAi6ue7S/nWd2YEaAACg++O3HgAAOl8knG8j4TkAANDdRcL5NhKeAwCgK9XVu8I9hbCrq3eFFGY6JxLOt5HwHAAAXYmaobfWDIhE1nBPoCOcH3bOXb5Rv3v6jQ4NJD+48DYzbP3s4w+H1MnZv212VqZv307oTA0AAAAAAAAAAAAAQG/mdnvk8XBrdo/HkNvdeztaAgDQEmoGH2oGRAqL1xsZDcpzl20wuz83lJ2VGfBnqLJHDA5pn7wD+frd028ELMuZO5WwMwCgWztyuNC8VUl7/wx43HCZQti+mceh/L2pZS2t64jboLVnjJjYHn8TjqBOFJdKkvqlp4R5JgAARKZIOddGyvMAAKC7ipRzbaQ8DwBA16ipqZOLEI8kyWG3KSbG2eJ2kXKujZTnAQDoGtQM5/S2mqEpNdXucE+hl2tffDli0jc586Ype8TgRmFkfxfoVneDXr5Rzz7+cIub+bs7+8en0zMAAAAAAAAAAAAAAF3D6xVBpgZcbo+ivQE9awAAgKgZzkfNgEhgDfcEOlJ2VqaeffzhVnd7bkqooemOOh4AAAAAAAAAAAAAAAidx0OQ6Xy8JgAANMb5sTFeE/R0EdMBuqEHF95mhpdzl22Q1PoO0Dlzp4YcbM6ZN80cn+7PAAAAAAAAAAAAAAB0DTfBnUbcHo/sdlu4pwEAQLdCzdAYNQN6uogMQEvnujI/uPC2LjleVx0HAAAAAAAAAAAAAAD4GB4j3FPodnhNAABojPNjY7wm6Oms4Z4AAAAAAAAAAAAAAABAWxheb7in0O3wmgAA0Bjnx8Z4TdDTEYAGAAAAAAAAAAAAAAA9ktcguHM+XhMAABrj/NgYrwl6OgLQAAAAAAAAAAAAAACgRyK20xivCQAAjXF+bIzXBD0dAWgAAAAAAAAAAAAAAAAAAAAAPQYBaAAAAAAAAAAAAAAAAAAAAAA9BgFoAAAAAAAAAAAAAAAAAAAAAD0GAWgAAAAAAAAAAAAAAAAAAAAAPYY93BMAAAAAGioqKpLb7W71fn379lVUVFQnzKjreDweFRUVqbq6WllZWbJau/b7iv7XvjWvpWEYMgxDkmS38+sFAAAAAAANlZSW60hBkerr3Ro0IE39+/WR3WbrkLGrqmt16vQZxcZEKz0tuUPGBAAAgdxujwqPF+t0ablqauo0oF8fDRyQpmhnz/48oqvV1NTp5KnSkLZNSopXcmJ8J8+odQzDUH7hSVksFg3O6Bfu6fQohuE9+zNUpsrKGiUlxSs9NUn9+/Xp8GNRHwNA70NCAQAAAN3Kc889p8rKylbv98ADDygzM7MTZtT5SktL9dZbb2n//v3msn/9139VSkpKl87j+eefV0VFhW688UZNnjw5pH0+/PBDbdiwQZL0yCOPKDExsTOnCAAAAABAt+f2ePTaW8v1+ZZd5peGG0pPS9Fd35qrUSMGt+s4O/cc1IuvLVZMtFO//83/a9dYAAAgUGVVjT74aL3Wf/5V0PN5XFyMbrvhKk2ccEEYZtfz7Nl/RH/6y/shbTt65BD96P5bOnlGrVNZVaP/euIVSdJ//Nv3lN6HcG1L3G6Plnz8qT5Zu1l1da5G65MS43TNVZM184pLOuyY1McA0PsQgAYAAEC3kpmZqdLSxl0AioqKJEkJCQmKi4trtN7pdHb63DpDdXW1HnvsMbPrdVJSkrKzs2XroG5QPU1hYaG2bt2q1NRUTZs2LdzTAQAAAACgVc6UV+r3T7+hE8W+axspSQkaOCBNXq+v811ZeZWKT5Xq98+8qUvGZeu+O3Nkt7fvGoDhbRzK6mwfffypKqtrNX3yxerXN7XLjw8AQGcqOHZSj//xDdXU1kmSrFar+qYlKzUlUceLTqu0rEJVVTV64dVcrdm4Xf947w2Ki40O86y7RnVNrZas+FReSTflzGjTnSyHDx3Y7PphQwa0cXboLsorqvS7p99Q0ckSSb6foX59U5WWmqSikyUqPlWqsvIqvfHuJ9qx+6B+cM83FOVwdNjxw1EfAwDCgwA0AAAAupV777036PKf/vSnkqQbb7xRY8aM6copdaqlS5fK7XbLarVq4cKFGjy4fd2futqECROUlJQkSYqObv8F3ry8PK1bt05paWkEoAEAAAAAPc6i91fpRHGprFar/vkH32rU5bm2tl5vfbBSGz7fob0H8tsUGuoOPly2UYZhaPSIwQSgAQARpbqmVo899TezY+3N18/SVTMuk6XBNm63R7nLN2jpJ5/r4OFjsveihianTpfp4zWbJUnfXHBlq2sZh92unz5wZ2dMDd2EV9KTz79thp9nX3mJbr5+tqzWcz9FdXUuvfT6Ym3fsU879xzS3xat0D23LwjTjAEAPRkBaAAAACCM9u/fL0m68MILe1z4WZIGDx7cI+cNAAAAAEBH80rasfuAJOnuW+Y1Cj9LUnR0lO6+Zb6mTxmvquragCAIAKB7O3z0uF5/Z4VKz1S0af+E+FjdefO8FrvfIrxeW7TCDD//7J/v0tDBjbsR2+02fXPBdE2ZOFaFx4vldHZc51qgp1v/6ZfKLzwhSbr7lvmadvnYRts4nQ7df8839faHq7Vi9Rf6bPNOXTF5nEYMy+jq6QKdgpoB6Do982vlAAAAQCdwu90qKChQdXV1q/Y5cuSISktL23TMM2fOSFJIXa1LS0tVWFgor9fbqmOUl5fr0KFDqq+vb/X8SkpKWv2aNKW6ulpHjx5VWVlZu8fyeDwqLi7WwYMHO2Q8AAAAAADa68SJ02ZgaviQ5j+oHpLZXxeOGtrsNqdLynT46HHVu1ztmldbxjlxskRH8ovkcrvbdWwAiCTbduS1OcgkSRWV1dq8fXcHzggdra7OpS3b90iSJl1yYdDwc0P90lN0ybjsTpnLiZMlOnC4sMn1tbX1Onz0uM6UVTZa55WUX3hSx4pOyTBC/zyhqqpGh44cU2lZ2/+dd4XiU2dUcOykgj2z+nqXDh89rpLS8pDH80o6fuK0ik+faffcqqprdeBQYbvrt+a05f2tqq7V/kMFqqyqaXFbt8ejEydLlHcgP+i/r5Z8stbXITw9LSVo+Lmh6+ZNk8Pu6925av22Fsc+XVKmI/lFqqqubfW8gK5EzQB0HTpAAwAAoEc7cOCAnn/+eUnSww8/rD59+gTd7pVXXtHOnTs1ZswY3X333dq5c6defvllxcbG6sc//rFefvllFRQUmNunpaVp2rRpmjZtWtDxvvrqK61Zs0b5+fnmMqvVquuvv15Tp05tds7Hjh3TE088EbDszTff1JtvvilJmjhxor71rW9JkqqqqvTee+9p7969qq2tNY8zdOhQzZ07V8OHDw8Y5/3339eGDRs0adIkjR07VkuXLlVhoe8i6cKFCzV0aPMfrvqtWLFCa9asCQhNZ2Rk6O6771ZKSoq5rOHr+OijjzaaxyWXXKLx48fr7bffDggqx8bG6u6771ZWVpYk6ZlnntGhQ4fM9adOndJPf/pT8+8///nPlZCQIK/XqyVLlmjdunUyDMNcb7VadcUVV2j+/Pmy2/k1BwAAAADQ9dLSkmW1WmUYhg4eOaZ+fVNbPUZNTZ3efO8T7dh9UFUNAipDM/vrB/d+UylJCZ02TtGJ03pvyTrt3nfYDHJLvnDXXbfMV0x0lH79+MsB+/zxhXfMx1MnjdW3b50f8nMFgJ5m3JgR+mzzzlY3qPCzWCyaMG5UB88KHWn71/vMxzfkTG/1/pu27taLr+UqNSVR//nIDxqtX7H6C7394WplDEzXIw/dYy5/9L9fUNHJEn33rutUVl6pFas3qay8SpL07OMP68uv9+uZl95Vakqi/vn739KiD1drxy7fXSeunTtV183zfY5RcKxY7y5eo7z9+QFfYpo6aazuuOlq2e02c9mb736iVeu36vJLx2jihNF67a3lAcHnuLgYff/b15t3tPhkzWa99cGqgOfzwL/83nz83btyNHHCBa1+zVrScJ4jhg/SOx+uUU1tnSTf5wIzpo7XrTdcpRMnS/T8Kx+o4FixuW9CfKx++A83aUhmf3NZdU2tfvKLP8owDD36L9/Vh8s2aNtXeebnDQnxsbrk4lG65RuzZbOF1lPS6/Xq3cVrtXn7noDg9aAB6ZoxdbymTx1vLvufJ1/T4aNFumz8KN13Z07Q8YpOlujfH3tJkvSLh+9V/7M1ZWveX7/c5Rv1+ZZdKj51rolPQnysfvCdb2jE8MBuy16vV+/krtEna7c0+vxl9pWX6BsLrjTDyk05U1apopMlkqRvLriy2W0lKSrKobmzJmrxik+17as8eb1eWSy+O6T4fy7uuX2BSkrLtWzV5wE16uCMfrr/nm8qNSWxyfHrXS499MhT8hiG7rx5bpOB7LUbt+uNdz9RTIxTj//7D1ucN9ASagag69ABGgAAAD3asGHDZLfbZRiG1q9fH3SbyspK7dixQ4ZhaPLkyZJkBntra2v1f//3fyooKFBCQoIGDRokq9WqU6dO6f3339emTZsajbdz5069+uqrys/PV2pqqi666CINHjxYhmHovffe0+LFi5uds9frVXx8vOLj481lVqvVXOYPGNfX1+upp57Sl19+qdraWqWlpSkjw3dB6uDBg3ruuecCAtiSVFPj+1Bz7969euGFF1RYWCir1aq0tDTzolFLlixZohUrVsgwDA0YMEBWq+/XhoKCAj333HMB2/pfR/d5HaH889i1a5defPFFlZWVqW/fvoqOjpbk6wb9/PPPq6LCd0E1MTFR8fHxAeFl/+sRHx9vzmHdunVas2aNDMNQdHS0hg0bpqSkJBmGobVr1+rFF18M6TkCAAAAANDR7DabLsgeIkl6+Y2P9PGaza3qoOx2e/T406/rs807VVNTp9HZQzT2guGKiXbqcH6RfvGff1Z5RVWnjFNSWq7/+sMr2v71PtXVuZSakqhBA9JltVp1orhUj//xdR3JP6GE+FglxMea+1mtVnNZn2bCJwAQCbKGDtL1869o8/7Xz79CI88LHKJ7KTh2UpLksNtD/tJRQzU1viYmHo8n6Hr/cpfrvOvpZwO9Hyxdr0UfrFJZeZWcTocGDUhXvculurPX4SsqqvXbP7xqhp9TUxIVHxcjSSo+fUb//YdXtXPPIdntNo0ZPUwXjhoqq9WqjZt26L+eeCXgmNU1vmN+tXO/nvrz2yotq1D/vqmKiXZK8nWD/sOf3jJrBqvNd873r5d8IWl/HdCwPuhI/nl+sW23Xntrudxujwb0T5MkGYahVeu36v2P1um3f3hVBceKlZaaZM6xorJav3vmDbkbvB9ut8cM9z770rvasn2PHA6bBmf0U0y0UxWV1VqzYZteeDU35Dn+9c2lWr5qk0pKy5WUGKfhQwcqJtqpwuPF+tvbK7R6/VZz24kTLpBhGNq0dXeTXYw/XvOF7/OZfn3M8HNr31/JFx7PXbZBxadKNWzwAI0fO1LpaSmqqKzW//7xde3cc+i8427WitW+Y8dEOzVieIZSkhJkGIY+XrNZf/zzO42Ocb5jRafMxw2D580ZkunrtG4Yhsoa1Kj+n4t3F6/RB0vXy/B4lTEw3fy86GjBCf3+2b8H7QTuF+VwaPRI3+d3y1d93uR2S1d+LsMwNHXiRSHNGWgJNQPQdWiNBgAAgB7NarVq+vTp+vjjj/X5558rJydHNlvgt9w3btwoSUpKStLIkSMD1hmGoaqqKt1777264AJfdwK3263XX39dO3bs0KJFizRgwABlZmZKkgoLC/Xyy75uR3PnztWcOXPMsfbv36/nnntOa9as0bRp05ScnBx0zoMGDdIvfvELSdLPfvYzGYah73znO+bx/V544QWdPn1a0dHRuv/++zVwoO/2uXV1dXrppZd08OBBPfPMM/rZz36mxMTADxnLysoUGxuru+66S1lZWSGHnyVfKPzSSy/VTTfdJLvdLrfbrfXr12vJkiU6ffq09u/frxEjRoQ8Vv/+/fXd735XSUlJkqR9+/bp+eefN0PL1157re68805J0qpVq/TRRx8pLS0toAO0/3kvWbJEkjRz5kwtWLDAXFdUVKTXX39dEyZMCPl5AgAAAADQ0W7MmaGjBSdUUVmtRR+s0ju5azRi2CBdPGaExowepv79gt+5SpKeeeldFRwrVlxcjB556Dtm8Kre5dJTz7+tvAP5eid3je65fUGTY7RlnPp6l/7riVdUV+dSSlKC/t8PvqUBZ+dpGIaWrfxcK9dt1eTLxphd8xY+/LgMw9A/3vtNjb0wq92vGwD0FNMuH6eSMxVa9+n2Vu135ZTxmnb5uE6aFTrKmbMdkPukhudLPf6g6j13XKt+6SmN1rvcbrOT7eSJY8xuvHV1Lv32D6/K5XZr9Mgh+qd/uNFcV1Jart/8/q8qPF6sTVt3a9IlgZ9D1NTWadCAdD3wvZuVnBQvr6S9eUf0xJ/+bgZfb8yZoVlXXKJZV1yiowUn9J+//6sk6be/uL/FjsDBnsPvn3mz2W3u+tY8pacFfr5iGIZGZw/RwntvUFSUQxWV1frTy+9r/8ECffTxZ7JarfrR/bdo9Mgh8kra+uVePf/XD1RX59LWL/dq0iUXNjpO0ckS5cybpmvnTpX/E5RP1m7RW++v1Nav9mr5qk2aO2tSs3P96JPP9OkXX0sK7ILtlfTe4rVatvJzvfHuJ0rrk6yLLhiuaZPG6q33V8kwDK37dLvmXzU5YLz6epc2bvKNd80c37q2vL+r1m/VqrPB65/80+0B3Z4/WLpeS1Z8qlf/vkz/+fMfyGKxqLa2Xu8uXitJmjtrkm7MmWFuf6zolF58LbfRv51gysorzcepyaF9iSCtT5L5uLy8SsmJ8QHry8qrNGXiRbrj5qvlsNvlcru1cu0Wvbt4rYpPlWrvviMaPXJIk+PPv2qyduw+qBPFpTqSX9QomL3/UIHZuXvOjIkhzRkIBTUD0DXoAA0AAIAeb9o03+3d3G63tm8P/CWyYWfoWbNmBd1/zpw5AeFju92uO++8U7Gxvo4F27ZtM9dt3brV3Gb27NkB44wYMcIM4G7evLk9T0l1dXU6dMj37ftbb73VDD9LktPp1He+8x1ZrVa53W7t3bs36BgLFy7UiBEjWhV+lqTk5GTdcsstZjdmu92umTNnmt2bT5w40arx7rvvPjP8LEkjR47U2LG+D0yLiopCHqe2ttbszDBmzJiAdf3799ePf/xjTZzIxSkAAAAAQPgMGpCu3zzyfV0xeZysVqsMw1DegXy99cEqPfo/L+qhXzyld3LXNOoMXV/vMrvwzZ99eUDXySiHQ/feca0k6bPNO5s9flvG2X+oUBWV1ZKkH37vJjP8LPm+eH7NnCl67Ff/FPJt4AEg0uXMndqqL3+MvTBLOXOnduKM0FH83YbjO6mbcUvi4mL0kx/eETT87Hf7jXN05ZSLA4LH+w8VqKrKd1fGm6+fFbAuNSVRN183U5K0esNWBfPDf7hJyUm+0KlF0ujsIbpkXLYkqfB4cbueUzB79x9t9r+q6ppG+1itVn3vrusUFeWQJCXExwb8XM2ZcZkZgrVIuvTiUUpP872ORSdLgs5j+NCBymkQfpakq6ZfqvFjfY10Nm7a0eJz8YeVZ0ybYIaf/XO44drpyhiYLkn69GztFRXl0PQpF0vyha3P71786Rdfmx2YLxk3SlLb3t81G3yfa43OHhIQfpak6+ZNU0J8rErLKnT46HFJUm1dvfn5y/iLAhsJDeyfpkceukdTJ41t8fXw/wxZrVazU3NL/F3MpXNdnxtKTUnUt2+dbz5vh92uebMvNzt9Hz9xutnxs4YNMv8tfLzmi0brl6/yLRt7YZaSEuNCmjMQKmoGoPPRARoAAAA9XlxcnC6++GJ9+eWXWr16tS699FJz3a5du1RbWyur1dpkOHby5MmNllmtVk2ePFkrV67UkSNHzOUHDx6UJI0fP161tY1vTzZgwABt27ZNxcXtuyh49OhRSb7w8flhX0mKiYnRmDFjtGPHDh0+fLjRc+vfv7/69u3bpmOPGzcuaGg6LS1NBQUFKi0tDXms/v37B+2EnZ7uu+hXVlYW8lhJSUnq37+/ioqK9MYbb+i6667T6NGjQ76IBgAAAADonY7kF+nLnfuDrhs2ZKDGXjBcklRZVaOV67YE3S4hPlazrrgkpONFORy661vzdPuNV2t33mHt2H1QO3YdUElpuaqqarR81SZt2LRD/3jvNzVimC+Qcjj/3BeEx48daYZczo1pl9PpUF2dS2fKKxt1xvNryzj7DuZLkjIH9dOgAekhPce2CPX17aj3AQA6i8Vi0e03Xq3yiiodyW++wcOQzP66/carW92kAuGRcDb4fOZMRViOP3XiRS1+4WjKpIsaLfOfy1NTEpWSFN/o/J8x0PdZQfGpM432HTQgXSlBOvX265sqSTpTVtloXXv95Ie3N7nOIkujDr2SNLB/H8U1CMpKUp/Uc41XLjpbzzWU3idJxadKm3wOM6cFv6Pk7Csv1fYd+1R0skSG4ZXVGvzn1+32qPiU7/OSGVPHBz/GFZfo1b8v08FDheayOTMnavWGbaqorNbuvYd14aih5rplqzZJkq6eOdE8bmvfX7fHY4a+p1x2UaPtJSlzUF/t2ntYRSdLNGzIQCUnxWvQgHQVHi/WS68v0beun6WLLhjW6s9f/D9DhmHI5XaH1CG84fsTf957LPnC7MH+H5qelqyjBSfM7s3Nueaqy/XXN5fqi217dOfN8xQdHSVJqqis1ldnf09YMKfxZ4VAe1EzAJ2PADQAAAAiwsyZM/Xll1/qxIkTOn78uAYMGCBJWr16tSRp6tSpcjgcQfeNjw/+oaE/pFtY6Lsw5fV6dfy479vwmzdvbrbL8+nTzX/jvCX+0HXDzslNzc/fKbqhlJSmO0S0JDU1Nehy/+vn9Z7fk6BpTc2jLWNJ0rXXXquXX35Zp0+f1l/+8hdJUkZGhiZPnqzLLruMMDQAAAAAoJH9hwq1ZMWnQdddfukYMwBdXlHV5HZJiXGtDt7abFZddMFwXXTBcN1+4xyVlVdpzcZtWrLiU1VV1egPz76l//33H8rpdGj/wQJzv5//5/PNjnu6pKzJAHRbxtl3dp+GnZ87Q6ivb0e/DwDQGex2m+65/Vr98c9v61RJ41CpJKWlJuue26+V3W7r4tmhrfxB4JIwBaAbBnqDcTodstsa/3vKO+ALyJaUluuhXzzV5P7+Oz40lJqSGHTbKIcvTmS08hp+Sxx2u/kFsNZISW48T4cjsBPy+fx3ufR3Nj5fep/GzVskqW+DDtzHiorNgPH5jhacu1tmWp/g713fs52HS8sqVFfnktPpUFpqkkaPHKI9+45o+epNZgD6wKFCM8w7o0E4u7Xvb36Deb30t8VNbi9JpxuEh2/MxSS5twAAIABJREFUmaFnX3pPxadK9fSL70iSBmf004ypEzRl4kVNBsEb8ncSl6TTp8vUP4T6svj0uf+HJgWpcZv6ufB3Aw/l3+ikSy/U629/LJfbrXWffamrZ/qaCq0+2ym7f99UDRsysLkhgDajZgA6FwFoAAAARIRBgwaZ3YHXrl2rW2+9VcXFxWYn5enTp3fIcfwXykaNGqWhQ4c2uZ0/nNxWoQR5/XOxBbng2Z4gcFP7tjas3N55BDNq1Cg9+uijWrt2rTZt2qQzZ86ooKBAixYt0tKlS/X9739f/fs37g4BAAAAAOi9xoweJotmB12XMehcoKVPSpJu+Ubw7c7vONgWSYlxun7+FRqS0V/PvPSuXG63Ducf16gRg+XxeCT5fo9u6ZbHTYV1JLVpnLb8vt8Wob6+nf0+AEBHiYuN1nfvytFTf16kquraoOviYqPDNDu0RdbQQZJ8197zC08oc1C/Dh3fMJo/51rb2PXT8Pg+K0hPS9GUyxrfUdKvYWDYz9bk5wFtmkqnaWqefm155dob7m7YrdsbPGMdUGdZGjyF+bMv1559R7Qn74h5V44Vq7+QJE265MKA/3e09v31NAh8X3v1lKCfIfk17D49ZvQwPf4fP9THazZr/edfqaS0XEcLTuiVvy/Ve0vW6sf/eKsG9k9rcixJymwQFt+970hIAejdeYcl+eq8YB2gm/q5aE0Na7fZNPOKCVqx+gt9vOYLXT1zorxer1au9d115Jo5U0IeC2gLagag8xCABgAAQMSYPXu2/va3v2nbtm264YYbtG7dOkm+0GxyctMfDpaVlQXttFxcXCzJF66WfLcpSkpKUllZmUaMGKEZM2Z0wrPw8YerS0tLm9zm1KlTAdtGErfb3eS6qKgozZkzR3PmzFFdXZ22bNmi5cuXq7KyUitXrtQdd9zRhTMFAAAAAHR3/fumqn/f4Hc7asjpdGj29Es7fT5jLhhmPq6trZckDWgQJllwddsDGG0ZZ8SwDB04VKjjJ1p/NyuX2xPytqG+vl31PgBAR+iTmqR778jRn15+Ty6X75qmw2HXvXfktNjNF93PhaOGymq1yjAMvfneSv3kn25v1f7+oGl9ffDr2w073XakgQPSdTi/SH1SEttVR4SiYejU7fLIYe+5saOTxaVm6P385X4D+zfd7KZhZ+ji06VBO0X7x0pNSVRUg7uUjs4eopSkBJWWVWj1+q26avpl2v71PknS/KsuDxijte/vgL7nQscTxmU32cE6mKgohxZcPUULrp6i2rp6fb55pz5YtkEVldX66ONP9d27rmt2/5gYp0YMz9D+gwX64KP1unLKxUG7lvudKa/U+s++kiRNmnBByPNsi6tmXKYVq79QWXmV8g7kq7qmVjW1dXI6HZo4YXSnHhuQqBmAzsL9oQEAABAxxo0bp+joaBmGoY0bN2rTpk2SfMHo5qxfv77RMsMw9Nlnn0kKDBhnZGSY+zR127Tmwruh8h/HMAxt37690frq6mrt2rVLkjRs2LBG63uquLg4SdKZM2dUVVXVaL2/k5Wf0+nU1KlTdd11votuX331VedPEgAAAACAIAzDqz+/8qEKjp1sdru9+46aj0ePHCJJZodJwzD0xbbdTe7rauGaQ1vGGTHcdw0iv/CE8gtPBN3e4wm8BhIT45Qkfb37YLPzAYDeYHBGP91x01xFO6MU7YzSHTfN1eCMju0cjK5htVo1d9ZESdL+gwVmMLMp23bkKXf5RvPvqSmJkqSa2jrVu1wB29bXu7R9x74OnrHP0EzfXRH37Dui0yVlQbcxDKPFDtShSIiPNR/vOtu5t6f6ZO3moMv9XYH7902V1dp0b2mbzWp+yW7luq3NHmPEsIxG6+bNniRJWrV+q1at9+0/NLN/oy7LrX1/4+Ji5HQ6zh5/S5PzP7+uPL/ei3ZGaca0CfrW9bMkSVu+zGtyrIb8dyGpqa3T399d2WSnZpfbrb+8vkSS72dvzozLQhq/rZIT4zX2wixJ0opVm7R8le8zxKumX9bhdzMFmkLNAHQ8/g8OAACAiGG1WnXllVdKkpYsWSLDMNSnT58WA8Jr1qzR1q3nLk7V19fr5ZdfVnV1tSRpwoQJ5roFCxZI8nWNfuWVV1RTU2Ou83g8Wr16tR555BEVFRW167lERUXpwgsvlCQtWrRIhw4dMtdVVlbqz3/+swzDUHR0tEaNGtWuY3UnAwcONB+vXr06IExeVFSkn//851qzZk1AENowDH399deSfK+b3yuvvKInn3xSr732mrls3759evLJJ/Xkk09q//79zW4LAAAAAEBrfLb5a23evke/fvxl/fXNpTpWdEru835//XzLLj370nuSpGGDB5jhlH7pKbp0vK/z3F/fWKoduw4EjH2s6JR++8Qr5r5Nacs42cMzzTDT/z23SEfyz13TqK93adEHq/STXzwld4NuzwPO3s58y5d7VHSyJIRXBwAi25jRw/TIT+7RIz+5R2NGR07Dit7o+vlXKO1sJ85X31qm517+QEUnTpshTpfbrcNHj+t3T7+hP/3lfeUu26DyCl8zj4bB1Vf/vlxnyislSVVVNfrjC++oprauU+Y89fKx5rn8iT+9paLz7urw5df79S+/ekar1wcP6bZGSkqiGRZduW6LKiqr2z1muBQcK9Yb734SEAz/6ONPzU7MV0y+uMUxZl1xiSRp46YdZohZ8tV9ry1abtZJV05pPNbUSWNltVpVV+fSkhWfSpKumdO4w3Nb3t9bvnGVJOnTL77W0k8+CwghV1bV6C+vL9FPf/m0GXouPF6sH/3bH7Ri9RcBQWjD8JrBfWfUuQ7WzRk9cogmXzZGkrT20+36n/97TceKTplz8HgMHThcqF/+9gXtyTsiSbopZ0aXdMD1d9fesfugDh4+Juncewh0FWoGoGP13HtRAAAAAEFMnTpVK1asMP8+a9asZre3Wq1KS0vTG2+8oUWLFikuLk5lZee+QX/rrbea3ZglKT09Xddee60WL16snTt36pe//KVSU1NlGIbOnDl3+7qDBw+qf//+7Xoud999t55++mnl5+frmWeeUWxsrGw2myoqKiRJdrtdP/zhD82uyZEgIyNDgwcP1tGjR7VmzRqtW7dOGRkZWrBggQoKCuR2u7V48WItXrxYycnJio6O1smTJ81u3Lfeeqs51r59+1RbW6vS0nO3qyspKVF+fr4kBbzPwbYFAAAAAKA1Lhw1TOPGjNBXO/dr46Yd2rhphyTJ6XQoyuFQVXWt+ftrWmqS7rnj2oD9b79xjvYfzFdZeZX++MI7iol2Kjk5QSWlZaqr83WRjIl2yjC8zXYjbO04TqdD//qju/Wrx15URWW1/uuJVxQT7ZTVZlVV1bkvfh/JL1LWMN9t4m9YMF2PPfU31dW59Oh/v6C01CQNHzpI9915bdA5AUBvEOUILRyI7s1qtepff3S3/vDcWzpacEJbv9qrrV/tleQ7f54fYp47a5JiY6MlSclJ8bps/Ght3r5Hm7bu0qatu5QQH2uGhFNTElVSWt7hc7bbbPr+d76h3z/zpopPlerR/3lRSYlxiol26uSpM2b9sWf/Uc2efmm7jmWRtODqKcpdtkEHDhXq4V/+URkD0zX5sotC6uDrcrv1wL/8vtltxl6Ype9/5/p2zTMUI4ZnaPX6rVq7cbuSEuJUVlFlvlaTLrkwpOczY9oEnS4t1/JVm/Tmu5/onQ/XKD4uJmCs7951nUYOb9wBOirKoelTx5vB5bi4GI27aESj7dry/k67fKy2frVXO/cc0ntL1umDpRvUNy1ZVdW1AaH14ydOKWNgX+3ae1gut1tvf7hab3+4WqkpiYqJdur4idPm+PfcviDk1/bbt14jm82qDZ/v0KGjx/Xvj71kPseG9aUk3XTdTF3Vyd2f/bKGDlJ6WoqKT/k+C7p0/OiAruZAV6FmADoOAWgAAAD0CFar1bzI0py4uDiNGjVKe/fuld1u16WXNn8xz263a+HChXrzzTe1b98+MxQ7ZMgQTZ48Oej+M2bMUFZWlt5++20dP35cJSUl5hwHDRqk6667TkOHDm3V87PZbEGX/eAHP9DSpUu1Z88enTp1SpIUGxurkSNHatasWerbt2+rjtMROvJWYMHGuu+++/Tuu+/qyy+/lGEYOnr0qCoqKjR9+nQNHDhQH374oU6cOBEQOE9ISND8+fM1ZsyYRuNZLJagj4O95g3XAwAAAADQGslJ8Vp43w3af6hAucs2qvB4sSoqq1VX51JdnUtWq1UD+qdp7AXD9Y1rrpTNFvg7cXxcjH7zyA/0/pJ12vjF16qqqlFNkS9klRAfqykTL1LO3KnNhp/bOk5qSqL+7Uff1keffKbdeYdVVu7rZGm1WjVi2CDdduOcgK6WWcMG6R/vvUGvvrVMFZXVOlVS1ui26QAA9FRxcTH62T/frc+37NTHazar8HixJJnh54T4WA3O6Kebr59l3hXB79u3zVdMtFPrPvtSklRRWa2UpATNnT1JdrtNr721XHZ7x0d1Rg7P0G9/cb9efWu5du/1ncv95/P0tBRdc9XlmjJpbKvHtQWpOxbMmSKb1aIPl22UYRgqOFasY0Wnmh3H3uB6vKvBnR+Dqa6pDXFu52qpYNf77UGWNfSdW6/RqvVb9MW2PSot8zWe6d83VRPGZeu6eVeENAdJujFnhpIS4rR5+x4dOnpcpWUVctjtGj1ysK6ccrEmjM1uct9Z0yaYAeh5syapqSqvLe/vA9+7WZ9t3qn3l6xTaVmF2Y3a6XToguyhuuUbs5WakihJunrmRA3O6Ke33l+pY0WnA4L6SYlx+sY1V+riIOHsplitFt19y3xdevFoLVv5ufbuPypJZvjZarVq/EUjNf+qyzU4o1/I4wZja+VnVrOvvERvvvuJJGn+7MvbdWwAQPhZvA3vcwAAAHqFI4cLzZBfe/8MeNxwmULYvpnHofy9qWUtreuIgGN7xoiJjczvoJ0o9n1bul96Sljn4fV69atf/UrV1dWaOXOmFiwI/o30bdu26fXXX1dUVJR+/etfm8tLSkqUlJQU9GJZUyorK2UYhhITE9s9/+bU1dXJ5XIpPj6+U4/TXXi9XlVWVqq+vl7JycmN3pOqqirV1dUpISFBDr4pDaAX6C7n2vaKlOcBAEB3FSnn2kh5HoZhqPh0mRx2mxkwCVW9y6XKyholJMTK0Y6gVFvGqaqqkccwlJjQ8l2n6upcqqyqVlSUgw56AMKivKK65Y16ocSE5v+fHCnn2q54Hobh1ZmyCrlcbvVJTZLd3vLnB15JFRVVstlsijvbIborVVXVyOXxKCkhrlMbf1RUVsvlcisuNkZOZ/e/Tl9eUaWfPvq0JOk//u17Su+TbC63222KjWnfe+XxGCqvqFJyckKTYeaGNm7aob++uVRWq1W/+/UDinZGhXSc1r6/huFVeUWVoqLsIT3Hispq1dW7lJgQ2yGdar2SysorVVNTp/i4mLDWjM+/8qG2bN+jjIHpeuShe8I2D4QHNUNwvaVmaEpNdfNfzEFna198OTLTNwAAAOi1du7cqepq3y+vV155Zav3T01NbfU+XRVIdjqdcjqdXXKs7sBisSghIaHJ9XFxcYqLa/mDWAAAAAAAwsVqtbb5Q+Ioh0OpKe0PnLRlnLi4mJC3dTodcjqTWjstAAB6DKvV0uovMlmkkL5I1Flacy5vj0j58lNHvVc2m1UpyU1/rnG+JSs+lSRNvmxMyOFnqfXvr9VqUXJS6J9lJcTHKvRn0TKLpOTEeCUnhrfBT0VltbZs3yNJumbOlLDOBQDQMTru3tUAAABAN/DJJ77bVo0ZM6bZ8CwAAAAAAAAAAAAQDnv3H9WpkjJJ0rzZl4d5Nr3Dx2s2S5Jiop2aMDY7zLMBAHQEAtAAAACIGIWFhSosLJQkzZ49O8yzAQAAAAAAAAAAABrzd38eMTyjzXcMQejcbo9Wrt0iSZo7a6KsVkuYZwQA6Aj2cE8AAAAA6CgJCQm66667ZLPZlJmZ2ey2w4cP11133SWHo/23kgUAAAAAAAAAAED3FhsTre99+3pJUlJCXFjncs1VkzV96ngNzugX1nn0FhaLRffcsUCSNGb0sDDPBgDQUQhAAwAAIGIkJiZq3LhxIW2blJQU8rYAAAAAAAAAAADo2ex2my69eFS4pyFJGp09JNxT6FVsNmu3ee8BAB2HALSkvAP5kqTcZRsC/p6dlWn+mTNvWngmBwAAAAAAAAAAAAAAAAAAAMDUqwPQeQfylbtsgxl4Drbe3G75RuXMnarsEYPNYDQAAAAAAAAAAAAAAAgfiyRvuCfRzVjCPQEAALohaobGqBnQ0/XaAHTusg3KXb6x0fKGXZ/PX5+7fKN0NghNR2gAAAAAAAAAAAAAAMLLYrXIaxBnashiJc4EAMD5qBkao2ZAT9crA9C/e/qNgK7P2VmZypk3rVFnZ3/IOe9AvvL2HzUD0f4/CUEDAAAAAAAAAAAAABA+VotFBv0cA1gthJkAADgfNUNj1Azo6XpdADp32YaA8HMo3ZyzszLNcHTDEHTegXw9uPC2zpssAAAAAAAAAAAAAABoktVmlTxGuKfRrVht1nBPAQCAboeaoTFqBvR0vSoAnbtsgxlgbqrrc96BfOUu2yBJjdbnzJumnHnTzA7S/m3pBA0AAAAAAAAAAAAAQNez22yqlzvc0+hW7DZbuKcAAEC3Q83QGDUDerpeE+HPO5Bvhp8l6cGFtzUKPzfctmGX6PM1DDz7O0EDAAAAAAAAAAAAAICuZSO40wivCQAAjXF+bIzXBD1d7wlA7z9qPs6ZO7VdY2VnZQaM4e8YDQAAAAAAAAAAAAAAuo7FIjnshHf8HHabLJZwzwIAgO6HmiEQNQMiQa8JQPu7P+fMnRrQwbmtcuZNMztIt9QxGgAAAAAAAAAAAAAAdA6Hwx7uKXQbvBYAADSN8+Q5vBaIBL0iAN1ZHZo7IkgNAAAAAAAAAAAAAADazm63yWbrFfGHZtlsVtnpbAkAQJOoGXyoGRApesVPc8PuzJ0VWu6skDUAAEDPwf1xAADofJFwvo2E5wAAQHcXCefbSHgOAICu5IxyhHsKYdf61yASzreR8BwAAF2JmqG31gyIRPQxb0be/qNNrsvOylR2VmYXzqZ9Vq7dovLKqjbvP2XiWPVLT9F7S9bK5fZIki4YOUQXXTC8o6YIAAB6OItF8nolr9cri4VfgAAA6Eher1eS73zb01EzAADQeagZAAC9md1uk8Nhk8vlCfdUwsLhsIXcyZGaAQDQm1Ez9M6aAZGpVwSg/R2gc+ZObdV+ucs3Sss3NlqenZWpBxfeZj7OO5Af0GW6O1q26nOVlbc9AD18yCD1S0/R8lVfyDAMSZLXMAhAAwAAk9VqlcfjkWF4ZbPxGxAAAB3JMHwXGa3Wnn8zL2oGAAA6DzUDAKC3i3ZGyeOpNc+JvYXValG0Myrk7akZAAC9HTVDaCKpZkBk6lX/Mrt7SLkzWS296q0GAABhYLP56g23p3d+UxYAgM7kP7/6z7c9GTUDAACdh5oBANDbWSwWRUeHHuqJFNHRUa3qfkzNAADo7agZQhNJNQMiU6/oAN2aLs0NuzuHwj9mdlZmm+fXFf7lR3epurq20fIvtu3WRx9/JklKSUrQA9+/Oej+fVKSJEmXjR+tquoaSdLgjP6dNFsAANATOWw21cslt9sjZ5Qj3NMBACCiuN2+i4wOW2i3pevOqBkAAOg81AwAAEh2m00x0VGqqa0P91S6REx0lOytPPdTMwAAQM0QikiqGRCZekUAuqG8A/kthpXbEmbu7gHo5MR4JSfGN1qe3ifZfGx32DWwf1qz49x357UdPjcAABAZHA67VCPV17sVFxvu2QAAEFnq692Szp5vezhqBgAAOg81AwAAPv5zYaQHmmKio9p03qdmAADAh5qheZFUMyAy9Yre5DnzpnXKuLnLNnTKuAAAAD1RVJRdkkX1LpcMwwj3dAAAiBiGYaje5ZJkOXu+7dmoGQAA6BzUDAAABHI47IqNdcpqDf027z2F1WpRbKyzTWEkagYAAAJRMwQXaTUDIlOv+5eZu2yDHlx4W4eP21kh6+5m6Sef6fiJEknSnBmXKXNQX0lS0ckSffTxZ5KkAf1SNXfW5Vr76Xbt3H1Q+w8VKjUlUWNGD9OUiRdpQL8+knzduLd9laev9xxSbW2d0tOSNeWyi3TllIubPH51Ta3WbNyuLdv36HRJuaw2qzIH9dXoEYN19cxJstl6RaYfAIBuyWKxKNrpUG1dvWpq6xUXGx3uKQEAEBH8nSeinQ5ZLD3/Aiw1AwAAnYOaAQCAxuw2m+Jio1VbVy+XyxPu6XQIh8OmaGdUm8/31AwAADRGzdBYpNUMiEy9IgCdnZWp7KxM5R3IV96BfOUu29DuwHLusg3KXb5RkpQzd2pHTLNH2Lx9jwqOFUuSLr5ohBmAPlNWoc+37JQkDeifpgOHj2nHrgPmfoXHi1V4vFir1m3Vbx75vr7adUCv/n1ZwNgVldU6ePiY9h3M13135jQ6dll5lf79f19SVVVNwPI9eUe0J++INmz6Wv/v+zcrvU9yhz5nAAAQuujoKN9Fxpo6LjICANBBamrqJPnOs5GCmgEAgI5HzQAAQHAWi0Ux0U457B7V1bvk8fTMLsE2m1XOKIfsdlu7xqFmAAAgOGqGQJFYMyDy9Jp2uQ0Dz7nLNyrvQH67xvOHn88fG9LxolPaseuArFarMgamy2E/l7N3ud361WMvmeHnpMQ49UtPCdh/09bdyi88GbCsuqZWv33iFTP8nBAfqxnTJmjGtAlKSUqQJBWfKtXTL77bmU8NAAC0wBnlUJTDLo9hqKq6NtzTAQCgx6uqrpXHMBTlsMsZ5Qj3dDoMNQMAAB2LmgEAgJbZ7b7OjrExTjnaGQjqSg67TbExTsXFRrc7yETNAABAy6gZIrdmQOTpFR2gJV8X6Jy5U83gcu6yDXpw4W2tHsffQdqvN3V/bo2UpAQ9/MAdSk1JlNvj0fKVm/TB0vWSZIaYb7pupq6eOVGSdPzEaf3vH1831322eafZXVqSnn7xXZWWVUiSRo0YrAe+d7P5P+pbvjFbTz6/SHv2HdHxolPavH2PLhs/usueKwAACBQbG636skpVVdUq2hklm63XfOcOAIAO5fEYqqryfWgXG4Hdi6gZAADoGNQMAAC0jt1uk91uU7RX8ng8cns8MjyGDK9XXsMrb5jmZZFksVpktVhktVllt9lks9nUUXecp2YAAKB1qBkis2ZAZOk1AWjJ16k570C++d/9Dz2mnLlTQ+7gnLtsQ2Dn51bs29vce+e1Sk1JlCTZbTZdM2eycpdvlGH4bg0wbPAAM/wsSQP69dHMqeO1eMWnkqSTp0rNdaVnKrT/YIH59+/elRPwLRWbzaq7b5mn/+83z0kSAWgAAMLMGeVQTLRTNbV1qqisVnJSfLinBABAj1RRWS2vvIqJdkZkhwVqBgAAOgY1AwAAbWOxnAs29QbUDAAAtA01A9B99aoAtCQ9uPC2gCBzQKA5SJg570C+b7tlG8zH0tmO0oSfg7JarcrOygxYZrFYlJwUr5LScknShHHZjfZLT0sxH58pqzQf7847HLCNzWZrdNua6GinnE6H6upcKjpxukOeBwAAaLv4+BjV17tVV+9SRWWNEuJjwj0lAAB6lIrKGtXVu2Sz2hQfwedRagYAANqHmgEAAISCmgEAAISit9QMiBy9LgAtnQs6nx+C9v/pD+82DDwH7E/n52YlJcQFXe50RpmP0/okB1l/7hsj/k7Rkq8DtF/xqVI99PMnmz3+6ZLykOcKAAA6h9ViUWJCrErLKlRdUyurxaK4OG6PAwBAKKqqalVd4/vib2JCrKwddd+6boiaAQCAtqNmoGYAACAU1AzUDAAAhKI31QyIHL0yAC35QtA586YFdIP2ayr47O/6fH53YwSyWFv+n5/Nag15PE+DMLQkpSQlNLt9fHxsyGMDAIDOExVlV1JinMrKq1RZXSPD66XbAgAALaiorDEvMCYlxikqKvIv3VAzAADQetQM1AwAAISCmoGaAQCAUPTGmgGRodf/S20YhJZ84Wd/ANofdPZ3eyb4HB4D+vUxH2cMTNcjD90TxtkAAIDWiHZGSYlSWXmVqmtq5fF4lBAfK5st9C9DAQDQG3g8hioqq1VX75Lku8AY3eBOSpGOmgEAgNBQM1AzAAAQCmoGagYAAELR22sG9Hy9PgDt5w85o/sZ2D/NfFxwrFgVldVKoMszAAA9RrQzStYkq8orfL841ZeUKy4uWnGx3HYOAABJqqquVVVVrbzyyma1KTEhtld2V6BmAACgedQMPtQMAAA0j5rBh5oBAIDmUTMgEvD1NnR7A/r1UVJinPn3l/62WB6P0Wi7gmMn9eTzi1RX5+rK6QEAgBBERdmVmpqgmGinvPKqsqpGp06Xqaq6VobR+LwOAECkMwxDVdW1OnW6TJVVNfLKq5hop1JTE3r1BUZqBgAAAlEzBEfNAABAIGqG4KgZAAAIRM2ASBOx/2rzDuT7/tx/tMuPnT1isLKzMrv8uJHKarXqu3ddp989/YYkadfew/q3Xz+r6VPGq09qkkpKy3XgcKF27jkkSVr76XZdPXNiOKcMAACCsFosSkyIldPpUHV1repdblVW1aiyqkZRDoeiouyy222y22yyWi2yWCzhnjIAAB3C6/XKMLxyezxyuz2qr3er3nXuy7tRDrtiY6PljHKEcZbdBzUDAKC3omZoHWoGAEBvRc3QOtQMAIDeipoBvUHEBaB/9/QbZvg5bJZvlCTlzJ2qnHnTwjuXCJGdlalvXjtd7y1eK0kqK6/Sh8s2BN22trauK6cGAABayRnlkDPKobp6l2pr61Vb51K9yxXwyxYAAJHPominQ9HRUVxcbAI1AwAAEjVDy6gZAACQqBlaRs0AAIBEzYBIEzEB6LwD+WaH4O6Zi6CBAAAgAElEQVQid/lG5S7f2K2D0Far1Xxst9tata+jie2bWt5e82dfrgljs/X62yt06Ogx1dWd+0XE6XRoxLAM3Xz9LA3o16dTjg8AADqW/2Jjoter+nq3XC63XB6PPB5DhmHI65Ukb7inCQBAO1lksfh+/7bZrHLYbHI47IqKstNRKETUDACA3oGaob2oGQAAvQM1Q3tRMwAAegdqBvQOFq/X2+Mrt/PDz9lZmWbgODsrU/c/9Jj5+MGFtzXa3981Otj6UPeVpGcff1h5B/KVt/+oJF8A2u/BhbcpOyuzPU8T56mtrdfp0jL1SU1StDMq3NMBgB7lyOFCs6ht758BjxsuUwjbN/M4lL83tayldR1R0LdnjJjYiPkOGgAAAAAAAAAAAAAAQI9UU+0O9xR6ufbFlyMifdMw/NyWoHF2VqYvuHz2v2D7hzpmdlZmwLb+EHTusg1BA9Rou+joKA0akB7uaQAAAAAAAAAAAAAAAAAAAKAL9fgAdO6yDebjnLlT29RlOXvEYOlsUNnfvfn8x9kjBrd6XH8X6tzlG5sNVwMAAAAAAAAAAAAAAAAAAAAITY8PQDfkDxy3VqOOzWfD0E1t09o50QUaAAAAAAAAAAAAAAAAAAAA6BjWcE+gvfIO5Etqe0C5K3TnuQEAAAAAAAAAAAAAAAAAAAA9SY/vAN3RAeicuVOVPWKwJF/HZv/4eQfy23yM7KxM5R3IN8cCAAAAAAAAAAAAAAAAAAAA0DY9vgN0R2gYTM4eMVjZWZnKzspUzrxpYZwVAAAAAAAAAAAAAAAAAAAAgPMRgJaUt/+o+bipLs8NtwEAAAAAAAAAAAAAAAAAAAAQHgSgm9EwDN2wSzQAAAAAAAAAAAAAAAAAAACA8CAArXPh5mDdn5vqCA0AAAAAAAAAAAAAAAAAAACg69nDPYGOkncgX7nLNrS4XbBtGnZ3Pn+9f11T4ze3b7BtAAAAAAAAAAAAAAAAAAAAALSdxev1esM9ifa4/6HHwj2FVnn28YfDPQUAAHTkcKEsFosktfvPgMcNlymE7Zt5HMrfm1rW0rrm9glVe8aIiY2Y76ABAAAAAAAAAAAAAAD0SDXV7nBPoZdrX3zZ2kGzAAAAAAAAAAAAAAAAAAAAAIBO1+M7QAMAgNajAzQdoAEAAAAAAAAAAAAAAHozOkCHGx2gAQAAAAAAAAD4/9m78/io6nv/4+/MTPY9JCQsCUsgbCKCgOxCQRbFXepuq79WK6326r22t/e297a3t/e21yttb2+p1tta61Lct7AjqBA2ERQEIRC2sCckZF9m5szvj2FOZjKTfZksr+fjwYOZs37PIXo+OfOezwEAAAAAAAAA9BIEoAEAAAAAAAAAAAAAAAAAAAB0GwSgAQAAAAAAAAAAAAAAAAAAAHQbBKABAAAAAAAAAAAAAAAAAAAAdBsEoAEAAAAAAAAAAAAAAAAAAAB0GwSgAQAAAAAAAAAAAAAAAAAAAHQbBKABAAAAAAAAAAAAAAAAAAAAdBsEoAEAAAAAAAAAAAAAAAAAAAB0GwSgAQAAAAAAAAAAAAAAAAAAAHQbBKABAAAAAAAAAAAAAAAAAAAAdBsEoAEAAAAAAAAAAAAAAAAAAAB0GwSgAQAAAAAAAAAAAAAAAAAAAHQbBKABAAAAAAAAAAAAAAAAAAAAdBsEoAEAAAAAAAAAAAAAAAAAAAB0GwSgAQAAAAAAAAAAAAAAAAAAAHQbBKABAAAAAAAAAAAAAAAAAAAAdBsEoAEAAAAAAAAAAAAAAAAAAAB0GwSgAQAAAAAAAAAAAAAAAAAAAHQbBKABAAAAAAAAAAAAAAAAAAAAdBsEoAEAAAAAAAAAAAAAAAAAAAB0GwSgAQAAAAAAAAAAAAAAAAAAAHQbBKABAAAAAAAAAAAAAAAAAAAAdBsEoAEAAAAAAAAAAAAAAAAAAAB0GwSgAQAAAAAAAAAAAAAAAAAAAHQbtmAPAAAAAD2X02nozLlC5Z8+r5joKPXvl6w+SfEKCfbAuhCHw6kT+eckSRZLiIYM6h/kETVfwcVLqqysVlxstBITYhtd1uk0dOrMBUlSfHyMEuJiOmOIAIAurqy8UkXFpZKk5KR4RUdHtml75wuKVV1dI0kalJ7Wpm0VFZeqrLyyxevFREeqT1K8TuSfk8PhlCSlD+irsLDQZq1fWlah4ktlkqS0vn0UHt689QAA6A064z5De9YTkuRyuXTy1HlJUlRUhFL6JDRr/6GhNvVPS27TvrvzPQcAAAAAAICmEIAGAABAuzt+8qxeeHWlzhcUB5w/esRg3bdkgZIS4zp5ZF3PpdJyPf2/r0qSLBaLlj/990EeUfP97a31OnDouEJtNv38n7/daKi5rLxS//mblyRJ8+dM1m2Lr+2sYQIAurAdnx3Qm+9vkiR9465FmjrpijZt78UVq3T0+BlJ0rPPPNWmbb276hPt3P1Vi9ebcGWWHv7GzfrNs6+r6nJ46p+ffEDpA1Kbtf6W7Xv1/potkqQnHr1TI4ZltHgMAAD0NJ15n6E96wlJstsd5u/DI4Zl6IlH72z2/pc//Q+yWFof7+7O9xwAAAAAAACaYgn2AAAAANCzfJyzR7/87csNfigpSQcOHdc//ftzWrdpZyeODB3F7nDof59/U4bhCvZQAADo8oovlemN9zfpjfc36eDhE8EeDgAAXR73GTpGbl6+WZNcLCoJ9nAAAAAAAABajA7QAAAAaDdFxaX629sbzPdzZkzQFaOGanjmQDkcTp06U6Dde3P10ZbdkqTCi3zAFh0ZoWmTx0qSwsK67yPuT50p0Jvvb9TXb5kb7KEAANAu7rhpjm6YP91v+s/+688yDEOhNpt+/A/f9JsfGREmSZo9Y7xKSiskSTExUeb8okul+vDjXZKksFCbRg4f1BHDBwCgR+A+Q9s0ds8hNy/frEnGjRmmPknxnT4+AAAAAACAtiAADQAAgHazZ99h8/UDdy40P2STpLDQUGVlpisrM11zpo/Xa+9+qOvnTw3GMLuUyMhwPXDnwmAPo11s3LxbI4cP1pVjMoM9FAAA2iwuNlpxsdF+00NDraqpMWSxhig1JbHB9W9eNLMjhwcAQK/AfYa26Un3HAAAAAAAAOqzBHsAAAAA6Dm++LLug8lxVwxvcLnUvkl6/OElSoiL6ZBx1Nrtyjt+WpdKy5u9Tk2NXYeOnNT5C0VyuVzNXq+4pEyHjpxUWXlla4baLLV2u86cK9SBQ8dVcPFSs8Zndzh05OgpFVy81OL9teWYnv3LuyoqLm3xeh7V1bU6duKMjhw9ZXbNbA7DcOn4ybM6fbYg4PzSsgodPnpKxSVlzdpea38eAAAdw+VyKf/0eZ3IP9fi/y+bdUFJ8+uC7qC0rEKHjpxsUb0DAEB30+XuM3SxesIzrlNnLsjhcAZ7OAAAAAAAAJ2KDtAAAABoN8l9EpSbly9Jys07qfFjs5q97sp1W/XB2hxJ0o/+7n4NSk/zmf/Cq6u047P9kqRn/u17io6OlCT99+//piNHT0mS/uunS/W7599S/unz5npJiXGaNe0qLfzaNQH3m7NjnzZu/swnOGuxWLR4/jQtum6qQryWXfrUMzIMQ6NHDNbcWRP1zsqPdeqMe70H77lBr7+3URUVVQq12fTMv39PYaGhqm/HZwf0wqsrJUm33zhb182eZG43Y2Cq/umJB8xl7Q6H3nh3kz7Z9rnfdiaNH6klN3/NrzPllu17tWnLbp/jCQ8PVVZmhu654zolxsf6LN/UMV1z9eiA582bxWLR3bfN0ytvrpNhGPrtc6/rX556SFZr875vWVFZrQ8/2aVNm3erqrrGZ158XLS+df9NGj50oDnt9NkC/fy//yJJuuX6mSoprdDHWz+XYRiSpFCbTTctmqHrZk/S3v15euXNtT5h6rS+SXrs23cEfLxvS34eAAAd78ixU3p31WYdPX7G/P+8xWLRkEH9dNPCGRoxLKPBdUvLKvzqgsT4WE27ZqxuXDC9w8fuXaM8+8xTWr1hm95bvcVnmdUbtmv1hu2SpGFDB+ofvnt3o9s0DJfeyv5Iuz8/5POlnvDwUH3r/ps0dtTQdj4KAACCKxj3GbwFu57w5qktLBaL/uPHj+h//+9N8/d3j5sWzmjwXobnnoN3jeKxbPkK8/XN18/UorlTOvJQAAAAAAAA2gUB6HqyL98Mq7uh5v47KzPdXGbx5Zta3tMAAAAgTbxqpLbu3CdJev6vH2j+nEmaPWNCszowVdfUNjrf4azrZOS8HICSZIahJOmXv33Zr/twUXGp3l35iWxWq+ZdO9Fn3pYde/Xy62vN95ER4aqptcswDL2/ZovOni/U/7vvRr99nTh1Xr97/k2fbZWWVWjy+FHatGW37A6Hdnx2QDOnjPM7jnWbdpqvp026wme79Rtavv3Bxz7hZ4vFYi776Z6DOpB7Qs/82/fM+R/l7NGKtzf47bOmxq59B/L0H8vO6l+eelCxMVHNPqbmmjl1nL7KPa7de3N1vqBYK97eoHuXzG/Wur/87csqKCwOOK+ktEK//sNr+o8fP6KEePfPUW2t3Zy/ct022R0On3XsDofe+uAjlZVX+pxvj3MXirT8z+/oJ//wTZ/pLf15AAB0rBP557Rs+Ws+13rJfe3KO3Zav33uDf390ruUOWRAwPUD1QXFJWVauW6rQkJCtHj+tA4bu2ec3qpr7A0s2Xx/eiVbn31+0HwfGRGuquoa1dTY9fv/e0sP3LlQ0yaPbfN+AADoKoJxn8FbsOsJb57awjAM/WLZiwGf2vT+mi1KTIjV1Mv3G7zX89xzqGmHmgQAAAAAAKArIACtutBz9rqtDS7jCUJLdd+Ez8pMV1ZmuhmIBgAA6O1GDMtQVma6cvPyZRiG1ny4Q2s+3KHkpHhdMWqoxo7O1Mjhg5rdGbiliopLNffaiZo/e7LCw0O1Z2+uXnp9rQzD0Jvvb9LA/ikaOXyQJOnAoeNm2DU1JVFPPHqXEuJj5HQaenHFau3cfUCf7jmoeddO8usSVVFRJUmaPGG0JozL0oB+KUqMj1VpWYU2bdktSdrw0ad+AehTZwrMzsKTJ4wO2F3K4/yFInNbKcmJevzhO5TSJ0GVVdXateeg3nhvkyaPH2Uuv3d/nhl+Dg8P1bfuu1EjhmeooqJaH6zN0dad+1RWXqn//M1L+sWPH/HrZNzQMbXEN+++XsdOnFVxSZk2b/9CI7MG6epxI5pcb/o1Y/X+6i2aO+tqTZ10hfqmJOpiUalWb9im7bv2yzAMrVq/TffccZ3funaHQ5lDBuiBOxdJLpdWrt+mnbsPSHKHzS0Wix64c6HGjhqqvQfytOKdDaqpsev02QLlnz6v9AGpktr28wAAaH/FJWX67//9mxnYuf3G2Zo26QqFWEK047MDeu2dD2UYhp5ZvkL/9qNvKTlAV3/vuiAiPEx7DxzRC6+ukmEYyl6bo0EDUzV2dGanHdO8aydqysQxOnnqvPk0iMkTRmnRvKmSpJhG6gJJemflJ2b4efKEUXrgzkWy2awqLavQM7//m84XFOu1dz/UxKtGKizM/ykUAAB0R13pPkNXqCc8ysordcP8aZo19arLX/7doZ27v5Lk7nztHYCu79EHb1FNrV2bNu82v3R9923zlHX5yRp9EuM6/gAAAAAAAADaQa8OQDcWfPZ0d/bcWPOo/zo3L1/Z67Zq8fxpBKEBAECvZ7Va9OTSu7R24w69t3qLGVoqLCrRRzl79FHOHlksFl077SrdfuNs2WzWdt3/1VeN1JKb5pjvp066QlarRX9+xR0y2vHZATMAnXO5g5Qk3X3bdWZ3YavVoiU3zzFDtB9v/VwP3LnQb1+3XD9TC+s9EjYpMU6jRwzWgUPHdb6gWCfyz/mEZdd/9Kn5euHcaxo9Fu/H2k+dOEYpfRIkSVGREZo17SpNvnq05NUxevuuL83Xjz+8RJmD3d0wwxJC9cCdC1VUXKqDh0+oqLhU585fVL/UPs06ppYICwvV448s0c//+y8yDEN/ejlbGQNTzbE3ZN6sifrazAkKC60La6WmJOqOm+Zo+y7344hPnb3Q4Prf+eYtZlfrB++5Xl/sP2x2tJo+eaymTBwjyf3zUFJWoXdXfiJJOnu+yAxAt/XnAQDQvvZ/dczs8L94wXRdN3uSOW/OjAmy2x16O/tjGYahvV8e0ddmXe23jfp1waTxo2SzWfXcX96T5H6aQmcGlmJjohQbE6XKqmpzWp+k+IDX5EC27Ngryf1EiHvumG/WUXGx0bpp0Uw9/9f33U99+Opos76ABABAd9DV7jMEu57wWPC1a3Tj5c+k4uOi9cBdi8wAdGFRSaPrJl0OOMfFRZvT+qUlN7smAQAAAAAA6Cp6bQA6e22OX/DZ86iypoLMuXn5ZnjaE4jOXrdVuXn5WrxguhmeBgAA6K0WfO0azZ01UfsPHtNnXxzUV7knzEezGoahTVt2a/feQ3ri0buU1jep3fZ73bUT/aZNGj9KL722VnaHQ0ePnzanHznqruMsFotSkhP8HmmbkpyogsJinbtwMeC+Gnq8/MK5U3Tg0HFJ0oef7NJD9y6W5H707qd73B9GDk5PU/+05EaPZfjQdIXabLI7HFq9YbucTqcmjR+ltMsfSEaEh/ksf/joKUnuDzI94Wdv182epIOHT7iP/dipgB9sNnRMLdEvtY/u//oCvbhitQzD0G+ffV0//eH/a3Qd9wfUdR9S19TYVWu3y+FwKjYmSmXllbrYwAe4/dKSzfCzJIWEhCg5KcHstH31Vb4BsH596477klfIvK0/DwCA9uX9BfS5M/3DzbNnjNfb2R+7lz2aHzAAHaguGD82S+HhoaqpsfvUBV1dWXml+bSGwRlpqqysVmVlXZB6QL8U8/X5C0WdPj4AADpaV7rP0BXqiZlTfZ84ZbNaNSSjn46dPCtJqqisVnRURDCGBgAAAAAA0Gl6ZQB62fIVPh+ktbR7c1Zmup5cepekujC0pxv0suUr6AYNAAAgd6h13BXDNO6KYZLcj43dufuA1m7cqarqGpWUVmjV+m166N4b2m2ffVMS/aaFhIQoOTlBZ88V6nxBsQzDUE2NXSWlFZLcH5T+8y/+2OA2AwVvU1MSFRcbHWBpd62YlBinouJS7fr8kO65Y74iwsOUs2Of2anq+uumNXksVqtF18+fqvdWbZbd4dDK9du0cv02hdpsGjs6U7cunmV2Vq6sqjY/+G3og17vc3M475RmTvH9sLSxY2qpqZOu0Fe5J7Rz9wEVFpXopdfX6tYbZjW4fE2NXas/3KbPvsjVxaIS8zx5MwxXgDWlMSMG+00LC637NScrM8NnXnhYXZdpz36qqmra9PMAAGh/R465v9gTarMpMjLcb35YaKgZPMo7Fjh4FKgukGR+UaawqEQOp1M2a/t2iuwInvMhSUePn9E//ftzDS57obC4M4YEAECn6yr3GaSW1RPeXamrqmua3KfniUaSFGIJCbhMn6R4v2mJCXFmADrQ79UAAAAAAAA9Ta8KQHsCyh5ZmekBOzbn5uUr98hJn5C0Z3nJt0O0Jwzt3VHa8zchaAAAgDpJiXFaOHeKpl9zpf7p58/J7nBoz95cGXdfL0sDH+h5czqdTS7TUEjWm8slGa665aKjIzXhyqwGlw8UCg4LCwuwZJ1F86bolTfWyTAM5Wzfq7nXTtSGjz6VJMXGRGnsmOY9HnfR3CmaeNVIvbtqs/tcGYbsDod27z2k3XsP6d475mvm1HGyWCzmOg2dA+/pgR4J3NQxtdT9dy7QkWOnVFRcqh2f7Vda38AfGkvSL//nZZ09VyjJ3YF59IjBSoiPVVioTTk79snucDS4rrWJ0FpjP1ueM9LWnwcAQPvz/P/d2YzwTkOBo4auid41hSXEEnCZrsb7WAb2T9GQQf0bXHb4UJ5MBgDoHYJ5n6El9YTFYlF0dKQqKqp0sd7ThgIpLLokSYqPi1ZDRxF4etP3RAAAAAAAAHqSXhWAzl6bY74O1KXZO8QciCcQnb1uqxbPd3ft82zD8zchaAAAgMbFxkQpLbWP8k+fl93hUK3drojwMFmtdR8YXiop16B62Z2CwktNbvvc+YsaNnSgzzSXy6XCy+umJCfKarUoOipCoTab7A6Hwmw23XvH/LYfmJepE6/Q6+9slN3h0IaPdyl9YKqKS8okuR/b2/THsHVS+iTo2/ffKJeks+cKlbNznzZt3i3DMJS9Lkczp45TRHiYEuNjVVxS1uBj772nDxsyoA1H1zyhNpue+M6d+tdf/UmGYei91VsCLldYVGKGn7My0/XYw3co1Fb3a8q2XV9KDeef20VH/zwAABp2oaCuW7HN6///w4cOVEGh+8kNFRVVio6O9FmvpsZudkfMbOC6FqguMAxDF4vcwaN+acnNCke1txCvSqC6urZZ6/RL7WO+zhiYxrUKAAAvnX2foTX1RN8+CTpWUaWKiiqdv1Ck1Aae3nTqTIFZ46T17RNwmfbiPeqamubVJAAAAAAAAF1J92hz0w6WLV9hBpjrh5+z1+boO3//dMDwc1Zmul+HaMkdcM5et9U3VL1gup5cepfPMvW7SAMAAPRkH37ymX76qz8p73jgR9FL7g8YT58tkOTuYBgR7u48nJyUYC6z98ARn3VOnSkw12nM6g+3+03bvmu/2UE4c3Bdt8SB/VMkScUlZfryq6MBt3f88qNjW8pms+ra6VeZ2//Dn9+R5O76NHPKuGZtwzBcPo+7D5HUPy1ZS26ao1nT3NsuKa3QufMXJUnDMwea+zt05KTf9tZsrDs3wwPUtx0hJTlBD97T+KOHj52oO8eD0tN8ws/HTpzxefRvR+rInwcAQMM+23vIfJ3q9Yj54V5Bo7Wbdvqtt+HjT83Xge7bSIHrgs3bvjDrgmGDO/4LQYEkxMeYr7/Yf6SRJeukpiSZT3zYvmu/Sssq/JZxuVw6kX+ufQYJAEAX0RXvM7SmnrjyimHm6xdfWy2n0/8pFw6HUy+uWG2+HzdmmN8y7SkhPtZ83dyaBAAAAAAAoCvpFR2gs9fmmEHkrMx0v/Czd/DZE3jOGpbh9wFabl6+ci+HSbw7PWev26onl95lrrt4/jRz/rLlK/TsM0916PEBAAB0BYbhUvbaHFVV1+jp372qkVmDNGbEEKWl9lFKUrwqKqt16MhJrd6wXcblx9lPvGqkuX76gL7m622f7ldCXIyuGpulU2cuaMU7G5o1hv0Hj+lPL3+g+XOuUUREmPZ+eURvvL/JnD9t8ljz9V23zdN//uYlSdLyP7+jO26crXFXDJPVatXpswVa//GnOph7Qt/71u26YtTQFp+PeddO0oaPd0mSqqprJEkzrrlS4eGhzVp/995D+r+XPtCQjH66/rqpGtAvRTHRkTqef06f7vnKXM7TEXPm1Ku0c7d7+m+fe0P3LZmvkcMHqay8UivXb9PR42ckSRkDU5XSJ8F/hx1k0viROnj4uHJ27As4f8Swupr7oy17NHL4II0cPkh5x0+bwfHO0NE/DwAAt9pauy4UFiv/9AWt2rBdFRVVktxPDuiXVtflcOzoTEVGhKuqukbrNu1USEiIpk4cI4WE6NPdB7Ry/TZJUnh4qMZdMTzgvnzqgvAw7d57SO+s/MScP2PKlR14pA1LTIyTxWKRYRgqKi7Ve6s3a+aUcYqPi/HpVOnNarXo5kUz9M7KT2QYhn6x7EXdfft1GpLRX7W1dh07eVbvrvpERcWleubnjyk6KqKTjwoAgPbX5e4ztKGemD97sj7aslslpRU6evyMfvyLP2rxgulKS01SiEJ05lyh3lu9WWXllZKk5KR4zZ4xoVnbbi3PF4ElaceuA8oYkKqJ40cqIjzM/OIVAAAAAABAV9Y7AtBeAWefDs31ws/1O0PXV78btPe6y5avMEPQnm2YIem1OY1uFwAAoCcIsYRo8YLpenflJ7I7HDqYe0IHc080uPw1V4/R3Gsnmu8Hpadp6OD+Onr8jAzD0Mr128xwk+QOODXVDXhAvxR9uuegPt1z0G/ePbdf51PLDUpP0+IF05W9NkeGYej19zbq9fc2+q33Ve6JVgVeE+JjNHbUUO3z6ia84GuTm73+gUPHJUnHTp7V7//0dsBlbrl+pmJjoiS5O2U+8s2b9dxf3pNhGPrra2v8lk/rm6S/X3p3Sw6jXdx9+3XKzTulgsJiv3lxsdG6csww7d1/RHaHQ797/k1znsViMQNiHa2jfx4AAG6H8vL1+/97y2/6vUvm+zwFICY6Uv/0xAP692V/UU2NXWs37tDajTt81gm12fSP379f8XHRAffVWF3w0L2LNSg9rY1H0zohkm5aNEPvXg5Prd6wXas3bFeozabf/eqJBtebP2ey9n11VEeOnlJJaYWefeHdgMsdPX5aY0dndsTQAQDoVF39PkNL6gmr1aJHvnGLfvf8m6qqrlFxSZleet3/93bJ/UXnR755iyyWkGZtu7UGpacpKzNduXn5sjscevWt9Xr1rfUaO2qovvut2zt03wAAAAAAAO2hx3+FO3ttjvm6ofBzVma6nlx6l19IOTcv373c5T/eFi+YrmefeUqL508LuC+fLtNeQWkAAICeKkTS3FlX6+l/+66umz1JaX2TfIJMkhQZEa5hl4O6D95zvd/8x751h6726tYkSUmJcfrm3ddrxjXjmhzDU9+7R1eOGeaz3SEZ/XTf1xdo1rSr/JZfPH+afvj4vUofkOrT3chisWhAvxQ9+uCtWnLzHJ/pkmRt5oeQC+dOMV+PHD5IfZLiAy4XaLsP3LlQD3/jZqX1TfLrvBQdHanbFl+rBV7bl6TxY7P03W/drrGjM306TaemJGrOjAn6weP3+nWgbukxBWJtojOUzWrV3z2ypG5f9bpbPvrQrZp37USfsSUnxWvpQ7dqQL8UcxuBt+2/b6st8LJNaenPAwCg5eIuf3HHI2Ngqh5/eImmTBzjt2xKcoJ+9P37NWXiGJ+QcwiZc4kAACAASURBVHxctCZPGK0ffv8+9Uvt47OO9/UiUF0wbOhAPXTvDZo8YVSrj8ES4r5G2GyN9xVo6NolSQvmTNaSm+b4XPvCAjwlwvuaGRISon/47t36xl2LlJQY57NcqM2mkVmD9C9PPUj4GQDQYwTrPkNH1RNDB/fXr/71UX1t5gTzy8ze4uOiNX/OZP3qXx716V4daFxN8a4hGvu9f+lDt2nmlHE+vwOHhYc1ez8AAAAAAADBFOJyuVzBHkRHyc3L17LlKyTVhZwl/87Pzz7zlN962WtzlJuX77fNQF2iA4Wp609vqrt0Z1m1fptq7Y13NIiPi1H/tGTzMeu9xdad+3T6XKEkd+BmTgc/Xg4AgunE8dMKCXF/6NHWv31ee09TM5Zv5HVz3jc0ral5ja3TXG3ZRmRUr3gIh6myqlqlZZVKjI/1C982xCWpqKhEkZHhiops/BHu//W7V3T0+BlJvnVdaVmFoiIjZGtBGPZSabkMp+EXKuoKyiuqVFtrV3RUZLPPY2lZhcLDwpq9fFdwqbRcYaG2Jv/dO2ssXfXnAQC6K4fDqQuFxYqKilBcTFSLHq9eXV0rp9Op6Fbcq2hNXdBZKiqrVVpWoZjoyIBhqIYYhksXi0sUGRHeq+7fAADQ0fcZGtLe9YRhuFR0qVSSlJQQ1+Edn5tSWlahyqoaJcTHKIIQNAAAAACgl6iqdAR7CL1c2+LLvSZ901D42LuDs4cnNB2IGWj22t7iBdOVm5fv8ycrM939CO3Ly2ev29olAtDZ67a26BHiM6ZcqVuun9UrPkjbvmu/GXpP65tEABoAgHYSFRnR4g8XQ6QGuyU3V1xsdNML1ZMQF9OmfXakmOhIqYU1WWvOQbB1pX+DrjQWAOgpbDar+qclt2rdiIjWB3G68jUxOipC0VEtD2JZLCFK6ZPQASMCAKBr6073GRpjsYQouY1jak9xsdFdumYCAAAAAACor/ltdrqh7LU55uuszHRzWmNdmb3XWTx/mp595ik9+8xTWjx/Wt021m316w7tvZ362+jOtmzfq1/9zytyOpsfmu6JSkor9MKrq/TCq6v0/potwR5Op1vxzod64dVV+utra1RdUxvs4QAAAAAAAAAAAAAAAAAAgF6sR3eA9oSUPcHl+gJ1ZG4oHO3p8uzpDp175KTPdrMy05WVme7XBTprWIbk6QK9NqdLdIH2+Mfv3+fX8aCysloXi0u1ZfsX2r03V5JUUFisd1d9ottvnB2MYXaasaMzFRrq/k+ifjeqisoq7fhsvyQp1GbTTQtndPr4giln+17ZHe52//PnTFZa36QgjwgAAAAAAAAAAAAAAAAAAPRWPTYA7d2h2ac78+UwcqBQtPc6WcMy/ObXDznXt3jBdDMg7b1OoO13BdHRkYqNifKZFhsTpdS+SRo9YrDeWfmJ1m7cIUnasze3xwegr5s9SdfNnhTsYQAAgBa669Z5Krh4KdjDAAAAAAAAAAAAAAAAQCexBHsAnckn4NxAV+jmbqOp9bPX5rR5X8E2d9bV5uvCohIZhiuIowEAAAgsY2Cqrh43QlePGxHsoQAAAAAAAAAAAAAAAKAT9NwO0EdOtngd76By9tocPbn0Lp/53qHmptYPOKYu1gG6KdFRkT7v7XaHwsNDfaYZhqFP9xzU5u1f6PyFItXa7eqfmqzBGf20aN4UxcVGN7j9S6Xl+jhnj/YdyFNxSbkkqV9qH2UM6Ks5M65WSnKCuewLr666PKZwff2WubpYVKItO/Zq1+eHVFpWrscfXqKMgal6+fV15joP3nO93z5ra+165c31kqTIyHDddetcc97nXx7Wnr2HJUlXjBqiSeNHac3GHTp77qLKKyrrzoPDYY5HkiZPGKUxI4fo3IUird6w/fJxJGn+nGv0ybbPtf+rozpy7LSSEuM0ZuQQTZ10hfql9pHk/pnYszdXXx48purqGqUkJ2jqxCs0c+q4Bs9bQeElrf/oUx06ckKXSssVHRV5Ofg1UpPGj/Rb3vu4xl85XKNHDFbOjn06cOi4jp88K4slRAP6pWjOzKs1dtRQc70vvjyi3XtzzWP2ePXNdUpMiJMkpQ/oq3nXTmxwrAAAAAAAAAAAAAAAAAAAAO2txwagvXmCyd6h6KxhGQ0um5uXr9y8fGWvzTGXyz1yUtnrtprLLV4wvdH1m5rWHeSfPm++DrXZAoaff/Ps637HduzkWR07eVZbtu/Vdx68RWNGDgm47f/8zcsyDMNn+pGjp3Tk6Clt3Lxbc6+dqDtumqMQSTs+228uM2RQf/3p5Wyf9S6VlGtAWorPct+853qF1NtvRWW1zzLeAeijx8+Y80JDrZo0fpQ++/yQz3nw8N5GeFioxowcokslZeb0fmnJyjt+RvsO5JnLnT5boNNnC7Rp82794scPa++BPL38+lqf7ZaVV+ro8TM6fDRfD9272G+/h46c1K//8JrPtJoau4qKS/X5vsP67PODeujeGxQWVvdv5X1cERFhWrlum98xlZRW6MCh41rwtWt06w2z3OudOONznB7e/955x04RgAYAAAAAAAAAAAAAAAAAAJ3KEuwBdKaGQs/evLs+Z6/bqmXLV2jZ8hW+4ef501q03+4Yfi4tq9D/vfSB+X545kCf+S5Jf/zr++axWSwWTZk4RnNnTdSQjH6S3F2Df/+nt1VWXumz7tnzF/Vf//OqT/g5NSVRWZnpio6u6zq9fZd/+FaST/jZYrEoOSneJ/DbnvokxSk2JkqREeE+02Njosw/8XH+Xa7PnivUvgN5slgsGtg/RaG2uu8a2B0O/ezpF8zwc3xctFJTEn3W37n7K+WfvuAz7eSp8/rtc2+Y79MHpGrOjAmafs1Yc/uff3lY763e0uDxfJyzxww/D+iX4nO+JWntxh0quHjJ7xi9RUaEm9OTvbp0AwAAAAAAAAAAAAAAAAAAdIYe2wE6a1iGdDm0nJuXb3aB9sg9ctJvmsezzzyl7LU5PqFnjyeX3tXgep59NTimRtYLhpXrtiohPsZnWkVFtQouXtLBwyd8pt95y1yf92s2bNPn+w5LkqKjI/WTv/+mz7ZWrd+m99dskWEYemflJ3rgzoWS3OHfX/72JdkdDklSUmKcHn94idL6JpnrHjpyUn9+JVtzZ0306+DsMWbkEN1+42z1S0s2l6murm3pKWjSd755iyTpzLlC/dvTL0hyd8N++mffbXLdxPhYPfXYPUpKjJPD6dS6jTv1/hp3OLmiokqSdPuNs3Xd7EmS3MHw//7938x523ftV/qAvpLcXZ6f/l1daPzGBdN1g1cQ/+ZFM/Wzp19QRUWVPvxkl+ZdO1GJCbEBxzWgX4q+9+3blRjvnn/46Cn9z3NvmP8m2z79UjctnKF51040uzs/9sNfm/N/+P37fP69AAAAAAAAAAAAAAAAAAAAOlOPDUA3pamuzIsXTNfiBdOVvTbH7BzdVIDZe5tdLewcSEMdlr2F2mx69KFblVov8Lrhk8/M1/ctme8XpF44d4o+3PyZKiqqtGdvrhmA3rM3VzU1dnO57z/ydb/uxyOGZeg/f/Jog2MaOXyQHvv2HU2OPdgevPcGJSXGSZJsVqsWzZui7HVbzRDzkIx+ZvhZkvql9tHsaVdp5fptkqQLhcXmvN17D5kB5JTkRF1frwt5XGy0brvhWr30+hpJ0pdfHdXMqeP8xmSxWPTYw3coIa7u32v40IGaMeVKbdqy273fgmK/9QAAAAAAAAAAAAAAAAAAALqKHhuA9g4ge7o9e/40FX72tnjB9GYvm3vkZODpLdhfV3L7jbM1ZeIYxcZE+UwvLikzuxRL0tBBA1RRWe23/uD0NO0/eExV1TVyOJyy2az68quj5vyRWYP8ws8eFktDvZ+l66+b2tJD6XQWi8UvBB8SEqKE+BgVFZdKksZfmeW3Xkpy3fm4VFJuvt5/8Jj5esSwdFUGON8D+6eYr89dKAo4rsEZaT7hZ49+qX3M10WXSgOuCwAAAAAAAAAAAAAAAAAA0BX02AC0t/qdmXPz8s0/7dmpOXvdVvO1Jzjtve+WhKk7wxOP3qn+acmSpEslZTp24qzeyv7I7NCcs2Ov5syY4LdecXGZz/sf/mx5k/sqvHhJaal9VFhUYk4b0C+lkTUallavG3VXFB8bHXB6eHiY+Tq5T0KA+aHma0+naMk3lLxl+15t2b630f2fu3Ax4PS0vn0CTo+IqBuX4TQCLgMAAAAAAAAAAAAAAAAAANAV9OgAdKCwc9awDOlyUDl7bY6eXHqXcvPylb02R1LLujV7OkovXjDdXF+SFs+fZr727grdnmHr9hAbE2V2d46NiVL6gFRlZabrF8v+KrvDoXMXivTqW+v1wJ0LfdbzDuZKUmJ8bJP7stqskiS73WlOCw8LbWjxRoXauv6PbUgjHaw9rBZLs7fnHUq2WCwNBqw9vDtJe2usszYAAAAAAAAAAAAAAAAAAEB30PWTpG2weMF0LVu+QpI7iGwGludPU/a6rcrNy9ey5StaFHr25glWe3d+9uzXwzPPOxTdlaWl9tEdN83W397eIEnaunOf5l070ewULUmp9Tow//yfvy2b1dqs7SfExyj/9HlJUkFhcTuNOjCXYSikXsj4UklZA0t3bf3SknU8/5wkad61E3Xb4muDNhaXyxW0fQMAAAAAAAAAAAAAAAAAADS/BW035Ak8SzIDz5I7oOyZ7h1+9izf3D+BeAedvbtCdyczp15ldoaWpNfe+dBnfmxMlE8X5v1fHWv2tgf2TzFff77viGpq7G0Yqa/wiDCf98WX/MPOh7w6crdERHjdtu0Oh4o7OUg9oF/defviy8Pq7AiyzVYXcD9+8mwn7x0AAAAAAAAAAAAAAAAAAKBOjw5AS/W6MXsFkr2nS+7g8pNL72rxn/rb8GzXuzO09/TuwGIJ0ddv+Zr5/tCRkzpy9JTPMuOuGGa+/uvra1RWXum3nbLySv3lb6uUd+y0OW3a5LHma7vDoVfeXCfDMHzWq6qq0V9fW6N9B/JaNO4QySe4nbNzn8/88wXFen9N60LpiQmxPu93f5Hbqu201rgxdef7fEGx1m7cEXC53Xtz9eKK1e2+/9SURPP1rs8Ptvv2AQAAAAAAAAAAAAAAAAAAmsvW9CLdm6dbc25evjuUvDbH7AC9eP40M6ScvW6rstdtbVZY2bOd+t2jGwpbd0cTx4/S+2tyVFBYLEl65a31+tenHjTn3337dfriyyOyOxyqqKjSD3/2B82ZOUED0pJVVVWjE6fOa9fnB2UYhi6VluvvHvm6JCmlT4JuXjRD763eIknaufuAjh4/rQnjRiguNlonT53Xnr25sjscOnXmgsaOzmzRuK8YNVTbPv1SkrRq/Tbt/OyAxo7OVE2tXVvrBaJbIiQkRBkDU3Xy1HlJ0hvvbdTBwyc0ecIoJSfFa8ig/q3ednOkJCdo0bwpWr1huyTp3ZWf6It9hzVh3AjFREfq7PmL2n/wmE6fLZAkzZ11tQb279tu+x81YrCO55+TJO0/eEz/8eu/asY1VyoxMU5jRw1tt/0AAAAAAAAAAAAAAAAAAAA0pccHoOvLXrdVWcMyzMBy1rAMLVu+wmd+bl6+sjLTzWlZwzLc8y6Hmr2Dz5J/h2fvcHR36/7sESLprlvn6nfPvylJOnuuUHv25Wr82CxJUnRUhB596FY99+K7qqmxyzAMffjxroDbqq21+7xfNG+qamrtWvOhu4txYVGJ1m3a6bdeVXWtXC6XQkJCmj3uW2+YpR2fHTC7ShcWlWjTlt3m/DEjh2j/wWPN3p63B+5cpH9/5i/m+30H8rTvQJ5SkhP18x99q1XbbInF86fr7LmL+vzLw5KkYyfP6tjJs37LWSwWXSopb9cA9KJ5U/TJti9UUVElSTp56rxePbVekvQ/v/w7hYWGttu+AAAAAAAAAAAAAAAAAAAAGtPjA9DLlq/wCywvW75CTy69y+wO/ewzTyl7bY7ZDdrTLdp0eXp9ZojaKyztvZ36XaG7AqvFYoaDQ22N//OPGTnEp+vx29mfmAFoSRo9YrB+9S9L9fp7G/XF/iNmOFZyh3AH9EvRTYtmBOwQfMv1s5SUEKc1G3eoqLjUZ15KcqIWzJms6VOuVKDos8ViaXDMcbHR+tk//j/9+eVsn3BwbEyUJl41UrcunqXH//E3jR63FPjcDOyfon9+8hv662trlH/6vDk9JioiwPrWJvfRUlarRd958BbtP3hMb37wkc5fKDL/LSX3MU4YN0I3LZiu6OjIgNto6t+8IWGhofrpDx7S397aoM+/POyzX8LPAAAAAAAAAAAAAAAAAACgM4W4XC5XsAfRUbzDz4vnT5MkM5zsmVY/oOzp3lw/NO0tUPC5/v4k6dlnnmrzMXQnDodTFwqLFRMdqbjY6GavV1NjV2lZhaxWixIT4wKGnlvDMFwquHhJkRFhLRpPS7btcDiUEBfTYOC4o5WUVqiiskp9UxJls7Z/6LohxZfKVF5RpZjoSCUmxHbafgG0nxPHT5sd9tv6t89r72lqxvKNvG7O+4amNTWvJU8XaOm2myMyqsd/Bw0AAAAAAAAAAAAAAKBLq6p0BHsIvVzb4ss9NgBdP/zsCTp7d2iuP6++QCHo+qFnz3LLlq/wWSZQQBoAgK6CADQB6K7E5XKpttYhu90hu9Mpp9OQYRhyV6k9slQFAPQqIQoJcT/NyGq1KNRqVWioTWFhtnapSXoTT81Q63DI4fDUDC710FtbAIBeKCQkRBZLiKxWi2w2q8Js1AytQc0AAOjpqBkAAADaDwHoYGvb/Zoemb6p34m5Mdnrtip73daAQeimAsy5eflmx2jvdZ5celfLBw0AANDL1NTaVV1dq+oauwg6AwB6LpdcLsnpdMrpdKpWdqlKkkIUER6qiIgwhYeFBnuQXZpvzQAAQM/lcrnkdLrkdBqqrXWoUjWSRM3QTNQMAIDegpoBAAAAcOtxHaAbCj8vnj9Nkszuz1mZ6crKTPfpBu09PWtYhvle8u0GXT/07L2PhrpJAwDQldABmg7QwVRTa1dlZbVq7XXfpAwLDVVYmE02m1U2q1UWSwjdKgAAPYbL5ZJhuORwOuVwON0dCe11wZywUJuioiL4gLKemlq7KiprZPepGWzUDACAHitwzVB3HQwNtSk6KpyaoR5qBgBAb0PNAAAA0H7oAB1sbYsv96gAtHf42RNGDhSI9u7SnL02x/13vSB0SxB8BgB0NwSgCUAHg+Fyqby8SlXV7m4UVotFkZHhiowIk8ViCfLoAADoXIZhqKq6VlVVNXIahiQpMiJcMTGRsvTycI7hcqmsvErV1bWSPDVDmCIiwmSlZgAA9DJOw1B1da2qqmrNmiEiIkyx1AzUDAAAeKFmAAAAaB0C0MFGAFpS4PBzoHne4ef6stfmNDsInZWZbu7D0yUaAIDuggA0AejOVlvrUGlZpZyGUyEKUXR0hKKjIoI9LAAAuoSKympVVFTLJZesFqviYqMUFtb76gVJqrVfrhmc7g9rY6IjFR0VHuRRAQDQNVRU1qi8okqSZLVa3DVDKDWDRM0AAIA3agYAAIDmIwAdbASgGw0/e4eaGws/1+fZXu6Rk+a0rGEZ5nYAAOjOCEATgO5M1TW1KimtkCSFh4UqNiZKViudmAAA8OZ0Giorr1RNrV2SFB8XrYjwsCCPqnO5a4ZKSVJYWKjiYiKpGQAAqMfpNFRaXqVas2aIomagZgAAwA81AwAAQPMQgA62Xh6A9g44t1f4GQCAno4ANAHozuIdfo6KjFBsTGSQRwQAQNdWVl6lyqpqSb0rBO0dZIqKDKdmAACgCe6aoUZS7wo0UTMAANAyvbVmAAAAaC4C0MHWtvhyt/9KvCfgLInwMwAAQBdSW+sww88xUZF8KAkAQDPExkQqJsp9zSwprVBtbc+/8VZrd5hBpugovjAFAEBzxMZEKjoqQpJUUlqpWjs1AwAA8NcbawYAAAD0Ht0+AO2RlZluvib8DAAAEFyGy6XSMk9HpghFR0cEeUQAAHQf0dERiop0XztLyypldO+HdzXKt2YIVww1AwAAzRYTHaGoyHBJ1AwAAKBhvalmAAAAQO/S7Z+/npWZrty8fOXm5St7bY752jOP8DMAAEDnKy+vktNwKjwslI5MAAC0QmxMpJxOp2pq7Sovr1JcbFSwh9Qhysqr5HQaCqNmAACgVWJjIuVwGqqttausvErx1AwAACCA3lIzAAAAoHcJcbm699f7cvPytWz5Cr/phJ8BAGjYieOnFRISIklt/tvntfc0NWP5Rl43531D05qa19g6zdWWbURGdfvvoDWqptauSyXlClGI+iTFyWrtMQ8dAQCgUzmdhi4WlcollxLiYxQeFhrsIbUrd81QIUlKpmYAALQjl0tyOp1yOA0ZTkOGy5DL5VKwPg0JCXHfR7CEWGSxWmSzWmS1WtUOtyckuWuGwqJSSVJCfDQ1AwAAzUTN0LNqBgAAgNaoqnQEewi9XNuK724fgPbIXpuj7HVblZWZrqzMdC1eMD3YQwIAoMsiAE0AuiMVXypTrd2hmOhIRUfxSFoAANqiorJa5RVVCgu1KTEhNtjDaVdFl8plN2uG8GAPBwDQAzgcTtntDtkdzmAPpVlCbVaFhtpks1nbvK2KyhqVV1QpNNSmpISYdhhd10HNAABob9QMPbNmAAAAaA0C0MFGABoAALQQAWgC0B3F0/3ZarEouU98sIcDAECPUHixRE7D6FFdoD2dHN01Q1ywhwMA6OYcDqdqau1yOo1gD6VVrFaLwsNC2xxqKrxYerlm6DkdHakZAADtiZrBrSfWDAAAAK1FADrY2hZf5jlhAAAAaDfV1bWSpMhIOjIBANBePNdVz3W2J6irGcKCPBIAQHfmcrlUVV2ryqqabhtkktyPo6+sqlFVda3a0rPGc12lZgAAwBc1g6+eWDMAAACgdyIADQAAgHbhcrlUXWOXJEVG8MEkAADtxXNdra6xt+kDzq7Cu2aIoGYAALSSw+lURWW17Pae06XHbneoorJaDqezVetHUDMAAOCHmsFfT6sZAAAA0HsRgAYAAEC7qK11SHIpLDRUFgtlJgAA7cVisSgsNFSS6/L1tnvzHENYqE1WagYAQCvY7Q5VVtbIMHpeYMcwXKqsrGlVSMtqsSgs1CZJ1AwAAIiaoSE9rWYAAABA78UdIwAAALQLz43WsDBbkEcCAEDP47m+9oSOVbUOagYAQOvZ7Q5V9YLHtVdV17bquu+5vnqut90ZNQMAoC2oGRrXk2oGAAAA9F4EoAEAANAu7Jcft2ezWYM8EgAAeh7P9dXeysfbdiUOBzUDAKB1HE5nrwgyeVRV17b40fae66vnetudUTMAAFqLmqFpPalmAAAAQO9FABoAAADtwuk0JEk2Kx9MAgDQ3jzXV8/1tjujZgAAtIbL5VJ1LwoyeVRX18rlcjV7eWoGAEBvR83QPD2pZgAAAEDvRQAaAAAA7cIw3DdKLZaQII8EAICex3N99VxvuzPDcH8gS80AAGiJ6hq7eQ3pTQzDpeoae7OXr6sZuv+5omYAALQGNUPz9KSaAQAAAL0XAWgAAAC0C09ziZAQPpgEAKC9ea6vLWjm1GV5OlJRMwAAmsvhcMpudwR7GEFjtzua/Xj6upqh+xcN1AwAgJaiZuidNQMAAAB6LwLQAAAAaCfcKAUAoONxvQUA9D41tc3vZthTcQ4AAGga10vOAQAAAHoXAtAAAAAAAAAAAKBLcjiccjqNYA8j6JxOo9kdHQEA6I2oGdyoGQAAANCbEIAGAAAAAAAAAABdUm9+jH19nAsAABrGdbIO5wIAAAC9BQFoAAAAAAAAAADQ5bhckp0Ohia7wymXK9ijAACg66Fm8EXNAAAAgN6CADQAAAAAAAAAAOhynE6CTPVxTgAA8Mf10R/nBAAAAL0BAWgAAAAAAAAAANDlOJxGsIfQ5XBOAADwx/XRH+cEAAAAvQEBaAAAAAAAAAAA0OUYBHf8cE4AAPDH9dEf5wQAAAC9AQFoAAAAAAAAAADQ5Rgugjv1cU4AAPDH9dEf5wQAAAC9AQFoAAAAAAAAAADQ5bhcrmAPocvhnAAA4I/roz/OCQAAAHoDAtAAAAAAAAAAAKDLIbfjj3MCAIA/ro/+OCcAAADoDQhAAwAAAAAAAAAAAAAAAAAAAOg2CEADAAAAAAAAAAAAAAAAAAAA6DYIQAMAAAAAAAAAAAAAAAAAAADoNghAAwAAAAAAAAAAAAAAAAAAAOg2bMEeAAAAAODt3LlzcjgcLV6vb9++CgsL64ARdR6n06lz586psrJSmZmZslg69/uKnnPfknNpGIYMw5Ak2Wz8egEA6D2Kikt14tQ51dY6NKBfstJS+8hmtbbLtisqq1V48ZKiIiOUkpzQLtsEAADBQc0AAAAAAADQMUgoAAAAoEv54x//qPLy8hav99hjjyk9Pb0DRtTxiouL9cYbb+jIkSPmtB/96EdKTEzs1HE8//zzKisr02233aYpU6Y0a50PPvhAOTk5kqQf//jHiouL68ghAgAQVA6nU6+8sU47PjtgfgHIW0pyou5bMl8jhmW0aT/7Dx7Vn19ZqciIcP36F4+3aVsAAKDzUTMAAAAAAAB0PALQAAAA6FLS09NVXFzsN/3cuXOSpNjYWEVHR/vNDw8P7/CxdYTKyko9/fTTZtfr+Ph4ZWVlydpO3aC6m9OnT2v37t1KSkrS9OnTgz0cAABMl0rL9evlK3S+wF2nJMbHqn+/ZLlcLp0+W6CS0goVFBbr1394TROuzNJD9y6Wzda267nh8g9MdbTVG7apvLJas6aMU2rfpE7fPwAA3R01AwAAAAAAQOcgAA0AAIAu5cEHHww4/Qc/+IEk6bbbbtOYMWM6c0gdas2aNXI4HLJYLFq6dKkyMtrW/amzjR8/XvHx8ZKkiIiINm8vNzdXmzdvVnJyMgFoAECX8uZ7m3S+oFgWi0Xff2SJepjTDQAAIABJREFUX8fG6upavfH+RuXs2KdDefmyWCxBGmnbfLB2qwzD0MhhGYSZAABoBWoGAAAAAACAzkEAGgAAAAiiI0eOSJJGjx7d7cLPkpSRkdEtxw0AQEu4JO37Kk+SdP/XFwR8XH1ERJju//pCzZp6lSoqq2WxhHTyKAEArXX85Fn97e31Kr5U1qr1Y2OidO8dCzR0cP92Hhm6G2oGAOjZqBkAAACArqV7fq0cAAAA6AAOh0OnTp1SZWVli9Y5ceKEiouLW7XPS5cuSVKzuloXFxfr9OnTcrlcLdpHaWmpjh07ptra2haPr6ioqMXnpCGVlZU6efKkSkpK2rwtp9OpgoICHT16tF22BwBAY86fv6iaGrskaeigxj+oHpSeptEjBje6zMWiEh0/eVa1dnubxtWa7Zy/UKQT+edkdzjatG8A6En27MttdZBJksrKK7Xr86/acUTorqgZAKBno2YAAAAAuhY6QAMAAKBby8vL0/PPPy9Jeuqpp9SnT5+Ay7300kvav3+/xowZo/vvv1/79+/Xiy++qKioKD3xxBN68cUXderUKXP55ORkTZ8+XdOnTw+4vb179+rjjz9Wfn6+Oc1iseimm27StGnTGh3zmTNn9Jvf/MZn2muvvabXXntNkjRp0iQtWbJEklRRUaF3331Xhw4dUnV1tbmfwYMHa/78+Ro6dKjPdt577z3l5ORo8uTJGjt2rNasWaPTp09LkpYuXarBgxv/cNVj/fr1+vjjj31C0wMHDtT999+vxMREc5r3efzpT3/qN44JEyboqquu0ltvveUTVI6KitL999+vzMxMSdIf/vAHHTt2zJxfWFioH/zgB+b7n/zkJ4qNjZXL5dKqVau0efNmGYZhzrdYLJoxY4YWLlwom41fcwAA7Ss5OUEWi0WGYejoiTOtesx7VVWNXnv3Q+376qgqKqrM6YPT0/TIg7coMT62w7Zz7vxFvbtqs746fNwMZUlSakqi7vv6wv/P3p2HR3Xe99//zD7aEAgJBEJskgUYA7bxAhI2xsZgg7wnNl5Sb23ikrS/1mn75HmapEmvtPm1rt0kdnFiZ6njOCYxTrzI2OCNTRib3SwGgVgkscgChJaRNNLozPPHMIcZtDBaR6N5v64rl86cc5/73DPCma+kz3yPEtxO/ejpl8LO+Z9f/cnczr9mmv7ivlsifq4AEGumT83Vpi17uvxh0yCLxaIrpk/q5VUhFlEzUDMAGNyoGQAAAICBhQ7QAAAAiGkTJkyQ3W6XYRjasGFDu2Pq6+u1a9cuGYahWbNmSZIZ7G1qatLPfvYzVVRUKCUlRVlZWbJarTp16pTefPNNffbZZ23m27Nnj373u9+pvLxcaWlpuuyyyzR27FgZhqE33nhD77zzTqdr9vv9Sk5OVnJysrnParWa+4IB4+bmZj333HPauXOnmpqalJ6erjFjxkiSDh06pBdeeCEsgC1JjY2BP2ru379fv/rVr3Ts2DFZrValp6fLYonstrorV67U+++/L8MwNGrUKFmtgR8bKioq9MILL4SNDb6Ovgs6QgXXsXfvXv36179WTU2NRowYIbfbLSnQDfrFF19UXV2gY8qQIUOUnJwcFl4Ovh7JycnmGtavX6+1a9fKMAy53W5NmDBBqampMgxD69at069//euIniMAAF1ht9k0JW+cJOml5e/qg7VbutQN0edr1dPLXtWmLXvU2OjV5LxxmjZlohLcLh0pP6nv//svVVvn6ZN5zlTX6sc/fVk7dh+Q19uitGFDlDUqQ1arVZVV1Xr6f17V0fJKpSQnKiU50TzParWa+4YPGxLxcwWAWJQzPku33zKn2+fffsscXTJxTC+uCLGKmoGaAcDgRs0AAAAADCy0RgMAAEBMs1qtuv766/XBBx/o008/VWFhoWw2W9iYjRs3SpJSU1N1ySWXhB0zDEMej0ePPvqopkyZIikQ5n311Ve1a9curVixQqNGjVJ2drYk6dixY3rppUC3owULFmj+/PnmXAcPHtQLL7ygtWvXqqCgQEOHDm13zVlZWfr+978vSfrOd74jwzD08MMPm9cP+tWvfqXTp0/L7XbriSee0OjRgdvner1e/eY3v9GhQ4f0/PPP6zvf+Y6GDAn/I2NNTY0SExP10EMPKScnJ+LwsxQIhc+cOVP33HOP7Ha7fD6fNmzYoJUrV+r06dM6ePCgcnNzI54rMzNTjz/+uFJTUyVJBw4c0IsvvmiGlhcvXqwHH3xQkvTxxx/r3XffVXp6elgH6ODzXrlypSTphhtu0KJFi8xjJ0+e1Kuvvqorrrgi4ucJAEBX3F04V2UVlaqrb9CKtz7Wn4rWKndClmZMzdXUyROUObL9u1BI0vO/+bMqjlcpKSlB3/32w2bHxeaWFj334usqKS3Xn4rW6pH7F3U4R3fmaW5u0Y9/8rK83hYNS03R337jqxp1bp2GYWjVR5/qo/XbNOuqqSq4dpokaek/Pi3DMPTXj96paZfm9Ph1A4BYUXDtdJ05W6f1n+zo0nnXzb5cBddO76NVIRZRMwDA4EbNAAAAAAwcdIAGAABAzCsoKJAUCC7v2BH+i+fQztDz5s1r9/z58+eHhY/tdrsefPBBJSYGOhpt377dPLZt2zZzzI033hg2T25urhnA3bJlS0+ekrxerw4fPixJuu+++8zwsyS5XC49/PDDslqt8vl82r9/f7tzLF26VLm5uV0KP0vS0KFDde+995rdmO12u2644Qaze3NlZWWX5nvsscfM8LMkXXLJJZo2LfAH05MnT0Y8T1NTkwzDkCRNnTo17FhmZqb+/u//XldffXWX1gYAQKSyRmXo3777dc2ZNd28tX1Jablee+tj/eA/f61vf/85/alobZsuj83NLdqzL/CefsuN14bdbt7pcOjRBxZLkjZt2dPp9bszz8HDx1RX3yBJ+tZf3WMGmaTAh8hunT9bT/3wm7LZ+BUhAEhS4YL8LgU5p12ao8IF+X24IsQiagYAGPyoGQAAAICBIW47QBetKg58Xb0xbH9eTrYKFxYoLyc7GssCAABANyQlJWnGjBnauXOn1qxZo5kzZ5rH9u7dq6amJlmt1g7DsbNmzWqzz2q1atasWfroo4909OhRc/+hQ4ckSZdffrmampranDdq1Cht375dVVVVPXpOZWVlkgLh4wvDvpKUkJCgqVOnateuXTpy5Eib55aZmakRI0Z069rTp09vNzSdnp6uiooKVVdXRzxXZmZmu52wMzIyJAU6VUcqNTVVmZmZOnnypJYvX67bbrtNkydPltXKH2ABIF4dLT+pnXsOtntswrjRmjZloiSp3tOoj9ZvbXdcSnKi5s25MqLrOR0OPfTVhbr/7pv1RckR7frikHbtLdWZ6lp5PI1a/fFnKv5sl/760TuVOyFwW+Mj5ec/7HP5tEvk8TReMKddLpdDXm+LztbWa+iQ5Hav3Z15DhwqlyRlZ41U1qiMiJ5jd0T6+vbW9wEA+orFYtH9d9+s2jqPjpZ3/mHNcdmZuv/um7v8gVNEBzVD5/NQMwBA11AzAAAAAAND3AWgS0rLVbSqWCWl5R0ef2bZckmBT24WLizoz+UBAACgm2644Qbt3LlTlZWVOnHihEaNGiVJWrNmjSQpPz9fDoej3XOTk9v/o2EwpHvs2DFJkt/v14kTJyQFOjx31uX59OnT3Xsi5wRD16GdkztaX7BTdKhhw4Z1+9ppaWnt7g++fn6/P+K5OlpHd+aSpMWLF+ull17S6dOn9b//+7+SpDFjxmjWrFm66qqrCEMDQJw5ePiYVr7/SbvHrp051Qwz1dZ5OhyXOiSpyyEam82qy6ZM1GVTJur+u+erptajtRu3a+X7n8jjadRPf/6a/utfvyWXy6GDhyrM87737y92Ou/pMzUdhpm6M8+Bc+eEdnHsC5G+vr39fQCAvmC32/TI/Yv1P798XafOnG13THraUD1y/2LZ7bZ+Xh26i5qh83moGQCg66gZAAAAgOiLqwB00ariNh2fOx1/biwhaAAAgIEvKyvL7A68bt063XfffaqqqjI7KV9//fW9ch3DMCRJkyZN0vjx4zscFwwnd1ckQd7gWmy2tr9A70kQuKNzuxpW7uk62jNp0iT94Ac/0Lp16/TZZ5/p7Nmzqqio0IoVK/Tee+/p61//ujIzM3v1mgCAgWvq5Amy6MZ2j43JOn8nhOHDUnXvHe2PS0pK6PE6Uock6fZb5mjcmEw9/5s/q8Xn05HyE5qUO1atra2SAu+JF7vlccbwtndNCOrOPN157+6OSF/fvv4+AEBvSUp06/GHCvXcL1fI09DU7rGkRHeUVofuoGbofB5qBgDoHmoGAAAAILriJgBdUlreJvxcuCBfebljlZeTbY6RFNYhmhA0AABA7Ljxxhv1+9//Xtu3b9ddd92l9evXSwqEZocO7fiPgzU1Ne12Wq6qqpIUCFdLgVsbpqamqqamRrm5uZo7d24fPIuAYLi6urq6wzGnTp0KGzuY+Hy+Do85nU7Nnz9f8+fPl9fr1datW7V69WrV19fro48+0gMPPNCPKwUARFPmiDRljmj/zgWhXC6Hbrx+Zp+vZ+qUCeZ2U1OzJGlUZrq5b9HNs7s9d3fmyZ0wRqWHj+lEZdfvTNHia414bKSvb399HwCgNwxPS9WjDxTqFy+9oZaWwM8nDoddjz5QqOFpHd+pBwMTNUPnqBkAoPuoGQAAAIDoiZv7Qz+zbLm5nZeTrSeXLlHhwgIz/Bzcbx4L+VR80eqNKlpV3K/rBQAAQNdNnz5dbrdbhmFo48aN+uyzzyQFgtGd2bBhQ5t9hmFo06ZNksIDxmPGjDHPCXZgvlBn4d1IBa9jGIZ27NjR5nhDQ4P27t0rSZowYUKb47EqKSlJknT27Fl5PJ42x4OdrIJcLpfy8/N12223SZI+//zzvl8kACDuGIZfv3z5bVUc/7LTcfsPlJnbky8ZJ0nKzhp5bg5Dm7d/0eG5LRepH7ozT+7EQD1RfqxS5ccq2x3f2hpezyQkuCRJu7841Ol6ACAejB0zUg/cs0Bul1Nul1MP3LNAY8eMjPayMIBRMwBAfKJmAAAAAKIjLgLQF4aXn1y6JCz43J7ChQVtQtAAAAAY2KxWq6677jpJ0sqVK2UYhoYPH37RgPDatWu1bds283Fzc7NeeuklNTQ0SJKuuOIK89iiRYskBbpGv/zyy2psbDSPtba2as2aNfrud7+rkydP9ui5OJ1OXXrppZKkFStW6PDhw+ax+vp6/fKXv5RhGHK73Zo0aVKPrjWQjB492txes2ZNWJj85MmT+t73vqe1a9eGBaENw9Du3bslBV63oJdfflnPPvusXnnlFXPfgQMH9Oyzz+rZZ5/VwYMHOx0LAEDQpi27tWXHPv3o6Zf02z+8p+MnT8l3wXvRp1v36ue/eUOSNGHsKLlcDknSyIxhmnn5ZEnSb5e/p117S8PmPn7ylP7vT142z+1Id+bJm5itlORESdLPXliho+Xn65Pm5hateOtj/cP3n5MvpHPjqJHDJUlbd+7TyS/PRPDqAMDgNnXyBH33Hx7Rd//hEU2dPHg+fIq+Qc0AAPGLmgEAAADof/ZoL6A/hIaXn1y6JOLzChcWhJ1btKpYhQsLenVtAAAA6F35+fl6//33zcfz5s3rdLzValV6erqWL1+uFStWKCkpSTU1Nebx++67z+zGLEkZGRlavHix3nnnHe3Zs0f/8i//orS0NBmGobNnz5rjDh06pMzMzB49l6997WtatmyZysvL9fzzzysxMVE2m011dXWSJLvdrm9961tm1+TBYMyYMRo7dqzKysq0du1arV+/XmPGjNGiRYtUUVEhn8+nd955R++8846GDh0qt9utL7/80uzGfd9995lzHThwQE1NTaqurjb3nTlzRuXl5ZIU9n1ubywAAEGXTpqg6VNz9fmeg9r42S5t/GyXpMDt2Z0OhzwNTeZ7UXpaqh55YHHY+fffPV8HD5Wrptaj//nVn5Tgdmno0BSdqa6R19siSUpwu2QYflmtlg7X0dV5XC6H/t+/+5p++NSvVVffoB//5GUluF2y2qzyeM5/iOto+UnlTMiSJN216Ho99dzv5fW26Af/8Sulp6Vq4vgsPfbg4nbXBADxwOlwRHsJiBHUDNQMAOIbNQMAAADQvwZ9ALqktNzczsvJvmjn5wsVLsin+zMAAMAAYLVazT8SdiYpKUmTJk3S/v37ZbfbNXPmzE7H2+12LV26VH/4wx904MABMxQ7btw4zZo1q93z586dq5ycHL3++us6ceKEzpw5Y64xKytLt912m8aPH9+l52ez2drd941vfEPvvfee9u3bp1OnTkmSEhMTdckll2jevHkaMWJEl67TG6zW3ruRTHtzPfbYY/rzn/+snTt3yjAMlZWVqa6uTtdff71Gjx6tt99+W5WVlWGB85SUFN1yyy2aOnVqm/ksFku72+295qHHAQAIGpqarKWP3aWDhytUtGqjjp2oUl19g7zeFnm9LbJarRqVma5pUybqjluvk80W/v6WnJSgf/vuN/TmyvXauHm3PJ5GNZ70SpJSkhM1++rLVLggv9MgU3fnSRs2RP/f3/2F3v1wk74oOaKaWo+kwHtw7oQsLbl7vkZnppvjcyZk6a8fvUu/e22V6uobdOpMTZtb3gMAgPZRM1AzAAAAAACA/mPx+/3+aC+iLxWtKjYDzHk52V3qAC0FAtTPLFve7fMBABiIjh45Zob8evo1bDt0nyIY38l2JI872nexY70RcOzJHAmJg/MzaJVVgc65IzOGRXUdfr9fP/zhD9XQ0KAbbrhBixYtanfc9u3b9eqrr8rpdOpHP/qRuf/MmTNKTU1tNxzbkfr6ehmGoSFDhvR4/Z3xer1qaWlRcnJyn15noPD7/aqvr1dzc7OGDh3a5nvi8Xjk9XqVkpIiB91VAMSBgfJe21OVVYEPsIzMGBrllfSMYRiqOl0jh92mtGFdqwGaW1pUX9+olJREOezdrw27M4/H06hWw9CQlIvfQcLrbVG9p0FOp0MpyYndXicAdFdtXUO0lzAgDUnp/P+TB8t77WB5HtQMAND3qBnaFy81AwAAQE80NviivYQ417P48uBM33Sgq92fu3sOAAAAomfPnj1qaAj8wvu6667r8vlpaWldPqe/Askul0sul6tfrjUQWCwWpaSkdHg8KSlJSUkX/0MsAAB9wWq1djuM7nQ4lDas5x/e6c48SUkJEY91uRxyuVK7uiwAABCCmgEAAAAAAKBvxFUAGtJ7H25Sk7dZQ4ck64Y5V3b9/I8+VVOTV8OHpeq62TP6YIXhPtv2hY6frJIkXXPlpWG3V+ttVafPav/BMp2sPK0mb7O+evuNcrnoJAgAQKz58MMPJUlTp07tNDwLAAAAAAAAAAAAAACA2EQA+iJKSsujvYRe9c7qT9TiC7RtnzButMZlZ0Z87ud7SvXGO+skSZkj0volAL3xs13ad+CoJMntdvVJAPr4yVN64aU3dfLLM2H758+9Wpkjut4BEgAARM+xY8d07NgxSdKNN94Y5dUAAAAAAAAAAAAAAACgL1ijvYC+lpc71twuWr2xy+cXrSruzeUMKMv/9EHEY/2S/vjGh323mCg5W1OvHz39Upvwc1JSgnznguIAACB2pKSk6KGHHtLDDz+s7OzsTsdOnDhRDz30kB588MF+Wh0AAAAAAAAAAAAAAAB6w6DvAJ2XEx58KVpVrMKFBRGdW1JaHtYBOtLzYsXhshPaf7BMk0JC4h3Zsn2fTp2p6YdV9a9XVqyWYRiSpJTkRH3j4Ts0cXyWrFZLlFcGAAC6Y8iQIZo+fXpEY1NTUyMeCwAAAAAAAAAAAAAAgIFj0HeAlqTCBfnmdtHqjRF3dQ4dl5eT3SZMPRgs//PFuzr7/X6teOujflhN/9tXctTcvm1hgXInjiH8DAAAAAAAAAAAAAAAAAAAMIDFRwB6YUFYePliIeiS0nI9s2z5oO7+HHTi5Cnt3H2w0zHFn+1STa2nn1bUfzwNTWrx+czHV0zPi+JqAAAAAAAAAAChLPSqaIPXBACAtnh/bIvXBAAAAPHAHu0F9Jcnly7RE99+ynxctHqjSkrLA52dc8dKkkoOlpnHQhUuyB+U3Z+D/vDGh5p+Wa7a+xmotdXQ62+t6fBcwzD06usfyC+/JGn+3KuVOSKt3bF+SX/884dq8flkkUV3FV6vxAR3t9f93oebdKLyjCTp1vmz5HTYtXHzbu07cFQnKk8rMcGt7NEjdMetczQyZE3vffSpTpw8rXpPQ9h8K0Ke5zVXTtHUyRPMx5VV1fp4wzbtKzmimlqPrDarhqUma8bUXM0tuEJDUpK6/TwAAAAAAAAAAG1ZLBb5/f5oL2NAsZBmAgCgDWqGtqgZAAAAEA/iJgAtBULQzyxbbj4uKS0PdHm+IPAcqnBBfqfdn4Mh6ljjsNs1KnO4yioqdaa6Vp9t3atrZ17aZtza4u1qbPJKkq658lJ9tm1v2HGr1aryY5U6Un5SkuTzteqR+xe1e83de0v18YZtkqQEt0v333Nzj57Dlh37VHG8SpI0YWym/rxynbzeFvO4x9OoqlPV2vb5fn3zL+/RtCkTJUlbd+xX+bHKNvN9unWPue1yOswA9L6So/rJL/7YZrzH06iK41Va/fFm/fO3H+4w+A0AAAAAAAAA6DqrxSpDrdFexoBitcTFjT0BAOgSaoa2qBkAAAAQD+ImAF20qrhNZ+fOFC7IV17u2LBwc9Gq4sDXDubJy8lW4cKCmAhEtxqGHrjnZv3fn/5OkrTirY919RVTZLWe/yRoi8+nN99bLykQdL7j1jltAtCSdOv82Xr+N3+WJH227Qvdf/fNcrkcbca9v2azuX3zDVeHXaunlv/5Q0nng90Vx6tkGIZ5/LfL39V//MtSWa0WDU8borM1dfL5Ws1wtySlJCea26lDAh2dSw8f089eXGHud9jtGjM6Q75WQ8dOBK7R4vPpxz/5rb7/D49qeFpqrz0nAAAAAAAAAIhnVptVaiXMFMpqI8wEAMCFqBnaomYAAABAPBj0AeiLBZ9Dw8rB7QuDz5HMIwW6QT+zbHnMBKHHjx2lqZMnaM++w6qrb9D6T3ZobsEV5vEP1mw2OyovmHe1kpMS251n+mW5SkpKkMfTKMMw9MnmXbphzpVhY85U1wa6bZ9zw5wrLpymx2ZffZke+MrNctjt8rW26pPNu/XKa6slSXX1DTp05JhyJ47RE4/cKUk6fvKU/vWp30gKBJuf+uE3w+ZramrW08uWm0HqyZeM0xOP3im3yylJOltTr/9+frkqq6rl9bbov557VT/+/hO9/rwAAAAAAAAAIB7ZbVY1R3sRA4ydMBMAAG1QM7RFzQAAAIB4MKgD0M8sWx4Wug1qr7tzR9oLPuflZIeFpUsOlqmktNy8VjAIXbggX4ULC3rhmfSdJXfN1/d+/KIk6U/vrFXBtdNlt9vU5G3Wyvc3SQqEg2+9abb88rc7h0XSwnnX6E9FayVJq9dsbhOA/nDdVnN71lVTlZjg7tXnkZE+TH9x3y2yWAJdpe02m66bNUMfrNmsyqpqSdKXp6qVO3FMxHNu3vGFGX522O3660fvCutsPTQ1Wd/6y6+Yr191TZ1KjxxTzvis3npaAAAAAAAAABC3bDZbtJcw4PCaAADQFu+PbfGaAAAAIB4MygB0MIB8oa4GkktKy8PCzx2dHxqkDg1MB78O5BB0RvpQzb76Mn2yebe83hZ9sG6LbrnxWr334Sa1+HySpNtuKZDL5VCTt+PPzV4/+3K9sXK9DMPQmepaHTpyXBPHj5Yk+VpbtW7jDnPsLTde2+vPY/ZVU83wc6hRI9PNAHT12bouzbnvQJm5fe1Vl4aFn4My0odqwthROlx2QpK0/0AZAWgAAAAAAAAA6AUWi+Sw29Ti45b2UuC1aOfX4AAAxD1qhnDUDAAAAIgXg+6+J+2FnwsX5OvnT/9jl8PPofO0F35+ZtlyPfHtp1S0qvj8uIUFenLpEjMUXbR6Y9jxgeiuxdfLag38U3hn1Uadqa7V6o83S5IS3C7deP3MwMD2G0BLktxup2ZdNdV8/MHaLeb2lu37zDD1xPGjlTlyeC8/g0AH6Pa4XE5zO9jNOVJnztSY2yMz0jocN3LE+WNdDVkDAAAAAAAAADrmcAzKPi7dwmsBAEDHeJ88j9cCAAAA8WJQBaA7Cj93pwNzaGj5yaVL2sxRtKpYJaXlge3VG81tKdAR+smlS86PDekiPRANSUnS/LlXSZJafD59999fNMPC99x2g+wR3h5n4bxrzO1tn+9XQ2OTJOn9NZvN/Yvmz+6tZYex2Xr/n7Kv9Xxg2tnJD4lOx/nO0L5WPlUMAAAAAAAAAL3Fbrf1ye9/Y43NZpXdzq3sAQDoCDVDADUDAAAA4smg+gngwk7L7QWXI1FSWm4GmvNyss1uzqHycseGP25nTOGC/A7XNtAsunm2HPZAyDcYfk4dkqSCa6eZY/z+TlpAK9AJOWdClvl4/Sc7VXG8SsdOVJnzTZ0ysbeX3meGpiab26erazscd7r6fKfo0HMAAIg/3FMPAIC+x/stACD+uJyOiw8a5HgNAAC4ON4veQ0AAAAQXwZNADq0I7MUCD+3F0qOdK7QedqTl5OtwgX5enLpkg7HFC4sMEPQA70LtNvl1O23zgnbd++dN8li6dofVm+9aZa5/dH6rWHdn2+5aVZM/Zl2XHamub1914F2xzQ3t6jk4Pl/d9lZI/t8XQAADFTBsuFiH5oCAABdF3x/7eKP6QNS8HcN1AwAgEjZ7ba4vpW7w2GPuJPj+Zoh9osGagYAQFdRM8RnzQAAAID4NXgC0CEB48IF+d0OP1/Y/bkzhQsLOuwQHTrGXOMA7wI977orNSw1RVarVdlZIzVzxqSw435d/JeMU6dMVOqQJElSTa1Hn27dI0myWq0quGZaZ6cOOLOvmmpuV52q1pqqESCLAAAgAElEQVTi7WHH/ZJeL1qrFp9PUuA5Tp+a059LBABgQLFaA6WlYfCHSQAAelvw/TX4fhvLrNbAH1epGQAAXeF2Ocz3kHhitVrkdkXeyfF8zRD7rxU1AwCgO6gZIjOYagYAAADEr0Hx8cfQYHFeTnZY6LgnOpqnpLQ8rON0pN2mQztUD0R2m00//v4TPZrDImnBvGv12psfhe2fm3+5nDF2u53haam6u3Cu/lS0VpK0/E8faNfeUl2aN14tra3atnO/yioqzfHfePgO2W2RfaIWAIDByGazqrW1Vb7WVtlssR/OAgBgIPG1tkrSoHiPDdQMBjUDAKBLLBaL3G6nGhq80V5Kv3K7nV3qzEjNAACId9QMkRlMNQMAAADi16CoZsO6P/cw/FxysKzz4xeEn6WLd3bubjfqgSbSu8zNuXZ6m45UC+Zd0wcr6nsL5l2jW+fPMh/v2XdYr731sd54Z11Y+PmxBws147LcaCwRAIABw3Hug0A+X2uUVwIAwOATfH91DIIP3gZvx0vNAADoKrvNpgS3M9rL6DcJbmeXm24E31+D77exjJoBANBd1AwXN5hqBgAAAMSvmA9AhwaR83KyezVs3N5ceTnZenLpEj25dEmX5xkIHaCDP8DYunHL3NBPf3b2g5DL5dCUvHHm46mTJ2jY0JQuX+/Ca3bG0Yc/mN1x63V64J6blTZsSJtjY0Zn6K8fvUvXXDmlz64PAECscDgCNxdpbvZFeSUAAAw+wffX4PttLHPaqRkAAN3ncNjjItCU4HZ2630/+P4afL+NZdQMAICeoGbo3GCqGQAAABC/Yr6aDe2+3NPuz31lIASfg/773/622+e6XU79/Ol/vOg4r7dFX5QcNR+HdlDuqr/5q690eOy7337kouc/+sAiPfrAonaPjc5Mj+j5SNL1+Zfr+vzL5fW2qLbeI/mloUOT5eAHQgAATE6nXZJFzS0tMgyjzR0hAABA9xiGoeaWFkmWc++3sS34HJpbfGo1jG59SBsAEN8cDrssVouampplGBHeujBGWK0WubvRxVGSWg1DzS3nwkzUDAAAUDN0YLDVDAAAAIhf/LaoE6Hh6s5E2nW6N7tTD2TrN+2UYRiSpIz0YcqdMCbKK+o9LpdDGcOHKiN9KOFnAAAuYLFY5HY5JEmNTc1RXg0AAINH8H3V7XLIYrFEeTU9F1ozNFEzAAC6yW6zKSnRPSjujhDkcNiVlOjuVpBJOv++Ss0AAMB51AxtDbaaAQAAAPEr5gPQod2V+zNgXHKwLLJxpeUDqgN0X/P7/Xr3w03m40U96P4MAABij/vcLQUbG71RXgkAAINH8H3VPYhu3Xu+ZiDMBADoPovFogS3U4kJLtlssfvnDpvNqsQElxLczh6FkILvq9QMAACEo2YINxhrBgAAAMSn2K3u2xFpx+bOFC4sMLd7O7gcOvdgtWP3AXk8jZIC3ZKvufLSKK8IAAD0J5fTIafDrlbDkKehKdrLAQAg5nkamtRqGHI67HI5HdFeTq9xOR1ymDUDH5wCAPSM3R7o7JiY4JLD3r1OiNHgsNuUmOAKdHDs4bo9DV61GoYc1AwAAHSImmHw1gwAAACITzF/n5fCBfkqWr1RklS0eqO53Z1u0Hk52SpcWGDOWVJarqJVxRcNLncWlA4NZfdnh+po+XTrXrnO3ZLulptmxfQnaAEAQPckJrrVXFMvj6dJbpeTegAAgG5qbTXk8QQ+UJSY6I7yanpfUqJLZ2t8qvc0yu1yUDMAAHrMbrfJbrfJ7ZdaW1vlazVktBoy/Ib8fr/8/uisy2IJdJ60Wqyy2qyy26yy2WzqrTvOt7Yaqj/XmCQp0dU7kw4g1AwAgN5GzTA4awYAAADEn9gPQC8sMEPPobrTvbmktFyFCwuUlztWCglV5+WObRNeDh1TUlquJ779lJ5cuiRsXNGqYnMdhQvyu7yeWPTEI3dGewkAACDKXE6HEtwuNTZ5VVffoKGpydFeEgAAMamuvkF++ZXgdg3Krkwup0Nut1NNTc2qrW/UsNSkaC8JADBIWCzng03xoLY+EGRyu53UDAAAdAE1AwAAABDbbD/4wQ9+EO1F9FRe7lidPlOj09W1PZsnJ1uzr75Mw9NSJZ0PUZ8+U6PZV18WNjY4Jtg1+uElt5r7pED4ObQb9cP3L+rR2gAA6E01Z+tkOdcyoKdfw7ZD9ymC8Z1sR/K4o30XO9bZOZHqyRwOx+DvVORw2uVtalGLzye/X/wyFQCALqqrb1STt1k2q02pqUm9Ur8MRE6nXV5vi3y+Vvn9fmoGAAC6yKwZbFYNpWYAAAAdiJeaAQAAoKt8LUa0l4AesPj90bqBy8D3zLLlYZ2kL+zw3JHQ8HNXzgMAoL8cPXKMAHQP9WSOhMSYvwlHRJqbfaquqZMkJScmKCnJHeUVAQAQGzyeJtU3BLoyDUtNkdM5uGuH5hafqs/WS5KSEt1KpmYAACAi9Z4meRqaJEnDhibL6aBmAAAAbcVbzQAAANAVjQ2+aC8hzvUsvkwA+iIuDEEHOz4Ht4NKSstVcrAsLPgsSYUL8s3xAAAMFASgCUD3lyZvs2pqPZKkxAS3UpITorwiAAAGtrr6RjU0Bv4omTokSW6XM8or6h+BmqFBkpSY4KJmAADgIgI1g1eSlDokkZoBAAC0K15rBgAAgEgRgI42AtB97sIQdKQIPwMABioC0ASg+1NoCNrldCglOVE2mzXKqwIAYGBpbTVUV98gb3OLpPgKPweFBpqcToeGJCdQMwAAcIHWVkO19Y1qNmuG+AsyUTMAAHBx1AwAAACRIQAdbQSg+0VJabmKVhVHFIQm+AwAGOgIQBOA7m/NzT7V1jWo1WiVRRYlJbmVlMitagEAkCRPQ5M8nib55ZfNatOQlEQ5nfFXL0iBW9vX1jWotdWQJCUnJSgp0RXlVQEAMDB4Gryq9zRKkmw2a6BmiNNb2FMzAADQMWoGAACAyBGAjjYC0P2qpLRcJQfLzCB0SWm58nKylZeTLUkEnwEAMYEANAHoaDD8ftXXN6qxKXC7PZvVqoQElxLcTlmtdGoCAMQXwzDU2NSsxkavWo1AcCfB7VJycoKsvVCrxDLD71ddfaOampolBWsGp9xup2zUDACAONNqGGpqalZjY7NZM7jdTqVQM1AzAAAQgpoBAACgewhARxsBaAAA0EUEoAlAR5O3uUUNDU1qbjn/g4TT4ZDTaZfdbpPdZpPVaumV7xMAAAOB3++XYfjla22Vz9eq5mafmltazONOh12JiW65nI4ornLg8Ta3yNPgVUtYzWCnZgAADFrt1wzn3wcdDruSEl3UDBegZgAAxBtqBgAAgN5DADraehZfju/0DQAAAPqdy+mQy+mQt7lFTU3NavK2qLmlJSwIBgDA4GeR2+WQ2+3kD5IdaL9mCP+jLgAA8YCaoXPUDAAABFAzAAAAIN4QgAYAAEBUBP9AOcTvV3OzTy0tPrW0tqq11ZBhGArcp4SblQAAYp1FFotktVpls1nlsNnkONeRkC6EkbmwZmj2+eTzBWsGv7i5GQBgsLBYLLJaLbLZrLLbbXLaqRm6gpoBABAvqBkAAACAAALQAAAAiCqLxSKXyyGXi64UAACgY9QMAAAgEtQMAAAAAAAA8cEa7QUAAAAAAAAAAAAAAAAAAAAAQKQIQAMAAAAAAAAAAAAAAAAAAACIGQSgAQAAAAAAAAAAAAAAAAAAAMQMAtAAAAAAAAAAAAAAAAAAAAAAYgYBaAAAAAAAAAAAAAAAAAAAAAAxgwA0AAAAAAAAAAAAAAAAAAAAgJhBABoAAAAAAAAAAAAAAAAAAABAzCAADQAAAAAAAAAAAAAAAAAAACBmEIAGAAAAAAAAAAAAAAAAAAAAEDMIQAMAAAAAAAAAAAAAAAAAAACIGQSgAQAAAAAAAAAAAAAAAAAAAMQMAtAAAAAAAAAAAAAAAAAAAAAAYgYBaAAAAAAAAAAAAAAAAAAAAAAxgwA0AAAAAAAAAAAAAAAAAAAAgJhBABoAAAAAAAAAAAAAAAAAAABAzCAADQAAAAAAAAAAAAAAAAAAACBmEIAGAAAAAAAAAAAAAAAAAAAAEDMIQAMAAAAAAAAAAAAAAAAAAACIGQSgAQAAAAAAAAAAAAAAAAAAAMQMAtAAAAAAAAAAAAAAAAAAAAAAYgYBaAAAAAAAAAAAAAAAAAAAAAAxgwA0AAAAAAAAAAAAAAAAAAAAgJhBABoAAAAAAAAAAAAAAAAAAABAzCAADQAAAAAAAAAAAAAAAAAAACBmEIAGAAAAAAAAAAAAAAAAAAAAEDMIQAMAAAAAAAAAAAAAAAAAAACIGQSgAQAAAAAAAAAAAAAAAAAAAMQMAtAAAAAAAAAAAAAAAAAAAAAAYgYBaAAAAAAAAAAAAAAAAAAAAAAxwx7tBQwEJaXlKjlYppLScvOxJOXlZJtjChcWhD0GAAAAAAAAAAAAAAAAAAAA0P8sfr/fH+1FREvRqmIVrd4Y8fi8nGyC0ACAQeHokWOyWCyS1OOvYduh+xTB+E62I3nc0b6LHevsnEj1ZI6ERD6DBgAAAAAAAAAAAAAAEE2NDb5oLyHO9Sy+HJcB6GDH5/bCz3k52crLyTa7QAfHXziGIDQAIJYRgCYADQAAAAAAAAAAAAAAEM8IQEcbAeguaa/rc+GCfOXlju0w0NxRYPrJpUsIQQMAYhIBaALQAAAAAAAAAAAAAAAA8YwAdLQRgI5YSWm5nlm23HxcuCBfhQsLujTHhQHq7swBAEC0EYAmAA0AAAAAAAAAAAAAABDPCEBHW8/iy3GTvokk/Fy0qtgcK0l5OdltOkMHzwmGoItWb+y0ezQAAAAAAAAAAAAAAAAAAACA3hM3HaCfWbbcDDZ3FH4O7ewcKi8nW08uXdLp+J8//Y+9vGIAAPoOHaDpAA0AAAAAAAAAAAAAABDP6AAdbT2LL1t7aRUDWtGq4k7Dz88sWx4WZs7LyQ7r6Hxh92gp0Am6cEF+2DUAAAAAAAAAAAAAAAAAAAAA9K24aD8YGm5ur/PzxcLRJaXlKiktV9Gq4rDjhQsLzLmLVm9scy4AAAAAAAAAAAAAAAAAAACA3jXoO0AHw82S9OTSJW2OBwPMeTnZ7QaYn1y6xOwGHRqkDqILNAAAAAAAAAAAAAAAAAAAANB/Bn0AOjSUHAwyB4WGozvr3hx6Xug5FzsPAAAAAAAAAAAAAAAAAAAAQO+yR3sBfS0YWL4w/NwVebljpXPdn0sOlrWZKy8nWyWl5SpavXHAB6JXvv+JmltaOjyekpykISmJGpE+TNlZI2S1DoyMfHNLiw4dOa7Sw8dUV9+gieOzdM2VU6K9LAAAAAAAAAAAAAAAAAAAAPSzQR+ADrpYALq9YHO78+SObXfuCztDD1RFqzfKMIyIxqYkJ+qBr9ysK6bl9fGqOmYYfr334Sa99d6GsP2nz9QQgAYAAAAAAAAAAAAAAAAAAIhDA6O9b5RE2hW6aFVxl88ZDOrqG/SL/31TH67bGrU1/OGND9uEnx12uxIS3FFaEQAAAAAAAAAAAAAAAAAAAKJpUHeAjqQrc+GCfBWt3qii1RsDjxcWhB0vWlVszhNJ+LmktDxmQtJ/9417lTU6w3zs9/tVW+dRWUWl3n6vWNU1dZKk1978SJdNmaiRGcP6dX0nKk9rbfF28/FNc6/SovmzlZRI+BkAAAAAAAAAAAAAAAAAACBeDeoAdCRB5MKFBWb4uWj1xrCwc3B/8PGTS5e0O0do0DpWws+SlJjoVkpyYti+ISlJGjN6hK66YrL++UcvqK6+QZK07fP9uvWmWf26vj37DpvbCW6Xvnr7vH69PgAAAAAAAAAAAAAAAAAAAAYea7QX0F866wYdGlouKS1XSWl5WPj5wjHxwOlwaP7cq8zH5RVf9vsajp88ZW5fMT2v368PAAAAAAAAAAAAAAAAAACAgWdQd4CWAsHlYKi5PUWrijsNR5vjzgWiCxcWtDkW2jV6MEkbNsTcrjp9ts3xqlNn9f6azdp/8KjO1tYrKTFBY8eM1MwZk3X1FZPbjN+x+4C2f35AkjRn1nTljB+tz/eWat3GHTpaUalxY0bqvrvma+X7n0iSdu87ZJ5berhCv/n9SkmS02nX/XffLKvVYh4vKS3Xmg3bVFZRqZpajxITXRqelqrZV1+ma2deKqfD0WY9wfmSEl26986bdPpMjTZ8+rm27Niv2rp6/e3Xv6qc8VnmOEl69IFF2rW3VFt27Ne+A0dktVh16eTxmjljsi6dNF6SVPnlGX22/Qvt+eKQqs7UaFhqsqbkjdftt86Rw97+f3IVx6v0yZbdOna8SicqT6m52ae0YUOUnTVCixfkK2P40A7XH1zXoSPHtWXHF/riQJlq6zwalpqs3InZuvPW6+R2O9u9riSVH/tSH2/YptLDFTpbW69Et1ujR6UrZ3yWbrxuZrvnlpSW66N1W1V2rFKehkalDUvVuDEjNW/OlRqXndnhtQAAAAAAAAAAAAAAAAAAAHoqbgLQUiDsHBpgLlpVHNbpuXBBfuDrwoKwc8ztdkLQoeHp9sLRsexE5Wlze3hIGFqS9h8s038//4ewfV5vi85U12rHrgPaumOfHntwsZzO88HjQ0eO69OteyRJKckJ+u0f3lPVqWrz+Mkvz+hsTZ05JlRlVbUqq86P/cpt8+RyBeZ+e1Wx3rmgY3dNrU81tR4dOnJcH63fpu/87UPm+KDQ60wYN1q/+l1R2PGzNfVtxo3NGqHX3vo4bFzxp7tU/Oku/d0T9yopMUE//snLMgzDPO7xNKrieJW27tyvH37n8bAQ9PGTp/S711bp0JHjbZ7zsRNVOnaiSpu27NFf/cXtmjljUofrv3xarn7xv2+GHQ9e99Mte/T9f3pUw1JT2lxjw6bP9bvXVoXt83pbVF1Tpz37DuvdDzbpa/ct1DVXXmoeX/n+J3rrvQ1h55w4eUonTp7Spi17dMetc3Tr/NltrgUAGHwqq9p+QAoAAAAAAAAAAAAAAAxuIzPaNvQE+ps12gvoax2FlUtKy81Ac15OtgoX5KtwYYE5Pi8nW3k52Xpy6RI9uXSJ2d25aPVGFa0qNucJ3R5MHaBraj16/+PN5uNJl4w1t8sqKvXTX7xmPs7OCnT+Lbh2mhnu3bH7gN58NzwkG+qDtVvCws9JSQnKHJEmp8OulOREpSQnymo9/8/TYT+/PyU5UZZzzZ/fX7M5LPyc4HYpLydbGenDzH0nTp7S08telc/X2uF6QsPPVqtV6WmpYeHtoGD4OSN9mFKSE8OO/eyFFfrPn70iwzDksNs1ZnRG2PEz1bVas2F72L6Gxqaw8HNKcqLycrI1dfKEsKD0b//wrrzelg7XHww/JyUlKDtrZNixxiavXn9rTZtzPtu2Nyz8bLVaNXbMSI3PzjSv3eLzaeeeUnPMuo07wsLP06ZM1Py5V+nK6Xnmvjff3aA9+w53uFYAAAAAAAAAAAAAAAAAAICeGPQdoKVAZ+ei1RsDoedzXaBDg8uFCws6DS/n5WSrcGGBnlm2XFIgBB2cIxiqjsXw84FDFWps8obtO1tTr7KKSn28YZvZxdhht5vdh73eFj317O/NY7ctLNDic52zJemOW6/TD5/6jTyeRn24bovmz71Kw4a27TwcnPeBr9ysK6blye12mvuf+uE3JUnPvrjCDNLefdtczZtzZdj5+w+W6fW3zwd7F988W4W3zNG5bLQOHqrQT3/xmlp8PpVVVOqVFav18JJbO3w9pk6eoHtuu0GjMtPNOS5ktVr1f77xVU3KDQTC9+4/op+9EAiDG4YhwzA07dIcff3h2+Ww21VX36Bfvvy29h8skyQVf/q5br7hanO+3AljlDUqQ1mj0rX45nyNHJFmHmtqatY///sL8nga5fW2aMfuA7p25qXqyINfXaDrZs2QFOj+vOLtNfpk825J0pYd+/T4124zn9fR8pP69SvvhD33v/ra7eb3we/3a23xdv3xzY91y43XSpJKjxzT719/3zwn9IMBknTwcIX+67lXJUmvrFitf/vuNzp8HQEAgwOf6AQAAAAAAAAAAAAAAEA0xEcAemGB2e25aPVG5eWONYPLF4Y4OxLsEh2c55lly8M6Sod2mo4Vr735UUTj/vJrt2lISpIkadvn+9Xi80kKdEFeFBJ+lqQhKUm6e/FcvfzH9yRJu784pOtmz2h33n/62wfadCvuio83bDO3J44frdtumRN2PHfiGN13101ml+NPt+7Vg19ZILvd1mauyZeM09/81Vcues2FN15jhp8l6dJJ4zUpd6wZcHbY7Xr8oUKzg3JKcqJuu6VA+58LHK+uqWsz5/f+4ZF2r+V2OzXn2ula9dGnkqTKqjMdruv62Zeb4Wcp0Al6yV3zzQC0JJ2tqdOw1EAY/aP128LGfvPxu8M6blssFt0w50rNmTXDfL3WhLze182e0ea/m9wJYzTz8snaumOfzlTX6tTps8oYTjAOAAAAAAAAAAAAAAAAAAD0LuvFhwwOhSFB3WAnZ6lrnZtDQ85h4ecF+THZAfpiJuWO1Q//n8c147Jcc1+wI3PgeLYaGprkueB/Y0ZnmGNOftl+aDc7a2SPws9SoIN10Py5V7c7Jv+ay8xtwzBUcfzLdsctunl2RNe8/LJL2uwbkT7M3M6ZkCW3yxl2PGP4+eNeb0tE1zEMQ03eZiUnJZj7Tp2u6XD87KunttnncjnkcjnMx9XV58PXe/ef/z7ecuO1YeHnUKFh8b0lR83tyZeMa/N99zQ0aXx2pjnmy6rqDtcLAAAAAAAAAAAAAAAAAADQXXHRAVo6H14OdnCWuhZ+NucJ6QIdfByL3Z8l6fZb5igjPbxDr8Nh14j0YcpIH2p2MQ515mytub1h0+fasOnzTq9x8svT7e4fnZnejRWH83gaze3QEHIoq9Wq1CFJqqn1SAp0YB6vUW3GZY5Ii+iaw9NS2+xzhoSM04e3Pe5yOsIe+yVZQh7Xexr1/prN2rv/iE6dPqvGJm+71241jA7XldHB83e7nGbo2vCfP7+uvsHcjvR7Efp6v/jbty46/stT1ZqqCRHNDQAAAAAAAAAAAAAAAAAAEKm4CUBLbUPQJaXlembZchUuLIgoDF20qnjQhJ8l6bIpEzV2TNe6MBut50O0VqtVqSlJnY7vKJjrcNja3R8p/wWPLwwZh10rJMjt87VedExnbB10SjaP27r2vCqOf6n/+OkravH5wvYnJSXIaberps4jo5Pgc6TrCtWV166jcxLcrjadri8U2r0aAAAAAAAAAAAAAAAAAACgt8RVAFrqOASdl5Md+F/uWHNsycEyczs0+CzFfvi5u0ZlputI+UlJ0vy5V+nuwrlRWYdFksvlMLsbn66uadPNOijY/VmShqam9MfyIra2eIcZfs4ckaZ777xJUyaNNztEv79ms15/e02vXvPC167q9FnlThxz0XNCO2k/8eidmhTy3woAAAAAAAAAAAAAAAAAAEB/ibsAtBQIQefljlXRqmKVlJZLCgShS0rLpQuCzm3OjdPgc1DWqAxze+fuA7qrcK4Z1u1vo0em63DZCUnStp0lmnzJuDZjDh89HtZdedTI4f22vkhs2bHP3L73zpt06aTxYceDYfPeNjIjTWUVlZKkTzbv1uyrL7voOVmjMswA9PbPSwhAAwAAAAAAAAAAAAAAAACAqLBGewHRkpeTrSeXLtGTS5eY3Z87U7ggX08uXRLX4WdJmjE119yurKrWqo8+bXfcts9L9NLyd/t0LQWzppvb6z7ZofJjlWHHvd4WvbJitfl44vjRSk5K6NM1dZXTef4zCEfOhbmDjp2o0taQgHRvum7WDHO7pLRcxZ/uajPm5Jdn9JOf/1G1dYHQ81WXTzaPrSnerkNHjrc5x9faqnc/+EQfrtvaB6sGAAAAAAAAAAAAAAAAAACI0w7QoYJB6CCzI/TBMuXljr1oMDreZKQP1a3zZ+ndDzZJkt54Z5127jqgK2dMUnJSgk5UntaefYd17ESVJOmm62dqzOgRfbKW/KunadvO/dq7/4gk6d+e+a3mzJqu7NEjdLa2Xhs2fa66+gZJksvl0KMPLO6TdfTEjKmXaN0nOyRJRas3qrbOo8l543Si8rTefq+4z65bcO00bdmxT/sPlkmSXv7je/pky25dmjdeFot06OgJ7dpbKkn6eMM23XHrdcq/ZprWbdxhdqX+z2df0dVXTFbuhDGy2qyqOF6lLTv2yeNplMNu19yCy2W32frsOQAAAAAAAAAAAAAAAAAAgPg0aAPQJaXlKlpVrLyc7C51bc7LyVbRqmJzuyuC5w32LtGFCwp04uRp7dh9QJJ0uOyEDl/QvViSrFarztbU91kA2mq16JuP36Onl71qdiPesOnzNuMcdru+83++pozhQ/tkHT2x8MZrtH1XierqG2QYhtYUb9ea4u3m8YnjR7fbabmnrFar/ubrX9HTz71qfu8OHqrQwUMVbcbW1zea219/+A7998//qKpT1ZKkzdv3afP2tl2q3W6n6uobNCw1pdfXDgAAAAAAAAAAAAAAAAAA4tvgDUAfLFNJablKSsu71Mm5aFWxilZvNB9HGmYOPa+ktDysq/RAYrNaZRhGz+awWfXEo3dqz77DWvH2GlV+eSZszpTkRF05Y5JuX1igpKSEdudw2Hvnn57NZtXfPXGv3np3g9Zv2imvtyXs+LQpE3VX4VyNGjm803msVmtE14t0XKSGp6XqB//0mH79+3dUcrBcLT6fJGlYaopumnuVkpMSIgpAd2dddptNf7/0vnZfO6vVqrFZI3TP7fN0ycQx5v60YUP0r995XB+s3aKPN2zTmerasDnT01I1b86Vmnfdlb3+WgEAAAAAAAAAAAAAAAAAAEiSxe/3+6O9iL7wxLefMrfzcrIjDiSHnidJP3/6HyM678Lg9JNLl3S5g3Qsq6n1yNPQqBEZw2S32aK2jnpPo+o9jfX8NnoAACAASURBVHI67BqamiKr1RK1tXRH1emzcrucSklO7Pdre869dgkJLg1JSYroHL/fr1NnaiRJ6cOHKrZebSC+HT1yTBZL4L/ann4N2w7dpwjGd7IdyeOO9l3sWGfnRKoncyQkDtrPoAEAAAAAAAAAAAAAAMSExgZftJcQ53oWXx6ULVqLVhWHPQ52gu7qeR3ta29MaPg50vMGk9QhSRqdmR7V8LMkJSclKHNEmtKGDYm58LMkZQwfGpXwsyQlJSVo5Ii0iMPPUiD8lzF8qDIIPwMAAAAAAAAAAAAAAAAAgH4yKDpAB8PNJQfLwsLOeTnZYcHnwgX557cXFnR43oXnhp6Xlzv2/HXPnRe6htDz8nKyzS7Qeblj46ojNABgYKMDNB2gAQAAAAAAAAAAAAAA4hkdoKOtZ/HlmA9At9d9+f9n787jq6zvvP+/z8k5OQnZyL4REggEQXYQWVVEwSVW5a4VWzt2rL2raDvVts5MvbuPv3vmdrQz87CMrbV7Hayt1ooLKmJlFdkEAQkkEJIQsu/LyVmu3x/xXOSQhCRkubK8no+Hj1zX97q+3+tzAp9w+uj7fBOQu3ppr3d/vnBezpSJemrDxgGdl7t6qXLXLOvTmgAADAYC0ASgAQAAAAAAAAAAAAAAxjIC0FbrX3x5xKdvugo352RnKHfNMnPH5U2bd/QqCB3YsTkQUu5tgDrwnL7OAwAAAAAAAAAAAAAAAAAAANA3I34H6Lz8oqAdl7vbZbmr+ySZu0fnZGfokfXrunzGUxs2mmHmQEi6467Tj6xfZ4agO7pwd+ru7gMAYKixAzQ7QAMAAAAAAAAAAGB0qG8tU0ndMZU35Kuq6YxqW8+pyV2tVm+jvP42aWRHgzDUbDY57KEKc0QqwhWn8WEpio+YqKSobKXHTFd0WLLVFQ4r9B8sQ68OCHaAtlr/fkaO+AC01LsQ9P3ffKLL6x1Dyl2FoLu7fmG4+Zknv93tPInwMwBgeCEATQAaAAAAAAAAAAAAI1dRzSHlVexQQeUeVTYVWl0OxpCEiExNTliknMRlyoidbXU5lqD/MBLQq71DANpq/Ysvj4r0TU52hp558tvmTs2B3ZoDOp5fGI7OXbPMnHPhPEmdQsxdzQs8o2PAueNahJ8BAAAAAAAAAAAAAADQH25vkw4Ub9Lhs28GhS5djkhNGD9TKdE5SozI1PhxaYp0xSvMESVnSKik/m8OhLHEkMfXplZvgxrdVaptPquKpkKdq89Tce3HqmwqVGVTofYUvqiEiEzNSrtB8ybkyuWIsLrwQdVd/wHD1VjtVYwtoyIAHRAIHedkZygvv0ibNu9QTnZGp92gLxS4v+M6eSfPKHfNMvNaVwHmjvMCx4F5F94HAAAAAAAAAAAAAAAA9JXb26Tdpzdqz5k/yetzS5JiwlM1PfkqTUlYws6eGGA2OUNccoa4FOVKUGr0NE3vcLWo5pBOVu7SsbL3VdlUqK0nfqZtBb/Woomf1eKsdaMuXNlV/wEjzVjoVYxNNsMw+reH9DBy/zef6PGenOyMoJ2cJZk7R/fkmSe/HXS+afMOc4foC0PUHc/ZARoAMNwUni6Rzdb+Se/+fg067jimXtx/kePenHc31tO1i83prf6sET5uVH0GDQAAAAAAAAAAAINk75mXtK3gN2r1NEiSshMWa96EXE1NXGpxZYB0omKnDhRvUn7lbklSmDNKKybfo4UT11pc2cC4sP+A0WK09Wp/tDR7rS5hjOtffHnUpG96E2Du79wLd4K+cNfogaoHAAAAAAAAAAAAAAAAY1d5Y4HeOf5TFVYfkNQefF6StY7dnjGsTE1cqqmJS1VUc0i7Tm9UfuVuvX38aeVV7NB10x5UUuRkq0u8JBf2HzDatHoaRkWvAqMmAH2hnOwM5a5ZpryTZ8xdmqWeg8rdzevKhXNzV5//dF3QM0+eYQdoAAAAAAAAAAAAAAAA9OhgySa9cewnkmEoJjxVK6fcp+kpK60uC+hWRuxsZcTO1rFzW7X15C9UWH1Az+3+im6c/rDmpudaXV6fdOw/YLQbyb0KSJLNMEbPT+unNmyUJOWuWdYpcLxp8w5zB+fcNcv6fE2SHlm/rk/zpPaQ9IXzAACwWuHpEtlsNknq99eg445j6sX9FznuzXl3Yz1du9ic3urPGuHjRu1n0AAAAAAAAAAAANAPW/L+W3sKX5QkzU2/WddNe0jOEJfFVQG95/G59c7xp3Ww5DVJ0qLMO7Qq5wGLq+qdjv0HjDUjqVcHUkuz1+oSxrj+xZdHVQAaAAD0DgFoAtAAAAAAAAAAAAAYXl45/LiOntsiSbph+sOaN+EWiysCLt2B4lf15rGfSJJmpKzSrbMes7iii+vYf8BYNRJ6daARgLZa/+LLpG8AAAAAAAAAAAAAAAAAC7300fd1vHybXI5I3T77e5oUv9DqkoB+mTfhFo0PT9XLh36ko+e2yOdv09o5P7S6rC4F+g8Y64Z7rwIXsltdAAAAAAAAAAAAAAAAADBWvXL4cR0v36YIV5zuWvAE4WeMGpPiF+quBU8owhWn4+Xb9Mrhx60uqZNA/wFoN1x7FegKAWgAAAAAAAAAAAAAAADAAlvy/ltHz22RyxGpO+Y+rtToaVaXBAyo1OhpumPu43I5InX03BZtyftvq0syBfoPQLDh1qtAdwhAAwAAAAAAAAAAAAAAAEPsYMkm7Sl8UZJ0++zvEX7GqJUaPU23z/6eJGlP4Ys6WLLJ4oqC+w9AZ8OlV4GLIQANAAAAAAAAAAAAAAAADKHyxgK9cewnkqQbpj+sSfELLa4IGFyT4hfqhukPS5LeOPYTlTcWWFZLx/4D0D2rexXoCQFoAAAAAAAAAAAAAAAAYAi9c/ynkmFobvrNmjfhFqvLAYbEvAm3aG76zZJhtPeARQL9B6AHFvcq0BMC0AAAAAAAAAAAAAAAAMAQ2XvmJRVWH1BMeKqum/aQ1eUAQ+q6aQ8pJjxVhdUHtPfMS0P+/ED/Aegdq3oV6A0C0AAAAAAAAAAAAAAAAMAQcHubtK3gN5KklVPukzPEZXFFwNByhri0csp9kqRtBb+R29s0ZM/u2H8Aem+oexXoLQLQAAAAAAAAAAAAAAAAwBDYfXqjWj0Nyk5YrOkpK60uB7DE9JSVyk5YrFZPg3af3jhkzw30H4C+GepeBXqLADQAAAAAAAAAAAAAAAAwyNzeJu058ydJ0pKsdRZXA1gr0AN7zvxpSHaW7dh/APpuqHoV6AsC0AAAAAAAAAAAAAAAAMAgO1C8SV6fW9kJi5URO9vqcgBLZcTOVnbCYnl9bh0o3jTozwv0H4BLM1S9CvQFAWgAAAAAAAAAAAAAAABgkB0++6Ykad6EXIsrsZKhVm9Dj/8Zht/qQjEEAr0Q6I3BNBTPGGnCnFGakXKtZqWtUUx4itXlWCI0JFxRrgRFuRIU7oy2upxhjz7CcOOwugAAAAAAAAAAAAAAAABgNCuqOaTKpkLFhKdqauJSq8uxTH1rhX66bV2v7o10xSs5KlvLJ39JaTGXDXJlsMLUxKWKCU9VZVOhimoODdrO6IH+gzQ9ZaWuyv57xYQlK8TuDLpmyFCrp0F55dv1xrGnxsQHEW6a8S1NT1kpSWpwV+rp9z9ncUXD22D3KtBX7AANAAAAAAAAAAAAAAAADKK8ih2SpOnJV1lcycjR6K5SfuUe/WbPev318ONWl9Nvhgw1uCvN/yTD6pKGhUBPBHpkMAzm2iPJTTO+pdtmfVdx4yZ0Cj9Lkk02hTujNSf9Jj2y8lUzGAx0RD9hOGEHaAAAAAAAAAAAAAAAAGAQFVTukSRNSVhicSXDy/Tka+SwhwaNtXgbVNdyThWNp8yxI+e2KC1mhhZOvH2oSxwwLW11QbvLfuOaVxTujLKwouFhSsIS7T79ggoq92hVzgOD8oxA/41ldy/8T2XEzuowYqi8oUC1LaVyhIQqPiJTkaHxCrG3xwlDQ8J126zv6lTVXrV6GqwpGsPSYPYq0FcEoAEAAAAAAAAAAAAAAIBBUt9apsqmQrkckcqInW11OcPKzZf/o5whri6v1beW68WDj6m8IV+StCVvgxZOvE2SbQgrxGDLiJ0tlyNSlU2Fqm8tU3RY8oCuH+i/sSwlOico/FzbUqpff/CAWjz1ne6dP+EzWjVtvRz2UJU3FhB+RieD1avApbBbXQAAAAAAAAAAAAAAAAAwWpXUHZMkTRg/0+JKRpbosCTdOe9fzXO/4VNtyzkLK8JgCfRGoFcG0mCsOdLMSbvRPDZk6Lld93UZfpak/cV/1VNbb9Hhs5v15tGnhqpEjDD0FYYLdoAGAAAAAAAAAAAAAAAABklgB+OU6ByLKxl5Il3xCndGm2HNisYCjQ9P7fJeQ4aqGgtV21KqELtTyVFTNC50fI/P8Pm9qm05q5qWs7Lb7EqMnKwoV0Kv6qtrLVNNc7E8vlYlRWYrJjyl9y8OppToHOVX7lZ5Q76mJ18zoGsH+m8si4uYYB63eurV5mu56P0+v0ebjvxbj+smR01RasxlcoWMU2HNQZ2rz+t9TeMmKCN2lkJDxqmi8bSKaw/L62/r9fzAGllx8+X1u3Xo7OZO11OjpykpKlvhziiV1B1Vce0RGYa/V2uHhoRrauJSOR3hOlefp7KGEzIMo0/1jWaD0avApSAADQAAAAAAAAAAAAAAAAySqqYzkqTEiEyLKxmZPL5W8zg0ZFyX93x45s/alv9rub1NQePhzmjdNvt7yoqb32mO19+mnaf+oF2nnpff8AVds9tCNG/CLbp6yn1yOTo/83T1fm0+9h+qbi7uNO+aqV/RlZmfM8d+9cH9XQZD/+O9W83j6LAkPbhiY5evbSwI9EagVwbSYKw50rR4GszjMGe0wp0xavHUXfJ6c9Nv1rU5D3TRG4YOnX1Lr3UTns6KW6Drpq1XYmSWJFun66er9+mlj74vt7c5aPzBFRsVHZYkSfqg8I+qazmnpZO+oEhXvKT2nxEdA9BXTblXiybeIWeIq9Mz6lrL9JdDP9TZuk+6rDE5aoruWvCEwp0xQeM+v1evH31CH5e+3eW8sYa+wnBht7oAAAAAAAAAAAAAAAAAYLSqbT0nSRo/Ls3iSkaeogt2hU2I7Bwi33Xqeb1z/Kedws+S1OKp1//s+5Y+KPxj0Lhh+PX83ke0o+B3ncLPkuQ3fNpX9Bf919/Wqr61PLimmkP6n33f6hR+Dsx7N+8Zbdz/aIdn9bxrrKGxvbNsoDcCvTKQBmPNkaaw+oB5bJNN9y//naYlrbiktWamXq8bZ3yzyw8GSDbNTlujB5b/odOVtXN+oLsWPKHEyEnqKvwstQek7138bOdVbecjjpPjr9Dqy75uhp8lKcTuNI9X5azXskl3dxl+lqSYsGTds2iD5k/4TKdr4c5ofenKDZ3Cz+3PcOiWmf+szLh5Xa471tBXGC7YARoAAAAAAAAAAAAAAAAYJE3uakkKCuzh4gwZ+qTsPb1+5N/NseSoqYoIjQu676OS1/XeyV+Y51dmfk7TU1bKJruOlb2r3adfkCS9m/eMZiSvVFRYoiTpePk2ldQdNefNSl2t7MQr5bSHqbT+uPYX/1XNbbUKsTvNOZJU1nBSz+/7pnmenbBIi7Pu0rjQ8SquOay3jz8tr79Np6r26ljZe5qefI2uzPqcSuuOq9VTr8Olb5lz5024RQ57e0gzKixhIL5tI1agNwK9MpAGY82R5kDxq7p6ypcV7oyWJIU5IrV2zg/V5mtRSe0RHTm3RZ+UvSePz33RdbITrtQtM//JPK9pLtGOU79XfWuZchKXa8HE22WTTePDU7Vs8t3aUfB7897C6oOalnSVJKnV26izdUdV1pAvn79N05NXKj5ioiRpfHiqZqWt0eEOOzp31B6gliRDTW01qmwsND+MsCL7Hi3K/Kx5r8/v1amqD9XgrlSUK0ETxs9UmDNKUvuHKy7ksIdKat8dPr9yt+pbK5QZO1dJUdnmPTfP+LY2bP/8Rb9PYwF9heGCADQAAAAAAAAAAAAAAAAwSFq9jZKkMEeUxZUMP7/YdW+nMbe3SS2e+k7juZc/GnTe7KnT60fPB6RvvvxRzU67wTxPiZ6qcGeMtp74uSRp68ln9ZmZ35Eknaraa96XMX6WcjuEOqckLtGyyXdr16mNinDFytZht9qXPvq+uWP09JSVum3Wd81rCRGZSomepl998FVJ0luf/JemJ1+jy1NW6fKUVWpuqw0KQF895T6FO/k7IZ3vjUCvDKTBWHMk2rDtLn1+4VNKjZ5mjoWGhGtS/EJNil+o3Mv/UfWt5TpW9p52nvqDWj0Nnda4bfb3FNi9ubyxQM/tus+8Vlh9UKer9+mzcx+XJC2b9MWgAPT+4ld0eep12l/0ij4ufTto3W35v9GDKzYqOixJkjQj5dpuA9CSVNdapt/t+Zoa3JXmWJQrQcsn32OeN7XV6Be7vqzmttqguddM/YrSY6arovFUt2s/u/NLQWHwdfOf0KT4BZKk6PDkbusaS+grDBf2nm8BAAAAAAAAAAAAAAAAcCm8/jZJkjMk1OJKhp/altJO/10Yfo50xeu+Jc8F7cIqSUdK3zGPo8OSgsLPAYsyPyu7LUSSVFRzyBwP7PQqSV6/R4aMoHl2m0PLJt+tuek3m2OVTYWqbSk1z1df9vVOz0uJnqr0mBmSpOa2Wrm9zd2/eJgCvRHolYE0GGuORG2+Fv36gwe09cTP1NTW9e690WFJujLzc/r6VX/WrLQ1Qdcy4+YqNCTcPP/Twf/Taf6Jil1qdFdJkkLsTkWExprXDMPQb/c81Cn8HHCqap95HBOW0u3r8Bs+PbfrvqDwsyQtm/zFoPM/H/xup/CzJL134ln9Ye8j3a6/cd+3O+2EvfPU+SC3TTaFO2O6nT9W0FcYLtgBGgAAAAAAAAAAAAAAAMCQC3dGm8dub5O5u3LADdMf1rwJt3Q5t7TuE/M4xO7U8fJtXd7nDAmT29tkBjMlKSt+vvYWvdy+Tv0n+s/3bteCjNuUFTdfaTHTFWJ3XvR5UnCguqOOc6ubi4J23AWstvv0C9p9+gVFuuK1cOJaTY5fqISISQqxn48Rhtgdyr38HzUlYbFePvRDSdKk+CuC1pmRsrLL9Tv2cPr4y5VXvr3TPTabXUmRkxUfMVGhjnEKDQlT7LhU8/rFdkYvbyiQ29vUaTwt5jLzuMVTr5K6o92u0R2Pr1XVzcWdn9lYEHQeOy5NLXV1fV4fwMAjAA0AAAAAAAAAAAAAAAAMEoc9VF6fWx5fm5whLqvLGVbuX/47hTkCYUdDVU1n9OrH/6bS+vaw8ZvHfqK0mOlKjprSaW59a7l5XNNcopc++v5Fn+U3fGr1NijMEaWpics0LWm5jn8azmzx1Gt7wW+1veC3kqQJ42dqcdadmpq4zJzf4K4IWq+n50lSXcs5AtC94PG17ybbcWfugRLoPwRrdFfpvRPP6r0Tz0qS0mNm6OopX1Zm3FxJNknSZclXKzV6mkrrj2v8BbsyXzPlKz0+IyEiS3k6H4BenHWXFmetu2jAWZJsNlu312pbznY5Pq7DbtMdP+zQF10Fq6X2YDSCDUavApeCADQAAAAAAAAAAAAAAAAwSMIckWr0udXqbSAAfVE2xUdk6vMLn9Qvd/9v1TSXSJI27n9UX7vqj7LbgmNOHXdajnTFKyU6p8cndFxj7Zwf6UjpO/rwzEtm4DqguPZj/engx5qfcavWXPYPnz4vtMM6IZqcsKjH50WFJfZ4D6RWb4Ok9l4ZaIH+w8WV1B3V8/u+qWlJK7R2zg/N8WnJV6m0/ri8/rYOdxuq/rQ/L6a6ucg8vmXmP2tm6vVB11u9jXJ7m+TzexTujA7aEb47huHv8R6bzd7jPV2uLeOS5o1Fg9GrwKUgAA0AAAAAAAAAAAAAAAAMkghXnBrdVWp0VynKlWB1OcNeaEi4ci//J/3uw69JkprbavXhmZd0Zebngu5Lipqs09X7JUnJUdm6Y+7jfX7W5anX6fLU6+TxuVVaf0wnK3brQPGravO1SJL2F72i2Wk3KDV6mhIjs8x5dlvIJT2vI8Pw9Wv+aBLYsTfCFTfgawf6D71zvHybfH6vQuztscJoV3uIv7T+uGalrZEkGZJ+tuPv+rTutKQV5nFZwwm99NEPVNtSao7dNONbmpN+0yXX3dxWa/58jQgd+L9HCDYYvQpcikv7uAMAAAAAAAAAAAAAAACAHo0PS5Ek1TaftbiSkWPC+MuVFTffPH//5C/V5msOuicxcrJ5XFh9UC2ehkt+njPEpYmxc3Vtzv16eOVfFR2WZF4rqjnU/ryISeaY19+mMzUf9ekZoY5xQeeFNQcvud7RJtAbgV4ZSIOx5kjjckTo7xY9reSoKT3eGxEaa4afJam6uViSgv6+22Qzw9C9EROeImdImHn+2pEngsLPkpQ+/vJer9eV0rrzu7iHO6OUFbegX+vh4ugrDBcEoAEAAAAAAAAAAAAAAIBBEh8xUZJU0VRocSUjy/XTHjKPvf42bc//bdD1KQmL5bCHmtdf/fhxef1tndYprv1Yv9j1ZVV1+P5/VPKGfv/hP6is4WSn++22EIXYnea5z++RJEWFJSopKtscf+Xwv6ihtaLT/PrWcr148DEdLN4UNO6wh8rliDDPj517t+sXPgYFeiPQKwNpMNYcaVZf9nWlx8zQvYt/rrsWPKFwZ0yX940PT9V9S54LGjtyboskqaLxlFo89eb4DdMfVmLkJF0oKXKyvrrst0H92+YN/vDC3Am5QeczUq5VQkRm317UBXac+n3Q+do5P+y0pjPEpc/O/bG+uiz4Zwn6jr7CcOHo+RYAAAAAAAAAAAAAAAAAlyIQmj1Xn2dxJSNLQmSWLku+Wp+U/U2S9EHhH7Uo8w5FuuIlSeNCx2v1ZV/X60f/XZKUX7lHT7//OV2eskrhodFqaatXSd0xlda37wy789TzumXmP396/HvVtpTql7v/tyaMn6nU6MuUEDFRjW3VKqjco5rmErOOqUnLzOPbZn1XP9/5JUlSo7tKG7Z/XjNTr1dUWIIMw9C5+hMqqNojqf3P+8Kg5+T4K3Ss7D1J0vHy7Xpmxxc1I+VaxYanaWbq9bLZxuZeloHe6BgwHyiDseZIMy1phXmcFbdA37jmZXl8bjW1VauupUx2W4iiw5MUE5YcNK+w+kBQL/z5o+/q7oX/Kak90H/fkl/obN1xNbVVySa7EiKzND48VZIUPSFJbx9/WpLU4qlXU1uNIkJjJUnzJ9yitOjpKqw5oJSoqcqMm9fv11jfWq5t+b/Riux7JEkuxzjdt/SXqmg8pbqWUo0PT1N8RIbstva45ITxM1Vc+3G/nztW0VcYLghAAwAAAAAAAAAAAAAAAIMkPWa6JBG2uwTX5txvBqAlaeuJn5shZkmak36TyhsLtPfMS5Lag5Z7i17ucq3Ars4+v0fOkDBzvLj2427/bFblPBC0i2x8xER9ZtZj2vTxv8pv+OQ3fDp09s0u54Y7o9Xma1FoSLg5dv1lX9Px8m3yGz5JUk1ziXYU/E6SNDVpqcIcUd1/M0axwPc/0CsDaTDWHGme3XWvbp31f5QeM8Mcc4a4ND481QwsX+ijktfNDxcEFNUc1o6C32nZ5Lsl2STZlBZzWZfzPT63wp3R5q7Rm4/9h26f8wPZPp2XEj1VKdFTzftrW0q7raW3thf8RqGOcF2Z+TlJkk02JUVOVlLk5KD7DBkaH57Kz+R+oK8wXIzNjw31IC+/SHn5RVaXAQAAAAAAAAAAAAAAgBEuOixZCRGZcnsbVVRzyOpyLBVi79tejTFhyZqbfrN5/nHp22pqqw665/ppD+nexT9TeswMOeyhQddCQ8KVFbdA9y7+uW6a8a1Pa3DqviXP6Y65jys5amqnOZIUOy5dt8z8Zy3KvKPTtctTVulrV72o6SkrFe6MDrpmt4UoKSpbt8/+vu5b8lxQ+FmSIkJjtX7588pOWNRp3TBHZA/fjdGpqOaQ3N5GJURkKvqCHYgHQqD/xrK6lnP67Z6H9Ns9D6ms4YRavY0yZFxwl6FWb6PKGk7q+X3f7BR+Dng//1f67+13q7yxQD6/t9MaLZ56/e3kc/qP9241w8+SdLx8m36750E1uCulDs/2+Fr1UcnrOlC8yRy7cN3ABwYkyeNvu+hrfTfvGb2b94xaPHWdrvn8Hp2pOain3/+cPi59W5Lk7bCev9PrQVcGq1eBS2EzDOPCn2Zj1qbNO7TprZ1BYznZGXpk/TqLKgIAYHAUni6RzWaTpH5/DTruOKZe3H+R496cdzfW07WLzemt/qwRPo5fwgEAAAAAAAAAADCWbMn7b+0pfFGLs+7UyqlftbqcUa3V26D6lnLFhKfK5RjXqzltvhY1tJbLbncqJixJdlvv//88r79NNc3FCnfGKNIV36daG91VamqrVrgzRtFhSX2aO1psPfEz7T79ghZl3qFVOQ8MyjMC/YdgUa4EJURmqcVTr7KGE7qUGKHLMU5pMTNU31quqqYzvZpjs9mUHjNT9a1lqm8t7/Mzeys0JFwJkVlyhoTpbN1ReXzuQXvWWDKYvWqFlmaC79bqX3yZAPSnntqw8aK7Pj+yfp1ysjOGsCIAAAYPAWgC0AAAAAAAAAAAABg6RTWH9Pu931BMeKrWL/+D1eUAw8aG7V9QXUup7l74H8qInT0ozwj0H4D+G8xetQIBaKv1L75sH6AqRrSews9S++7QAAAAAAAAAAAAAAAAQF9lxM5WQkSm6lpKdaJiZ88TgDHgRMVO1bWUKiEic1ADlYH+A9A/g92rQF+N+QB0V+Hn3NVLlbt6adBYXn6RntqwcShLAwAAAAAAAAAAAAAAwCgxK+0GSdKB4k0WVwIMD4FeCPTGYBqKZwCjHX2E4WZMB6C7DT+vWabcNcv0yPp1QdcIQQMAAAAAAAAAAAAAAOBSzJuQK0eIS/mVu1VUc8jqcgBLFdUciaKvVgAAIABJREFUUn7lbjlCXJo3IXfQnxfoPwCXZqh6FeiLMRuAvlj4OSAnO4MQNAAAAAAAAAAAAAAAAPrN5YjQoomflSTtOk32BGNboAcWTfysXI6IQX9ex/4D0HdD1atAX4zJAHRvws8BhKABAAAAAAAAAAAAAAAwEBZnrVOYM0r5lbt17NxWq8sBLHHs3FblV+5WmDNKi7PW9TxhgAT6D0DfDHWvAr015gLQfQk/BxCCBgAAAAAAAAAAAAAAQH+5HBFaMfkeSdLWk7+Qx+e2uCJgaHl8bm09+QtJ0orJ9wzpjrId+w9A7w11rwK9NaYC0JcSfg4gBA0AAAAAAAAAAAAAAID+WjhxrTLj5qmupVTvHH/a6nKAIfXO8adV11KqzLh5Wjhx7ZA/P9B/AHrHql4FemPMBKD7E34OIAQNAAAAAAAAAAAAAACA/rpu2oOSzaaDJa/pQPGrVpcDDIkDxa/qYMlrks3W3gMWCfQfgB5Y3KtAT2yGYRhWFzHYugo/P7J+nXKyMy5pva5Cz12Fo4ej19/epTaPp9O4yxUqR0iIUpLjlZIUp4S4GNmG2T/0VdV12rb7I0nS+OhIXbN8fp/mb//gkCqraiVJixfOVEpS3IDXONydLCjWx58USJKm52Rp2pSJFlcEwCqFp0vMn/P9/Rp03HFMvbj/Ise9Oe9urKdrA/FvXH/WCB/n6PfzAQAAAAAAAAAAMLIdLNmkN44+JUlaN///aVL8QosrAgbPqaq92rj/UUnSjTMe0dz0XEvr6dh/ALo2HHp1sLU0e60uYYzrX3x51KdvBjr8LJ0PO3cMQQdC0cM9BL3prZ3y+/29ujcnO0NfvPMGJcaPH+SqeqeiqlZvbvlAkhQXG93nAPR72/er+GyFJGnihJQxGYD+6MhJvf3eh5KkpuZWAtAAAAAAAAAAAAAAAFhkbnquqpqKtKfwRb186Ee6a8ETSo2eZnVZwIArrT+ulw/9SJK0KPOOYRGo7Nh/ADobLr0KXIzd6gIG02CEnwO62vG5q52hR7K8/CJ99/97Vq+8sU1en8/qcgAAAAAAAAAAAAAAAEaVVTkPaEbKKrm9jXrx4GMqrT9udUnAgCqtP64XDz4mt7dRM1JWaVXOA1aXZAr0H4Bgw61Xge6M2h2gBzP8HDCSd4KWpPu+eIvSUhIkSX6/oarqOp0rr1JJaYX27D9m3vfGO7tVWlal+790m1WlAgAAAAAAAAAAAAAAjEq3znpMPn+bjpdv0//s+7Zun/09TYpfaHVZQL+dqtqrlw/9SG5vo6YlrdCtsx6zuqROOvYfAA3bXgW6Mip3gB6K8HPASN4JOikhVmkpCUpLSdCEtETNmTlFa669Uvd+IVc//s5XNDkrzbz34OETOnr8tIXVAgAAAAAAAAAAAAAAjE5r5/zQ3Al64/5HdaD4VatLAvrlQPGr2rj/UXPn57Vzfmh1Sd0K9B8w1g33XgUuNOoC0EMZfg4YySHo7iTGj9ejX/uC0lMTzbHn/rBJbR6PhVUBAAAAAAAAAAAAAACMTrfOekyLMu+QJL157Cd64+iT8vjcFlcF9I3H59YbR5/Um8d+IklalHnHiNhNtmP/AWPRSOlVoCOH1QUMJCvCzwGBEHTH0HMgBH1hOHok+dJdN+rxp34rSWpqatGRT05p3qycoHu8Xp92ffixThQU6ey5SlVV1ys01KHU5ATNmzVVVy2bJ1s36x89flpb3t+rsvJqNTQ1a3x0pNJTkzR9WqaWLZotu727me32HvxEh47k60R+kbw+nxITxmverBxdd/VC2WwXn1tT26Ddez/WkeOnVXK2QuHhLk3KTNMN1y5SRnpyt/N8Pr/2HvxEOz44pLKKajU3uxUVNU7pqYm6aulczZw+udvXW9/QpO27D+l00TmVllWpsbFZEePClJaaqFVXLdC0KRM7zXlzy26VllXLZpPW5l6tUKdTu/cd0Y4PDquyqlarr12kG1ctDvqevvO3D1VSWqG2Nq8mZ6VpRk6Wli6addHvBwAAAAAAAAAAAAAAsNaqnAcUH5GhN479RAdLXtOp6v1aOeU+TU9ZaXVpQI+OnduqrSd/obqWUslm043TH9bc9Fyry+q1jv0nw7C6HGBojMBeBQJGTQC6q/BzTnbGkISfL3xexzpGegg6Iz1Zkyam6tSZUknS2dLKoAD062/v0hvv7JbH6w2a19LqVl19kz45Uaj3d32k7zz8dwoJOb/huCHp6Wf/pCOfnAqaV1ZRo7KKGu0/dFyvv7VLX747V1MmT+iyto0vb9F72/cHjTU0Nqvg9Fl9eOCY/vkbX+w2BF1dU6/fvfCmWlrPf1KypdWt6pp67Tv4iR66739p5vTJneb5fH795JkXdLKguNN61TX1Onw0X8sXz9bdd6wJut7a2qbn//y29uw/2mnNlla3KqvrdOjISa1cPl933h78KzX2HvxExWcrJElTJk3Q839+W36/37xeWVVrHm9+9wO9/Nr7QfOPfHJKRz45pW27P9LUyUPXDwAAAAAAAAAAAAAAoO/mpucqLWaG3jn+UxVWH9BfDv9Yh0vf1pKsdcqInW11eUAnRTWHtOv0RuVX7pYkZcbN03XTHlRSZOfszXB3Yf8Bo9lI7lVAkuw93zL8dRV+Hk4CIeiRKi01wTwuKa0IunboyEkz/Gy325WakqDZl09Rempi0Jy339sTNO/Nd3YFhZ8TE2K1aP4MTZk8QU5Hey6/pq5BBYVnu6ypuqbeDD8nxMUoOTE26PqZ4jLt+vDjbl/Tn/66VS2tbjkdDk3OStOEtMSg6xt++bKKSsqDxgzD0IZfvhQUfo6Ljda0KRMVFTnOHNu++5D+/Op7QXPtdpv2HvzEPHe5nMrKSNGsGdmKiY4wx7du36/Tn4bNu/L7FzcHhZ9jY6I0PiZKkrTvo+NB4We73a6sjBRlpCfLbrfrXHm1tu3+qNu1AQAAAAAAAAAAAADA8JAUOVmfX/Ckrp/2kMKcUcqv3K3f7/2G/njgOzpRsdPq8gBJ0omKnfrjge/o93u/ofzK3QpzRun6aQ/p8wueHNGBygv7DxhtRkuvAiN+B+jhHn4OGMk7QackxZvHFwagb7husV54aYtuXrNUSxbODNrlecvf9urFv25tP35/n25Ytdi8tu+j4+bxZ25YrpuuX2Kee7xebdq8U+++v09XLZ3bbV0ul1Nf/8odyp6ULkmqqKzVhl+9rNJzlZKk93ce1NJFs7qdf/llk/TVe25VaKhTklRVXacnN2xUdU29/H6//uvnL+qJHz5o3v/KG9vM0Lbdbtf9X7pNsy/PNq9v3b5fL7y8RZL09nsfauKEZF0xb7okKTTUqauWzNGZkjJ95oblumxqpjnPMAw9/Ys/m2u/u22/7v3Czd3WHRcbrXvW3ajsSelyhIRIklpa3Hr2t38175k2ZaIe+PvbFRYWKkmqrW/UTzZsVFlFTbfrAgAAAAAAAAAAAACA4WXhxLWalbZGu09v1J4zf1J+5W7lV+5WTHiqpidfpSkJS9gVGkOqqOaQTlbu0rGy91XX0r7JnyPEpUUTP6vFWevkckT0sMLIcWH/eX3unicBw9ho7VWMXSM+AD0Sws8BI6nWjsLDXeZxY3Nr0LW5M6dq7sypXc5buWKBGYBuaGyWIcn26bXmlvNvCAIB5gCnw6Hbb75Kt964XHZ795uU//3nbw6am5gwXmtvvko/fe4lSVJFdV23c50Oh776pVsV6nSaY/FxMXrwy2v143//tVlzfUOToqMiZEj6246D5r03X78kKPwsSSuXz9eJ/CLtP5QnSXr3/X1mAFqS1q29rstabDabVq9cZAagyyuqu63b5XLqB4/ea4a2A0512DXa6XBo/b1r5XKdv2d8dKQeuu+z+u7/fbbbtQEAAAAAAAAAAAAAwPDjckTo6ilf1uKsdTpQvEmHz76pyqZC7T79gnaffkEuR6QmjJ+plOgcJUZkavy4NEW64hXmiJIzJFTn0xpAbxjy+NrU6m1Qo7tKtc1nVdFUqHP1eSqu/Vhub6N5Z0JEpmal3aB5E3JHbZiyu/4DRpKx0KsYm0Z8ADonO8MMFj+yfp02bd4xbILGOdkZyl2zTE9t2Giej0TlHXYNTk6M7fF+Q5LX65XH45XL5ZTb7ZEk1dc3KSa6/QdoUkKsqmvqJUnP/OovumHVlbpi3nTFxUab61ws/CxJc7oIXqckn9+tuqmppdu5S6+cFRR+DkhPTVR6aqK50/WpwlLNmTlFtbUNamk9H9q+dsWCLtddddVCMwDdMZTcHcMw5PF4FeYKNceqPv2+dGXl8vmdws+SVFB41jy+cuGMoPBzQGLCeE2amNqrugAAAAAAAAAAAAAAwPDickRocdadWpx1p4pqDimvYocKKveosqnQ3BkaGGwJEZmanLBIOYnLxtTu4xfrP2A4Gqu9irFlxAegH1m/Tnn5Rf0KF/c2MH0pz8jJztAj69dd8vzhoGMAOiM9udP1Q0fytXPPYZ0pKVNtXaP8fn+X63Qc/+xnrtG/PPkbSVJLq1svv/a+Xn7tfblcTuVkT9SKxXM06/Lsbj+DGBsT1eU1Vxfh4K4kJ3Qf5E5OjDMD0PmnSzRn5hRV154PJdvt9qBdsTtKuiAg3traprCw9nCz3+/X33Ye1IFDeSotq1JDY3OXa/gNo9va0lISuhw/earYPE5Jiu/yHqk9IE4AGgAAAAAAAAAAAACAkS0jdrYyYmdrVc4Dqm8tU0ndMZU35Kuq6YxqW8+pyV2tVm+jvP426SI5BKATm00Oe6jCHJGKcMVpfFiK4iMmKikqW+kx0xUd1jk7NNbQfxgW6FVg5AegpUsPFuflF5m7M/dW7uqlyl2zrE9zRmrwWZK8Pp+Onzxjnk9ITQy6/ss/vKY9+48GjTkdDo0b51JISIi5y/OFJqQl6QeP3qv/eemdoPXdbo8OH83X4aP5mjghWd968K4udzy22fv361mcod3/1Xc4zu887fF4JUk+3/nwttMZ0u3cC3eV9ni9ClOoPF6vvv+vz3X6foSHuRQa6pDX57/ojtXna+u67rY2j3kcEtL9ztkOR/e1AwAAAAAAAAAAAACAkSc6LFnRYcmannyN1aUAYw79BwDWGRUBaAyeN7d8oJZWt3mePSndPG5sagkKP3/mhuVasWSOoiLHmWPrv/1ktztCpyTH6+EH7lRra5tOnCrWifwifbDviOrqmyRJZ4rL9JfX39fnbls10C9LVdV13V6rqKw1jydlpkmSYqIjzTG32yO/3y+7vXPQuKomeN3IT78XHx8rMMPPLpdTd962SlfMny7np4Hm4rMV+pcnf32Jr0bKzkpXwemzkqTKqu5f28VeNwAAAAAAAAAAAAAAAAAAwEjQ/VaxY0Beh52H0Vn+6RK9/vYu83zJFTOVlpJgnh84nGcep6Yk6KbrlwSFn2tqG7oNP3cUFhaqWdMna23u1fq376/XbTetMK8dPnaqvy+jS/s+yutyvL6hSafOlJrnk7PaA9DxcdFBgedDR/O7nH/w8AnzOC42WoF9qj/Ydz4ovmLxHC1dNMsMP0vSmeJzfX4NHQXqlKQ9+4/K7+/86zPcbo8+OcHfeQAAAAAAAAAAAAAAAAAAMLKxA3QHuauXdjm+6a2dQ1yJterqm/TSpr/pg31HzDGXy6k7bw/eidkV6jSPy8qr1ebxKNR5fuz5P7/d7TNeeHmL4mKjtXLFfDlCQoKuZaQnm8dej/eSX8fFVFTW6L3t+3XN8vnmmN/v1+/+uNk8dzocSoiLkSQ5QkI0d+ZU7T90XJL0x7+8qymTJigyIrzDmrV6453d5vnyK2ebx67QUPO4oPBsUC1tbR79edPf+vV6Jmee35m7obFZr27erltvPB8kNyT98ZUtvQqkAwAAAAAAAAAAAAAAAAAADGcEoDvIXbOsy/G+BKBzsjOUl180UCUNqt/9cbOio9p3bDYMQ1XVdaqoqusUknU6HHrgS7crzBUaND5z+mTz2O/36//91x+0fPEcRUdF6J2/faiC08FB34CGxmZt3b5fkvT627t05YIZSktJkNPp0Lnyam3/4JB575TJ6V2uMRA2vrxFh48VaHJmmmw2mz7Yd0RlFTXm9S99/qag+9etXaUTBUVqaGxWdU29Hnv8Z7p66TxFRoSrurZB7+88aH7vMtKTdf3KK8y582ZPNQPlBafP6plf/0UL5kxTW5tXf3n9fTU1tfTrtcRER+im65eYO3a/8c5u5eUXae7MqfL5/dp38LiKSsr69QwAAAAAAAAAAAAAAAAAAIDhgAD0AMtds0w5UyYq7+SZbgPVw0VvArGL5s/QnbevUsS4sE7XxoWH6ebrl+i1T0O3xWcrtPGld8zrcbHRampukdvtCZpXVV0np8Mhj9erlla33ttxoMtnu1xOrb3lmr68pF5bNH+G9uw/qiOfnNKRT051un7rjcu1YM60oLHoqAh95+G/04+e+JVaWt1yuz16a+ueTnNTkuL0rQfvktNxvr1mXjY5KBx/8PAJHTx8wrw+OSut28B4b33mhuU6V1al/YfyJEn5p0qUf6rEvO50OHTZ1Ik6fKygX88BAAAAAAAAAAAAAAAAAACwkt3qAkajnOyMYRt+DrF3/0dut9uVmBCruTOn6sbrFuuf/uFu3fuFm7sMPwfccsNy3bPuRsXFRgetk5OdoW9/7fMKdTo7zcmamKonf/yQbl69VLExUV3WsXTRLP3g0S93eV2SnI6Qi73MHl0x7zLd//e3aeKE5KDx8DCX7rj1Wt143ZIu58WOj9Jj37xHC+Ze1kVNDq1YMkePfv0LcrmCX7fDEaKHH7hT166Yr4iIcHPc5XJqyRUzdd/dt/Sq7p5e95fvvkXXX3OF7B3+nAN/Ht966C5Nykzr1XMAAAAAAAAAAAAAAAAAAACGK5thGIbVRQykpzZsNHfZzcnO0CPr13V776bNO7TprZ3m+TNPfrvL++7/5hPmce7qpcM23Gy1tjaPqmrqlZIUJ5vN1qe5tfWNcre2KTIiPCggPBR8Pr/KKqoVFTlOUZHjej3PMAzV1Tep1d2miHFhfZrb0Ngsd5tHCXExl1Jyz7VJqqtrVGurW8nJ8erbnwaAsaDwdIn5s7q/X4OOO46pF/df5Lg3592N9XStr/9ODfQa4eP4JRwAAAAAAAAAAAAAAABWamn2Wl3CGNe/+DLpGwyY0FCnUpPjL2nu+OhIKbrn+wZDSIhdaSkJfZ5ns9k0Pibykp4ZFTlOXe9tPTBsUnttl1gfAAAAAAAAAAAAAAAAAADAcGW3ugAAAAAAAAAAAAAAAAAAAAAA6C0C0INg0+Yd2rR5h9VlAAAAAAAAAAAAAAAAAAAAAKOOw+oCRptNm3do01s7zfPcNcssrAYAAAAAAAAAAAAAAAAAAAAYXdgBeoDl5Rd1eQwAAAAAAAAAAAAAAAAAAACg/0Z1ANqKADKhZwAAAAAAAAAAAAAAAAAAAGDwjLoAdE52RtD5ps07huzZFz7rwloAAAAkyTCsrgAAAAAAAAAAAAAAAGDsIrsx8jmsLmCg5a5Zpk1v7TTPN721U3n5Rcpds6zTvZeyW3NeflGneXknz5jP6ihnysQ+rw8AAEY/wzBks9msLgMAAAAAAAAAAAAAAGBMMkhAj3ijLgAtSbmrlwaFkfPyi/TUho0DsnZv18pdvZQdoAEAQJd4Dw0AAAAAAAAAAAAAAGAdshsjn93qAgZD7pplyl291Lrnr17a5Y7TAAAAEp8iBAAAAAAAAAAAAAAAsBLZjZFvVAagpfYQ9CPr1/V6F+aL3dfbMHXu6qWEnwEAQI8Mv9UVAAAAAAAAAAAAAAAAjF1kN0Y+mzFGYux5+UUXvd5TULq/8wEAGE4KT5fIZrNJUr+/Bh13HFMv7r/IcW/Ouxvr6drF5vRWf9aw221yhYX0uwYAAAAAAAAAAAAAAAD0nbvVJ79/TMRnh7H+ff/HTAAaAACcRwDa2gC0JIWHO6T+lwEAAAAAAAAAAAAAAIC+MKSWFq/VVaCfAWj7AFUBAACAPvDxKUIAAAAAAAAAAAAAAIAhR2ZjdCAADQAAYAG/jzfTAAAAAAAAAAAAAAAAQ43MxuhAABoAAMACPt5MAwAAAAAAAAAAAAAADDkyG6MDAWgAAAALGIYhP79SBQAAAAAAAAAAAAAAYMj4/YYMg7zGaEAAGgAAwCI+L2+oAQAAAAAAAAAAAAAAhgpZjdGDADQAAIBFvF6/1SUAAAAAAAAAAAAAAACMGWQ1Rg8C0AAAABbijTUAAAAAAAAAAAAAAMDgI6MxuhCABgAAsJDXw69WAQAAAAAAAAAAAAAAGGxkNEYXAtAAAAAWMgyDTxgCAAAAAAAAAAAAAAAMIq/XL8MgAD2aEIAGAACwmNdDABoAAAAAAAAAAAAAAGCwkM0YfQhAAwAAWMwwJA9vtAEAAAAAAAAAAAAAAAacx+MXmz+PPgSgAQAAhgGvxy+/n3fbAAAAAAAAAAAAAAAAA8XvN9j9eZQiAA0AADBMeNp4ww0AAAAAAAAAAAAAADBQyGKMXgSgAQAAhgm/3+CNNwAAAAAAAAAAAAAAwADwtPHbuEczAtAAAADDiNfrl8/Lm28AAAAAAAAAAAAAAIBL5fMa8nrZhG40IwANAAAwzLS1+fgEIgAAAAAAAAAAAAAAwCXw+w21tfmsLgODjAA0AADAMNTm9skgBA0AAAAAAAAAAAAAANBrht9Qm5vw81hAABoAAGAYMgzJ3eaXYRCCBgAAAAAAAAAAAAAA6IlhGJ9mLayuBEOBADQAAMAwZfgNud1+doIGAAAAAAAAAAAAAAC4CDIWYw8BaAAAgGGs/Q26T37eoAMAAAAAAAAAAAAAAHTi/zRbQfh5bCEADQAAMMwZhuRu9cnn5Y06AAAAAAAAAAAAAABAgM9ryN3qk0GkYswhAA0AADBCtLX55GnzW10GAAAAAAAAAAAAAACA5TxtfrW1+awuAxZxWF0AAAAAes/r9cvvN+QMtctut1ldDgAAAAAAAAAAAAAAwJDy+w152trzExi7CEADAACMMH5/+69vcTjtcjr5hR4AAAAAAAAAAAAAAGBs8Hj88nr47dkgAA0AADBieT1++bx+OZx2ORwEoQEAAAAAAAAAAAAAwOjk9bYHnw02fcanCEADAACMYIYhedr88noMOZw2gtAAAAAAAAAAAAAAAGDUaA8+GzJIPuMCBKABAABGAcMw5Gkz5Gnzy+GwK8Rhk91us7osAAAAAAAAAAAAAACAPvH7Dfm8hrxev9WlYBgjAA0AADDKeL1+eb2SzWZTSIhN9hCbQuw2iTw0AAAAAAAAAAAAAAAYbgzJ5zfk9xny+djtGb1DABoAAGCUMgxDXq8hedvP7fb2XaFt9vZwtM12/isAAAAAAAAAAAAAAMBgMoz2LIP51d++27PfT+AZfUcAGgAAYIzgfzQAAAAAAAAAAAAAAABgNLBbXQAAAAAAAAAAAAAAAAAAAAAA9Nao3wE6L79ImzbvUF5+0ZA9M3f1UuVMmaic7IwheyYAAAAAAAAAAAAAAAAAAAAwFtgMwxi1vwf9qQ0bhzT4fKHc1UuVu2aZZc8HAKA7hadLZLPZJKnfX4OOO46pF/df5Lg3592N9XTtYnN6ayDWAAAAAAAAAAAAAAAAAMam/sWX7QNUxbBjdfhZkja9tdPyGgAAAAAAAAAAAAAAAAAA/z97dx5W9Xnn//91NvZNBQUVXMCjiVs0iQsYTWIEk5A9bUzSvU2bmqaLaWaudr4z3287nc73N2nstJ2x6XRam863qUmXLCUmoFk0gvsStyiCIqi4sgqynvP7A/nI4ZwDBwQ+cHg+rsvLz31/7vv+vM/Bk4tc14s3AIBgYje7gP6Qk5vvFTx2pibLmZrc/8/OK/AYFxaVDshzAQAAAAAAAAAAAAAAAAAAgOEgOAPQnULI2Znpys7KGJBnZ2dl6OnnXjDGdIAGAAAAAAAAAAAAAAAAAAAA+o7V7AL6WufA8UCGnwEAAAAAAAAAAAAAAAAAAAD0r6ALQHfmTEsxuwQAAAAAAAAAAAAAAAAAAAAAfSToAtCFRaVmlwAAAAAAAAAAAAAAAAAAAACgnwRVALqwuMx7jkA0AAAAAAAAAAAAAAAAAAAAEDTsZhfQV3Jy85WTV+A9n1egnLwCrVq5Qs7U5IDO6hikDnQPAAAAAAAAAAAAAAAAAAAAgP4XNAHo7hQWlXYbZi4sLlNObr5XJ+nszHQ501IIQwMAAAAAAAAAAAAAAAAAAAAmC5oAtDMtRfLRATpQ/jpIS21dpNWDLtLO1GSvEPVgsX7DVjU1N3vNh4aGyG6zKXHMKCWOHqn4kbGyWCxdnlVVc1kbPtxpjBcvvEljEkb0ec0AAAAAAAAAAAAAAAAAAABAu+AJQKcm66UXn9fqNes8wseBdm/2F372WJObr1UrV1x3rWbKySuQy+UKaK0zNVmffWy5EkbF+bxfXX1Z723aZYxvmDKBADQAAAAAAAAAAAAAAAAAAAD6ldXsAvpa56BzQOHn3HyvM1atXKHszHSP+cLiskHb2bk/FBaX6R9//Gu9+c5HamltNbucPlFdU6e1r6zX2lfW6613t5hdDgAAAAAAAAAAAAAAAAAAAHooaDpAX4/Ooeb2Ls/O1GQ501K0es26a2uLSrsNVA8VX/nsfRqbGC9JcrnculRRrbPnL+l0+QXt2POJse6djdtUfu6Snv7Cgx77Y2IiNfOGyXK53ZKk2JiogSu+l+rqr2j77kOSJIfdrvuXLzK5IgAAAAAAAAAAAAAAAAAAAPQEAehOvDpIB0nY2ZfR8SOMALQkjR+boNlKkyTdt3yR1r7yto6XnJEk7TtwTIePlujGqRON9SNio/XMVx4Z2KIBAAAAAAAAAAAAAAAAAAAwrFnNLqAvFRaXeXVzLiwqVU5ufq/P6MneYJIwKk5/9+yTGpeUYMz95g85ampuNrEqAAAAAAAAAAAR+83KAAAgAElEQVQAAAAAAAAADHdB0wE6JzdfOXkF3vNX55xpKX67OWdnZWj1mnXGePWadcrOTPcZqB5uvvD43fqX1b+XJNXVXdGhIyc0Z6bTuL/2lfXG9Wc+nSmHve2f1L6Dx7R3/zFJ0qIFs5Q6caz2Hy7W5oJ9OnnqnCaMH6NvfvVTxt76Kw3aVLBPu/cd0aWKGlltViWPG61paSladvs82Wz+s/plp8/rgy17VHzilKpqLisiLExjk+KVOnGc7rztZoWFhejd97er/OwlXa6rN/Y1t7R41D9v7g2aPm2SMW5tdWnXviPK375f5y5UqL6+UdHRERqXlKDF6Tdpxg2TZelUy9nzFXpn4zZJUtqkcbpt4WydOHlGm7d+rMNHT6ihsUnf+9ZntXHzLkmS1WLVYw8t9fv6KiprtH7jVklSdFSEHrj7Nr/vAwAAAAAAAAAAAAAAAAAAwHAQNAHo7hQWlfoNQDtTk+VMTfbs/OwjTJ2dma7srIx+q3EwSh43RpNSknSitFySdKb8okcAevvuQ8b1ioeWGgHo4yVnjHvRUeH6/avv6sLFSmPt2fMVxnV1TZ1++JO1qqu74vHsI4UndaTwpPJ3HNQ3v/qoEkbFedW3Zdt+/b8/5XrMNTY2q7K6VoeOnNA7G7fps49lafe+oyo7fc5rf8f6Q0McRgC6tdWln770qoqOn/JYX1FZo4rKGh04XKxFC2bpM5/K8rhfVV1rnHnu/CWdKC1XwY4DHmtCw0JUsOOgXC6XJClt8njNm3uDV22StOHDndqybb8kaeaNqT7XAAAAAAAAAAAAAAAAAAAADCf+2+oOMc60FP/3UpO7DC7n5OYH1Ok5J69AObn5vapvKBubFG9cny6/0OP9Gzft8gg/R0aGK3H0SEltnZ//77//jxF+jo6K0JKMOVqSMUcjYqMlSRcuVmrNb1/3OnfHnsMe4Wer1aqU8WM0MTnRCGI3t7To40PFGjUyRtFREQoPC/U4IzoqwvgTGxMpSXK73Vrz2796hJ9HjojR1LQURUdFGHNbtu3XX/72od/XXVJ21iP8HBrqUOLokbJarLpt4WxjfsOHO33ub2lpNcLPknTPXQv8PgsAAAAAAAAAAAAAAAAAAGC4CJoO0M7UZL304vPKyc336N68auUKv52fJXmt70772uHUCTpx9CjjujcBaEly2O164tFlmjPTqbCwEGN+zW9fV2V1rSRpalqKnn3qUdntNknSpx+4U7/49Z915NhJlZ+9qF37juiWm6ZJkk6WndVv//C2cc70aZP01GfvN852u93alL9Xr735gZbfOV/J40ZLks6cvagfvrDWqOmFHzzjVeub73ykQ0dOSGoLVT/9hQc1a/q17ssfbNmjV19/T1JbeDll/BjdOsd3B2dJWr50vm7PmKu42Chjbtntt2pT/l5JUtnpczp7vsIIhbfbseewmltaJEmJo0dq0oSxfp8BAAAAAAAAAAAAAAAAAAAwXARNB+je8BV+dqYma9XKFcaf7Mx07315BQF1jA4W4eHXuiZfrm/o1Rl/980ntPDWGR7h58qqWo8uy1/+TLYRfpYkm82qz346yxjv2nfEuH7/oz3GdWRkuJ758sMeZ1ssFt2+aK5+/q/fNsLPgXBL2pS/zxjfu2yhR/hZku5YNFdzZzmv1bJ5t9/zHrnvdj14z2KP8LMkxY+M1bQpE4zxe5t2ee3N+2CHcX3PMu9/hwAAAAAAAAAAAAAAAAAAAMPR8A5Adwo/Z2emGx2j2/9kZ2XopRef9wpC5+TmD2Sppjp/odK4HpMwosf7k8eNUfK4MV7znxSWGNcJ8SNks9lUV9/g8ScsLFShoQ5J0tlzl4z1h4+eMK6X3zlfVqvvf8odA9WBqKqq1ZWGRmN85203+1y3dPEtxvWJ0nK/5/nbL7V1hm6Xv+OA0e1ZkspOn9fZ8xWSpNBQh265aWr3xQMAAAAAAAAAAAAAAAAAAAwDdrMLMEvnAHN2ZrqyszL8rs/OylBhcZnR+bn92pma3K91DgYdA9C+gszdGZsY73O+sqrWuL5wsVLP/eMvujznUkWNcV17ub7b83ujouraM6xWq0f3645GdwqCNzQ0eXSglqTYmEjZbP5/xmDalAkaERutyupauVwubd99WIvmz5Ikbfhwp7Eu8/Z5fgPeAAAAAAAAAAAAAAAAAAAAw01QBaBXr1lnBJQ7znUXbm7X067OhUWlQR+Abmlt1dGiUmM8Pimhx2c4HL67MLe6XB7jEbHRXZ4TFRUhSXJ3mg8NcfS4Jn9aW6/V5K9uSQpxeD6zuaVFYfIMQNts3XefXr50vv74142SpA0f7NCi+bPU0NCkXfuOGGtuXzQ3oNoBAAAAAAAAAAAAAAAAAACGg6AJQOfk5nuFn417eQWS5BGC7ry2fQ08vfvedl1paDTGqZPG9dnZSWNGGdfjxybofz33hYD2WSSFhjrU2NgsSbpwqUppk8f3SU2xMVHGdWNjs1wul8/uy5cqqz3G7eHsnkqfP1OvvvG+XC6Xzl2oVNnpczpaVCbX1XD4vLk3KjIirFdnAwAAAAAAAAAAAAAAAAAABCPvZOcQ5UxLMbuEoFNcclrrN2w1xgtvnaGxifF9dn7Hs06duaDay/UB7x2TMNK43rrzYMD7wkKvdWlubmlRZXWtx/1RI2M8As/7Dxf7PGffgWPG9cgRMbIEXIEnh92u2zNuMsYbPtylDR/uMMZ337WglycDAAAAAAAAAAAAAAAAAAAEp+AJQKcmKzsz3ef8qpUrPLo/S/Ia9+qZQRq6rq6p09pX1uuFX7xidCIODXXosYeW9ulzksaMUmxMpDFe+8rbam11ea07dea8fvHrPxsdnyXptgWzjevC4jLlbz/gte/s+Qr9+0uvqaa2zpgbERftsWbPx4UeY7vNpptmTDHGr73xvi7XXfFYc+Fild7ZuM0YL5o/y+9rDMSy2+cZ1zv2HFZ1TVu9k1KSPLpkAwAAAAAAAAAAAAAAAAAAQLKbXUBfag815+QVeMw5U5O91jpTk/XSi8+rsLisV8/ydeZQ8z+v5SomOkKS5Ha7damiWhcuVRuh53YOu11f/8JDHt2T+4LVatWXP3OfVq9ZJ0k6fLRE3//RS1q88CaNGhmrisoaFZec1qEjJyRJm7fu07Lbb5UkZcyfqV37juhoUenV1/Kutu46qBudE2WxSMdPluvA1e7NH2zZowfuvk2SZLFYlDJ+jEpPnZMk/enN93Xk2EnNm3uD4kfGatKEsVrx8FIdO16m2sv1qqis0T/8y6+0JH2OoiLDVVFVq80F+4z3KHncGC2749breh9GxEVr+rRJxutsd8+yhdd1LgAAAAAAAAAAAAAAAAAAQDAKqgB0b/RHkNmZmmwEqwdzULrs9Llu18ybe6Mee2ipIiPC+qUGZ2qyHrx3sd54e7Oktu7Tf8vN97m2oaHRuLZarXr2q4/qxf/4o06UlkuSio6fUtHxU177Ll/27OD8ucfu1o9e/J0xPnC4WAcOFyshfoT++XtfUUx0pL7/nc/phy+s1ZWGRjU2Nivvgx1e5yaOHqnvPvO4HPbr/xgtX7rAIwAdHRWhGTemXve5AAAAAAAAAAAAAAAAAAAAwWbYB6Db9aQTdHeh5uysDDnTUgJaO9BsVqtXh+d2VqtVo0bGalxivJISR2n29DRNTEkK+Gyr1epzvruA8PI752vOTKf++JcNOlF6Ro2Nzca90FCH0iaN16P336GkMaM89tltNn1n5WN6650t+mjbxx77rFarUsaN1iP336Epk8d77Bs/NkH/sOrz+v2r73qEwKM6hLxHxEXrH577vF5/e7N27zvi9XoW3DpdD927WKGhDr+vy2G3dfm6O5oyebwcdruaW1okSXcvXSBLwLsBAAAAAAAAAAAAAAAAAACGD4vb7XabXURfKSwuU2FRqXLyCoy57Mx0ZWdldLkvJzffY093nKnJWrVyRa/rRNcaGpp0qbJao0bGKiw0JOB9dXVXdLnuisLDQxUTHRnQHpfLrQuXqtTS0qK4mChFRoZ7rXG73aquqVNDY5MiI8IUHRURcE2BKjp+Sj/5zz9Kagtv//u/fFMhIf7D1QBwvU6WnJbF0vajFtf7t8d1xzkFsL6L60DG/ua6u9fVnkD1xRkAAAAAAAAAAAAAAADA8HR98eWg6QDtL8Sck1egnLwCrVq5wm835p50f+7NevRMWFiIxiUl9HhfZGS4zwBzV6xWi8YkjOhyjcViUVxsVI/r6Yn1G7ca14vTbyL8DAAAAAAAAAAAAAAAAAAA4IfV7AIGSmFRqd97/oLRwEC4WFGtw0dLjHHm7beaWA0AAAAAAAAAAAAAAAAAAMDgFjQdoJ1pKZKPDtCByM7KaNsf6LMITKMP5b633biePm2SRo6IMbEaAAAAAAAAAAAAAAAAAACAwS14AtCpyVq1coVycvNVWFxmzGdnpsuZltJtaLkvQ82FxWXKyc2XMzVZ2VkZfXYugo/L5da+g8cUGuqQJN191wKTKwIABDOr1SKr1SKLVbJYLLJYrv0NAAAAAAAAAAAAAADQn9xuye12X/vb1Zahc7ncZpeGIShoAtBSW4jZmZrsEYAOJPzc1wqLSlVYXGb8WbVyxYA+H0OH1WrRCz94xuwyAABBymKxyGazyGqzyGa1SASdAQAAAAAAAAAAAACASdobtV0dXbvhllpdbrla3WptdcvtJhCN7lnNLqCvOdNSzC7BI4ANAAAw0Ox2q0LDbAoLt8kRYpXNRvgZAAAAAAAAAAAAAAAMUhbJZrPIEWJVWLhNoWE22e1BF29FHwv6fyE5ufkD/kwC0AAAYKBZLG3/IxAeYZcjxCqrlcQzAAAAAAAAAAAAAAAYeqxWzwzEta7RwDVBF4B2piZ7jAuLy0wJQQMAAAwEi0XGT0Dy048AAAAAAAAAAAAAACCY2O1W4zdgk4NGR3azC+gP2ZnpyskrMMYdr/tb5+7PnQPZAAAAfcXusMrhIPQMAAAAAAAAAAAAAACCm91uld1uVXOzSy3NLrPLwSAQnAHorAwVFpd5hJEHMgTduRYAAIC+1P6rXqxWfrQRAAAAAAAAAAAAAAAMHw6HVTabRc1NLrlcbrPLgYmCtmXgqpUrTO++nJ2ZburzAQBA8LHbrQoNsxF+BgAAAAAAAAAAAAAAw5LValFomE12e9BGYBEAi9vtDuoIfE5uvlc36P7mTE1WdlaG6QFsAAD8OVlyWhZLW4D2ev/2uO44pwDWd3EdyNjfXHf3utoTqL44o6dCQmyy2Qk+AwAAAAAAAAAAAAAASFJri1tNTa1ml4Feub74ctAHoAEAgDcC0EMrAG2xSCGhdH0GAAAAAAAAAAAAAADozOVyq6mxVaRhh5rr+4LR/xsAAGAQs1gtCiX8DAAAAAAAAAAAAAAA4JP1arbCQrZiWCEADQAAMEi1hZ+tfIMOAAAAAAAAAAAAAADQBTIWww8BaAAAgEHIYpFCQ6yyWPjGHAAAAAAAAAAAAAAAoDsWi+Vq1sLsSjAQCEADAAAMQiH8ahYAAAAAAAAAAAAAAIAesVgtCgm1mV0GBgABaAAAgEEmJMQmK+FnAAAAAAAAAAAAAACAHrNaLQoJIQQd7AhAAwAADCJ2u1U2O+FnAAAAAAAAAAAAAACA3rLZLbLbicgGM766AAAAg4TVapEjhG/PAAAAAAAAAAAAAAAArpcjxMpv4A5iJGwAAAAGCcLPAAAAAAAAAAAAAAAAfYcsRvDiKwsAADAI2B381CEAAAAAAAAAAAAAAEBfslotsjuIygYjvqoAAAAms1gkB99sAwAAAAAAAAAAAAAA9DmHwyoLPemCDkkbAAAAk/GThgAAAAAAAAAAAAAAAP2HbEbw4SsKAABgIovFIrudb8kAAAAAAAAAAAAAAAD6i91ulYU20EGFtA0AAICJ7A6+uQYAAAAAAAAAAAAAAOhvZDSCCwFoAAAAE9H9GQAAAAAAAAAAAAAAoP+R0QgufDUBAABMwjfWAAAAAAAAAAAAAAAAA4esRvDgKwkAAGASm51frQIAAAAAAAAAAAAAADBQyGoEDwLQAAAAJrBYLLJa+aYaAAAAAAAAAAAAAABgoFitFlks5DWCAQFoAAAAE9hsfDMNAAAAAAAAAAAAAAAw0MhsBAcC0AAAACaw8s00AAAAAAAAAAAAAADAgCOzERwIQAMAAJjAZuWbaQAAAAAAAAAAAAAAgIFGZiM4EIAGAAAYYFarReJ7aQAAAAAAAAAAAAAAgIFnuZrdwJBGABoAAGCA8U00AAAAAAAAAAAAAACAechuDH0EoAEAAAaYhe/AAAAAAAAAAAAAAAAATEN2Y+jjSwgAADDALBZ+ihAAAAAAAAAAAAAAAMAsZDeGPgLQAAAAA4zvoQEAAAAAAAAAAAAAAMxDdmPoIwANAAAwwPgpQgAAAAAAAAAAAAAAAPOQ3Rj6CEADAAAMML6HBgAAAAAAAAAAAAAAMA/ZjaGPADQAAAAAAAAAAAAAAAAAAACAIYMANAAAAAAAAAAAAAAAAAAAAIAhgwA0AAAAAAAAAAAAAAAAAAAAgCGDADQAAAAAAAAAAAAAAAAAAACAIcNudgGDRWFxmXJy81VYXOYx70xNljM1WdlZGSZVBgAAAAAAAAAAAAAAAAAAAKAdAWhJObn5yskr8HmvsLjMCEUTggYAAAAAAAAAAAAAAAAAAADMZTW7ALN1FX72WJdX4NUdGgAAAAAAAAAAAAAAAAAAAMDAIgDdKfzsTE1Wdma68cdjbW7+QJYGAAAAAAAAAAAAAAAAAAAAoBO72QX0t8LiMiO47ExNliRlZ2X4XJudme51r7C4zOj83LkDdE/OBgAAAAAAAAAAAAAAAAAAAHD9gjoAnZOb79HhuT3AnJNXoFUrVxih5a44U5N9Bp9Xr1nnNdeOEDQAAAAAAAAAAAAAAAAAAADQP4I2AN05/NzZ6jXrAgpA+9rXORDt8dyrzyQEDQAAAAAAAAAAAAAAAAAAAPQ9q9kF9Ifuws/tOgeZnWkpXms6z3UVfjaen1egnNz8btcBAAAAAAAAAAAAAAAAAAAA6JmgC0D7Cj9nZ6brpRef16qVK/zuy85M99kR2pma3GWn6FUrV+ilF59Xdma6Zx15BQGFpQEAAAAAAAAAAAAAAAAAAAAEzuJ2u91mF9GXOgegszPTlZ2V0eM13Z3rTE1WdlaGRzja15quQtcAAJjlZMlpWSwWSbruvz2uO84pgPVdXAcy9jfX3b2u9gTqes4Ij7Bf9/OD3dnaYyqvPqLzl4+rou6UahrOq765Sk0t9XK5W80uD8OM1WJTiD1CEY44xYSN1sjI8RodNVlJsdOUGD3F7PIAAAAAAAAAAAAAAL1wpb7F7BKGueuLLwddAHr1mnUenZdfevH5AX3+08+9YFwTgAYADFYEoAlAD0ZHz29W4fl8Hb+0U/VNVWaXAwQkIiROk0fdKufoDE0dvdjscgAAAAAAAAAAAAAAASIAbbbriy8HffqmsLjMo0tzd2s7C3SvL9ezt7+8+942NTQ2KS4mSrcvmtvz/e9vV0NDo0aNiNVtC2f3SU1vrN+s5pa2To43TJmgGTdM7pNzAQDA4Fd1pVx7T/1N+8+8S+gZQ1J9U5UOlm/QwfINigiJ06yxyzVn/H2KC08yuzQAAAAAAAAAAAAAAIJW0AWgs7MytHrNOmO8es26gLpAd+4c3ZEzNVnO1GRlZ2V0e8Zg93beVjW3tP3UwqQJYzUhOTHgvfsPFeuNtzdLkhJHj+yzAHTeBzvlcrkkSW6XiwA0AADDQE3DeW0t+aP2lL1pdilAn6lvqtK2knXaVrJOc5Mf0MKJjysmbLTZZQEAAAAAAAAAAAAAEHSsZhfQ13x1Xe4umJyTm+83/Cy1dYbOySvQ08+9oJzc/IDP6C4wbbZ1f90Y8Fq3pNfeeK//iuknm/L3au0r67X2lfUqO33O7HIAAICkrSWv6JdbniT8jKC2p+xN/XLLk9pa8orZpQAAAAAAAAAAAAAAEHSCLgAtSatWrvAYdxVuliRnWkrAZ+fkFfgMQefkFXRZw2B0orRcR4tKA1q7a+8RXayo7pc6brlpmqZPm6Tp0yYpZXzgHakDsf9wsbbvPqTtuw+p6MTpPj0bAAD0zNnaY/qfnd/Uh8f+Wy53q9nlAP3O5W7Vh8f+W/+z85s6W3vM7HIAAAAAAAAAAAAAAAgaQRmAdqYmKzszvUfrfXWOluTzHH8h6EDOG2zWvd59V2e3260/v/V+v9XwpSfv1bNPPapnn3pUC26Z3m/PAQAA5vn49Hqt3fY1nao6aHYpwIA7VXVQa7d9TR+fXm92KQAAAAAAAAAAAAAABAW72QX0lcLiMuXk5nfb7dmfVStXaPWadT73v/Ti88rJzffo8pyTVyBnWorPoHNhcZmefu4FY5ydma7srIxe1dXfys9e1McHizR7RprfNfk7Dqi6pm4AqwIAAMFkU9FvVHDiD2aXAZhu/eGfqOpKuZakfdnsUgAAAAAAAAAAAAAAGNKCIgDdOZzcWccuzu1BaWdqslco2VcIuj3o3L7WIwSdm69VK1cYz/BXQ/v8YA1Bv/rGe5o1I00WH/daW136y1sfBnxWTW2dtmzbr5Kysyo/d0mXL9crMiJMY5MStHTxzZqaluK15933tqn8XIUk6a4ltyh53GhJ0tnzFXpn4zZJUtKYkVq+dIF27Tuig58cV2FxmZqbW5QQH6c5M526a8ktsljaXsG5C5Vav2GrJKmk7KzxnPc27VJJads4JMSuxx9eJqv12qu+cLFKGz7cqaNFJ1VVc1mREeFKGT9GN8+eplvnTPOqe9/BY9q7v+1Xmc+ZNUU3Tp2o/O0HdPhoiUpKy2W1WjQuKUF33HazZt4w2ef71dLSqq07D+rY8TKdOXtRlypqFBJiV9KYeM2ZOUWLM+Z4fV16+7501tTUrG27Dmnb7kO6VFGthsYmjY4fqeRxozVv7g2aNmWC1x6Xy6Wde4/oo20f69z5CjU1N2vsmHhNTEnS3XctUEx0pM9nAQCGr9wjP9OesjfNLgMYNApO/EENLZeVNe1bZpcCAAAAAAAAAAAAAMCQNeQD0N2FnzsHnQuLSlVYXNYWhM4r0KqVKzy6OPsMQV8NOmdnZRh7JXms8RWQ9qizi47RZnDY7UpKHKXSU+dUUVmjHbsPa/7NN3qt25S/V1caGiVJ8+beqB17Dvs8r6GhSa/8ZYPP+1caGnWxolr7DxXpjkVz9dhDSz3u79p3RKfOXJAkzZ6RZgSgq6prtX33IUnSuKQEVdfU6YMtezz21l6u1/GSM9q59xN979uflcVi8djX0cWKal2sqDbGj953h0JDHZKko0Wl+ukvX/VY39jYrIrKGu07cEy79x3Rl568VyEhDuP+8ZIzxnPCwkL0dt5WlZ0+53FGdU2dDh8tUdad8/XQvYs97q3fsFXvbNym5pYWr/eruqZOR46d1OatH+v73/mcbDarcb+370tH9Vca9KMXX1ZFZY3HfNnpcyo7fU4FOw7oxqkT9cUn7lV0VISktvDzv7/0mleX9BOl5TpRWq4t2/br6S8+qOnTJgkAAInwM+BP++eCEDQAAAAAAAAAAAAAAL1j7X7J4NY5jOlMTVZ2ZrqyM9O1auUKo0Nzu84B5c5hZ0leezqGljsHmDuHoFetXGE8v2PnaaktSD1YtLpceuKRZcb4z299IJfL7bGmuaVFb777kSTJarXqgbsX+T3ParVo174jxjg01KGJyYmaeWOqYmOudQX+YMselZSW97je0+UXjJBv/MhYjUkY4XG/9NQ5bd15UJIU4rArOipC0VERslqv/RN32K/NR0dFqD0TXHrqnH72qz8Z65LHjdEdi+YqY/5MOextPyOw7+AxvfnOFr/1bcrfa4SfxyUlKDIy3ON+7vvbdeFSlcfc/kNFRvjZarUqKTFes6anaVxSgsfr3vDhjj55X9o1Njbr337+B4/w84jYaE1NS9GI2Ghj7vDREjU1NUuS3JL+6/dvGf/erVarFtwyXUsX36JJKUmS2v69/Odv/qray/V+6wUADB+bin5D+Bnowp6yN7Wp6DdmlwEAAAAAAAAAAAAAwJA05DtAewSQM9M9uj13tbaj1WvWeXSC9rdOkpxpKVI3Hac7hqT9dYweDCamJGn6tEk6dOSEai/X66Ot+7QkY45xf+OHO9XY2BaAzbzjVkVFRvg9KyTEocULZ6v09Dndv3yRpk2ZYNxzu936j//+iw4dOSFJev+jPfrSk/f2uN7QUIe++dSnlDppnCTpwsUqrVn7usrPXpQkbS7Yp/R5MzVpwli98INnJEm/+PWfjec+fN8S3bForseZjY3NeuEXr8jlckmS7svK0L0dgusP3H2bfvDCWtXVXdF7m3fpriW3aERctHwZl5Sgbzz1iBEiPnb8lH7+qz8ZIeetOw/q/uXXQuTL71qgV//6nu7NStfCW2Z4dHl+b9Mu/emtD9quN+/W8qULrvt9affL372us+crJLUFmZ/+woOaNT3VuH/hUpVeXveO7DabRo2MlSS9u3Gr9h04JkmKjAzXPz73BcXFRhl71m/Yqrfe3SKXy6XX396szz223G+9AIDg9/Hp9So48QezywAGvYITf1BceJJmj7vH7FIAAAAAAAAAAAAAABhShnwH6L7S3gm6sLjMq1OzMy3FuC4sKu3RuZ07Rg82Kx66y7j+69ub1NLSKklqaGzS+g3bJLV1Tr576UK55fZ5hnHWw3fp75590iP8LEkWi0WZd8wzxucvVPSq1i8+ca8R8pWkhPg4PXzvYmN8oaK6x2fu2X/UCCgnxI/QPZ26dsdER+rhe5cY44OfHPd5jtVq1bNffdSjg/KUyeO1aMEsY3z+QqXHnptmTNG//tPTWjR/lkf4WZLuuO1m47r2cn2X73xP3peqmss6UnjSGD/xyDKP8LMkJYyK03efeVzf+MojxtzGzZykDRcAACAASURBVLuN6898KtMj/CxJy5cuMLpe791f2EW1AIBgd7b2mNYf/onZZQBDxvrDP9HZ2mNmlwEAAAAAAAAAAAAAwJBCALqD1WvWGUHojroKMQ/2gHN3EuLjtPDWGZLauiFv3LxLkvTue9uMYPB9yzMUGuro1flut1tNTc0KCw0x5i5V1vTqrNkzpnjNJY4ZZVzX1V3p8Znt3aElaWpasurrG1TX6c/4sQnGmvbOyZ1NTElUXEyU13xSh/oqqrp/3W5JzS0tamhs9HjPa2rq/O7pyfvyydES49phtytj/kz5Y7fbJEmV1bUeZ0yeMM7rPbrS0KiJyYmSpCsNjUaQHgAw/Gw48guzSwCGHD43AAAAAAAAAAAAAAD0jN3sAvpS5+Byd5ypyd3uye7QETgnN185eQUe+4PBQ/cu1vbdh+VyufR2boHmzblBeR/slCSFh4XqzsVXuxF33QBaLpdLmwr2ae/+QpWfu6Tay/W+17m7OciHEbHRsviYDw3pXTC7XcdQ8pZt+7Vl2/4u1589f8nnfOLoUT7nw8KuBb9drS6v+/sPFatgxwGVnj6nqurLcrm810jyO9/T96Wyqta4jo+Pk8Xia3enPZW1HuO//8GabvdcvFTlEcIGAAwPW0te0amqg2aXAQw5p6oOamvJK1o48QmzSwEAAAAAAAAAAAAAYEgY8gHojiHmwuIy5eTmX7uXluIRUvYVWF61coVWr1nn92xnWkqv6mqvpWPAerAGpmOiI3XXkluU98EONbe06H/9+NdG4PaR+26X3Wbr9ozmlhb97//7G1V06u4cHhaqkBC7WlpdverQ3M5i7T6o2xsdQ8lWq1Wx0ZFdrk+IH+Fz3tqL+n77h7e1Y89hjzmH3a6IiFDZbDav99KXnr4vjU3NxnWoI7CPf+fw9YjY6G732Ozd/5sBAASXmobz2ly01uwygCFrc9FaTU+8SzFho80uBQAAAAAAAAAAAACAQW/IB6CzszI8AswdOzQrr0DZmenKzsowpjoHpqW2EHRhUakKi8uMtb7Cys60FKnD+YXFZVq9Zp1WrVzhtdZXqHqwBqAl6Z5lC/XBR3vU3NJiBF5jYyKVMX+mscbdRefmg58cNwK7oaEOPfbgUt069wY57G3/xE6duaAfvfi7fnwF3XO7vOtPSoxXSdlZSdJdS27Rw9lLBqSWy3VXPMLP9y9fpNsWzlZ0VIQxt/L5F/12fu6tEbFRxvWFiuqA9owZPdJj/M//8FRAoXgAwPCyteSPcrlbzS4DGLJc7lZtLfmjsqZ9y+xSAAAAAAAAAAAAAAAY9KxmF3C9nKnJys5M93s/J6/Aoyt0xzC0JOXk5redkZWhVStXtHV99hNU9vWs9hB0dzoHsQebsNAQ3X/3Io+5Tz+4VBZLYB2Gt+++Fua9bcFspc+baYSfJan01Nm+KbSHQkNCjOsTpWe87o9LSjCuPz54TP4j3n1r74FC4zopMV73LFvoEX6urKrt8/CzJI0be62jYF3dFZWUlne7JzoqwuNreeiTE31eFwBgaKu6Uq49ZW+aXQYw5O0pe1NVV7r//gwAAAAAAAAAAAAAgOFuyAegpbZQc3ch6HadA85dBZgLi8uUk5vvFaAOJATdvsaZmqxVK1cM6vBzuztum6sRsdGyWq1KHjdGN8+e6nHf3UU8uGPQ+PhJz6BxU1Oz/pKzqW+LDVDSmGvdi/cdKPJ6BbOnpxnX5y5UKvf97T7P2bO/UC+ve6fP6goNcVx77vkKNTU3e9x/5S8b+uxZHaVNHq/wsFBjvPaVt1V7ud5jjcvl1oYPd+qtd7cYc7NnXHuffv/au157JKn2cr1+98f1Kj5xuh8qBwAMZntP/c3sEoCgwecJAAAAAAAAAAAAAIDu2btfMjRkZ2V4hIxXr1mnwuIyv2s7BpYLi8v09HMveASbC4vLvPa3n9/+d8dgdXsIetXKFT7rGQrsNpv+9Z+e7tXeObOmaPvuQ5Kk4yVn9NLv3tDNs6eqqalFb6zfrLq6K31ZasCmTpmgtzdslSQ1t7To+z98SYsWzNL4saM1NS1FCfFxuvuuBXpn4zZJ0htvb9bHB45p7uypiooMV/m5Szp05IROl1+QJC1dfLPGd+ii3FszbphsXLtcLv3bz/+gRQtmKyY6Uhs37dTxEu9u1X3BIunpLz6on/7yVUltoe/v//OvlDF/pkbHj9D5i5X6+GCRKqtrZbValXXHfIWGOvT4I8v08cEiNbe0qK7uiv7+B7/UHbfN1bjEeF250qiTp85p174jcrlcqqq5rG9/7dP9Uj8AYHDaf+Zds0sAgsb+M+/qjilfNbsMAAAAAAAAAAAAAAAGtaAJQHfkK7zckTM1WdmZ6R4BZkleY1/3ehKCDjZu/w2gNWPaZDlTk433fd+BY9p34Jhxf/LEsf0W6u2KMzVZ06dN0qEjJyRJldW1+tvVjt4rv/SwZk1PVXZmhsrPXtK+g231nigt14lS7189brVaVVV9uU8C0BHhYbp32UIjnH3qzAWt++tG4/7IETGqq7+ixsZmf0f02tS0FD371KP6xa//LKktGP5h/l6vdTarVZVVNUocM0qREWH6+pce0q9efkONjc1yuVx6b9Mun+c3NfV9zQCAwevo+c2qb6oyuwwEIMwRLYe17TdBXG6qkNvt6rOzQ2zhCrVHSpJaXM260lzd4zOiQkfJIoskqa6pSi53S5/VN5TUN1Xp6PnNmjp6sdmlAAAAAAAAAAAAAAAwaFnNLqA/dOzuLMmjs7Mxl5Xhc74rOXkFyrkanvV3RnsIerCy222S2sKtPWWzXdvTfk7H8Xe+/pjuvG2uIiPDjfnQUIcW3jpDX/nMfQE9w9Hp3O7mA7HySw/r3sx0Oeyeef/IiDBJba/r6S8+qGefelRJifGydnpvoqMitCRjjl74Pys9Ojd71tfznyW4b/kifX7F3Ro5IsaYs1qtcqYm6/lnn1CIw9HtGb19X6ZPm6TvfP0xTZ441utedFSE7lpyi37yw28occwoY/7GqRP1//3TSqXPm+nxNW6vO3ncGD3zlUf0d88+2auaAABDU+H5/O4XwXQWi0XPLv6TvrH4NX1j8WvKmvatPj0/64ZvG2c/lf6bXp3x7NX931j8mqaNGd7hXz5XAAAAAAAAAAAAAAB0zeJ2d9XXd+jJyc336uT80ovP93iP1NY92Jma7HUvOzPd6ADtb78zNTloO0EHovZyvRqbmhU/MtbsUjzU1TeoorJGYWEhGjUixivs3K66pk519Vc0OmGE7Lbeh68D1dTUrEuVNUocPVIWi6Xfn9dRa6tLldW1crvdGhEXHfDrbWlp1fmLlYqKDFdMdGQ/Vwmgr50sOW389+Z6//a47jinANZ3cR3I2N9cd/f64r+113NGeETw/BKOn216mA7QQ8C8CY9qqXOlMW5xNekn79+tvvpfgftmfE8zkpZJkuqaKvTzTY/2+IzvLXtPuvrfjTcP/EiHz77fJ7UNRREhcfrWkr+aXQYAAAAAAAAAAAAABLUr9cPzNxMPHteXWQie9I0fgYSQs7MyjEBzYXGZpLYAc0cdA87t1+172v/uuKa9E/RwDUFHR0Uo2uwifIiMCDM6P3clNiZSsTEDF+oNCXEoqUO35YFks1l7FVS3220amxjfDxUBAIaKs7XHCD/30P0zvi9Jeuvgjwf0uQsnPuExtltDdGvKI9px8s8DWgcCU99UpbO1x5QYPcXsUgAAAAAAAAAAAAAAGJR8t78dwtoDzO06B5m70971uaPsrAxlZ6Z7zOXkFSgnN7/LNe0haAAAgGBUXn3E7BKGnMQYpxJjnAP6zNT4+YoIifOa7xyKxuDC5wsAAAAAAAAAAAAAAP+CLgDdWceQcrvVa9bp6edeMP74WtMZIWgAAABP5y8fN7sEBOBO59PGdVnVAbmv/gqZiJA4TY6fZ1ZZ6AafLwAAAAAAAAAAAAAA/Au6AHR2VobHuGNIuT2M3LlLdE5eQUAhZULQAAAA11TUnTK7BHRjVGSK4iMnGOO8T36m4ovbjfFS59d7dF585ATNHnePbk15RNFhCT2ux2ELVVr8Ai2Y+LhS4+fLYrH0+Izhgs8XAAAAAAAAAAAAAAD+2c0uoK85U5OVnZmunLwCYy4nr8Bj7EthcZkKi8vkTE3ucl17wLrz+R3v+VpTWFymnNx8r4A2AADAUFXTcN7sEtCNZVOfNa6rrpTr/OXjeu/oGqXFL5DUFmgeFZmiS3WlXZ6TFDNVj970I0WFjjLm7pr6jJpbG/VR8dqAasme/veaMTZTFnUMPbt1qa5ML+9YGfiLGib4fAEAAAAAAAAAAAAA4F/QdYCWfHdh9rmuc6fmoq6DH12dH2gnaAAAgGBR31xldgnoQqg9UpNGzTXGHxX/TpJUUX9Kl+qufV/aMSTtS3RYgj5z6888ws/tHLZQ3el8WikjZnd5xj03flczx2Z1Cj9LkkWjIlP01fSXu3k1ww+fLwAAAAAAAAAAAAAA/Au6DtDtfHVh7mjVyhVypiZ32xlaklavWSfpanfpLro8++oE3d5ZWiIADQAAgktTS73ZJQxa98/4vhJjnF7zceFjJUlfTf+d172zNYV66+CP+6yGO6d8TboaOG5qvaKD5RuMe5uLf6uHZv1vSdLEUXMVao9UY0ud1xkOW6i+vODXsltDjLlLdSdVUrFXdmuIUuPnKyp0lGLCRvutY/6ET2v2uHuMcaurRcUXt+lSfZkSo6do0qibfYarhzs+XwAAAAAAAAAAAAAA+Be0AWjpWhBZuhY+zs7KkDM12ed6XwHlnNx8jwBzxzMDCUE7U5MJPgMAgKDkcreaXQL8sFgsmjk2yxh/fHq9x/0j5zapsaVeofYIWWTRnVO+pnc+We11zrwJn1K4I8YYbzn+sj4q9uzW/PjNL2jiyJs7Pt3j/m2pXzSuG1ou67/yP6+6pkpjLilmqj437z9ktdg6nNC5U/Tww+cLAAAAAAAAAAAAAAD/gjoALXmGoH3pGFAuLC5TTm6+ca9j9+buzu8cgqbrMwAACHZWi42Qph/+Ojm3d37+r4Iv9Ovz56V8SjarQ5Lkllubi37rtWbPqTe1cOLjkqSZY7P07pGfyu12e6yZMGKOcV3XVOEVfpakv+z7J33njrc8AsztwhzRcthCjfG7n/zUI/wsSeU1R3WwfINmjV3eg1cY/Hy9nwAAAAAAAAAAAAAAoI3V7ALM1jkgnZNXYPzpHF7Ozkz3e0bne77C0/72AwAADEUh9gizS4AfCyc9blyXXNqtptYrXmu2FL8st9oCzzarQ/NSPuW1JiFqknF99NxHPp/V1HpFFy6f8HkvLX6Bce1yt+qTsx/4XLe95FWf88MZny8AAAAAAAAAAAAAAPwL+g7Q3XGmJis7M92jg7Mv2ZnpXXaT9tUJuif7AQAAhpoIR5wammvNLgOdTElYqHBHrDGOCInVp+b47kjd0tpkdGheOOlxbT/5msf9iJBr51ysO+n3mTUN5zQmOs1rftKoW4zrppZ6v/sv1Zf6vTdcRTjizC4BAAAAAAAAAAAAAIBBa9gHoKWuw8vO1GRlZ2XImZoc8Dkduz/3ZD8AAMBQEhM2WhX1Zd0vxIC6Y8pXPcZjoqdoTPSUbveFO2KVFr9ARRe3GXMut0tWi02SZLeG+N1r8fjFMm7jqmPnaavV1sXTLR4jd4czhquYsNFmlwAAAAAAAAAAAAAAwKBFAPqq7KyMPunQTJdnAAAwXIyMHK+Sit1ml4EO4iMnaFTkhF7vv9P5NY8A9OXGS0YQNyFqkt99seGJHUbXwszHL27X3PH3S5JCbOGyWCxyu73DzaOjJnuMLZ0C0cPRyMjxZpcAAAAAAAAAAAAAAMCgRQAaAAAAvdI5tIruna0p7Nfzl0171rhuaq3XK7ue63ZPyojZutP5tCRpVOQExUdO0MW6k5Kkc7VFRgB62pglevvwv3kFmMMdsUqImujz7OOXdnUYWbRw4pMqOPH/vNYtmvy5buscbvh8AQAAAAAAAAAAAADgHwFoAAAA9EpS7DSzSxhy3jr44347O8wRrYkj5xjjvadyVF5ztNt95TVHlTH5cwq1R0hqC1H/cfd3JUnFF7drSkK6JMlhC9Ojs3+kP+37B2OvzerQ4ze/IPnp2NzqataV5lqFO6IltQWdSyp26Uz1EWPNlIQMOUfzW1Q64/MFAAAAAAAAAAAAAIB/BKABAADQK4nRUxQREqf6piqzS4GkO6d8Te1BZLfc+qh4bcB795x6UwsnPi5JmjhyjsIc0WportXeU3/TnPH3aUx0miQpLWGhvn37Gzpbc0wWizQ29gaF2CK6PPv1/f9HT9z8E0kW2ax2fX7ef+psTZFqGy8oLjxJCVGTevV6g1lESJwSo6eYXQYAAAAAAAAAAAAAAIOW1ewCAAAAMHRNHnWr2SVAksVi0YykZcb4xKWdam5tDHj/luKX5Za7/bSrYeo2L+94RnVNlcY43BGjSaNu1sSRN18NP7t1tqaww2ludXSyYq9yP/lZx2qVGDNFUxLSjfDzhcsnOjxfHtfDEZ8rAAAAAAAAAAAAAAC6RgAaAAAAveYcnWF2CZA0e9y9slkdxnjj0TU92t/ialLxhW3G+MbEO43rVlezfrP1KzpVdVCe4Wa3ahrO6/X9P7x6r43L7fI6f8+pt7Tx6H+qsaXeY765tUEnLu3Wb7Y9Jbe71aOe4YzPFQAAAAAAAAAAAAAAXbO43e7h3V4NAIBh6GTJaVksFkm67r89rjvOKYD1XVwHMvY31929rvYE6nrOCI+wX/fzB5OfbXpY9U1VZpeBAWCxWDU6arJC7ZEqq9qv3vyvRERInMZEp+ni5RLVNl7shyqHtoiQOH1ryV/NLgMAAAAAAAAAAAAAgt6V+hazSxjmri++TAdoAAAAXJdZY5ebXQIGiNvt0rnaIpVWftyr8LMk1TdV6cSlXYSf/eDzBAAAAAAAAAAAAABA9whAAwAA4LrMGX+f2SUAQYPPEwAAAAAAAAAAAAAA3SMADQAAgOsSF56kuckPmF0GMOTNTX5AceFJZpcBAAAAAAAAAAAAAMCgRwAaAAAA123hxMdltdjMLgMYsqwWmxZOfNzsMgAAAAAAAAAAAAAAGBIIQAMAAOC6xYSN1uK0L5pdBjBkLU77omLCRptdBgAAAAAAAAAAAAAAQwIBaAAAAPSJhROf0Pi4GWaXAQw54+NmaOHEJ8wuAwAAAAAAAAAAAACAIYMANAAAAPrMsmnPml0CMOTwuQEAAAAAAAAAAAAAoGcIQAMAAKDPJEZP0T03ftfsMoAh454bv6vE6ClmlwEAAAAAAAAAAAAAwJBCABoAAAB9ava4e5Q+6UmzywAGvfRJT2r2uHvMLgMAAAAAAAAAAAAAgCGHADQAAAD63JK0L2tu8gNmlwEMWnOTH9CStC+bXQYAAAAAAAAAAAAAAEMSAWgAAAD0i6xp3yIEDfgwN/kBZU37ltllAAAAAAAAAAAAAAAwZBGABgAAQL/JmvYtpU960uwygEEjfdKThJ8BAAAAAAAAAAAAALhOBKABAADQr5akfVn33Phds8sATHfPjd/VkrQvm10GAAAAAAAAAAAAAABDnt3sAgAAABD8Zo+7R2NipmjDkV/oVNVBs8sBBtT4uBlaNu1ZJUZPMbsUAAAAAAAAAAAAAACCgsXtdrvNLgIAAAyskyWnZbFYJOm6//a47jinANZ3cR3I2N9cd/e62hOo6zkjPGJ4/wza1pJXtLlorVzuVrNLAfqV1WLT4rQvauHEJ8wuBQAAAAAAAAAAAADQyZX6FrNLGOauL75MABr/P3t3Hl9leeeN/5uThEACCYR9iewBF0RcERRxww212tba3U5r15m2T7fpzPR55pmZzjMzv7bO0qm17XSq00Vbq9VKVdw3QBGVSlFEkX1NSNhCCElOfn8ghxxysmAC4cD7/U+u676u+7q/9znh9aqv1yffAnAcEoAWgO5uO/ZsiQWr7oyX197f3aXAYXF62bVx7qgPRnHPQd1dCgAAAAAAAAAZCEB3NwFoAOAQCUALQB8tttVujFfWPRCvbng4du/d1t3lQKcU9ugbpw67PKaMuDr69hra3eUAAAAAAAAA0AYB6O4mAA0AHCIBaAHoo9EbW56J5VvmxdtbXxSGJmsU9ugbY/qfFeWDpseEQTO6uxwAAAAAAAAAOkgAursJQAMAh0gAWgD6aLdp55uxcfuy2LLr7aiqWRc79myJ3fXbYm/D7kg2NXZ3eRxnEjm50SOvMArz+0Zxz0FRWjQiBvUeE0NLJsaQPuO7uzwAAAAAAAAA3gUB6O7Wufiy9A0AAEedIX3GC5YCAAAAAAAAAJBRorsLAAAAAAAAAAAAAADoKAFoAAAAAAAAAAAAACBrCEADAAAAAAAAAAAAAFlDABoAAAAAAAAAAAAAyBoC0AAAAAAAAAAAAABA1hCABgAAAAAAAAAAAACyhgA0AAAAAAAAAAAAAJA18rq7gO4wZ+68WL5ibSxfsfawPaN8bFlERMy+bHpqDAAAAAAAAAAAAAB0Tk5TU1NTdxdxpCxfsTYVfj6SZs+aFrMvm35EnwkAbVm9an3k5ORERHT6Z9q4+bXowP42xh2Zt3atvbW27umozpzRq/C4/Bs0AAAAAAAAAICjRu3uhu4u4TjXufjycZO+Wb5ibdxy613d8uw5j8yPiBCCBgAAAAAAAAAAAIBOOm4C0HPmzmtxrXxs2WF73sFdpuc8Ml8AGgAAAAAAAAAAAAA66bgIQC9fsbZFIPkrn7/xsAagI/aFrvd3f94/F4IGAAAAAAAAAAAAgHcv0d0FHAnL31qTNj8S4eeIaBF2bh6GBgAAAAAAAAAAAAAO3XERgD7YkQg/7zd71rQj9iwAAAAAAAAAAAAAONbldXcBR8L+TszLV6w9ouFnAAAAAAAAAAAAAKBrHRcB6IgDIWgAAAAAAAAAAAAAIHsdNwFo9nnw0QWxt76+1fXeRYVR2KsgBg7oFyPLBkeP/PwjWB0AAAAAAAAAAAAAtO24DEAvX7E2NS4fW9aNlRx5cx6ZH8lkskN78/Py4qpZ58alM8+O3NzEYa4MAAAAAAAAAAAAANp3XASg58ydt+/nI/Mzru8PQc++bPpxF4huS31DQ9z34LOxaUtV3PTBK7u7HAAAAAAAAAAAAAA4tgPQc+bOazX03Nz+jtC33HpXlI8tO26C0N/80keif2lJat7U1BS7ampjw6bKePjx52PdhoqIiHh+0dI4a8qJcfLE0d1VKgAAAAAAAAAAAABExDEagF6+Ym3MmTsvFWw+1HuPlyB0UVGv6NO7MO1acZ+iGDZkQJx+ann8w/fuiI2bKiMi4rU3VglAAwAAAAAAAAAAANDtjrkAdFtdn8vHlrUINO8PSR8clt4fhP7K5288pkPQrUkkEjHtrFPingeeioiItes3d3NFAAAAAAAAAAAAAHCMBaBbCz/PnjUtZl82vc17W+sa3dkQ9OzLpsfyFWtj+Yq1MXvWtHd1Rnepr29IjQsLe6atPfDwc1FZtSMiIq64ZGoMGVTa4v77H3o2qqp3RkTE9bMviJLiooiIeO75V+PNt9d1qIYzp0yMSSeOiYiIu+9/MnbV1HbovtmXTYuB/ft2aC8AAAAAAAAAAAAA2eOYCUAvX7G2Rfi5fGxZzL5seofCy+Vjy+Irn78x1fm5uVtuvStu+97X33Vt+8/Npk7Se+r2xpPPvZyanzh+ZNr6gkVLo6p6XwD63DNPzhiAfmbBH6PmncDyhedNSQWg//T627H4T292qI78/NxUAPq5F/4YdXX1Hbpv8injBKABAAAAAAAAAAAAjkHHTAB6ztx5afP9geZDtf++g0PQc+bOa7eLdHvnHm3WbdgSu3fvSc2bmppix87dsX7jlnjsmZdS4eV+JX3ivKmTu+y5ffv2iT69CzOu1ezeE8lkMjXv1bMgNR7Yv29s31GT8b6du3anzXsW9OiCSgEAAAAAAAAAAAA42hwTAejlK9bG8hVrU/N3G34++P7mIej93aU7E4I+2vzo9vvb3TPt7Elx43UXR25uosuee+N1F8eN113c4vqePXvjb//lv1Ih59J+xTF71oHP+1tfvSnjeWvXb45/+rdfpILTZ59+Ypw0YVSX1QsAAAAAAAAAAADA0aPrUq3d6ODuz10RUi4fWxazZ03r9DnZbvuOXbGnbu9hf04y2RT//qPfpMLPBQX58fW/+FAUFOS3U19NfPcHd6bCzyeMGBw3ffDKw14vAAAAAAAAAAAAAN0j6ztAZ+r+XD62rMW+g0PSBysfd0KL+2ZfNj3V+TliXxfoY6kD9NWXTY/i4qK0a3v27I2t1TvixVdej5qa2li6bGV88+9vi69+/sYYO3r4YavlF3fPjZVrNqbm/+uzH4h+JX3avKe+oSG++4M7o66uPiIi+vQujC9/9oZIJI6JXD8AAAAAAAAAAAAAGWR9ALoj3Z+Xr1ibFmTO6JH5MXvWtBb3z541LT0EPXfeIYeg58ydF8tXrN3XVfooClCffcZJMbB/34xrN1x7UfzXzx+Il199I5LJZPzit4/E3379E4eljsefeSnmL1ySmn/yI1fHqBOGtnlPU0Tc9rP7oqKyOiIiEolEfO3PPxSFvXoelhoBAAAAAAAAAAAAODocU61yW+v+vPytNR27f9wJLa51NrC8P3zdoRD2USSRyImP3nBZar5xU2XUNzR0+XOWLlsZd9//RGp+1aXnxllTJrZ73+/mPB1Ll61Mzb/0mffH4IH9urw+AAAAAAAAAAAAAI4uWR+AXr5ibbt7MgWbW+xpJTz9bp7X3MEdqrNJr14FkUgc+BWpqt6ZcV9jMtniWlNE1NTUtnn+xs1b4wc/vTc1P23S+Lj68vParev5RUvjkScXpuYfeu+lMaED3zEAAAAAAAAAAAAA2S+vuwvoSq0FmMvHlsVt3/t6p87dH3w+1AB0NtuxaBEqCAAAIABJREFUsyaSzcLNPQt6pMbFvQujqnpHRERUb2sZjF6zdlObZ++qqY3v/uDO1PlDhwyIT3306nZrWrFqfdx+54Op+czzTo8Z005r9z4AAAAAAAAAAAAAjg1Z3wH6aDZn7ry0wHRHOkwfLWpqauO22+9LzUuKi6KkuCg1HzSwNDWe98Kr0dTUlJrvqdsbP/vVH1o9u7ExGf92269THaKLinrFVz73gcjLzW2zpqrqHfFvP/xNaj5h3Anxgfdc1PGXAgAAAAAAAAAAACDrHVMdoNsyZ+68NtfLx53QoYBye3v2h54zdYqefdn0ds8/ku6859HoW9In7Vrd3vqoqtoeK9dsTLt+1aXT0uaTThoTC19+LSIiVq7ZGF/+m3+P00+dEIWFPWP+C0uidk9dq8+9466HYt2GitT85AmjYv7CJRn39i4qjOnnTIqGhsb4zvd/FfUNDam1MaOGxSNPLsx438gRQ2Ji+chWawAAAAAAAAAAAAAgOx1TAehMoeP91+c8Mr/tmx+ZH7NnTcsYUm7t3Ih9gec5j8yP8rFlUT62rNXnzJ417ajrAP3aG6s6tO/SmWfFjGmnpV07c8qJMWfuvNhcUR0REXV19bHgxT+l1vuV9Im9DQ2pLs/NLX1jZdp84cuvR8TrGZ9dUlwU08+ZFLtqaqN6+860tYcee77VmqeeebIANAAAAAAAAAAAAMAxKNHdBXRW81BxqwHot9Z07KxxJ7S896AzD37e/sBzWyHr1oLV3SE30f5Xnp+XF0MGlcbUM0+Of/jrm+O9V89ssScnIv76f308zj3rlEg0OzM/Ly9Onjg6/vorH4vehT0znt8jr+O5+9zc3A7vbS7/EJ4BAAAAAAAAAAAAQPbIaWpqauruIjpjfwfm/TKFjZevWBu33HpXu2d95fM3tujSfMutd6WFoA/e89mvfqfV846m4PPhVr19ZzTUN8bAAX27uxQAOmD1qvWRk5MTEdHpn2nj5teiA/vbGHdk3tq19tbauqejOnNGr0J/qAMAAAAAAAAA0J1qdzd0dwnHuc7Fl7M+AB3RMoR82/e+3iXnZgpOH3z28hVrY87ceRm7T3dVHQDQ1QSgBaABAAAAAAAAAI5nAtDdrXPx5UQXVdGtZs+aljafM3del5x78DkHPycionxsWXzl8zdmXAMAAAAAAAAAAAAAutYxEYAuH3dC2nzOI/M7HYLO1NV59mXTW90/+7Lp8ZXP3xjlY8v2zQWiAQAAAAAAAAAAAKDL5TQ1NXWuh/RRYs7ceTHnkflp15oHkrvrLAA4Gq1etT5ycnIiIjr9M23c/Fp0YH8b447MW7vW3lpb93RUZ87oVZjX6ecDAAAAAAAAAPDu1e5u6O4SjnOdiy8fEx2gI/Z1YD44oLz8rTWHfE6m8PPsWdOEnwEAAAAAAAAAAADgKHDMdICOiFi+Ym3ccutdqXn52LJUcHn5irUZQ9IR+0LPEdEi+ByxL/w8+7Lph6liAOgeOkDrAA0AAAAAAAAAcDzTAbq7dS6+fEwFoG+59a5YvmJth/aWjy1rd6/wMwDHKgFoAWgAAAAAAAAAgOOZAHR361x8OdFFVWQd4WcAAAAAAAAAAAAAyD7aDx5E8BkAAAAAAAAAAAAAjl7HVAB69mXTY87ceRERUT62bN/PcSdE+diyVMfn/ev77d8n9AwAAAAAAAAAAAAAR7+cpqampu4uAgA4slavWh85OTkREZ3+mTZufi06sL+NcUfmrV1rb62tezqqM2f0Kjym/gYNAAAAAAAAACDr1O5u6O4SjnOdiy8nuqgKAAAAAAAAAAAAAIDDTvtBAADelc0V27q7BAAAAAAAAADgCBs8sG93lwA6QAMAAAAAAAAAAAAA2UMHaAAA3hV/0QkAAAAAAAAAQHfQARoAAAAAAAAAAAAAyBoC0AAAAAAAAAAAAABA1hCABgAAAAAAAAAAAACyhgA0AAAAAAAAAAAAAJA1BKABAAAAAAAAAAAAgKwhAA0AAAAAAAAAAAAAZA0BaAAAAAAAAAAAAAAgawhAAwAAAAAAAAAAAABZQwAaAAAAAAAAAAAAAMgaAtAAAAAAAAAAAAAAQNYQgAYAAAAAAAAAAAAAsoYANAAAAAAAAAAAAACQNQSgAQAAAAAAAAAAAICsIQANAAAAAAAAAAAAAGQNAWgAAAAAAAAAAAAAIGsIQAMAAAAAAAAAAAAAWUMAGgAAAAAAAAAAAADIGgLQAAAAAAAAAAAAAEDWEIAGAAAAAAAAAAAAALKGADQAAAAAAAAAAAAAkDUEoAEAAAAAAAAAAACArCEADQAAAAAAAAAAAABkDQFoAAAAAAAAAAAAACBrCEADAAAAAAAAAAAAAFlDABoAAAAAAAAAAAAAyBoC0AAAAAAAAAAAAABA1hCABgAAAAAAAAAAAACyhgA0AAAAAAAAAAAAAJA1BKABAAAAAAAAAAAAgKwhAA0AAAAAAAAAAAAAZA0BaAAAAAAAAAAAAAAgawhAAwAAAAAAAAAAAABZQwAaAAAAAAAAAAAAAMgaAtAAAAAAAAAAAAAAQNYQgAYAAAAAAAAAAAAAsoYANAAAAAAAAAAAAACQNQSgAQAAAAAAAAAAAICsIQANAAAAAAAAAAAAAGQNAWgAAAAAAAAAAAAAIGsIQAMAAAAAAAAAAAAAWUMAGgAAAAAAAAAAAADIGgLQAAAAAAAAAAAAAEDWEIAGAAAAAAAAAAAAALKGADQAAAAAAAAAAAAAkDUEoAEAAAAAAAAAAACArCEADQAAAAAAAAAAAABkDQFoAAAAAAAAAAAAACBrCEADAAAAAAAAAAAAAFlDABoAAAAAAAAAAAAAyBoC0AAAAAAAAAAAAABA1hCABgAAAAAAAAAAAACyhgA0AAAAAAAAAAAAAJA1BKABAAAAAAAAAAAAgKwhAA0AAAAAAAAAAAAAZA0BaAAAAAAAAAAAAAAgawhAAwAAAAAAAAAAAABZQwAaAAAAAAAAAAAAAMgaAtAAAHSpPXV7Y8lrKyKZbOrwPTU1tbF+Y0Xs3Vt/GCvLbNuOXbHszdVH/LkAAAAAAAAAALw7ed1dAAAAx5bHn14UD8ydFwUF+fHP//tz0atXQcZ9q9duit/94ZlYvmJtJJPJ1PU+vQvjhBGD4+QJo2PmeVMikcj8N3s/+Om9sXTZykOu7++++ckY2L9vqta7f/9kJBKJ+O7ffyEKe/U85POau+t3j8cz8xe3uy83kYgBA/rGsCEDYvyYEXHe1FMjLze3U88+XtU3NMRX/ub70ZhMRlFhz/jO333hiD6/o9/5wU49eWx89qb3HIaKstMbb62Jf//R3RERMeXU8rj5o1d3c0UAAAAAAAAAHM0EoAEA6DINDY3x8OMvREREYc+eGcPPTRFx+68ejBdeWprxjJ27dsfSZStj6bKV8dgzi+Lmj14do0cOa7Gvsmp7WnC6w5o1ph48qDQiIpLJZDz61Itx7RXnH/p5zWzduq1DNSWTydi4qTI2bqqMlxYvi/sffDY+csNlccbkCZ16/vGosTEZ9Q0NERGxZ8/eI/78jn7nB+uObudHs921e1Kf4549dd1cDQAAAAAAAABHOwFoAAC6zLPP/zEVRp0xbXKL9aaI+O9fPBAvvrIsdS2RSMSYUcNizMhhsaWyOlasXB87d+2OiIiq6h3xL//xy7jikqlthpPLhg+OQQP7tVtfXm5uFPcpSs1Pnjg6Cgryo66uPh57alFcccnU6JGf39HXbdMJIwbHwAEta2psaIyt1Tuicuu2qH0n6Fm7py5+8j+/j9Ivfjhj2JvsMHzowCjtV9yhveNGDz/M1QAAAAAAAADAsUsAGgCALvPgowtS4+nnnNpifcHCJWnh54nlI+MvPvW+yM1NpO3btHlr/OTnD8T6jRUREdHU1BRt+cj7Z8XIsiGHXG9OTk5MO2tSPPncy1Hf0BDzX1gSM887/ZDPyeTyi6fG6aeWt7nntTdWxc9//XBUb98ZERH/+dN741/+z+ciLy+3S2rgyLpq1rR2v3MAAAAAAAAAoPMS7W8BAID2rV2/OdW5eVTZkLROyxERjY3JuGfO06n5SRNGxRdvbhl+jogYMrh/fOtrN8X7r70oevUsiMsuPOew1T39nEmp8fwX/3TYnpPJSRNGxVf//IORSOz7DGpqamPdhi1HtAYAAAAAAAAAgGwjAA0AQJd4/qXXUuPJp4xrub5oadTU1Kbmn/74tangbyY5EXHxjDPiX//xi9GrV0GX1trciGGDIj9v3/8xypp1B0LcR8qA0pKY0qxr8FoBaAAAAAAAAACANuV1dwEAABwbFjYLQJ9y4pgW64v/9GZqfPqpE6JnQY8jUldHnDhhVLy69K2IiHjpj2/EzOlTjujzhw7unxpv2FjZ7v4dO2tiS2V1bNu+KwaUlsSwoQOiR37+IT1z2/ZdUbF12ztnFMfwYQM7fMb2HTVRUVkd1dt3RZ+iXtG/f0kM7N/3kJ7fXMXWbbFpS1UU9MiP8rFlLdbrGxpi0+atUVm1PXITuTGgf0kMGzLgkJ/T2JiMquodsaWyOur21sewwf1j0MDSSCRy3nXth0NDY2Ns3lIVW6t2RENjY/TvVxyDB5V2+7+ZZDK5748EamqjtG+fGDyoNPJyczt8f83uPbFpy9aoqt4ZRYU9Y8ig0ijtV3wYKwYAAAAAAADgWCUADQBAp23bsSvVOTk/Ly9GDB/cYs+y5atT44vOP/2I1dYRk04akwpAL1228ogHoHc16zpd3Kew1X3LV6yN+x58Jt5etaHF2uCB/eIzN72n3WDwwpdfjwcfnR+btlS1WCspLorZs6bHeedOjkyR4CWvvx2/f+i5WLt+c8Z7Z114Tlw044yM9y5dtjK+/5PfRkTEOWecHB+5YVbMe/7VePK5l2NzRXXqHf7um59K3VNXVx/3PfhMPD1/cSSTybTz+vQujI994PIYnyEwfbC6uvp45KmF8dBjz7c4JyJi+NCB8ZH3z4rRI4e1e9bhVFtbF/c//FzMe/7VqG9oaLF+2inj4z1Xnh9DmgXmm/vHW/4n9d380//5bPQr6ZNx3xtvrYl//eGvIyJiYvnI+PJnbkhb//b3bo91GyoiIuIf/urm2LGrJu6+74lYs35Li89v5vQp8d5rZqa6qGdSsXVb/Oa+J2LJaytarJUNHxyf/vg1rd4LAAAAAAAAAJkIQAMA0Glr1h4IxA4a2K9FALZi67a0QOe4MSMiYl9H2aXLVsbGzVtjV01t9CzoEQMH9I1TTxoXBQWH1tG4KSK2bKmKdRsr4u3VG6KoV88o7VccE8af0GoQdL/hQwYeeJd1mw7puZ3VFBGvL1+Vmg9rVktzjzy5MO6d83Sr52yuqI6//87P4qM3XB7Tz5nUYr2xMRl33PVgLHz59VbP2L6jJn7520fiiedeji99+v3Rt6R3au2eB56KR596sc17777/iXhlyfL480+9t0W34sbGA8HZ+vqG+MF/3RvL3lydtmfHzgNB8O07auI73/9lVFZtz/i8nbt2xw9+em98/s+ub7WmiH3h52/fckdUVFa3umf9xor4l//4ZUw7e1J87AOXt3ne4bJp89b43q13pf6QIJPFf3ozXn1tRdz8satjyqTyFuvbtu9MjZuSTa2e03ytvr5l0Lpu74Frb61cFz//zdyMwfGIiKfmvRJvrFgbf/v1T2Rcf2vluvj32+7OGOiOiFi7fnP887//Iq6+bHqr9QIAAAAAAADAwQSgAQDotNVrN6bGzUOz++3YWZMa9+pZEBERz73watzz+6eidk9di/2JRCIunXlWXHfVjA49f/3Girj9rodi46bKjOsTx4+Mz970nujZs0fG9X59DwSkt++oifqGhjY72nalhx5dkOqAnEgkYuzo4S32LFq8LC38PLF8ZFwy48wY0L9v7NhZE88vWhrzFy6JiIif/+bhOGnCqLR3ioi4+/4n0sLPpf2K49yzTokRwwbG9h018faq9an1jZsqoykOhGSfmb84Lfw8eGC/OG/q5Bg2ZEBUVe+IV5Ysj9fe2BfifuvtdfHTX8yJL3yy9WDyy6++kRr36V0YE8efEKNPGBb9S0tS13/43/emhZ/Lx5bF5FPGR//S4tiwsTIWLFoaFZXVcet/39vqcyIiHpj7XCr8nEgkYsqp5XFS+ajoX1oc6zdUxGvLV8XSZSsjImLFynVtnnW47K2vbxF+vmD6lBg3enj0yM+P1es2xaNPvhj1DQ2RTCbjR7ffH//7azfF8KGZw/Jd6Y67HoqIfb8vM86dHEMHD4ia3bXx7II/xso1+/7db9xUGS++8nqcNeXEtHtrdu9pEX6eeubJMX5MWRQU5MeadZvjyWdfjpqa2rjr3scO+7sAAAAAAAAAcOwQgAYAoNPWrN+SGpf2LW6xvmtXbWpcUlzUbjfhZDIZc594IfburY8PXHdxu8//n18/3Ob6sjdXx798/5fxzS9+JGNn6ZLiorT5ho2VMbJsSLvPbUtNTW3Gbr6Njcmoqt4Rmyuq4rGnF8X6jRWpteuumhG9i3ql7d9TtzfuuPOh1Pyay8+LKy89NzUfMqg0yseWxZiRw+IXd8+NiIi7738yPv3xa1J7Vq7eEE/NeyU1n37OpPjQe2dFbm4idW3m9CnxnitnxP/85uHokZ+f6pq9q6Y27vrd46l9U888OT72gcsjkThw7/nnTo5n5i+OX93zaERELHltRSx5/e2YdOKYNj+jG6+/JGZOn9Li+ouvLItVaw904v7AdRfHheednpqfdsr4mHXR2XHHnQ/Gi68sa/MZCxYtTY2/8Mnr4+SJo1PzieNHxsUXnBkrVq6Pn/3qD3HNFee3eVZ7fnzH/WmfS1v+45++HHl5uRERcf9Dz6V+V/Lz8uKrX7gxRp0wNLV38inj4oJpU+KWW+9MheV/fMf98Xff/FSn6u2oaWdPig+/L/33ZdrZk+L7P/ltKjz+xDMvtQhA3/PAU6nwc35eXnzpM+9PdX+PiDjztIlx8Ywz094LAAAAAAAAADpCABoAgE7b2azD88GdhyP2hWj321K5LRV+LijIj/fOnhmjRw6Lnj17xPqNFfHgowtizbrNERHx5HMvR25uIt53zYXt1lBSXBTnnHFylI8ti6GD+0dF5bZYsGhpvPDSvgDsxk2V8Z3//GV844sfjh756SHoRCIR+Xl5qbBm83rfrV/+9pH45W8f6fD+q2ZNi4tnnNni+qLFy1J1DRlUGlc0Cz83d97UU+PRpxbG5orqePnVN6KxMZkKrD7+zEupfQNKS+IjN1weORnOKO1XHF/+zA1p11585fVIJpMRsa9790dvuDxjyHfGtNNi8Z/eTHWCfuq5l9sMQF8/+4KM4eeIiGcXLE6NT544Oi38vF9ebm58/INXxquvrYi6uvpWn1Nbe6DD+LChAzLuGTt6eHz7bz7d6hmHYv9n1Z79Hbabmpriuef/mLr+3mtmpoWf9yspLoqbP3ZtfPt7t0dExOaK6tiwqTKGDcn8Tl2lX0mfFuHn/a65/LxUAHrL1m1pa8lkMp5vFj6/7qoZaeHn/UqKi+LTH782/uG7t3dx5QAAAAAAAAAcywSgAQDotJpmIdNMAeicZmnb/QHRE0YMjq987sbo2bNHam1g/74x+ZTxcc/vn4zHnl4UERGPPb0oLpg+JQb279vq88eOHh5fvPn9ad2d+5eWxMTykXHmaRPiBz+9NyIi1m2oiPkvLImZGQK1JcVFUVm1fd/77N7TkdfuEuVjy+KjN1weAwdkfr+FL72WGs+cPiVjcHm/M06bGA8+uiAiIiq3bovBg0ojIuLlV5en9rz/2ovaPONgL77yemp85aXnZgzC7nftFeenAtBLl62MZLIpEomWT0skEhnD3hERyWRTLF+xNjW/7qoZrT4vLzc3rrh4atz34LOt7int2yf1vf7hkfnxwesvbfMdOmPEsIExoI3f0/0Ke/WMvNx93Z9Xrt6YCnDn5+XF+VMnt3n+uDEj4q2310VExEt/fOOwB6AvmnFGq5/X0CH9U+Oamtpoikj9bq1YtSH1bz0/Ly8uaCXsHhExfOjAKB9blva9AwAAAAAAAEBbBKABAOi0PXsOBKBL+xW3WO9fWpI2TyQS8blPXJcWft4vJyKunz0zXn51eVRV74iIiOeef7VFEHbSiWOitG+fGDq4f1w/e2bGoG1ExKSTxsa0syfF/IVL9p31wqsZA9B9mwVld9d2PgB92qTxUTZsUGq+q6Y2Vq3ZGOs2VKQ6OvfpXRjXz76g1fBzRMTmiqrUeM36Lanu2Zm88daa1HhLZXUMHlQau2pq07oSjxs9/JDeY+s7n0lEZOxM3FzZ8EFp8x27aqJvce8W+wYN6NtqqHbHrpq0+fChA9t8Zns1TT9nUtz/0HMRse/36MVXXo8Lzzs9TpowOsaMHBZ5eblt3n8orrx0Wpx+avkh3VNZdaBz8tAh/dsNZ48+YWgqAF1RWX3oRR6itgLWPfLzI5FIpH6/GhsbU8Huyq2H9l6jThgqAA0AAAAAAABAhwlAAwDQaXvr61PjXj0LWqwfHIo+9aSxGTtF75dI5MSF550e9zzwVERErNuwpcWe62df0OH6Ljr/9FQAevOWzKHRwl49U+O9e+sz7jkUZ59+UsYwbDKZjNvvfCgWvvxa7Ny1O/71tl/Ht//609Gnd2HGc3buqk2N979DR+wPj2/bvjN1LZFIRFFRrw6fcfDzBxwUZD9YIpGIgoL8VEfj7dt3ZQxA9y1p/bvfseNAALqoqFfk5LTdr/rgcP3BLrtoary9emMseW1FRETU1dXHw4+/EA8//kJE7AsUn3/u5DjnjJMPW2fotlRvO/D9DBzQr939zTuhb9u+67DU1FxJcdG7um/7zgPfY0feq73fLQAAAAAAAABoTgAaAIBO61nQIxV63blrd4v10r7pAejhw9ru6hsRMXRw/9S4qllI9N0YMujAWfUNDdHYmGwRdt3ZLLCZKcTdVRKJRNz0wStj5ZqNUVFZHXV19XH7nQ/GX9z8voz7c5t12D154ugO1zaybEhERDQ1dU3dEZHWSbojWuvK3fY9B76XZGP7z2tvTyKRE1/45PWx+E9vxlPzXolly1enra9cszFWrtkYDz66IL7y+RszdjA/nJq/b1MHPt9ksy+0vXB4R844XHKbvVdjY2O7+w/1dwsAAAAAAACA45sANAAAndarZ0Fsf6dzb3WGsHJubnpn4Lq6ve2eWdesC3NBfuf+Z2vdQR2dExk6/Tbvptur1+ELQEfsC+V+/MbL47v/eWdERCxdtjJWrdkYo04Y2mLvoIH9Yv3GioiIuOLiqTFuzIhDelbfkgMdmJPJZNTU1B5SF+iSPkVR/U4X6cqq7W12XG5sTKa+44iIkgzdnw+l3to9dZFMJtNCwgerrNreoXNPO2V8nHbK+Egmk7F67aZY9taaeHbBH1Odsiurtset/31vfOurNx1yzZ3RvBt2xdb236Vy67aM9x6sqY2Qc/Ou4IdL2ntVbmtj5zt7Ovg9AgAAAAAAAEBExJH//3gGAOCYU1jYMzWu3rYj454zJk9Mjd9evaHdM9es25waD+jftxPVRazbsCU1LirqFZn65m5v1gG6sFfPDDu61rjRI6J8bFlq/qt7Hs24b/jQAanxW6vWH/JzevcuTAsQL3977SHdP2hgv9R4xcq2n79qzcbUOJFIRJ8+RYf0rIh930/zet98e12b+99a2fb6wRKJRIweOSyuuHhq/L9vfSY+94nrUmvrNlSkwt5HypBBBz7fTZu3Rn1DQ5v7m38HQweXpq31bNYdfP8fJGSydv2WVte6SvP32rh5a+zZ0/YfPby54tB+LwEAAAAAAAA4vglAAwDQaX2LD3R7rW7WSbm52bOmpcZvr9oQy5avbvW8XTW18cQzL6Xmp5w4psWen/z8gfjJzx+IXTW1bdbWFBG/ue+J1Pyk8pEt9tQ3NEQymUzNm3chPpxueM/FqfGadZtj6bKVLfaMGTU8Nf7D3PntBkkbG5NpIdqciDj15LGp+d33P9lmd+CIiL31B7o4n3PGSanxQ48932ZA9/6Hnk2NTztlXMageXty3rl3v3seeKrVvXV19fHYU4vaPK/5u2Qy+ZRxMXDAgbDulorqjhXaRcqGD0515K5vaIgnn3251b2r126Klc1C5mdNOTFtfdCAA38o0Dz031xNTW089/yrnSm5Q8qGD45e7wSyk8lkzH3yhVb3vr1qQ9ofPAAAAAAAAABAewSgAQDotJFlg1PjqurMHaBL+xXHmacd6AL9w9t/F8szdH3dsbMm/uPHd6eCtvl5eWn3RURsrqiOlxYvi5cWL4tv/N9b4+l5r0SmSG9dXX3cceeDsX5jReraJRec1WLftoNC20MGlbbYcziMGDYwTps0PjW/855HW7zHjHMnR7+SfQHz+oaGuPW/72019L34T2/GN/7u1rTAd0TEJTPOTI2rqnfEf/1iTuzd2zIYvH5jRXz7e7fHrT/9XeraGZMnRn5eXur5t/3svqirS7+3KSIefHRB2vd50YwzWn/xdlx4/oF716zbnDG0vadub/zwZ79rM5CdTCbjL//vD+P7P/ltVFZtz7hnd+2e2LHzwPffp3fhu6773bq42fve9+CzGYPwFZXb4raf3Zeajz5haPQvLUnbM2Rw/9T4D4/Ob/E91dTUxq3tfGZd6cLzT0+NH3rs+XjxlWUt9mzaUhU/uuO+FtcBAAAAAAAAoC153V0AAADZb9QJQ1Pj6m2ZA9AREdddNSOWLlsZtXvqoq6uPm659a6YOH5kjBk1LJLJZGzbvisWvvx6qhtzfl5e/OWXPhx5eblp5+zcWRP5eXmpzs133vtY/Pq+J2LEsIExdtTwSOQmYufO3fHHpW+mhUA/8aGrYmTZkBZ1NQ9ADygtiUTiyP2d4PuuuTAWL3kzIiIqq7bHwpdeS+u6nEgk4s8+Mju+94M7IyJi+Yq18VeKfFAXAAAgAElEQVR/f1tMO2dSDH6nc/GWyup4Y8Xa2LipMiIi5r2wJN579czoWdAjIiLGjRkR08+ZFPNeWBIRES8tXhbL3lwdZ5w6IYYPHRDbd9bs68r95oGu3BVbt8XA/n2joCA//uwjV8WPbr8/IiKWLlsZ3/p/P44zTpsYw4cMiK3V22PJa2+nhcynnzMpxo0e8a4/k/FjRsQZp02MlxbvC8w+/syi+NPrK2LyKeOjuE9RVG7dFi8uXhY1NbWRSCTSunc3t2jxsqjdU7ev5n/8cUw6aWyUDR8UQwb1j4Ie+bFhU0U89sxLqd+RfiV9YtiQAe+67nfr8ovPiQWLlkZFZXUkk8n4/k9+G5NOHBNjRw+PHvn5sWb95rR/F4lEIm7+2DUtzrn4/DPi8af3dcTevqMmvvn3P4wLpp8WuYlE7Ni5Oxa+8lqLUPThdOWl58a8F16N7TtqIiLip794IOa98GqUjy2LRG4iNm7aGi++8nqr3x8AAAAAAAAAtEYAGgCATisbPig13lxRHY2NycjNbRki7l9aEt/+65vjP//rnli5ZmNERCx7c3Va8Ha//eHnEcMGtVgbN2ZE/PPffi5+c98T8cJLSyNiX7ffNes2x5p1mzPW+Jmbro0pk8ozrq16p5aI9DD3kTCgtCSmnT0p5i/cF07+zf1PxFlTJqaFsMePGRE3f+yauP1XD0Z9Q0PUNzTE0/NeafXMC6ad1iI0/qH3zoqGhmTq86qpqY1nFizOeP9JE0alwtMREVMmlceN118Sd937WERE7Ny1O5567uWM9559+knxoffO6sCbt+2mD14RNTW1qd+NzRXV8ciTC9P2JBKJ+OoXbozvfP9XGc8YPnRgDB86MBXOXvLailjy2oqMexOJRHz+k9d1uu53I5FIxNe+8MH41x/eFZu2VEVExJLX344lr7/dYm9BQX588eb3R2m/4hZrpf2K44pLpsZDjz0fERG1e+ri4cdfSNuTn5cXH3rfpXHHXQ8dhjdJl5ebG9/4iw/H//f9X6ZC0Jn+vQ8c0C+uvGTqEakJAAAAAAAAgGODADQAAJ1W2KtnDB7YLzZXVEdExIpV66N8bFnGvUVFveIbX/xwPPTY87H4T2/Gug0VLTrAnjZpfLznivNjyOD+rT6zqLBnfOJDV8aF502JZxb8MVav3RQbN29tcdakE8fE5ZdMjbGjhrd6VvNQ7ORTxrX7vl3tPVeeH88vWhrJZDJqampj0eJlcfbpJ6XtOWPyhDixfGT89vdPxdJlb6cCpfuVFBfF2FEj4rrZM2Jg/74tnpGbm4hPfOjKOP3U8pj75Avx9qoNaev5eXkxYtjAuPaK82Ni+cgW98+cPiXGjhoef3h0fqpjdXOjyobE5ZdMjdNOGZ/xHXv0OPCfHvn57f9nSH5eXnzpM++PZ+YvjgcfW5D2vkVFvWLi+JExa+ZZMXhQaer6waHv4UMHxv/+2k2xaPGyePjx52Pzluqob2ho8Zzzpp4aV1wyNYr7FLVb1+FSUlwU3/raTfHUc6/Eo08tbPH95uflxYzpp8VlF57dZp3XXnF+jCwbEr+8+5HYuWt36npBQX5MGDcyrrn8vGhsbDxwvUd+izMK0r6rluvN5TbrwJ3IyWmx3r+0JP72G38WDz32fDz13Ctpn/+A0pI4ccKouOby8+KtleuaPdN/pgIAAAAAAADQtpympqam7i4CADiyVq9aHznvBNU6+zNt3PxadGB/G+OOzFu71t5aW/d0VGfO6FV4bIb7Hnx0Qfz+4eciIuLSmWfFe6+e2eF7K6u2R1X1jigp7h39+xW3CLIeisqq7bFr1+4oKekdJX16RyLR9neVTDbFn//lLakQ53/805ejR4ZQ6NGmsTEZmyuqIplsiiGDSyMv99A+s4bGxqjetjPq6uqjpLgo+vQu7PC9yWRTbN+xK2p210Z+fn6nv7OO2F27Jyoqt0Wf3oUZux93VF1dfVRt2xHJZDJK+xZHr14FXVhl19lTtze2Vm2PnJyc6NO78JC+n/3qGxpi85aqKCjokTEUf6Q1RcT2Hbti27adMWhgvyjs1bO7SwIAAAAAAACOY7W7G9rfxGHUufiyADQAHIcEoAWgD4fKqu3xrX/8cUREDBzQL/7hrz7VzRV1zPIVa+OWW++KiIiJ5SPjy5+5oZsrAgAAAAAAAAAONwHo7ta5+HKii6oAAOA4N6C0JIYMKo2IiIrK6ti0eWs3V9Qxz8xfnBqfd86p3VgJAAAAAAAAAAAdIQANAECXufry81Ljp5sFi49We+vr4+VXl0dERFFRrzhj8oRurggAAAAAAAAAgPYIQAMA0GVOnzwhSoqLIiJi/otLoqmpc/93JYfbS4vfiGQyGRERV182PXJycrq5IgAAAAAAAAAA2iMADQBAl8mJA12gR44YEnV767u3oHb06JEfvXoWREFBfpw39dTuLgcAAAAAAAAAgA7IaTra2/IBAF1u9ar1qU63nf2ZNm5+LTqwv41xR+atXWtvrSu6/HbmjF6FeZ1+/tEsmWyKurq90atXQXeX0iFNTU2xfUdN9C3p3d2lAAAAAAAAAABHSO3uhu4u4TjXufiyDtAAAHSpRCIna8LPEfvC7MLPAAAAAAAAAADZQwAaAAAAAAAAAAAAAMgaAtAAAAAAAAAAAAAAQNYQgAYAAAAAAAAAAAAAsoYANAAAAAAAAAAAAACQNQSgAQAAAAAAAAAAAICsIQANAAAAAAAAAAAAAGQNAWgAAAAAAAAAAAAAIGsIQAMAAAAAAAAAAAAAWUMAGgAAAAAAAAAAAADIGgLQAAAAAAAAAAAAAEDWEIAGAAAAAAAAAAAAALKGADQAAAAAAAAAAAAAkDUEoAEAAAAAAAAAAACArCEADQAAAAAAAAAAAABkDQFoAAAAAAAAAAAAACBrCEADAAAAAAAAAAAAAFlDABoAAAAAAAAAAAAAyBoC0AAAAAAAAAAAAABA1hCABgAAAAAAAAAAAACyhgA0AAAAAAAAAAAAAJA1BKABAAAAAAAAAAAAgKwhAA0AAAAAAAAAAAAAZA0BaAAAAAAAAAAAAAAgawhAAwAAAAAAAAAAAABZQwAaAAAAAAAAAAAAAMgaAtAAAAAAAAAAAAAAQNYQgAYAAAAAAAAAAAAAsoYANAAAAAAAAAAAAACQNQSgAQAAAAAAAAAAAICsIQANAAAAAAAAAAAAAGQNAWgAAAAAAAAAAAAAIGsIQAMAAAAAAAAAAAAAWUMAGgAAAAAAAAAAAADIGgLQAAAAAAAAAAAAAEDWEIAGAAAAAAAAAAAAALKGADQAAAAAAAAAAAAAkDUEoAEAAAAAAAAAAACArCEADQD/P3v3GR3Heef5/odGI+ecMwECzFFMIimJIkVS0baSJcuyPQ6z9o49692z4e655549e++Lmd2d3ZndcbYlS7ItUVaiLIYRg5hzAkiCBImcc26ACN33RROFbnQ32CABAhC/n3N01NWVngZYjaeqfvV/AAAAAAAAAAAAAAAAAACzBgFoAAAAAAAAAAAAAAAAAAAAALMGAWgAAAAAAAAAAAAAAAAAAAAAswYBaAAAAAAAAAAAAAAAAAAAAACzBgFoAAAAAAAAAAAAAAAAAAAAALMGAWgAAAAAAAAAAAAAAAAAAAAAswYBaAAAAAAAAAAAAAAAAAAAAACzBgFoAAAAAAAAAAAAAAAAAAAAALMGAWgAAAAAAAAAAAAAAAAAAAAAswYBaAAAAAAAAAAAAAAAAAAAAACzBgFoAAAAAAAAAAAAAAAAAAAAALMGAWgAAAAAAAAAAAAAAAAAAAAAswYBaAAAAAAAAAAAAAAAAAAAAACzBgFoAAAAAAAAAAAAAAAAAAAAALMGAWgAAAAAAAAAAAAAAAAAAAAAswYBaAAAAAAAAAAAAAAAAAAAAACzhnm6GwAAAPCgaWzumO4mAAAAAAAAAAAAAAAAPNDCQ0Knuwm4B1SABgAAAAAAAAAAAAAAAAAAADBrEIAGAAAAAAAAAAAAAAAAAAAAMGsQgAYAAAAAAAAAAAAAAAAAAAAwaxCABgAAAAAAAAAAAAAAAAAAADBrEIAGAAAAAAAAAAAAAAAAAAAAMGsQgAYAAAAAAAAAAAAAAAAAAAAwaxCABgAAAAAAAAAAAAAAAAAAADBrEIAGAAAAAAAAAAAAAAAAAAAAMGsQgAYAAAAAAAAAAAAAAAAAAAAwaxCABgAAAAAAAAAAAAAAAAAAADBrEIAGAAAAAAAAAAAAAAAAAAAAMGsQgAYAAAAAAAAAAAAAAAAAAAAwaxCABgAAAAAAAAAAAAAAAAAAADBrEIAGAAAAAAAAAAAAAAAAAAAAMGsQgAYAAAAAAAAAAAAAAAAAAAAwaxCABgAAAAAAAAAAAAAAAAAAADBrEIAGAAAAAAAAAAAAAAAAAAAAMGsQgAYAAAAAAAAAAAAAAAAAAAAwaxCABgAAAAAAAAAAAAAAAAAAADBrEIAGAAAAAAAAAAAAAAAAAAAAMGsQgAYAAAAAAAAAAAAAAAAAAAAwaxCABgAAAAAAAAAAAAAAAAAAADBrEIAGAAAAAAAAAAAAAAAAAAAAMGsQgAYAAAAAAAAAAAAAAAAAAAAwaxCABgAAAAAAAAAAAAAAAAAAADBrEIAGAAAAAAAAAAAAAAAAAAAAMGsQgAYAAAAAAAAAAAAAAAAAAAAwaxCABgAAAAAAAAAAAAAAAAAAADBrEIAGAAAAAAAAAAAAAAAAAAAAMGsQgAYAAAAAAAAAAAAAAAAAAAAwaxCABgAAAAAAAAAAAAAAAAAAADBrmKe7AQAAAAAAzAR9/bfU3t7l1bK+vr5KiI9WZ1ePLhSVGO8vWZCnyIjQqWripLHZpANHzmp+fpYS42PcLtPdY1FTc5u6e/sUHRmmxPgY+fv73dX+bg0MqrW1Q5IUGhqs8LAQ79a7NaDWtk5JUlhYiMJCgyVJFy/fUEdntyQpMjxUSxbmed2WhsZWWa1WSVJcbJT8/Ly7NNJr6Vfn7X0GBgUoOjJcktTZ1aPe3j5JE/ts7tTVN6uktFqPPLzsrrcBAAAAzybS55ekmOgIBQT4T2GLJs5qtaqhsdWYTkqMk4/PNDYIAAAAAABgmhCABgAAAABAUllFrXZ8vN/r5f/zT7+ltvYuHTxyzngvKjJMkRG5U9G8SVVUfFOHj1/Q4eMXtH3zWq1aPt+Y19d3S5/uPaIr18qd1jGbffX0Ew9PKGw8orqmQW/v2CNJCg8L0U9/+IpXIY2//MsxFV65KUnauG6ZHlu/XJJ04nSRGprsoY+Q4KAJtennb3xovP7GC1uVm5Pm1XrHTxfq6MlLkqTYmEj9zfdekCQdOHJOF2+H4DPSEvWdV5/2ui2ODp+4qP2HzkiSkhNjlTcn/a62AwAAAM8m2uf/+te2KD83YwpbNHF9/QP65e8/NqZ/8PpzSk6Km8YWAQAAAAAATA8C0AAAAAAA3AXbNOyzsrpBxSUVkuxha8fgsresNpv27DtpTKenJDjNf+u9XapraHFZb2hoWB99dkgx0RFKG7PORHR19+rS5ZI7hpbbOrqM8PNMYLNN7W/c8few6/PjBKABAADglek4L5ntunssOnaq0Jh+4rFV8qGMNgAAAAAAsw4BaAAAAAAA3FixJF+S55vgvr4mBQb4Kz42yngvNDhoStt07UaFTpwpkiTFx0bdVQD6cnGpei19kqTAAH8lJcYa8+rqm53Cz89u26CsjGTtO3Ral4vLJEkXi0ruKQAtSXsPnNKi+XNkMpk8LrNn/0mP85ITY2W1WiVJkZFh99SWmSI9LVFms6+GhobV3tmtkptVhKABAACm2J3600kJMfepJbifmprbjPMqSdry2KpxzvwAAAAAAMBMRQAaAAAAAAA3nnri4TtWAUtKjNWPvvv8fWrR5Dhz/qrxet7cLKd5NfVNxuuEuGgtWzxXkrR+zRIjAN3e2XPPbbD09evMhWKPgZPG5jZdv1Hpcf1nt2+45zbMNCYfH82dk64r18olSafPXyUADQAAMMW2b1473U0AAAAAAADAXfJcagkAAAAAANyR1WYz/rvT+1arVdW1jSq+XuGyne4ei0rLa1Rd26hbtwac5tlub8fmuC2H7Y/dtyc9vX2qqmk0phfOy3GaHxMV4bTsyP6u36wy3s/NTvVqX3ey79AZDQ0Nu523e9+Jcde1OXzu8T56V3evbpZVy2Lpn1DbrFarKqsbVN/Q4vQzvxfDw1ZVVterurZRAwODbpdZWDDHeH2jrFq3PCwHAACA+8tmk0P/c7R/2NrWqdLyGvX3D7isMzA4pMrqetXWN2twcMjNNm1ut9nS1qGKqnq360xUR2ePbpRVGyPATBZ35yEDA4Mqr6xTY1Ob2z56S1uHyipq1dnl3QOVnV09ulFarfaO7gm1Y3BwSFU1jaqqaXD5vRi/R+uYczerdULnVQAAAAAAYGagAjQAAAAAAHep19Kvv/+nt43pH/3V84qPi5Ik/cM//1HdPRZJ0qsvPKGbZTU6d+maEfr9zz/9lvz9/XTu0jXt+vy4Sxg4PCxEWzet1vz8bP3stx+oqaXdaX5La4f+y9/9RpIUHBSo//CT1+7Y3srqeuO1yWRSZnqS0/y0lASHz9anPftPyGTy1fHThcb7CwqcQ9N3a2BgUMdPF2rD2qVO79fUNam8sm7cdT/edVgXi0okSTlZqfrmS9uc5h89eUmnzl1RV3ev8V5EeKjLcmO1d3Tr412HVFXTKKvVKsn+c1q1fL5MprsbFLu0vEb7D59VbX2z0/vZmcl6/plNCgkONN6bMyZcXlPbqJysyQmcAwAA4O5dLi7Vn3cekCSFBAfpue0b9N7H+5z68InxMfrON57W8NCw3nl/j0v/75lt67V8cb4x7dinzctJV35ehst5QWpyvLZvXquUpDiv29rdY9HOPUdUUVXv9OBdSHCQ8uak6aktD8ts9pUk/Y9//qPRZ87NTtM3Xtzqsr3ikgq9++Hnkux94//4k9f0v3/9vnGu88y29bpcXKayilpjHbPZV9s3r9Xyxfk6ff6qPv/itFNbkhNj9crzTygsNNhpX0PDw/ps7zFdu1EpS1+/0/ae3b5Bi+aNPjDo7lxs554jqq5tdNrmiiX52rZ5rcy+vtp74KROnCly+Yz/9b/9znj90x9+XRHhoS7LAAAAAACAmYcANAAAAAAAbnR09sjHx33oNcDfT0FBAS7vDw65r9K2c/cRIyAwwtLXry+OndexU4Vu1+nq7tWOj/frpefuLnjrTmt7l/E6MiJUJpPzwFD+/n7a9vgaowLzybNXnOY/uWWtwkKD1djcpms3KiVJuVmpSp5AIMPRoeMXtGrFAgX4+xnv7fr8uPHabPb1WCV6xNCYn/mpc1f0+RenXZbr7OrRz9/40ON2+vpv6bfv7HT5PVmtVrchCW9UVNXrrfd2u51XVlGn//WLd/Vvf/iKAgP9JUl+fmaFhQYbbWht7yQADQAAMIXG9v0c+ZpMCnZ4WG1Er6VPf/jzXpf3G5pa9da7u9TdY3Fb5Xjn7iNKSYpTYnyMy7yb5TUqKa1yeb+mrkm/+8On+pvvvajIiDuHcnt6Lfrlmx+5/Vy9lj5dKCxRc0uHvv3qUzL7+mrFkgIdOHJWkoxK0SHBQU7rOZ6vLMjPVkCAv8vnGmtoaFg7dx9RbV2zzl265jK/rqFFH312yOkBRavVqnd27HH7MOTQ0LA+2HlQHR3dLg9Qjvj5Gx8aDzE6OnvxmkJDgvXo+uVu1wMAAAAAALMXAWgAAAC4ZbPZVFldp4bGFrV3dKmvv99liFBvmUw+CgoMVFRkuBITYpWRluwxVAgAM8X/+sW7HuctWzRXz27f4PW2HAMIc7JTFRMVIbPZV6fOjQaMF82fo0Xz5xhDR5+5UCyTyaTcnDT1DwyoqblNpeW1RiVof38/LV88V5IUPCak4ElrW6fxOjwsxO0yudlp2q0TTu+ZTCa9+vwWzclOkyRdvVauL46dlyRFR4ZPKACdkhQnk8mk6tpGDQ0N69Cx89ry6CpJUllFrVEpLyw0WHPnZOjsxWKvt11V0+gUoPb399PDqxYrMNBfhVduqqauyWl5m0b/rv3xz3udfk9zczM0JytVnV09On66yClMYfNiaOyWtg79/t1dxnRyYqxWr1ygoaFhHTl+Ue2d3RoYGNS+Q6f11BMPG8uFhjgEoB1+XwAAAJh8//3//MHjvIjwUP30h1/3OH/R/DkKDQnW2YvFRnXjkf5mRHioli/O183yalXVjFYkPnaqUF97+lGXbY30NZctmqvkpDjV1TfrfOF1Sfbw72/f2amf/vDr415Lsdps+sUbzuHndasWKTYmUlU1DbpQWGK08d0PPtc3Xtyqh5bNMwLQknT2wjVtXDcaMG7r6HKqqLx+7RK3+w4LDdaKpQWqqKp3CjCPhJ+XLZqrgAB/nbt0zfhZlZbXqLvHYlSB/njXYWNd+ygs85STlaqr18qNn8XBo+e1dNFcl8rRIz/DqIgwLV00V/WNLSouqTDmHT11SY+uX66CvAxJNrW2d6nk5mjgfPWK+cbPNnBMwBsAAAAAAMxcBKABAADgouRmha7dKHcanvReWK029Vr61GvpU01dowqvlCg/N0t5czInZfsAMBs8sm6Z1qxcaFT7bW3rdKpu/MzW9fLzs5+mz8/P1sZ1y1Rb3yw/P7OWLbIHnfceOGkEoCPDQ7V105oJteFOAejCqzf1wc6DLu9brVZZ+m653U58bNSE2iBJT21ZZ1RjPnHmstatWqyQ4EB95hBe3rppjSqr6ye03eKScuO1yWTS3/71ywq5XbXvoWXz9dZ7u5yG5h4xNDTsFExZt2qREcqWpAUFOfrFONWj3blyrdwIsgQG+Ov7rz9nhCrmZKXqH372J0nSuUvXnQLQYWHBqr/dlNa2LgEAAGDmWbV8vrZvXitJmjc3U795e6cxz2Qy6cfff1Fms682rluqn/32AzU2t0mSWlo7PG7z2e0bjH6/lhYoLSVBn+w+LMk+OkxzS4fi4zz3vRsaWpzCz99+5SllpidJsgeQ42OjtPfAKUn2as9DQ8MKCgrQ4gW5unT5hiTp5NnL2rB2qUZy1ifPXDa2l5oc77Hv/6PvPq+gwABpnfSbt3c6haY3rl2qxzaskCTl5aQ5PSTY2tapsNBg2Ww2FV0tNd7f9vhqPbRsviT7A5oDg4O6XFwmq9WqC0Ul2rDGNYgdHBSoH//gRWOUmy+OntfBo+ck2fv7fX23lJGWpIy0JJWW1zgFoJ/YtEYmHtQHAAAAAGDWIQANAAAAw61bAzp9vkiNTa2SpOTEOOXmpCs5KU4RYaHy9TXd1XaHh63q7O5RXX2zbpRWqa6hWYVXStTY3KqHli10GT4VAGaCubkZHm+C52SlTmhbwUGBLkMux0RHKDgoUJa+fknSP/1qhx5aNk/ZmSlKSohRWGiw8nMz7q7xHrS1jwZqxwagS8trnMLP0VHh8jObjbDGB58elMlk0oKCbJU6hIhjYiIm1AabzabEhBjl52XqWkmFrFarDh45q5ysVCMQEh0VrgUF2RMOQDuGmFcuLTDCz5Lk4yNt2rDCbQC6rqHFafqRdcucppMSYpSWkuAU5LiTiqrRynfpaYku1afNZl8NDQ3LarU6Vb4LDx39vbS2UwEaAABgKi0oyPY4LzIizOO8+fmj640dDSUrI1lms6/DdJLRp3YMKDsKDPDX0oVznd5bumiu9h44qf5bA5Kk6rrGcQPQ5VWjfefYmEgj/Dxi1fIF+vyLM8ZDerX1TcpIS9L61YuNALSlr1/llbXKzkzR0PCwUcFZklNlaEcpSXH28PPI501Pcuo3z3f4GaemJDit29XdK0lqbGpzGnElNjrSaRuOv4vm2w+EjrV0UZ4RfpbsI++MBKBH9hUUFOBuVQAAAAAAMEsRgAYAAIAke/j5yIlz6ujsVmhosNavXqLszIkF/Dzx9TUpOjJc0ZHhWlCQo7KKGh05eVGNTa06cuKc1q9ZTggawIzz9a9uHneI6YlYND/H7fvrVi3S51+clmS/Ib/v0Bnp0BmZTCatWblAG9YsNSpGT4a+/tEqzo7hYEn6ZPcR43VKUpy+/cpTstls+vVbnxhVp9//ZL9q6hqN0HZ0VLjMvr66G9s2rda128NSn7lQ7FTx7akt6+5qmw23H+CRpIT4aJf5nirWOYaTAwP85e/v57JMYnz0hALQjmHskptVThXmxmrv6DIC0I6/l57ePq/3BwAAgIl74dlNd7VeeupokNfXZJK/v58xitacMQ9LRoSHGq+Hh61yJyY6QmNPPXx8pLjYKKMPWl3bqOWL8z22qbxy9AE8d/1eX1+TQkOCjNBxRXWDMtKSFBcbpdTkeKNPfPx0kbIzU1R0pdQYsSYsNFi52elu9zv284Y5PGhpNvsqIW60X+7vZ5bJZDLCziP/r6xpcNqGY5XosRxHo3GUn+s8ytjYALtjwBoAAAAAAHw5EIAGAACAJOn0+SJ1dHYrMT5G2x5fp+AxwbjJlJ2ZqsT4WO3ed0wNTa06fb5I69csv/OKADBLhQQHuX3/4dWLlZOVqn85eMqpMrHVatWxU4U6de6KfvKDl1yqNd+twAB/I7xs6RsNQ/f09qmzq8eYfvTh5fLzs18y+O5rz+gXb35kVI8+4TAM9vrVrkNPeysyIkwrluTr7EV7VbmRynbJibETrrA9wuzra4Q0hoeHXeZbrTanaR/ZUyb+/qOXR6w252VGOIZVJhqMDwsNVpyH8LWPj4/T31zHkLpjJT0AAADMDCaTadz+oGP1Z2/ZPPRBJ8Jxv576tI778XWolrxx7VL94c97JUk3yqrVa+nT8dOFxvz1a5a4BLTd7Xcsx4rM4xkbTs7OTPG4bGpyvNv373bUMgAAAAAAMHsRgAYAAIBKblaosalVoaHBUx5+HhEcHKhtj6/T+zv3qbGpVSU3K5Q3J/POKwLAl0xSQoxef9+brcQAACAASURBVHm7BgeHVFPXpMIrN3Xx8g1ZrVYNDQ3r+Okibd20WpJz8LbX0j/hfUVFhhkB6O7bld/s23KuNOxYPTkgwF/f/+Zz+vkbHzqFpM1mXy1ekDvhNjjatGGlzheWOAUenrzL6s+SffjxkSB5dW2THlo232l+fWOL07RN9gBIWvJoBb+BgUF191iMiswj6hpG1/UmoBIbHWlUpF44b46eeGyVV5+h0+H3EhMd4dU6AAAAmN2aWtpltVqdAsM2m03Nt0dikaS0lAR3qxqyMpJVfHuElfqGFpf5I/1cx+VH5OakKyQ4yDgv+GT3EWMUGLPZV8sWzb2LT+W9xPgYp+lXvrbFeCBzKowNsFssfQoNCfawNAAAAAAAmKl4HBoAAOABZ7PZdO1GuSR7Jc/7EX4eERwcaFQPvXajfFIqHj3IqmsbjSFrx9N/a0BnLxbr1u3heQFMn12fH1djc5skyc/PrKyMZD27fYOWLcozlmltHx3iOSoy3Hjda+lTW0fXhPbnGKjt6hkN2sbHRjlVbjt9/qrTeoGB/po3N8vpvaGhYVWNGaraG45f9fa/A4uN6ezMZI8V3byR7hAKKbxy0whtSNLQ8LD2Hjjldr24OOfqzLv3HXdq542yaiPM7K20lNHPcfLsZZffldVq1cmzl1Vb3+z0vmMwPZYANDBjDQ0P6/yl607V4T0pr6xTeWXdfWgV8ODimMRsNzQ0rGOnCp3eO3HmsjFKinTnAHRmepLxurOrR1eulTnNP3DknNN0UsJo6NjHR1q/ZrRffv1GpfF65dJ5UxpGlpwfwJSkPftPulSxbm7t0IHDZydlf5GRYU7TxSWVHpbERFy5VqYuh/MZT1rbOnXp8o370CI8SOgLAJhsfK8AADA7UAEaAADgAVdZXaeBgUElJ8YpOzP1vu8/OzNVyYlxqmtoVmV1nTLTPQ9zivHtP3xWVqtN33n1KY/L9N8a0Fvv7lJtfbMuFt3Qay9tU4C/331sJYARVTUNOnXuik6du6LM9CSlpSQoNCRIXd29uuhwMzgxbjQMkJwY67SNX//+Ey2cl6OE+GgtWzR33KG4JXtV4hFd3aPV33x8fJSfm6HLxfaQxJETF3Xu4jXl5qTJ12TSzfIatzey33pvt7719SeVkZY4sQ/vYP2aJcb6Y4MPE7Vwfo4On7hoVJT++e8+1OIFc+Tv56fikgqPN+NNPj5avCDXuAl/5Vq5Wlo/UHZmsrp7LMbPZSIeXb9CF4pKNDQ0LKvVqn/8xXuKj41S3px09fRYdKOsRr2WPuVkpeqbL20z1nOsyvegVYAur6xTWUWtMtOTlJN1//skwETU1jXrk92HFRUZ5lRBc6xLV27oo78cko+krz79qBbOy7l/jQQeIByTuFu/+v3H487f9viaOwaPJ8u+Q2dUVlmrxPgYNTa3q7S8xpgXFRGmuJjIcdaW4mOjlRAXbTxguePj/SrIK1VUZJiqa5tUXdtoLLt0UZ5TtWlJWr44X/9y8LTT6CyStPahhff60e4oOChQD69erKMnL0mSzl4s1sXLJSrIzVR4eIjqG1tUVmEPFS0oyFH8mAcYJyoyIkwmk8n4rLs+P66qmgalJsdrfn62QkOC7u0DPaDe/+SANq5dqkfXL/e4TGNTm97802ey9PWrtr5Z2zevvY8txJcZfQEAk43vFQAAZgcC0AAAAA+4hkb7sKi5OenT1obcnHTVNTSrobFlRgSg+/pvqb19tFJnYmKsTHcIFY7otfSrs7NbkhQYFKBoh2qtU81ms7ncqHTkGH6W7BWj335vNyFoYJrcLK81XldU1auiqt5lmfCwEG18eJkxnZIUp5ysVCMMYenr16lzVyRJSxfN1Z2+qaKjRr+TOjq7ZbPZq71J0pOb16mtvUt1t4fLtvT1u63KtWr5fBVdLZWlr19Wq1Vv/ukzfefVp+46GOLnZ560sGtsdKReeX6L3tmxR5K9yvKFwhJjfnhYiMcQ9HPbN6i5pd34/I3NbUZ4RLKHMix9/V63JSQ4UM8//Zh2fLLf+G5uaml3qkotSZXV9cZw58PDVvVaRvcRE/XlCEB/9i/HJElPblk37nJfHDuviqp6lVfV39cA9L383Z+prDabGm7/Ww4ODlJkROi4y7e1d6m//5YkKSwsRGGhDAF/JyMjl1itnkcwGbkJarPZZJP04acHJYmboTNMT69FXV32vw0mk0mJDhVR74bValVD4+ioAUmJcbqXr5SOzh5ZLH0TXi8oKFBRkWG6ePmGOm6fn0SGh2rJwrw7rDmqs6tHvb32fYeGBis8LGTC7bhfOCZxt8aOxjGWY99sKo2Eccsq6oyg74jAAH/91WvP3PFhRx8f6buvPaNfv/WJ0ecsLqlwWa4gL1PPbtvo8r6/v59WLMl3Gg1mbm7GfTv2H9uwQmUVtUZ/fGhoWEXFpS7LXb9Zec8BaJOPj7Y8+pD27D8pyf7dXXjlpgqv3FRsdIRCeRjvrtzpupRj+FmScS47HSFoq82m5mb7+Z/J10cJsdGKjYl0GhnpXjmeZ/j5+93xIQZvDA0Nq+n2eaqPj4+Sxjwk7chms6n+9vEkSbExkfK/x+t/Xxw7b7zOTEtyqjw/3egLwBv349j/sriX84gvC75Xvny6unvVc7v4RGRkmIKD7t+IuJL9HPtC0ei16iUL8u54zQ4AcGcEoAEAAB5w7R32C/HJSXHT1oaRfY+0ZbqVVdRqx8f7jen/9LevKzDQ36t1j58uNCoWxcZE6m++98KUtHGiRsLP9Y2tWrGkQGcvFmvl0gKdu3iNEDRwm6/v/b3Z8dj65cpKT9K+Q2dU19DicqN43twsbXl0lcxj2vXyVx7XvkNndO7SNQ0NDUuyBya8CWymp46GlIeGhlVd26D0VHv15eDgQH3v9ed08PBZXblerta2TmPZwAB/paUkaOvjqxUbHam1Dy3Sz3/3gfpvDchqtep3f/iL/uZ7LzgFrD0xmbxPgfn6mty+Hk9udppe/spmnThbpMrqhtv7NCk9NUEvPrdJf/9P7xjL+jhExk0mk7758nbt++K0iksq1Xs7bBYWGqwNa5eqp8eiQ8cv2NfzMslWMDdTf/vXL+nTPUdVXlVn/L4ke6B60fwcPbJuuVF9r7SixunfQUry9P1tnkxt7Xf++97dY1FldYOWLMzTpaISdXX33rewzb383Z+pbt0a0C9vV7Q0mUz68fdfVNSYod4dfbL7sPEQxsOrF2vzIw/dl3Z+mY3cBE1LSdDAwKB8TD4y+/pyM3QGOnvhmg4ePSdJMpt99X//u+/c0/b6+kePP0n6wevP3dO51v5DZ1R49eaE14sID9VPf/h1nThdpIYmeyA7JDhoQsGFA0fO6eLtm7MZaYn6zqtPT7gdMwXHJEZMtM/vbR/UsS8+tr/ruE9P20tLidf6NUv02d5jar8dNjKbfZWbnabHNqzw+uEkf38/ffebz2r/oTMqrahVS2vH7TaZlBgfrbm5Gdq4dqnHBzPyctKdAtAb1y71ar+OHD+/u3MUk8lHI11ek2N/32TSD771FZ27dE0Hj5xzGhnFZDIpIS5amx9Z6fWDcmN/D2MrXq9esVBms1kHDp91etAxKDDAq+1jYkbCzyaTSfPmZunq9XKtWj7/voegm1va9f4nB5wednUUHRWu7ZvXKjc77Z73dbOsRn/eeUCS/d/f//Pv/+qet9nW0eXUz/jJD17yeB4+ODjktOzrL29Xdua9FZ44eOSc8XrR/DkzKgB9J/QFHmz389j/sriX84gHBd8rs8/v3vnU6GsX5GXq5a9uvq/7b2vvcvpbGhUZpsiI3PvaBgD4MiIADQAA8IDr67ff5IkIm76njEf2PdKW2WykKsBM4hh+fuHZxxTg76+zF4u1oCBHGWlJ+vDTg4SgAUn5uRn6L//xexNaJyQ40OM6/+5fv3rH9bMykvW9bz4rServH1B3r0UB/n4KCw32GLL19/fT9s1rtX3zWnX3WNTXf8vrYzciPFRJCbGqv139/3JxmRGAluwBhU0bV2rTxpWy2mxqbetUSFCggoOdq2FERoTqP/2b173apyTNyU6b8M9WkrZuWqOtm9a4vP+VJzfqK0+6Vq0bUTA3UwVzMzU0PKz2jm7FRkcYP8/x2hEUGKCnt67X01vXq7OrR35ms9Nnf2zDigm3JSI8VN94caskyWLpV3evRdGR4fLzc70kc7m4zHidmZ5036uQTKer18sV4O+nTRtW6FJRia5eL9fqFQumu1nTbv/hsxocHJIkPbRsnlcPGYxltVr11nu79KPvPu/yQAWmhuNN0Nde3Kq33tstX1+TXvnaFr29Yw83Qx8wM+/sYFRldYNRHTYqMkyrls+f5hZNDY5JOLqbPr9k//cx3r+R8frGq5bP9+r4ys1O09/+q5c1MDCorp5exUa7rxY73jmIJAXcPl+Q7A89dnX3KjIi1CUA7M7pC6Ph54S4aKV4eIBjvHOdFUsKtGJJgcf5d3rQZPnifC1fnC+r1aq29i75+ZkVEe56zepOP4fgoPHn+/hIK5cWaOXSAvX131J3j0Vms68i3ewL98Yx/PztV540Rhoa+Xd6v0LQV66V6c87D45bpbqtvUvv7NijtJQEffvVp+TrxXEznWbSdcjJOHeZKvQFHmxfxmMf04/vldmnrKLWCD9L9pFSJrsAQ3ePRcdOFRrTTzy2yutCGgCAu0cAGgAA4AE3MnyXt1WNpsLIvscbSgx3Z2z4ed7cLJWW1xrzRy7AEYIGpl9goP+Eq86GhQZ7XQ1uxMplBdq5+4gke+DW001mk4/PpAzRO53Mvr53/RnchSzuVXCwa5h8hM3mPET5yqXzJn3/M9nl4lLlZKUoPCxEyUlxunKt7IEPQFttNh2+XXVcknKzU+86RNDW3qVPdh3W155+dLKaBw/G3gR1HGY8IMBfr724lZuhmJCM9CQNDQ87vTc4OKQbZdXGdGxMpOJjo5yWGan6npwYa4Q9IsdUgr92o0InzhRJkuJjo76UAWiOScxG/v5+HsPPE2U2+3rdf+jq7lXJzSpjeuO6iVd/nkwmk0mx9+l8JCgwgMrPU2Rs+Hns7/R+haDrG1qcRn2RpJSkOM3JSpXJ16T6xlZVVNap/9aAJKmv/xYBSDcc+xuOv8vJPHeZbPQFHmwc+3dvvPOIBx3fK7PTyMhPjo6evDSpfY+m5jbjHFuStjy2So7x58AAf6e/paHBQZO2bwB4kBGABgAAAL6khoetLuFnd8aGoL/9ylPTGogHMLWWLMjTvxw4pf5bA+q19Km5pV1xY0JTuP9q6ho1MDAoyR5sn5fv/jv7y6iru1fVNY2KjorQ2+/tVnePRd3dverusUw44A/PCq/cVFZ6spYtnjvdTfnSKr5e4fEm6IixN0PNZl8V5GVOQ2sxW6xYkq8VS/Kd3uu19Ovv/+ltY3rzIw8pPzfD7frPbt8wpe2byTgmgYk5evKS8To4KNDjNQTAW23tXeOGn0c4hqB9fU164rHVk96W4w5hJLPZVz/+/osuD71arVadOHNZ+w6d0WPrl096G74MfvTd56e7CRNCXwAc+3fvQT6PGA/fK7NTU0u7qmoaXd4/c6FYmzauvG9FgZISY2fd31IAmA1INQAAgEnnI4bzwYPBarWqsrpB9Q0tM2rIyRGWvn719PbphWc8h59HLJyXo68+/aha2zrV1d17n1oIYDr4+pr0+CMPGdM3ymqmsTUY4fh72PLYKpkeoOERLxeXySZp4fwcZaQnaX5+lmySrl4vn+6mecVmkzq7elReWaeyilr19FruuM7wsFX1ja26UVqtto4up36EzWavoDZ2eN5hq9X+vs2mu+12fLL7sBqb2u5qXavVqubWDt0sq1Z1baNu3Q7sj2W73UbHdlptNtXVN6uyukHDw67DDvf09qmsolbNLe2yevHh+vsHdLOsWo3NbeMOY3y/VdU2KCcrxeNN0BEjN0PT0xJ106GKL2a+js4e3SirVq+lb8LrDgwMqrK6Xi2tHVPQMs/cHZM2Y3r0eLM6LOfNceiIYxKY/QYGBnXmQrExvfahhQzXjXvW1NKuoKCAccPPI7ZvXqs1KxeqpHRqvocd+8D5uRluR/wxmUxat2qR/tPfftPpOprRPx/zt3N0vm3c+WP19FpunzdMvD8xWdz9zbfabKpvaFFFVb3Ha4Nj15vKc5fJQF8A03HsO67neIz19PapvLJOvZZ+r9vf2dWjG6XVau/o9riMuzbcGhhUeWWdKqrqvd7XWO7OI8a6NTCoyuoGlVXUqrvnztdCJKmv75ZullWrrb1r3OWm6nPdK75XZqdDx84brxcUZCshLlqS/VrX6dujUHhjYGBQZRW1qqlrMgpZSI5/D50PFqvD30PjPS/Pu725/uDpe8pi6VdZRa0aGls1NDTscf2RbbS1d6mktEqNTW0uI1ABwGxABWgAAABggto7uvXxrkOqqmk0LvCbTCatWj5fJtPMuUEYFhqsn/7w614vv3BejhYU5Ih7nMCX3/Il+apvaFHB3EzNyUqb7uZA0qMPL1NyYqyu36jUwoI5092c++pycamSk+L06MP2Sks2m01FV8t05Vq5Vi2fP82t86y6tlGHT1x0Gip+RFREmF54bpNSkuKc3u/q7tV7H+1TTV2TyzpLF+Xp8Y0r1dDYqrd37HGZ/4f39xqvn92+QcsWeV/J2WQyGX2W37+7Sz/565e8qm5jtdl09Vq5jpy4qIamVpf5udlpenb7BqdK3R/vOqyLRSWSpEXz5ygyPFSHT1x0Wm/pojw9t32jauqa9N5H+5wCFsFBgXrl+S1KS0lw2d/x00U6c+Gqy43StQ8t1OZHHpJpmocqnki1woAAf337laemsDWYLN09Fu3cc0QVVfVONzhDgoOUNydNT215WGazr8f1+/r69cs3P1JdQ4vxXmCAvxbOy9GTW9ZNecDQ8ZjMyUrVN1/app/99gM1tbQ7LdfS2qH/8ne/kWQ/Dv/DT16747Y5JoF7s3rFAuXl2Pvi0z3qhclk0vPPPGpM52ZzjoB7l5+b4XGEAne2blo9JdWfJSksLFiNzfYgZFVNowYGh+Tv5/42+dhA2+nzV7Tr8+OS7H////2Pv+E0/y97j+nsRfsDBClJcfr+68+53W59Q4ve3rHHKcgUER6q9WuWaOXSgrv7YHfpH/75j0ZY8StP2vvl5y5ddwoypyTF6eWvblZ4WIjb9bZuWq24mMhJP3eZTPQFMB3H/uXiUv155wFJ9qrT3/3GM/rDn/c6BYSjo8K1ce1SLVmY59KOoeFhfbb3mK7dqJSlbzQsbTb76tntG7Ro3ug1o7Ejw/zkr1/S7s9PqKTUfp0iKiJMw1arcc6dm52mb7y41WWfxSUVevfDz43p/+vfvK5d+064nEeMqKpp1I6P97mEns1mXz2ybpnWrFzodI5ktVq1Z/9JFZdUOJ3/m82+ykhL0lNPrFN0ZPiEPtff/quXXT7H/cD3yuzT02vR5eIyY3r96iVqbu0wjtOjJy9p3apFHs9fbTbpwJGzulxc6nLuGxURpqeeWKeb5bU64VBxfsR//W+/M17/9Idfl9lsdvq3/aO/el7xcaMjM070+oPj901IcJC++fI2/eH9vU7Hmclk0pNb1mrFEue+xsh3zcXLN1weZEpPTdD2x9cqKTHW7c8EAGYaKkADAAAAE9DXf0u/fWenKqrqnS4K2IfKK9KxU4XT2Lp7R/gZeDCYfHz0zLb1ys1O47ifIXx8fJSfm6Fnt294oH4nw1ar8vMytXnjSuM9Hx8fPbllrXKzU2fkCAuSPfz8m7d3ug0/S1J7Z7d+8/ZOp3BDd49F//jL99yGnyXpQmGJfvX7T6akvS8+u8l43Wvp03sf7fNqvcPHL+j9T/a7DT9L0o2yar317i6P6xdeuekSfpbsn/WDTw/qt+986lJdztLXr7fe2+1Scebw8Qvae+Ck2ypRx08X6c0/febNRwImpKfXol+++ZFKblY53XyU7MfShcISvfHHv4xbIentHXucws+S1H9rQGcuFOuT3YenpN2eDA0NTdq2OCaBe5eUEKP5+dman5+t9NTEaW2L2exrtGV+fva4FQ2BqTRV50IFeaNVXbu6e/U/f/YnHTlxUa1tnRPazvBdVkW0Wq361VufuFRx7Ozq0V/2HlXR1dK72u5k+OizQzpzodgl/FRb3zzuecPg4OT1K4CpMt3H/tDQsH711icuQeG29i599NkhXR9zTcFqteqdHXt0vvC6U/h5ZFsf7Dyow8cveNzfm3/8zAgJS/Z7GY6hR0/VZB3vaSwsyFFAgP+YfY8e79dvVum37+x0W/F5aGhY+w6dMYLjkv3B6nfe36tT5664nP8PDQ2rtLxGv3zjI3V0eq5y7e5zAd5y/PedGB+jxIQYzS/IVuDtf+f9twZU6OHvsM0mffgX+3Hn7ty3vbNbb+/YI0vf3Y3qMOhwbN3r9YdeS59++ebHLseZ1WrVp3uOqqqm0en9X77xkc4XXnc7ilNVTaN+8eZHskygYj0ATCcqQAMAgCnDUJn4MvrjmGoNc3MzNCcrVZ1dPTp+usjpYsFMDW0BADBT+JpM2rBmicv7jsPOzkSpyQkKDgqUpa9fKUlxystJV2RkmCqr6o3KKVarVYeOXdD2zWslSUVXS41hJwMD/LXlsVWKjgxXY3ObTp+/qta2Ti1bPFfxcdFas3KBbDabTp4dHYYzb066YqLsFZGS4mMm1N601Hht3bRae/aflCSVltfoyImLWu/mZ+9oyYJcHTxyTpK9z5ORmqigwAAV36gwwt9NLe0quVmlvDnpbrdhMpm0ZuUC9fT2qehqqdFXKrxyU5KUlZGsjNREXSgqUWdXjyT7kKJXrpVp8fxcSdKlKze0//BZY5vz87O0ZEGeauubdfxMkQZuD7tbXFKhgrzMCf1sAE+sNpt+8cZHTn3/dasWKTYmUlU1DbpQaK+GVlPXpHc/+NxtJbUREeGhemjZPJlMPjpzodi4cXqhsESpyQlasSR/aj/MGGseWqim5jaVltcalaD9/f20fLG9OmNwcNC463NMAgBmm4K8TH1x9Jzxd93S1699h85o36EzCgzw15zsVC1ekKs5WalTNoKB1WpVVkayCvIyZbH06+ipS8b5wZ93HlBCfLTiY6PusJWpYTb7avWKBRoYGNT5wutGu2rqmtTU0u6xXVNx7gJMpply7GemJ2ne3Cz19Pbp6MlLxnnxux9+rr/5/gtG9eOPdx1WeWWdpJERJ+cpJytVV6+V63zhdUnSwaPntXTRXLejR4ycU5vNvsrPzVBMVIQeWjZPB46M9t3PXrimjeuWGtNtHV2qrh0NRm5YOzrPnVPnRo/1pIRYrV+zWP5+fqqtb9ax04UaGBjU0kWjla0/+ssXKi2vMaYXFGQrJytVHR3dOnL7Z9F/a0A//92H+rf/+lW3FbrdfS7AGwODQ05/n0aug5l8fLRm5UIdPGq/5vXFkXNasiDXZf3d+44b168kKSY6QksW5MrHx0flVfUqLa9RWGiwli/OV3BQoFrbu5yKJaxeMd+4Vx4Y4K+hYdewsTR51x+sVquyM5OVlZ6sazcqVVvfbMw7dPy8XnvRXsm9sbnNaVSoTRtXKi05Xu2d3bp6rVw3yqqVlpKg4OBAt/sBgJmGADQAAADgpaGhYaenpNetWqQtj64yphcU5OgXb3w4HU0DAAD3kY+P9Pwzjyo0JFgJ8dHG+0sW5Momm3FjwrHqa3lV3ehyC3O1fLE98JiVkazVKxboyrUyZaUnKzg4UFs3rZF1TIhg9fL5yslKves2r1m5UGWVdcaNmH2Hzig9NUEZaUke14mMCNNXntyoOdlpCg0ZDUQuWzxX/+Of/2hUlalvbPUYgH75q5s19/a86KhwI1At2YcJ/tbXn5Rkvwn1X//76NCgLS0dxuuzF4qN13lz0vXic48bryMjwvTxrkOSpBNnighbYtI0NLQ43Xz89itPKTPdfrwsWzRX8bFR2nvglCR7JbWhoWGnoWhHhIeF6Mfff9GYt2r5Av2f37xvhKAvF5fe9wD0yDD0ew+cNG56RoaHauumNV6tzzEJAJhtQoID9ePvv6j3dx5wGcWl/9aALheX6XJxmcxmX730lceVl+O+b3svFs2bo68986gxvWzxXP3Dz/5kTJfcrJq2APSPvvu8EcBcNH+OfvP2TmNe8zgB6PCwkCk5dwEmy0w49hcUZOsFh1GZlizI1T/9aocke1jx+o1KrVm5UDabzaka/LbHV+uhZfMlSbnZaRoYHNTl4jJZrVZdKCpx+zC5yWTSV596RPPzs5wC3YsX5OrS5RuSpJNnL2vD2qVGxf2TZy4by6UkxSk+bvzvIcew9KYNK5Sbk2ZvY06aHl69WIVXbyotJUGSvUDM5eIyY/kNa5Zok8MIYAVzs4z7Kf23BlRT26jszBSvPxdwJ2cdRjgIDPDXvPzRggsPLZ9nBKDbO7tVVlHr8u/v3KVrxuvszGS99tJ2mW4fPOvXLFFtfbN6LX3KSEtSRlqSSstrnL5rnti0xlhekoY8VFSerOsPBXmZevmrmyXZH2b49VufGCPRNTWPBp4rq+uN17Exkcb3Sdbt/dU5BKcBYDagdwAAADyigjPgbOzQ1Y+sW+Y0nZQQY1zcAwAA3rl+o1L/7/94w+W/6RwG2hs5WalG+Lmnt0/NrR2qq29WZHiYsYzjEK6OIcCTZ6/o/U/268q1MvX02ofJnJ+fPeWVVV545jGnKlHvvL/X2L8nSxbmKTQkSDabTZ1dPWpqbldtfbPiHEIQre3uhw82mUya4xB8yBwTtl5QkGO8Npt9FRsTaUx33g5X22xSTd3ojZe0lARV1zYa/zkGs1taJzaMMTCe8irnG4IjNx9HrFq+wOnme219k9vtbFy31OnGpK+vSRsdqqrVzrIbixyTAIDZyt/fT68+/4T+5nsvaMOaJYqKCHNZZmhoWH949+kd+AAAIABJREFUf68OOIx0MFke3bDcaToiPFSL5s0xpitrGiZ9n95IjI8xws+SlJIc79THGam8CsxW033sb9qw0mk6JjrC6frASMGVxqY2p9ElY6MjnfrZkQ7tbnao3Opo3txMLZyX4xISfnj1YuO1pa9f5ZW1kqSh4WGngOfGMfc73Mm7HXiWpHc/+lx79p9UaXmNBgYGZTb7Gg9bSvYqs46faewoVEkJMUpJijOmHc/BvPlcwHhsNpuOnLhoTK95aKFTGDk4KFALCrKN6ZEw9IjmlnZjRARJ2v74Wqf1JRmjwt2rybr+8NCyeU7Tjm1zvP6Xl5NhvG5p7dBv3t6pc5euqaXNXowgOSlOyQ7HJgDMdFSABgAA98QISROWxgNg5Elpyf60uL+/n8syifHRTlUQAADA+JKT4vS1p0croR04cla9vX3KykiexlbdWUVVvfYdOqPa+manG3qOhh2GtlxQkKPd+05oYGBQkoxKU5KUEBetbY+vmfLP7O/vp9df3q6f/e5DWa1WDQwM6p0de+Tv7/kS4ZkLxTp+utCoVuvO8PCw2/eTEmLk6zt6gyY8LMRpfk6Wc2Wd8LAQtbTab7ZYb//sWts6nH6++w+d8diOXsv4YW5gIkaGnpbktuqhr69JoSFBRiX0iuoGtxXV3a3r+N7AwKB6ei0KDXEdwnom4pgEAMx2sTGR2rRxpTZtXKn+/gGVVtToYtENlZSOVmw8cvKSNqxbKrOva3XFu+UYMh4R51Bptbbuzg9FBQb4O0333xrwuGxf/y2n6YAx647Iz81wmjb5+CgkONCoROl4TgPMZtN17Ee5OfaTEmJVXFIhafSew9iHIH7/7i6P22xtc/+g4ZIFeW7fj4+NUmpyvLGv46eLlJ2ZoqIrpUbAMyQ4yKsg5+oVC4xrGUNDwzpxpkgnzhRJsj/4veXRVYqOsn/myurRz+TpfkpCXLTxUGiFw8hZ3nwuYDxXrpXL0jdacflmWY1LkaN2h2tdVTWNanIY9WBsID82ZupGaZis6w9ZGc7X2aIiXR/4kKTIiFBlZyarrMK+35EHLSR7MHzTxpVatniuS+AbAGYqHpECAOABY7PZprsJwKzlGA6yejiWHG8KTFUV9U/3HNEbf/yLbo1zk2PEwMCg3vzTZ/p0z9EpaQsAAPcqLDRYBXmZKsjLlM1qU1Nzu57ZtsGpiuhMU1PXpDf++BdV1zYaQcD42CilpSQoIS7a7Tr+fmb9hx+/pi2PrnIJLjQ2t+nNP32m3fuOT3nb42Kj9NyTG4zp+sYWp5uSjg6fuKi/7D1qhJ/NZl8lxscoIy3RqZK0J+6G43TkZ75zbYaxfa7U5HhlZ6a4/W8qhitu7+jW3/3j215XJL96vVx/949vq73Dc2Acs4Pjv19PfX/H82tfD9XIrFbXdYfGBInMvrOnTgnHJADgf//6fe3Zf9KrZVtaO/Q/f/4nFV69OcWtujuBgf6an5+tV194Qt94YavxvtVqVWl5rVfbGBgc9Go5d9flhx0qS/r73bk/EBbq/EChpxCkJJcHGGOjI9wu5/jA4mxAXwCT4X4e+5J39+TGPljtqY+dnZmiHIeRlhyNN6rUBodRaG6UVavX0qfjpwsd5i/xqs5RWkqC/t2/flUrlhS4VGQuLqnQP/7yPV27USlJ8vW98zmV4+f2dA1hqkfL4nvly2lsRefq2kZdv1Hp9F/TmGrqh46dN16P/btt8/JYvhuTcf3BZDJNqFbZ6y8/qZe/stl4YGGEpa9fn+45op//9gMyBQBmjdlzZRUAAACYZmnJCcbrgYFBdfdYXMI/jk+QT9XFgTnZaTp/6bre3rFHr7241WMFl4GBQb29Y4+qaxu1cmnBlLQFAAB3qmsbNTxsdRmysaKqXr6+JqWlJLis091j0c69R7Rs0VyXKmQzzaXLN4zXCXHR+s6rTysw0P73+F8OnlJjc5vb9cxmX61btUjrVi1SW0eXyipqdeLMZaPq8cmzV7T5kVUym3019p5FzyRWUl08P1cVlfU6X3h93OUuOMxfsaRAT25Za9zg/PnvPjSqwk2lsUGNx9Yv93izdyqEh4UoJjpCH356UJK0cF6Ox2WvXi/X+58cUFJCjEs4BTNXfVOr8drfb7QiWVZGslGVrX5MlShp9HzAcXl36hqaXb4LHYerDQkOMr4/7jfHBzZ7Lf3jLDmKYxIAkJeTruOnC2W1WrV981qPy7W0duiNP34mq9WqlMTpHUb91sCgOjq6lRDv/mFFScrKdP5b3tNr/zvvGErqvzWgoeFhozqszSYj6HcnTc3tLvuvdhhtzt050lg+PlJEeKg6u3okSWcvFmvR/Dlulz17sdh4bTb7erx+OBmm8txlLPoCmIgZcey3tLs8KF1T73jsx0uSEuNjnJZ55Wtb5OfFgxHeystJV0hwkDFKyye7jxjhT5PJpGWL873eVlhosJ7e+rCefGKdGhtbdf1mlU6cKTKq0u8/dEb5uRnKTEs01hkYGJSlr1/BQc5h5vrG0fOxzPTpGQmM75Uvn8rqBuNa20RcLi7TtsfXKDQk2OU8vqGhRclJ4/dnxhZFslj6vBrtabKuP0xUwdxMFczNVK+lX1XVDTp7qVg3y2ok2b+7SstrNCc7bVL2BQBTaXY90gkAAO6Zu+pTALzjOCylJO3ed1yOGecbZdVqcAhQTJWCvEx99elHVVvXpLd37HFbCdox/PyVpzZqfn72lLcLAIARF4tK9Pt3dzlVeiu8elO/f3eXLhaVuCxvs0kffXZIQQEB2vb4mvvZ1LtSXTt6szIiItQIL9ps0oVC188nSaXlNTp+usgYLSI6MlwrlhToe68967RcR1e3JPtNE8fhYa9er5jUz/DU1ocV46EKnGSvOONYNS4+LsoIP3d0dt+XPo9kvxEbFTE6ZOee/Sc1MOBcaauv75b2HjipWwPeVuDynq+vSa+9tE0pyfH68NODHitCOd4E/ebL2+9Y/RozQ1t7l0pujg557Vj5yPFmZ2dXj65cK3Na98AR52pSSQnOgYURh45dkMUhXNxr6dcXR0erSqUkT18gzHE47l5Ln9q8qGDGMQkAeOKxVVq1fL5OnbuiXZ+7H8HEMfz8ra8/OW6/8344eeayfva7D/SHP+91qYws2YsYfH7wlNN7I4FFx797klThMEz9jdIql7+Dnuw5cMKpqmN1baNKy2uM6dTbIcg7mTc303hdWd2gw8cvuBRhOHOhWJeLR/suBbmZmkpTfe7iiL4AJmJGHPv7nY/9+oYWp3OQkYcfxoa09+w/6VIJtrm1QwcOn/Vqv2P5+EgPr15sTF93CHCvXFrgVRV6STpxpsgIf5t8fJSUGKtHHl6m57ZvNJbpuP2QRmxMpNOx9/nB007bullW7fQAeWaac+D0fuF75cvni2Oj5+vxsVH6z//2257/++m3nEZqO3aq0FjPscr5zj1HNTA45LSf4usVTtc5IyOdvzeKS7x7UGKyrj94q6fXot37jhsPRIQEB6pgbqZee3GbIsJDjeVa3XxvAsBMRAVoAAAeMGOH0QLgPZOPjxYvyDWqPl65Vq6W1g+UnZms7h6L042FqTZSheDDTw8alaBHjA0/L56fe9/aBQCAJG3dtEbNrZ368NMvFBQYIEkqrahVemqitm5yDTifOndZ5RW1+s43nna6cT4d/s9v3nep2DLCbPbVT37wknKyUlTfaK/IUnKzSrs+P66E+Gidv3Rdlj73VVT3Hz6r2vpmHTp2XvPmZik+LkpDQ8O6UVZtLGMymRTuUEEoKSFGldUNkqRrJRX6/bufKTc7XVnpSUpKjL2nz+lrMun1l7frn361Q0MOQ28bbfHxUWJ8jBF03nfojCyWfoWEBOngmBsvU+2Zbev1+3d3SbJXoPn//uFNZWUkKy0lQS2tHbp2o1JWq1XhYSFas3LhpO8/wN9Pr720TW+/t9uoCOU4CsjYm6CBU1hdD/euuaVdXxw7r5bWTpcgf0HeaDgoPjZaCXHRxg35HR/vV0FeqaIiw1Rd26Tq2kZj2aWL8lyGfx7Rf2tA//jL97RwXo5sNvvDII5hiYeWzZvMjzchyWO+R379+0+0cF6OEuKjtWzRXI/rcUwCAEYqP586d8VpWnINP49XefV+GLZadfTUJUn2vnvJzSoFBwUqJjpC0VHh6r81oMqqeqNyqSTFREcoNdkeSI4fUxDh7R17lDcnXWZfX129Xu51O8oq6vS/f7VDeTlpsvTdUuGV0YdFzWZfzZub5dV2HtuwUhcKS0YrrR4+q5NnryglOU6+JpNq65vV1d1rLG8ymcat1D1ZpvLcZSz6AvDGTDz2+/oHnEaUMplMyr/9gEJwUKAeXr1YR0/a23z2YrEuXi5RQW6mwsNDVN/YorIKewh7QUGOS/u8sWJJ/v/f3n0GyXnY9x3/7bN9rx/KofdKAIdGVJKgCHZQYpEoihQpmaYZOZp4ZL9I7MmrxJNJZuKJY08yljNyJFuKKinaJG2TlFhAEiKIDhAgiN6BQzlc3d6eJy8O9+D26t7d7m2572eGg92n/vfh7e5Tfvt/9O6He/pcJ7xrQ2NW8yeTKf12e9f89XXVWjhvpmprqpRKpbTv0HF7up53jVm/5g7t3HNEknTg8Aldb27V7JlT1BkMZ1xPqaupsrd9IfC5Uj5aWjvs94ok3bN51ZAB/80bGu0fF+zad1T33XOnPG6X1jQutu+ocPX6Tf3V93+hpYvmyOGQzl28qpbWDvm8Hq1cvlAOh0O1NVUyDMN+j7317k5dvHxNM6ZN1rIl8wY835ir8w/Z2nPgmHbtO6o9B45p6aLZapg8QR63Szea2+y7TEjq070eAIoVAWgAAMYZAtDA6Dy5bYuab7ap6dZtqK43t2Z0KQj4fQMGn3Ktdwg6lU7LMi3Cz8AIRWNxtd3qalBXWy2/3zvo9Fevt8i69b06cUJtwUObQDFxu1164esP6ye/ets+ST9zeoNe+PrDfW7h2nyzTe9+uEezZ01VKBy1b/nYMKk+oxvrWOl5S8mBrF25RLv2fW4Hh7uDHwNJJFP2bV1j8YQOHD7R73SPP3JPxmfJtgc262///h/t52fPN+ns+SZtXr8iJyGCmupKPfvUg/rpq+/0O37L5lV65fX3u15DIqkPPznQ73T5Nm/OdG1ev8K+aCpJ5y406VyPDlxS1y2I8xG2lPpeDF27quv2wF+cOKcDh09wEbSExOKJfn+4WF9Xrc3rb//9OBzSy996XH/3kzfsW0N3fz71tHTRHD3x6L19hnfrPj7Ye/BYn3EP3bdBCwt4O9npUydp/twZdvfJSDRmf56tHiQAzXsS5cS0LDU3dx3jG06HGibW9+lWCKB/vUPQknSztaOows+SJKsr9Ldr31H73HgkGlPkSiwjUNStYVK9vvn0Q/bzyoqAVq1YlNHhsWf3VpfL2e8PCnvzeT1qbevUrn19jx1efO6xjKDdYDxul5796oP6+Wu/tX9UFY5EM2rqWdvXn7hfgYAvq2WPRr6PXXpjXwBDKoH3/reeeUR1PTrGbt1yp86ev2Jfe0il0jpyrG834hOnL4woAO3xuLV25eKMY5OF82ZmdHwdzJWrzfa2bG3rHPBcyNcev89+/PDWjYrFbp8HuXK1WVeuNmdMX1Ndqe+8+KSczsLewJ7PlfLw8c6D9mOPx63lWdwddf3qO+wAtGma2n/omDatW6EvP3y3YvG4fQ4hEo1p/2fHM+aNxRO63tyqKZMnyHA49NB96/XO+7vsZR0+elqHj57WxPoaTWno//swV+cfsnX6VjMG0zR19Pg5HT3e90cdy5fOy+hMDQDFjAA0AADjjJkmAI1MhuGQaVpKp82CnWDqvhW8YfT/6+ex5nRmXujsWZdhGPr2s9v03od7dOzkBfsWUVWVAW3ZvFqhUEQf3TrBMtCvuXOpZwi6+5Z4DoeD8DMwAmfPX7GDfhPqa/TvXn5azkG6Kfzgx6/bJ/1ffO4xzZ09bUzqBEqFx+PWC888op//+reSpG8+/VC/PxQ4eeaSHA6HLjfd0OWmG/bwB7+0XhvWLst7nb2/97NRX1etP3r563rl9ffsC5NS1y0rN65drl/+07uSbu8LeNwu/en3XtDvdn3Wb5foioBfW7es1erGRRnDpzRM0O9/88t6850damntsIf7/bkLMCycPzOjy1TP7bFsyTy98Ixbb769w+4i53I5tXblErlcTvu2oFl3num9a9Trec/P3N77pQ9v3aili+boX37ziZpb2jN+2FlTXam7NjRq3eql2dUxQj0vhnZfMN536JimT53ERdASUlHhz3we8Gvl8gW6f8u6Pn/LHo9bL3/7Cb3/0V6dOX9FN1vaJXX9zU+ZXK/FC2fr3s2rNdhu/+8//2V9/MlBHTt13g5ITJk8QasbF2njnctH9Bp6HzcNtr8ylGefekDvfbRX+z87btdnGIaMIY5leE+i1DXfbNOrb3yQ8YPmnurrqrXtwc0F/ZECUAp6h6C/OHFOAb+veMLP6tqvfHjrRt29cZU++uSATp29pPaOUMZ3l8vl1KQJdVq+dJ7u2tDY55zeVx65W16POyPs5/N6dNeGRiVTaTtsNdC5VZ/Xo+++9DW9+sb7arp2U6ZpyjAMzZk1RXetb9TM6Q3Dek1zZ0/Tf/ij5/Xuh3v0+bGzfY4vfF6PFi2YpUcf2KTACI4der7+bM8Xj8WxS2/sC2AwxfDeNwxD333pq3rl9fft0K9hGJo5fbI2r2/UvDnTM2s2DP3hi09p/2fHtX3H/owfaBuGoYZJ9XrwS+s0f+6MEW+XuzaszAhA33vX6qznnTNrqr73nWf0/sd7ders5Yw720jS1IaJeuT+jZpYX5sx/IltWzRxQq2+OHHO/gyUuva35s2epq1b1o3osyof+FwpbYlkSod6dFnftG5FVues/H6vGpctsO/O8Mnuw9q0boUcDunpx7eqYVK9Tpy+mPH3axiG5s6epke2bsz4QcLGO1fI5XLpg4/3ZXw/d98hbyC5OP/Q20CfTS9/63EdPHJSO3YeUltHMGOcy+XU+jXLdN/da7JfEQAUmMOybqUkAADAuBAKRtTS0mafyBns354ne4aavucRl0O9xo3gcTbPBxo21LhchFJHs4zOcGjoicbQ2+/uUDgS1XNPP6L62rHvsihJre2d+sWv31FFwK9HH7ynIDWMVEdnSG6Xa0w6qQzmyBdn9I//vF2WNGT4+dyFJv3DL/5VLz3/Fc2eOWXsigSK3NHjZ+0AtNR1O7kntw3cUeHP/+KHBKABKG2aam3tUH1dTdbhANOy1HHrwmtVZSCrDvKpdFpt7UE5HFJ1ZcWYd52PJ5IKhsKaUFc7rIst+WBZUmcwpGQqpfq6miGDmrkWTyT1/251N8/mIuiPfvYvMgyHXnzusTGsEgMxTVPXrrfI5/Mq4PfJ58v+AnYqlVZnMKzamsoR3XK2ta1TFRV+eYv0rhHBUETRWFxejzvrLnAS70mUnqPHz+rXb27P6i5pM6c36Pef/7L9Q4MLl67Z3djqaqty9mOtg4dP2mHsBXOnawHBa5SYt97dqd37j2YVft6+Y78+2nlQ//nPXh7DCvsKR6IKhiKqqqxQRZbn9Szr1rlAtyvreXozTVMtrR2aUF8z6lvYd0ubpn1Hq9qaqoJ3sR/rYxf2BTAc+X7vH/nijH795geSuoKL/+lP/0DS7fd+fX1N1j9gNE1TrW2dcrtdw9o/HyupVFqdoa4fS9dUVWZ1TsSyLLV1BFUZ8Bf13fT4XEF/LMtSW3tQXq8nq8+PaCyuYCgil8up2urhnUcY7fmH4QiFI4rGEqrw+wp+rRMolOqK4vueHV9GF1+mAzQAAONMKpUqdAkoMnW11QpHomq62lywAHTTre4HdQVa/2gUy4nHFXfMV+WtbnZDhTBnzZiiJx7dounTJo1FaUDJOnj4pObMmqZVy+mmDmBgTsPQpInDu/Ws4XBk3OY2Gy6nU5Mm1A49YZ54PW556wu3/p4cjsLug3V3hDryxWktXzp/yA5QD923XvSgKB6GYWja1JHtB7tcTtXXjfyYZTTzjoWqyoCqKgPDno/3JErJ1Ws3M370KEnTp07SgrkzZDgNXb3eovMXmhSLJyR1hRZ6hpSOnzqvT/cekSRNnliXswD0zj2H7dtdOxwiAI2Ss+3BzZo+dZJmTJusCfU1g067dtWSjE6JhVIR8Ksi4B96wh4cDqm2ZnTfecYIjh+G4jQMTSzgsUJvY33swr4AhqOU3vtGkb23e3O5nMO+puRwOAp2HWo4+FxBfxwOx7CO6/0+75Cdnwcy2vMPw1FZEVBlxfDPBQBAsSAADQDAOJNOD93dBuPLlIaJutx0XafOXNTypfMLUsOpMxftWjBy2XafdToNrVm5OM/VAOXhjbc+1rQpEzU5xxcnAQClzetx685VS7Oadsa0yXmuBgDvSWRr563wstQVKvjed57pE+A3TVOf7v1c7320V1vvWTvWJQIla2WWPx6urqrQsiXz8lwNxhv2BQDkGp8rAACUhvz2yQcAAEWHDtDobfbMafJ43Gq61qyz5y+P+frPnr+spmvN8njcmj0zuwAvAIwV0zT1k1++pUQiOeL5m1vadfrsJV26cl3xAZZjWZbMW/91NwsxLUtNV5t14dK1fn/AFApHdfb8FTXfbJOZRYeRjs6QTp25pLb24IheCwAAAFDqrt9otR8vWTi73+7lhmHorg2N+o9/8m3dsXiupNv76z07+5k99uH72x/P5ligv3lN0+xxbGD1WVd/hhovScFQRGfOXe6q5VaHawAAAAAAgFJGB2gAAMYRy7KUTA4cgHY4HHmvYSzWgeFxOBxasnCuDh89qR27DmnK5IkKBHxjsu5IJKYduw5JkpYsnMvfB4CiFAxF9Mrr7+uFZx7JanrTsvTF8XPa8ekhXbvR0mf8wnkz9cS2LRm3mH/9rY916MhJSVLjsgWqra7Ux58eyphvdeMiPbntXl1uuqFf/dN76gyG7XEBv0/ffPohzZzekDFPKp3Wv/7mEx0/dUGRaMwe7nI59cS2LWq8Y0FWrwkAAAAoB1VVAV1v7gpBX7x8XYlkSh53/5fKPB63/fj7P3xNN262ZYy/2dKuP//v/1dS1/74n/3xt4Z1LGCapv78L37YZ5pd+45q176jkqTlS+fp60/cr//6l3+vVCotSfrqV76klctud9qNJ5L6b//zH+znf/DCVzRrxhT7+f7Pjuutd3fa83errqrQI/dvpBMvAAA5NHvmFD3z5P2SJMNBP0IAAIB8Y48LAIBxJJVKK52+fbGDsCm6LVowRw2TJygUiujt9z5RJBIbeqZRikRievu9TxQKRdQweYIWLZiT93UCQLYqAn49dN8G+/mps5e0c8/hrOb9eOdBvfrG+/0GHrqX9ZNfvjXg/IePnu4Tfpakg4dP6rV/3q4f/vSfM8LPkhSJxvSTX72tVI/vedM09dNX3tGBwycyws9S1z7Ba29u18c7D2b1mgAAAIBysHTRXPtxZzCsv/r+L7Tj00Nqae3IyfJHeyyQjWQyPfREt/x2+269+faOPuFnqev1v/L6+/ri+LlR1QMAAG6rrqrQsiXztGzJPC1dzDUPAACAfKMDNAAA40iin1tt9qd3MLoUg9KlWHOhrV+zQjs+3a9rN1r06pvv6Z6NqzRvzoy8rOvs+cvaseuQQqGIamuqtH7NirysBwBG464NjTp3oUmnzl6SJP3mg92aOb2hT5fl3lYtX6jtO/ZLkhYvnK3ZM6bI7/Pq2KnzOnn6oiTpxs02nTx9UYsWzOp3GYZhaNO65QqFozryxRmZpimpKxwtSXNnT9PsGVN08MhJdXSGJHV9zx89ftbuBvf6Wx/r3IUme3kb1t6h+XNn6Ivj53Tg8AlJ0vbfHdDqxsUZ3agBAACAcrV00Rx9+Lv9CoYikrp+SPjeR3v13kd75fN6tGDeDK1cvlAL5s6QYdzuIbRp/QrdaG7VmXNX7E7QHo9ba1culiQFAn5JwzsWWDh/pjatWy5J2v/ZCfu83eSJdZo/d7okDXnsMRjLsrR7/1H7eeOyBWpctkCJRFLnLjRp78FjMgxDC+fPHPE6AAAAAAAACokANAAA40gqmep3eKmGhUu17mLl9Xp0z6a12nPgiK7faNHb7+3UtCmTtHD+LE2bOkk1VZVyOkd2A5F02lRHMKSmq806deaimq41S5IaJk/Q+jUr5PV6cvlSACBnnnnyfv31//mVwpGoJOknv3pbf/Jvn1VFwDfgPLU1VXrqsXu1YN5MVVb47eFrVi7WX/7Nz+3uzVevtwwYgH72qw9q8a1x9XXVdohCkqZPnaQXn3tMknTPplX6L//jR/a4mzfbJXWFHY58ccYe/ugDG7V+zTJJXbfdTiST+vzYWZmmqYNHTmrLplXZbxQAAACgRFUEfPred57Rq29+YAeSu8XiCX1+7Kw+P3ZWLpdT33jqAS2a37VPvqaxK+j8mw922QHo2upKPXL/poxlDPdYoHv+nsHqBfNm6OGtG0f9WlvbOjM6Pz/+yD1yu7suCy5bMk/33rVGV64228MAAAAAAABKDWc1AAAYR+K3OskQHMZAukPQJ0+f1/FT59R0rdkOK+eSx+PWkoVztWgBt4ADUNw8Hrd+77lt+v4PX5PU1WX5Z6++o3/z7ScGnW/VikWSuoLIncGw4vGkkqmUJk2ss0MPLW3932bbMAwtmHu7A/+cmVMzxi9fOt9+7HI5NXFCrW62dAWfO24t+/qNVrtrtCRNrK/VpSvX7ee1NVX24+ZbQQsAAABgPPB43Hr+6Yd1s6Vdn31+Ske+OKO2jmDGNKlUWj979Te6d/Nqbd1y57CWP5pjgVyaUF+jgN+nSDQmSfpfP3hF69fcoXlzpmtqwwRVVQa0ZOHsvNcBAAAAAACQLwSgAQAYJ0zTVPJWABoYyqIFc7Rw/mxduNSka9dvqq29U9FYTKZpjWh5huFpw8MxAAAUFklEQVSQ3+dTXW21pjRM1OyZ0wjiAygZDZPq9eS2e/X6Wx9Jkq5cbda7H+4ZdJ69B49p557Dam3rHHCadDrd7/CpDRMyOu5XV1VkjO++HXbP8d0BaDPdFXq+cPlaxjQ//uVbA9bR0pr/8AUAAABQbCZOqNX9967T/feuUyyW0Jnzl3XoyCmdPHO7M/SOXZ9py12r5XI6s17uaI4Fcu2uDY32sUtnMKz3PtorfbRXhmFo07rl2rJptXw+7soFAAAAAABKEwFoAADGiXg8oVQqVegyUEIcDofmzJquObOmDz0xAJS51Y2LdO5ikz77/JQk6ZPdhwec9uNPD+n9j/baz10upybW18rrdau1rVPBUGTQdblcg4cr3K6hD+V7dn+WpHlzBv4snzFt8pDLAwAAAMqZz+fRsiXztGzJPJ06c0k/ffUdSV371WfOXdHiBbOyWs5ojwVGIjFIw4O7N67U/Lkz9Nvtu3X2/BV7uGma+mT3Ye3ef1R//Iff6POjSwAAAAAAgFJAABoAgHEiHk8UuoRhoTswAKDYPP7oPbp05fqgndwk6eDhE/bjO1ct1WMPbZZhdHV0/tsf/WNeQg+9TZk8IeP5N7/2kNxuTgEAAABgfIsnkmpvD6phcv2A08ydMy3jeSh8e/+95/mqcCTWZ96RHgt0T9O1vmif8S6nU6lUV9fo9o5gxrhjJ88N+FqkrjvM/N6z25RMpnS56YYOHz2tQ5+fkmmaSqXS2rnniB65f+OgywAAAAAAAChGxtCTAACAchCPD9wNJt+yCTMTeAYAFDuX06lvf2NbRjihN9OyMgLSkyfV2dO3dwR17UZL3uuU1CfQ8c77u2RaVsaw5pZ2ffDxvjGpBwAAACgGu/Z+ru//6DX97Ne/6feHjZZl6d3tuzOGNUy6vW9dV1ttPw5Homptv72M0RwL1NZW2Y9Pnr7YZ3xNdaX9+MSpC7fXaZrae+DYgMt9692dut7cKklyu12aO3uanti2RWsaF9nTtLR1DDg/AAAAAABAMaP9EwAA40AymcpJB+jukHKuwsqEngEApaautkrfeOoB/eK13/Y73nA4NGXyBDvc8N5HexWJxFRR4df2HfvHrM6A36e7N67U73Z9Jknad+iYDn1+UksXzlF1dYWuXr+ps+ebJEnLl87X5El1Y1YbAAAAUAhp09TvdnftH588fVEnT19UwO/ThPoa1ddVKxZP6MLFq4r1OIc2ob5GM6ZNtp9PmzIxY5l/9+M3tOKO+WqYXK81jYtHfCwwfcpEHT95XpIUiyf0v//uVTXesUBTGyZo0YJZmj51kh1kvnGzTX/5Nz/XgrkzdOb8FXV0hvpd5sXL17R7/1Ht3n9Uc2ZN1czpDaqs8KszGNahz0/Z002ZNHA3bAAAAAAAgGJGABoAgHEgFo3LTKdLOnBcyrUDAMrLkoWztWndCn2690i/47dsXqVXXn9fkpRIJPXhJwfGsjzb1i136uz5K2q6dlOSlEqldeTYmT7TnTh9gQA0AAAAyp8l3blqiXbtOyrTNCVJkWhMkSsxXbpyvc/kDZPq9c2nH8oYNn3qJM2fO0Nnzl2259+9/6gkaXXj4hEfC2xct0Kf7D5sh69vtrTrgx37NHlinRYtmKUv3b1GBw6fsKfvDIbt5z6vJyO03e30uSv24/MXr+r8xat9pqmuqtC9d6/JqkYAAAAAAIBiM/B9ewEAQNmIxeJjti6HCCoDAEqT0+nMetqHtm7I6P7mdN4+vF62ZJ5eeOYRVVdV2MNcLqc2rF2muzY02sO6b4c9pN5frb2eO3ssp2cdTsPQH774lB5/9B5VVQYy5jEMQ1MbJurb33hU92xalV0dAAAAQAlzOg09vHWj/v0fPa8Na5epvq66zz65y+XU1IaJevBL6/Xdl76q2pqqPst59qkHtGHtMrlct48fDMOQ4XCM+FjA43bpuy99VfPnzsgY7vd7JUk11ZV6+VuPq6a6MmP8tCkT9d2XvtbrdXbVtfWetXrxucc0Y9rkfo897lg8Vy89/xW5hnEcBAAAAAAAUEwclmVZhS4CAADkTyKR1LVrNzM6QOfq34zH3ePUd1y/0w/yOJvnAw0b7bhsjWYZneH+b00KACg/8URSwVBYE+pqVeibGZimqda2Trndrj7BCQAAAGC8CkeiCoYiqqqsUEXAN6x5g6GIorG4vB53n33skR4LWJalto6g0mlTFX6fAr1qSiSSCkWiqq6qGFZ4ORZLKBiOyOtxq6oywN3WAAAAAACQVF3BNbPCGl18mQA0AABlrrMjpNbWdkm5Cz4TgCYADQAAAAAAAAAAAAAAUMoIQBfa6OLLWd5vFwAAlKpINDqi+UYbEqaLDAAAAAAAAAAAAAAAAIB8IAANAEAZi0ZjikZihS4DAAAAAAAAAAAAAAAAAHKGADQAAGUsMozw80Admwfr5GyPy7LbM12hAQAAAAAAAAAAAAAAAIwWAWgAAMpUPBZXJBwdcPxIAs+lohxeAwAAAAAAAAAAAAAAAID+EYAGAKBMRaIxpVIp+zmh4C5sBwAAAAAAAAAAAAAAAKC0EYAGAKAMJZMphQfo/tw7AFyqgeBSrRsAAAAAAAAAAAAAAADA6BCABgCgDIXDESUTSUm5CwoTOL6NbQEAAAAAAAAAAAAAAAAUDgFoAADKTCKRVCgUydvyxyL8S8AYAAAAAAAAAAAAAAAAwEAIQAMAUGbCoYgS8UShyxgWAs8AAAAAAAAAAAAAAAAAskUAGgCAMhKLxRUMhgtdRlYIPQMAAAAAAAAAAAAAAAAYCQLQAACUkc7OkFKpVMHW71DfUDNBZwAAAAAAAAAAAAAAAAC5RAAaAIAyEQyGFcpR9+dsQssEmwEAAAAAAAAAAAAAAAAUAgFoAADKQCqVVjAYlmVZkvqGk4f7fKjhvSYa2XzDQNgaAAAAAAAAAAAAAAAAQDcC0AAAlIHOzqCikeiog88EjQEAAAAAAAAAAAAAAAAUOwLQAACUuHAoos6OUF7XkYtgdC7D1YMtixA3AAAAAAAAAAAAAAAAUN4IQAMAUMKSyZTaOzqVTqfHZH2EiwEAAAAAAAAAAAAAAAAUmqvQBQAAgJHraO9UNBIrimCyQ4WvAfnlcjnldjnlcjrldBoynIachkMOh6Mo/gYBAAAAAAAAAAAAAEB+WJYly7KUNi2ZaVPptKlUOq1kKq1Uamwa9wE9EYAGAKBEdbQH1d7eWegyUMacTkNej1sej0set4uQMwAAAAAAAAAAAAAA41R3czTDkORyZoyzLEuJZEqJRErxRFLptFmYIjGuEIAGAKAEhUMRO/zcO5Sa6+f9yTYIO9B0BGmLl8Mh+Xwe+bweedzsKgIAAAAAAAAAAAAAgME5HA55PW55PW5Vya9EMqVYPKFYLCHLKnR1KFekWgAAKDHxWFxtbR1KJpMZw8ci+NxHP/OMNtxMOLownE5DAb9Xfp+H/wcAAAAAAAAAAAAAAGDEPO6uO01XVfgVjSUUicbpCo2cIwANAEAJSSZTamvrVDQa7y97nFNjFYIlbFtYhuFQRcCngN9b6FIAAAAAAAAAAAAAAEAZcTgcCvi9Cvi9ikTjCkdiMk1aQiM3CEADAFAiTNNUW1uHgsFw3sPPPXUHlIslqDyaOorlNRSLQMCryoCP7QIAAAAAAAAAAAAAAPKq+67UoUhMkUi80OWgDBCABgCgBFiWpdaWdnW0BwtdyogQWi4ubpdTVZV+ud3sCgIAAAAAAAAAAAAAgLHhcDhUVeGXz+NWMBRVMpUudEkoYUahCwAAAENraWlTa2tHn+G9w8GjfT5SDhFSLhUBv1f1dVWEnwEAAAAAAAAAAAAAQEG43S7V11Up4PcWuhSUMALQAAAUuZaWNrW29A0/95SrIHQ2gWg6Mpeu6qqAqir9hS4DAAAAAAAAAAAAAABAVZV+VVcFCl0GShSt/wAAKFKWZWUVfs6HrELO/Uwz2gD1aMPVhLP7ZxgO1VRXyEPXZwAAAAAAAAAAAAAAUET8Po+cTkMdnWGZplXoclBCSMEAAFCETNNUy802tbZ29OnOXIiM70iCxYSRi4PTaai2pkIup7PQpQAAAAAAAAAAAABAWUin00qlTZmmqbRpyjItmZYlWZa645sOSXI4ZDgcMgyHDMOQYRhyOQ05uX4rKXM7dv3HdhyvPG6X6mor1d4RVjptFroclAgC0AAAFJlkMqWWljZ1tAcHna53wDgfgeN8h5gJSeeX02morqZSTqdR6FIAAAAAAAAAAAAAoGSZpqlkKq1UKqVUKq1setRakmRZSluWuvKcaXucQ5LL5ZTL5ZLb5ZRhjI9rut3bMZlKKZ2j7eh0OeUeZ9uxXLmcTtXVVKqtI0QIGlkhAA0AQBGJRWNqbe1QMBiWlF1AeKAgdLb/ojwZhkO1NRWEnwEAAAAAAAAAAABghBLJpBLJrtBzLlnSrSBwWlF1haE9bpc8bndO11Ms8rkdU6m0UuNkO44H3Xe5bmsPyTSzichjPCMADQBAkQgFw2ptbVckEhsk1Jz79Q4nEN3fNA4NPt9ogtbFGNIuxpr6U1NdIRe3+wEAAAAAAAAAAACAYbEsS/FEUvFEUpY1NgFMO8QbS8jrccvrcZfMtemBsB0xUi6nUzXVXSFoYDAEoAEAKAJtrR1qbWtXMpEacRA5V7Jadn9B6DE4aODAJDvVVQF53OzmAQAAAAAAAAAAAMBwxBMJxeJjF9jtzbIsxeIJxRNJ+bxueT2egtQxWmxHjJbH7VJ1VUCdwUihS0ERIxkDAEABJRJJtbW2q62ts8+44QShB/p3OMsaatkjmTfb4bkw1LLHS3g64PfK7+PgDQAAAAAAAAAAAACylUylFYvFlTbNQpciqSvAG40llEik5PN55HaVRsyvuLejV24Xd1EuJX6fR6lUWpFovNCloEiVxicjAABlKNgZUlt7h8Kh6KDh3NtB5OGvY6AgdC4C0qNVDDWUG7fLqapKf6HLAAAAAAAAAAAAAICSEY3FFU8kC11Gv9KmqXAkJq/HLb/PW+hyBlX82zFaEtsRmaoq/UomU0qm0oUuBUWIADQAAGMsmUypvb1Dba0dSqfNjOBvNl2XcxkUHs6y+pvWofEVWi72kDbhZwAAAAAAAAAAAADITjptKhKLKZ0ujm7Fg4knkkql0wr4fHI6jUKXk4HtiHyrqvSrtT1U6DJQhAhAAwAwhjo6gmpv71Q4FBl1mLZ3WDqb8HS2y8yVYg8Ml5NAwCu3m107AAAAAAAAAAAAABhKMplSJBqTVehChiGdNhUKRxQI+OR2Fce14ZLejn4f19hLhNvtUiDgVSQSL3QpKDK8gwEAGAORSFTt7Z3q6AjKMq3+uykPMmwkOeKBAtHZhJIHDVNnWftojaTu8cowHKoM+ApdBgAAAAAAAAAAAAAUvUQiqUisNIOUlqRwJCa/zyuvx13QWkp+O0ZjClheeQq8HZGdyoBPsVhCpllKcXvkGwFoAADyKB5PqKOjK/icTKT6jM82CJ3NuKEMFCgeq67P+QwwD7Xscg9PVwR8Zf8aAQAAAAAAAAAAAGC04omkoiUa2u2p+zUUKgRdLtsxEovLUuG2I7LncDhUEfApGIoWuhQUEQLQAADkQSKRVEdHpzo7gorFEhnh1Fx0f+4dXs5XmHmw+nK5PMK7I+d0Ggr4vYUuAwAAAAAAAAAAAACKWqJMQrvdChWCLsft6JDoBF0CAn6vItG40mmz0KWgSBCABgAgh2LRmDo6gwoFw4rFEpI0YPg5n92fRxKIzmranvVrfHddLhaEnwEAAAAAAAAAAABgcMlkSpEyCu12i8biMgyH3K6xiQGW63aMxOJyOBxyu4lTFruA30sXaNh4xwIAMEqWZSkcjijYGVJnZ0jJZGrI8G+2Qehsuj9nY6B5Bl93dssf6rWMRDGGp4uzJsnv8xS6DAAAAAAAAAAAAAAoWum0qUg0Vugy8iYSiamyIiCn08jresp+O0ZjqjTyvx0xOn6fR6FwVJZV6EpQDAhAAwAwQrFYXKFgWKFwRKFg2B4+nI7PPY20+3Peuj3nUD5C0pB8Pg/bEwAAAAAAAAAAAAAGEYnFVM5ZSUtdr7GqIpDX9bAdUQwcDod8Po+i0UShS0ERIAANAMAwxOMJhW8FnsPhiNJpM2N8NkHfbLs/DzXvUNPkKhBtj+tZt3IXus13gLecA8I+L92fAQAAAAAAAAAAAGAg0Vi8z3X9cpROm4rG4vL7vHlZPtsRxcTnJQCNLgSgAQAYRDqdViQSVTQaUyTc9W8qnbbHZxsEHkn358Fm6R1yzlWH6OGGp0fa7Xq4RhsKL0dOpyGPm105AAAAAAAAAAAAAOhPMpVWPJEsdBljJp5IyuVyye1y5nS5bEcUG4/bJafTGBehfAyO1AwAALdYlqV4PKFYNKZ4IqFoJKZYPK7ErR353kHb3uHnbMLA/T0eTUfogabNVSA6F4a7nmIMNBdjTV6Pu9AlAAAAAAAAAAAAAEDRisXiY7au9z/er937jqozGM4YXl1VoQ1r79D99945JnXEYnG5KwM5X2axSiZTeuX1D9R8s13Pf/0hTZpYm5Pl5mM7Ire8Hrci0eL928TYIAANACh7lmXJsiyl06ZM01QqlVI6lVYylVIikVAqlVYikVA8nlAymcoqhJxt+HmwZQymv0lHElweTiB60HE9X1+WXa+Huy4Mj8eT/904y5La2oPqDEUUjXa9PyzLGtGyHA6H3G6X/H6PqisDqqutGrTLOQAAAAAAAAAAAACMVDyRUNocm+6wV6+36N3te/od1xkM690P92re3OmaO2tq3mtJm6biiYS8Hk9OljeW23G4ksmU/uEXb+nMuSuSpB/8+A195/eeyEkIOtfbEbnn8bgIQEP/H6vbMw8lJcVjAAAAAElFTkSuQmCC" height="600" width="800" ]]>
  </system-out>
</testsuite> <!-- testcases.LoginTest -->
