<?xml version="1.0" encoding="UTF-8"?>
<!-- Generated by org.testng.reporters.JUnitReportReporter -->
<testsuite skipped="0" hostname="Dollys-MacBook-Pro.local" name="testcases.QuickLaunchTest" tests="2" failures="0" timestamp="2022-10-09T10:11:08 EDT" time="43.039" errors="0">
  <testcase name="VerifyQuickLaunchItemsCount_002" time="21.441" classname="testcases.QuickLaunchTest"/>
  <system-out>
    <![CDATA[<img src="data:image/png;base64,iVBORw0KGgoAAAANSUhEUgAAC0AAAAV2CAYAAAAJUz2NAAABKmlDQ1BTa2lhAAAokX2RPUsDQRCGH0MaNY2oaGFxZRr1LmI+UAsTNWiZKES7y+UIYnIelwvap/VHWNtZipA6jZVgJXb2gmAb30uKC0icZXaefXf2Y3YhsYosaULbC4NKuWjUzi8MJsx2Oj7TbQZ+3qIeXtf/yZtmsw234yh+ycNAh2vLhnipOebbiOtjvos4OK2UxPfidHOC6xN8E/qheBDlO34Q8bt4t93qOvG9SbneWVWxJl+jzLVakxYum1S54hJbZHJIgTxbivtq23KLjJQCWY1MShTJqc9xJCWvOYuDESsjfs/eB+z1h8Phc6yd9OExC3NPsZbegYUUDF58O7BHUlKecIvwvaxrP8DiJ8z3pK5E0/Ha+C+m1Gr8qdXgGA+HDVFG1VhkfwHj90zdMIcezgAAIABJREFUeJzsvVnPJcl5JvZEnuVba+2q6o1FNimJFCXNSBpZIxkwbMDw5cytfwV1M4Cv5sICDNuwAY8Nw7AN2xgb8BiGRUHQwB5b8nA4M5wZmRpKbDaXZjfZ4tJrVVfVV8u3nS0zfHFO5BIZkbFnxjlfPFLx7edkZpx4433jycjIOPERSilFQkJCQkLCLiNfgOYL0MUF6OIc9PIFisunKM5PkJ9+Cnr+KfLnn2D1/GMULx6AEEDn7kgICVblVsmU+5DxLlsvzOPd3ovbA/sj+3qX6jUsRZlHUsvO57ljc3gJt3MDhKqAKZdYnQCx83kegaWUbvSH45v6rzmjEl5eTUDRxd3Cb5WfA+qbFwzefwLD0B+mb/zlKt6bNej+uuMDNzjqn1TXoHY4Rqt1Q+X9YTBVpEr/VNxnvmmPF4y96UFOdk3feGyZf0q1cMk/ST7aNo9dvkr0ruUgK1DAY9A1r3onuWE5R8CDosjCxbnLjxciiUbb+47mlja/Q/MFh0wwbNInBgT2R6mvGl9nZGVyJrVVjVocAO3fg6aVCYCN3vXT4824joDJLvcA3ejy3D7fBFbitu/Wt8JV1DeZfxFCa3zQmW8U63ksV85bXj+r4zIer7459MDGhA4fAE0eMwybJ7r5LQ39ZhcMM7/liB3Tu779YXqm4ub6uLGb9xFGtqs8U731bY0mRPgOFOGAYsv7T0tPdcYHneOFXu+e6ubc8vgkJCQkhMLd//LPG3w2W+D52TkuL2dYrlYAgMl4jIODfdw4PsL+/rRxPkkLoBMSEhISEjbIl8ifvo/Vk58gf/JTrB69h/zRj5C/eKC8lIAEeWBhD3m6E2o8l1vFBEc5McEeGJscEByHwwTxIBMYCuvtEdeVCxD5A7JxflqEJ6oJC1kDRBofY1wxf6oF5TXOMliid0YTxB5sQ09rM4ANvssLCHS/LgaY36CtijMp3sm66DVLvw2iCJ9LfHYt37T80c1AMa9euK0/l/HWCzWe67xQ03zB1v8LN1mDSzqMlOvEa2Bs+fihlc3V7bYKl67+9WQZtLr3lsenheD+uOmfvCKS44Y33Gq8qqmvfdtah2D6rOQlrDI8LFL/CfL1Kq5tzbqP0/rlXsIbfb4Z6qHNiuve76hqPS25lwVgrDRXbpavaXwgsQwx+mcokLoLdoe0DEwOqvGAZvePGVK96+DRRYhPKEProq/o+kG6nT42rIU75fXMvbJ2EciHTfrEjMj1W9bcPFd2f518s7QMQZpHWYEOfevUO9UXaFfAzNpM+BjfsEJFUMAbA4BqgyQmYE3eOn2Q+axkk002WQLgTm0B9MPHT/H8xRm6cOP6MV6+c6vkaQF0QkJCQkJCB+jsOZYPfojVg7ex+uQHWHz8XWB2iq4XfBnJsF4gsUa1YELMq1u7jK8/6TpuNZJwBCHqc6wxgD8+wapVcoroFkwwmPKGgz6+MAa0AgaFP7ILTHkg6zIh3dsCClaaBt9MyNR5rbri+aaYceX7T+1cC3+C9y6WRzzX0WuJfsvc7SW83uPjS/8sK2h1Q5Xo3QBW/AKvdpzpHQWUO/jzvKWffuVGKz99dMhtwo75J+tenRxu+ebbMjD9lo0XwsSnJ/3bEr2z84cdlvAS7Yg39ZVvXT/62GkNwqFaMBEFdkzfYvPHWR0s5MCrvnZwK4+1F4h1dagIdE11A3XSa90I2EWoC7rjA5PnI9/WqDWUHazjC2KEzwaLAZ7jY6yvvi3t3mCE1vSu5Jsa8nwgD7qt4/yjnf4F1Mee9SF4dC3Co9JvhvB3HwGSfleIwL9WODZ5xHO5rW0ownMAzjtU1860+oG7y3iut/EpgwZnHZrnwuJZ/SXFxQCFHujOZ0kuH952pJNyeiQhISFhi8F2gP7owSOcX8y0rjk63Mfrr9wFgLQAOiEhISEhwQT5yU+x/OBNLD/8NpYffBvFxYn4xNoDWH0nUavnVw5EfkgbzhNstQkN2wmzbque4GA1VnGhh1u+gEpphQHg649mAKsPYDaBEgCeJjCGjAKDkHvUgyiQ/NEqTsV96qPejv5yy0qKYgd/mQA46TWDK+dhkeCR9R/nfLUIj1d97eBWiCw+zthxf4Q7+PNcSz/DWSN9DbKAKlQPM7gh+qhODDAUSNn7Rs3Lw1uWRjXOTlAu4OV4FDC+gdXO3cp8EwRQGFBVgWJuvIO/qdUYn6p2+DfSV60EMNDHzgUFmgOemBF5/1FmM7udcjzkeDXU3bezAWy+MEZ498dN/5wjrEiwarxa4z711YNlUO3oL50QliKChEz9x6p4FQ9mLfSbIYLbVRuD559nfYzs/Yrz+FVnfFq6o/qBupgzeBkPqDB4vnnGjvuT3n+FhqHe6TxvyyZUYrRWD0TJJptssuHtnb/3Ta2dn3mwnaDTAuiEhISEhARLrB69h+X738L8Z9/E8mff1LqGEGL3ZRTgn1MIEX/e9wOjlUtd9e7BH1asimtbm3GcprsqHgTO8dFtYVeuaW0CNOAEhJcdQnnOrua5J1vV1iJ/bcIbM3w2YAwwjA/TN8vLw9vaB3x3l3Z/Bi/x8ax/TLdM9E7p8IBWyx92mNV/A54LAti9Q2iAfGXV5nmX5dyz1dsg8NFA24TI/HPOV538k+WjpmWwy09DPbTpYDHonEr/nMaruhEIryAyOe/kCN7K9vkbmR44I/kjvFzFw1ndHzBWnOlfyTc1ZuX17UF4fXPqwR65ZTMEhHP+WoSnvF5TvxnC331sGsB3BTzDZ3cYAK1wbPKI53JruyMozwP9gNFF33obnzJYcJ8PBDHAUB/S/FbPSPpdQcu/ZoNV7w+6ubU+svEoz7ssu57nOvoaugc1OrhqgMM6FDud4zHApf8M0J9k1S050zFUehd6PsvX3dOoASKNT0JCQsJQuPaf/gu8//FDq2s/+9rLaQF0QkJCQkKCDyx++mdY/vRfYf7jb6A4f6T1ANO1GFr5AMgVh1bxjhPEGhMY5YQEtxI7qh1CeW40Ic3QyyOvGSJ7QDbN122awHBqEJsKxYgd80drh1B+wYFQL4ffIdT5hVvwHmTRw3Ys33z7Y6y3vq1BerXeD6jd6x9XLt8EN2CtjNLj3ncI1XmhJnvBFkJvvepfbUDD853NP4FliMC/VnZvugvPfS4IC3X31XPQ4QtjgHd/fOmhpVU8vwp3COW5i956sezbBbzWIfgdQ6v5ha74DAwf4Y4ZgfUgcO/xMr8gcy+K8A2u14766GV+zvcdVW51x7Ml1xqnMnfsdggNOj7gcRX1bYv9kXWvBm9f1qtlEPKaXDR4NPHypH8mN6zBI9ZhPb9fEW8A0uYu+thpDW4/aX5rAAzsj25v95lvru+/GEy5FbT1rcbdWjCs3bH3K1rjA8d8SzbZZJMNYfO/+yfGuz8z3Lh+nBZAJyQkJCQk+MTq4TtYvPcNzN/7p1g9/snmU3brhoSjczG0EGwkwHFiMpLwDFMXOmEzMuoRkuaXc4reF/jqNpc6OzsaINL4qMFFqFVfFogOrpUBA1lFgvlZMMHOtlgAocEZGs1dc2O78o3D1vcfDoH9MdZbi+oIu7+DXjNY6atv2DSAVYtbf6GZ3YoFEwwaL/BECyKk7vALJvzYqnYe8nXX9I2HTbozxOgv54/RAgqJ/oW2DELuQ45MGqxvfbR6Q993hFT1Z22hSqg2Z/oXqHXdrU54mPc8RwTyELz/DIyB9dpZHVge8dzEWrq/5r70T8IjH9/50Wt2WCEQmhGRc3e0orWppsntqO9Wl7WGsHWuor7tsD+N4UXtsGVxFla9wQgT8HX/kPEt0TctvTPVbwbf+meR8IH7kyw/VdzaWoTHSV9D44rrXd/+GOdnK58EG4zwvEs/ofN+IuCO0lGMTxk86GPk+WYMzfA1uP7lvVgG1n/YgZ14/5WQkJBgifO/88dYLFdW104n47QAOiEhISEhIQSKp+9j/qOvYf7O17B68hPtJx7jhdASqEpxn8AQ27UP4gmzplVPcLAadXNL6zKBEc2ENAP/BM8HQMKlGP4JWmsBDm8hcbcny9A5gcHzbZ3A8NlAMUApgALLIPDHWF9b1tMO/uzzcoK5toP/pqOIdvSnUeibqQDwes3iw+udVo9FUNjkm0d90M1P6+pphMdVrxmCRG/g+ARH9HrNB4A7StlfHuF4KQ+6L9iG38HfSP+MxqsMrj0oQEJcsf6k+8JNs7jwtvaB9uNPzNi5fGOBAHfD7eAGGeZ9B3+VFYxPtf8ClbXeMvjWP88DmhhgI1ADQlbdklvcTkv3LMNrm31ODkcaHyWcG1SZAZrck+UGALo7+FPUdC+E7nZaVlv+B+m1Hft5TgF+R/+d17dd8cdAH3ruPW2roddVPqJ7OigGeM8/X/pnWUGr+To+YPYZYrxjv0r/hPOprPqKHf153iq/h/EBj8D6MDi2XL/r71Mb3KA7BdXfWl2tmnPw+Djqn1VAJHoXo7V5v9Iav6bj6Xg6no77P/70977akCATEIK0ADohISEhISEkVo//Cot3/zEu3/4TFC8+Mbq2sRha9jzWYasBBAI8QMpRr7YUFv5UXwBnf2wff7WtznMwO5/njs3hJdzODRCqAqZcYk0mKCKcsKgWgHG8/gBRUsUELcQvvFxryWCVnz3rgXcM3n8Cw9Afpm/85SremzXo/iUPCkf9k+oa1A7HaLVuqLw/DKaKVOmfivvMN+3xgrE3PcjJrukbjy3zT6kWLvknyUfb5rHLV4netRxkBQp4DLrmVe8kNyznCHhQFFm4OHf58UIk0Wh739Hc0uZ3aL7gkAmGTfrEgMD+KPVV4+uMrEzOpLaqUYsD0N/BObC++dC7fnq8GdcRMNnlHqAbXZ7b55vAStz23fpWuIr6JvMvQmiNDzrzzfEH5CXnLa+fmj+4iVLfHHpgY0KHD4AmjxmGzRPd/JaGfrMLhpnfcsSO6V3f/lQLwLu5uT7a/6Cx1x+Um1qjCRG+A0U4oNjy/tPSU53xQed4ode7p7o5tzw+CQkJCaHw9Pf+0On6tAA6ISEhISGhB6w+fguzH/zfmP/gH4EWK6MHlvUvz+0m2ADZ85JigqOcmGAPjBq8dj3IwBMWWhMYCuvtEdeVCxD5A7Juflb5Zh6eqCYsZA0QaXyMccX8Ee4oyjJYoHc+/kSf0w6jtRnABt/lBQS6XxcDlAIosBbFmRTvZF30mqXfBlGEzyU+u5ZvWv7oZqCYG+/IxMabPNd5oab5gq3/F26yBpd0GCnXidfA2PLxQyubq9ttFS5d/evJMmh17y2PTwvB/XHTP3lFJMcNb7jVeFVTX/u2tQ7B7xgq5SWsMjwsUv8J8vUqrm3Nuo/T+uVewht9vhnqoc2K697vqGo9LbmXBWCsNFdulq9pfCCxDDH6ZyiQugt2h7QMTA6q8YBm948ZUr3r4NFFiE8oQ+uir+j6QbqdPjashTvl9cy9snYRyIdN+sSMyPVb1tw8V3Z/nXyztAxBmkdZgQ5969Q71RdoV8DM2kz4GN+wQkVQwBsDgGqDJCZgTd46fZD5rGSTTTZZAuAkLYBOSEhISEjYHsx/+KeY/+D/wvzn/7r2Kbu1y/jmU0LkxxUjBiL6PDDK6trAZmQUEVi1Sk4R3YIJBlPecNDHF8aAVsCg8Ed2gSkPZF0mpHtbQMFK0+CbCZk6r1VXPN8UM658/6mda+FP8N7F8ojnOnot0W+Zu72E13t8fOmfZQWtbqgSvRvAil/g1Y4zvaOAcgd/nrf006/caOWnjw65Tdgx/2Tdq5PDLd98Wwam37LxQpj49KR/W6J3dv6wwxJeoh3xpr7yretHHzutQThUCyaiwI7pW2z+OKuDhRx41dcObuWx9gKxrg4Vga6pbqBOeq0bAbsIdUF3fGDyfOTbGrWGsoN1fEGM8NlgMcBzfIz11bel6g1FmN6VfFNDng/kQbd1nH+007+A+tizPgSPrkV4VPrNEP7uI0DS7woR+NcKxyaPeC63tQ1FeA7AeYfq2plWP3B3Gc/1Nj5l0OCsQ/NcWDyrv6S4GKDQA935LMnlw9uOdFJOjyQkJCRsMdIO0AkJCQkJCVuG4sUnmH3vH+Lyu38MevHMeIKG1GcSDMGudJ5g05wwA5FPmHVb9QQHq7GKCz3c8gVUSiucseTrv4HGgoJuHgCeJjCGjAKDkLsUGCOSP1rFqbhPfdTb0V9uWUlR7OAvEwAnvWZw5TwsEjyy/uOcrxbh8aqvHdwKkcXHGTvuj3AHf55r6WdPO/ir9DXIAqpQPczghuijOjHAUCBl7xs1Lw9vWRrVODtBuYCX41HA+AZWO3cr800QQGFAVQWKufEO/qZWY3yq2uHfSF+1EsBAHzsXFGgOeGJG5P1Hmc3sdsrxkOPVUHffzgaw+cIY4d0fN/1zjrAiwarxao371FcPlkG1o790BaUUESRk6j9Wxat4MGuh3wwR3K7aGDz/POtjZO9XnMevOuPT0h3VD9TFnMHLeECFwfPNM3bcn/T+KzQM9U7neVs2oRKjtXogSjbZZJMNb0++8lVbYQeAtAA6ISEhISFhKMx/9HXMvvtHWPz8W+qTKcA/p5CMCD/XeWAkLhU3BBF9WVe9LfwxBStWxbWtzThO010VDwLn+Oi2sCvXtDYBGnACwssOoTxnV/Pck61qa5G/NuGNGT4bMAYYxofpm+Xl4W3tA767S7s/g5f4eNY/plsmeqd0eECr5Q87zOq/Ac8FAezeITRAvrJq87zLcu7Z6m0Q+GigbUJk/jnnq07+yfJR0zLY5aehHtp0sBh0TqV/TuNV3QiEVxCZnHdyBG9l+/yNTA+ckfwRXq7i4azuDxgrzvSv5Jsas/L69iC8vjn1YI/cshkCwjl/LcJTXq+p3wzh7z42DeC7Ap7hszsMgFY4NnnEc7m13RGU54F+wOiib72NTxksuM8HghhgqA9pfqtnJP2uoOVfs8Gq9wfd3Fof2XiU512WXc9zHX0N3YMaHVw1wGEdip3O8Rjg0n8G6E+y6pac6RgqvSvDMt0HnRwhO7oBuncN5OAYmB6BTPaA8R4wmgDZeDPg2DhHc6DIgXwJki9BVwuQ1Qx0NQNZXALLS5DV3Mvd06gBIo1PQoI2KN38K4CiAC3WfY3mK9B8CayWoKvl0LVM2CKkHaATEhISEhK2GPnT93H55h9i9uYfND5XPgAyTojk+UhvAhiy4xoTGOWEBM8FExSE9DwFaLMgrDUhzdDLI68ZIntA1s3X1oQFz02sqFwDyxCkuVwqFCN2zB+tHUL5BQdCPR1+h1DnF27Be5BFD9uxfPPtj7He+rYG6dV6P6B2r39cuXwT3IC1MkqPe98hVOeFmuwFWwi99ap/tQENz3c2/wSWIQL/Wtm96S4897kgLNTdV89Bhy+MAd798aWHllbx/CrcIZTnLnrrxbJvF/Bah+B3DK3mE7riMzB8hDtmBNaDwL3Hy/yCzL0owje4Xjvqo5f5Od93VLnVHc+WXGucytyx2yE06PiAx1XUty32R9a9Grx9Wa+WQchrctHg0cTLk/6Z3LAGj1iH9fx+RbwBSJu76GOnNbj9pPmtATCwP7q93We+ub7/YjDlVtDWtxq3bcG9a8DhTZDr94Dj2yCHt4DJHkAyVy8q5EuQ5QUwOwXmZyCzU2B5oScQYe6QBrwNrfGBY74lm6y+/hXAcoFiOQeWcxSLGQgN/jOXZLfUnqQF0AkJCQkJCduPy2//H7h88w+QP/tQ7wI2EtiAgJiPJFC/PjyIyZfYjIx6BNf8ak7R+wJf3eZS8c4GiDQ+anARaj+RwW7CRlpgv1aRYH4WTLCzLRZAaHCGRnPX3NiufOOw9f2HQ2B/jPXWojrC7u+g1wxW+uobNg1g1eLWX2hmt2LBBIPGCzzRggipO/yCCT+2qp2HfN01feNhk+4MMfrL+WO0gEKif6Etg5D7kCOTButbH63e0PcdIVX9WVuoEqrNmf4Fal13qxMe5j3PEYE8BO8/A2NgvXZWB5ZHPDexlu6vuS/9k/DIx3d+9JodVgiEZkTk3B2taG2qaXI76rvVZa0hbJ2rqG877E9jeFE7bFmchVVsQFIT8HX/kPEt0TctvTPVbwbf+meR8IH7kyw/VdzaWoTHSV9D44rrXd/+GOdnK58EG4zwvEs/ofN+IuCO0lGMTxk86GPk+dbCwU3g2l2Qm6+B3LgHTA+bx0P7U6xAZs9BL58ju3wKOjsNG93agZ14/5WQoACdX4IuLlHMLta7syckbJB2gE5ISEhISNgRzN/7Bi7/8n/H6sM3rcsgmquMRRMWmeC4zwkzgvX/dE9oVJzVsJtbWpcJjGgmpBlqDc5zCkFAWP1lGP4JWmsBjizfOvKvp2jIJzB4vq0TGD4bKAaIBNHBH1lx+sXrTgBLOJtQZp+XE8y1Hfs3HUW1o38U1uaNexkfXu+0eiyCwibfPOqDbn5aV08jPK56zRAkegPHJzii12s+ANzRjW61eCkPui/Yht/B30j/jMarDK49KEBCXLH+JLx9CS7XLC68rX2g/fgTM3Yu31ggwN1wO7hBhnnfwV9lBeNT7b9AZa23DL71z/OAJgbYCNSAkFW35Ba309I9y/DaZp+Tw5HGRwnnBlVmgCb3ZLkBgO4O/hQ13Quhu52W1Zb/QXptx36eU4Df0X/n9W1X/DHQh557T9tq6HWVj+ieDooB3vPPl/5ZVtBqvo4PmH2GGO/Yr9I/4Xwqq75iR3+et8rvYXzAI7A+DI4t1++y+/DcoDsF1d9aXa2a0+YLpgfA8V3g9n1kt15b86FQ7z80Bzk/AS6fgpydAPncTO9itDbvV1rj13Q8HfdznM4uUMwvQC/PoqxfOt7v8ZOvfBUuSAugExISEhISIsLqwds4/4v/DfN3v9aYnzCZsCAZsXgibZ4eEvUH+RIuT9wWkH29imtbjefH8nyeOzaHh+bx0AChKmDKJdZkgiLCCYtqARjH6w8QJVVM0EL8wsu1lgxW+dmzHnjH4P0nMAz9YfrGX67ivVmD7l/yoHDUP6muQe1wjFbrhsr7w2CqSJX+qbjPfNMeLxh704Oc7Jq+8dgy/5Rq4ZJ/kny0bR67fJXoXctBVqCAx6BrXvVOcsNyjoAHRZGFi3OXHy9EEo229x3NLW1+h+YLDplg2KRPDAjsj1JfNb7OyMrkTGqrGrU4AP0dnAPrmw+966fHm3EdAZNd7gG60eW5fb4JrMRt361vhauobzL/IoTW+KAz3xx/QF5y3vL6qfmDmyj1zaEHNiZ0+ABo8phh2DzRzW9p6De7YJj5LUfsmN717U+1ALybm+uj/Q8ae/1Buak1mhDhO1CEA4pt6j8HN4Cbr4Pc+RzItTsAydrnxOLP4gzk/Alw9hiYnwKCr9P6+lj8SUiICUWO4vIMxeUZkK+Grk3CQEg7QCckJCQkJOwY8hef4PJf/6+4fOuPADSfcxh0eEZIx/NS9wQHyokJ9jyvwaE/QQwSfAqwaYNMQDOE5gJE/oCsm69dE7ShX7DZRtOoASKNjzGumD/CHUVZBkv0zvVP9DntMFp7Q9jgu7yAQPfrYoBSAAXWojiT4p2si16z9NsgivC5xGfX8k3LH90MFHPjHZnYeJPnOi/UNF+w9f/CTdbgkg4j5TrxGhhbPn5oZXN1u63Cpat/PVkGre695fFpIbg/bvonr4jkuOENtxqvaupr37bWIfgdQ6W8hFWGh0XqP0G+XsW1rVn3cVq/3Et4o883Qz20WXHd+x1Vracl97IAjJXmys3yNY0PJJYhRv8MBVJ3we6QloHJQTUe0Oz+MUOqdx08ugjxCWVoXfQVXT9It9PHhrVwp7yeuVfWLgL5sEmfmBG5fsuam+fK7q+Tb5aWIUjzKCvQoW+MH94CuX0f5O7ngcObrjVyg2n/WV6CnD0BOft0vRA6yHiVwYI3BgDVBklMwJq8dfog81nJJtvI/ssz5BcvgNUyivok2589SQugExISEhISdg90fobzP/+fcfGtf1B+Rhr/xd2+JSOF9WJjyXEFiPoUJ5CuL7AaEccDVq2SU0S3YILBlDcc9PGFMaAVMCj8kV1gygNZlwnp3hZQsNI0+GZCps5r1RW/IIkZV77/1M618Cd472J5xHMdvZbot8zdXsLrPT6+9M+yglY3VIneDWDFL/Bqx5neUSDUn1i1Db9WfvrokNuEHfNP1r06OdzyzbdlYPotGy+EiU9P+rclemfnDzss4SXaEW/qK9+6fvSx0xqEQ7VgIgrsmL7F5o+zOljIgVd97eBWHmsvEOvqUBHomuoG6qTXuhGwi1AXdMcHJs9Hvq1Rayg7WMcXxAifDRYDPMfHWF99W6reUITpXck3NeT5QB50W8f5Rzv9C6iPPetD8OhahEel3wzh7z4CJP2uEIF/rXBs8ojnclvbUITnAJx3qK6dafUDd5fxXG/jUwYNzjo0z4XFs/pLinPF3hFw67MgL/8iyPFtuzJ8CKYPrC5BTh8CLz4FWV74i25HOimnRxISdgj04hT5+XOgyIeuSkJPSDtAJyQkJCQk7CqKFS7+v7+P82/+/fIj0nF6Fwi32lh3go19p9UEGju/43kaRPagp57gYDVUcaGHW76ASmmFAeDrzwKsemJW8QBQTGBsw4IcBiEfakImFJI/WsWpuL41nBCWvnCTW1bSIH9yUEvfXPWawZXzsEjwyPqPc75ahMervnZwK0QWH2fsuD/CHfx5rqWfPe3gr9LXIAuoQvUwgxuij+rEAEOBlL1v1Lw8vGVpVOPsBOUCXo5HAeMbWO3crcw3QQCFAVUVKObGO/ibWo3xqWqHfyN91UoAA33sXFCgOeCJGZH3H2U2s9spx0OOV0PdfTsbwOYLY4R3f9z0zznCigSrxqs17lNfPVgG1Y7+0glhKSJIyNR/rIpX8WDWQr8ZIrhdtTF4/nnWx8jerziPX3XGp6U7qh+oizmDl/GACoPnm2fsuD87+f4ry4CbnwF59UsgN15tyknsUDQQJoc4AAAgAElEQVQIuXwOnD0Eef4QQBFc35yt1QNRsskOZIsCxcULFGfP4qhPskHtyVe+6iTXaQF0QkJCQkJC5Dj/s/8R53/2P6HxQLWxpg/0/EJoHZhfoYFaPUmGbj86/HH9ehXXtjbjOE13VTwIjBtAVkBormltAjTgBISXHUJ5zq7muSdb1dYif23CGzN8NmAMMIwP0zfLy8Pb+v2HdPMw8fGsf0y3TPRO6fCAVssfdpjVfwOeCwLYvUNogHxl1eZ5l+Xcs9XbIPDRQNuEyPxzzled/JPlo6ZlsMtPQz206WAx6JxK/5zGq7oRCK8gMjnv5Ajeyvb5G5keOCP5I7xcxcNZ3R8wVpzpX8k3NWbl9e1BeH1z6sEeuWUzBIRz/lqEp7xeU78Zwt99bBrAdwU8w2d3GACtcGzyiOdya7sjKM8D/YDRRd96G58yWHCfDwQxwFAf0vxWz0j6XUHLv2aDVe8Purm1PrLxKM+7LLue5zr6GroHNTq4aoDDOhQ7neMxwKX/9NGfDm+td3x++YvAaKw+X+HPMs9xulziNCc4xwiXZIJ5NsWCTLDKxliRyeZ6AgKCES0wLpaYFkvsFXPs0wWOscLxiOL6ZIxJNvLj5+kDkOcfA7MXev7FEp+EhG3AcoH87CnoYjZ0TRICIu0AnZCQkJCQcAVw/q/+B1zUdoKuP/+Jn4+6J4BB0Hmcn7CAYAKjnJDgucUEBdFa0W06gSHgRhPSDBYTxKGfSCN7QJbNR/C8PkFrvCCMt6JyDSxDkOZyqVCM2DF/tHYI5RccCPVy+B1CnV+4Be9BFj1sx/LNtz/GeuvbGqRX6/2A2r3+ceXyTXAD1sooPe59h1CdF2qyF2wh9Nar/tUGNDzf2fwTWIYI/Gtl96a78NzngrBQd189Bx2+MAZ498eXHlpaxfOrcIdQnrvorRfLvl3Aax2C3zG0mk/ois/A8BHumBFYDwL3Hi/zCzL3ogjf4HrtqI9e5ud831HlVnc8W3KtcSpzx26H0KDjAx5XUd+22B9Z92rw9mW9WgYhr8lFg0cTL0/6Z3LDGjxiHdbz+xXxBiBt7qKPndbg9pPmtwbAwP7o9naf+eb6/ovBlFtBW98AvPQ5kNd+BeT6Xeuvy2mBx7MVnuQjnIyOcD45VlxBSktIVqs3m9trtsDR4gy3izO8lC1w52CKEYh9vi3OQZ5/BPL8E80C/EdQa3zgmG/JJjuUzS9egJ4+HbweyYaxJ2kBdEJCQkJCwhVAscLZv/zvcPGtf7DmbCSwgc36YdPdoM3ONkejOjYjox7BNb+aU/S+wFe3uVS8swEijY8aXIRa9WWB6OBaGTCQVSSYnwUT7GyLBRAanKHR3DU3tivfOGx9/+EQ2B9jvbWojrD7O+g1g5W++oZNA1i1uPUXmtmtWDDBoPECT7QgQuoOv2DCj61q5yFfd03feNikO0OM/nL+GC2gkOhfaMsg5D7kyKTB+tZHqzf0fUdIVX/WFqqEanOmf4Fa193qhId5z3NEIA/B+8/AGFivndWB5RHPTayl+2vuS/8kPPLxnR+9ZocVAqEZETl3Rytam2qa3I76bnVZawhb5yrq2w770xhe1A5bFmdhuzcgEe7YL+Rbom9aemeq3wy+9c8i4QP3J1l+qri1tQiPk76GxhXXu779Mc7PVj4JNhjheZd+Quf9RMAdpaMYnzJ40Mch8m16CPLyL4G8/qvAaGJVxIPLBR4UB3g4vbOpUrF5j8w21ZKB5RoBQYbqfRPLYlo7k4DS2jspSvHy4hFeIZd45WBqVW+Agjz/CHj2EcjyUh3d2oGdeP+VkBAYdDlHcXoCulwMXZUEz0g7QCckJCQkJFwR0PkZzv/Ff4vLt/5Ieg6RHuHKqp27/tNVehMY9Qcwtxce4gmNzf+j/oKtm1talwmMaCakGWoNznMKQUBY/WUY/glaawGOLN+08q/n6ahaB+MnNLZyAsNnA8UApQAKLEPHfKJ98boTwBLOJpTZ5+UEc23H/k1HUe3oH4W1eeNexofXO60ei6CwyTeP+qCbn9bV0wiPq14zBInewPEJjuj1mg8Ad3SjWy1eyoPuC7bhd/A30j+j8SqDaw8KkBBXrD8Jb1+CyzWLC29rH2g//sSMncs3FghwN9wObpBh3nfwV1nB+FRldfVVrrcMvvXP84AmBtgI1ICQVbfkFrfT0j3L8Npmn5PDkcZHCecGVWaAJvdkuQGA7g7+FDXdC6G7nZbVlv9Bem3Hfp5T1OYXuuIjCvqAcOk/u+KPgT703HvaVkOvq3xE93RQDPCef770z7KCVvN1fMDsM8R4x36V/gnnU1n1JZxdz/NW+T2MD3gE1ofBseX6XXYfnht0p6D6W6urVXMe3gZ5/VdA7n7BsGWAy+UKHy4IPhy/hEW2v8lj9o1rW7UdaXzequFmAXR5ChGdD1BKhE5N8hleXz3G/WmOg8nEuAHJ+WPg2Ycgl88MLuzB2rxfaY1f0/F0fPjjxekJiovTaOuXjpsfP/nKV+GCtAA6ISEhISFhi5C/+ARn3/hvMH/na53PL40fv7LPO2CyG7T+mR1g9eU5BUgGsV/1CjiOXmRfr1E9Pavx/Fiez3NNK2sOD83joQFCVcCUS6zWAz5LSI5HYKsFYByvP0CUVDFBC/ELL9daMljlp8sXxIDB+09gGPrD9I2/XMV7swbdv+RB4ah/Ul2D2uEYrdYNlfeHwVSRKv1TcZ/5pj1eMPamBznZNX3jsWX+KdXCJf8k+WjbPHb5KtG7loOsQAGPQde86p3khuUcAQ+KIgsX5y4/XogkGm3vO5pb2vwOzRccMsGwSZ8YENgfpb5qfJ2RlcmZ1FY1anEA+js4B9Y3H3rXT4834zoCJrvcA3Sjy3P7fBNYidu+W98KV1HfZP5FCK3xQWe+Of6AvOS85fVT8wc3UeqbQw9sTOjwAdDkMcOweaKb39LQb3bBMPNbjtgxvevbn2oBeDc310f7HzT2+oNyU2s0IcJ3oAgHFEP2nxuvgtz/6yA3XjG67HyxxM+WY3y4J79uvYlWVVk2JbQOB918xn5AC2QkA5CB/WCrnuPrK+imVFKGlHKNwXL39dnH+Nx0ieOJ4W7W8xfA0w9Azh7VCsVu6VtCwoAozp+jOHs2dDUSPCHtAJ2QkJCQkHDFsHrwQ5z+s/8aq4/eLD8TTbDJ1hHLJjQyktUmzNjEBHueb3KIjsNhgpiz6z9fFHoCQ2G1nzhDcwEif0AW5WPnBLBFeHxPczF4ma6KPD7GuGL+CHcUZRks0TvXP9HntMNo7Q1hg+/yAgLdr4sBSgEUWIviTIp3si56zdJvgyjC5xKfXcs3LX90M1DMjXdkYuNNnuu8UNN8wdb/CzdZg0s6jJTrxGtgbPn4oZXN1e22Cpeu/vVkGbS695bHp4Xg/rjpn7wikuOGN9xqvKqpr33bWofgdwyV8hJWGR4Wqf8E+XoV17Zm3cdp/XIv4Y0+3wz10GbFde93VLWeltzLAjBWmis3y9c0PpBYhhj9MxRI3QW7Q1oGJgfVeECz+8cMqd518OgixCeUoXXRV3T9IN1OHxvWwp3yeuZeWbsI5MMmfWJG5Pota26eK7u/Tr5ZWoYgzSP74pv3kb3xm8DhTe2iFnmOn8wJ3t97XaNm6y9btxMtF0ADVZ8kBKAFRZZlmyvYAmgC9o6HvdOuUC2SrkeSUtp4VgUBPjv7CF/YzzHNxvUqdWN5CfL0A5AXH8N/BAW8MQCoNkhiAtbkrdMHmc9KNlknvZudY/X88eD1SNbdnqQF0AkJCQkJCVcP8/e+gdN/9l+heP7R+gPJSKFzHbEAve8ELQOFfCdoA3+GAqtWySmiWzDBYMobDvr4whjQChgU/sguMOWBrMuEdG8LKFhpGnwzIVPnteqKX5DEjCvff2rnWvgTvHexPOK5jl5L9Fvmbi/h9R4fX/pnWUGrG6pE7waw4hd4teNM7yig3MGf5y399Cs3Wvnpo0NuE3bMP1n36uRwyzffloHpt2y8ECY+PenfluidnT/ssISXaEe8qa986/rRx05rEA7VgokosGP6Fps/zupgIQde9bWDW3msvUCsq0NFoGuqG6iTXutGwC5CXdAdH5g8H/m2Rq2h7GAdXxAjfDZYDPAcH2N99W1p9wYjtKZ31WKsdQ15PpAH3dZx/tFO/wLqY8/6EDy6FuFR6TdD+LuPAEm/K0TgXyscmzziudzWNhThOQDnHaprZ1r9wN1lPNfb+JRBg7MOzXNh8az+kuJkuPMGsjd+C9g71jh5jQ8ulvjx5FXk2WRTLb3EJiQDkKMo1vOmWTYqryUZAc2Lze7PFEWxvmY0GoE1AgUt51QBgqKorq1ndnVec05hXCzxS4uPcf/QYDfofAGc/BzZ84+09FuWTsrpkYSEKwo6v0T+/BHXQRK2DWkH6ISEhISEhCuKy2//AU6//vcANCcXROAPd02wrXfa05tAqz9w+X3hsVkQROQTHKzGKi70eMsXUCmtMAB8/cuAK56YB5hhk4VPMf8kdH8gyyDkLgXGiOSPVnEqbqqP2lz6wk1uWUmD/MlBLX1z1WsGV87DIsEj6z/O+WoRHq/62sGtEFl8nLHj/gh38Oe5ln6Gs0b6GmQBVageZnBD9FGdGGAokLL3jZqXh7csjWqcnaBcwMvxKGB8A6udu5X5JgigMKCqAsXceAd/U6sxPlXt8G+kr1oJYKCPnQsKNAc8MSPy/qPMZnY75XjI8Wqou29nA9h8YYzw7o+b/jlHWJFg1Xi1xn3qqwfLoNrRXzohLEUECZn6j1XxKh7MWug3QwS3qzYGzz/P+hjZ+xXn8avO+LR0R/UDdTFn8DIeUGHwfPOMHfdn695/3fn8evHz9FCruc+XK/xodYAn0zvVuXVZqLcLR8uFzgQYjbKN1q/77XrMTzYnAllGkBGCPM+RFwUICEajDKAURUHXnxFgNBoDBOuF0GTEfWfB1WPTeylwZ/EYX5pc4Gg81su3Ygly8nOQZx8KWrRHa/VAlGyy8Vu6nCN/+uk61yOoT7Lm9uQrX5UIqB7SAuiEhISEhIQtxuk/+S9w8eYfABTtHZM5EINyg+8EXa+nwpZ+eQQrXsW1rc04TlEug4oHgXEDyAoIzTWtTYAGnIDwskMoz9nVPPdkq9pa5K9NeGOGzwaMAYbxYfpmeXl4W7+/kG4eJj6e9Y/ploneKR0e0Gr5ww6z+m/Ac0EAu3cIDZCvrNo877Kce7Z6GwQ+GmibEJl/zvmqk3+yfNS0DHb5aaiHNh0sBp1T6Z/TeFU3AuEVRCbnnRzBW9k+fyPTA2ckf4SXq3g4q/sDxooz/Sv5psasvL49CK9vTj3YI7dshoBwzl+L8JTXa+o3Q/i7j00D+K6AZ/jsDgOgFY5NHvFcbm13BOV5oB8wuuhbb+NTBgvu84EgBhjqQ5rf6hlJvyto+ddssOr9QTe31kc2HuV5l2XX81xHX0P3oEYHVw1wWIdip3M8Brj0H9f+9NLnkH3ht4HpkdbpH18u8c70PgqSNapbr0/pTqteGbJsvWMzpUX5HpsQAkIIlsslTk9PcXF2jtlshul0iowA0+kEx0fHODg8wGQ0AaVAXuSgALIsQ5HnACEgJEPByqx9OQVttzGrES3wy/P38fqB5m7QxRJ4/FOQFx9v7/00ISFi0MUM+bNP49PpBC2kHaATEhISEhKuMPKn7+P0H//nmL//F+VzUEa6J4AzdB9fT6BRZFnWOYFRTkjUJjBCTVAQYjOBIeBGE9IMrhPGAdDnBIZBdVS8PkFrvCCMt6JyDSxDkOZyqVCM2DF/tHYI5RccCPVy+B1CnV+4Be9BFj1sx/LNtz/GeuvbGqRX6/2A2r3+ceXyTXAD1sooPe59h1CdF2qyF2wh9Nar/tUGNDzf2fwTWIYI/Gtl96a78NzngrBQd189Bx2+MAZ498eXHlpaxfOrcIdQnrvorRfLvl3Aax2C3zG0ml/ois/A8BHumBFYDwL3Hi/zCzL3ogjf4HrtqI9e5ud831HlVnc8W3KtcSpzx26H0KDjAx5XUd+22B9Z92rw9mW9WgYhr8lFg0cTL0/6Z3LDGjxiHdbz+xXxBiBt7qKPndbg9pPmtwbAwP7o9naf+eb6/ovBlFuBVfTGa8h+4W8C+9e1LvvRBcUH+69XxbAK1Yvm6lodIGU/zEZZeXJBC8xnc3zw4Qd495138fDTh1gtl2DPoaMRwbWjY9y9excvv3wP9+69ghs3bmFvbwqSERAQFEWBApsdpLn6VPVq/qiAx/3Zh/jSgVYzAKsZyJOfgJx+ihAR1BofOOZbssnGbDG/xOrZp4PXI1lze5IWQCckJCQkJFxtzH70dZz+v/8ZitmzcoRAgM4RBNG8+5vsBM2+0gsE9W7tcN0a0fYH9rXanKL3Bb7KB4ANVLyzAWy+MApwEWrVlwWig2tlwEBWkWB+Fkywsy0WQGhwhkZz19zYrnzjsPX9h0Ngf4z11qI6wu7voNcMVvrqGzYNYNXi1l9oZrdiwQSDxgs80YIIqTv8ggk/tqqdh3zdNX3jYZPuDDH6y/ljtIBCon+hLYOQ+5AjkwbrWx+t3tD3HSFV/VlbqBKqzZn+BWpdd6sTHuY9zxGBPATvPwNjYL12VgeWRzw3sZbur7kv/ZPwyMd3fvSaHVYIhGZE5NwdrWhtqmlyO+q71WWtIWydq6hvO+xPY3hRO2xZnIVVbzDCBHzdP2R8S/RNS+9M9ZvBt/5ZJHzg/iTLTxW3thbhcdLX0Ljiete3P8b52conwQYjPO/ST+i8nwi4o3QU41MGD/oYIt+O7yL7hd8Bjl9Snroqcnx/foCT/butajUSS+DJ+kPCHSTI8xWeP3+Ohw8f4sc//jF+/N57WCwXGI1GWMwXoEUBQta7P7/6yit4+d49LOZzXM5muHXzNt544w28/vqrODg4ACUEIBnqr8NpWQOCxoFG/YqykpQSvDR7hF+bXmCSjZRtgsUZyOOfgFyc7N77r4SECEBn58ifPx66GgmGSDtAJyQkJCQkJOD8X/73OP/m/9L4rGvtMsV6J+g6l01gZI2JCbXNJBNmTaue4GA1qnNC+OOW1mUCI5oJ6TLSVYPznALtGUxWfxmGf4LWWoDDW0jc7ckyCHmtgzX4tk5g+GygGNAlgBb+yIrTL153AljC2YQy+7ycYK7t4L/pKLId/YfXN1MB4PWaxYfXO60ei6CwyTeP+qCbn9bV0wiPq14zBInewPEJjuj1mg8Ad3SjWy1eyoPuC7bhd/A30j+j8SqDaw8KkBBXrD8Jb1+CyzWLC29rH2g//sSMncs3FghwN9wObpBh3nfwV1nB+FRldfVVrrcMvvXP84AmBtgI1ICQVbfkFrfT0j3L8Npmn5PDkcZHCecGVWaAJvdkuQGA7g7+FDXdC6G7nZbVlv9Bem3Hfp5TgN/Rf+f1bVf8MdCHnntP22rodZWP6J4OigHe88+X/llW0Gq+jg+YfYYY79iv0j/hfCqrvoSz63neKr+H8QGPwPowOLZcv8vuw3OD7hRUf2t1FfL9ayCf/22QW59R+nq5WuG7xXWcTta7RDc33SKoJ2p9Ho9SivF4jCKnpaCPszHm8wUePHiAd999B++++y5OT89wMbtElmU4ODwAIQTnFxcAgOvHR7h75w5eefku9vemOD8/x4MHD/D02RNMJyPcv38fv/LlL+ONL3wB2XgCkBGybARaUBCSgZJ1PTIyRkELgGI9VqIAyZoxZLi2eIG/lj3FwWisbBtyeQLy6CfA4kwQgYDW5v1Ka/yajqfj8R8vLl6gOH0abf3S8fbxk698FS5IC6ATEhISEhJ2AMWLT/D8T/5jLH7+reo5ZoNy52QBBM9n4vNET3Jd56tOoNxJBk/cXf7oQvb1LtVrWI3nx/J8nps1x45OkNlGSLPCWg/4m/N5HoGtFoBxvP4AUVLFBC3EL7xca8lglZ8uXxADBu8/gWHoD9M3/nIV780adP+SB4Wj/kl1DWqHY7RaN1TeHwZTRar0T8V95pv2eMHYmx7kZNf0jceW+adUC5f8k+SjbfPY5atE71oOsgIFPAZd86p3khuWcwQ8KIosXJy7/Hghkmi0ve9obmnzOzRfcMgEwyZ9YkBgf5T6qvF1RlYmZ1Jb1ajFAejv4BxY33zoXT893ozrCJjscg/QjS7P7fNNYCVu+259K1xFfZP5FyG0xged+eb4A/KS85bXT80f3ESpbw49sDGhwwdAk8cMw+aJbn5LQ7/ZBcPMbzlix/Sub3+qBeDd3Fwf7X/Q2OsPyk2t0YQI34EiHFCEzLdsDPL5fwPklS8pTz1fLvEW7uByerTRqeYXUWQot+qiACgFyZrCNspGKIoCq2WOTx88xA9/+EO89Z3v4PnzUxwdH2M8GWO1WoGMRqCUYrVaIS9WIAQ4PNjH4eEh7t25jaPDA7x48RxPT55gsZjh9q0buH3zBlb5Cq+89hl88cu/guPj6yAkw2g0QkGBogCQERCsywbBJh+L2nQUbTXgweoCv04f42g8Ubfn6Scgn74H0Hx79S0hIWIUL56guDwbuhoJmkg7QCckJCQkJCQAAGY//FOc/j//EWixaj0frR/M6s9L1YRGxnH2IMrvmJdlWYPr/MmqUBMWhPiYwFBY7RmB0FyAyCcAZRO+PO+aoA39gs02mkYNEGl8jHHF/BHuKMoyuEPv2jycbehp7Q1hg+/yAgLdr4sBSgEUWIviTIp3si56zdJvgyjC5xKfXcs3LX90M1DMjXdkYuNNnuu8UNN8wdb/CzdZg0s6jJTrxGtgbPn4oZXN1e22Cpeu/vVkGbS695bHp4Xg/rjpn7wikuOGN9xqvKqpr33bWofgdwyV8hJWGR4Wqf8E+XoV17Zm3cdp/XIv4Y0+3wz10GbFde93VLWeltzLAjBWmis3y9c0PpBYhhj9MxRI3QW7Q1oGJgfVeECz+8cMqd518OgixCeUoXXRV3T9IN1OHxvWwp3yeuZeWbsI5MMmfWJG5Pota26eK7u/Tr5ZWgbfzUNe/WWQz/9N5XkXqxXexF3Mxge1T5stte6l1d8qJpR9TjEiGVarFQDg7PQM7/zwHXzvu9/DRx9+hNVygdFoisOjQ4zHE2SjDKsix2KxQJ7nGO9NsL+/h6OjI8wvL5CvFhhnBLTIkec5bt28jnsv3cLB3hR5UeByscR0/xAv3bmHu/fu4tbtWzg4PMZ4MimViJDRejdq0PUmXaC1luQzADhYneM36GMcaiyCJk9+AvL0A9hFUMAbA4BqgyQmYE3eOn2Q+axkkw1pi5NPUCwXg9cjWbU9SQugExISEhISEhhe/Ol/gsvv/UPhyKHcOZl9XgPRLN/7TtAyaIyEuvwZGqxaJaeIbsEEgylvOOjjC2NAK2BQ+CO7wJQHsi4T0r0toGClafDNhEyd16orfkESM658/6mda+FP8N7F8ojnOnot0W+Zu72E13t8fOmfZQWtbqgSvRvAil/g1Y4zvaOAcgd/nrf006/caOWnjw65Tdgx/2Tdq5PDLd98Wwam37LxQpj49KR/W6J3dv6wwxJeoh3xpr7yretHHzutQThUCyaiwI7pW2z+OKuDhRx41dcObuWx9gKxrg4Vga6pbqBOeq0bAbsIdUF3fGDyfOTbGrWGsoN1fEGM8NlgMcBzfIz11bctF76z/tDmTO9KvqkhzwfyoNs6zj/a6V9AfexZH4JH1yI8Kv1mCH/3ESDpd4UI/GuFY5NHPJfb2oYiPAfgvEN17UyrH7i7jOd6G58yaHDWoXkuLJ7VX1Dc9ZeRffHfAvaO0YVFvsK3i9s4n1wry1jrEm28Y14/pRNGqipSoCjWOyI/ffYUb33nLbz15lt4+vQpxlmG8XiC6XQPWZbh9PwM2WgEAFjl+ToHRiMcHh5gMp5gMZ8BxQp70wkOD/ZBQLA/neLlu7exNxnjxekpzi9nmK9yrIoc+/t7eOW11/CLv/hFvPraaxhP90ApxWg0AUGGgubrehIAhM0zFACyRlMCwNHyFL+JE0xH4872Qj4H+fRHwPmTUr9l6aScHklISGiBLufITx4MXY0EDaQdoBMSEhISEhJKLD96C8//0X+I4oV4IEeqZ8nWfFHG8a7Ha4BoT5hlqudpoVVPcLA61DnQ5kKPt3wBldIKZyz5+teSQrGgoPcZNln4FPNPQvcHsgxC7lJgjEj+aBWn4j71UbWjv2pHKlbSIH9yUEvfXPWawZXzsEjwyPqPc75ahMervnZwK0QWH2fsuD/CHfx5rqWf4ayRvgZZQBWqhxncEH1UJwYYCqTsfaPm5eEtS6MaZycoF/ByPAoY38Bq525lvgkCKAyoqkAxN97B39RqjE9VO/wb6atWAhjoY+eCAs0BT8yIvP8os5ndTjkecrwa6u7b2QA2XxgjvPvjpn/OEVYkWDVerXGf+urBMqh29JeuoJQigoRM/ceqeBUPZi30myGC21Ubg+efZ32M7P2K8/hVZ3xauqP6gbqYM3gZD6gweL55xo77E+X7r8kB8Au/i+z2fWW+/uX8AE/3bgMgjXG4yG12DfuAEAIUBYqiwKefPsRbb30H3/vu93F+drHe1fngEJRSXM7nuJxdYrVaYW9vDyDAcrXaLIIe4fjoCKtVgTzPQfMckxHB3t4UR4eHePXll3Ht6ABPHj9Cnq9QgGK+Wv9l5cvLGWaLOV599XX86q/9Gr74xS/h6NoxKCUAxfovJYOC0mJdd4J1f2Z156Ty1vwEvzm5kDcCa4OLE5BP3wVWi/ARtXogSjbZ7bbF+XMUZ88Gr0ey3fbkK19V6mUXRr//+7//+04lJCQkJCQkJESD0fVXUFw8xeLD7wiPUyq/tuOQ09kUaEyNNT40sW7V6KyTjGtbm3GcprsqHgTO8dFtYVeuaW0C1P8UUmm97BDKc3Y1zz3ZqrYW+WsT3pjhswFjgGF8mL5ZXh7e1j7gu7u0+zN4iY9n/WO6ZaJ3SocHtFr+sOgvjecAACAASURBVMOs/hvwXBDA7h1CA+QrqzbPuyznnq3eBoGPBtomROafc77q5J8sHzUtg11+GuqhTQeLQedU+uc0XtWNQHgFkcl5J0fwVrbP38j0wBnJH+HlKh7O6v6AseJM/0q+qTErr28PwuubUw/2yC2bISCc89ciPOX1mvrNEP7uY9MAvivgGT67wwBohWOTRzyXW9sdQXke6AeMLvrW2/iUwYL7fCCIAYb6kOa3ekbS7wpa/jUbrHp/0M2t9ZGNR3neZdn1PNfR19A9qNHBVQMc1qHY6RyPAS79R7M/kVe+BPLqLyvPe3uW4dH+PQD1xc8EbOdnQkj5D5t/7FiWbXZRLgo8+vQRvvPmt/H2D97GYrHA0dERbty4gfFohPPzc7w4PcUqX+Hw6BB7++vdoLNsvc3XaDTGeDwBIRnynGK5XGK1WqEoKCbjCQ4ODnBwcIBRNsJiMcdsPkdeUJAsA8kI8tUK5+cXePrsKSgFbt26jf39fRS0qPkBZIQAIGtLyTp7SbbxOAMBwWx8iNn8DHdHikaeHIDmOTB7Fr9eJyRsIchkD3QxA81XQ1cloQOz3/n3na5PO0AnJCQkJCTsGFaPf4Jn/+ffRfHkp4IJjc1zMJFPEGeA1gQGe4BV7Rha/zzUhAUhogkMATeakGZwnTAOgMgmnGXzKzyvT9AaLwjjrahcA8sQpLlcKhQjdswfrR1C+QUHQr0cfodQ5xduwXuQRQ/bsXzz7Y+x3vq2BunVej+gdq9/XLl8E9yAtTJKj3vfIVTnhZrsBVsIvfWqf7UBDc93Nv8EliEC/1rZvekuPPe5ICzU3VfPQYcvjAHe/fGlh5ZW8fwq3CGU5y5668WybxfwWofgdwyt5hO64jMwfIQ7ZgTWg8C9x8v8gsy9KMI3uF476qOX+Tnfd1S51R3PllxrnMrcsdshNOj4gMdV1Lct9kfWvRq8fVmvlkHIa3LR4NHEy5P+mdywBo9Yh/X8fkW8AUibu+hjpzW4/aT5rQEwsD+6vd1nvrm+/2Iw5Vo4fgnZl/4dYO+487T3L3O8d/g5gJJmg4GNntoL80E2C4kpAEpBQPHo0WN845//c3zw/s8xXyxw/dp1XL9+HefnFzh58hTnZ2cgI4Kj42Pcun0bBwf7WC1XuJzP8OzZc+wfHGK5ynFxfonZbInVcoGMEEzHE1y7doS7d27j3ku3QVDgxYtneP7iBVZFARCCguaYzdYLoifTKQ4Pj/HLX/5l/MZv/A1cv3FjXVdS949iNBohz4u1XmSknTCg+IWLn+Gze/W/wyzAagby8F2Qy6eNtjONoNb4wDHfkk12Gy2WC6xOPhm8HsnK7cnv/SFckHaATkhISEhI2DFkh7dAZ88x/+AvO0cSjTUXNbBTfMOoTMMRUYj66lRPm1P0vsBXOdDfQMU7G8DmC6MAF6FWfVkgOrhWBgxkFQnmZ8EEO9tiAYQGZ2g0d82N7co3DlvffzgE9sdYby2qI+z+DnrNYKWvvmHTAFYtbv2FZnYrFkwwaLzAEy2IkLrDL5jwY6vaecjXXdM3HjbpzhCjv5w/RgsoJPoX2jIIuQ85MmmwvvXR6g193xFS1Z+1hSqh2pzpX6DWdbc64WHe8xwRyEPw/jMwBtZrZ3VgecRzE2vp/pr70j8Jj3x850ev2WGFQGhGRM7d0YrWppomt6O+W13WGsLWuYr6tsP+8HPbPm5nZla+wcharysBX/cPGd8SfdPSO1P9ZvCtfxYJH7g/yfJTxa2tRXic9DU0rrje9e2PcX628kmwwQjPu/QTOu8nAu4oHcX4lMGDPjrmG/ncb4LceAVdeDZf4vv7nwNBti6EEID9NwjYwmey4Syj1muJCbIsQ56vsFou8IPvfx/fefM7mM1mONjfx2fv30eer/DxR5/g/PwCBweHuHfvLq5du46j4yNMJhMQQrBYLrBYzHFweIjFYon5bIGiKFAUFJRSZFmG8WiEDBQgFJQWGE1GmM3nWC5XWK1W5dzDdLqH4+NjTPf2cHFxCQA4ODjA4eEhstEIFOvyMjICybJmJyHM483/EYqTyQ3cWjzB/mgkb8RsvG62s8dR6UFCws5g0//ocj5wRRJkcN0BeuypHgkJCQkJCQkRYf9L/x5m73wNqyc/BbB51gTKB7D6D3DrL9IYuGc1jRe5xHDCTDHBwXZ0JirO2T4mMAgB4SY0CBScWFp02XKKYF0fIuAUVX15zsWkzojqCZpYWk1oLcCR5Zsk/5qW24+c8Jbo8Vp59aahNcfX/YcFh+Nd1qWhSbclMt6YhOqwm3pW3Y9IbO04K53njfKbnIHXL5675pvVG4aychzvKK7kyvBv9JDn5depX7Cp/iQh6yitHfw5rmVleqyymuUTTgAIJwBCztqc5xDoJ8/Jhut1p8qiaSHjNvkmyz8dcBWryZGEE656bb3r5JSNBzosu47nOrbW8CresErBUDSQpiWlfrNSxbz81lKHZZy33PWmVtEdCadvxDHftG0JvoNwRze61eLl+ED3BZulJRJes6zhGhxtrmWtxqv1YChuYFzAmf6xPiDjVf52h1U3/zqtoBzIuOwE63zkwZ1Q9n9weoBN+Ag3fm0qQLXvUZN36Z+W5c9XlctsTc+YPst4aU0alg9QK4G6OeGuV4bbU75pW6JnAQmHAtIVsB28UWq33jAda3HS5Eqrq6eC8anOX6BCrRxd3g5wB4eEdw7ACFQPoLr3W2V+8dzUysrnPeLShyj0DrRVghm3dWhTjkxPS64zPuUtK4fnOlagz6w6Tc4d120vfke9VjwE1gCtb+cSxVe+ldZFrwlq83Ps825eFWRYAdPxG9PTcry6/lz2g3SKmu6Z6KmuPnfqNast/4N0Nn8g4BS1+QWI880i//QTZ2N4OVEVZxN+dj3PAU5tBFw2nmlxsb4prePzq2o8p9RX3fGpbLxaWoh5qcvgdLriVT6i8ThUHjeBYfO3Ek5VvESOVOMFef6xnivh5XsGQ86VV1eIBrf5hUwrYAb6ynVQ2Xi1xZkeC3W05p1wPpVVX8LZ9TxvlS+wtTxS8YbVhdnjgLi5a+C/vlW9lpwRPV6WI+MSK3kf0Z6fE3Ad6zg+VdlyvoDnm/rr6F8zbApOzC0DuXUf5N4vVBzi2/u75PbmKLs4a1yzts1MYozSAqvlCqAUDz99iCePH2E6nWAxn+H69Ws4Pj7CwwcPMJtdYjQaYzo9AJBhPl+g2Ig/pRSnp2eYz5dYLZ/j7OIcq1WBguUEAQoUmM0vMZ+f4/ziDLduXscrL9/DweEBxuMxQAiKogClBfb2D3H9xnVQSnAxu8TPf/ZzFAVFkRe4e+8uRqPxuh1IhnyVA6T+7CoCwY+zO/htPJcc37TFtVdALk5ATh+1dM96fCobr+rMLwqON36gno6n41t2PDu6AXp5BhR5lPW76sddkXaATkhISEhI2EFkBzdRnD/B4oM3y+cZGSiF8fyJoBTz04mAd1kGnm+uN/FB9vUu1WtYjefH8nyeOzaHqHmM4dwAoSpgyl0e8Dfn8zwCWy0A43j9AaKkiglaiF94udaSwSo/XfVgaAzefwLD0B/+HuNdb12tQfcveVA46p9U16B2OEardUPl/WEwVaRK/1TcZ75pjxeMvelBTnZN33hsmX9KtXDJP0k+2jaPXb5K9K7lICtQwGPQNa96J7lhOUfAg6LIwsW5y48XIolG2/uO5pY2v0PzBYdMMGzSJwYE9keprxpfZ2Rlcia1VY1aHID+Ds6B9c2H3vXT4824joDJLvcA3ejy3D7fBFbitu/Wt8JV1DeZfxFCa3zQmW9sIaMr5y2vn5o/uIlS3xx6YGNChw+AJo8Zhs0T3fyWhn6zC4aZ33LEjuld3/4wPVNxc320/0Gj6oc9Rnrr2xpNiPAdKMIBha98y7L17s8HNzu/7r1Likf799b3cJKBsH8g6/dWBOt2a/0DCKHr9byU4oMPPsCTR5/i7OwUDz99gL3xFPfvfwbz+RwPP30ASgmm031cXsxxcXGBUTbB02fPcXZ2jsvLebkAejafYZXn6zBlmzwiFKMRwXiUYToeY/9gDwDF3v4Ee3t7GGUj0IJiPB5jujcFpRTz+QKzyzk++fgTFHmBxWKBi4sLHB0d4ej4GEAGutldmlIgy0Zrn0EAklV+Yv1+bjHaRz57jtuqLUoJAc4fN/MuISHBD8hal4rF5dA1SRDAdQdoQuU/Q0lISEhISEjYYqwevIOnf/wfoDh71HiOzSCe0MhIjZcTE+vnQ90d9UBIWV7XhEWIiYr6glC9CQyFNZkBDcoFiHwC0HgC2CI8vrOIwct0VeTxMcYV80e4oyjL4Bq3niD2YBv6WntD2OC7vIBA9+tigFIABdaiOJPinayLXrP02yCK8LnEZ9fyTcsf3QwU8+qF2/pzGW+9UOO5zgs1zRds/b9wkzW4pMNIuU68BsaWjx9a2Vzdbqtw6epfT5ZBq3tveXxaCO6Pm/7JKyI5bnjDrcarmvrat611CH7HUCkvYZXhYZH6T5CvV3Fta9Z9nNYv9xLe6PPNUA9tVlz3fkdV62nJvSwAY6W5crN8TeMDiWWI0T9DgdRdsDukZWByUI0HNLt/zJDqXQePLkJ8QhlaF31F1w/S7fSxYS3cKa9n7pW1i0A+bNInZkSu37Lm5rmy++vkm6VlcGkecucNkC/+253nvFgs8a3p5zfrmQmADNgsfq5EXXIxpaB0hTzP8dO/eg9vv/19vP7qa/je97+Lhw8e4PjgGl5//VU8OXmC09MzFAXB2fkcqxVAyLqxzs7Pa++sM+zt72E8HoGMMiwWK4wmIxRFjny1QJ6vsDcaYzoZ487dl3D3zm0QAM9OnqIoCiwXS+RFgTwvUFBgPB5juSpwenaK5TLHdDrF9Rs38Eu/9Ev4nd/9N3HvlZdBsgygBAXNMR6NQWmxDmID+dpXrBdK/9blX+H6dNLd9g9/CHL6EOYR5QcA1QZJTMCavHX6IPNZySbbt109+RhYLQevR7JNe/J7fwgXpB2gExISEhISdhTZ8R0UTz/E4uHbjREEJRD+SXN+UrT8HOLPxZAUIkDnaRYjI/06hgffZjEumGAw5Q0HfXxhDGgFDAp/ZBeY8kDWZUK6twUUrDQNvpmQqfNadcUvSGLGle8/tXMt/Aneu1ge8VxHryX6LXO3l/B6j48v/bOsoNUNVaJ3A1jxC7zacaZ3FFDu4M/zln76lRut/PTRIbcJO+afrHt1crjlm2/LwPRbNl4IE5+e9G9L9M7OH3ZYwku0I97UV751/ehjpzUIh2rBRBTYMX2LzR9ndbCQA6/62sGtPNZeINbVoSLQNdUN1EmvdSNgF6Eu6I4PTJ6PfFuj1lB2sI4viBE+GywGeI6Psb76tlS9oQjTu5JvasjzgTzoto7zj3b6F1Afe9aH4NG1CI9KvxnC330ESPpdIQL/WuHY5BHP5ba2oQjPATjvUF070+oH7i7jud7GpwwavPHyV9LBWwJAkH3uN4GDG9I8AIC3V8e4nO6DgCID2/V4bUagIMgBkq835iIZ8s2nI7rCCEuArvDgow/xz77+T1Esljg62MODj97HarnAjZu3kFOAUoLJdA8vnp/j/PwCRZHjYG8Pz8/PsKTAglKsKDCajNe7OdM9XF5cYlEssKQr5GSJyXSCG8fXcXztCNP9MSgBFqsC82WB5y/OcXm5xMX5EmenMyzmC6wWCyzmC8wXC8wXK+Qkw/OLGS7mc1zOZrh+8zru3buLyWgM0ByUZMhGIxSUVrtOg6zfxRMCuvkHEMzyHK9ky852RUaA00frbBWllyzcCQkJWiCEoJinXaBjQ9oBOiEhISEhIUGK+U/+DM/+6O+0PqdY7wRd5+z5t/GeqWazOu94zs8yojVhlkHyfA29CQ5W4/I4afLOKcQtX0CltMIA8PWvB9xwwiT0E7UsfIr5J6H7A1kGIXcpMEYkf7SKU3F9azghLH3hJrespEH+5KCWvrnqNYMr52GR4JH1H+d8tQiPV33t4FaILD7O2HF/hDv481xLP8NZI30NsoAqVA8zuCH6qE4MMBRI2ftGzcvDW5ZGNc5OUC7g5XgUML6B1c7dynwTBFAYUFWBYm68g7+p1Rifqnb4N9JXrQQw0MfOBQWaA56YEXn/UWYzu51yPOR4NdTdt7MBbL4wRnj3x03/nCOsSLBqvFrjPvXVg2VQ7egvXUEpRQQJmfqPVfEqHsxa6DdDBLerNgbPP8/6GNn7Fefxq874tHRH9QN1MWfwMh5QYfB884wd9yeK91+3PgPy5X+3szkfzpb4/v7nQbJ1XhMKUDICyLq+o4IChG7yPQPNxsix3pF5ghVIPsejR5/i6//k6/jZT3+KX/3yr+DWjev41l/8OQDg/mffQJaNsMopHjx4hI8/eYjFsgClBXJKkNMCdDTGeDIFIQSrxRxFnmOUjbBY5cAYGE0yTCYE09EIx/sH2J9OMZvNsVwusSooihXFiGRAvvlRdZGDoABBgdVqBZqNkFO6Xrg9mmCUjTAaEXzpS1/E3/5bfwsvvXQLoyxDngFsF+r1GvDNHtgUKEgBSje9fnNz+tWLv8K96agzLciDH4CcPfYfYasHomST3T3LdoEeuh7JVvbkK1/tvl8qkHaATkhISEhI2GGMb93H4sPvIX/2YesYlVxDKRpTWfXzRZ+3r9/8+ZzOk1DtRE1qhXdZBXTqVvt6vxO2NuM4TXdVPAiMG0BWQGiuaW0CFH4KSWq97BDKc3Y1zz3ZqrYW+WsT3pjhswFjgGF8+HuIs776trUP+O4u7f4MXuLjWf+YbpnondLhAa2WP+wwq/8GPBcEsHuH0AD5yqrN8y7LuWert0Hgo4G2CZH555yvOvkny0dNy2CXn4Z6aNPBYtA5lf45jVd1IxBeQWRy3skRvJXt8zcyPXBG8kd4uYqHs7o/YKw407+Sb2rMyuvbg/D65tSDPXLLZggI5/y1CE95vaZ+M4S/+9g0gO8KeIbP7jAAWuHY5BHP5dZ2R1CeB/oBo4u+9TY+ZbDgPh8IYoChPqT5rZ6R9LuCln/NBqveH3Rza31k41Ged1l2Pc919DV0D2p0cNUAh3UodjrHY4BL/5HkG/nMXwM5ut35tW/Tm1iODwBCQJAhIxk2q6GRgSAjm/dUhIASgoJkIGSMjFKQYgmaL/DuD9/G2z/4ATICvPG5+3jx/BnOz05xfLiPx58+AiEZVjnF8xfnuJgtcDlbYUUJMBljPJ2Ckmy96zIIimK90LgARQGAZBmm4ymmozFIvkKxuABd5dif7OFg/wAjEBzuH+Bgbx8ZAUYoMEaBcUYxyYDJJMN0PMKNG9cxIhkyMsE4G2G1zLG/t4c3Pv953LxxE+PJFMgAWlCQjIAQAkKAbPPMRsnmB2+svQFc0gyvk1l3XIsCOH8cv94lJGwraAG6UPTDhF7hugP02FM9EhISEhISEiLF/hd+F/OffxMZEU8IZxxfT6DRzU7O7YmLjHA7hPK8nADp2ON5s/KZks1EDGl+LrUdT+wUBISdp1hARXQ42LMoa5kOTjaciHiHRbeFjIeecFZVjLOU8PMrRMir/CLcehXCvQ/Q4I1yFZa07br+Cm7aEHyDmNja9c3Wq/PNccIszDgkXGUNuyfh8k2Vz9ITdDuIIbR2COUXHECknxJLLG3t+oaeqiaEQy8okAV4o3c8J40EqPSS5675RkTV0bHcByquTmAFWs1K1LzjCyt9Xf8v0zWeKy0kXGVLPZZb5kfJN/Vj5TT90gyI9AbKtRfPufZr6atOunvItxY3dE83HdXjA6YDNd4oRcGJhG8+4sd1Mu51R1DZCzZN26mvtcBXnDVBhx6WHyp45wu3ttW9vyrz0dTqlq/Zn+TjVWWGc9Syg0k8aOnrRsd43mlZOTzXsRr6zfxo8Fo5ne3VGrATLh4854oyfJ4wvd/a5luL6+g3zwFUIz0Jl36hogK64y3F86twh1Ce18oLPl4VWvbtAl7TN37H0Go+oRbkwM+vLTmRFFdym3yT5Z/QkibXfL4Dz7ny2h5JrMnzKs81bDleJd1cOl5VWQ/zC/WWquspzw3cluabMXQe12p1k40XpJao7KYn8xwSDo5z+qaajwvz/KphOf3U5lrjVOYO/4N0Df0k1K57os21YNjcKr1uqRHfnZT5RxrltPRSxTcNZWQb5TR7jGx+zniADQlXWS4ByvFqF0c9XIa81GV5/gktKs7ApwtBrXvz3FP+tdBKyG5bjv/Kj8WcyHipc9jkl4zXLEitHIXldEzF9R7QOqzV/GO9sZu8tQEIEfN1XnVwMy9q4wWN6m8u4N3RSj/D7i3NT+UXbBjXAWWc1DmqjFVaIuEqK7uec7zFHd+vaHRwrjlJ43A1XuU4mtxnvrWsSfm1yvHN0cnrF9VxcAPk9n104cHlAqcH15ERACTbFJqV5VFUfmRkvacyq3CWEYwowWwxx/zyAtevHWG1XGJEgP39PXz2/us4OzvH2fkCT54+x7Wbd1BkE5zPcyzpCKPxBEVGUABYFQXy1QoEFISuc3xEckwwAskJyCxHMctBihkwLjAqCoCuMNqb4mg0Ai0WmO7t4cb+FIROsD/OMCLAZJzh6OgIBSU4vZzhyckLPDldYj5foigKLBdzLOYzFEWOxWq2XgTN8qh2u2iPxdaRO5vexMPzJ3h5r2MX6KPbIHvXgfmL1vVdkE0vdMo5DPIt2WR3xI4OjlGcPRu8HslW1hVpAXRCQkJCQsKOY/q538bo8Bbyi6frQcRmJMH+zFYBNrhYc7q5rijYJP3m840tKJuMan5e8vLzYjOx0TyuZSmw/ntJBpYvh0q4ri3R5s2BmIojzASHqln487jrGVRcCEGBVMW51iybm+e6li/PyFYRonVa1psFgn0u4M0ItzklZtbnI4IiwawWTFDesvySHC9Ls+MMjeauuaFsBgUol0gyXn1M64dr3MJSrBfRdVjwnCunxY31zdWi4p2CI+Eq1L6OXdbJuUudelF399HSa4aSbz6U3a6kzatoHhVn32UmR9UrqCrLOL6ZuaVUzFmBlNM3x1dT0NE3qwUTHvVavIN/m6/PliyIkLrDL5iQWKqylOuOdFO7bl6hg1PIdUyme5yetSw1tKryOAsTzhq6dBaChuc4Q0v/KNd8HLfUByM0/Knyje9uDc6oRP9Mh+/S5pNYBiHn/LGRmVZ2czFT6V+plzxHnVvamiBQIuGqAZNswK7SOx/jVZYwLGKdCdXmTP8a4aVt7pZv/D5jBpwChNBOyzKhxZniKJ5fqYpLdMxofMpzE1t+O63VolavsroSDjQ+9woXgZHVi+pb9jV8dbSrx7o1z02syv1Nffnx6prXalwe1PGo4nwPbvCajmlbXiephGtacOXJuL7eyQIgOV5CkpBlPkl4vekd0YreRsea7lHODY7zesnGn+xzamjRbZnjKl51yG7bGr9yHbvFleNUNHl5tSkX2FpDa9++VTDQN++w6W6CyxtcL+za49G2Soh+MM/0mnUM1j9kvK4Him/mxmtUxV3Gnyqrodey8Wqpr6x/6Oodz6XQTfgahM3OJwbHW9/B8dq4h+mamFe6xk6o65yVpVCOT1uWK4f5w49XmT7z49WWlbVLo3Q1r8anm7YjPJdY7ttbVlV9iTte5M9ccPTKNLEa1VPxSu94OWM/BOrgXfoJ0fuIbsuuVP3gXfcGI9Ux3fGpbLyqa8u21uOQ8qZ7Oo/35PZ9YLzXmSMfjG401pE3l4hnaGxWRSmyLEMOgrzIMcqAjADFaoHrx4d49d4dnDw9wXxxiWvXb2A+X+Dg8BpmqxPMFjmKsxlOL1eYLQFKMozIGHm+wmq5RJZRjEBBaIExIQAtMM5XGKHAiIwxyYD96RgH02u4eeMQL710jFu3r2Nvfx+gFGREMNmbAIRgf7qHaweHyEAxHhFcu3Yd070DPHtxhr/49ltYvPcBaL4ECHB58Rwfffw+PvvG69gb76P8kS+XzwBQ/Qi49uM/AB9NbuNlPJc38miK4vAmyOxF+z6kgFTHZLqHZJO9gjYbIds/QjE7j6M+yTojLYBOSEhISEjYcYzv/iKm938Ls3e/tv6AYv2gVTuHovxtbnUK+5ybh2VW9nn9/Q577K2Xx09osG9sTHCUP0VX8aaloLVF190TGNYLqNhDaq08AgUnlhZdttbGmwZvcRZrEa+BcIyohpnE0mqinAPgwtUZPnaY50LL72jCW36HEwmvlVdvGlpznAAod0Tlua8dC3hLui2/Q021Y1i913ZY0Y4RQls7zkrneaP8JmcgEvd85VsZSJ532bJyHO8oruTK8LOd9jhefp36BZvqTxKyjtLawZ/jWla2o4zKapZvumNYYwd/nkOgnzzfLP5RdKO2RdNCxm3yTZZ/OuAqVpMjCefHB4Y7RFG2o16HZdfxXMfWGl7FG1YpGIoG0rSk1G9WqpiX31rqsIzzlrve1Cq6Y30xYYvrwLZiJfgOwh2lFNU9q8bL8YHuCzZLSyS8ZlnDNTjaXMtajVfrwVDcwLiAlzv4k25e5W93WHXzr9MKyoGMy06wzkce3All/wenB9iEj3Dj16YCMF3jeZf+aVn+fFW5zNb0jOmzjJfWpGH5ALUSqJu3d7iFkPvON21L9Cwg4VCgtmBqEzA1b5TarTfljv08J03utkN09/hUZRt6Cn3eDnAHh4R3DsAIVA+guvdbZX7x3NTKyuc94tKH30FQqH/NEsy4rUObcmR6WnKd8SlvWTk817ECfWbVaXLuuG57leNVjnt6fmh9O5covvKttC56TVCbn2Ofd/OqIMMKmI7fmJ6W49X157IfpLP5TOPxqq4+d+o1q2215BGM1xbzNDhFbX4B4nyzyD/9xNkYXk5UxdmEn13Pc4BTGwGXjWdaXKxvSuv4/Koazyn1VXd8KhuvlhZiXuoyOJ2ueJWPaDwOlcdNYNj8rYRTFS+RI9V4QZ5/rOdKePmewZBz5dUVe7rs2QAAIABJREFUosG1Juw52wqYgb7y74Ek49UWZ3os1NGad8L5VFZ9CWfX87xVvsDW8kjFG1YXZo8D4uaugf/6VvVackb0eFmOjEus5H1Ee35OwHWs4/hUZWV/cYrVX/8vpLKwKTgxsISA3P4MUKsxf3t/Ml/gxd5ryMhaO+imCdZjjU2fIKRWG4qCXU9GoHQFoMAoA24cH+KTDBiPMmTZCB9+9DFOT89x+6W7uLicY5kTLE7PsVhh3c8oBSlWGGEF5AuMabFe7Iwce6MxxuMM0yzD4d4+DvcOcfP6Nbx89w7u3n0JL7/8Eq5dP8D+wQTj8Qh5vsLN27dwdO0QBQEO9g+wN56AFitkoBhlI1CMMF8WAKE4PT/Hez89w2KW4+z0OX78ox/hr//6r+Pw8BB5kQOEVJpQizo2n6G+kB7Ai73beHrxBLcm8iV75PA2yLMPNsG0HJ/Kxqs684uC440fqKfj6fiWH8/2j0DnF9HW76odd0VaAJ2QkJCQkHAFMP3s38DlO1+rPqC0+fSFaifo8hT2OffMw2yxKYL/vLTl95BGeXTzP9UOU+vnNf6X++D5pgSe29h18VWFtXjtugYXWQpo76jAc03LUHIq5s2A1LgUtHoern1k/BztBPZLd5SxlnHKOETcfoeS8nyeSyxUnIq51HY0cLUAjOP1B4iSKiZoIX7hpawF7bZlPtLyP4VcEn79/PKSb4IyVDIiu27zWeMdiyCs6h1KKn1cW0NOafNz2rTgOcRcaHUSoGaZvtVrqsMbVqbDMsuam+cQcFp/vl5zdkJ57+O5KzrzrZZAMi4UaEYbDtUs80OwY4mmjmlb5Q4mEq6p11DxEirBaHMKWnvJw3Fa8c60R4eVhafLcuXYelfCRd9EZXkfH3SfxO8UqtzBn+elXmpYitr4VM+CK0fGta10oN22TTUQ6KtA75R8U5MWt7SsOtLxgiwfyw8FesfzVoercWcPzG7osh34hHqrMz51HK9WzSvmVdp1cyN94MNVudvmfqNjMlzplCs+faTjA13BtoXsuU7GW19aCyBzvMaVO/gzPeO5raVmFtz1DV7zp8GFAa7lMgRc0G5cOnOcir9ON99E+cfyiudSW9WoxTU8EPYA0weYrh4pEwATq+jxyvGsanzKuk+p1xIu0k9K1c3Dzuc5LMGVwXXnNucudcs3gRWVa2CZP8bjA9r6D3kDdXU85RcaWtlztuy5nNdFTt/cd+gXlNuwaHDwnEp46z6EJjQSXGt80JlvbCGjAacizluWDtWZqh1GQ+mb0hpPOEkESjSAYfrGc4qy/lVxEs6lg7Gl3bbV7SDmQug0c9N9rbtpZ/EyOZJZ2XVgaUTbvJFe6wulXNlxFRGSBUI7YB1Wo4GMd+xX6F97PhXNz3kOCW+VD3H3U3EHMD0TclrxqvkEHB0/wKEUpj9oVP2wR6avQr3V0jcJ7xqvCm84El5CpaeSGMl0S7M7dfYijeZpv4/YXH98F+TavapefL0BfEz3NtMxZOPxepEzCABCUF+AnRF2J14fy0gGUgAoChBKka+WKPIVzs7OcHB4jtPzCxRkjBdnl7i4uMCqIMhWBRYrijGhyFBgVFBM6BLACnsjisO9Ea4fHeD29Wu4dfMmrl2/hps3buD2zRu4ef0YL730Eq5fv4GDw0NMJlNk4xH2JhOMJhn2Dw8wno6BMcFoPEYGClrkILRAvirw/7P35tGWJGd94C8y7/beu2+p916tXb2o1ZK6EVqQLSE2y7JYJNt4xGIMiIHxgkeDZ2DOgD3GB3QYBnsGMyw+cGwOh8M5xshmhAZhyxiwWI8RIIRAoKWhJbW6W91dVV1Vr+rtd82YP25GZMQX8UVE5r0lNdT9+rz+1S8zIzLiiy9+GRmZGXc8kcgHI7z05Z+Nw6MT7B8c4uTKTZyMJ7hxYw/7+0fY3j47S5/nmMqiuhgoiSpjxnyGp+wq1nAGQyc+tL9XtoDeJnByO9Ti9TGq1wjul8v9y/1/UfZ3VyBFBsjp87N8d+H+eWz5AvTSlra0pS1taXeBde59FfKVDUwHB/btt1A3otWEcAYYExPqfl4iy2yu9meKkwnlaoKh/Kc5YUG+UKVf6EdXXAl84SohIOj+quCzOqdwI73wYnV77/Dy4YSaBGA5Pd6bnwcj7vC6p44JhieisyAR/Fyj7X4s7gv3uisy0RWYXF7LAQtacYWis2KzUX6TV5sZbtUywCPd0ouGceHEWqo7kjMkxstHKRdqMsrg6iSM3llckAlc0RDBoxnpekVnykMYckAMUwOA6J3aWL2Mx3ApG8VbeTqbp6DwI2I81aICSDEc4EY0+rlH32y5SV2BiUGtxzVQpS+5qpfazvEZNETGfw4nFyy6wqGXq1wWGG9RTKtNdf2nPIRmZtHxAnMCkca5FZgodx6oUR5ClT7xAVtQXw2hoTyIjRwuSp1Wh8e4217R+Jg3/ph4ZLHmcJ6OH1wjNaL9PVrg5JIDMPW15OyKTAn6l4KsfkfQSK/Kr7b7eWlE35J4HeOaS4R5vVaKx1vS+CGAVfltPYvxdEFW5gxIjX4fx2q8mqivTcerXPoYGvpFVwxleeU8RPWTuwFJbmAEzTl8nuFxCnJyxqJdQnfF9EiF7/D9K9/hRXn6soQRfufHqyD5Vdz0nMNTBQwMj1ni7Rl3PeVO3zzeKM5OXOUb4XreTZXX1rPY/FxtrDt+o/OVjJ5qnjI+5carGqG95HDBcOHjdve0uFErjgMN3TyHJY8PKOrDRJiXjqmam+MGqvQGh843zJvfvyaivn8lnMH0XyBRzUm4YLioyXX+fPgIwJquUjJwJ+Mv1e36cMqZ7DRn9C7I4dNPBgXDCSLGUzt8zfFprAGj+lrqm/pfWP88emnpqQcbVEenV9Uz2j6qrzW7uxNQMVMVU8nrzG+hijyXMygaYiRfVQLvis4BveMvgIlYc0KE+wU9yp14ozwl3ppgwB1B9wAQZ+5ByMbTKa71LkNAlO0qIJCV/y4A5IDIynNNAQhImUOIFoQUEFmBPJOQ4ylGoyGyDNhY7+P6jRaGgwEuXriA4UjiiSefwmAwxKQAxGgCCYFeO0e/18Vat40OxljtZNjdXMXO5iq2N9awc2YLuzu72Nw5g43NdWxsrSFv52h1umi3V9FuryJv95BlbbTbbQiRA1k2e8idARIFpmJaNkKBAgWyXELkEtvbO3jFK16Gq9eu4ebBCY72Rzg9HeBw/zYgZqojBJDNPFP5s2wZczw4ixEJSODa6iU8NPwE2lnm8XZpK1sQp+oF6JjiGAFUcrVAkhIwmzuHzx9/S1zinzPMe6uYnhx+xsuxxPlt+QL00pa2tKUtbWl3gbV2XoD2PS/D9OPvtb7oVa96AND/UitB0y/bi0Jakztqv14Jukyv8oPm5u0+rDOyKIH4EggEY/lyX5KxX5jFECy3B2rVyguqvPaEBsPV4RzWdRNJr6wu11WOFND50J5k6Hi1bjPR9POg0WAW99Sj7ByANRT3cEky9HL2BPPhPBPS3AsURnn5FXIMRAxV7gm8nJAxuVFc/wOSmEXlwg40buWjKhnHPSiB6ApNFFV6ondVufy8ub7VQCU0Fke13ceVUU78XOd03tM3QRVHlIdQpadcFb0sr8MlwyNGj+G4yjsmP+yKH169VivlqXBK4LC5arGq1/g4g/YFNbGBGL1jL1gRDF8gglh5AwY39ktpFJfh6mjKtV4z3ZBDclxVOo4HItDqoLQAym12AdgVRhVKhnPIpUtEJHLdOWqPVz1+M7nOPsaxcOO6V5BX1I913RTLL4LKrOGa5Ls/m4HyicdH5g778hrQP9ThDEqJ2IrQoJzkw+pfKt7x8arazXC7hS2u9E85VMXVjBN9bBxvdN0xg0vw93W6OWQZj9K4Jvr01RtgUUzVsSSUaD5eZbCqViLXVpd7bB5BCeVZBz3FqcvteKuJsWrT/kFQ1SM2XvBbpIZat6oK+rmBSt8oVyhrYkh/DU/FePACWmd86ui18lUir9lCIUsbHxD9U/pIuUomJYkzGUaEUdUxiasTq+0JHSCqr7HxKTdetUrXkEsk367Q8HDCRe+oiYu0qAB6MJadp7kptxAMb4JSvfCk+oPL1QSE5qUDKK8K7eM8pupYI0wYn8b02ykX0ecq3ph6apuXG26hvGH8zfKQVV6EK52zuJFpiv4FUZr6nIgqPeVKgcryKn2O8oiAxMevhjeM8Hf1j+HBsxvNkYoknVG6IPdaE2FRFtNvyjmcw5zuUuoY5Tyq5wQejlIVZMlliHueR0jPB+4B7sWE8Rz7C3ux8WnqeDWqw6ot/BwmVzcElHuqLzbPB9v+udEUWEX18nOJVWTMfFxezQBRfb4hAEBOkWdAIWZpW+0cZ85s4Z7BRRTIsbG5iavP3cDe3k1MplMIkaGdC/TX+7h44Swun9/F7uY6MDzEWifDua1V9DsCK+0Wet0u1tZW0F9vY3UtQ6czhehkyDpAnklkLQGRz7Riqj6aKMrKF4DMZn+ZzEoNmbVnq5Wj223j/MVzePlLX4xHH38azx3fwGQywcnJIbI8AzCFlIVZc+NfpTaSl5/VtusT4FKH97nsbWr3VvMJpcWeryg9JQLmzG8xyZe4xLsB0VkBTg4/4+VY4vy2fAF6aUtb2tKWtrS7xNoXPhuDj793drslqltSIaqJBWUS5UrQcO+DM8/9PqRz/1+lK3kmhDc/7/yNKCciBM9nN8+E6/yqL2mrGnlmYNT2Jk8QAxMktKbcCgtRREMsG0CUDVCtKGGgdjjhOh+e66cFAvUQDKfmC8iE+SeLu8l4FAxncc4VolJWLKCY5OASRUNUfYhy+LlG34o5MbRKHeHCz2l1Hd7UkgPHwITsNC+bVW1MDgN1OuGZEA5x9oEbj2ZkRyeI6YoxIhG59BFMWiHM0Tuqk2Y0Ey4YLnzcQG96u+29vIk76hhXAAbN8YGXe/TO4lKQy2UC9+bHoNHhLS7i3MJUPV2wXtvrwZi83K/0TheX4WC4o6cEm3RPq7wRqxlvLKaaMz4ox38hnqSfiSjqoxnpUX29Ey9QBVBY47t0XkW3X//qxp+F1emSh5/K2PHBouNPc6UDILqAsvkMBaAcafrXCGP5KlT6bHBVD6XXDi8rQ3kSsuNShLk2QRjhpH3cFR89qJLUiDenuBF04tFbG49F7o8qHQhwbwYMN+63gWr8qbZzvLaOKkwYn+rjKUfCCw6NBIfqpNlahBsvFFhcAu4EiZt97HrbNN7Y7lUXU4b/ZmGd8Wq4/yb3f6ZDVSvwlRyEl7pFeaNfNElBqr8Jeq3qo9L5OeO/yPXH5ahlsetpbTmPYcPxAkg+Fbf1TbgXCJh6x/KG46vY+K0arxrcSH8nxqPe9IHzVL4s5wvK4tEV/F29KzlrnoCMCiCDgTME+Tzj0xRMvL8D5fDzqIPu8Hyjo69Kf4XN6/yCiVdHHSyLy+o0WG56KjRfm+LeuvEXs6Tr61zxF0N1H0g4GE71lN5PRubr5r5/rTn/WPsXqJqMT3V1lH5rb8D+3MDDjQal3THIqwaoZ00uYwFzikO7UzT+TDXxcER44nMImNzIwYxsLyYPeCLHp/ZYUl7uF6gsDrO5Ilww3D4t5OoGRH8nGBbPZatl7rR1yr4vyvyFmiealmUu/SILjMdj5CgwHAywv3cb/f46NtY3MJXAyfERDm7fRjvPsLt9BkIC/X4f991/GZ/1WS/GpXM7WMkFJgc3IMcnWGtJrLQkOrlAuyXQaUu08zEyDIFphmKSIW8L5K0WsnxWBimAqZQQKGZjGTkrryzbrjD7s5TIRIFOO8O0neGeC2dx8dwuPnHlAMPRGDf3bkGKDJkoSn9ICJFZHpKmiKOKR/Wxxo18HZdwDNZW1iE6fWB0NPP3nM9XGj0PX+IS/wKj6K2gULr9PCjPXY1z2vIF6KUtbWlLW9rS7hJrX3wEgPo6tHql1Vxd1TS9ErQ6Tm03xiKz9PYBejsYXv7Pt3CDsLi095c5VOUMc/0zPmS/+pcwCm5xWfEgwkAJNF5RgUFV3hhn0WkA2mDw85mzYdzhR7jlWtPD83HviibqXOZKIMLPYaCssRKJQnjyqYGIcW7lEr1ygaq6Z4JWeiZYY1ylpnxBqGJAhUeUm8aFQ/CEd9gi3ctBmpaUV8a4Sko5i1QFIrzs55UMyCBCp1f93cMZVPpmlsTH58JUnWb0Wvldr5jAcCdgvQFsWkpwBvROJnLfhCXlIawqDFJh1NExFmMrmIRWNFE6TLmBVT8yBiPwcEcwqgdOgdZweTzsbTS9pdxMeQhVesqd2oQ5a6m65suMc1gdXLSR8kZXFqX6yHJZxllNNNN7EIncqIBVMt941eIIoKFzPMLmAMknzJWx8RmMN07vPFz5pm4HW/QIiLvAM0jHgZa+LmS8qtzVkNvdxReGNoefm81jVC/OF9s6/G0Mg8ocrur4fNE7yjXKMDczCDrIz1N1rDFGxqfOcWZ6o7yxXxpwblBQ6ZnN3f1qu5dLhkvKfaheuFHxpl6sUfLlcqV/mpc1EHBrtJAeFdE3VhdTx6dz6nUV3QyXfl6NSyPc8GSKOxw003sQidxnKo4U4bi3m6NZ8+j0ifqtLMadiqei4xCPg6yCEZ7cEg2Rm5ej9+FE31QDzvsLUvPqc+UFVU5VXJv7rkNOc5RxpHOMxhvRR6qXyTyAMoyqI3tXFJ1H3+70+NQRIIZr83BPB1/8/FZNTOtW7nhV/U94OIOq+mYeC766zj3fwIUTG17KautfjNdsGHqDAaOilIcwEjFzj19j41NdHZUOVXqrO/q5049UesrhMzsila4FuRSG++L6530hnPIQqvSUw6OnAd54fMqNV50OHhvgqA6lDid8UcZ0J5abVFWT8hCq9AYX62chs5avOJAAxsUUe90LEEIYf1UVhI47+08AgJDIhIAQGWQhURQFTk9OIKREt9OGlFPI8h3idqeDXq+Hne015EJgbXUFF3Y3cW57Hed31yEmY0ynbYxPc/SyCVZaQLcl0G7naHVmL0LnAmhlLYwnAnKSIet1IESOaamRQgBTOS1jHshFhgw5ZDHrI7M/ARQTZMUEQgjkcoT+Shvnds+gv9rD6ekpnrt2DePJBN3WrG6VQ0QZY+XHboaflMYIOXsZ+9bKeUwGH0Mry/2xIVooun2I4RHTMg2wrl4vcYl/oRFApwc5PH2elOcuxzls+QL00pa2tKUtbWl3ibUvfBbyjYuYHlwF1MQDqvt4a4VmWU1MZJ4JDJgTEuV2NTXBTVBIqe79BKJf5nNf8KdMfOgJi2qCRZ+8xKQVRKHuSdXUeYCXk3OqfuwKoRQRRnA8xQ1m4rpjxljBCKovxJXZ02sVr+JLkPdV4it2ONzKN3EFJgNn5Y/wuo6gDmm44ortPZOX+4VC1ONgeAyZ7sh1T0HiLRbP7AGpHaSmJa0QSl84QI0HaKIhGum1viJhQpjoVxJGBYQ2qKeBS72jXFgBUOkl5fPGm/AVJwXJhhiPB3DEHLeKOA+csNLX2f+dFe88eudF1F1xqURnpSUXVT00L8un8rHrldgg7AWU+Ity4j9HX1PCfQHx5vCa1UsNx/j4QOmAwa1cIlwwvNy08BVCyfiz1gO2RAzqq9HwFVcuCOih3hjhUhruNHhIjkmOPh6Nx7qYmn9if+LHq9EIJ7RhB2Nq4OirWmGJ8KQVQilPwQT9VvWwuJFP0F/OgF2Q9qCcZFXzfqLu9bZpvDk8Rb8pB1CN9BjOnjBSgJr3rw5X97V6vBrgRn53fLzqRXV2Dzf0ja4YWv0CidHId/j+1ZETJjvNm8QbF39eFDZPvL8D5SQ/t0YM1rlfpTwBuRVCKZ9/BXvYXHejODc9Zeop5TWqzcZbbUu5XTPKxo0XWBQxLHsy5WA4CCf69nxbIZQeL+HXU5YnjVNVdZReB/SSciGbdU+4PMlqujum144a0e4UjT9h5ePoZYyXjqr/i2U2guNNB9hgeAxJACx8hVDKtS7z8edFVFwZDRcBo3tTvqD4c8wJyDDSFeO58aLguNY5lPHFcQMhjHwiSHQsxtNu0ALYaP7RdLbNld5pLvx8FlcBXq8WxnghofhlAlqdpPCr2b3Z+IyeoGSkA3JcmBxVxEZRMDyGXHpScYfP+XwloYMTdwprdzVeJRw2X2S8OVgnf6Nw1B1BbiYCgPVdhOzWaAqsCLu9pAC0v8p/6z8YY9MMKIApJHqtNgbHE0zHE/S6PWRZhizPsNLvozMucOXqDbRbOc7unkFbZFjptNDNJE4Pb0GcW0c7FxiPh8hkgVaeAXKCaTFFLnNICEjkyEQHcppDiDYwbUFOcoi8gzzLIbKs1BCp76WFAHIAKIwYLMdvhZAoJiN0c4nVTo7N/go2+ms4Oj7F6clpJRjOfZlyun39sPomgEJK3JpInO3wvhe9PsShmZg3bnohKOeoEW9LXOJfQBTtLjA8/YyX427HeW35AvTSlra0pS1taXeJZSubaJ17EaYHVwAAapUgWe4v1KR8yWNfuKuX3MwVQ8stmrsoIvtnuczuB2WZJBFpfkZ5Zzd39vYoanO5PRCLcbATGWitIOv12RvOYjIABof+gaBRfbRXkHX7kADk8U1IFNZxon8WAsD0dB9iOrJqZLaIjwMAshay1TMAgOLoundkmrwCiOETL09Fml8trFpImlSXWzWE2u7hdgu7fJ4VCObFyAxaoxcmnJUgVHwx+3Vuzbgyy91GNaJuiFh0hVCtH2qzNHcbvAFKILZiEygn+Ti8tr7Ni6i45f9EHjPjdCpZkJOkc/WicPdJmiBUpnm5kbtcse6NuCfG1bnqyVH1CKqKMsLLWXIp/VxlKIm+zfloCin61uiFiQXqtfMAj+Gzo5kXItjq0BcmGJQxlKQ7yrJ0YV5ZgEvwOsbpHtGz+isuEYzlRxB1uHK0riw8jidcmaN/kriP8Ib6UMus+lTxRrubxRVl9K/u8J11H4PKvJzUp4nMONFN2iymf1ovKYfJG6IhCFIwPDZg4gbsMb1bxHhVBYxqsWBAuVzpn9W80uXzxRv9jLcGl0BshXUVCQ5XikPHaWT85qwQSjmjY7XGp5TXQX12aZTCKJcuLsMBa/tCbR6B4col01GdhhYnuXiqW1NeB2PVL8tLx6szbpRY70ypUcVpD7a4oWONV8CXDE9EkPw4nq53XAMw+7UxAanjieGm6+c0p/VKHbOrJ0k1CKd6qcafarusiQijqniMVx0yjM74lXRsh0fHqbC5Tl2Xe9BwdPLlO2Y19G3h1qS7eZJbPK3Zk8ejrkr4PphXeq06huofHDf1IHJmMl6r9Qt5i8YEvebGq1pfVf9I1TvKWUsNeMO8bqeBQbhzDsKNcY/SNT+vdE0dYOpcI5SIjk9jv1ip6kPHq0qf6XjVQc4vVu5xXo1PS98JyhkkZ3cwVnymOguRv/qCk5ZnHUwoXoxXekflTH0IFOAh/YTveUQYVUqBME+9wLA6ljo+5carqah9ncbBcrt6odt7UT4D5GxPtqBfOocoEwkIZLN/ooAQ2ewcooDQ7T679slCIstmz6JPjk9xenyCVj7F/sE++v0+2r1VdKYCW9ubQCZw6Z6LKAZDYDJCr93C6dERTg6OsNFfQwEBkedAniHL28hbOcZSYjLJUIxyyFaGNoCsk0OIfPZic5EjzwSAYuYnIYFcQhSAyDJkUkAUhS5zURQQQqKdtzAYnkBORhByikwWaOdAf62LzfU+JuMRVlfK57NaMArSb4TlS/oh8C30cBYT1vey27evQxFjdYzTPSxxiXc3inYXxfOgHEucz5YvQC9taUtb2tKWdhdZ59yLMPz4f7O2mQ/SZtycaChNeuZjzfSe/d77aKlWmg5PcFSfopf7WU7QPaN/f5Mnhiq9qFZkUPkJRLjw49Y/eCeytZ1wo0kJOT7B5NkP4ei/fA/k6b6eDBXl//t/43vQeeh1AICDn30rJk9/0Ki2wJm3vhsAMHnmj3Hws2+tJldVGxImyDBz/St+AO0XfB4AYO//ea0RLDUx0ZTbaXMFm0/tDsWfRrqiCUW6wgnDjfwq75m8WpFKTQpZfFErFlAUYaQr1FQrhqmIiqBvxQgvGvtV7pRb+dtcmWCqt6h4swTQ5CHUhSM8kJ3m0eZXK+0Rrk8Xf8AW+0lC1VGqibYycglPQk6PY5iYf90Vw6wV/Ck39I3l5cs/kW7kImwEx5vEGxd/KUYKZs1RezlZ0QSu3gW5VCvqBVClozwFDcfHuIVRwYg4KBGF1m+Vq5/rs2od5jhFkr4uRrqj+TKhw1OsacG00Q5C9pa65XA9Pkh9wNYQBcMNVI6zOFyehI3Gq2ZjRC5gpMH1Cv4izKv4DTdravwF0ZMPOM4d0DgeqZEDdP8H0QOUzSfI+NVWAKVrlIf0Lwnp8bF8FRp6pvSZ4xrrOJY2kBNAYe6ucAsvX3S8JaNIQ4DhiJjxwlTZYHFu5RrWG71iP+XC5vOtEB0en8bQ0lOkc7eBAxwMDw7ABGI3oKnX22h8UV4XufxpjUj40BUEvfpn51CPN61QmQ+np5qnjE8pqnwoT0GPPqvi2JzsT/WXHq8SvqD7B+fsJFAWFW8a59FrAWN+Tm0Pc3O+sVYB6o7flJ7q8epsO/dBuoShe3X0NFWfg3qtSlu98gjFjTeMLS5hzC/AH28N4i89cEqgchLLrknzq/SUA0RtPJwbzzjcr29RnPP+NTaei+pr6viUG69qhJ9rXQbR6YpX8QjP8woaERGr6X4n4GLZM3IUGy/w8ad6LsP1c4ianORnKoTFkybsCToNVkNfSQdN/QUqrcdeHTVq551PVcVnuEpPuZO/B404inELU63e7YDf3YbR0zvFc+RMpHGdD8cZZJ5HuPNzHp6Cc45PY8j94pQqf/ovpKpmi3CRgK0usLql08EoseL7rQ3n3nx2UAaBWbvO+lFRcgmBrMwlR5YB7XaO6eAQGXKsrK4gFxPsHx1hLIEimyIwAAAgAElEQVS8V2B9aws7uzvIWi1ASowGA0xOjtERBXqdNQwHI+RbW1jpn8Hg5ABFJpB3OxB5jtFwjMHJGO3pEKsyQ68HrGQZxGgAIdqAzNHqZsgkIFqzVadlARRFgWI0QiGz2ctzIpvVWQiILMNoOkTWbiEbSeQCaOcCKKZY6XbQX1vBydEh1vv9Wazp+1fLQYQZY7JSew46GwD2XN8q66xBtDrAdIza41NuvJoyv+jZb32gvty/3P8XZL9od1A8j8t3t+yf15YvQC9taUtb2tKWdhdZvvMg7NtXdS8j9FY9maM47H9IgnY+QCGrWyl4sJDmSyDldgnny31BuMqB8hSUKj/FAXeFhRg30lnch+X5gqgm+2ImBERnDe0HXosz/9N/wfF7/iUGf/IL1W76NEEWxD3V/tY9r0C2/QCmNz8ZOKGs7ocBZBsX0H7Ba829affRc5n60r06Icel4vDx5iuU6OMpZxAxLv2cxYCDqxfACDdvIDSNTNDC/8ArWgoZRhUDmsPPmeZPj6+FxJsnj5iscOnKbdYzFk+zxlcoMfQRDbiU9nZpIyiHn3sxJQAM1HpnlCiFB3VXRlC5m3J4uDTvr2dcHaDn+yif14LxZgQQx0ECzOR0wkCjqodnxZJEHUvG6AomDE/Ua8S4tphguFxCGg95CJcVD4Y9Asg1TwhJPk1rp20effPlFb9s+SsQzDSwl3TC6Ar+lGu9TEAJY3yahiD5cDwZ6cA7gLYaePTVo3dRXpbE4Q1RFYcdL3DxqDd69I5yp8MZfO4a1LugcyvwefU2ZXw653i1cq+fV2EX5rX0gTZXVV2XL7Z16gxXgnJFw4cdH6QKdlMjehflzkmNBlQVN3h0BX+lZ5Q3RVkPQdJb3KiPxb0NbMQyPNzjNxLOhEv/6VLjzRd/Kq4oZ7EqkcMTauDtAXVvYEI9khOAOhjp8dHxbGx8qrqP1muG+/RTyrh71PGUo6GRPEh3djlJOl+8edCXbw1U9ak9PpDOP3gHhTpe9IQ1kbvP5u7LqS4SfZt/hX5PvhbC4qBcMty5DsG2hABPGh8E4029yFiDSx+nqMKhOjK2wuid0rco1p5wYgTKN4BR+ka5hC5/lR3DSTjURhlGp9vBz72W4ma7+klX02D2nBxxyKWDCiPpciu8ZglZHu24kRbiGiK5wQKY4KDaK/ZH9M+dT4W9nXIw3Mkf/u4X43OY0jMvlxWv3OfhCHyAIyXqftAY+7CH01ev3ibpG8ND41XvBYfh2mJ6yrQRp1uJ3SnYixLc47hrZQPIO6wKTIopjjsbRh1nf0IICGSz56+i2gsBCOVbCEg5e3Y8mRZQH7BMJlOMiyEmxRRHJ6dor6zg4PAQeSvH2uoarl69gvHxEc6f2UK310O71cG0kBBZG2tbOxgXBW7v38LNWwdo5S1krS6kyIDJGCMJrEzGOB2eot06Qbc7RH+9wIrsQrSmkJlAkQsUMkMhcxSFAAqJTp6j1WpDCoGpnKDdEiimBVAUAAQKSGStHHmeodfrIW9l6LRbaOUtTIqp1bACgMgE6HNg1R8gVHtJHHe2MBncQCvL4LWsDdleASajUMsnYefyi5GtM6t9FwXG157E9PZzqrBe1LW8g/t7L3k1kGUoTg4wevLRRvm3di+jc++L0dq9DDk8xvCJj2D09GOQ0+lCyt/avojWuXsBAKMnH0VxcgAAyHcuebf3Hn7N7EV2AMOP/xGK06M75r/l/pr7RQbkLWAyfn6W7y7aP48tX4Be2tKWtrSlLe0usvbZB2Hf4CsrJyLUXglkmTDu99U/Kp7yk1UITFjMvvwtt3uW2JAQEHQ7PT42ccFMYKStIFqlF15UHvTw8uGEEGFeub/A4Tu/tSTleYVAtn4B+dmH0H3kjRArm4DIsPYl/wTjJ38fxcGzbjOWyYWRDd2//jf+D+z/9Dc6sUHzUNZ/43dbG4S5n0FnQSL4uRlv9vzSor5wr7siE12ByeVJuOAVVyg6KzYb5Td5tZnhVi0DnO+mPBrmCdGwpbojOUNiUblQL5QbXJ0koHeaCzKBKxoieLT0VHUMykMYckAMUwPAq3eVXrJcykbxprTJ4iko/IgYT7WoAFIMB7gRjX7u0TdbblJXYGJQ63ENVOlLruqltnN8Bg2R8Z/DyQWLrnDo5SqXBcZbFNNqUw2PKA+hmVl0jok5gUjj3ApMlDsP1CgPoUqf+IAtqK+G0FAexEYOF6VOq8Nj3G2vaHzMG39MPLIYcY+XB43UiPb3aIGTSw7A1NeSsysyJehfCrL6HUEjvSq/2u7npRF9S+J1jGsuEeb1Wikeb0njhwBW5bf1LMbTBVmZMyA1+n0cq/Fqor42Ha9y6WNo6BddMZTllfMQ1U/uBiS5gRE05/B5hscpyMkZi3YJ3RXTIxW+w/evfIcX5enLEkb4nR+vguRXcdNzDk8VMDA8Zom3Z9z1lDt983ijODtxlW+E63k3VV5bz2Lzc7Wx7viNcE5PNU8Zn3LjVY3QXnK4YLjwcbt7WtyoFceBhm6ew5LHBxT1YSLMS8dUzc1xA1V6g0PnG+bN718TUd+/Es5g+i+QqOYkXDBc1OQ6fz58BGBNVykZuJPxl+p2fTjlTHaaM3oX5PDpJ4OC4QQR46kdvub4NNaAUX0t9U39L6x/Hr209NSDDaqj06vqGW0f1dea3d0JqJipiqnkdea3UEWeyxkUDTGSryqBd0XngN7xF8BErDkhwv2CHuVOvFGeEm9NMOAO1j2rmwjZ8aQAcuWO2Tg6y8Ts35i9HCykQCYyFEKW6z7PTigFUGAKKXIUWQ7RakFmwPHwGJPxAFneQqfdwcnhCUbTIxyfDnD9xk1c+9QzWO+1cXF3C61cIG+10eufQb62jfHwGNf2T/GJjz2FvRs3MZlMyl6fodVdwbndDayv5Fhf6WFncwub6xvY2T7FZLODVkuilQlkogWIHgrRwcl4jKPBKcaTAhlaQN5CIST6/R4wHaFVTLCx1sGwleNgcILB6Qlku4sCEt1WD0LM6g5IFJiW0qXua0xno5RUObveGfF1UhTY4F6ABoDOCsTgAGHFMQKo5GqBJCVgZ/72/4b8zPlgewMS4yufxO13/CDGN5+dLx4b4vZb/hkAoDg5wLX/+5tqpe9/wZvR/6KvQLaqXtqf2XqJ0/0b2PvZ78fkmY/PVc6NL34Lei/9fADA7V/4MZz+4a8Ft2//nX8MZLOOtPcz34fhYx/4tPt1iQFstSEn4898Oe5inNeWL0AvbWlLW9rSlnYXWevMfcg2zmO6fxX0JVz9gVXJi0JakzncCntFgfLmXVrpfWuNweBSFqhWsbVTzkY6asWCigfRl4953kLd5OkKhDGSX2Uutwdq1coLdr3MJBLjp/6AneA4/vUfxsbf/lG07381IDL0//r34OA//ENdfVoc6h7T8nMvRn7xpZhc+QiA6jzKTJ6fuQ/t+/6SW9uEkarzoT05gePVxGahcboQNBqM1s+/QAAdinu4JBl6OXuC+XCeCWnuBQqjvPwKOQYihir3BF5O0JjcKK7/AUnMIoHh6B38vErGcQ9KoPGKTUTvqnL5eXN9q4GW0CiOaruPK6Oc+LnO6bynb4IqjigPoUrv0W+juVwuGR4xegzHVd4x+XFQpffqtVopT4VTAofNVYtVvcbHGbQvqIkNxOgde8GKYPgCEcTKGzC4sV9Ko7gMV0dTrvWa6YYckuOq0nE8EIFWB6UFUG6zC8CuMKpQMpxDLl0iIpHrzpE6TuX0jnKdfYxj4cZ1ryCvqB/ruimWXwSVWcM1yXd/NgPlE4+PzB325TWgf6jDGZQSsRWhQTnJh9W/5CWhFoi1LqiqPlYLW1zpn3KoiqsZJ/rYON7oumPhFff4FfikcU306as3wKKYqmNJKNF8vMpgVa1Erq0u99g8ghLKsw56ilOX2/FWE2PVpv2DoKpHbLzgt0gNtW5VFfRzA5W+Ua5Q1sSQ/hqeivHgBbTO+NTRa+WrRF6zhUKWNj4g+qf0kXKVTEoSZzKMCKOqYxJXJ1bbEzpAVF9j41NuvGqVriGXSL5doeHhhIveURMXaVEB9GAsO09zU24hGN4EpXrxXfUHl6sJCM1LB1BeFdrHeUzVsUaYMD6N6bdTLqLPVbwx9dQ2LzfcQnnD+JvlIau8CFc6Z3Ej0xT9C6I09TkRVXrKlQKV5VX6HOURAYmPXw1vGOHv6h/Dg2c3miMVSTqjdEHutSbCoiym35RzOIc53aXUMcp5VM8JPBylKsiSyxD3PI+Qng/cA9yLCeM59hf2YuPT1PFqVIdVW/g5TK5uCCg3q93rB9v8qAAAgepjy/J6BaGvZSoIzNjQ2/IcGXJACBRTQOYC4+kUg+EQUg4xHhcYDPexffYcnn36GVy5chXT4RAXdu5Bu90GhMDW9hlcuucSev1VfOjxT+APPvghPPXkkzg9PgEgkGVtDIYjDE7GWF3toL/WxmZ/BZcvnMXFs2dw+dIuLpzbxNpKG2u9Dtp5F4PhIY5Op7h6cw/Xbt3Cc7dvY2/vABMIrKytYXdnC21McWF3Gy958H6MMMHB/hFGozGyrIVWq4Vut4PpZAKRZ6U+eDqt4RT1AYKEtA49ljns13Vtk3mvGs9WmZE+TQRL6SknYKwJtC8+iLPf9mO4/m++A+Mrj1vZfroQicdpzHPs/g/fi879n8VVDACQb+7i7P/4Azj5o1/H7Xf96B0rJ91O7dPtzyWGEXn7eVGOux3nseUL0Etb2tKWtrSl3U2Wt9HavAfTg2ve3ULfBJf3Y4JZqUG6ExdZRrYbeXIP3MrbYzd/oVaWUplUXO1XN40W1/lU3KqR2tTkgVSNB1SCcnaFBcv7cFZqMPI7fNe3Y/vbfhMQGfLt+8u28eRjfFU8y4aeB+i/6W3Y/6m/Ux1PXihQk639N73NSSt0xsapUxEMp8Y0H22uIHeT8SgYzuKcK0SlrFhAMcnBJYqGqPqQbxLLwzX6VsyJoVXqCBd+Tqvr8KaWHDgGJmSnuZIiYfMoqtMJz4RwiLMP3Hg0Izs6QcytmBVDLn0Ek1YIo0j0tHK/hwuGCx830Jvebnsvb+KOOsYVgEEdn2C4R+8sLoXZHGncmx+DRoe3uIhzC1P1dMF6ba8HY/Jyv9I7XVyGg+GOnhJs0j2t8kasZryxmGrO+GCmY0GepJ+JKOqjGelRfb0TL1AFUFjju3ReRbdf/+rGn4XV6ZKHn8rY8cGi409zpQMguoCy+QwFoBxp+tcIY/kqVPpscFUPpdcOLytDeRKy41KEuTZBGOGkfdwVHz2oktSIN6e4EXTi0Vsbj0XujyodCHBvBgw37reBavyptnO8to4qTBif6uMpR8ILDo0Eh+qk2VqEmxMgJpeAb0Kk7vW2abyx3asupgz/zcI649Vw/03u/0yHqlbgKzkIL3WL8ka/aJKCVH8T9FrVR6Xzc8Z/keuPy1HLYtfT2nIew4bjBZB8Km7rmzMfR/SO5Q3HV7HxWzVeNbiR/k6MR73pA+epfEk/SLe5q3clZ80TkFEBZDBwhiCfZ3yagon3d6Acfh510B2eb3T0VemvsHmdXzDx6qiDZXFZnQbLTU+F5mtT3Fs3/mKWdH2dK/5iqO4DCQfDqZ7S+8nIfN3c96815x9r/wJVk/Gpro7Sb+0N2J8beLjRoLQ7BnnVAPWsyWUsYE5xaHeKxp+pJh6OCE98DgGTGzmYke3F5AFP5PjUHkvKy/0ClcVhNleEC4abp+32dYl84TBAa1aG2f8gRNluZR5mG7rhM+sjBcpxggDGxRRHpyc4OTrC4cERJtMC06lEu9vDwe3bmI6G2NraxPb2Nrq9Lra2t3Dh0gWsb67jmavX8Icf/CA++dTTmEwkumub6HRXIKXA6PY+hoeHmJxMcTic4sb+ELcOhnju+g0cHu5hPDiHi+e2kW9toMjG2LtxjGeu7OH6zVu4sreHT928iZsHRxCtDjY2NjA8OsLu5joGK31cv7YHsZJjNJ4CyFBMJXorK+h2OxgXBVp5PvN+6VShNLb006ytoe9Pheaz3aeiDWDieE97sd0tfR/RxyhWdvOnvgvTW8/p3Vl/E517H0b/dV+NbG0TgMDON74N1/7l342OaxeOZt0T05352v/devl5/PRjOH7/r2D4iQ9CZC10X/gKrLzsi9B58GUAgNbWuZlHGpbTLKUwysltH3zsD5GvbQECmN6+nlyv5ztufeW3YuXlf0Wvbl3LZIHTD/8Obr/zh0r+matH1mrP9Ot54te7Eue05QvQS1va0pa2tKXdZZZvXgSeqqawzfGEnI3sZv9WG8r96viiPEJKM40HdaY2l+X/pABQSCATFbdQaq6+6rbyTeTwcAkYL/1Km8uKBxEGSqDJigp28ciKCuX/NZ+MUJzeRra6DdFbhzTKb2ejVlyo8qWWb9+P1gOfi/ET7/Psn/k9P/cQWpc+u9xUACKrvDUrqI2Or8V83LuiiTqXuRKI8HMYKOdYkaQhIsa5lUv0ygWq6p4JWumZYI1xlZryBaGKAf3BeYybxoVD8IR32Gj3iiFNS8orY1wlpZxFWY+X/bySORnESk9Vf/dwBm19q3SN8rkwVacZvVZ+1yswMtwJWG8Am5YSnAG9k4ncDDA9MUB4CKsKg1QYdXSMxdgKJqEVTZQOU25g1Y9U+Uv3UO4IRvXAKdAaLo+HvY2mt5SbKQ+hSk+5U5swZy1V13yZcQ6rg4s2Ut7oyqJUH1kuyziriWZ6DyKRGxWwSuYbr1ocATR0jkfYHCD5hLkyNj6D8cbpnYcr39TtYIseAXEXeAbpONDS14WMV5W7GnK7u/jC0Obwc7N5jOrF+WJbx9VlGUZlDld1fL7oHeUaZZibGQQd5OepOtYYI+NT5zgzvVHe2C8NODcoqPTM5u5+td3LJcMl5T5UL9yoeFMv1ij5crnSP83LGgi4NVpIj4roG6uLqePTOfW6im6GSz+vxqURbngyxR0Omuk9iETuMxVHinDc283RrHl0+kT9VhbjTsVT0XGIx0FWwQhPbomGKMMoKTfTSzQfjyaOT+PjV9hcF9fmvuuQ0xxlHOkco/FG9JHqZTIPoAyj6sjeFUXn0bc7PT51BIjh2jzc08EXP79VE9O6lTteVf8THs6gqr6Zx4KvrnPPN3DhxIaXstr6F+M1G4beYMCoKOUhjETM3OPX2PhUV0elQ5Xe6o5+7vQjlZ5y+MyOSKVrQS6F4b64/nlfCKc8hCo95fDoaYA3Hp9y41Wng8cGOKpDqcMJX5Qx3YnlJlXVpDyEKr2qZ7vnK4bG02y2CnMmBIQQECLD7AVfAUCU7+CK2cvVghRUSIjy+aLIBJBnGAyHOB0McHBwhKOjY4wnBTqdLvZu3ES33caZzXW84IH78PDDL8Fqr4t7L1/C7rmzGA5O8dEPfxiPPfpRFNMC/f461te3sL6xhWkBZK02jk+HmEwLjAEUaOHGwQijwQCT0QCdFrC+3sfOTgejSYG9Wwd49plr2Lt1gNuHhyjGE2yub2D9zC7O7ZzF2c1NnN1ax86ZLQg5xdHhMUajCSAySABbW5uQUiLPchTFtKyyJO/xGQ0088IsysWsl6qIH2ZdhF6AlnnHr5+NcGaT/RuY7l+vNuxfx+iZj+P4D34FF/7pT0N0esjWNiFW1lGcHNTX+XlRlTrh+O5Dr0TvJa/WaQ5+5d/i6L2/YNf3A+/B8Qfeg859D+PMV/2vuP3uHy/7TLPymaWURjm57Xtv/xfw2qfbrwvEbG0DK698vb9eKSYyrLzsC3Hwnp/G9Pb1z2h9ZNmvnw9+vatxDlu+AL20pS1taUtb2l1mWf8cINQtljIJewrPd1/vTmDAmMCYfYXsTlDQqefZySuUUk1+29tNpF/sR1Fn6uEiviKBeplElP9XnmJ5OTmn6sGuEErQdnjVAnS33p61dAZm9axjBdlkkPET70P7gdcAEOh/6Xfi9k+82VOQWZp1vfqzxOhjv4nOi/9alR0pqCTntKfXKq5bSa3IQbluhgRu5Zu4ApOB2o8h7rRIIs654ortPZOX+4VC1ONgeAz93dJBq3tb5Q9zPuAj2NCSVgilLxxYKhZ5gCYaopFenSlpQpjoVxLW0VOugZUYEC6sALCvNK5+No834StOCpINMR4P4Ig5bhVxHjhhpa+z/zsr3nn0zouou+JSieyKSxWqemhelk/lY9crsUEcBDme4cR/jr6mhPsC4s3hNauXGo7xBT+UDhjcyiXCBcPLTQtfIdQcd6Zinfxj+mo0fMWVCwJ6qDdGuJSGOw0ekmOSo49H47Eupuaf2J+sepmFjy5pxfT3uhVkauDoq1phifCkFUIpT8EE/Vb1sLiRT9BfzoBdkPagnGRVcw667vW2abw5PEW/KQdQjfQYzp4wUoB5719L9K4QSrmR3x0fr3pRnd3DDX2jK4ZWv0BiNHLNeEsPHIJ+6vIm8cbFnxeFzRPv70A5yc+tEYN17lcpT0BuhVDK51/BHjbX3SjOTU+Zekp5jWqz8VbbUm7XjLJx4wUWRQzLnkw5GA7Cib4931YIpcdL+PWU5UnjVFUdpdcBvaRcyGbdEy5Psprujum1o0a0O0XjT1j5OHoZ46Wj6v9imY3geNMBNhgeQxIAC18hlHKty3z8eREVV0bDRcDo3pQvKP4ccwIyjHTFeG68KDiudQ5lfHHcQAgjnwgSHYvxtBu0ADaafzSdbXOld5oLP5/FVYDXq4UxXkgofpmAVicp/Gp2bzY+oycoGemAHBcmRxWxURQMjyGXnlTc4XM+X0no4MSdwtpdjVcJh80XGW8O1snfKBx1R5CbidorCNko71rtqV6E1m4yfCaVT6WE/phIoHxJWAKFRAYBOZXIRI5ebxWTk1N0uytod9rY3d2GnE5wz6WLeOhFL8RKt4PNjXWMRmM8/onH8ZE//iAOb93E2to65GSKLBNYW1vF+sYmNjc30O7mePJTn8Lg4BRZu4XxROBwPIEoDnHx4gjo9LF65iyyKZA/e4DD4yFu7R/jdDDENJPobaxhe2cX58+exwPnz+Pc1iZ63TaGxQmGB2NkWQaRCaz013Dx4iUAQJbnmBZF6ePqfmd2n0L6q+WfKv5HeReQx2wbiFa79HlYgUKPx6m2mKFvXV4nYwwf/xP0Hn4NAKD34Mtx8uHfto/LMnQuPYTWuXtRHOxh+NSjwGjQXJcJUp/Fjl9//dfp48dPP4aj9/4Ce/z4qT/FtR9+q6UM9LjWpReiffZeDP7s9yEHJ7XLWbf8FLMz59G97xFM9q5g/MzHIIsieLxYP4OVF70Kg8c/hOL2c2nnyXO0L74Q7fP3Y3JwA+MnPopiPKxVzuL4AKPHP6RX1W5ioyc+MlsRu4GfForlCtaf8XLcxTivLV+AXtrSlra0pS3tLrN8/SxkAainIhLqJse+aVIPgcyXAGdcHefy2cSQvT8Nhc1VPnWQ5is9XBjbk78wc7k9EItxsBMZ1EITHPnaLkRvHQBQnNy23ESLaw0Yjf1yeITRo/8VnUe+DNnGBbRf8gaM/+zXrBoKAPnFlyI/92IAwOhPfw1yfGJ7wzMyTV4BxKirl6ciza8WVi1E6yNVjNhPUF1ut7DL51mBYF6MzKA1emHCWQlCxRezX+fWjCuz3G1UI+qGiEVXCNV6pzZLc7fBG6AEYis2gXKSj8PrdqA5e1BlHsFJ4TEzTqeSBTlJOlcvCnefpAlpZZqXG7nLFeveiHtiXJ2rnhxVj6CqKCPcGB/4uMpQEn2b89EUUvSt0QsTC9Rr5wEew2dHMy9EsNWhL0wwKGMoSXeUZenCvLIAl+B1jNM9omf1V1wiGMuPIOpw5WhdWXgcT7gyR/8kcR/hDfWhlln1qeKNdjeLK8roX93hO+s+BpV5OalPE5lxopu0WUz/tF5SDpM3REMQpGB4bMDEDdhjereI8aoKGNViwYByudI/q3mly+eLN7rOWA0ugdgK6yoSHK4Ux3f/aqCzQijljI7VGp9SXgf12aVRCqNcurgMB6ztC7V5BIYrl0xHdRpanOTiqW5NeR2MVb8sLx2vzrhRYr0zpUYVpz3Y4oaONV4BXzI8EUHy43i63nENwOzXxgSkjieGm66f05zWK3XMrp4k1SCc6qUaf6rtsiYijKriMV51yDA641fSsR0eHafC5jp1Xe5Bw9HJl++Y1dC3hVuT7uZJbvG0Zk8ej7oq4ftgXum16hiqf3Dc1IPImcl4rdYv5C0aE/SaG69qfVX9I1XvKGctNeAN87qdBgbhzjkIN8Y9Stf8vNI1dYCpc41QIjo+9f1ipZmPqg8dryp9puNVBzm/WLnHeTU+LX0nKGeQnN3BWPGZ6ixE/uoLTlqedTCheDFe6R2VM/UhUICH9BO+5xFhVCkFwjz1AsPqWOr4lBuvpqL2dRoHy+3qseODVjsYE6PMs18AdAVoQH04N2tzIQGp2n62F7KQ6GQ5puMxpJTI8hzj8QQiy9DrrQDTCXq9Du655yIuXryAdp5jNBzg2ac/hY9+6EO48tSnIApgeDrEaHKAcQEcnQywsbmB3soqLt97CRASn3r6Kg5uH0PIDAUkhpMCw4nA2sYuds5fQjEaY2PnFnYvXsQEOTonJ2jJKVobGxDdLk6GQ4wGQxTTKaTMkGfAxsY6Nrc20G5fw/b2Nra2tkpHS2RCzMKnfBl8xqXZHMR/6oPO2QHjvBtaABoya8MSt4CxOsZfprwIz/bVV30x1t/wdcjXt53zjp74CPb+/b9AMTjRx5//xz+FfP0MAIln3/aVTn4X3/YOiFYbcjTEle/72uj5OexcfpE+/tb/96+S05mY71zC9td/J1o7F4HyZVgAKE6PcPrh92L/3T/uTceVk24/9x0/iXxjBwDw7Nu+Qm+/+L0/D0Bgun8Dh7/x/2Lzb/5DCLNPFlPs/8q/xfHvvts5z/ob3oK1z30Tst4aAGATgJyMsf+ffwLrr/8a5JtnnfNJAJtf/las/Yp8uBMAACAASURBVKUvtuoJAMXxPm6/60cxeOwDyX7be8cPYPebv3/mt5o2uXkFez/7/UnnudOILKt1/BLvDM5j2QLyWNrSlra0pS1taX+OLO/vGDeisz9Z3nqaf+Uh1os3Ko3eYXAHUaEkHOW/9H4p7f0C+hyKS8JBUdRANEBUXJgcCVz40TayX1SYdVaw8XU/rtNMnv0TowlIPqp82j32/uP3fD9QzO6i197w7bqk6g8Q6L/xu2cHF1Mc/9f/i5Synqs11vgDSctxC8FwL5I1BZyQcn3ocKsbqMJRbrS1j4cwoRYsRmKZrlAjSIOJGJK+6EeyHwyHnwvNS52CrTEihnX+aJqUc4DhRl1YLmLo8WHZOey2YLjRptzqG04swM+TMDWmSV9IRdXnHI4AVyWkHAk8rRvZKGwUIQ57W013lBFV44+kpU3gckHK7OpdkGsfBhAMT8FY2/saqI5zOQclourzdoS5XNfK0DWXUwTp+w0QLgrK4edJ/6VqqInWHzzbqj/lA4ezPvTwehFno2C4gaBc+HkScjEdQm2CQWO/sLmwDmW4IKcUNRANkNRAhLiwtzXS2OCfrY+i9EmVh83h4+X/zeiinEWRgILhKWg4P8Y1Oi0UQBUIlHsDyuVKx9Qfx0N6F0XMgSKOlXYRHtC9anwKS++SuPVfuBYQDBc2D6KogaiPKnZUz0jlVcyqTQwXDHfEhf4JIy8/0i6j/uktng/pKUQDFGEUJgflYb2rYkf91eRWDCeiqBAxjgYIhqegcFE5uuJkv/5L4GB4CGv8Oa1F8krRO68uc4gGCJMrpv7Fc1PXKs1EHEUNJDEKErtejmp77YgTDdDRZVgcJgfD4XKNYHiK0bwiSEOc46a+eXkIwXCYbcFw3dYx7te3KNIYTY1pE8EjYtyjd1EUFAXPYWqLn1NtUn96f52/mJb6sMafAMMR4Ki2u62EME/0ocVJGwSvtTRmuZg2EQxPQRK7SOGmHnsRFQfZT/qql4PhoNyDBolxjXX+aJpogTxlMIzjlQ8oJviQtoGXMwgXnViAnydhakz7+kICAgxHjb5b1TDCZ46NYt4JtvXE9wK0eYzlCwEhMsv/rSxDBoGWyJCLDOura3jBfQ/g7O4uOu0uTk8HOD4+QSELZLnA2toKdnZ3sb6+jlYrx9HhAT75+OP4xMc+htHpKTLRwmA4xv7BEZ65chWP/tmf4ff/4AN49sqzeOD+B7GzvYPdM5s4v7uFXExRyDHGxQinwyGmBSBlhna3i7MXzuGlL38pHnzhg2j1urh68yb+5LE/xR999MN46pmn8fHHP4FH//RRXHvuGoAC3W67fAl6CxcuXkCn00aWZbO/PDPqX/6pNqPXBCG0b9Wxk7INWMvzKtZrxhwdn+q242I6z9F9QbWi7+iTH4IA0P/CN2Przf/I+/IzAHQeeCm2v+G7K/kRwnqR19RLtV8LQ5Y5euorJ00vALTOnNf5yMkY05vPsn3Vl14IgdbGDs5+yw+hdfay81JwttLH2qu/DGe+8lvt9GYZSf50+wwz73aVIt/Ywdab/5H98jMAZDk23/T30LnnIev866/7aqy/7qv1y88671YbW2/+FuQbu97y9T/vy7H26i8z6lm9epqtbWL7G74LnYsPJvtPnh5h7999L4rjA9Sx4vgAe//ueyFPj6Lt82nZb6wA/Rk5/3K/EyN1bbkC9NKWtrSlLW1pd5llK1tQqwqYpj/QVVwCQLXuQFFUqxJW++F8QVoUs3zoF1sFZgMaWW6sVpgyuITxBTLhKMtsZoJ6qFc0ANwVFmIcNVagUecJodkCWY6V1/69Mj00iv4u8jP3oX35lfpGRE5GOPrl79P+tvIxyltV295fjE4w+ODPo/eqr0G2uo3Oy/4Whh/6T3p/+75XId95AAAw+NB/RDGyf3JJ5y0iOJepL92rE3Jc6tjw8eYrlOjjKWcQMS79vNEKo+WKCQ4vVyAIryha9ydXGZRhVDEQXQDT3/zp8bWQePPkkfoJqu/cqhkpN8ofX6HE0Ec04HplKWlzIuChFf1ZTAkAA22941e0oTyou9EVwuDn8HAJo39Ia8Elfc2jfF4LxpsRQBwHCTCT+1aQUhdlAUvnQPQtpmPJGF3BhOGJeo0Y1xYTDJfPVo5huLMCPoMIINc8IST5NK2dtnn0zZdX/LLlr0Aw08Be0gmjK/hTrvUyASVqr4AKkg/HkzG2JJUzXtWe0TqnuUfvorwsicMboioOO17g4lFv9Ogd5U6HM/jcNah3QedW4PPqbcr4dM7xauVeP6/CLsxr6QNtrqq6Ll9s68y94qMyGj7s+CBVsJuaszRThDsnNRpQVdzg0RX8lZ6lruAfQ1kPQdJb3KiPxb0NbMQyPNzjNxLOhEv/6VLjzRd/Kq4oZ7EqkcMTauDtAU1XjPchJwB1MNLjo+PZ6Ep7pSfoinspK/BJGXePOp5yNDSSB+nO9X4xp3a8edCXbw1U9ak9PpDOP3gHhTpe9IQ1kbvP5u7LqS4SfZt/hX5PvhbC4qBcMty5DsG2hABPGh8E4y1hBVHKZcoKoyocqiNjK4zeKX2LYu0JJ0agfAMYpW+US+jyV9kxnIRDbZRhdLod/NxrKW62q590NQ1mz8kRh1w6qDCSLrfCa5aQ5dGOG2khriGSGyyACQ6qvWJ/RP/c+VTY2ykHw5384e9+MT6HKT3zclnxyn0eDuaXIlE9j6iFofwMB8R47fFpnfGq94LDcG0xPWXaiNOtxO4U7EUJ7nExt/IByXcqumXdyjgSEkKYz6kw842YQr1UXQiBTGY6/0JKQI7RyYBObw33nrs8e5F59Awgcty+dRsXz59Fq9dCq9PG2moPQkgMhqfYPzzErVsHGI0K7OxcwEi08dyNPXSyFmSWo50JjMYD7Fy4gNd8/ufjhQ89gPf84n/C5HSIGxsrePLxJ5CNBaaDCU4Oj3G4f4CtnT76Z9dwMp3gxh/v47nDYxwjx9XrtzESOV7zl1+D4ekJPvbk4zg9PUR767PQ7++g1+9jtd/D1tYOINsQmSxdUsZq2Uj65VZh+M0wNRZRcSXz8CrcEC3n/rg5lll2ViB6q5pna1vo3P8I1t/wFojuCoDZisDT430AwPH7fgkbX/KNKE4OcPTeX8Dgo+/D9Hgfa695Izbe8PVAlqNz38PINnYwPbjpBDrVy+h+sh1M+nznkj62OD1084+kh5TY/Z//FUS7CwAYX3kct9/1Y5jcuobVV74Om2/6+7Pn+K98PSY3r+Dwt37OKadkyh/a7ghBqS+Hv/kOnHzgPeg98hqsv/7rkK3Ofh16401/Hzd+8jshMXvZfP0Nb9FJT//kt3Dwq/8ecjxA//P+Fvp/5Sthzpua59v4sm/SW2+944dw+tHfgWj3sPrK12HjS74JkFOMrjxuFDbuv8neVey9/Z9j5+/+nxDtyMv8AOR4hL23/3NM9q4652nSfgvZrzZ/ps6/3I95bfkC9NK0SUhIOfsr9L+Lcrt9rBCAKL/QykT5NZPnwr20pS1taUt7/lnW2wQE9ARwJmBMNKjbsOpf9L4/y8yJC7Xd/Yk/dePrnbAQFZ8VJhHp8bGJC88Ehi6pUTEhPdxIL7yoPeTy8uHE7N6C56atfME3R9tODg9x+K7vAAaH1gMBy0S5idkvAJz8xo+g+/I3Q7Q6WPur/wtGxgvQ/S/7Z7N/TMc4+fUf8WVf5cmgFPZpaTGcVrLdDylFnFv5cJxB4eKs/ITD5UmoHFAHa+QvBMOFzavNDLdqGeA1uykNb28MhSzVHckZEovKhXqh3ODqJD69I/opBZnAFQ0RiRPCqmNQHsKQA2KYGgBevav0kuXlhHLdeFPaZPEUFH5EjKdaVAAphgPciEY/9+ibLTfMfiSi1uMaqNKXXNVLbef4DBoi4z+HkwuW0I5CGU8ernJZYLxFMa021fCI8hCamUXnmJgTiDSu9E3lI+HnzgM1ylMeqCU+YAvqqyE0lAexkcMFkh6wcdnZLePn88YfE48s1hzOe4bH4RrR/h4tcHLJAZj6WvJS15Ru1NK/FGT1O4JGelV+td3PSyP6lsTrGNdcIszrtVI83pLGDwGsym/rWYynC7IyZ0Bq9Ps4VuPVRH1tOl7l0sfQ0C+lz1FeOQ9R/eRuQJIbGEFzDp9neJyCnJyxaJfQ4bEK3+H7V77Di/L0ZQkj/M6PV0Hyq7jpOYenChgYHrPE2zPuesqdvnm8UZyduMo3wvW8myqvrWex+bnaOOd8I6enmqeMT7nxqkZoLzlcMFz4uN09LW7UiuNAQzfPYcnjA4r6MBHmpWOq5ua4gSq9waHzDfPm96+JqO9fCWdQ6Zs63hnfevTO4oLhoibX+fPhIwBrukrJwJ2Mv1S368MpZ7LTnNG7IIdPPxkUDCeIGE/t8DXHp7EGjOprqW/qf2H98+ilpacebFAdnV5Vz2j7qL7W7O5OQMVMVUwlrzO/hSryXM6gaIiRfFUJBNEzyoPjU8pTsOaEiB6vlsbN1zrxRnlKvDXBgDtY92TVyrQ+k3rl2lkiKVHet0mY9x/6X2UnEZCQQkAWE4hMAHKKXEo8+9Sn8J5f/M8oWgLttVV0AByfnmI6HCNf6SDPcnR7K4AQGE8mKKZTrK128ZIXvRAXzp3HrcNj/M7v/T7WNrZwz/33o7+xgW6vjUceeTE6YohzG118+Zf8VZweHeNjj30SGJ7i5nPXMR6e4vDgAOPxCEUh0co72DxzBi//nFfgzIV78PErV7HxiU1sntnCIy95EVYF8NRHP4r11S6mUqLV7qDVbqOQBTqdLvJ89rrdpJgiz3PIQupGluWiYsrvjk9h6JeEfgmdNSFgvXCuPU64CiDVArIshxIww85+yw+FzwmJmz/9vdVZxkNc+8FvRnFw04q74//28+g9/Lno3PtiAED3vkdw8uHfdurti1dufyydifnaZlXiwUntftO59EK9inJxdBs3/s236/3H7/slTG89h+1v+C4AwMrnvB5Hv/Vzjcvv227a7f/4r3H6h78KCeDkfb+EYnCKM1/1bQDKla7LdKuveoNOM/jI7+DWO39E53f4qz8DOR5i/Q1f75wP7a5ecK04vI3Tsp3k8AQn7/slHL//V9DeuccpdwqOn34Mt975w9j+2n/ixJplUuLWO38Y46cfa3SeO4b6WvU8Kc9diPPa8gXopQEAJCQKKTEtJpgUU0yKSfk3xbSYoihfhAZmF2IhMrTzFnqtLjp5G+2s7UyuLm1pS1va0p6fJrprgITW9ULffJfD7OoOdfZ/Wd3QzlBaqO/n1PEg6fUW77fvxnmK6uZNAqEv+4VvP5OvRvMLMkG4D2P5kXqa3B6oVSsvqPJqbiUr4JiUkKNjFEfXMXrsN3DyOz8JIxuNtDjsfvUAURY4/d2fxOoXfQtEdx29V78Fp+9/OzoPfgGyzdmNzen73w45HTkDTu3qyEjV+dBel8HmGiPN4SBNPw8aDUbr518ggA7FPVySDL2cPcF8OM+ENPcChVFefoUcAxFDlXsCLydoTG4U1/+AJGZRubADjVv5iFc3yWOpY7VQpSd6V5XLz5vrWw20hEZxVNt9XBnlxM91Tuc9fRNUcUR5CFV6ylXRy/I6XDI8YvQYjqu8Y/LjoErv1WtJxgUJHDZXLVb1Gh9n0L6gJjYQo3fsBSuC4QtEECtvwODGfqV3EsaLEoSroynXes10Qw7JcVXpOB6IQKuD0gIot9kFYFcYVSgZziGXLhGRyHXniDqYoM9vJtfZxzgWblz3CvKK+rGum2L5RVCZNVyTfPdnM1A+8fjI3GFfXgP6hzqcQTl7aBhCUE7yYfUvFe/4eFXtZrjdwhZX+qccquJqxok+No43uu6YwSUQW1ldnVj/4kRZB1dfvQEWxVQdS0KJ5uNVBqtqJXJtdbnH5hGUUJ510FOcutyOt5oYqzbtHwRVPWLjBb9Faqh1q6qgnxuo9I1yhbImhvTX8FSMBy+gdcanjl4rXyXymi0UsrTxAdE/pY+Uq2RSkjiTYUQYVR2TuDqx2p7QAaL6GhufcuNVq3QNuUTy7QoNDydc9I6auEiLCqAHY9l5mptyC8HwJijVi++qP7hcTUBoXjqA8qrQPs5jqo41woTxaUy/nXIRfa7ijamntnm54RbKG8bfLA9Z5UW40jmLG5mm6F8QpanPiajSU64UqCyv0ucojwhIfPxqeMMIf1f/GB48u9EcqUjSGaULcq81ERZlMf2mnMM5zOkupY5RzqN6TuDhKFVBllyGuOd5hPR84B7gXkwYz7G/sBcbn6aOV6M6rNrCz2FydUNAebKeVQeI8iVcod7sJSYg9OECAESG2e8DAy0ICBQYHe/jo3/8AVx98nE88NAL8cC996KTZXjiqaew99xz2Np8IaYF0F5ZBbIc7XYH3W4b91w4i97lS8gh0BIjvO61r8D1Gzexmo/wgvMb2NzcQD8b4+jZT6LXznCu38KV/VOstqa4fGEHGJ9gNDrB9WtXMDx9KSYDiXEh0el08ZJHXozLD7wADx0c4As+7y8DQmB9rY+1bhv37G5hfbUH5BLjcmHIyWSC1dVV9FZXICGRt9soplMgyyAEkJe+ELKIureKSeVr169VM0hbg2LPV5SecgIWsPG1J3HrHT+IyfVPWblPD25WB7XayFc3IDo9TK5+Ur8AnZ+71y6GXTpWjlK3U5zcfk4fm62ux/WfYPeR1+r0R7/7bmf/4LEPoBgcI+utobV1bu7y0+3aiilO/vBXrf2Dj7wX+KpvBSD0at0SQOfeh/Vxt9/94855Dn/r57D+177OEmcJAOMhprevI986i2z9DM6+9Qdx9NvvwuBP3wc5GQNFgXHZ5nX9KAEMHv097P/yT81WzWZs/5d/CoNHf8/xwxKXOK8tX4C+C01KiaksMCkmGE1HGE3HGE1HGE5HGE6Gett4OsaomGBaTDAt7BegsyzDemcN5/tnsdXbQtbOkYnwl2FLW9rSlra054eJziqkEDBVW2K2EjSfiN4HC+t+H9KdyFD3aXW+WC5vj1GtNAUvr5ZGqPZXOQDSyLGqoTHIl3L2tbHa3uQJYqAmgnJ2hYXSiin2fvgLox6a3ae4Kz7YbaVWS1Kn8+yXEoP3/TRWXv3fQ/TWsfL5/wCDP/gPWPvSfzrzz/gUp+/9CcOjVR5CZ2xsTkUwnBrXfKS5gtxNxqNgOItzrhBVZ2UthUkOLlE0RNXilMPPNfpWzImhVeoIF35Oq+vwppYcOAYmZKd52axqY3IYqNMJz4RwiLMP3Hg0Izs6QcytmBVDLn1MB4kec9xCRzfNaCZcMFz4uIHe9Hbbe3kTd9QxrgAM6vgEwz16Z3Fpjw+ar+jPoNHhLS7i3MJUPV2wXtvrwZi83K/0TheX4WC4o6cEm3RPq7wRqxlvLKaaMz4oV50J8ST9TERRH81Ij+rrnXiBKoDCGt+l8yq6/fpXN/4srE6XPPxUxo4PFh1/misdANEFlM1nKADlSNO/RhjLV6HSZ4Oreii9dnhZGcqTkB2XIsy1CcIIJ+3jrvjoQZWkRrw5xY2gE4/e2ngscn9U6UCAezNguHG/DVTjT7Wd47V1VGHC+FQfTzkSXnBoJDhUJ83WItx4ocDiEvBNiNS93jaNN7Z71cWU4b9ZWGe8Gu6/yf2f6VDVCnwlB+GymksxeaNfNElBqr8Jeq3qo9L5OeO/yPXH5ahlsetpbTmPYcPxAkg+Fbf1zZmPI3rH8objq9j4rRqvGtxIfyfGo970gfNUvqQfpNvc1buSs+YJyKgAMhg4Q5DPMz5NwcT7O1AOP4866A7PNzr6qvRX2LzOL5h4ddTBsrisToPlpqdC87Up7q0bfzFLur7OFX8xVPeBhIPhVE/p/WRkvm7u+9ea84+1f4GqyfhUV0fpt/YG7M8NPNxoUNodg7xqgHrW5DIWMKc4tDtF489UEw9HhCc+h4DJjRzMyPZi8oAncnxqjyXl5X6ByuIwmyvCBcPN05YvdfvDQcxe5C3fBRIQqF6Erg522xF6LCEyIBMFICcYnR7h8OYNnN3axN9845fizPnzyN//fnRaOZ56+mk8/ewzOFuMcPPmDWxvbaDT7WBzcx2Tw3VgNIIopnj4ofuwubmFJ558Cs89dx2tyRHysUBxPIQsVoBxjqKVA6NTZNMxVrpt9HpdnJzs48b1a7i9t4ezu+eA8sX6PMsgxATdfIp8tYvV1TWsrvXR67TRbgl0OjmKyQhHwxGEEBgOhhiPx7q9JSREXvpHZDOvSeWctA4rZBE5Vul2RB+jWNnhr70d09s3qt2ywPjqE5jceBooipmel3VU+r3ysi/C+hu+Hvnmrl5J2KlLnlfpzO2+6wG3P5bOwOnNZ6pje2vR4yl2H/xsnX5y5XFv+uLo9myV6CxH++xlTK4/bXlTGOVM3U7Hy0W5erVVvvKlZGQ5IDK9P9/cnSWSEvL0yE0nJYrhiV7Z2tx/9FvvwOZ/9y0ABNqXHsSZr/n22fmPbuPwV38GJ3/067X8R/Hk934Rra1zWPu8L3di4/h3342T3/tFb3k/40jbZYmffpzTli9A34U2lQUGkwGORse4NbiNW6e3sXe6j/3BAY5GRzidDPRL0Gol6KksoL5QF0IgFzkurV/A51z4bHTzDrp5B+1sGU5LW9rSlvbnwbJWZzbwhX2rU5CxhTXOkNCTghJAtWqVMTYnXN9SSWv37LwS/oUbCjl7E1vC/XK/zEHlIwgHw+HhEqhWWChzFkaFFA8iDJSVT+qsqGAXj6yooCYGIpzWU0q14kKVL92v7Pg3fwT9N343RHsFG1/748j6ZwEAJ7/9E5CyUI4iXpRG4xro+FrMx70rmqhzmSuBCD+HgbL6Ir/2iiQNETEeWKFltlKBqrpnglZ6JlhjXKWmfEGoYkB/cB7jpnHhEDzhHTbavWJI05LyyhhXSSlnkapAhJf9vpI5GcRKT1V/93AGbX2rdI3yuTBVpxm9riZlw9wJWG8Am5YSnAG9k4ncDDA9MUB4cCJHVxikwqijYyzGVjAJrWiidJhyA6t+pMpfuodyRzCqB06B1nB5POxtNL2l3Ex5CFV6yp3ahDlrqbrmy4xzWB1ctJHyRlcWpfrIclnGWU0003sQidyogFUy33jV4gigoXM8wuYAySfMlbHxGYw3Tu88XPmmbgdb9AiIu8AzSMeBlr4uZLyq3NWQ293FF4Y2h5+bzWNUL84X2zquLsswKnO4quPzRe8o1yjD3Mwg6CA/T9WxxhgZnzrHmemN8sZ+acC5QUGlZzZ396vtXi4ZLin3oXrhRsWberFGyZfLlf5pXtZAwK3RQnpURN9YXUwdn86p11V0M1z6eTUujXDDkynucNBM70Ekcp+pOFKE495ujmbNo9Mn6reyGHcqnoqOQzwOsgpGeHJLNEQZRkm5mV6i+Xg0cXwaH7/C5rq4Nvddh5zmKONI5xiNN6KPVC+TeQBlGFVH9q4oOo++3enxqSNADNfm4Z4Ovvj5rZqY1q3c8ar6n/BwBlX1zTwWfHWde76BCyc2vJTV1r8Yr9kw9AYDRkUpD2EkYuYev8bGp7o6Kh2q9FZ39HOnH6n0lMNndkQqXQvy8kVPPf6M6J/3hXDKQ6jSUw6PngZ44/EpN151OnhsgKM6lDqc8EUZ051YblJVTcpDqNIrPh0DrS7bq/JigmmrCyGEeTGHdqSYHS2E0LEnYJRLSkymU3TzHCvdHjb662jtjHHv5cu4sncDh4f72N3dhswzHI8GuLl3C1evXMXlixeRYYqVXg+bmxuYHB0gK6Zod9totzI8/KIH8eAD92I6nZbFkv8/e28es0uW1of9TlW9y7cvd+9lerp7eoZZGXsSGxgWR3IsOwPGIYBixbYUWyxJkGOSSKDIOJYTkTgGY8tGIopkbLI4MWARRSSDSZxgY4gZhsEswzA9W08vc2/f7bv3296l6jz5o+pUnfOcter97szt7vdRf/fXv6o6p87ynF+dOlX1vBAiB8oFytk5zk9PMZvNUZYVSiKUskK5XOL05BTLxRyj6QSVEChGOS5N9rG1uYHj41OUFSEjiTwXKMYjiEIgk1ldKwKKLMN4NEKeZchHBcqmzvXz2dqD6/ef9ZGo9U99RLedCLlcImiyBH9+MxxrO/utf47q/i3/OZlub/2hP469j3x3t3t+hvLoNmh+jnznAPnBtfY0pKdvs7OvB/oHX9b+QDodq5MHoHIJUYwg8gLj578a88/8pvd4C6uqO1ejWdZxWjlluWQ9WP8/vx7EtttaQuZ2h9ao/TQ/gyj2ACG65yIsnSjGzvOdfvz/wvmnP479b/2PMH3HB9sX2bPtfez9qe/D5td+C27/+F9Kbz8HPvjoTyLfu4Lpe7ro2rNP/n948NGfXCnfR4pSutt/jV9eXMHWb6y+hUwSoaIKx/Nj3Dy5jddP7+Du2V3cPbuPe+dHeDg/xunyDLNy1r70DNQvTC/lErIZ8EWWY6OYYKOYopQVMvWlydrWtra1re2NYfkYEGgXhOtvUZsFEaEW0Ah8QcFet1XbhXG8vkDRRjLhCwyDQmz0WEJsb0YYb7B+CNm0gPBEKIC6dVctFeDN4lx9/8O5Hw0T3ZoL321xXm19n2CbGNHp4nd+HvLrvxfZ9hUUT34AAECzh5h//B9C6Gm1ApvbayB2TgK/qfdE7OC87YYEbuSbGIFJQ1WvILd6JBFXjLhitp7Om/1CIfpxeHgMew5P9s581J+9B8RwoCVFCOUvHKDHAzQxELX0Lj31cqZfSWiOyDD6OliJAePCcIBOLzlf1d+EqzgpyDbEeNyBI2Y1q4jzwAk7fa3/tSLeOfTOiegbcalBb8SlDlU9Wt6UT+Vj1iuxQywEO97DWftZ+pri7hfgbxbvWb1Ud4xPl5QOaNzIJcKFhzebLjxCaKvHPbBP/jF91Tq+46oJAnrYboxwIq05NR6SY5aji0f9sS+m5p84nox66YWPhrTyjPe+FfTUwNJXifz3KgAAIABJREFUFWGJ8aQIoZynYIJ+q3oYXMsn2F7WhF2w/uCcZcX8L2Z9r7dD/c3iKfrNOYBupufh3hNGCnBB96/OCKGca/k98vmqE9XZHVzTNx4xtFtP0Dq5p7+lOw5DN7X5EH/z+Z8ThckT7+/AOcvPrpEH+9yvcp6AvgihnK8ewR4mb4dRnOstpesp5z2q7fW33pZyu6aVzTdf8KKIYTOSOYeHg3Gmb49bhFB+PMGtp16eNE9V1VF6HdBLzgUNG56weZL1bO6YXltqxIdT1P+EkY+llzHeNFT/XywzET4+dIIND48hc4ALjxDKeavLfv9zIjqujLuLgDa8Ob8g/7PMcsgw8ojxvvmi8PFW59D4l49rCKHlE0GmYzGedoMWwEHrj3pjm1zpXcuFm9d+FeD9aqHNFxKK3yTg1Ulyv57D2+uf0RM0jA1AHxc6R+exURQeHkNfelZxi6/4fCVhgLPmFMbubr7KOEx+kf5mYZ/8tcLx5ghyPZEsAUzgsxGVqDCFaJrLiAAN1JrT7CR9QkoCAgKZIFBGAAjj6QYuX72Olx8e4+T0DPfvHUFI4OHREfZ3tjEux7j34AGqxRyQElkuQCJDUYwwK0tgMUc+GqFczDHZ2sLmZAsQAmW1RFmVqCqBsiohywrVssbz2QyL+QI7Ozu4eu0qxqMMy8U5pttTQBKoqlCMCuxub2N//xAVActlCZEL5BkgqyWqqgJJCaoqXDo4xMHePopihEqWEFlRSyXqtiFRX1dBBKEJSNv+VLdFPSgJEBKFnHvbv27LCt3z9sBhjR9x+WaXsabftHIl4NYf+hNt2vs/+7cw+1e/1O7f/ch3YesP/1tm/gDQvHMGCOTb+6hOjtr8smJkRJH2FDOpfPPP/itM3/WvAQD2/+R/iFt/87uT6zX/3G9h/Pb3AgDGT76AxYufsI7Ltw/q9q1KyOal8VA5+2znxsvn2r+89RImz9XP9bc+9G/i9GO/YKQbPfVOiGLkzVce38f9//G/AgEYXXkaWx/+k9j46j8CkRcYXXsGxZWnUd1+eYXrLOHoZ38MB+MfxOQdfwDzz3wCRz/7Y/WYGJLflwMbX/2Kl+MtjKtadgF5rO0NYhVVOF+e47XjW/j1134T/+ylX8WvvPwxfOLmb+PFu5/FKw9fw+3TO3gwe4jj+SkW5QKZyFBkIwACFREqWSGDwPZ4G4cbB7i0cYDdyQ6KfP0u/drWtra1vZGMJNUPGUlhPRlttwPaQ0iTdx9ise0wEQGkwP428jAoiMS3k4bwcIYU2t+1lsWpF084hes4CiBM5MU1WtRxLtL+Tn/hh419Z//0x4z9rtbQm9bVBU6u14HXMdBGXsQq2NWK2E5ynsTBjUZiPOK7/k68IIw0nhVdiHUocYQLybNdjQD1nfswrn0nj/arebK5FwN/qs5dnm4OnTvLPBC9bdohOGd9YvCEPrfFZ1VEx41diTz0x07Hh4iTmyVaDYc0KZlIOkfbXRb3YkLzxHiL1BeJ1YlxEGsDm8PY3pWG0nogjEM6KNTY/RsoWD6lFTHetgbXGoNzbPYrLXMhYgiLG3ob4JTA6/+oaV4/N9B37WHXrGREP0Qfrjap7cYhHk4ers8tOA/hRRrLk18inJzYMCMNMQDh4R6kEHc0cR9UdWk1HJzH9U8vi9+rBqJ2Mi8nsMLzCjp4COHhQ1A5SpJD2Zz0ztB0jPMgwsONth7IDZ9wI5GHKz0mbTtMRAp3lC4ZycP7YNtlDm64gocrY/RCLMVNycNDxyQir5KPe5E8vA9SAJtjCD5OXfU5R5wjxo05SiKShvDwHqhaWJXPx5Mw2AGe/e2fg/POcnGQuX2FP6s32Tm7tgtwInTzU9ZnGIAIIyVyasoXQri4ps8WRwrC5ACrRSp3oEZivMXQX/SEDrxI63lu7vIWxwDsVYxIn7XX6hh3zAVcyHwWKRyPEBPGMDhvGsDQFs6NTonwqDP3+HNdIGM8pOFtGxBrE861NnJ402CkAciusc75KmzuxfbP5kjkba30LrC4B31dq3dPAMG5uXk1owGY4vJ9MKF4Md6i1YYU50afMN72cTqavuPnKRjzeafuOcaQrm+9MblGqid83HR+zlsswy/fjuWiflm2/qd5Cbrep78QXb8EXf9JoXwkgxAZRJajlARkBa7ceBLTzW3cfv0Ofue3fhu/+Ru/gU/+1m/jlc+/hKevP4Gvfs/7cLi3CzTvJgkhkOU5IDJIZJidnuH85BjVYg5ZLiBkCUESJCvIqoSslsgEIKTEYnaO+3fuQJDEc88/j2effw4bm1MQLQBaAlS/KE0VASQgJQEiw3gyQVEUyEUGKivI5k9A4OmnnsLh/gEyAchSImu+yBRA/cG6QP0SdNY0lNYuXTOar/uNqsgL0OUS7Vwg8Ne4ZOOzbq6s3Y80zPevtmnnL/6GsV+P9Attuzx90PLND/1RI7/dj3yXdbyOvu0ufPjRn2y35PtXcOnP/hAoy5zHb33Dt+GJv/ozGD/3fgDA+e/+anuura/5Zuv46fu+HmKyAQCo7t9KLmfqdm4xuSYA8898ouW7f+IvYHTjufZ4sXOAw3/vP/fmO/3ANwJ53vLl7Zdx9HM/joe/+D+0x25/rd0OfVEuF7j7U38NN//bfx93f+qvQS4XK+X3yFHKx6Mcb3FcxdZvrb4FTJJEKSscL45x8+R1fObe5/Di3c/ipaNXcL6cYdn8nEKe5RjnI4zzMfIsR5EVyLMcpazaK6IAsDnawI3tq3hy9zr2pruY5BMr0sTa1ra2ta3tMTd1M6pvYsT7RaKob4rq5DxyDpAp3qRXmZhfcvkiquo869JpIZdMzhCJqBVYjwRtVCTwyb8gMz+BCBduZC1rH4cQqhxYPtrX6XU2wtjXlb+25ed/FeWXPoni6guoHryG+Sc/6vjKTpj/J9jmVEy01r9Ydzm6z/4innMn8ogmHHmEEw/X8tPbR49wKgC0EVE5v6iIBRwjkWZ4hJpOC5RHRdAVMcKJ2n6VO+dG/iZXNjhATqrx4ZgiI23hGA9k1/Jo96tIe4y3p4twaiJNqe1kR6BSA8WK4M94Eg4KgZeef9+IYUYEf85h62c4on8PhInw8SH+5vO/FGMF0+TIw1lEE9h6F+RfhgipdX3i3MCoYEQaKBFFq98qVzdvz9rqsI9zZOn7YmQ4xiIIRm1owVpzzY+0vY1uWbydHygdU7Lg4OgXIdpAR8R+jqrhDA6bJ2FoXuqdr+qdEbmA8Yj9voj+jHf+G+7WVP/rGzEVPu47YLA/cmMHRCIodxH4NK7lY0WcTtC/JOTHx/JV6Irg7+Et9mlY3kGWA4V58N7VddYL8rdkFGkIeDgi1o7z5uAUbuQa1ps2Yj/nPIL/ShGiV4vwb+gp0rndwQEODw9OwARiN6Cp19uof3HeF3358xox9+ERBIMhPt05hvnQCjX5+PS05SnzU44qH85T0KHPqjgmZ/tT2ysa0d+BPcw6O3OUi/K3FlfRawFtfU5tD/PBId37zt+Unrbz1Xq7kyt95DwF+0byd+q1Kq3ST9V2WsR+zgna+gLc/jbA/9IdpwEuJ7HshnS/Ss85wNTGwX3zGYu79S2KK96/xuZzUX1NnZ/65qstws1TIvi3/gjjdqjd38d6Nr/lcLHsPXIUmy/4/U+NXA9vnzP05Cw/XSEMnrRgz9DqsB76ygZo6i9QtXrs1FGtds71VFX8SER/zq38Haj5UYwbmGr9bgfcza0ZP71VPEvORBpv8/FxD3qeR9jrcw6egivOT2Po+8UpVf70X0hV3RbhIgGX8+DlfEILHDs8QQig/q34ZpVd6O1R97UAIDIBSY2S5AV2Dg6wtbOHO3fu4vWbN3F+/BCLqsKrZYV/+9/5NrzwzhdQyjlGdfhlVMsllosFZvM5ytkMkCVkNcXmxgSQBYpiBAhRvwANgXw8RiFyTDY2cffefTx4+BDPvPBOfOAPfAjXr+xjOsm1sZsBWQYSgCQCpISUsqlHBYJEJUtIIsiywtZkgskTh9iYTiAgMC5yUDPuu0uP+h9iPtiMbwL0gSpEhkm1QMiEXBo613tgW8LQ9Y93fZFtL2+/gtETzwMALv2ZH8LRz/1d0OwU+9/5nyHfOWTeUadf3nwJxZWnAQDb3/SdyLb2Mf/MJ7D5oT+K6bvNl6Z1PeXbzfmzXb7q7ms4+aWfwfY3fQcAYPLCH8T1H/gHmL/4cSy++CmIrMDoqXdi8tz7kW3vAwD2PvJduP13/iKqO6+gengX+e4lZJs7uPb9P4GHv/D3UR29jul7vg7b3/BtbVlOf/V/d0qz8JRfbYdju9XePN/A/tN/8b9h80N/DMWlGxDFCFf+gx9B9eAuIKv6RXU2UVbnyy89gYNv/37s/6nvw9m//D8w+/2PYfmlz2H8zHuw/bXf0h5f3b9ltHus/UP76fRBe/4h6b9c+0mLAP04lu+tsH9VW78A/RawUlY4XZ7itYc38duv/x5evPs5fOnkdZwvZ6ioAlCL7jgf42BjD7uTXWyPtyBJ4sHsIR7Mj5vBThjlBfane3jH4XN47uDt2B5vgT+EWNva1ra2tb0BjAhSLbo7zLjJZYeoxUNqb9CgcQ3RoWAcBEjtZ8pAqF8KIe3mj/MmB52r5Sv7jGGss+8KLAFk6Djf3y2T1dsN7kIChIggfwqQkq+Gynz5dNUlttu+WXrwP/15lgesftd3Jd1Hr2TULVJTmCs/VFNmk3uQqH7IGEJ1POceRIyTm3sx0MDdC2CM6zcQLY0s0ML9wCtaCgqj8oGWw8093Z/uXxfib448YjLiS9dsM56xOLo11v16rIYae3IiczuZCM7h5k5McQANTb2zddvHg7pLEVTNzTkcnPT76ybKRnOA9/nMqhb0N82BfBzMwXTOFwxaVPXodA1M32I6lowUQX5cT71GjLcWEwybE0h7yMM4dTzo9gigr3tCyPIZWrvWVtE3V17xy5a7AsFMA3t98xoyOfl4q5cJSNDmp2kIlo+PJ6M1wfajqQYOfXXoXZQ3JbH4QFTF8c4XfP7YbnToHefWgNP4yjXod0EnzkN6mzI/XXG+2jWvm3duF+a99IF3V1ddm19s7/SZrgTliruPd36QKthDzbrRjnDrpFoHqoprnFiDWFzpGedDkfohWHqDa/UxuLODNV+Ggzvajbkz4+Q+Xaq/ufxP+RXnXuxKZPGEGjhHQN8bmNCI9AlAH4yM+Oh8NjY/VcOn1WsPd+knUbx51PGcY6CxPNhwtjlLupq/OdCVbw9U9ek9PyDrf/wNFBp40RP2RN99tu++nOsi0zcSDt4H4cjXQBgcnJOHW9chmJbg4Enzg6C/qRcZe3BycY7KHboj1f6Ww/HBzSPQtyj2XnDyCJRrAqP0jXNCW/4uOw9n7tAbKYzWsIObOy2lmc3qJ11Ng9n75MiHvnRQbkQ2N9yrTujl0YEb6SFfRyR3WAATGsg3X1X5+LhP/+z1VJjbOYeHW/nDPfxifAVTeubk1PGu+RwcF/tBY+zDHp++OvU2Sd88PDRfdV5wPLy1mJ56+sinW4nDKTiKEprHwsWZkQ9YvlMVAVorb/3hRAb9gx51fPvCZ9bMTdWEEwIiz7Gxs429K5dxfHYCkhWKXICyAlmRISPCtBghn0xwenaKqlpiMZ/h7Pwcp+dnOD89xQh1cMfzs3NQVWA6JWRFAUggywh5XiDPN5CNN3Dn6BhXnngaz33VezHdPsCiAiZUv5AtZAZZARIlSrlEjhx53nzkkRFkJVFVS1SyBMkKJCtcvXIFYnqArMgBAWQElJVEXmSAkJBAM5DUurLLHwi1fxPQPCufyjmQOQ5VKZaLNP1MQtWPjWJZeg2TN3j8Sz+Nwz/9AwAERk+9gCvf97e7Y2UFZLlRQxDhwc//99h434cBISCKEba+5iPY+pqPdPlqjsX1lG8H38+2P/y//2cQEXb+yHcCALKNbWx84Juw8YFvAjeqSpz+2kfbct7+u38RV//STyDb3EF+cA0H/+4PWGmO/99/hNOP/YJZR+3/XeUPbfdNWKz6ufYT4faP/8e4+v3/HfKdAwAC+d7l9pjFK59GvnPYblNpNt7/DQBQ98WHvxVbH/5WK//qwR0c//N/rJ0wrf3f6PupKh/r8r1V9q9i6xeg3wK2qBa4e3YfLz98DZ+99wV88cGrOJ6foKIKo3yEaTHB5mgDm6NNbI03MMknKPICs3KOpVxiWS0hSWKUFdib7uL69lU8vfcErm9fxXQ0/UpXb21rW9va1jbEBNoF4EzoCw1qwYyQZUKba6g9WhbteoC+gMGPNxdEWu4LcaBhd9+jbefHxxYuPAsYaRFEu/TCiapFHLx5OKHK7+N2n7jycyCvpisf134hrMOdFjhI6Ps9aAUkgpt3/sbXly7qC/e+EZl4BCabJ+EFR1zhaEVs1sqv826zhxu1DHD/MPWjZg4XDVtqcyRnyCwqF+qFco2rk2i8S8a4YAu4YiAicUG4FUvGQxhqgBimOoBT78wrhZM3C8p9/U1pk8FTULgRMZ5qUQHkGHZwzRvd3KFvptykRmDyYKvHPVClb7iql9ru4zUMRE/7WZxdsHiEQydXuVygv0UxrTbd/IDzEOqZRdeYPCcQadwXgYlz64Ea5ykP1BIfsAX1VRMazoM4qMFFo9Pq8Bi3+yvqH6v6n8cfvRhpHicPGqsRH+/RAieXHICurw33RmRK0L8U9Op3BLX0qvxqu5s3xvQtifcxX3eJMO/XS3F/S5o/BLArv6lnMZ4uyMqsCak27uPYzVcT9XXofNWXPoaafvGIoV7eNR6i+um7AUnuYATNOnyV6XEK+uTMi2YJ7YjpkQo/4vtX/4AXzembEkb4o5+vguXXcb3lLJ4qYPDwmCXenvmup77TD/c3jvWJu3wjvF13U+U19Sy2Ptcb+87fGPfpactT5qe++WqLaFvJ4sLDhYubw9PgWq18HBjYzCtY8vyAY3uYCPOmYbru9nENVXqNo803zIffvyZie//KuAfTf4FEdSfjwsNFT97m73cfARjLVUoGHqX/pTZ7ezjnnuxa7tG7IIdLPz0oPJwhYjx1wPecn8Y6MKqvjb6pf8L659BLQ08dOKA6bXpVPa3vo/rac7hbDhUzVTGVvM/6FjrPs7kHxUCM5KtK4IzoHNA7/wUwEXsuiPh+QY9zy984T/G3IRhoDl/z0OIs6HabVBo1rBOLlrXZNSSDOpEASICqOhBVMRqjqkpMd3awd+kQt187QT7KQZCoKonN0QivvPwyciHwwle9AFlWWJZLEAHz+QJnswXOzxeYZMBkPMf5bIZMTDAajZHlAnmeY5xnyLICyCb40t0jPDhb4Imrb8Prdx7i3tFv4tLeFNcv7+KZJ65huSCMpxugrG77BTIUALKiQJHlkJWErICqqiCrBYSQuHzlMhbZFs5l/UF6BUDkWfPzyKplRNs66iVnaO1Uzw3VSmSNG7TQOsU2Uc3RBUYycjO5cqCGqwBJrYDpR8uy6zuW3OVf89/7l7j7U/8lDr7jP0G2sd24A6G8/TJOf+3/xN43f0+9qVq2+cqzh7j79/4yDv70DyLb3GnPLc+OcfSP/zb2v/37kU23jNp0niUAKXv5//E//YeY//7HsPPH/hwmz7zHeCkbIND8HIsvfBL3fubHgPlZV87ZGW7/ne/D/nf8pxjdeM6oX3X/Jk5//Z/g9Jd/zlHO5rByGd0OWZntr7ZrdeX5G9cTth/lErf+xp/H5Jl3Y+OD/wbGT72A5c0vYPY7v4LzT/86rv/gT7V1UOmO/5//BctXX8TeN39P/XK04ROExUufwtFP/6izHG92RNWNh8ehPG9FXNXWL0C/Bey8nOHVh1/CS0cv4/XTOzien6CUJUb5CLuTHVzduoy37T2JSTHF8fwER7MjvHZ8E8fzE8zLORbVEpWssDXdxBM7N/C2/adwZesydibbGGVrF1rb2ta2tjekEcC/RJfoFoUAtA8duxeRzZsotcgjJTU378Y0vT0+9OW9urnT9zeFq28ISSAeCqFBVz46+r4kU/WU6iYwko95u+Hk5kRNe5m7KW/HpZmSgOQIe1r1US6N4lj7VUuXC6vECbfLIO2nl7Tsgmh9aM9OYLVqWjd1yNOvglqH8fq5AwTwqbiDE8vQyb0nWA1XWZD2vUChldcfIUdDxFDlnsCJtAVC/oKEVXxjAdprUbkwHc0X+ahL5uMOJCA5UpNClZ7pXVcuN/fiRY6gTmg0jm67iyvjnLVzn9M5Tz8ElR9xHkKVnnNV9Ka8FicPjxg/xsdV3jH5sVCld+q1ipSn3CmBw+R8luDmHjQvqIkd5NE77wUrguELRBC71oDGtf1K7wjaixKMq6M5b/XaMwx9yI7rSufjAQ80BigvgGo2swDeCKMKycN96EuXiEjk7eBInaf69I7zNvsYx4Wbb3gFeUfd2LeZYvlFUJkxXSP/8PdmoNrE0Ub6DvPyGtA/9OEepPrBWgjBOcvHq3+p+Mjnq2q3h5s9bHClf6pBlV/VnOnjYH/jccc0TkAssro6cfuLE00dbH11OlgUU3UsCQnD56se7KqVyFvryx22iqCE8uyDjuL05aa/9cRYtfn4YKjqEZsvuC1Sw1a3ugq6uYZK3zhXSD0xpL9aS8V48ALaZ35q6bVqq0Tes4dCljY/YPqn9JFzlYyI+RmFEWFUdUzi6sRqe8IAiOprbH7qm68apRvICcm3K9w9LHdpd/TEi7SoADowlp2juzk3EB4+BEm9+K7Gg83VAkTLmwbgvCu0i/sxVccGYcL8NKbfVrmYPnf+5qlna6tyrVk4H+h/dR7U5cW40jmDa5mm6F8QSdfnRFTpOVcK1JRX6XOURwQkPn/VWkNzf1v/PDx4dq07UpGl00oX5E4bIizKYvrNuQ9XMGu4NDrGuR/VcwIHR6MK1HAKccfzCHJ84B7gTkyYz3l/YS82P02dr0Z1WPWFm0Pn6oaAc73as+Ngn29m5rNMIdSf6DaofVS/AF1nnTUfDFIdjCur3zHMRmPsXDrEvduvYWNjilGeY7mocHz/CJ/+vU9hJASuX7+K7b1tEFVYEGGxLHE2K3E2WwIjwmwxwnyxwHiUoywrZAVhVOQYjcYoJhv40t2H+NXf+l186fgcxy/fwtmLr0CgxBNX93C4PcL1S3t48up1HF4+wGhU4NkX3oGDyxMsl0uMAJQgkJQABAQyQFYQAEajEeYSyIoRShLIiwIlAKokRN68+Ex1TwiIpu1F0/4w2l93ow1IAPrLuqbRctbNZ/XGNsY0Eyylp5qA3fqx77Xz9iR34fwzn8DN//rPQowmGF17BotXX2xPcPprH3XmO3/pk7j53/y5Os2NZ7G8+QXQYgYAuPnDf8ZZntf+yrd5yxnDxaufwd2f/CsAgGxzB6Nrb4c8P8Hy5uetPPV01elD3P37/0WdbrqJbGsf5d3XvMff+1//hjM/3/ZbP/pdznx4XXl9Xvur3+7cj/EUWMwwf+n3MH/p94xjss0dZBv1i+Xy/MRIN/v0xzH7m9/dHpfvXYE8O0b14HawHG92lM2L+1/pcrzVcRVbv736Jjciwmw5w52zu3j99A5OFqcACNvjLexPd3F1+wqubl3Bla1LqGSFo9kDHC9Ocf/8CCeL03ZRJhc5dsbbeGLnOp7cuYG96S7G+Qh2BIm1rW1ta1vbG8FICPOXdIT5jXU7yRDmfTBLoi1sCGshI1Pp1Hom2fl5UXQLHhn0yFPd/jYzAF2Elm6BxL1iqagqeLNd50NfoNJQcO6JsHD0E9/sPM6K4BDBk5//y8DP/5B2fv10Avd+5GuN8gv9DpnzNt+On/3iX8fZL/71dm//EFYwLTZ98HWfo7u83E4W8DcP9+KKEaJSIhZwTGpgttjUF9UY4hxu3qIrYk4MjVJHuHBzXl2LD7Vkx9EwIbuWK+kSJo+iOp1wLAiHuPeBmx91z44uEPOIMSIRfekjmBQhjKOlm7o3My48XLi4hs70Zt87+ZDm6GO+Aniw9U94uEPvDE58PpDAnfl5UBvwBhdxbmCqnl6wXvP7Z0tfld61xfVweLilpwyHDE+jvBHr6W9eTDVrflDrWJAn6Wciiv6oe3pUXx/FC1QBFMb8Lp133u3Wv77+Z2B3uuTppzLv/OCi/a/lSgfAdAFN92kKwDnS9G8QxvJVqPRZ46oeSq8t3lSG8yT0zksR5q0Jxhhn/WNHfHSgStLD36ziRtDyR2dtHBa5P+p0IMCdGXg4u99uI/g32328t44qTJiftsdzjoQXHAYJDtdJvbcY114oMDgBnU532fW93g71N+/w6osp03+9sNZ8NTx+k8e/Z0B1EfgaDsYb3eJ80C+apCDX3wS9VvVR6dzc036R64/N0cti19Pech7DgfMFsHw6buqbsC8Q0PXOywfOr2Lzt26+qnEt/aOYjzrTB87TtSX/IN3ktt413GsOh4wKoAcDZwjyVeanKZh4fwfO4ebRBnrE642Wvir9FSbv8wsmTh21sCmuV6fh5XpLhdZrU5q3r//FLOn6upL/xVDdBzIOD+d6yu8nI+t1K9+/9lx/7P0LVEPmp211lH63rQHzcwMH1zqUD8cg7zqgnw25jAXMKg4fTlH/09XEwRHhic8hoHMtB92znZg84YkcnzpiWXl9v0BlcOjdFeHCw/XTnj9sS+Ryh+3cfDHXfMQo2qpkzblF8/9Seb3IgAxYVgsUeQ4SAvuXL+PBwSGeePIpLGcz5PkIi0WFezdv4fypp3Dn1i3s7e0ga9ozL0YoK4nFUmIEwmy+wHxZYlpWKGWFogk4RcUIcjTGx3/39/HxT72I82WO+3eOsCwJqOY4n53h5ohw69YG7t09Rp4Bb3/703jh3e9GLjIsyyVkngOVQFmWEJDIhEBJEpIIFQgSGSjLUJYlRnmODBmqqqqfZzfTIdE0qP5Sumj8Qz0/1z8A3szDA1uU501bRvRxxflpMi7nWL76YpreKywXWH4NqO8HAAAgAElEQVTxU4A+h7io8vjm22fHWHzhdwA2746mm52hmp9/2co5BK99/08AqKNen33sF9rt2eYOLv2FH1Yeh+XNz3vrQWfHKM9PerfPmxFFEwH6K12OtzSuaOsXoN/ERkSoqMK8WuDh/ASnyzMQCFvjLTyxcw1P7j6Bp3efxLSY4OH8GK+f3sYrD1/D7bM7mC1nICIQEYqswMZoioPpHp7cuY7r21cwzSfa5HBta1vb2tb2hjMiYw1DANaaBql/RMf1uQePcKZlDQCQKl/S0mv5RgJU2F/uN+fQzmTkC89+ODgB2ku/1HHRtU2vCDQEDI6o4EFV3hj3YkvJjYCb143ddZaIcUdTswXRQdwZ0USdS48EItwcGlJCBBKOcOTTAxHjgQFQRypQVXcs0JJjgTXGVWrOLwiVD7QfnMe4bj53CJ7wEVtkeFnI07LyUoyrpJx7katAhDfjvJMBCiLa9Gq8O7gHlb7pJXHxlTBVpz16rdq9jcDo4ZbDOh1YtxTnDOgdJXLXgiXnIewqDFZh9NExL8YimIQimigd5lzDbhyp8jfNw7klGN0Dp0Bv2Dzu9ibqraWamfMQqvScW7UJc6+l6porM1+D9cGLNlbeaGRRro9eTo2f9UQ9vQORyLUKGCXrIoR5OAKo6ZwfYXKA5RPmyrz+GfQ3n945uGqbvgPsomdAvgu8B/k80NDXC5mvquYayM3h4nJDk8PN9e7RqhfnF9s7/tsYDyqzuKrj46J3nLdIYa5nEGwgN0/VscEYmZ9ax+nptfLGfmnAukFBp2cmt/er7U5OHk6cu1C9cKP8Tb1Yo+TL5kr/Wt7UQMCu0YWMqNgCjk8XU+enK+p1590eTm7ezUsjXGvJlOawUE/vQCRylyk/UsTHncMcw7qnTZ+o38pi3Kp4KloN4mggo2CMJ/fEQPSty/H7cKZvqgNX/QWpVfW5awVVTlVck7uuQ1Z3NH7U5hj1N6aPXC+TeQApjGogOyOKrqJvj3p+agmQh7fm4I4BfvHrWz0xbVjZ81X1j3BwD6rq63lc8NV15fUGnzt53UtZb/2L8Z4dw28woFWU8xBGPGbl+WtsftpWR6VDl94Yjm5ujSOVnnO4zPRIpWtBTkJrvrj+OV8I5zyEKj3ncOhpgA+en/rmq9YAj01w1IBShzN+UeYZTl6uU1VNzkOo0jdcnh4hq+agfOIqDrJMYGv+AGfTAwD69byz9kX2rHkNWjUzAZIkhMghpQTyDCLLMN7cwuUbT+KVl7+Ag0tX8PVf9/XY2z/Er/zyP8N4XOD+/XsYjwtUKJFlGSAEiASWpcS5rJAJgbPJDKM8QzEqUIxGGI8nqEhiuVjgM5/7LMplCUnA4vwUhAzjXOD4+ATZZoEb73oBH/7wh7GztYFr1y7hYP8QVVkhyzIIkqiWJQRVkLJEuZxjtlhiSTmqLENJwLKUAGUgkhB5hgwEgW7tORPax2L6eNT8R7XZ5uw+cjNsmWnVEpifgz+/GYx99XqNjx2On34Xsq09AMDet3wv9r7le0CLOagqm8jPjc/JCvd/+kcbbfjKl/uxRZKQy8VXvhxrXMnWL0C/iU2CUMoKy2qJUpYosgJXNi9he7yFt+09hctbh9gabeJ8OcPts7t47fgW7p7fw8n8FLL5QirPcmyPt3Bt+wretv80nti5hoONfYzz8Ve4dmtb29rWtraVTLvhUgvCmci6xRRyL1zAWChosmrv9+MLFG0+2hf5BO2LVQcSqZvpHkuIbSLGG/RFJCAiiEy0L5OoFlIPP728WZxT5fRGCOWIMMLHU5pBT9x3zhgrGEP1pbgyc3mt423xVEQOzttuSeBGvokRmDSsyx/hfRuCN8jAiCv8IzMekSA5Qijn8PAY+oengdC5Uf4w9x6QOkB6WlKEUP7CAXo8QBMDUUvv01MnZ3qWhFEB4R3q6OBG7zgXhgN0esn5qv4mXMVJQbYhxuMOHDGrWUWcB07Y6Wv9rxXxzqF3TkTfiEsNeiMudajq0fKmfCofs16JHeK9gLL2slbffXra8BR3vwB/s3jP6qW6Y3x+oHRA40YuES48vNl04RFCPfPRpAdsiRjUV63jeYSmoB62GyOcSGtOjYfkmOXo4lF/7Iup+SeOJ/98NerhjA4cYJ4aWPqqIiwxnhQhlPMUTNBvVQ+Da/kE28uasAvWH5yzrHreT/S93g71N4un6DfnALqZnod7TxgpwAXdvzojhHKu5ffI56tOVGd3cE3feMTQ7hdItE5+xPevlpx4smv5EH/z+Z8ThckT7+/AOcvPrpEH+9yvcp6AvgihnK8ewR4mb4dRnOstpesp5z2q7fW33pZyu6aVzTdf8KKIYTOSOYeHg3Gmb49bhFB+PMGtp16eNE9V1VF6HdBLzgUNG56weZL1bO6YXltqxIdT1P+EkY+llzHeNFT/XywzET4+dIIND48hc4ALjxDKeavLfv9zIjqujLuLgDa8Ob8g/7PMcsgw8ojxvvmi8PFW59D4l49rCKHlE0GmYzGedoMWwEHrj3pjm1zpXcuFm9d+FeD9aqHNFxKK3yTg1Ulyv57D2+uf0RM0jA1AHxc6R+exURQeHkNfelZxi6/4fCVhgLPmFMbubr7KOEx+kf5mYZ/8tcLx5ghyPVG1AM4fAttX4LPd8iHOcND0Z9e3+pggAFJK1L9C3LwOLAhEEoKAIi9AkJAgLIXA7o0beOqFF/Dxf/HL+NTnP4sPfnAXX3jtFTz43Xt49rln8J73vxuTrSkm0zHGoxE2N7fw4OgEsioxn5c4OT1HnhGKPMN0Y4JluYBY5JBiif3pGAfTAiezCsucMFvOsDWd4uDSPt73rufxjV/3h/HV730vNiZjyGoOuZwjywpkIoMsSxBVIKqwLM8hyxJSZqhfr8sBkUOIHLkQILkAyqpxI3t1BpSxIUv1cQKoA1JKbM8eetsdAMTyFEIu0M2r/eZbXgjKOXr42xofC1y88mk8/Cf/ANvf+O3IpvULz2I8NVxNnhzh3j/6EdBpOML7GgG5XDwW5Xir46q2fgH6TWxEEku5REUS43yEK5uXcLixj0ubh7i6dRlLWeKlo5fxyoMv4Usnt3B/doSz5TkkSRAR8izHJB/j8uYh3nf1q/CuS+/A9e1r2BptosjyeAHWtra1rW1tj68RoC+qA+oLXO0lv2ZVR8ruRgwAupfb6iO7D7Oa49Dtb47Qjk9EAswv+gXjJtY3aCwf8vDeX5jZ3JyIxTgezQKHvzncx7H0ymLcaY4MkyOAaG3i5KnI8+uFXQ8Rq09dbtURaruDmz1s81UiEKyKEQcb9MKEFQlC+Zdnf5vbMK7MaG6tGtFmiFg0QmjDu82k79b4ACQgFrEJnLN8LN5b31ZFdDwoOB4eM+10KlmQs6QrjaLw8EnSa2Utbzay7ow3b6R5Ylydq58cdY+gOi9jvFklJ3JzlSExfVvx0RRS9G3QCxMXqNfWAzwPr4/2vBDhrQ5/YcKDFENiw5Ga0oV5ZwFO8OuYT/eYnvWPuMQwlh9D9OGqodvKwtHwjCuz9I9Y8zE+UB96mVGfzt/4cDO4oh79i/tfuLlSL+9OzuozRGYs72Z9FtO/Vi85h84HoiYIJDw8NmHyTdhjencR81XlMKrHgg5lc6V/RveSzVfzN/4Zbw9OQCzCuvIEiyvFidy/WhFCOffoWK/5Ked9sD07aaXQytUW18MBY/uF2ioC4ysXpaM6DS9OcvHUsOa8D8aq35SXz1drrpW43ZlSo47zEWxwTccGR8AnD09EsPx8PF3vfB3g2d+axyFbf/JwvelXNKv3Gh0zq0esGoxzvVTzT7WdeiLCqCoe492ADKM1f2UD2+LReSpM3qbuyx2oNXTy5TtmPfTtwm3IcHMkN3hatyfPR22VEH6uCXi7tu7kuh5Ezszma71+Ie+iMUGvffPVVl/V+EjVO869lurwmjmbnTsG49Y5GNfmPUrX3LzTNXWArnODkBCdn8Z+sVLVh89XlT7z+aqFvnYxco/zbn7atJ3g3IPs7BbGiu+pzoXIX3/BScuzDyYUL8Y7veNypj4ECvCQfsL1PCKMKmXsg/fUC4xXx1Lnp775aiq2bZ3G4eVm9UK393RyFyLwAvQ+zXGreflZCNG+2K67FF+/rP+V9UvFkpAJQiYERCVBEKCiwDve+z48/dST2NvexunxCfauHOLytUNc2t/DopxjTCMQETY2N7G1tYXpeIzZ2Ry0KHF6do5MVMgEYTIdIS9yTCc5UOW4uruFGztbuCNPIMZTHFx6Ei+885344Affh6dvXEEOwvnJAxTYhJRLZBmBICFygWKUo5JLyGqB5WKOTAggyyGlQEkAkLW+kIkcxrqN7ndCwP5AlQBBINloqsiwW82AnB+npZifmNehiHl1zKd7WOMbDolw8ss/h5Nf/jmMnnoB46fehdH1ZyDGGyhf/yIWr7yI+Wc+Ad0ei3I/pkjL+WNRjjWuZusXoN/ERgCICON8hEubh9iZbOPG9jXsTLYBCNw8eR2vPryJlx68jPuzBzhfztoJiRAC02KKy5sHeNv+U3j+8Fm8bf8p7E93McpHjgv12ta2trWt7Y1kBIGskXL9Ple/Yc207YC2DsuMr9NmmQg+YKuJvaCR6bz9FL05v/pH8P0MnWd0L2AMfoFKdBEZVH4CES4GIkKo+kZFinBwQldezvU+ZEzEppliICaatk5gdFew+9Ruzp3II5pw5BFOPFzLT28a0iouALQRUTm/qIgFHEUYeYSaLmJY60FhdEWMcKK2X+XOuZG/yZUJT/Uuyt8ModN5CNvCMR7IruXR7leR9hhvTxd/wBb7SUI1ULqIe43nMp6EPj2OYWL+fSOGGRH8OYdDPzlvXv6JDCMbYSJ8fIi/+fwvxVjBNDnycBbRBLbeBTmpiHoBVOk4T0Gt4WPcwKhgRBooEUWr3ypXN2/P2uqwj3Nk6ftiZDjqLxNaPMWGFqw1PkDY3ka3LN7OD1IfsA1E4eEaqoYzOGyehIPmq3pnRC5grMPbjxxFmHf+G+7WVP8LoiMf+LjvgMH+yI0dwCJqcd5F4NO4lo/SNc5D+peE/PhYvgo1PVP67OMt9mlY3kGWA4W5HeEWTn7R/paMIg0BD0fEtBemmg6LcyPXsN60Efs5FyZfLUJ0eH4aQ0NPkc7tDg5weHhwAiYQuwFNvd5G/YvzvujLn9eIuQ+PIOjUPzOHfnxohZp8fHra8pT5KUeVD+cp6NBnVRyTs/2p7dXOVxm/oPsH6+zMUS7K31pcRa8FtPU5tT3Mu4x6FqDv/E3paTtfrbf7PkgnaLrXR09T9Tmo16q03SuPUFzpG+cEbX0Bbn8b4H/pjtMAl5NYdkO6X6XnHGBq4+C++YzF3foWxRXvX2Pzuai+ps5PffPVFuHmrS6D6XTHO3+EcTvU7u9jPZvfcrhY9h45is0X/P6nRq6Ht88ZenKWn64QBk9asGdodVgPfWUDNPUXqFo9duqoVjvneqoqvoer9Jxb+TtQ86MYNzDV+t0OuJtbM356q3iWnIk03ubj4x70PI+w1+ccPAVXnJ/G0PeLU6r86b+QqrotwkUa4vRum06ZzvcL0Wxp1ogEACGbJhAAJESjK0LkWr0BgJCpHAmQWQGRSUBKLGWOjUtXUJUl7ty/h+tXb6DIBe4e3cbnvvgy3vf+90KIHEIA43GGyTTD+YlEBYllmeP0fIk8O8dodISiENjZnGKxmGNzY4z3v+/dmC0Jm9s7uH79Oq7fuIFnnnkbtjc3IJcLSFlia2OK5TIHSKCUVX39yAGgqiNjywolZZCVxFKMsRAjSOTIiEACIBQQJLXqdn5KBCCrYJhx7163zW6GoIn5SeczfeenvvlqyvqiY7/xgfp6/2Oxv3z1MyhfedHaLx6T8r0h9i/nxvX8sSvfW2T/qrZ+AfpNbAICmcixM9nBcwfPAAAONw4wK2f47L3P48W7n8OrD1/DvfP7WFRL1IvJtWPlWY696Q6eP3wW7778Ap7avYH96R5GeYHu9mdta1vb2tb2hjUy45WoWx/9xRJ9P0tqzEHqeyHR3hPxiCZSy789HwFdhKn6H/7lPnQuu3N2AR54CdOxzr4tcBrX0hnchQQkR1TgPBGVtZzcvOsYxr1GnVNom3rfR69k6kt3tH3t46Q4XHx4hJL2eM49iBgnN/dioIG7ccq4fgPR0sgCLdwPvKKloDC2/kjt/zq5p/vT/etC/M2RR0xGfOmabcYzFke3xiOUmDram7c6TCbXdM3gcHMnpjiAhkrf9JKmcAN9OuxD1dycw8FJv7+uuTqgXe/jfFUL+pvmQD7uFGhFjQppqOrhiFiSqGPJGI1g4uGJeo0Yby0mGDYnkPaQh3HqeNDtEUBf94SQ5TO0dq2tom+uvC58fhA+iEcKjUbw57zVywQkaPPTNATLx8eTkdLRVAOHvjr0Lsqbklh8IKrieOcLPn9sNzr0jnNrwGl85Rr0u6D7IvA59TZlfrrifLVrXjfv3C7Me+kD766uuja/2N7pM10JyhV3H+/8IFWwh5rvvs7HrZNqHagqrvFoBH+lZ5wPReqHYOkNrtXH4M4O1nwZDu5oN+bOjJP7dKn+5vI/5Vece7ErkcUTauAcAX1vYEIj0icAfTAy4qPz2dj8VA2fVq893KWfRPHmUcdzjoHG8mDD2eYs6Wr+5kBXvj1Q1af3/ICs//E3UGjgRU/YE3332b77cq6LTN9Wj9DvyNdAGByck4db1yGYluDgSfODoL+pFxl7cHJxjsoduiNjEUYflb5FsfeCk0egXBMYpW+cE9ryd9l5OHOH3khhtIYd3NxpKc1sVj/pahrM3idHPvSlg3IjsrnhXnVCL48O3EgP+ToiucMCmNBAvSP2R/TPXk+FuZ1zeLiVP9zDL8ZXMKVnTk4d75rPwRH4AIcIfT9ojH3Y49NXp94m6ZuHh+arzguOh7cW01NPH/l0K3E4BUdRQvPYzyMAPHgdJEsg614h04tZZBkOzm7hwfaNcOWEaCeY/GNms9IZSGTIihEkJJZlhUoUuH3/Ib740uewu7OB51+oUJZV7StCYDwZY7IxhShyQBIqkpgvCSenFQQIo9EIuzs7mC8qbG5O8fzzb0debCAfjTEajwC5xP3br2OxuYH93R3Mz05xfvIQ4/EI4+kGstEEMlc+24xmkaGShIoESGRQ0Z/VO1MEEainfm+iNZH2/7snN1GE2kmWwPkx0+0VMarXCO6n9f71/jfZfrmYPdbleyvtX8XWL0C/iU0IgSLLsT3axDgvQABGWYGH82O8fnoXr5/ewaJaYpJPsDnaxCgrMMpHGOdjTIsxrm1fxbsvv4C3778NhxsHmBaTr3SV1ra2ta1tbRdlovlHQL9Fa+7fVQQPdYMKbaGiWYhuFwjMLMnY1S1QdBvNhY12e0rIDeE4PrZw4VnASIsg2qUXTlQt4ODNwwkhIpwf78zPgax6MZ6w3mIav9f2FsSNVkAiuHmLZvPj4r5w7xuRiUdgsnmvBrigiCscrYjNWvl13m32cKOWAd5jmLaomc+dvJbaHMkZMovKhXqhXOPqJBrvkjEu2AKuGIhIXBBuhZnxEIYaIIapDsD0Tm3sXsbzcKJB/taczuQpKNyIGE+1qAByDDu45o1u7tA3U25SIzB5sNXjHqjSN1zVS2338RoGoqf9LM4uWDzCoZOrXC7Q36KYVpvu+s95CPXMovMFzwlEGvdFYOLceqDGeQhV+sQHbEF91YSG8yAOanDR6LQ6PMbt/or6x6r+5/FHL0aax8mDxmrEx3u0wMklB6Dra8O9EZkS9C8FvfodQS29Kr/a7uaNMX1L4n3M110izPv1UtzfkuYPAezKb+pZjKcLsjJrQqqN+zh289VEfR06X/Wlj6GmXzxiqJd3jYeofvpuQJI7GEGzDl9lepyCPjnzollCO2J6pMKP+P7VP+BFc/qmhBH+6OerYPl1XG85i6cKGDw8Zom3Z77rqe/0w/2NY33iLt8Ib9fdVHlNPYutz/XGvvM3xn162vKU+alvvtoi2layuPBw4eLm8DS4VisfBwY28wqWPD/g2B4mwrxpmK67fVxDlV7jaPMN8+H3r4nY3r8y7sH0XyBR3cm48HDRk7f5+91HAMZylZKBR+l/qc3eHs65J7uWe/QuyOHSTw8KD2eIGE8d8D3np7EOjOpro2/qn7D+OfTS0FMHDqhOm15VT+v7qL72HO6WQ8VMVUwl77O+hc7zbO5BMRAj+aoSOCM6B/TOfwFMxJ4LIr5f0OPc8jfOU/xtCAaaI9g8s2Pg5C6wew0+u1Q+xAOEX4AWKksunMxI1C8USwksCRhtbOHa02/D2WyO0/kc73z2aXzoD/7rEBlhPj/DaDxCVhQoJmOMpmPMzivMygqZLFHOJWRVYVQU2N/dQTGeYGM6xdGDO6jkGaQkLBZLzGczCADj0RhPP/kETk9PsFgucHh4gL1Ll7F76TJ2Dw8gcgFUVT2WsxxVWUGigMwKSGRtLVudMtZMuCLY7aP/Cszh4gEQiAAt5scQy1NoJ+O5mVw5UMNVgCQlYCa3Dl/d/9a4xjcYYn4OUGTesMYvC65q6xeg38SWCYFRPkKe5RjTGLNyhgezY9w6uY07Z/ewqJY42NjH1a3L2BhvYne8jf3pLvane9id7mB/uofD6T52Jtvrl5/Xtra1re3NZgTY353W/yeNRXm0izlSkrG4w19qIy0XoeWnzqNz/XzO4wiwvuhvfj7J+8U/O4+Fvi/J+JdnTT29+UCvt5ubE7Uu8oIqr7mg4eFaWzrR3QzxiBGsxH15W+VIAa0P7VmGVqv266Zo7/RCrcMM7qhHNyj0qbiDE8vQyb0nWA1XWZD2vUChldcfIUdDxFDlnsCbBRmda8V1PyCJWcQxrIiicPMumY87kIDBEZvUgGb5tvrFuBcvcgQpoTE4uu0uroxz1s59Tuc8/RBUfsR5CFV6zlXRm/JanDw8YvwYH1d5x+THGfEDDt78a0Xgj3GYnM8S3NyD5gU1sYM8eue9YEUwfIEIYtca0Li2n0grroerozlv9dozDH3IjutK5+MBDzQGKC+AajazAN4IowrJw33oS5eISOTt4Og7IXO1m87b7GMcF26+4RXkHXVj32aK5RdBZcZ0jfzD35uBahNHG+k7zMtrQP/Qh3uQCLGI0OCc5ePVv1R85PNVtdvDzR42uNI/1aDKr2rO9HGwv/G4Yxon+O/r2u6gxh9Juya69NXpYFFM1bEkJAyfr3qwq1Yib60vd9gqghLKsw86itOXm/7WE2PV5uODoapHbL7gtkgNW93qKujmGip941wh9cSQ/motFePBC2if+aml16qtEnnPHgpZ2vyA6Z/SR85VMiLmZxRGhFHVMYmrE6vtCQMgqq+x+alvvmqUbiAnJN+ucPew3KXd0RMv0qIC6MBYdo7u5txAePgQJLXGrsaDzdUCRMubBuC8K7SL+zFVxwZhwvw0pt9WuZg+d/7mqWdrq3KtWTgf6H91HtTlxbjSOYNrmaboXxBJ1+dEVOk5VwrUlFfpc5RHBCQ+f9VaQ3N/W/88PHh2rTtSkaXTShfkThsiLMpi+s25D1cwa7g0Osa5H9VzAgdHowrUcApxx/MIcnzgHuBOTJjPeX9hLzY/TZ2vRnVY9YWbQ+fqhoBzR/XpwS2I0AvQhcTnQj4hUL/w3l7fhOPoziQyUJYBkgAiZOMNXH/mWdy+d4RSErJ8DCGWEAAyAYgMyIoM060NzJZLVIslCPULytmsxMPjM9y//xCXLl+GrEq8+soXcXo6w3g8hhAZNqcbODw4RJEXyARhc2OK0biAlIQ7d+/iTErkG2PsjrZAoi6WJIFKZihRQCIHtRGglamPSvQ+UHtI6w3TVNMfiAqAv53o7EHbyN16gsqEYJ6ACZbSUyZg1vqWJ/ka1/hWQLk4fyzKscbVbf0C9BvaCKDmT5nI2hmmgEAuBHKRASBU1QKiWmJUznFQlSgkMM0KTMUYmyiwI8Y4yDewP9rG7mQfm5NdjMdbyIsJIPKvTBXXtra1rW1tj8a0mzP9uRLfT6g/PG33C7WA68xSW+jQXudptuv5EDqi319D7RfNQoQweVsu0SU2eJs/rxHjsQUMMN7zAZXg3BNhIYoYiM0Chmg6oIsooaHe1+Yds7HY6uL9Q1jBtPCah+2QrJmTHsDZyfwoPNyLK0aISolYwDGpgRsUA1GNIc7h5i26IubE0Ch1hAs359W1+FBLdhwNE7JredOtamOyG6jTCceCcIh7H7j5Uffs6AIxjxgjEtGXPoJJEcIsveM6qXsz48LDhYtr6Exv9r2TD2mOPuYrgAdb/4SHO/TO4CTY5TKBO/PzoDbgDS7i3MBUPb1gvTbjwei82a/0ri2uh8PDLT1lOGR4GuWNWE9/82KqWfODWseCPEk/E1H0R93To/r6KF6gCqAw5nfpvPNut/719T8Du9MlTz+VeecHF+1/LVc6AKYLaLpPUwDOkaZ/gzCWr0KlzxpX9VB6bfGmMpwnoXdeijBvTTDGOOsfO+KjA1WSHv5mFTeClj86a+OwyP1RpwMB7szAw7X7baCbf6rtPt5bRxUmzE/b4zlHwgsOgwSH66TeW4xrLxQYnIBOp7vs+l5vh/qbd3j1xZTpv15Ya74aHr/J498zoLoIfA0H441ucT7oF01SkOtvgl6r+qh0bu5pv8j1x+boZbHraW85j+HA+QJYPh039U3YFwjoeuflA+dXsflbN1/VuJb+UcxHnekD5+nakn+QbnJb7xruNYdDRgXQg4EzBPkq89MUTLy/A+dw82gDPeL1Rktflf4Kk/f5BROnjlrYFNer0/ByvaVC67UpzdvX/2KWdH1dyf9iqO4DGYeHcz3l95OR9bqV7197rj/2/gWqIfPTtjpKv9vWgPm5gYNrHcqHY5B3HdDPhlzGAmYVhw+nqP/pauLgiPDE5xDQuZaD7tlOTJ7wRI5PHbGsvL5foDI49MB3uYEAACAASURBVO6KcOHh5mlrPzt6DXj6A163GGUZrpy+gnu7T8EwApA1bcuuDyETzcvEJAgVCCLPMNnawWR7B7Oje1hKia3pGIt5vQ5VFALFKEMxHkNk9cvTEhnKxRxFBiwq4PjkHAeXBLZ3dnDt2lU8OHqAS5cu4WD/ALs7u9jZ3kVejLCxsYnReASIDGI0QkkEGhUYTycgVKDmYw4SOUoiLEUBEgVIqAjQZm+6OLUbVF93H4wQgEsPvogi0k5idgT9/tuK4N93vpqiz2tc41sIaX7eadZjUJ63NK5o6xeg38hGBJIlIGX9JwREMUL9srLtHGMIHIgc42yCS/kW5jhGdn6GTB4jg8BodBfj6T1MNu9gtHkAbF8B7d+A3DxANtoAxNpd1ra2ta3tzWJ2VCVAQrt6aBMNdSSpf4R1SMNFux0g4zhXPiRQf5wqfJza7SAYi0R6jjEOBydAe+mXTE4ECSDTtjsRGhIwOKKCB1V5Y9yLLSU3Am5eNza6++EYdzQ1WxAdxJ0RTdS59Eggws2hITkijsQQjnx6IGLcF7mkjVygqu5YoCXHAmuMq9ScXxAqH1DuEeW6+dwheMJHbJHhZSFPy8pLMa6Scu5FrgIR3ozzTgYoiGjTq/Hu4B5U+qaXxMVXQp8uJ+q1avc2YoKHWw7rdGDdUpwzoHeUyF0LlpyHsKswWIXRR8e8GItgEopoonSYcw27caTK3zQP55ZgdA+cAr1h87jbm6i3lmpmzkOo0nNu1SbMvZaqa67MfA3WBy/aWHmjkUW5Pno5NX7WE/X0DkQi1ypglEyfrzo5AqjpnB9hcoDlE+bKvP4Z9Def3jm4apu+A+yiZ0C+C7wH+TzQ0NcLma+q5hrIzeHickOTw8317tGqF+cX2zv+2xgPKrO4quPjonect0hhrmcQbCA3T9WxwRiZn1rH6em18sZ+acC6QUGnZya396vtTk4eTpy7UL1wo/xNvVij5MvmSv9a3tRAwK7RhYyoiL55dTF1frqiXnfe7eHk5t28NMK1lkxpDgv19A5EIneZ8iNFfNw5zDGse9r0ifqtLMatiqei1SCOBjIKxnhyTwxE37ocvw9n+qY6cNVfkFpVn7tWUOVUxTW56zpkdUfjR22OUX9j+sj1MpkHkMKoBrIzougq+vao56eWAHl4aw7uGOAXv77VE9OGlT1fVf8IB/egqr6exwVfXVdeb/C5k9e9lPXWvxjv2TH8BgNaRTkPYcRjVp6/xuanbXVUOnTpjeHo5tY4Uuk5h8tMj1S6FuQktOaL65/zhXDOQ6jScw6Hngb44Pmpb75qDfDYBEcNKHU44xdlnuHk5TpV1eQ8hCo958evQzy8BWqiQLtG15XqIe4Zha9f0BYiM4UywQQIkgCIDAAgqYLICmxu74CWc1CWISsy1C/9Vsiy+iXovMghsgwSAmVZoiqB6SRHVkwgRY5KCuwfHOLZZ5/F3Tu3sbe7h4P9PWxsbqOsCMfHD3E2m+Hw8mXsHuzVL1QXBTAqsCyXmM9PABAkEaSUkMggxQjIxiBk9fjiFwpfHTWfkQDUHAlEuLR8UIe29tn5EXD+APy5zcrYV6/XuMY3KdL8HFSVX/FyrFHDFWz9RusbyWQFqpagcl7/LWegxTlQLkCyArIM2WgKjKYQxQSiGEPkYyAvILIcOQQ28hHGxRS74x1UoxPIxRJS5Tc7gTh7CHF8GzTZQrV9GZg9QL5zDdnmAbLJNsR4AyJvXrK+gDfw17a2ta1tbV8hE2gXhGtuxnAwIoE2N2e+CKF8Ba1jgQWKQSE21IIJjyXtW8Bw8AaTIogCbYsIRHizOFdfGjkPIMIIH49U31gV4zzFYgVjqL4QV2Yur3W8LZ6KyMF52w0J3Mg3MQKThnX5I7xvQ/AGGRhxxWw9nTf7hUL04/DwGCYOU2N4G+UPc+8BqQOkpyVFCOUvHKDHAzQxELX06kxJC8JMv5IwKiC8Qx0d3Ogd58JwAONKY/BV/U24ipOCbEOMxx04YlazijgPnNC8Wne6xvnFR1xq0BtxqUNVj5Y35VP5mPVK7BDvBZS1l3WP6tPThqe4+wX4m8V7Vi/VHePzA6UDGjdyiXDh4c2mC48Q6ph/Jj9gS8SgvmodzyM0BfWw3RjhRFpzajwkxyxHF4/6Y19MzT9xPPnnq1EPZ3TgAPPUwNJXFWGJ8aQIoZynYIJ+q3oYXMsn2F7WhF2w/uCcZdXzfqLv9Xaov1k8Rb85B9DN9Dzce8JIAVLnW5H7V2eEUM61/B75fNWJ6uwOrukbjxjarS9onfyI718tOfFk1/Ih/ubzPycKkyfe34Fzlp9dIw/2uV/lPAF9EUI5Xz2CPUzeDqM411tK11POe1Tb62+9LeV2TSubb77gRRHDZiRzDg8H40zfHrcIofx4gltPvTxpnqqqo/Q6oJecCxo2PGHzJOvZ3DG9ttSID6eo/wkjH0svY7xpqP6/WGYifHzoBBseHkPmABceIZTzVpf9/udEdFwZdxcBbXhzfkH+Z5nlkGHkEeN980Xh463OofEvH9cQQssngkzHYjztBi2Ag9Yf9cY2udK7lgs3r/0qwPvVQpsvJBS/ScCrk+R+PYe31z+jJ2gYG4A+LnSOzmOjKDw8hr70rOIWX/H5SsIAZ80pjN3dfJVxmPwi/c3CPvlrhePNEeR6Ir1+R69BNC9Au2yvyLF9fhenW5fZHlMnY1brHkEgAzXqhiwHSOLK1WuYFABldaHzvNa1LAOKIkOR5xCZwGJZYrmsUC4rTBYlkI+Q5yOcnJ1hNBkBAhiNRyCqUC4XEJlAJgQWZYmMAJkJiFEBUYxAWQYiCUkSACBlBSklFiVAKCDyAtSUtdbZug6x+ZbqK2r+rdd1CFtnd7AbevkZgDi7X7dMe1hcgXzLC0E5Rw9/W+Ma30QoZ6ePRTnWWOOqtn4B+g1jBKoWkGf3IU/uoTq5jerkDuTJPdDiFCQriLyAGG8i29hHtn0J2dZh/f8bu8gmW4DIIPIRxGQL2eY+qFwAECAhQOcVaH4CeXYPqEpACJSTLeR3Po987zryg6eQ7z2BfP8Gso0DZKMJ1hGh17a2ta3tDWwESHSLRPXMgoxDpJTm4nyzyiMlNesBKlIHdZmie9VNLfI3Z0C3qNUdz9O3Oajy9EE9fV0ArVwaT8T2prAtb9d45kQsxvFoFjhizcKPY+mVxbjTHBkmRwDR2sTJU5Hn1wu7HiKdtuVWHaG2O7jZwzZfJQLBqhhxsEEvTFiRIJR/efa3uQ3jyozm1qoRbYaIRSOEajpQbyZ9t8YHIAGxiE3gnOVj8b4DaMUR1FlMcDw8ZtrpVLIgZ0lXGkXh4ZOk18qMa6xe/dTmjTRPjKtz9ZMjfrV28GZVl8jNVYbE9G3FR1NI0bdBL0xcoF5bD/A8vD7a80KEtzr8hQkPUgyJDUdqShfmnQU4wa9jPt1jetY/4hLDWH4M0Yerhm4rC0fDM67M0j9izcf4QH3oZUZ9On/jw83ginr0r+/03dt8HlTm5Kw+Q2TG8m7WZzH9a/WSc+h8IGqCQMLDYxMm34Q9pncXMV9VDqN6LOhQNlf6Z3Qv2Xw1f+NxxnpwAmIR1pUnWFwpTuT+1YoQyrlHx3rNTznvg+3ZSSuFVq62uB4OGNsv1FYRGF+5KB3VaXhxkounhjXnfTBW/aa8fL5ac63E7c6UGnWcj2CDazo2OAI+eXgiguXn4+l65+sAz/7WPA7Z+pOH602/olm91+iYWT1i1WCc66Waf6rt1BMRRlXxGO8GZBit+Ssb2BaPzlNh8jZ1X+5AraGTL98x66FvF25DhpsjucHTuj15PmqrhPBzTcDr8eHjuh5Ezszma71+Ie+iMUGvffPVVl/V+EjVO869lurwmjmbnTsG49Y5GNfmPUrX3LzTNXWArnODkBCdn8Z+sVLVh89XlT7z+aqFvnYxco/zbn7atJ3g3IPs7BbGiu+pzoXIX3/BScuzDyYUL8Y7veNypj4ECvCQfsL1PCKMKmXsg/fUC4xXx1Lnp775aiq2bZ3G4eVm9VJu7+nOSxBPvBsopl4fuTa7g89tXe50S2TNyRpPEQD73WHLVCTlAgRC/cu8ACByge3dTaDcAlEJkjkyALnIkGcZRnlev3ycZSgJWEpgScDxbIGT2QybWznkKUBZ/fLzxu4OJuMRRpMJkAH5aIS9K5chRlNkm9tYon4pGhlQkkQpJSopUZUVymWJZSVAeQ7kE5RZDinyuuRStm3ur6VRYQDdx5xXTm8BWeD4agGc3WPTA9K7138qn475dA9rXONbEGUFOTsF+qZb4yPFVWz9ButjbwQqF6DFKeTJXZT3X0F19Bqq49dRndwFnR2BlucgEERWQIw3kE1364jNW4fINg+RbV9CvnMF2XQbyHKI0QaynStAMYbY2IU4P4Q8P6r/Tu+BZsegxRlofoZy+TLk2RGq03soTu5Cnj9AvncD+fZlZNNdiGJcf4nlKjkRqqpqF3aEEMiyrP3KT0qJ5XIJKSWIqJ6wjMfI89zKR0oJKSXKsmz/X88zz3PkeY4sy5BloZlClx8RtRNu/U+VW/3p58rzHEVRtOdK7sXmnHqe6vwqb/2rSH2SJIRA1pwvz/P2OG5G/lUFyfLPswy5VnZvPiRRUZ0eADLUbZyJLDp9IzQ/BUJ1v1OTPm98RDZfzambVTOtVmcAQmTIRXNeraz1OZqJJ1X1xDgrkGfx8vnqu5QliCSy5ny58Lfz2tb2prFGa5SnU72p3qW4dhxR/Ss86v6+2WWvZWnbG1Uz82vzjyxwtJ+iu7gZkc9AJGLik0IiglAVV+lFF5FB5ScQ4WIgIoRaGzcNbvGmY51c7zPGBBdpq5MHYqK1fsa6K9h9ajfnTuQRTTjyCCceruWnNw1pFa/Hj+ocxi8qYgFHEUYeoaa75umjNoCuiBFO1Par3Dk38je5MuGp3kX5myFQOg9hWzjGA9m1PNr9KtIe4+3p4g/YYj9JqAYKj+jvj/AfQJ8exzAx/74Rw4wI/pzDoZ+cCzV/Rj+EifDxIf7m878UYwXT5MjDWUQT2HoX5E3EqUcZIbWuT5wbGBWMSAMlomj1W+Xq5u1ZWx32cY4sfV+MDEfjWzjOU2xowVrjA4TtbXTL4u38IPUB20AUHq6hajiDw+ZJmDhfNV+Y0DsjcgFjHd5+lCjCvPPfcLem+l8QHfnAx30HDPZHbuwAFlGL8y4Cn8a1fLoHZCYP6V8S8uNj+SrU9Ezps4+32KdheQdZDhTmdoRbOPlF+1syijQEPBwR016Yajoszo1cw3rTRuznXJh8tQjR4flpDA09RTq3OzjA4eHBCZhA7AY09Xob9S/O+6Ivf14j5j48gqBT/8wc+vGhFWry8elpy1PmpxxVPpynoEOfVXFMzvantlc7X2X8gu4frLMzR7kof2txFb0W0Nbn1PYw7zLqWYC+8zelp+18td7u+yCdoOleHz1N1eegXqvSdq88QvFugdfkBG19AW5/G+B/6Y7TAJeTWHZDul+l5xxgauPgvvmMxd36FsUV719j87movqbOT33z1Rbh5q0ug+l0xzt/hHE71O7vYz2b33K4WPYeOYrNF/z+p0auh7fPGXpylp+uEAZPWrBnaHVYD31lAzT1F6haPXbqqFY753qqKr6Hq/ScW/k7UPOjGDcw1frdDribWzN+eqt4lpyJNN7m4+Me9DyPsNfnHDwFV5yfxtD3i1Oq/Om/kKq6LcJFT5w9BN1/FeLK820+yhS/VAC3zu/jfPNQq5lo/9QYMOtvWnu0Gj8iqyM+N1GWi/EIUhIqorpsAshR/2WCMBmPMRqPMZufQQKYlyVu3r6DRXWOS7s7QEW4fPkAuzvb2NraxHQ0xmgyhRhPsLU/BmUjZKMJ8qJoXkSuUJWL+n0bSZgvJeaLCjIbIys2QMjra0uWNRqm/6WZaonN83s4zMLpxNk9iPlJk8jWwd4Du5deq0LY+40P1Nf71/vfwPtV9OfHtXxvxf2r2voF6MfaCCACzU9Q3vk8lq9/BuXNT6E8eg00PwWV8zryMwDkBZAVoMUZ5Ol94N4XgXyMbLyJbOcKistvR3H4NPL9J5Ft7CEb30C+ex0kl/UL1st5EwH6PuTpXVTHt1E9vNm8bF1Hm67uvYz8zudRXHo7RjfejeLwbci2LkGMN+ySU/0S8Xw+R1mWABHyPMd4MmlfcJ7P5zg+PsZ8NkMlJaaTCQ4ODpBvmPmpF6VnsxnOzs4wm81Q/v/svdmX3EiW5vczAL7GyoggGWSSyWRWZW3d1dL0LDoaHelPl848aF5Gp0uqyqquJTO5k0HG6u7hGzbTA2BYDDAY4BE5zayJm0l+/OAwgy3XPhjMDdeDEInEcz36/T7D0ZDhMPlT3ExcZ3EcE/h+tplaCIHX62Wbm6MoYrlcslwsWCyXBL6PlOB5HqPxiPF4zHg8ptfrNV6n2BZxHOP7PsvFguVqhZ9eX8bJBMJxnWzzttqcrHJ2XZfBYJD8GQ7xvOqwlVIShiHz+ZzVaoW/XhMEAVEUgwAvzWNra4vhaES/ZqN54nGSSEYsgiVBFAISz/EYeH16Tg/XcclLVk0bx8lm4nW0JoxDpEzSj7ykX1bhmiBON72XltPyegA4wqHneAy8AX23h0u+ITmWMX4UsArXLIMljnDY6W8z9AZJ23V8CgzikOlqRhiH9L0eA3fA0Bvg3UU4v7O/d5MyeyzLJnpqjkH+KFSccKhnHqkP3krW6flAcem8nC/kEaYKXEIs1PObTI8XTkJFrs4OboRJ9nmFWvFCuhKvQwmtIyrovCUqy7is53nHadxosuwYKq3oiDcymfmRqoyJS8Wp4waUNW/o66jO17kBsXFZz43Y0MD5BjCNFx8gMmpZoC0sRtVzA8pmzPxRZv+s5Ybub+9ft+JvNXnYZMSULj1W+o6lplvtEUoK+sgGXMrycVlGdE49r8U2DlBApW/FkrbhJTTpsAlVc+ucGi6Lz9cJVyeo4xV+U2v0t4IDmXitQCtaqlABVT1yXUPTN5uOtUZrBBMDb6nX2HhmNsGocoksfMmjcZnzRrenAU3d04RaPpvWLrOb6FtdXrc+P2g+SY8Uao3gr/NML1ughDyyVDtEy8fEW6M+AW/AshrU6GuN3ll5WpIK3xBVcYzzBZM/Zgdr9E7nlQFX4DeuQbcbuikCX63etpmf3nC+mjdvPc/drpl30ge9u/LqVvnt9k6X6UqjXOnuY5wftBXsTc30XGfilYsWOlBVvMCtEfyVnul8U5TdEC19iRfqU+K1HVzwZWp4Tbtp7qxxWX+5tv5W53/Kr3RuxLxEFd6iBrUjoOsDTNOINAlAF7SMeOt81jY/VcMn02sDr9NPKe3No87XORualoc2nKtcS3ozf6vBunw7oKpP5/mBrPzD3EBNA896wY5oes42PZfruqjp280j9NfkW0JKHJ1LA6/chyhbCwdvNT9o9De1kbEDl3VcR+UO+Zm2CKM/lr5ZsfOCk0Gg6iYwSt90LsnKn2dn4Jo7dEbZjJVhRz2vtTbNXK5+q7tpY/YmOTKhKR3KjWSVl9wrSWjk1oFr6SFTR7TusAZs0UCdI/Zb9K+6nkr5uM4x8Er+1A8/G7+BKT2r5TLnefPVcBpewJGSri802l7sMelrrd620jcDb5qv1t5wDDwzm54a+sikWy2HU+MoatE81e8jtHxOXyLu/6xRJY6XH/lhfFDSvuwsSfbiS7PFQPL9VdJ0AonA8TyG4y2cfh96EC6Tz4f9AQO3T89xcR1B33NxhCCMIla+j+/7xELgr2NEFLO9NWR3Z8RoMGA0GiNcD+l6CK+HNxiC4yJlhETiSImIAmQUE0awCiTLwMEbj3HdMQInabBYAjJ90UIistjVzZa8ZAFIycPr99gaR16fk3dOC93sgla9pvFzeff53ed/B59Hi9lnXb7/UT+/id3t8PucLQqR/oJo8oHg5C8EJ/9K+Ol7outzkBG4PZzhDs5gG9EfIdweADIKiP0lMlgS+XNif4EMVsj1HKIADp7h7h7jDHeS60gJMkYGK+L1NfHiCvf6lPDiHiCQF6+Jr08JF5dJlOj1PEkTR3iOi+N6CMcFUY6IvFwuOT09ZTadEgYBo/GYh8fHjEYj1qsVl5eXvH37lulkQiwlh4eH/PJXv2KYboBWEZ8X8zkXFxdcXl5ydXXFfD7HX/vEcYzjuoxGQ3Z39zg4OODhwwfs7O7S6/WMEZp93+fi/JzZbMZqucL1XPb39xmNx3iex3K55NOnT1ycn3N1dcVyuUTGkv5gwO7eLocHhzw8fsj+3j7DUbIh2bQRWkqJ7/tcz2ZcXV1xdnbG9fWcKI6QcZw2fUwUJxGXBeC6HoN+H8d1iOOYwWDA/v4+9+7d4+DwsLIBOggClosFV1cTPn36xHQ6wfd9ojDKpu9CCAbDAbu7u+zv73NweMj29nZtOy2CJe9nJ8zW10hg3Btxf+uQ3f4OAyFwRX3E71hKgjhk5l9zNj/nOpgTxTFb/TGPth/iOg7ni0tm/jXrcE0sJZ7j4goX13GTtooDYplMEgdun93BDjuDbXYH2wzcAUIIwjhi7i+4XF5xujjHc1ye7D7Gcfbpi56xfJW+AaSMmftz3kzfsQrX7A932R/t4TkunnMnj3f2920ScER1QTj9H6RamCBboFDfiKgv1NTneY6JFhYf76VU10k+lyQ/alSJgNcq5EbxfMq84wJGuwiiactIQX1E5rzGFZ5+OSGEhevn1+ZXg4bmM/EW6y1l029rxoLUYyUgEfU8w3Lzc3tvuHeNyKRHYKryTg1wSxFXdKxEbC6Uv8jzwwZeqmUD7zhM20aIMFrb5midoWZWuVAbygtcXaTAdf3MuNAWcMWGSMsFYTUwdN6ETQ1gw7YOoOmdOphvxjNwKTfyt/RyZd4GRT1i423NKoA6Njt4wRvreY2+leWmbQQmA2Z63AFV+pSreqnjJp7AhmhovwrXblh6hMNarnK5RX+zYrva5Pd/nTdhMTPrfMFwAdGOmyIw6bzyhZrOm1Clb/kFW6O+FoRG5424UYOLVKfV6TZe7S+rf9zU/wz+aETbdL6ON5pWI328WwvcuuRAUV9TbozI1EL/2qBRvy1YSK/Kr47X89Q0fWvFu5ipu0Qz79ZLdn9rNX9owLz8ZT2z8faCrKwyIS2Mezvm89WW+rrpfNWU3oYF/dIjhhp53nhY9dP0ANK6g2m0yuk3mR63QZOcGbFcwmrEdEuFf+TnV/OAF+nl0xJa+I8/X0XLL+fFlqvwtgKGgdus5eOZ6X5quvzm/qZjcuE8XwvP1t1Uect61rQ+txF2Xm8sc5OeZrzN/NQ0X82QrJUqXBi4qOPl4VnihVqZOGzYzDew1vMDHbPTRDNPGybvbhMvoEpf4GT5NvPNn19bYvb8qnEDtv8FEtWdGhcGLjryLH+z+wgoLVcpGfgx/a9ts2en69yQXcYNetfIqdNPA+rfV4h6xMbbDviO81NbB1r1NdU39Vez/tXoZUlPa3CD6mTpVfUKfW/V147DveJQNlMVU8m7rG+Re16VG1BsiJZ8VQlqIzo36J35BtgSOy6ImH5BT+cVf9N5G3/bBBuao7F5ijZ5D5dv4d6Tmg8TO3Dh7PoTs+1j0hDKaWaqoQDhIDD8qrqIEXGc/PowIjlPCKR0wPHo9cfJL9E7kjCOmM1mzC+nxGHEaDhg4PXSXyEXCNFDOJKFv8KfrhGix/XcZ3I1ZTzq47gefigZDIf0hkknhKFPbzDA8QSCmChMfsXdD2Iup0sWq5Dx7gGxt4UUQ8DDE26iLiJK9VQmLw20XDMRwM78hHuiedO0WJwhFmfkul3MwcKVA6VcBUhSAlbmldNv7n93eIc/AYyX14go/Dcvxx2W8aZ2t8PvszWZbGCenhB++o7g/bcEp98TL6cgI3A83PE9vKOvks3M431EbwgIZLgiXk6JF1dEiyvk+pro6i3x8pJ4OaHvL3D6YxhsgxDJHxxEb4DjuIj+GHf7EGfrEGe4jTPYwn8XEE0/ES8nEMesgxUyWCIG24j+GPpjhJtMXlTE4+l0yl/+/GfevH7DfH7N0dER/+E//Sfu7e9zfn7ODz/8wP/7u9/x8eQjjuvwzTe/4MHDhxweHiKEyCIaf3j/gb/8+c+8fv2as9NTprNZEuE4jeA8Ho84OrrP118/57f/9E98+eWX7Ozs0B8Malt2Pp/z8uVL3rx+w/n5GcPhiJ9/83MOj45wHIfz0zP+9Kc/8erVS04/nXJ9fU0sY4ajEYcHh3z55Zf8+je/4fnz5xwfH7O9sw1QWVxW7XA9m/Hy1StevnjBix9eMJvNGAwH9Hs9XNfD931m02kSbToI6PV67O3v0+/3CMOQnZ0dvnz6Jc+++orxeJxFuVa2Wi55//49L1684C9//gtnZ2dIGaeRo5Nz/fUa13XZ3tnm0ePH/PKXv+SLL75gb3+fQdpOEomUkslqxp8+/YV3sxOklNzfOuQ3D36Jt+PhOm5t5GiAOI5YhWtO5+f86fQvfLw+JYh9Hmzdp+/26Lt9vr94yfvZCZP1DCmTzdEjb8SoNySWMdP1NatwRRiHjHpD7o+PeLxzzFf7TzkYJZuSgyjgcnnF68lbvrt4Qd/t03d7DL1BspnaUL7KCJMxYRxxvrziDx//lZl/zVf7X/JMPmGrN2boDVvlc2d39pM1mby4IETyfm0yucgXhZJzkn/FcXGRPjucfSmZ7b1LUyZ/5zplffNePWwVjid5ynTGU4eielzLt4KmN8mMb5jZECMvT9TyyAuqvOUFDQNXp5uwqXnqUEuvrCvPqmwpYOVFey3DSqt27SY9/U2w0GElXlOPfBAU7/s1XGoZ1nLjBW6GN1mQNm2gKJTXHCGngNhQ5d6CpxpR5IXi1n9BYjOrXJQdzRT5KE9m4jUoYeOITZre5eWq55vrWwdUQlPi5MfruDKda+3c5XK1l98ElR/pvAlVep2roqflmDtWngAAIABJREFUrXBp4BbTzzFxlbdNfowRP2r1WmYLulK25JS56rF81NRxA5ZvqC07yKB3xhuWBZtvEI2YtwYFXvhc6Z2ksFFC4+psnWd6bRiGJtTOy0tn4g0eWBqgegFUs5ULYIwwqlAauAlN6VoiLXk2OLpOyOrarciz7G2cWzfT8GrkOa3Hrs1ky8+CykrTNWke/sYMVJvUtFHxg/LttUH/6MINKCW2iNDoXMvHqH9t8Uefr6qPDbzcwyWu9E81qPKrhGv6uLG/6XHHClxifq7LukOm/igL98Q6fa11MCu21bFWKNl8vmrAvFoteWZdeY3dRFCa8uyCNcXpysv+1hFt1dbHh4aqHrb5Qr1ZapjpVl7Bel5ApW86Vyg7YpP+FlrKxhtvoF3mpxW9Vm3VknfsoSZrNz/Q9E/po85VMik1P5PNSDOqOrbi6sLqeIsB0GZdsxNWdJLNuaT144ruHhV3yT7oiLdpVgGsQVt2Nd2t8xJi4JugVGvqajxUuVqAyHjaADrPC13HzdhWxzbCFvNTm35XyqXpc+5vhnpmdlNeaBadb+h/SR4yz0vjSudKvJBpG/1rRFnU55ao0utcKVBaXqXPVm4REPv8tdAaBfev6p+BN1690B1tUUtXKF0jr7VNhEWZTb91bsIbWGW4pDqmczOq7wlqOKkqyJTLJl7zfYSsecG9gddii/mc8Rf2bPPTtvNVqw6rvqjnFLl6INB5bfXTz6VEfvoe0bABGuCL9Sl/3noEMt3kLEQ+WAUg8xdo60w46n6Ql0+ke5dc10FKiYxiojBkvQ44v7xiOV0gByO83oBBP8D1VuBGxFEE3gAfl8vrFU4Y4DrJHqhV5LC9loxGa8ZbI/rDITgC103KGEUBYRgTSY/5KmTux/TG+9DfRjojcAYIKRGxTDxIxFm7i4IfVyuY6mJhgBwvPpYHTI3J61OI83Xh3L2ktjwii91NRmSZZ2mkzmtPt+vnHd7hTxzjxfSzKMcdVvEmdrcB+nO0OEKGa6LrM4KPf8M/+TPh+Svi6wsQIAbbuNuHuAdP6T34Bd7+Y8RwN90ADTL0kesZ8WJCND8nuj4lnn5Chmvi6zPCi7e4+08Q/S3EYCuJHC0ECA/heGk+OwhvkEV2llEA7oD4+pR4dY0MfQK3h7P7AOH1ce89QYz2StVYLha8e/uOv/zlz1xeXPDw4TH3HzxgdnjI+3fvePHDD7x585aL83Mcx+Hw8BB/7SOlJAxDptMpH95/4P37d1xdXWWbg7e2xvT7fdarFfPFgtnsmsV8wXq1wnFcfN/ny2fPODg4qI1wvF6vOT095YcXP/Dm1WsGgwESyXQ6RQjB9WzG9WxGFCURpl3PI/LXzKZTJleTLCr0fH5NHMc8/uIxo9GIXq9Xrv9yyfn5OW/fvOGvf/0rHz584Pr6GtdxGQ6HjEdjXM/FX/vZZu/T01OCIGDv6or9/X329vYY9Af0+v0k0nRalziO8X2f+fWc9+/f8a9/+ldev3nN5eUlYRAyGo2yP0IIVr0e6/WKi4sLlqsV6/Waq6srvvrqK47u32c0GuF6ycbhZbji3eyE7y5eJO0VrXmy+xh/HCCl+W20GEkYh1z717yfnvBy8oZ1uMaPAn519A1xT3K2uODN9D3niwsc4fBo+wHelse2s0VP9BiGPn7kswrXXPtzputrZn6yAd2PAo7GB+k15llePcfj4fYR2/3tbDN0GwuigMl6yofZCS+v3nDtzxn3Rtwb7RNEYas87uzOftKWvqFcfMYS+UdIys+96nxJ8h5v8QGr+JxfuoRKrxZ2qeab5a8fTx+I8xe4NY4keRs4/7x+hdLAu34hRc3xhhoJnRsiLFiRDTFt8CSbPIJOCYu+UH5iLi221vHs24Ji57VBDFw3U/dp3dXIq8nMKAzciDeMENUmYoGOrRpYLSxtiGn6SoRp6nmGdRFzbFgqtYWLeq5Xt8I3tdaOU8AW2WU87VZ1sLUbqMuJmgXhJm78ws2MRc+2LhDrEWNESzSlt2CrCGEVvdN1sujNGhcGLup4AWvTl/u+lm/SHF3MVAADZv6JgdfoXYlLod0uW/Da/AxYGPAlLuy8hG319Jb1Wl/sr+ir0rusuAaOgVf0VMNNhmepvBbr6G9GbGuV+UGiY428lX62RNEdi55u1deu81XL/NSqr6X5XXuee3e9/nX1vxLml2s9/VRmnB/ctv9lXOkAmi6Qdl9BAXROO/3bCG35KlT6XOCqHkqvKzytjM5boXFeSjPPTGhM41r/VCM+1qBK0sHfKsW1YMUfa2tTY5bno1wHGnhtBgaeNUz6qfrCOj1u4p11VGGL+Wl2vs5pscFhI8HRdbLYWxovbCgocQm5TufZdb3fbupvxuHVFdtM/4uFrcxXm8dv6/FvGFB5BL6Uo/FUt3S+0S+atEFdf1votaqPSlfPDe1nuf9UOZ3Mdj/tLOc23HC+gJZPzsv6Jqo3CIp6Z+Qbzq9s87d8vlrghfQ/xny0Nn3DdfK2TNcL0uLpEfyrepdyo9U4pFUADdhwhUZ+k/lpG2z5fIfOqefWBvqR1xsr+qr0V5R5l18wqdXRCqbFNeo0Rl5sqab12jbN29X/bNbq/noj/7Oheg7UOAau66n+PGlZr7vx82vH9cfOv0C1yfw0q47S76w1KL9uUMMLHaoPx0aed0A32+Q21mCV4ujDyep/RTWp4Vh4y+8hKPJCDkXPrsXWEx7L+W1HrFZe0y9QlTjF7rJwYeDly1a//7p4g7h4AwdPje6x7TocT77n071fsIlVtkbLGCGSUSoQiFgiwwgZRERBxHyx4v2nT0zma4TbZzjew+sNEG5IEAdEuEhgvgoJFivmy4Cz2ZLjh0seHUsO7m0jHZcgFgRhSBhK3J5LGIYEYcR04bMIPQbbRwy37xELFxgQ4eDIAOK0vI4kTnVGbc5vYw/O/8ZW5f5eNjE/Q8zOUvcQmL5fNurjDeend3iHf+8YL68hDBCfSXnusIA3tLsN0J+hydAnnl8Qnr1k/fpfCD/+lWhxCQJEb4y7/5j+k98mm58PnuKM74HbA5FGvpUxxAEyDJCRT7ycEE1OiK7eE16+Jl5OCM9fgePhHT6rbFxWJvoj3L1H0Bsgxvdw9h7jv/x/iC7fIEOfaPIe/9W/QBwxGG7jjHahMEUJwpDJ1RUfTz7y8eMJ19dzHh4fs7u7y6tXL7m6vGTQ7/Hg4QPiOGZnZ4dezyOKIhbzOScfTvj973/PbDbj/tERz776it3dJLKzlJLr62s+npzw6uVL/vyvSYTo6XTK6ekn4jjGc1129/ayCMfKojBkMZ9zcX7O6zevAYHreZydneEIh+3tLb589ozf/MM/IIRgvV4zmUx49eoVv//973n58iWfPn7k48kJAI4jePT4cWkDtJSSy8tLfvcv/8Kf/vgnXrx8waDf57f/9E88//prHtx/wNb2FkIIwiBksVjwww/f81//7//Ku3fviKKI7e1t/uN/+o98/fXP2NnZZmt7m62tLaSURGHE1eUVL374gT/+8Y/8t//23wjDgH/4x3/k66+/5jhtZ6/XQwhBHEWcnJzw7R/+wKtXr/j+u+85Ojrkf/3P/5nf/OY3PHr8mJ2dHRAQy5hFsGC6Tt562fd3CaJk87OUFt9FEsQh82DOZDVlHa6Z+wtiGSOASIas083N496IveEeX+0/5cnuY7b6Y/wo4CKN7vx68pbXV+84mX3iajlhup7yPx//lr7bw498FuGSRbAgkjGvJ+/Y6m2xO9hhq7/V6rlvESx5PXnHi8vXXCwvCaKAa3/BKlwRN2z0vrM7+7sxKa0PZHlkaEoPtRkW5iS1l0hHY6zeUi3mKykFbNB5grLM0xxk4QomLrRPqDkz3/Qry1zmPEOhceDWIioYUJXXxo1Y7Kg6hHqeNHah8228pqm1BdGNeG1EE3WtYiQQUc8poMzfyO8ckWRDxMZNkUuyyAWq6jULtLJmgdXGVWqd3xIqH1DuYeVFM7lD4wV/ZLMMrwrqabXyShtXSXVuRF0FLDwd57kMyEYkS6/Gew03oNK3Yknq+I2wTqebsJi+0O5ZxAQDrzhsrQMXrY1zNuidbMnrFix13oR5hdEqTBcdM6ItgklTRBOlwzovYD6OypOQCq8IRv6FU0NvVLnd7ctYbC3VzDpvQpVe55XaNHOjtdW1usxMDdYFb9u08loji+r6aOQy9bOOWExfg7TkhQqUSlY3Xy1xGrCgc2akzEHLp5krM/pno7+Z9K6Gq7bpOsBuewZkusEbUJ8HlvT1Vuarqrk25OXhUueGZU49L3ZPoXp2fru9Y36MMaCyCld1/Fz0TucZymZezKCxgep5Wx3bGC3z08p5xfSF8tp+aaDygEKuZ2Ve/Vwdr+XSwKXO61BtuFH+pjbWKPmqcqV/GU9rIKjW6FZGlEXfjLrYdn56Q73OvdvAZT3P56UWXmjJNs1RwWL6GqQlrzPlR4qYeO0wZ7PuydK31G9lNl6peFusNEhNA5UKpvHWPbEhmtbl9OdwTd9UB970F6Ruqs95K6hyquKWed19qNIdqR9lOVr9TdNHXS9b8waUzagGcm1E0Zvo2489P60IkIFnVsNrBvjtr291xHbDqjpfVX+JGm5AVf1iHrd8d73xeoPJnYzupayz/tl4x47RHzAoVFTnTWjxmBvPX23z06w6Kh15+tJwrOeVcaTS65w6K3uk0rVGnm7SzOafFv2r3RCu8yZU6XVOjZ428I3np6b5amWA2yY4akCp0zV+W2YYTkZepKqaOm9Clb5Jr2VEfPI3nHtPUC/t1anAFyyZrS5YDg801xQ0WvqMI7NzVeI40TJH4iARYQRBiL/ymV4vuZjNOT2bMl+ucXoj+sNt3N4AKQSxFIRhAGHEOoiYrxZczlecTxacnl1xdH+fg6MDRqMRjuMw3p7T7w8Io5Aoloj+kPH+If2tfYKQJDihA8QxkriwmV7mbae+5LbYcHnBo2jeeI5EwuwTxFHaRu30rjN21es7vMO/F5SS6Prq374cd2jGG9jdBujP0GSwJJqcEJ69IDx/RTQ5QcYhzmALd++Y3oOf03v0G3r3f4azdYjoj5tyQwZL3O0jwvE+wu0Rr2bI1Yz4+gy5d2xO6niI4Q6uN0AMthHCTdL4C6LZx3Qj9Quc4Q69R79G7jxAuH0QTrLpNo5Zr9fM53MmkylRLHn37h3r9RqB4OjoPnv7e/T7A+I44tHjx2xtbyOlJIoioigCJKPRkONHj3jy9AlHR0eMx2OEEMzncz59/MhoNOLy8pLZ32a8ev2KIAg4Pn6URE8eDisboFX+q9WK6XRK4AecnJzQ6/V48OA+R0dHPP/6OUf37zMcDAjDiOl0wvbONqenp1xdXfHh5AQpJU+ePuHw8JB7BwfJBmIgiiKCIOD09JQ//vFP/PHbb5nNpnz57BlfPHnCr371Kw4PDxmNRqXzPc/l9evXzGZTJpMJy+WS0WjE4eEhu3u7WT1U5OcPHz7w7bff8u233/L2zRsOj4744vEX/Po3v+H44UO2d3ZwHCd7sNjZ3eV6NuP07Ixv//AtH09O2NvfZzwes7u7y/b2dnZuEIWsQx8JBHHYaUNwLGP8OGAdrVmlEaAB1NubkYwIIp/YGzDqDdkf7nF/64j94W5Szv4OsYyZrmZ8F73gcjkhjENGvSG/OPw5ruOwitasghWrMLnG+9lHdgc7HG8/YLu/xcDt4zqueVRIyTxY8GbyjteTt0zXMxzhsApXrMM1kYxa1/fO7uwna4JsQdgRFBYelOURSJQ2OE7yc0PFCKHJ8ZxTWkiouaj6XH8jXy3IFI5Lqm+2lvIX+vVyzCKolBY0cmwVQRT1eJ63jJGnD7eJ1Om8AWlGTLy+2vXNb+qOJrMVTEP1Zrgy/a1tY8QOnWfd0IKX8m0ZgamASfktvGtD6A2yYcQV7Z33Ak8/FwrpxjFwG9YP2wqWhnep/M3ceELbAdLRWkUI1Tcc0OELNLEhFtKrK7VaENb0qxVaBUTv0JoOTvVO56LkAOU7S1U/N/c3UVecNqgdsHG7A1us0qzCzhsumOtr8ncl4l2N3tUiXSMupZjpsRlVPTKelk/lU65Xyw4x3kC19tK51n4VfW3j7rfgbxXesXpt3dE+P1A6UOClXCxcGHh66NYjhBbmna2xS/42fS10vB6hqVEPs4MWLmWhOQu8SY61HOu41R+7Ytv8W44n83zV6uEa3XCAGWpQ0VcVYUnjrSKE6rwNttBvVY8SL+TT2F6VCbvQ+kPnWlYdnye63m839bcKb6PfOgfymZ6BGy9oKUDb+ZbSZ8Pza22EUJ0X8vvR56u1qK5ewwv6pkcMzdcXCp38Iz+/VuTEkF3GN/E3k//Voijzls936FzLr1ojA3Z5XtV5CzRFCNX5zSPYU+bZMLLzYksV9VTnHapt9LfO1uZxrVA203zBiMKG6UjWOQaOxjV9+9wihOrnS+r11MhbzVNVdZReN+ilzoXcbHhS5a2sY3Pb9LqiRvpwsvqfKOVT0UsbTxuq+y+WlRET33SCjYHbUHOAW48QqvNMl83+V4vkXJnuLoLC8Nb5LflfxSoO2Yx6xHjTfFGYeKZzpP5l4gVEFPKxoKZjNt7uAa0BN1p/LDZ2mSu9y7io54lfNfButSjMF1oUP02gV6eV+3Uc3kb/tF4gZdoANHFR5OQea0Vh4DY0pdcqXuE3/H6lxQDXmlOUPs7nqxqnzG/T3yrYJf9C4fTmaOTFRCa7eos8/QHx4GcNJ8GT6zf8bXQIFTU0W3afEhKJREqlDMlxVwhcQEQhsR+wXq65vl5yOVkwuV6y9kPCRUA8WeINhvR6fVzPw3FAOD3oDZBAIGImi4DV6pRPF1cMX39gMOgxGvUZjkaMt7cZb+1w+OAB9+/fpzfaJogFeD0kDqTzNyEEavuJJPHTzFfzWpX1obD292T62jq2ndknxPWnwnlq4Ba4RYFMywuNck4Hf7vDO/wJYzSfIOLo37wcd1iPN7W7DdCfm0mJ9OeEF68IL14hV1NkHIKUiOEuvUe/ovfFP+EdPk82P3sDS4YC4Q5wtg7oeQPc7SOi6Seiy9dIf5G/PdSUg+vhDHZwdx/Se/BzpL9Arq+J5mfEiyui2Sfi6Sfi3eMkGnVaJgGIdAOuEIIgCJhMJhwfH/PP/+Hf8+jRI3Z2duj3+0gpGY5GHBwcIEQSkfnw8IDf/va3COFw/8F9dnd36ff72SR5MBjw4OFD1r7P5eUlq9WaP/zh93z8+JGXL15weHSYbB7e3S3Xx3HwvB6e18MRDlEUsV6tGI9G/Lt//md+/s03bG9tMRgMcFwXKSW7u7vEcczFxQVhGPLtH/7AfD7n3bv3fPHuPc+//jrLPwiCZJP0+/d8/913fDw54fDokEfHxzw6Pubg4IB+v5+d7zgOvV6P3b09nj59yumnU969e8/r16/54fsf2N+/x/Pe82wD9Hq95tPpJ77/7jt+97vf8fbNG7a2tnj+/DnPv37O48ePGQ6H2eZnACEEu7u7/OJXv2IynfLt7//Ax48f+dtf/8re3h7Pnj3j6P59XNdN+o2kz4r/Rgir6ggETpKC4mKTQOAKB1e4uMItnFG+DgKGXp+D0T6H43uMeiMulpdM1zMmqyl+5BPGQ1bhmmW4IoxClsGK08UZu7NtHu88Yqs/5nB0wMiwAVpKSSQjZv41b6bveDt9zzJYMuqN8EMfPwqIb+Htkju7s8/dil8wqn/FFBaNBPmifHquwliqxajycbWon+dYuWp7lGB7w18Sp9qRHtfzkQbeFivlznl5Imbj/DgLHLZm0s/T0iuz8VqrybB1BJBCm9Tytqjn1wnzHpJFmpVbdYQ6XsPLPVzlN4lAcFO0ONhGGyYqkSCUfxk+z3LbjCsrNXehGtZmsJg1Qmima+qwLH5c4BugBFvEJnSu5VPhnfXtpkjOGwXHwG1WuJxK1si1pDcaRc3Dp5VeK8t4etB0uzI2r6V5bFxdq5sc5V9B5V6m8XSVXMp6rjKUmr7d8Ksp2ujbRhsmblGvK1/gGXhytmFDhLE6+oYJA0obSm04yrR0zTy3Bi4x65hJ9zQ96x5xSUNbfhrShauGzipLTcNrXFlF/6TWfBrfUB86Wak+ub/pw63EFTXon93/mpur7e29lmv12URmKt6t9ZlN/zK91DlFviEWBEEKA7dNmEwTdpve3cZ8tfCln92hqlzpX6l7ZZXfzN/0OGMduARbhHXlCRWuFMfy/FqJEKpzg451mp/qvAtmV5eFUhTKlRXXwKF0/FbtJgJjKpdsj+oyenFaF08Na513QVv10/Lq89WEF0qcfdimRjnXR3CJF3Rs4wj40sBbIlp+Jt5e70wdYPg8M4NDZv5k4MWmv6FVei/VsXL1pFYNjet6qeaf6rjsiDSjqriN5wOyGSvzV21gV7h1nkqZZ6m78hosNHTr27fNOujbrdsmw60meYm36/bW89GqStS9MK/0Wg0MNT5MvKgHlitr87VOv5B329hCr03z1Uxf1fhoq3c6N1pbhy9YbbPrjqHxyjU0Xpj3KF2r57muqROKOrcRSqzzU9svVqr66PNVpc/6fLWCpnYp5W7n+fw0bTuhcwNqV6+grfiG6tyK/HUXnHZ5dsEWxbPxXO90OVMvAjXwJv2k7vuIZlQpBc287Q3GqGNt56em+WpbzNq6HcfIy9Vr/Xhf7O8P/4rYfQjD7RpvSWzbhS8u/sT7g99on4ja89UnQia/th5EMbEjcBwPZIQjJJ4LyJA4DPF9n+VyzXIZsFhGrPyQdRARC49IRqyiJUL49Ho9Bj0P1x3geB69Xh/hgHAjEBGRlKxWIavlkvk1bO3sMNja5ujhI+4ff0FvvEOEh3BcpEj/SIlA4kqBdHJ/dWJVN5lXqEYvBPD47E9smZsisXCFmJ1o0wHDfchiRh0z6R53eIf/A2DgE88n0DXdHf53xZvY3Qboz8lkDHFIvLommp4kkZ/9BQDCdXFGu3iHX+EdPcfdPrJEfi6Y4yKcEcIbIkb7iP4IGa5AOAinhQsIB+H1cUa7uPe+wL0+Izx7AfNzZLgmXk6JZp9wr88R/XFhU7bINj8DuI7DeDTi6P4RP/vZz/ny2ZeMRiM8r1yGKIro9/vs7u4y3trCdV3G4zG9Xq90nud5eJ7H4cEhjx9/wbu3bwHBbDbj7OyMy4tLfD+oVkcIXM/Fc93k367LaDTi3sEBT58+5enTp5U0o9GIBw8f8rOvv+bs9JTvv/uO6XTKxfk5lxcX+Gs/OzcMQ2azGRcXF5yfnzOfz3ny5An37t1jZ3eX0WiUtUlWHtdlNBxyeHjI3t4eYRhweXnJyYcPnJ2e8vjx4+z81WrFyYcTXr16xevXr7mezXj06BFPnz7l/v37WSRq3YbDIcfHxzx+/Jjd3V0+fPjAp0+feP/uPdPpFN/3s03WyV5nkZVPbVJuMqHSCVH4k3wihMARDq7j4op8Y7YjBA5OIY9ko3Tf7dN3+/m5hYvHMmYdrtNIzTFhHDJbX3M6P+Pt9D3b/S22emNGvWGljBLJOvK59uecLS44W1wwWc8I4pCBjPGjAD/0iVu8GHBnd/bTN1HSItKhVnxcSyJDJ7/uky/yqEgS1fVZYRAKtQDiiPIChtO0wJG9im7nCeY5mZZM9AWMTt8YFtOLPCKDOq5fp8LFhkgTqv5SkSJquCQvr861Pir5hm2aKTbElqY3u4k3fp9IpdcLqEc00VGPcGLghfyKTSMLFU/8P/fVEr+tiAU6imbUI9TkWpB5UDPWRYyoxcLnKnedl/Ivc2XCUL3b8resI3XehFnhNN6QXcat3a8i7Wk8u5z9CzbbTxKqgVKM6A9V3gpNEWVs2DL/rhHDShH8dU6Nfuo83fxjGUZVpIyY+Cb+ZvK/NqYVrCBHBq5FNKGqd41cirQ7GlCl03kbLDS8jZfQKhiWBmqJ+c8gqlzreXbVTIdNXEctfVe0DEc9oIi4ob+1xsz0AaJ9mupWhWfzg7ZfsG2IwsALqBquxKnyVth1vlq7gcokINUOzyL4i2ae+29zt7b1v0asyQcTN52wsT/qpp2QjX80PSDtvvy5KeOFfJSu6bxJ/1qhfr4tX4UFPVP6bOIZdmlYvYMqDtTMqxFuqeW37W+tUbRDMHAsVtgwlXaYnZdybdabLGK/zkWZ3yxCdPP81IYlPaU9r3ZwA8fAGydgAtsDaNv7rdW/dN4VTfnrNdLcR48gWKt/5Ry68U0rlOZj0tOMt5mf6qjy0XkbrNFnVZwy1z5v217ZfFXjt/T8ULm65ii35W8Z3kSvBYX1OXW8mecZdSxA1/mb0tNsvpocN72QLinoXhc9bavPjXqtSptveUTxwg7jEpcU1heo97cN/K+946Sgy4ktu026X6XXOWhqU8NN85kKr9c3K97w+dU2n7Pqa9v5qWm+miH1PNNlNJ3Oee6PlB6Hss+7WMfmrzicLXuDHNnmC2b/UyPXwLPvGTpyLb+iQpR4qwV7DSsd1kFftQHa9heoMj2u1dFC7WrXU1XxDVyl13kl/xos+JGNl7CtdXscqG/ugumXrxSvImeiHc/yMXEDGr6PqK7P1fA2eMP5qQ1Nvzilyt/+F1JVt1m46I4USiznF8iPf0U8++cs3zp7gM9q8oKL/eeGM6om0/YT6Z6QMIzoey6OK+gN+wTrGeCwjmLma59lEBBEEVEEcZwE9kIIZDpu/SAgCiMcJ8L1IjwvwBOSwI0ZeJKBC4OeQ68nuHdwjy+/esZXX/+Mo4ePwRsS4CS1Fg5SlL85kFmD1LdBMtcqjxcB3Lt6wf3Yr0mhpZ+ewOIq943bmp+a5qtt1hdrPi+9oH73+d3nP6HPo/lVcvgzLd/d50X13MzuNkB/ThZHxP6SeDklvj4nXl4hoyCJotwb4Yz2cXeP8XbuI7y+PT/dhEA4Ls5oD+/BN8mhgflNrYp5A5ytI9yd+4jBNsLtISOJDFdJVOkfO147AAAgAElEQVTpR5zdBwWHBbURVkrJeDzm+dfP+fnPv+Ho6JDRaITrVqP0Oo5Dv9/H87zsgaPuvKxYnsfO9jbb2zt4rssiiliv16zX69qNrEIIHMfFSTdAj0YjHj1+xOPHjxiORsbrDNOI0w8ePmQwHBBdRiyXSxaLBWEYEMcxjuMQhiGL+YLFfEEUhriuy3A0ZDgaZZuu68z1PMbjMeOtMZ7rsVgvmM5mTKdTgjDZyC2lZLlY8v79O969fcv8+pper8fxo0c8spTfcRyGwyE7Ozvs37vHeDxmvVozmUyYTmcsFwu8rJ3Tfkv+lfwn8gdfk6nzVBRodfsQabu7wsV13DR/sslsMedISvzQZxWuCeIIV7jsDXbZH+7Rd/vEMtnEvI58ZPqfHwVcrae8unrDVm/M8fYD9kf7pfJKJHEcMw8WvJ2+5930A4tgiZQSKSWxjPHTfCMZZ753Z3f292syjeScj1P9gU3qqD/7pBjH5ePloSMK+cg8mYQ8wlSBSwpvICeRB/LCpeeXeLHk7THJXmYVs3KR1EQdlxR4HUpoHVFB5y2x2MKF5qnwrGN0bjSZN23hUOfn6BuZetOdrK9NXCpOHTegrHlDX0d1vs4NiI3Lem7EhgbO71EaLz5AZNSyQEv9F17WUshmzPxRZv+s5Ybub+9ft+JvNXnYZMSULj1W+o6lplvtEUoK+sgGXMrycVlGdE49r8U2DlBApW/FkrbhJdR1V1pQNbfOqeGy+Hxdvu9k9zad39Qa/a3gQCZeK9CKlipUQFWPXNfQ9M2mY63RGsHEwFvqNTaemU0wqlwiC1/yaFzmvNHtaUBT9zShls+mtcvsJvpWl9etzw+aT9IjhVoj+Os808sWKCnMT9shWj4m3hpleyyrQY2+1uidlaclqfANURXHOF8w+WN2sEbvdF4ZcAV+4xp0u6GbIvDV6m2b+ekN56t589bz3O2aeSd90Lsrr26V327vdJmuNMqV7j7G+UFbwd7UTM91Jl65aKEDVcUL3BrBX+mZzjdF2Q3R0pd4oT4lXtvBBV+mhte0m+bOGpf1l2vrb3X+p/xK50bMS1ThLWpQOwK6PsA0jUiTAHRBy4i3zmdt81M1fDK9NvA6/UzXjBqbR52vczY0LQ9tOFe5lvRm/laDdfl2QFWfzvMDWfmHuYGaBp71gh3R9Jxtei7XdVHTt5tH6K/Jt4SUODqXBl65D1G2Fg7ean7Q6G9qI2MHLuu4jsod8jNtEUZ/LH2zYucFJ4NA1U1glL7pXJKVP8/OwDV36IyyGSvDjnpea22auVz9VnfTxuxNcmRCUzqUG8kqL7lXktDIrQPX0kOmjmjdYQ3YooE6R+y36F91PZXycZ1j4JX8qR9+Nn4DU3pWy2XO8+ar4TS8gCNl4XuHltiUX6EBWr3g2ErfDLxpvlp7wzHwzGx6augjk261HE6No6hF81S/jyjng57vx+9g5z4cVAMJFu3LaIJ/fcJ8+1HjeXnekiiS4Dg4jksYw3K9JkBytH/E9fyaYB2xCmGxDlmtQ4IwJtkU7iGkIEYglQZEEhyIZUQsA3zfxyFihU/fjdka9th5eJ9ffvOcX/36Gw6PjhiMt/AGQ9aRykcQp20iBWVXgsYu1j/auv7IU//K2hYszmHyAePzrE2Pu6JVr2n8XN59fvf5T+zzeDElXi8/2/LdfV7AG9jdBujPyGQcIYMlcj0jXk6R6znEITgeYrCDM97HGe0h+lsgHHuGdSYEojfC3Um6Xrg9S4JCUtfDGW4jRns4g3GyCTsOkaFPND8nmp/TC9f5+aSLFQIkksFwyMOHxzx6/IjtnZ1K5Oe8iMmG56ZNz8qSzasxsYyJ4xhJssk1iiKiKKTyM4qAQOA4yR8E9Ht9Dg4OuHdwQL9v3lje6/fZ29tnb2+fXq9PHMf4vo8f+ERxXCiPJIoiwihKNhcKged6jZufVb0d18VxHBCilH8cJxty4zhmuVxy9umU09NTlssle/t7jLfGDIdDfN/nejZL+rlwLVUuKSVhGNLv9+j1elzP58wXc5bLBev1mvHWVpZWPVDEMsaPQ9bppuS8d8umNg8HUUgsC8tlqQ8IkijQThYBOt9YjUgiOwdRyGw949P8nIvlFbGM2B5s82T3MV/sHjPqDfGjgHW4JogCeo7H0BukUaF9Ps5P2R/uMV3POAoP6bseTjpWojhmHa25XE54PXnLyfUnHOGw3d9itr4mlhI/DvAjnyiOiJHpO37mPruzO/upW/JGvHoTWGYRmpOIz2phQj3Py3zsiurnkC8oJyZRWpE/8BUWLGpCGiQPrDmvRcpcIhHCKVzPgHlFkjq34YX0ohbzGlZ4+uVE0jYNXD+/Nr8arG8OI2+x3lI2XfqMBanHSkAi6nmG5ebn9t5wN6CoYlJ+jVPlnRrgliKu6FiJ2Fwof5Hnhw28VMsGbhmWtVgwkzsZrW1ztM5QM6tcqA3lBa4uUuB5Mo0LbQFXbIi0XBDOhFjjTdjUADZs6wCa3qmDxTtFLZdyI39LL1fmbVDUIzbe1qwCqGOzgxe8sZ7X6FtZbgyf0xIzPe6AKn3KVb3UcRNPYEM0tF+FazcsPcJhLVe53KK/WbFdbfL7v86bsJiZdb5guIBox00RmHRe+UJN502o0rf8gq1RXwtCo/NG3KjBRarT6nQbr/aX1T9u6n8GfzRiu+l8mTeaViN9vFsL3LrkQFFfU26MyNRC/9qgUb8tWEivyq+O1/PUNH1rxbuYqbtEM+/WS3Z/azV/aMC8/GU9s/H2gqysMiEtjHs75vPVlvq66XzVlN6GBf3SI4Yaed54WPXT9ADSuoNptMrpN5ket0GTnBmxXMJqxHRLhX/k51fzgBfp5dMSWviPP19Fyy/nxZar8LYChoHbrOXjmel+arr85v6mY3LhPF8Lz9bdVHnLemZbn+uMXedvGjfpacbbzE9N89UMyVqpwoWBizpeHp4lXqiVicOGzXwDaz0/0DE7TTTztGHy7jbxAqr0BU6WbzPf/Pm1JWbPrxo3YPtfIFHdqXFh4KIjz/I3u4+A0nKVkoEf0//aNnt2us4N2WXcoHeNnDr9NKAwcA2x8bYDvuP81NaBVn1N9U391ax/NXpZ0tMa3KA6WXpVvULfW/W143CvOJTNVMVU8i7rW+SeV+UGFBuiJV9VgtqIzg16Z74BtsSOCyKmX9DTecXfdN7G3zbBhuZobJ4mC1fId39EbB9Af6vx1Ger9/zgDVmN7lkyTeZHQgiiOAnaFYSSv/31O54cP+QXX3/FyhtzNv3E9SIkCCAKJTICGScNGscghbYvJY6RDsRxeoKQCCdie2vML372nH/3P/0j33zzFfv7uwRhiHQ8vF6PkBgnEkRSZp1Q7lep/tFgSpdhsLzk2eJd7j8mi9aIyQdEtCbXaTL9K0/wbYpTcKCUqwBJSsDKvHL6zf3vDu/wM0OCNfHs8t+8HHdox5va3Qboz8lkhAxWxP6C2F8gwzUyjnF6PZzxLs54H+ENQCQbZDc2IfKNz13yEQ7C6+P0BtAbgtsHsYIoIF5cIZcTZBSUryME6r+e57Gzu8vu7q5x83MXUxt6177P1dUVk6srAj+/fnVxN/sAx3GSyNokm61HozHj8bhx07WKoDwcDnGdZFOtJClD8UnHEQ6e5+F5Hk7avnEclzcF11gcxwS+j+8nG56TSNXJ225qcSyKIlarZVLfyYQgCJCxJApDFosFZ6en+Ot1mi71EymJY0kUR0RRxOnpKf7aTzZDB0F2zTAMUREhs7aTkiAOmftzJqspEsnQHdSqTxCFLIIF1/4cPw6QMlbNnf3tpP6QdYVQ1xIEUch0PePk+hPfXfzA2+k7pJQ82Drk1/d/zjeHX7PT3+LT/JxluCKMI8a9MT23RxAFBHHIZDXl0/yU8+UFD7aO2BlsM3CTTe1hHHK9nvNpfsoPl684nZ+xP9xl4PZ5HYdJHlFIEIeEcUgsYwTujYband3Z527Jm6T5lEJ/Mz2Ok4egWKaTDykpTkH0N9+ruxZUfkLjOYrC8RLKNL8uWJNPUtqUm94kM75hZkOMvDxRyyMvqPKWFzQMXJ1uwq7NpKVX1pVnVbYUsPKivZZhpVW7dpOe/iZY6LASr6lHOhgo9nB1aq4SFjKs5cYL3AxvsiBt2kBRKK85Qk4BsaHKvQVPF2SKvFDc+i9IbGZxjEpEUep5WW3qeA1KsEZo0lGl1/QuL1c931zfOqASmhInP17Hlelca+cul6u9/Cao/EjnTajS61wVPS1vhUsDt5h+jomrvG3yY4z4UavXyQtLoNypBafM83lHEzdg+YbasoMMeme8YVmw+QbRiHlrUOCFz5XeSQobJTSuztZ5pteGYWhC7by8dCbe4IGlAaoXQDVbuQDGCKMKpYGb0JSuJdKSZ4Oj83y1pt2KPMvexrl1Mw2vRp7TeuzaTLb8LKisNF2T5uFvzEC1SU0bFT8o314b9I8u3IBSYosIjc61fIz61xZ/9Pmq+tjAyz1c4kr/VIMqv0q4po8b+5sed6zAJebnuqw7ZOqPsnBPrNPXWgezYlsda4WSzeerBsyr1ZJn1pXX2E0EpSnPLlhTnK687G8d0VZtfXxoqOphmy/Um6WGmW7lFaznBVT6pnOFsiM26W+hpWy88QbaZX5a0WvVVi15xx5qsnbzA03/lD7qXCWTUvMz2Yw0o6pjK64urI63GABWfbXNT03z1VLpNuSS1o8runtU3CX7oCPeplkFsAZt2dV0t85LiIFvglJtfFfjocrVAkTG0wbQeV7oOm7Gtjq2EbaYn9r0u1IuTZ9zfzPUM7Ob8kKz6HxD/0vykHleGlc6V+KFTNvoXyPKoj63RJVe50qB0vIqfbZyi4DY56+F1ii4f1X/DLzx6oXuaItaukLpGnmtbSIsymz6rXMT3sAqwyXVMZ2bUX1PUMNJVUGmXDbxmu8jZM0L7g28FlvM54y/sGebn7adr1p1WPVFPafI1QOBzmurr/Q5tWJ204/It98ivv5fGv2jJxy+un7BD46LP9jFtGdHINJmjvF6PRbriPcnH/nuux/42VfPcb0ho519cAdM5z6zpc86TAIhhhJiQDpp3nGc9a8Q4EhwBDiepO8JjvYP+Idf/5x//Idf89WXT9jdGaceF6ftHiGQOMLFFUmgQmRc2OyetzGiMJ8w1KzvT3k2/QGvzUaTq3eI+VlJv3N3MvDsUrLY3WRElnm+nqXz2tPt+nmHd/gTwmh28VmU4w7b4U3sbgP052RSIkMfGayRkY+MQpAyiQDd30L0x+B65RnkRiY2yiOJ1Osm5XE8cFwQAhmFyPWceH2NjMLCW3z53wCO6zIcDhgMBq2jO8dxTBAErFYr1us1QRAQRRHI5C0wGcecnZ1xcnLC1eQKPwiyjcPCqd8oLtK6qMjDjuNkEZEdxxxZu7ixWTh6vjl3PZetrS12dnYYjUZMp1NW6xWL+ZzA94miKCmfVrbA95lMJkwnU8IgwPM8dnZ22N3Zoed5qOjN6/WaxWLBcrnMIk3P53POz8+RUnJ5eYmbRptWX4onUbFjoijk7OwMx3HY3d1NcY9+v18pD4BEEkQ+09WMs8UF68hn4ObnFqZ6BFHAMlhxtZqyDv10w3f+uSqPk04Ugyjgcjnh/eyEKI7wHJfJesqn+RlXqwmucPli95jHO8c833/Gw60HDLwhsYxZhWvCOGTcG+KILWIZce0vOFucc7WacjL7xNH4gL7byzZAryOfs8UFJ9efOFucE8QBD7buE8Qhp/Nz1qFPGIcEcUAoI+I4wnWdUt/e2Z39fVnhnWqRLzQknySTDJGS7Dx1PF2o1Z7njRsPs+PpRUr569dTXKjIUupgztXnqnDqDf/inUeWckS7AnmB1XHbikxtRc0LJELnhggLVmRDTBcwhGrztNwlLHSQKD8xI2jm5TeQOyAGrpup+7TuauTVZGYUBm7EG0aI+u8VYasrqjGkc+p5hnURc2xYKrWFi3quV7fCN7XWjlPAFtllPO1WdbC1G6jLiZoF4SZu/MLNjEXPti4Q6xFjREs0pbdgqwhhFb3TdbLozRoXBi7qeAFr05f7vpZv0hxdzFQAA2b+iYHX6F2JS6HdLlvw2vwMWBjwJS7svIRt9fSW9Vpf8K/oq9K7rLgGjoFX9FTDTYZnqbwW6+hvRmxrlflBomONvJV+tkTRHYuebtXXrvNVy/zUqq+l+V17nnt3vf519b8S5pdrPf1UZpwf3Lb/ZVzpAJoukHZfQQF0Tjv92wht+SpU+lzgqh5Krys8rYzOW6FxXkozz0xoTONa/1QjPtagStLB3yrFtWDFH2trU2OW56NcBxp4bQYGXnjehnz+qY6beGcdVdhifpqdr3NabHDYSHB0nSz2lsYLGwpKXEKu03l2Xe+3m/qbcXh1xTbT/2JhK/PV5vHbevwbBlS+KSHlaDzVLZ1v9IsmbVDX3xZ6reqj0tVzQ/tZ7j9VTiez3U87y7kNN5wvoOWT87K+ieoNgqLeGfmG8yvb/C2frxZ4If2PMR+tTd9wnbwt0/WCtHh6BP+q3qXcaDUOaRVAAzZcoZHfZH7aBls+36Fz6rm1gX7k9caKvir9FWXe5RdManW0gmlxjTqNkRdbqmm9tk3zdvU/m7W6v97I/2yongM1joHreqo/T1rW6278/Npx/bHzL1BtMj/NqqP0O2sNyq8b1PBCh+rDsZHnHdDNNrmNNVilOPpwsvpfUU1qOBbe8nsIiryQQ9Gza7H1hMdyftsRq5XX9AtUJU6xuyxcGHj5subvv9RxgE/fI8f7iONfZjWoexwYCMHXk+95sfcz/OEeJkt+4T3GE4Llas18vkTicHk1YR1D7PYZ7x/hjt6zDGIWQYAfx9kcWsbJbMVJLyyQuMgEJfQcl53hkKdfPOCXP3/O0y+O2RoPkFFAEK0JI0lv5OIgQca4jgs4hDHJuJVR5p+yUEGp5KbG+usJX02+Y1C5j1dNzE4Qk3copUh0uaxn1gj+XeerbfT5Du/w7wTjyRmEQaK2n0F57tCCN7S7DdCfkUkZQxxBHKa/1yABCcJBuL0karMwb9D971JGRDJlEgK1YS6JXL1EBqv07archIDipFVtgG1jKiLyZDLhw4cPnJ2dcXU1YbVcEsdRtgF6sVhyeXHB1dUVYRBk0Y8dR//6IytV9h/pk4NK06ZkxXMc4SCEUxqL/X6fg8MDHjx4wP69fc4vzplNZ5yfXzCfzwmCgF6vV9oEHscxy+WSjycf+fjxI6v1ir29fY4fHXP86JjhcIiKAB2GIWEYEsURUkp83+fi4oJ3b98xuZowGAxwHJEKBci0nVTE7OVqyWg84unTp0RxzBdffMG9ewf0B4PKBvBYStahz+Xqir7bZ+Zf03d72YOBTP9DQhCHrMM1Z4tzVuGKWMZU1q9SvwHBtT/n+8uXXCyvGPdGCAHrcI0jHLYHW3x98IxH28ccb9/n/tYho94IV7hEMmIdrgnjiKE3YmewRd/tcbWaMvOvWfgLXk/esjvY4d5wn93BTlLvYMm72QfeTU9Yhmt2+ls83XtMEIX89ex7LlcTIhkRxiFRHBLJGE9KWjnFnd3ZT9Bk0b/TsRrLTDoa1zpiWdhMR3q70rCoi1kkNCCPFkD2gFgK3BADjuKyfF5akrw87Tg1XEJh068sc5nzDIXGC3VRb+RuHFHBgKq8Nm7EjNZ0UKlZatqp5AQ2XtPU2Qc34LURTdS18jfhlQNVOAWU+Rv5nSOSbIjYuClySRa5QFW9ZoFW1iyw2rhKrfNbQuUDyj2svGgmd2i84I9sluFVQT2tVl5p4yqpzo2oq4CFp+M8lwHZiGTp1Xiv4QZU+lYsSR2/EdbpdBMW0xfa3RhBQdc7ZbUOXLQ2ztmgd7Ilr1uw1HkT5hVGqzBddMyItggmTRFNlA7rvID5OFLlT5tH5xXByL9wauiNKre7fRmLraWaWedNqNLrvFKbZm60trpWl5mpwbrgbZtWXmtkUV0fjVymftYRi+lrkJa8UIFSyermqyVOAxZ0zoyUOWj5NHNlRv9s9DeT3tVw1TZdB9htz4BMN3gD6vPAkr7eynxVNdeGvDxc6tywzKnnxe4pVM/Ob7d3zI8xBlRW4aqOn4ve6TxD2cyLGTQ2UD1vq2Mbo2V+WjmvmL5QXtsvDVQeUMj1rMyrn6vjtVwauNR5HaoNN8rfCmsuop4r/ct4WgNBtUa3MqIs+mbUxbbz0xvqde7dBi7reT4vtfBCS7ZpjgoW09cgLXmdKT9SxMRrhzmbdU+WvqV+K7PxSsXbYqVBahqoVDCNt+6JDdG0Lqc/h2v6pjrwpr8gdVN9zltBlVMVt8zr7kOV7kj9KMvR6m+aPup62Zo3oGxGNZBrI4reRN9+7PlpRYAMPLMaXjPAb399qyO2G1bV+ar6S9RwA6rqF/O45bvrjdcbTO5kdC9lnfXPxjt2jP6AQaGiOm9Ci8fceP5qm59m1VHpyNOXhmM9r4wjlV7n1FnZI5WuNXIpCs1n17/aDeE6b0KVXufU6GkD33h+apqvVga4bYKjBpQ6XeO3ZYbhZORFqqqp8yZU6bvqdRTAuz9Cf4w4eNqoEgMHvp58xyv5FavRUW21hSPw3D6r9ZrpdEoURfR6A373//2Bf/cf/j2u49Lb2ubo0SMOjo959eEDARIckf0Ce/6CviQJbRfjCgfPddkeDXl8fJ8njx6wtztm2PdwBMg4Io6i5BfdARmFhOsQ+h6OC54rCOKkwZQrqI3gTTZcnvFs9pK+9UxgcQGXb5BRVL0xqJZsqXedsate3+Ed/gQxvr4iXl6T2WdSrju04A3sbgP052QSkMnPKaifW8g+kPGtdPiNTALEJBu1VTkBGSOjIJnwEGuJROmfagNs0y0/CAIWiwXTyYSzszPOz8+5uLhgsVgQR0n+jiOAZBOz57oMRkOGwyGO6yIobGhutdlaoDZ0d3mrQEWa1q/jeR5bW1s8PH7IL3/1K6SULBZLJpMJL1++pN/vs3/vHqPRCCEEURiyXC55/eYN796/Y7lc8uDBQ54+fcKzZ8+4f/8+g8EAtYE5mczFyDjxB8912draZm9vj/HWFv1+L2tjKcnSKX/a3tnh6P79pB2Fw+HRIfcf3Gc4HFYic6u27Lt9ht6AkTeg5/azZkpcUiKReFHS9gO3jytcVIRtk0kgljHzYMHF6hI/9FlHa3YHO2wPtjkY3ePLvS94sHXEwOvjCAcpJWEUsgrXRDJi6PU5GN1jb7jDVn+L88UFk9WMj9en7A/3+Gr/S/YGu8TETFZTTq4/cbWaMO6NeLj9gOPtB8z9BQMviRIdyYgwCgnikEhGhYfhO7uzv0MTZAvCRY4aujJfmHCc6gJGlqiwgFFcoKC0oFB38eRzPXKUFesWOkTNcakdVzzFVhFEUTKWt5SRqwdsUccbkGbExBuaw7yg2cFsBdNQf/AvL6/VeIWKyKHzrBta8FK+FhRVTMpv4V0bQm+QDSOu6DMlPSJB6wihOsfAbdhxeOpvvtv82XhC2wHS0VpFCNU3HNDhCzSxIRbSF/XUuiCs6VcrtAqI3qE1HZzqnc5FyQFKd5oSv6m/ibritEHtgI3bHdhilWYVdt5wwVxfk78rEe9q9K4WMXAbViItVVHVI+Np+VQ+5Xq17BDjDVRrr8rznElPU97G3W/B3yq8Y/XauqN9fqB0oMBLuVi4MPD00K1HCNXmn52+YGuJjfpa6PicqyZo0MPsoIVLWWjOAm+SYy3HOm71x67YNv+W48k8X7V6uEY3HGCGGlT0VUVY0nirCKE6b4Mt9FvVo8QL+TS2V2XCLrT+0LmWVcfnia732039rcLb6LfOgXymZ+DGC1oK0Ha+ZXl+rY0QqvNCfj/6fLUW1dVreEHf9Iih+XpCoZN/5OfXipwYssv4Jv5m8r9aFGXe8vkOnWv5VWtkwC7PqzpvgaYIoTq/eQR7yjwbRnZebKminuq8Q7WN/tbZ2jyuFcpmmi8YUdgwHck6x8DRuKZvn1uEUP18Sb2eGnmreaqqjtLrBr3UuZCbDU+qvJV1bG6bXlfUSB9OVv8TpXwqemnjaUN1/8WyMmLim06wMXAbag5w6xFCdZ7pstn/apGcK9PdRVAY3jq/Jf+rWMUhm1GPGG+aLwoTz3SO1L9MvICIQj4W1HTMxts9oDXgRuuPxcYuc6V3GRf1PPGrBt6tFoX5Qovipwn06rRyv47D2+if1gukTBuAJi6KnNxjrSgM3Iam9FrFK/yG36+0GOBac4rSx/l8VeOU+W36WwW75F8onN4cjbyYqIutZsi33ya/Xr992Hhq3xF8PXvJq3DN9e6TtNRxqmYxMZIwFJxP5pxfTlkt1+zs7/P69Wv+z//rv/B//O//G4s4JhoM2H34iN2HJ3y4nLFerFgHa1wh8ByBI2OQYRIU0PUQImSn73K43efhwT36vT7TyTVb4yvu7e/hOgIh3GRsexDiM11N6XseXn/MOo3z5wmJkBEIFxG7xALAwSVRMkSc6JGEnelbniw/4LZpUP8acfUW4S8091QDtdA5jeuNVTMtLzTKOR387Q7v8CeA8WqOvL6Cz6Q8d9gOb2p3G6B/ChZHSH+FDJZJhOh/I5P8/+y9W7PlRnolthK3fT/7XOucOlVkkVVNdout6NZIrRlPeCy9OmLe5t3vfvGvmPk5fneE7bDDoZiHsWSJLXar2SSb1ax71blf9hWX9AOQQOJDJjKBvYs8Te1PYq9aADKRly8XEonc38kiVMcRkETgSQyIKL/pTtv03yvadDrF82fP8fXXX+GLL36Dy4sLDIYDHB0e4cknP8HR4WG60df3AQA3N7d48+Y1HObgm2++wWw6yzYmu6hMYLOaiP/LC9yg6OI6sQHadUUUaJZP4D3Pw9HREf7mb/8W9+4d4p9//WtcX1/j7//fv8erl6/w5CdPsL+/D8/zMJ1O8ebNG3z33Xd4/uw5PN/Dr/76V/jpz7cZcfsAACAASURBVH6GTz/9Kfb29hBkG6DFPcX9AGBrvIXPfv4ZfvHLX2JrawudTqckDrz8P+U6gCHoBBgNh+iQDdCMMbiOi2EwwAdbx3iy+zHGnRE6XkfZKss4wiycoet38fr2Lc5n54hiJl0B8IQjyd4SB34fj8YfoOt38PL6NWbhDPNwgcAJECcxHMYQuD4CN4CDdPNzmERYxEss4iXiJIbv+tjubuHB1n2MO2OcTM4QJhEu5pd4ef0ap9MzDIM+Yh7jdHqGk8kpwiTEB1vH+HjnQ+x0dxAlMTzHA2MMcRIjTNIN0FES5WXd2MZ+lMaRb+LggPSrbmmykY0BFbLsbSmVF/k4UCxe8eJm4ggHis1xNZgWygp59rJcyYdruC3KjUV4eSJm4ng/Cxym5qHXkfTCTFxpigytI4BIbaLktkjza4SST5L6pOUWHSGOK3jlaUv4KhEIVkWDg7XaMFGJBEG0oxIhQuTWjgsrNbdUDWMzGMwYITTXNXGYy6cl3gI5YIrYBMpJPhXeWN9WRRS8VnA03GTS7USyWk6SrjSK6oePlV4Ly3l2kHSnuXkNzWPi4l7N5Ig+xRWcF890FRcZcqJvK36ago2+tdowsUa9rnzA0/D0as2GCG116IYJDXITcjIceVa6el5YDefQ65hO94ieNY+4RNCUH0E04aKh88pC0fCEC6voHyfNR3hLfWhkpfoU/kaHW4kLqtE/y+m79XzVqK8yJ/VpIzMV7yZ9ZtK/XC8ph8xboiQInGm4acKkm7Cb9G4d81XhMKLHah2qyoX+lbqXV/lq/kbjjDXgHDBFWBeeUOFCcQzvr5UIoZRrdKzR/JTyJpjfnUulkMqVF1fDgdLxtdoqAqMrF7dHcRtaHOviiWFNeRM0VT8rL52vplwqcX7SpkYFpyO4xCUdax0Bn2u4JYLkp+P2eqfrAM353DQOmfuThstNv6JVei/TsXL1OKkG4VQvxfxTHOcNEfUoKm7ixYCsx8r8lQzsCjfOU1HmeeqmXIFSQ1s/vk3WQN/Wbm2GmyJ5idt1u/V8tKoSqh/MC70WA0OMDx2X9cBwZzJfa/QX8taNFnqtm6/m+irGh63eUa41W4eXTNns1DEIr9yDcGneI3RNzQtdExfIOtcKOYzzU9NfrBT1ofNVoc90vlpBXbuUcjfzYn6atR2jXIPk7hU0FV9TnbXIX3PBscuzCVoUz8QLvaNyJn4IVMPr9BOq7xH1KFKafvBu+4DR6pjt/FQ3X7XFvK3tOLS8XD3r13uT3bxD8t0/wnn874DeVu2lLmN4PH+DV9EUZ3ufAtwBT+JsI7aL6+sJ3r49xXy2AHM8DIddDPpD/Lf/9vfY2R7j4fEBkhiIYg7f72C8vY0ovkAcpwEkwziCyxO4YHCYC8Yc9Do+9na38fjDD3F4dIBut4N4OcPVxRk8xjEY9OEHPpjjZNudGOKYg8GF5wfgyyVYpo/p2lgMsARg2V9TL+0iZ9g7/z3uh9cojxSNRXPg4lkaARogyzmcTAc0zyGDaXVMp3vY4AZ/PJgsZoivToGG6TZ4N3AV22yAvkvGADhO+uBkTjGBSiIkixsk8xvwaIl8cvV9G+fg8RI8WoCHCyAO87LIm39JovI/eQ6aW3Dc3Nzg66++wueff45/+Zd/AeccP/vZz7Czu4sHx8d48PAhhsMhfD+NdHx5eYmEJxiPx/D9AHM2zzZAV+Nd5MXgPC07F8cMBcuuyaMpZ9eJjdbMKe4k2mI0GuHx48eI4xivX7/GZDrBxcU5GGMYDAeI4xie62E2n+Hi4gJxHOPg3j2Mx1v48z//czx+8gSHR4fo9fsAgDiO4bouXM+D73npn+RwHPi+j/F4jMPDQ+zt7aGfXb8OY0g3IW91Rtjv72K7O0ZXuQEaWMZhGs15doGOm0ZsLvkp50hEG4LDd33s9MYYd7fyxb9ZOMc8muNyfoWL2RWm4QxhHIK5Pjg4ltnm5zAOwcERuAGGwQC7vZ10o/b4ASbLKf64eIaz2Tle3byBwxxESYR3kxPMojl6XgcPt47x4fghtjojXM2v4bs+XMdBwtNN1lEcIU42EaA39iO3/BfXBWfSKQ6kf/YH+eNIegFLeRoZurywAVR5fguRH+SNlZoFjvyn6FkZCZcj8kkX5XeAPmeIBYxGXwxRbgBWfgOt5F/hrCWiDkX/iUgRCp51oJKTvpEZM+kfa4mWRptdx2u/J0LlDfKyl8QZRRrhRMOl/OSm4VLFGYA8Iirl64pYQJHVI41QU47qLkpZg6qIEUqUzovcKS/lX+bCmKZ66/K3vCMpr8O8cITXZJdzY/eLSHuE57czf2Az/UlCMVAqEfwJt0JdRBkTWubfNGJYKYI/5VDoJ+XZ5h/DMKoiyggdb+NvOv+zMVIwSY40nEQ0QVXvajlnWXfUoEhHuQ1KDW/iJTQKhqGBLJHl+i1yVfP8rrkO6zhFkr4pGoZjbYARG2tbsNzoACFnOYe87mAVwV/5ga0lMg2XUDRciaPKrbDpfJWTDjQ9wEiH5z9SZPW88N/6brX1v1pU5AMd113Q2h+pkQvy8Q+iB8i6j5H5a1kBhK5RXqd/VkivN+UrUNIzoc86nmOThq28HFIHqufVCLdQ8nX7mzUyOwQ0HAaTNkxlHWbmpVzr9SaP2E85K/PVIkTXz09NWNJT2PNqB9dwaHjtBIzB9AJq+7w1+hflTVGXP60RcR8aQVCpf+UcmvG2Fcry0elpzm3mpxRFPpTboEKfRXHKnJy3ba98vkr4mt4fKncnjrIuf8txFb1mkNbnxPF6Xl5HbFCApvM3oaf5fDU9rvtBOoeke0301Fafa/ValLbY8gjBhb5RziGtL0Dtby38z95xMqByYsquTfeL9JQDRG0UXDefqXC1vhlxxfdX03zOqK+281PdfDVHqHmuyyA6XfDCH1F6HcrPN7GGzV9xOFP2GjkyzRf0/idGrobn3xkacpKfrBAlbrVgT7DSYQ30lQxQ279AleuxUkel2inXU0XxNVykp7ySvwIlPzLxEtpas9cBdXNLRm9fKV5Fzpgdz/PRcQ1qvkdU1+cU3AZXnJ+aUPcXp0T57f9Cqug2A2fNEVKJtY/3q9dInv0TnI//GgjM+1OOo2v03v4az3c/A1wP4MD1zQTPX7zG2cU1Eu4ALESn08NgMMQfvv4G/+f/8X/hb/+Hf4/d7SGWywiTyQyu6yPodBEn6f6ZeBYjAYPrOHBcF71uB3s7I3z0wQN89OFDjLaGcBjguhyex5DwEJzH4NwFgwfGPDhgYPDhMD+NBRlz+K4L8AhgCWldIP2CDjCe4MG7f8YOQnWDUUtCsItnYDcneYtaR/BvOz/VzVdt1hcV50s/UN+c35y/Y+eTxQzJ1Ul6zR0s3+Z8/flVbbMB+i4ZcwDHB1wfcNyUIwGiEMn0EsnkAjycp1GYtdGN36MlMRAuwJdT8HCWboTmCVheZg/5r54y4xyQI3mITcQqE5uLLy8v8c9ffIEvvvgCt7e3ePjwIT777DP84he/wNH9IwyHQ3heGrE3L1qSIEmS/IHMGEvbR9NG+Ubm3OzaMuEJOE/yFxoRAdphDPRjjOM4CIIAg/4AO9vbuN3bR5Ik6A/6SJIEt7e3AE+v293dxYMHDzHaGmF7PMbO7i5GoxG63W5RQsbgeR46QQedbhdBEIA5DqIoxu3tLSa3t9je3raqR51xFP2UL3hZuxrP0mvmdlKeDIDDHGx3t7Db28Z2d4yb5S1OJqd4cf0KHTfA4eAAA7+Pnd4YjDmYRwvMowXiJAaDg8Dx0fW66Ps9DPw+Ptr+AJPlFG8n79KN0JfPcL24QZREmEcLuMzFwWAfD7eOcTQ8RM/rwnNcdNwAnuMj4QmiPAJ0rPXVjW3sR2E8G42s4HSwixGQyHMP5FKrRPpuVFixpbb4xT4v7iM4BxJREiauS8+LHIoAD0WOKL1VmpED1QgLdZyl9xfHOSSuQg5YR1Sg3BLllpWbg/KigwjXGi+aVDrU+D16JRO/dEfe1zrOBYeKa5ArfqFPUVxPuQZh4lzNtVjTwHIU9hKXXyByalighfqDl7EUvB5zf+T5P5Vc0/32/rUWf1PkYZIRXbrsWOkbi6JbzRFKJH1EC855+TgvIyiHmivRxgEkFPoml9SGl5DqLjegaG7KoeBcfr/mxeNQOl7hq1qtv0kOpONKgRa0VCEJRT0KXQPRN5OOWaMxgomGW+o1TDw3k2BUOQeXPvIQzgte6/aoQV331CHJp23tcltF31R5rX1+UH8RfUczRvCnPNdLC+RAEVnKDkHy0XFrrJt4EyyrgUJfFXpn5FlJKrwliuJo5ws6f8wPKvSO8sqAk/jKNWj2QNdF4FPqrc38dMX5atG8al64XT1vpA+0u4rqVvl6e6fJdKVWrqj7aOcHtoLd1nTvdTpeuanUgaLiEjdG8Bd6Rnlb5M0QJH2JS/UpcWUHS74MBVe0G3Fnwrn6drb+pvI/4VeUa7EoUYVb1EA5Apq+wNSNSJ0ANEHDiDfOZ03zUzF8cr3WcJV+ZmtGtc0jrqccLY3kQYZzlZOkq/mbAlX5NkBRn8bzA175h76B6gae8YYNUfeerXsvp7pI9G31CP2KfEuIEgflXMMrzyGUzcLBreYHtf4mNjI24FzFKQp3KK40RRh9X/pmxMYLThqBUk1ghL5RzpGXv8hOw4k7NEZej5VhBzVXmk0zl6tv9TStzV4nRzrUpYNwI17lJfdKE2q5ceAaekjXEdYdVoMWDdQ4Yr9B/6rrqSgfpxwaXskf6uFn4iuY0DMl5wUvmk/BUfMDHM7R9AeNph/26PRVqbdW+qbhdfNV5QNHw3Mz6ammj3S6ZTmcakeRRfNUv0eU84Elx+kfkYDB+eivgM5AW19hOwjRO/scr7sP8JLt4PWbU5yeXuBmMsNkOsd8GeJg/wDTyQRJwvHVV9/AZRz//t/9FcIwwWy+xHwRIkoADgeO66DTG8BBDBcJAt/DeHuMjz76AE+ePMTh3hi+54LzCL4LeB0ffqcDz3PSwJSOB+Z4CJcJOPcQdIY4ubxFzB0EAx/g2dowy3wASfaMA0Y3L3E0fYVOaW2qpvJJCJz/Ebh8Jbmlnd4Z9bgpGvUatef55vzm/B08zxczxJcnRv++q+XfnM/PtLbNBug7ZIw5YK4P5nfA3A6Y44HHEXgSAcspktkVkskZktklWGcI5nXwfW6C5nGIZH6NZHYFHs6AOAJ4AjAXzO+m/zkOxOZi4r5WliQJJrcTvHz5Aq9fvULQ6aDf7+Po/hHu37+P0dYIQRCUy8V5+uuuOEYiBgVjKH6nSiuSlS9JMeViY7O+vKJeSZKmERugGXMAxb3CMMT19TWur6+wWCzQ6XSwu7eL7e1tbG1tIQgCJHECP/AxHI6ws7ON/YMDDIdDuK5b2VDNGIPruuj2utje2cZ4e4yzszMsl0ucnp7i9PQU+/v7GI1GVm2d1iUBgKwe4sVH9F/aGlkT2eUJpOl4tnCcJ0xzS3jR5share/1sNffReAGeHH9EvNojlk4w9vJCZ5dvUDf78FzPXTcDmbhDPNojpgncBiD7/rouAECx0fH6+D+8BAXs0tsBSO8Dd/hze07XM6vEPMEXa+Lvd4Ojob3sNfbwSgYpG3quAjcAIHjYRYt0g3QcYgoibDZAL2xH7UxoPjVdDpK01+4i/d3sTAhHjVig2X1vFhhSxc+AIdBsSAh35pBjoDH0eIXrRUOcj+CPC94+oyw4VJ6pkTkLVjh2ccJxgycXq/MT4Gm5lA1QxOjjzVtQdRYCUgENZfch6wvresX7k0jMtEITFXeqAHWFHGFYiVis1R+mReHNbxUyxpuOTxLKJnOnbRm2xzWGRLTyEQhF4Xe5VzcROJExQrOyAIua4mwXBDOhZrwOqxrABPaOgDRO3Gw2Iyn4Zy38rfsdmVug0yNMHFbMwogxXoHl7xRzRX6VpYb2whMGsz1uAGK9BkX9RLHdTyFlqhpvwonDywa4VDJRS5r9Dcj2tWmeP5TXodyZsb5guYGzI7rIjBRXvmgRnkdivSWH9hq9VUSGsprsVWDs0ynxeUmXu0vo3+s6n8af9Ri0+m80f9Ijeh4NxbYuuQAZH3NuDYik4X+2aBWvw0opRflF8fVPDOib1a8iem6i9XzZr1k9jer+UMNFuUv65mJ2wuysMqEVBr3Zizmq5b62na+qktvQkm/aMRQLS8aD0b91L2AWHcwaq1y+SrTYxvUyZkWyyWsRkw3VPg9v7/qBzzLbp+V0MDf/3wVJL+Cyy1X4bYCBg03meXrme55qrt9e3+jmN64yNfA83U3Ud6ynpnW5xrjiuuNOj3Nuc38VDdfzRF5K1U403Cm4uXhWeJSrXQcaNnMK5j1/IBifhmr51nDFN2t4xKK9BJHnm89b//+aon5+yvhGrT/CySiOwlnGs4a8jx/vfswoLRcJWTgffqfbbPnl1OuyS7nGr2r5VDppwaZhhOEidsO+IbzU1MHGvU10zfxP/X6p9DLkp4qsEV18vSielLfG/W14XCvOJTJRMVE8ibrWyg8r8o1yFqiIV9RAmVE5xq90z8ALbHhgojuL+hRXvE3ym38rQ3WNEdt89gaveHpH5EA1pugu4zh48Ur8Ktn+PLMx3S2xPXNFNPZHFEU4eLiAvPZFDs7Y1xdnuKL3/wWDgDH4ZjPl1iGEdLAkg7AAS/ooBt4GI8G2NsZ43B/H08+vI97B1voBwwO40giBs8BgiCA3wnguj4cPwB3PHB4uLq5QhgBrtfF23cv4Ac9DPp9OHDBEQNwwJAAjMGLl7h/8jX2+EJ8EDdbHIKd/xHs6lWua40/eOQHDVw4UMZFgCQhYGVeuXx1/9vgBn8AFJGf0/0qP3x5NtgOV7XNBui7ZE66kdgJBnCCXrrBmSfpJuhs83F0/gxOfwfe7odgrg/AQeWt670YB48WiG9OEN+8Q7KcgvMY4ABzXbDOAKwzSKNA50nkjbTceIckSRBFERbLBeazOZbLJbrdLnzfh+/7lajPNF0YheDZhl4A2hHCIUWMTmtWiSBdV8YkSfLaMMbSMinuNZlM8PTbb/H7L3+PZ8+eYdDv4yc/+QSPnzxGt9OB63mpADsOPM9DEATodDrKzc/iXo7joN/v4/j+MY7vH+PN6zeYz+d48fw57t+/jw8//LDYtGOwJEkQLpfgAALfh0Puy4G0D8X/pTuaa3Lk5euRthNPswHnHDGPEfM49wfOOVzHxTAYwGEOPtl7goQn+O7qBSbLKf5w8Uc4jotB0Md2d4zb5RSzcI44ieGAwXNceI4HhzkIXB+7vW3cG+xjp7eN89kFLuZX4OBwwHA4vIf9/h6OR4fo+72078DgMhddL0DgBphFc0RJhGUcIowjJDypqe/GNvanbTwB6Fc48ZFRRHxOxCQx4zSyR5IkyDdJA8XYRpFfKiu5amb50+MK5Fn5rJHV5wcUGm+Lpvxyq/LyRK2IvCDKW17Q0HBxuQ6bNhNJL6wpz6tsKGDlh/Ykw0qrNu0mmn4VlDqsxBX1yAdF6eGv4JxkqOTaG6yGqyxI6zZQSOXVR8iRECYUuVvwTDNkLhVX/YHEZEa5KDsah5oXyXRcgRywjtQkUKQXA5rkKypNeXt9a4BCaEocxXEVF0Y5aecmt1Pevg0KP6K8DkV6ykXRs/JWONdwg9FrdFzkbZIfbcQPpV5zVCLwmzjKXPRYMWpUXIPlB6plB2n0TvvAMmD9A6IWi9aAxKXzQu84pI0ShIurKc/1WjMMdUiuK0qn4zUeWBqgtACi2coF0EYYFcg1XIe6dJYIS54PjqYTMlW7yTzP3sSxdtMNr1peUDU2bSZTfgYUVpqucf3w12Yg2kTRRvKJ8uO1Rv/QhGuQc5giQoNyko9W/2zxvc9XxWkNL/dwiQv9Ew0q/CrlRB9b+xv9ma/EOfTvdXl38MwfufRMVOmr0sGMaKtjVsjRfr6qwaJaljy3plxhqwhKXZ5NUFGcprzsbw3RVG06PgiKepjmC2oz1DDXraKCai6h0DfKBfKGWKe/UkuZeO0DtMn8tKLXoq0secMeqjO7+QHRP6GPlItknBM/4/WIehR1tOLixuK4xQAw6qtpfqqbr5ZK15JzWL+uUPeouEt+oiGu04wCqEBTdorupryE0PA2yMXGdzEeqlwsQBRr72kDUF4UWsX1aKtjrdBifmrS70q5iD4X/qapZ26rcqlZKG/pf2kevMiLcKFzJS5laqN/tchlfbZEkZ5yoUBZeYU+G7lBQMzzV6k1JPev6p+G195d6g5bJOmk0tVypbURFmEm/aZchytYZbhkOka5HsV3AgVHpgo847yOK75HcMUP3Gu4Ei3mc9q/sGean9rOV406LPpCzSFz8UJAubL6Qp8zs50vnD5FEkdwPvo3QH9HkaBqj8cejroL/N/fXOB/m4VIOIfnu5jPpoiiJTzfhes6uLq4xj/+0z9hd2cMxoAwSgDHg99xwZMEvU6A4aCHDx4e4+c/+ykePjzGds+HF9+ALedwWFovxjhcrwPP9eH6HSTMA1wfyxiYzUIMRjuIEobLq1tMpmfo93rY3e5B7JHhnOPg/A84XN7AKxrUbOEM7OIZcP06T2LS78KdNDzvH07KQARL6CkRMM5rLzfr5wY3eIcwmU8QX50CDdNt8G7iKrbZAH2XjDlpFOXOAE53BNYZgMdLIA4BzsHnN4hOn8IJ+unmaNcDC/rZRuj3aJwDPAJf3CK+foP4+m0aAVo8GR0fTncLTncLcAuX4gBE1GTwjFvdL02XJAniOE43N4cRorgckVecn0wmODs9xcX5BZbLZXZP/WbmPGJ0EkNEKqYbm+vSJVk6AABL54FMcf1iscDJuxO8fPkSb9++xd7eLpIkge95CDod+L6fb6BO510MUZTW0fM8OI5TyZMxhn6/jwcPH+Lk5ASvX7/G6ekp3rx5g6fffotPPvkE2zs76PV68H21X8RxjHC5xHQ6xfX1NRzHwd7+Pvr9vtQFab/lKP5d0z5Fuiyadt73KSZc3gCdXw0GhiCL5Pzx9oeIkgjzaIGT6RlOp+fwHA/b3TEO+lMs4iXm0RwJT+A4DnzXh++mG+Ndx0Xf72G7u4XD4T5OZ2d4e3uCebRA1+sgcH0c9Hdx0N9Dx+tA/BbTYSyNAO36YGCI4gjLeIFlvNxsgN7Yj9sYK/1omeeHi4NC28R58UPWdAFXLGiwfB1A9YGtdEsU6QFGOH3PTn+8UPyAW0SaKrgoJBOJ85wBXsoZ5E5yBbLjphUZVQVrFkgY5ZoIC0ZES8w6IM2miKBTQtkXym/MkBdbVZxunrdGaDg1XfeR7qrl1WR6ZBquxRUjRDWJrCXQqoHF+G2JYgxRDjXPURUxx4SlUhs4U3Na3Qpva9aOI6FFdjkv6VYDNxC3Y4oF4Tqu/eCmR9mzjQvENGJMbeSCmustG9wqQlhF76hOyt5MONNwpuISKtOX+17J2zRHE9MVQIO5f0LDFXpX4pyRx6UFV+anQWnAlzgz8xLa6uma9bocD0bm2Xmhd3lxNRwaXtFTgm2GZ6m8Bmvob1q0tcr8IPsxcB230k9LZM1R9nSjvjadrxrmp0Z9Lc3v7Hnh3Wr9a+p/JSxuZz39FKadH6zb/3IudABEF5B1n6QAlMNO/1qhKV+BQp8lLuoh9LrCs8pQboXaeSnqeW6MMMJJ/1QjPipQJGngb5XiGrDij8raKMzwflToQA1XZqDh0vs2UMw/xXEdb6yjAi3mp/n1lMNig0MrwaE6KfcW4aUFEIlzoLRA0vJ529bftMOrKdpM/+XCVuar9ePXevxrBlQRgS/jIJyL9a8yb/UXTWyQ6q+FXov6iHRqrmk/w/OnytHITM/TxnJuwpbzBZB8Cl7WN1Z9QEDWOy1vOb8yzd+K+arEpfTvYz6qTF9zn6Its/WCrHg0gn9V7zKuNYVDGgVQgzV3qOWrzE9t0PL9DpRDzY0N9J7XGyv6KvSXlXmTv2Ci1NEKZsXV6jS0XG6puvVam+Zt6n8ms3q+ruR/JhTvgYRDw6me0vdJw3rdyu+vDdcfG/8Fqjbz07w6Qr/z1oC0HVbNpQ6lw7GWFx3QzNo8xmqsUhw6nIz+J6uJgsPALb9DQOZSDrJnK9F6wmO43nbEkvLq/gJViUPuLgNnGl6+rf77lziOAoWV+OUL8Kcx8PAXYOND2Fi/E+A//vw+fnV8jf/99yf4f97EiMMQrutguZzC8xx4novJZIIkjjEY9rP2cNDpdNDp+Njd2cHhvT08fvQBHj95gvsP7mPgcSTTc8yuzrCYTuA6HbjgAHMA5oE5HsKYw/U9TKcLOJ6Pw/sPMAkdOF6A5y+fgjHgL3/5M/S6PrbPv8a98AIBYygGJvQobHEDdvEM7FZszhTrZzWo+Z5c4Tp9XHF+usEN/ilhcnuJZHKVqukdKM8GV8QVbbMB+g4Zc1zA78HpjOD0d+B0R+CLW/BwDgBIFjeI3n0NcIAFA8AL4I6PvocN0DGScIFkeono4iXiqzd5mQCAeUFa3sEOmBdI6bKNswmvHFOZIyIhd9JIyI7rYrFY4ObmBtfX15hMJuj1egiC9B5i8/PpyQmefvstnn33HSaTCXzfr43ozJMEcRQjimIknAOcI4kTxEmiLVta9GzjdBTXXicsjmNMZ+km48vLSywWC3z5u98hjiPs7e2h3+/DcV24jgPmOPA9D51uF71eD/1+H77vKzdBD/oDfPjoQ8znM5yfnwNffomTkxN8/fU3ePLkJxiNRrh/fIzRaKRMHy6XuLi4wLt37/DixQt0u110ut18AzTP6sp5uiE8Ef/mHHUvPEW6NPaz/PtejnTzc5RExcZzkXd2Zd/v4YOtYwDAPFoAAF5ev8GLq9dwHReHg3sYd0aYRQtwcLiODz/7z2FOOpVnwMAf4OHWMS7n17iaXyOMQwz8NIL0Xn8X4+4YgTRmHOag46YRoBmAKIkxjxZYbDZAb+zHblxa5ewH+wAAIABJREFUws7mEzz/Hyjf1Sooz0lQSG6ORdYZZ8VxzksBG1iGKCEvc0lX5JKIcjO5HuRfqjPFpl9e5rzgcllrI9BwoHVEBQ2K8pq4FuWOUiGg5uDlzmcmrmhqRe835sqIJuJexS/hq5FBMg4JefGL/MYRSVoiTFwXuSSPXCCqrlig5YoFVhMXqSlfE+bawS25bDp3qL3hezbD8KogTUvKy01cJKVci1QFDDwb54UM8FpEnl6MdwXXoNA3uSQqvhKqdLoO5fRSu2sjKFC9E6Z0YNlsnLNG77glVy1YUl6HRYVBKowmOqZFUwSTuogmQocpl7AYR6L8WfNQrliSF3er6Y0qN7t9GeXWEs1MeR2K9JRXalPPtWara6rMdA3WBNdtpLzGyKJUH7WcZ37WEOX0CoQllypQKplqvlriqEFJ5/SIMgdIPvVcmNY/a/1Np3cKLtqm6QBb9wxI94DXIJ0HlvR1LfNV0VwteXm4qNywzKHmcvdI1TPz9faO/jVGg8IqXNTxrugd5Tnyei5nUNtAam6rY63RMD+tXCenl8pr+ksDlRcUFHpW5tXz4riScw3nlKtQbLgR/iY21gj5qnKhfznPasBQrdFaRpRB37S6aDs/XVGvC+/WcK7mxbzUwKWWtGmOCsrpFQhLrjLhR4LouHKYo1335Okt9VuYiVcqbouVBlE0UKlghFv3REvUrcvR93Cib6IDV/0LUqvqc9EKopyiuGWueg5VuiPzozxHo78RfaR6ac1rkNejGMjKiKKr6Nv7np9WBEjDc1NwxQBf//pWQ7QbVtX5qvgfpuAaFNWX81jz03Xl9QadO2ndS1hj/TPxhh1DXzAgVZTyOjR4zMrzV9P8NK+OSIcifWk4qnllHIn0lENlZY8UulbLOZOaz6x/yg3hlNehSE85FHpaw1vPT3Xz1coAN01wxIASlxO+LtMMJy2Xqagm5XUo0rfUa1rsnF++AsI5cPxzsHuPa6ss2+HOFv6n/24L/+PVNf7um7f4u9cL3IQMnu+i1+sCPEEUxwgjjm5vgKDjo9vtYf9gHx988AAffvAAR/cOsLWzhW4QwPNdwPfAOkMkFydY3l6B8RCJ5yNyO4hjB51eH9MQmMxj7B4ew+sNkfAI3O8gdrv49qvf4zO8wp9/MEbPdZH6SoMGmpyCXb4AZpfS4Yb6Zql3jbGpXm9wg3cQk6tTJLNb5HZHyrXBFXEF22yAvkvGHDDXg9MZwB0dwB0eIJ6cA7gFwMHDJeKbE8D14fS3AdcHc30wx0s3QTvuesvDOcATJPNbxFevEZ4+RXz5Csn0HIiWotBgXgfOcB/OcD+NTC2SA0gSjjwSMIp/qzYQM8bgOA76/T6Ojo5w7949XF9d4fr6Gn98+hTD4QCT2wlGWyNwzrFcLHBzfYPXr15jPp/DcVge9fjm5ganp6c4PT3F1nicbyhOq8URRVEabTnb9BzHMeK4fmMz5xxxFCGWIlHzhOd1pOZ5HkbDEUajEVzXxc3NDX7/5Ze4urrCzs5OtgHageOk//mej063g36/j+FwhOFoiOFggOFohK2tLXQ6HTDGEHQC7O3t4dFHH+Hm+hqccywWC9ze3uD3v/8SCU/w6OwM+/v76Ha78LJI03EcY7lc4vbmBmdnZ7i6usLk9ha7e3tI4iTrM571XNa3KOb35XNqfxF9y0R/MgbGWBr9OUk3mSc83ZQlXpSSLFq373oYd7cQJRFulxPMwznOphe4nF/j5fVrTMMZDvp7mEcLxEkCz/fgux5cx81f4hgYen4X90dHOJ9d4bvLF4jiGPv9Xdwb7GPc3ULf78JlxVhxmIuO10HX68B1PAAcYRxhGYebDdAb+3Eby/5HWnROf0iQbbPkHI6TLkw4ZOGivIKG0gIGxBu08henqvvzZli34FHzRZ1GVLGKIFrUMDsOSW3K560jhFJEPULHLZqjlLjpnNFUMIKclctYXl4reF48EZGD8rwbLHgpX8sITBKm5Tfwpg1BG6RlxJVy68m8GHNZcZtxaLgJGw5PRvzN5M/aC2wHSEOzihBKNxygwQc01hKl9OJOVgvCRL+s0CggtEMVHZzpHeWs5ACFXlK+qr8xVXFskBwwcbMDG6zSrMzMa25Y6Gv6v5WIdwq9UyKaRlwS8wNdxKUCRT1ynpVP5FOul2WHaB+gpL0oJ+1X0Vcbd1+Dv1V4w+rZuqN5fiB0QOKlXAycaXh2aO0RQqX5pzU2yd+kr1LHF1w0QY0e5gcNPJtfVnidHJMcVdzoj03RNn/L8aSfrxo9nNCWA0xTg4q+ighLhFtFCKXcBi30W9SjxKV8aturMmFnpD8oJ1k1fJ9o+rxt628VbqPflAMoZnoarr2hoQC28y3y/krnb8oIoZRL+b33+aoSxd0VXNI3GjG0+AskUie/5/fXipxosst5G3/T+Z8SWZlbvt+BcpJftUYabPK+SrkF6iKEUr56BHuUeT6MzFxuKVlPKW9Qba2/NTab1zWpbLr5ghaZCbORTDk0HIQTfbtrEULp9RxqPdVyq3mqqI7Q6xq9pJzxdsMTVW5lDZvbpNcVNaLDyeh/rJRPRS9NPGuo5n+xrIzQ8bYTbGi4CYkDrD1CKOW5Luv9T4kouDDqLgzS8KZ8Tf5XsYpD1iONGK+bLzIdz3UOmX/puIRgUj4GJDpm4nYvaDXYav1RbuwyF3qXc6bmqV/V8Ga1kOYLFsXPEtDqWLlfw+Gt9U/jDTJGBqCOM5mj8FgjMg03oS49qXiFr/h9xWKAk+ZkpdPFfJVwlPk6/a2CTfKXCkebo5bLiZqYan1R5pNz8Gf/CMxvwB58BjQI5ngw3sJ/+qst/CcA/9+3L/Bf/7DE3yUxBv0eeMIQc+Dg4BAHB3vwAx/jnW0cPzjG/r1DjLa34PoewgRw4YG5HoJRHyPXxw1zEM1uwHwPrt+B5wWYhwlOTq+wtXcPuwdHuF0ssYgS3F++xr95HOPnh4/0DV/fQGBXr9LNz3lQydKALA7VcWi4oQC65YVaOddUc4MbvIuIcIH45hwI0z2LP3R5Nrg+XNU2G6DvmjEHLOjD3X4A9/YUzsULJOw87XGegMcRksk5wte/BZIITtDLIzCztW+ATsCjJeKbd1g+/xzhq98ivnwJvpiAJzEABjAGFnThjg/hbh3mG6DzSMAiEjMAzpFugE30m0odx8F4PMaf/dmfYTab4svffYnrqyv8wz/8A969e4cnT55ge3sbcZJguVikf+4iibGzu4vHT57g/OISZ6enePP6Db7qf4W9/X14nocPHz3CeDwGkEYdjqIQURimZeQcURwhjoqNzerm4Ijj9Ndlon7yxun840Nmw+EQj588wWQ6xdu3b/H06VN89fXX+Prrr+EHATzXTduPAQwMzHHgui46QYD+YICDgwM8+ugRPvnkE3z285/j4OAgb6NOp4PDe/fg/+VfYjAcAQCefvstfvub3+Kbb77B8fExDo+OcO/gHobDIRzXwXw+x/nZGa6urzGdTDAYDPDxx49x794hut0uwJC3B1i6GZ2Bwc38SkRtrnUZiE/GDC5z4GUblDnSCNAxj8HB4TouXOambZikxxgYwIBBMMCH4wdYxHO8uX2LeTTHNJwhjENMlzMkPEGYhPBdD77jwWVuqd27XgdHw3u4mF1hu7sFxhgebB3jeHSEQdCvXO86DrpeFz2/h44XwGFuHq06MdZ4Yxv7EzYOlBbVWcY5cs+nv2hPErFoLxajOMqyycXR/DxKKF3JgWKTXDXCUnqgjJzxbIFGfb5yP67htkjqJfPyRMzEoX6hNCEME0FNM+RIryPphZm40hQZWkcAkdpEyW2R5tcIix7iMs3LLTpCHFfwcg9X+SoRCFZFg4O12jBRiQQh/EsXIULk1o4LKzW3VA1jMxjMGCE01z9xmMunJd4COWCK2ATKST4V3ljfVkUUvFZwNNxk0u1EslpOkq40iuqHj5VeC8t5dlD3uNI2r6F5TFzcq5kc0ae4gmer5JyruciQE31b8dMUbPSt1YaJNep15QOehqdXazZEaKtDN0xokJuQk+HIs9LV88JqOIdex3S6R/SsecQlgqb8CKIJFw2dVxaKhidcWEX/OGk+wlvqQyMr1afwNzrcSlxQjf6Z/a++uWwf70pO6tNGZireTfrMpH+5XlIOmbdESRA403DThEk3YTfp3Trmq8JhRI/VOlSVF++gUvfyKl/N32icsQacA6YI68ITKlwojuH9tRIhlHKNjjWan1LeBPO7c6kUUrny4mo4UDq+VltFYHTl4vYobkOLY108Mawpb4Km6mflpfPVlEslzk/a1KjgdASXuKRjrSPgcw23RJD8dNxe73QdoDmfm8Yhc3/ScLnpV7RK72U6Vq4eJ9UgnOqlmH+K47whoh5FxU28GJD1WJm/koFd4cZ5Kso8T92UK1BqaOvHt8ka6Nvarc1wUyQvcbtut56PVlVC9YN5oddiYIjxoeOyHhjuTOZrjf5C3rrRQq9189VcX8X4sNU7yrVm6/CSKZudOgbhlXsQLs17hK6peaFr4gJZ51ohh3F+avqLlaI+dL4q9JnOVyuoa5dS7mZezE+ztmOUa5DcvYKm4muqsxb5ay44dnk2QYvimXihd1TOxA+BanidfkL1PaIeRUqGem77gNHqmO38VDdftcW8re04tLxcPevXe5OR97oKX0zAn38OPrkAe/BzsK0Di0zL9lePH+KvHj/E/xyG+PLlO/z21RV+83aGZOcAP/3ZT+H66V+W3xptwfN8BEEXzAGmyxhO4CHwfYRxBKc7wmiXI5x20yCPSYIEDNc3E/T7Qxx0GNi3/4Dd6SWOwxk+2weAEakfQZ0tb4GrV2BXr0izUn1NTei1uFD7FyopN5hWx3S6p6nmBjd41zCZXiO5uYBsd6FcG1wfrmKbDdB30YIenPER3MkZnNFTOPOrdNNxHAI8Bl9MEF++AhwXrDsCj5Zwx0dwBntwukPA74KxdHNtM+MA5+BJBB4twec3SG5PEL77A8JXv0V48i2S6WVaDgDMDcA6AzjDNFq109sG3CA9xxh6vR6Oj+/jk08/wfbODh4+fIitrS04jlNbitFohE9/+ik4OLqdLt6+e4ckjjG5vcXZ2RmiOEo35bJ0M/BoNMS9w0Ps7+8jiiK8fv0GcRxjPN6G53pIOC8tpgdBgN29PTx69Aicc/T6PRweHmIwGKSbkjXmOA78wMfu7i4++eQT7Oxs4/79+zg8OkSn261c77ouev0eRlkE59FohNl0iiRJEAQBXM/LN+KK6NKz6RRXl5dYLJd48eIFTk7eYTqdYTAcwvd8DIdDBJ0ArutiMByi2+uBMYb5bIZer4c//vEpptMpptMpLs7PwcAwm03huh6iKMRkMkEcRQiCAOPtbRzdTyNtd7pF5O6B38ej8UMwpBGcj4b3sNvbRsfrwGX6vmPMge/4GHe38Gj7AwRugCiJcTw6xCgYoON1cDi4hyiOsN/fRd/v43B4gGEwhOekUsTA0PEC7PZ38DB6gE/3L9D3+5hHC3BwBG4ABoZ7g30cDPaw199Fz++WyuU5HkbBEPdH9/DJ3hNMwikeb3+I49ER+n4PNCpKx+vg3mAfs2iGrteB53g4HN7DqDPIy7Wxjf0oLfuFsjwkWH4qW2hI12NLCxgQabi8oCEvXEjXkXTyfdJ8axY48p+im7iE8g4NE7b4YphG0Ug5K7+Blmqi5Kwlog5Fn4lIEQqedaSSkz6RGTNNM1lLtLTcb0h31XafOE25EmlEE4o0womGS/nJTcOliqfjQHQO4euKWECR1SONUFM8G3MPqkdVxAglSudF7pSX8i9zYUxTvXX5W96RlNdhXjjCa7LLubH7RaQ9wvPbmT+wmf4koRgoRcS9zHMJt0JdRBkTWubfNGJYKYI/5VDoJ+XZ5h/DMKoiyggdb+NvOv+zMVIwSY40nEQ0QVXvankWcep9RkhN62PmJTQKhqGBLJHl+i1yVfP8rrkO6zhFkr4pGoZjbYARG2tbsNzoACFneflHx1YR/JUf2Foi03AJRcOVOKrcClvMV8udYXiAkQ7Pf5zI6nnhv/Xdaut/tajIBzquu6C1P1IjF5CIWpQXEfgkLuUjdI3yOv2zQnq9KV+Bkp4JfdbxHJs0bOWlkDpQPa9GuIWSr9vfrJHZIaDhMJi0YSrrMDMv5VqvN3nEfspZma8WIbp+fmrCkp7Cnlc7uIZDw2snYAymF1Db563Rvyhvirr8aY2I+9AIgkr9K+fQjLetUJaPTk9zbjM/pSjyodwGFfosilPm5Lxte+XzVcLX9P5QuTtxlHX5W46r6DWDtD4njtfzIqOGBWg6fxN6ms9X0+O6H6RzSLrXRE9t9blWr0Vpy1tyhF7nfS9zDml9AWp/a+F/9o6TAZUTU3Ztul+kpxwgaqPguvlMhav1zYgrvr+a5nNGfbWdn+rmqzlCzXNdBtHpghf+iNLrUH6+iTVs/orDmbLXyJFpvqD3PzFyNTz/ztCQk/xkhShxqwV7gpUOa6CvZIDa/gWqXI+VOirVTrmeKoqv4SI95ZX8FSj5kYmX0NaavQ6om1syevtK8Spyxux4no+Oa1DzPaK6PqfgNrji/NSEur84Jcpv/xdSRbcZOGuOkErc+PEu+9PFM/D5DfjhT+AcfgK4zfdeBL6PX3z0AL/46AEAYLYMMcMFbriH8yUD4iXYcgx34aEzGmO6iHBxeYnxzi66no/l5Ab+co5BvMDy8i2cxS0CHuMTBngJB7uRHyBoPX7Y9Ruw69fA7AqybuowVwyib9oI/m3np7r5qs36ouJ86Qfqm/Ob89/Teb5cIJlcIlnM7mT5NufXc35VY7wu5O3GfhDjcQi+nCI6+RbzP/zXNPLyxXMks+v0AsbAmJttPt6HO74Pb+chvIOP4d/7FM7WIZjfBWu6eZMn6ebnxQTx5Azx2XdYvvwNopNvEV+/RjK9Ao+XQBIDAJzeGN7uI/gf/BLdT/8W3v7jNAp15rhXl5d49vw5zs7OMJ/NMRqN8PjxY+zt78H3fe1G6OVyidvbW1xeXODk5ASnJyc4PT3DYrFAEAToD/oYbW1hvDXG9vY43Qjc7WK5WODk5ARX19dYzOfo9nq4f3Qfe3t7GG2N0Omkm3xvb27w6tVrnJ+d4eb2Bp7nYf/gAHt7e9jZ2UGv11OWKwxDzGYznJ2d4fmz55jNZugP+tjb28s3d8t2cXGBp99+i6+++gq/+5ff4fb2Fjs7O9jd3cXO7g76/X624ZohjmNMJhOcnZ3hxYvn+Prrr3F2dgaA4aOPHuFv/uZv8cu/+At8/Phj7OzsQLwYJEmC+XyOy8tLnJ+d4/T0FNdXV5jOpojCKO0nx4Hneeh2OxgMBugPBhgMBhgOh9ja2kJ/MECn04HrppGaJ8spTqZnmIYzMDD0/A7GnS30/T5819dugk4jM0eYhjNczq8wD+fg4Oh6Xez1d+Ewhqv5NWbRHHESw3VcDPw+Bn4f/aAH30n//AkHR8ITTMMZLmaXmIZzJDyNGu4yB2AMCU/QcQNsd6vl4gB4lv58doEoiTEI+uj7PfS8bmVT8zJe4npxi2k4xSxawGEsLVfQT/PebILe2I/UvvnPv8r/XXlXF4sIOUf12tIxpr2O/ju/igMlORHzGvrCCImjyks5GyZG8lnd+6uRs1Lx9Gjx/phfT7klyvWq461M1wBtCrjWAjTlq7zgZ9dTfgew2ABGuPwCkVPDAi3UH7xWLaWwVv65yg3ugv3g4+c9W8P6CH2jyU38e8MGwz/n79VW1D+trsFc4buIVg9UWh9hTRWp0D8TX6e/Wc8XGtfme5CTH5u+UfsTq59RLVbxP40/tm2edv6q0btKBUWGCn4XdG2teqd5YK3cA2tQFF13kerS+cId6Y1q7WuaW9v8KzTfezedYLRxn7tg77k+Rn21uF0j1MmZFosSVTgA/v3XoIw6AWijd9/PiG/GbQRMl3wNZtu7lLf3NwVqqr3u1m9l/xr1TVe/O2hW84NafxMbGVflFKl+Wv7g5k7q2wojsLSgQzvAkt9la9g8d259y0K/RYIfZn1rRfuR6d33XR+hZybeXB/b/6DR9MOeRnq7bmy0IEIH0B2cUNzF8cMcYOch2NFPwbbvo9FGt1b1EZVqcJ+2Nr8Cbt6mG6C5xd8Xv4v9s7GN3VXjHMnkCsnk6ocuyca+B7v4X/7XldJvNkDfReMc4AmiqzcIX36B5ct/RvjyC8RXb7Io0OlmUDAHzPHAeltwtw7h7X+M4PgzuDsfwulvwwn6gOtnm5JdwHEAsPKDn3MgidONz+EcfDFBMjlHdP0G0ckfEL78DeLLl+m5JJLu68IdHyP44JcIHv4S/sNfwN06lKrAEUURptMpwjBEkiTwPA/9fj/f/GzaqBZFEebzOa6urnDy7h1ub24RxRH8IMB4PMb29jZ2d3fRy6Igx3GM5XKJxWKB+XwOxhgGgwE6QQeu5+YbrqMownw2RxgukSQJGGNwPQ9BEKSRmTVRoJMkQRzHCMMQ8/kccRzDdV34vo9erwfPSzfKxnGM5WKBl69e4Z9//Wu8eP4C09kUg8EQH330CEf372N3d1faAA3EcYLJZILT01M8ffotPv/8c3z1+9/jxfMXGI/H+O//w3/AX//bf4u/+Itf4uj+fWX7hWEa4fnm5gbXV1eYTCZYzBdIeALXcdEf9LGzu4vx1haGoxGCINC2fYIkewku34MZJompWykkJUsm5KaUr+I+6eE0cjfP7stYcff8Pqy+XCJigbHctMyGfDe2sR+Dff1ffgUnW9BwWDpeCi5vsMzeQzWcc8Bx0utFegZA/gWqvFETkN7byI5n+htlQPqla64G9W+CaRHVCxissoBhQM19inILe99cYXf8Bbno7Xpet0D7vj+w6ZpnLctVd7x/Gtu/svooI4oWkwNpwVYka7hAvAaUdTOP6Ez5j3kDge3t7oIZBVCBLbJrkv1KuIpeC/fL7E503yr982PzN6v62Hqgmhcf3NLjOl75oEa5zQc1yw9s3/8HN12DawaMltv01w9sf+Lzh4o3F4/borts9e97QmFWw/tPvH8q9t7rs5r+6QuiOd/wgVvMVy319ftGaUDQiKFanlsrD3+/thk/7+X2Jm6NzYbPSvuXv5fuvfP+1lAP2+y4/t6fqGY9zflaNoCJ3Fblzfx1Mz/QoLC7WL+GAmm7YfeHRGFCDor5gOXwv8um1bsafud6iDpUQ1xFX1H3g/R2+ljCFtXJ04vq5aW7A/LRxn3ust1x/dY1N+XG4W/jby1R2HtpHmMBavStOwC2PwA7/ARsuLNqSdZjbcdPNAO7eQd2/RYIZ5YJ192DCl6aABQBkoSAlXnl8h9kPWuDG1Qhn94gnlyBJfGdKM8G3z+er7gBehPa9C4aYwAcOL0teIc/AZIQyeQs3Zw8vwGPFul1nKebkuc3iJMIPJwhmV3B234Gd/sB3OEenO4WWNAH83tgng9kEZrBAZ7EQBymm5uXWdTnqzeIr98guX6H+Cb9j4dzcB4XxXOy6NOjA3gHT+DtPUo3W5eqwOC6Lvr9PpIkKR2z2fwMAK7rotvtwnVdDAYDRGEEzhMwx4Hv+/mGZZGX4zgIgiCLdtzV3s91XXR7XQSdAGICxhiD4zjaqNQif4Ge5+WLVo7jlDZNLxcLnJ6d4em33+Lzf/ocN7c3+PSTT/HkJ0/w0ccfY29vD51OB57n5eXinGM4GmK8PcZolEa07nY6uL25RRiGuL6+xtXVJeaLRb5pm7ahaKdOEGC8tYUojpHE2cMga4sgCOD7fr5ZW1tXONKfB7I3BqD2F3tMAKscq17KkP0/TWG+j5yHhdn448Y29qMzDogfCXBxKPu7VgkvPlKWXrbpjwUyLg4nKBaVwIH8z2ZDRoYiF9X5vHAAa4ilaZIiX94Q68pXbogKFyXJOYf0QsnJgoaGkxpVsGkzKVoILXheZUMBOeUkw0qrNu0mmn4VlDqMuhKtRzYYgNIzRsE5yVDJtTdYDVdZkNZtoJDKK3gtwoQidwsutEjiUnHVH0hMZnAMThyNQ82LZDquQI5Ub5ugSF/SO7lcat5e3xqgEJoSR3FcxYVRTtq5ye2Ut2+Dwo8or0ORnnJR9Ky8Fc413GD0Gh0XeZvkp4IivVKvOcSfkeXckqPMRY8Vo0bFNVh+oFp2kEbvtA8sA9Y/IGpR/QFPOi/PvZiGi6spz/VaMwx1SK4rSqfjNR5YGqC0AKLZygWocKJvnGu4DnXpLBGWPB8cjeerinaTeZ69iWPtphtetbygamzaTKb8DCisNF3j+uGvzUC0iaKN5BPlx2uN/qEJ1yDn4KweQTnJR6t/tvje56vitIaXe7jEhf6JBhV+lXKij639jf4MQuIc+ve6vDt45o9ceiaq9FXpYEa01TEr5Gg/X9VgUS1LnltTrrBVBKUuzyaoKE5TXva3hmiqNh0fBEU9TPMFtRlqmOtWUUE1l1DoG+UCeUOs01+ppUy89gHaZH5a0WvRVpa8YQ/Vmd38gOif0EfKRTLOiZ/xekQ9ijpacXFjcdxiABj11TQ/1c1XS6VryTmsX1eoe1TcJT/RENdpRgFUoCk7RXdTXkJoeBvkYuO7GA9VLhYgcp41AOVFoVVcj7Y61got5qcm/a6Ui+hz4W+aeua2KpeahfKW/pfmwYu8CBc6V+JSpjb6V4tc1mdLFOkpFwqUlVfos5EbBMQ8f5VaQ3L/qv5peO3dpe6wRZJOKl0tV1obYRFm0m/KdbiCVYZLpmOU61F8J1BwZKrAM87ruOJ7BF/DD9wt5nOV93CR3jQ/tZ2vGnVY9IWaQ+bihYByZfWFPmfWer5ABo74x/wWePM78OvXwO4HYPsfA4OGG6Hb6LVJv5uMn2gGdnsK3J6Aza9J9ivotkApw3z9gHJhpu8r2T+K9SzKlZebu3eDG3yPmMxukUyvwaPwTpRng98vrmKbDdB31RiDE/SArUMnoKxsAAAgAElEQVQgnMO/eQfEEaLz50imF+nG5yQBeAIeLcHjMMXlFMn0Au7tCdxBtgG6M0w3KPsdMMcrJl5JnKfhixskk3PE128Q354imV6CL27Bw0UR+dlxwdwATm8Md/sY/uGn6ebn0QHgdypVMG0oNjcBg+d58DwPvV7P6nrXdfOozKZ825iojy5KNADM5nO8fvUa3/3xO7x48QKe52F7ZwcPHz7E4eEhtra2tBtu8wjZrovbm1v85ovf4Oz8HGEYYrkM0w3NlQ8BRdmcbHO4ubXM9j6iHzffUL3+MmxsYxvLjJERxkpQnGfFMfr+W34PZvl6AP3AVrm1OM6L+3A5f6D4EQYrc84AJ+Mg51Mi8hM5CSO8zQcpaeGCVUtcQno+j2TNytyIaIlZBzDRxln5Syj3dfmNGQz1PP9aIDuHDULDqem6j3RXLa8m0yPTcC1Sv61yuaoVbr5BFa0aWAzklpilZ5RDzXPMytkIS6U2cKbmtLoV3tasHUdCi+xynnWrOGjtBuJ2TLEgXMe1H9z0KHu2cYGYabgJdelN+kp0WcfLekd1UvZmwpmGMxWXUJm+3PdK3qY5mpiuABrM/RMartC7EueMPDYtuDI/DUoDvsSZmZfQVk/XrNf0/aair0Lv8uJqODS8oqcE2wzPUnkN1tDftGhrlflBqmO13Eo/LZE1R9nTjfr6PjZQ1SArze/seeHdav1r6n8lLG5nPf0Upp0frNv/ci50AEQXkHWfpACUw07/WqEpX4FCnyUu6iH0usKzylBuhdp5Kep5bowwwkn/FPNQrNXfKsU1YMUflbVRmOH9qNCBGq7MQMOl922gmH+K4zreWEcFWsxP8+sph8UGh1aCQ3VS7i3CpQ0FJc6BygKJInvT87atv2mHV1O0mf7Lha3MV+vHr/X41wwooXc5B+GZblHeCKV8rfWa8hoU9RHp1FzTfobnT5WjkZmep43l3IQt5wsg+RS8rG+s+oCArHda3nJ+ZZq/FfNViUvp38d8VJm+5j5FW2brBVnxaAT/qt5lXGsKhzQKoAZr7lDLV5mf2qDl+x0oh5obG+g9rzdW9FXoLytz6/mp9Xw1K65Wp6HlckvVrdfaNG9T/zOZ1fN1Jf8zoXgPJBwaTvWUvk8a1utWfn9tuP5YBPkq66m1vtrMT/PqCP3OWwPlnxsouNShdDjW8qIDmlmbx1iNVYpDh5PR/2Q1UXAYuOV3CMhcykH2bCVaT3gM19uOWFLefP5axyF3l4EzDS/fVv/9SxxHgcKU3Ma/ZlfgL67Az58D42Ow/Udgo32AWewt0o2HpmhrotyLCdj0FOzmFFje5vOd4jsEMn8rRn4r1HxPrnCdPq44P93gBn8QjCMk8wmS6Q2QxAB5T9rgvxJc0TYboO+yMReO3wO2jtB59Cs4wQAAECURksUtOF8inVHw9P+jRbpxeTlDcnOCyOsArg/mdcD8LpgbAK4HxhxwnqTCES3Bo0X6XzhHEs6AaAEeh0AcoYj8zNLNz/0d+PsfIXj4S3iHn8LbeQjWGaQbqzcGAJhOpnj23Xd49uwZFvM5RgcH2N/fw24W+bku2rDjOOj3+zg+PsbxgwcYjka4ub2BH/jwfQ+O69am39jGNrYxa+McCVB63+MoDogfjYrj+XkZeYH53EQ+rrs1WPrcYkijAWSZJyy7b8Y542We5cilnGw4FJwD0qZfXua84FpkAP1FbuuIChoU5TVxLao6SkZAzUE738QVTU0WRFtxZUQTcS85EghTc0jIi1/kN45I0hJh4jURWtJIBaLqigVarlhgNXGRmvI1ofAB4R5GLpvOHWpv+J7NMLwqSNOS8nITF0kp1yJVAQPPxnkhA7wWkacX413BNSj0TS6Jiq+ENjoto5xeandtBAWqd8KUDiybjXPW6B235KoFS8rrsKgwSIXRRMe0aIpgUhfRROgw5RIW40iUP2seyiuCUXxwqumNKje7fRnl1hLNTHkdivSUV2pTz7Vmq2uqzHQN1gTXbaS8xsiiVB+1nGd+1hDl9AqEJZcqUCqZar5a4qhBSef0iDIHSD71XJjWP2v9Tad3Ci7apukAW/cMSPeA1yCdB5b0dS3zVdFcLXl5uKjcsMyh5nL3SNUz8/X2jv41RoPCKlzU8a7oHeU58nouZ1DbQGpuq2Ot0TA/rVwnp5fKa/pLA5UXFBR6VubV8+K4knMN55SrUGy4Ef4mNtYI+apyoX85z2rAUK3RWkaUQd+0umg7P11Rrwvv1nCu5sW81MCllrRpjgrK6RUIS64y4UeC6LhymKNd9+TpLfVbmIlXKm6LlQZRNFCpYIRb90RL1K3L0fdwom+iA1f9C1Kr6nPRCqKcorhlrnoOVboj86M8R6O/EX2kemnNa5DXoxjIyoiiq+jb+56fVgRIw3NTcMUAX//6VkO0G1bV+ar4H6bgGhTVl/NY89N15fUGnTtp3UtYY/0z8YYdQ18wIFWU8jo0eMzK81fT/DSvjkiHIn1pOKp5ZRyJ9JRDZWWPFLpWyzmTms+sf8oN4ZTXoUhPORR6WsNbz09189XKADdNcMSAEpcTvi7TDCctl6moJuV1KNK31Gta7AqvyaA03KeX4NNL4Owp+PAAbPcDYPsBWEcK92fhDlq9W9V4DEzPgekF2OQcLJqXsi/kiHSMTQPY6Jul3jXGpnq9wQ2+J+SLGfh8gmQ+QcXuQPk2+APgCrbZtXqXjTGAeXB6Y8DxwHmCZHYFcI7o+k262TmcA0kEgANJnEZ1DufA7AoAS/NwXDDXTzcpSxGgweN0k3OS/geeqJ2KOWCuD6e3DW/3Q3iHP4V//8/g7n4IpzsE3OD7bpk7bctwifOLc1xcXCAMwzSCdb+Pfr9fGzlamOd5GAwGGA6H8H0fnudjMBigPxik0aEdZ7MJemMb29jqxpAvgDAAYLzMgXxhwnHS54Y2QmiuSeoFivTXyQUv30QUhisxX6ix/QWryI9z1G0Is4ogmhdTLJ3X8OxtnTEVr0HUI3TcpjnkxE3njKaCERS/ABdWXl4reF48EZGD8rwbLHgpX8sITBKm5Tfwpg1BG6RlxJVy68k8O88EohmHhptQPTwrCJmXyl/PtRfYDpCGZhUhlG44QIMPaKwlSul1eqrkRL+s0CggtEMVHZzpHeWs5ACFXlK+qr8xVXFskBwwcbMDG6zSrMzMa25In9aViHcKvVMimkZcylAbcalAUY+cZ+UT+ZTrZdkh2gcoaa/Ke5JOTzNu4+5r8LcKb1g9W3c0zw+EDki8lIuBMw3PDq09Qqhi/mn9gc0Sa/VV6viCiyao0cP8oIFzLjWnxOvkmOSo4kZ/bIq2+VuOJ/181ejhhLYcYJoaVPRVRFgi3CpCKOU2aKHfoh4lLuVT216VCTsj/UE5yarh+0TT521bf6twG/2mHEAx09Nw7Q0NBbCdbxneX5URQimX8nvv81UlirsruKRvNGJosb4gdfJ7fn+tyIkmu5y38Ted/ymRlbnl+x0oJ/lVa6TBJu+rlFugLkIo5atHsEeZ58PIzOWWkvWU8gbV1vpbY7N5XZPKppsvaJGZMBvJlEPDQTjRt7sWIZRez6HWUy23mqeK6gi9rtFLyhlvNzxR5VbWsLlNel1RIzqcjP7HSvlU9NLEs4Zq/hfLyggdbzvBhoabkDjA2iOEUp7rst7/lIiCC6PuwiANb8rX5H8VqzhkPdKI8br5ItPxXOeQ+ZeOSwgm5WNAomMmbveCVoOt1h/lxi5zoXc5Z2qe+lUNb1YLab5gUfwsAa2Olfs1HN5a/zTeIGNkAOo4kzkKjzUi03AT6tKTilf4it9XLAY4aU5WOl3MVwlHma/T3yrYJH+pcLQ5armcqImp1hdNvDzCSzVg4MByDpw/SyNC98bgo3tg2/fBxveAoF8uZ9PxZKwPyg0aR2CLa2B6CTa/BGbXpQ5iXFH+Jj3WdH2xdr1RUZ2s+al818q5fek3uMGVEYsZkuUMfD4FT+LS0L0L5dvgD4er2mYD9J+COS6czgDu+Bj+w78ACwZgb75EdPYd4ttT8GWMTCqI8fRwEoPzBGAhACYpCwc4T89l/1YZcz2wzgDu+Aj+gz9HcPQzOOP76ebnTeTnivEkQRRFiMIQCefI+8E2PedIkgRxEiNJEvieh+3tbezu7KDb7W42QG9sYxtbj3GgvKiecSZ48RGyEokkf14UnOVvT2k+8vkqKgpDkQONQyCgiBwilzfPt/UvzKq8PBEzcbyfBQ5Ts9DrSHphJq40RYbWEUCkNlFyW6T5NcKih7hM83KLjhDHFbzcw1W+SgSCVdHgYK02TFQiQQj/0kWIkLSkBRdWam6pGsZmMJgxQmiud+Iwl09LvAVywBSxCZSTfCq8sb6tiih4reBouMmk24lktZwkXWkU1Q8fK70WJr92Qa6+bfMamsfExb2ayVHxCarwMsKzVXLO1VxkyIm+rfhpCjb61mrDxBr1uvIBT8PTqzUbIrTVoRsmNMhNyMlw5Fnp6nlhNZxDr2M63SN61jziEkFTfgTRhIuGzisLRcMTLqyif5w0H+Et9aGRlepT+BsdbiUuqEb/mk7ftc2nQWFKTurTRmYq3k36zKR/uV5SDpm3REkQONNw04RJN2E36d065qvCYUSP1TpUlQv9K3Uvr/LV/I3GGWvAOWCKsC48ocKF4hjeX7Xv5UT/Srplixz5jzxs56tVPQfJt8yLamk4UDq+VltFYHTl4vYobkOLY108Mawpb4Km6mflpfPVlEslzk/a1KjgdASXuKRjrSPgcw23RJD8dNxe73QdoDmfm8Yhc3/ScLnpV7RK72U6Vq4eJ9UgnOqlmH+K47whoh5FxU28GJD1WJm/koFd4cZ5Kso8T92UK1BqaOvHt8ka6Nvarc1wUyQvcbtut56PVlWC6bkk4On40HFZDwx3JvO1Rn8hb91oode6+Wqur2J82Ood5VqzdXjJlM1OHYPwyj0Il+Y9QtfUvNA1cYGsc62Qwzg/Nf3FSlEfOl8V+kznqxXUtUspdzMv5qdZ2zHKNUjuXkFT8TXVWYv8NRccuzyboEXxTLzQOypn4odANbxOP6H6HlGPIqXpB++2DxitjtnOT3XzVVvM29qOQ8vL1bN+vTcZea8zco0OKHF2Ccwuwd99Bd4ZAv0dsK0DYLgH1t8G/C7AnPWNnyQEW07AF7dgi1tgfpNyqWRN56fm+WtqQq9FObV/oZJyg2l1TKd72OAG3xPyBEm4BA8X6X/LOeiD9U6Uc4N3Blexze7VPwVjDuA6cHpjeHuP0mjOrg/WGcK5eI749gw8nIGHc/B4CSSxlJinAsIBjlh7i/L9GMBcMK8DpzOA09+Bs3UP3t7H8I9+mkZ+7o03kZ815noe+v0+ut0ukiTGbDbHZHKL6XSKIAjg+74yHeccnHNMp1Ocn5/j3du34Jxja7yFo6MjHNy7h263u9n8vLGNbWw9lv1COVcUhhLnAByWLTjQdVgpDbLjQBFBxxHX8SJfVJNlx8W2S7EBMzvPisT1nGBeIE7uRJZQ2nwxlPJX/kK5jrOWiDqU2jBb8a/wrAOVnPSJzJhpmslaoqWJZqfdVdt94jTlSqQRTSjSCCcaLuUnNw2XKs4A5BFRKV9XxAKKrB5phJpyFHdRyhpURYxQonRe5E55Kf8yF8Y01VuXv0mCVOZ1mBeO8Jrscm7sfhFpj/D8duYPbKY/SSgGiiqiv8ytUKfHJrTMv2nEsFIEf8qh0E/Ks80/hmFURZQROt7G33T+Z2OkYJIcaTiJaIKq3tVyLuYDNSjSUW6DUsObeAmNgmFoIEtkuX6LXNU8v2uuwzpOkaRviobhWBtgxMbaFiw3OkDIWc4hvw9bRfBXfmBriUzDJRQNV+KocitsNV+VO8PwACMdnkfwZ/W88N/6brX1v1pU5AMd113Q2h+pkQtIRC3Kiwh8EpfyKb/92OmfFf7/7N13lNzYfSf6L1Cxq3NiN9nM5HAYhxyGCZw8I07WBEkjS3KQZDkfbzj2ng3283s+K/vte+uzx2d97F29XQc5ypLGk5Mm5xkOcxwOM9nd7G6GzqkCcN8fVUAhVgEVuqq7v59zyNu/KgB1AVxcoFC/umWdPt9ytdLQn2n9s1usl342rHUH2RpQ7tg+wi0c41K3N8+l5K0EXGLkYUiYyuyw/LFpqbn7G33EfmssmePiRojOfX2arzT1p/Ae23dwjhgucc4LMAn53oB6Pd/mbV/W2G/ptnzrGlmaj3UEQcf+z7wEf3GhK5RZjlt/qsderk+tpbYca+yldOifteqYY8vzXreXfr1qiUv0/sH26paGUqr2ppfF9NcSIFn6u+w7Y+c4uyCfFfB7/ab1p/r1avpxty+kCxj6PT/9qdf+OWd/rdXWnJKj9df6vjfGAob7C3BubwW0P+8NJ1NYu5N8iytk92vzW2PA0ts4xG7XM7bYuX/LWxb5/jXf9Vze/tXr9anb9apewjnW+2VY+ulsnG2PML0d0p/3w+fmtzW4fIt36Y7yXS+4tz/tyHWJ9c8ZfMaW5Rl7CFPs6Ya9pbTtMB/9q+UA9foLVHp/7NiPGtbO8X6qVn2XWJvfGtuW71Aa2lG+2FR65e/tgPPmNrC+vK16tu5M8hbry3GLXUqXzyPs9+ccYi9lkden+Uq3X5zS6u/9F1K13ZYnlvyXMNTY9+ndSzvzusD4BBCfgBjqSS86FAXCtZBijUC0HojWQQrH0knRwQgQCKb/CTm72UUKECqgJCEpSSAVT/9LTgPJKUjJSSCVyLZz7XMGS3/nqzT0m26l3mNY+jfXEfwLvT51u171cn/R4XnTF9T5/Px+HgDU9GCrQlEAoUIoKUBJQSjJdJlM2JZTNfXn81X3fLGYAD2LSIEQ5FgTpGAEgbpWBNtWIHn1PJTBi0gNdUMZG4A6MQShThXzKtCSnwP17Qi2r0KobSWC7SsQaFyYfv1wLaSAcxIvAdFIFB0dnWhrb8O5c+cwNDSEgf4BXLt6DbGadGK0EyEEFEXBtWvXcPDgQRw/fhwCAp2dC7Fs2XJ0LVqEmpqaGV4bIpqzhPlbpvr7H8k0if6UKTZei1hi63zGt1bZl5IAob2Z1kYLQPqmVObx9ExCn06fCPa4kDK9+GyFPcWG+Yx1dywF4HlEBWvssdQYt6FT7LojXQmnnWbemV7KomjfdIe+r91iocVwil1K4fANfWupTW+NXUrki4Vz7Frm2MDmUdfdPlDTwjw3aOH8gVfeWojcpd4ehf6nY+yy+723r5K0N4dl5OtG3ObLPGb6jMVht+YfoURYXtZnLIT5cWEuYY3hHDuWXhqAodT6N2NNvcSm0qkfzlVqm9sawyEWxvfX1hEX4BwXK2d7MzQgt9ixg9ZC0woZSm09sv0aLP1bvn7Mc5l3BBOX2GN/jXyxLl+HYY8FhOFDHksssnHOZo8cpdvuyVVallPo2umK6d+cllXy64PcE1lHCs07gr811vtLD6UA/I6ACsty3GLPpe0C27009wYO/atDf5c3ztTEFhdYatVxvV5wa4/6gw79nTW2HXCGuOg18HdCdxuBz7G/9XJ9WuT1anbzOsfZZpc79tU/WHdXdnXtcWn3jp/LlZzdlbX5uF4feO2wC+X6Bt0ltr2oYQdqK26I847gr/Vn1rjQUvgrYZnfFBvWxxQ77mBDW4ZD7LDdLM3ZEgvnl/Pa3pzan9aurLFrma2RLfawBo5HgN83MLmOSLcOwE+Z54jPez2b7/pUO3z0/tolduo/M/eIcm4ebXprjAJZlmE5nO2xZdbi2ptD6bRcH6W2Pr6vD4TtD/cNlOvAy/uCPku399lu78ut/aKlfyt+hH6H5ZpKmGJYY+ES285DMPPQwD1dH+Rsb1oio49YOMXWUmsO2SnzjTBarv4tb+n7hpNLB+V0AaP1b9ZYQK9/dnEusaU5+C5F7tJ22ME5duRlM5tX39PZNOfi3bojt9JtPmjNSNhjU/NKz+ga5z1w8+whtx3heYflKD1sIN8j9ufp/+z3U2F+3BrDJbYtH86HX764CFp/5hiLbJzdfA4xcnwBRwj4/UJjvi/2uPWvjv2tp/7NJc51vep4wnGJdfn6U5d95NZveTycch5FHjaP/fMI83LgMXaV7zDPsUBt7+ixMFwfJKcgElPAxFX9cTXX7itTqSlo7xfzgkSzke39j/PjfJ7PF4sJ0LOJHIAkByCFIkBNI6SaRkjReih1LZDr26CM9EEZuwx1agRIxSFSCQg18w0LNf2NC73RSAAkGZIcAOQgJDkIBEKQQlFIoRrIkToEGjoQXLAawdblCLYsgRxrylxdSLlqOe/VxGrQtbgLQ0OD6Ovrw9TUFC5fvoxTp04ikUigtbUF4UgEwWBQv+hXFAXxeByTExO4dOkSui9exPT0NJYtXYbly5djUdci1Dc0QJblSq8eEc0RAgKylO5T9Bu+UvoGh2yM9TeM5hjQEi6zz8uSbHg/lv3L+t1j/UWhvSGV4HvElVzfcJUcHrfcwPA2gmh2fudv6Gqr4RBnPpxIb6scsXV6x+U5lHk2h+Pm8cN6qnetiHNpG5AIzrFemjc/SvcNd78jMllHYLLHvjZAiUZcsZa2EZsN9TfG2YddYtNa5og9Hp6m0sCtObnyujk8L9AiR/cBQ39nirUXMcTG/s4US5YbuFKBJTzeEDbcATTFucpcGyBf6bUBWPo77cFsMp5LnLlD6be9ZV7OHHspJecS+WKv8naA1jJ3Aze0RufYoX8zdzdeR2ByKfX+2EepzZ+JtfXSHneL00WBpcv2s8WWE5Z1hEPHWFtKCdtb3tLb2mTP/9Y4V2lcWN7rBZcXkLzFbiMwWWPbB2rW2MsHah4/YMvZvxo6Gmucsyxog0vw9AGb2+LMe8Y5Lrb9ubRH19Ln5bz1+sHOskbW4z1vhT3XHICxf83EriMyeej/vJSu/Xee0jC/Vn/tcec4w9K/eYr9cNtdUu7Y317K3948XT/kKLP1N/dn+WLvHbLGdkFqOO7zl9nrVY/9a6HXq27z5ysN/Zd1xFDXOLvxkLf/dHsD4nkHIyfb5MVcHnsp3boz19JcQ/uI6XlWuMzvX90PeCnz8pka5onLf70Ky/KysXHL2WKvHRhc4nw8vj1zO5+6vXzh7c1apl84u9w8sX7fTauvuT/Ld3/Od1nk/Ua3/lSPvVyful2v6iX0rWSLJZdYcorNh6cpNqyVWwwUuJmL4Pn6wFrqk0m548yGye5ut9hQavMbYujLzR0X/v7VY6m/f7XELqX3XyDRdqclllxiyWesL9+9+UiA6XaV1g2Us/153ez65NbYZXF67NLf5Yzh1H+6lJJLbCmRL/Z6wPu8Ps23A/P2r5n+Tfsvd//n0F+a+lOHsoDV0efXVs+w7/P2rz4Pd1uDykdbMW12P/e3kG159tillAos8yxXq4HjiM45+jv3E6DH0ucNEbdf0LPGtvZmjb20t0LKHJsj5+bxKm8FHFZY39aW2LRAbRLzAt3efxf3C7uGUuuPrXGuUqufw/Wqtf62stAPPLIbMHesNSBtawqRuZ8F6PcPDNWxTF58+2PJkiXLAstiScI6fA7NEgJCSUFkvuUkklNQp0ahTgxCGb8CNTMatBqfgBofh0hMppOiVRUA0heawXA62TkcgxSpgxxrQqB+AeTaVsixJsg1jZCjDZAitZAiscyoz6VodnNbMpnE5OQkerq7cfjQYZy/cB5DQ0MIBALo6OhAe3s7WtvaUFtbi2AgAEVRMDk1hZHhYVweuIzxiXFAAM0tzVi1ajWWLluKzs5O1NfXV3rViGgOOfmft8GWBClZyswz1vf67o9J7tPZTh+SbRrTo4YrHkmG7QooV4Kv9cM+51ctTo6XAGC/UDPkJwISyn+Dw0Opr4vP2LSCpXjBamDbYcizPm4z+I3LVBZzQ9rwgZy2vLwJFAWV2tI8xJkbMsbYUF3nD0iq2bw/fgzTFrA+ZT+6tHZkjb301y79t9vqzsjuLfn+KVX/V2AFCzqhuvR3FSi1/k3bwM4JFFp1XWJtamts6z9L2914ap+lOCBnkzm2fm6HV84YxbW3Upcarf92u14oz/6Zof5vlvR3ha2P9rRLrLPvcXP/at26pekfc5Y+dke+hImqMMf6t2pbn6J7hwK6g5L2rznigtbY9QI8xwr77uAr0L/56b9LtgcK20O5eL0+8PP+qNSlr62R9wDL8QLVqJQbrBqUeP/47l9LXQot8V07Huyx1t/pcaaG1rhCa5C7LPL+Y2H9Xxn7xxnuH8q+dwvYPfn6b035zz4O2H9nVcH62XZHph1ZY/dS+5zAIQbgfYR/j19wzxHn7N/89He++7diS42HWDugrbHj4rX6uyyuGuTpD7zez3KZvfJljuaU9/YIEdEsNvSvni5qfiZAzyEilYAaH0snPo/2Q50YhDo9lk6Anh6DSMXTI0ILQJJlSMEIJC35OVoPubYlkwDdkk58DkUBSTZfsZJnIyMjuHDhAs6eOYMvvvgCw0PDCEfCqK2tQ1NTI2pqYggGA/rozxMTExgbHUMgGEB7ezuWLVuGtevWYcGCBQgGgxz9mYhK6uT3t0M2JCwLAHKmu8/G2RsKkLJvCPXS8oZLltM3cGXjG0jJfB/AyOl1BAwjUGduaMiS/QaH8R2udsNDi9PLc34HrD9SZAJV3m/wVrp0vGNpvSFj2JF5Egpyx2VQohsYldwLGse4mAVWI66Pp8Xli72XPm8Iu37g5l5qSyroBvGM9G8+S39HqI/YqoAGXmXHT9HttYDdU9L+NUdckCrbP0Wb4+vjOIK/NfbUf5av9NW/liWBqlxHmI8TYimqUw18dpBunzd6nL38pdaMDLE2Qd4EXktcFXyfwAzTzsr25rADHXdovgU6x3lH6Cu2f/RwfapPb40L6V89NQAf/WPOhAKPFzzVrMqPn7ytWTudWuJyXq+W6+ybcwMU8oLVqOTrU1z/V/QeztPAsterhriU/WsJSo39C7QVAB8AACAASURBVOnm2DWD0lUVNEgePwUtPl9ctrKA/ltTBacru4q3vxL3jyW5X1e6sujrVy/Xp/rq5PuCunOsKcn1QD4Vb28lNsfXh59/lZvP/s7L+223GyrVWBb0hoglS5Ysy18O/vZPC+3YAYAJ0HOKUNOjQqfiQHI6PSp0choi8zeUJKAq6WklGQgEIYUikIJRSKGa9L9wTToxOhAEpEC6sVFBkokExicmMDg4iEuXLuHK5csYHBzCxMQEUqkkhKpCkiRIsgxZkhCtqUFTUxNaW1uxoKMDbW1taGpqQk1NTXo67gsiKiE/I0CbH3OO049JDo85/238SWXrCM+SZI4hmZdpfQ0rLyNAC5iX4Ra7lZAsjxdyHZfndYx1zhWXRb4NkKvCpgWUO/ZYFrKDKngDoiQjhFpjbW5rXKIyW9sC2m8hu7ealXIDVgOf+0fr3wqcvfyl5XyTKy7P/ilx/6f1W376u7wrXMHS0/poT2v1z7DGDjsw9wihZWivWrWtca7SsnqF9rdlUYoNNJtU2foV3V69tD+39uix1BTWPn32h4UcYNXQz+Xr/4q6XvW6B8rfg7h15zljlH0rF95+q6w/KBrXx3H2fHH5Sq9fYMzGWv+nx5kaa8ub6TUof/9W1BFcwrjAzVBGRbffAnaPPr/H/ltT/rNPIRug1BUosVIeDhVg2x2ZdmSN3ctCRwS1xmX6AmMx/duMXZ9qCohL+YagGvjsH3h/a4ax/87ytH7mDZb9/CB3XHD/qF2PWuNcpTa/NfbSv5b7CDId4PkucLQDSpvcEleDYo6fChxPbtXVY60fQ7a/K/f9rFKdPX1tgCrdP0RElcIRoMmZUAFVhVBTEEoyk/ycyl6QSRIgy4AchBQIQQqEkE545ojPpaSqKuLxOEZGRjA4OIjLly9jeCidBJ1MJAAAciCAUCiE+oYGdGQSn1uamxGrrUUgEODIz0RUFie/vw2yJEMgO+KyNhKzcQRmAJmE4uyIJMYbGdDmEwJSJpNZsrxTM81veysLy+P2+QEJkmSJc7wzlCQ5+07XdEMjW39vN6T1GsL6jjNdH/fny/6OtMreIOe9YWGt3iy6gVHUBimkQtVojq2PpxFCrQkHxdwgLqD0egO46A/cZvwWoIcGMsfaW6nXx3d/W+rSR/OyfT6Qf/Vm3rxrbw4nYE8tyltc8hFCvXyg5vYBWzn625L2f4YLGms8Z9ufQ6mpgvWzte7M4WKNS5kQVq6zr7cVLOIFq0HJ16dU/WGBZY73rzC+/84VF9PflqTUXt0hNhwQ1hFDs79Akmv/VFgpdnc1K3N/UOajpyT3F9xWryp2X8X76yL7xzz928y8f/Veer2e1WNP16na6hQ2QmhZrw+s5mP/NovXx+3wMsX22Wa01DjGhu7CFFfN/ipR/+fnhFXxPZajLOYE69ACnAcAscfF9I85Sx+nH97fqoAKr4/Xo72U7a3Yz780fuOCeO7fDHFxW7C85Rz7fMXT9UGR7Y0lS5Ysy1EOMgGaXAkBCDV9E1moAAT0K3TtUxxJTt8wl2QAUvZxKhlFUZBMJpFIJBCPx5FIJKCkUlAz+0ICIMkyQqEQIpEIIpEIwuEwk5+JqKxO/udtAABJMn4PPH0aMJ4KsknQWmye1viYceRlx+lMpxjJ9rzpGcsVjwRL7HRl5FAPJyU500nm5WjVcI0FZjzBN19p3B65YkfFvGBVsOwhW321HZEj9tQCKlTmaWClSZjQpi4gAcJDrDFtbsNqzK72ZjHrjx+LMq+P16OtmOo4Hv5F9NeagvrXUitkAxS0xQt+QX/lrEiY0Hj4AM8pIcJ1dawJE6Ups7UrQXuda/2bVSHNXVON62tZH18JFC79X7lLjWNciu7Izwab6f6xoE/oZ3oP5au/ti3yNSh7rPV/Zdq6xZdedo+29tYYVdA9lP34qbAK99dF9w5aO7LGfsoCVz8dl6r/c4mr/PquNP219nSeDsLjHnGPi2fbW5lq+jkdzfRWd9sajltnPvZvc3h9TJcXhqcLXFwBpdsX5rX+OtuBp48Pt3iW9G+e+ju//bem1P1fAQ2+zMeTW/vMFxdcFrB7iupfy22e93czvT6+26etPTkMMGKNc/Wf8PL5RBlHlK6K61NNCfrHKm9vvnncfabY++wzUmq040d7Yk58/kVEVCCOAE1ERES+nfz+dkiAngCtvW8yJz+nH9AekixvwOTMQMuyHkumN5bacmUps3zjO0zLDQ1I0GNtBGrtLWn6eUuc452fNhK16/PF3sCQco9AXZG3yIUkFLiq/DtoTwk41hIuqztDpSbnDQxrPFtvYJRyA1UDw/4xxQWuj9vivC/e6w1gl1i7oaw9rt9gzpbagZIdcU/rP81xVZSFfOKu7x9rf+fpiEVZFdLeStg/eG2fBVfPw+4ptr/WlGXvVXj/lF3V99fWHWB5NtNv2WK9e/D6AVvlR/D31f/5ul7VFHsElaFBzLPjyesHbh4XV/7S8IDnfOpqNufam7YjYDnh5oh9tLCSj+Cfr3S4Ps1Xeu1f3ftbTan7vxJf0FSDQjqoCnKrrh4XcDrVV6/A3Vto6ytqhat0/+RV9AbN2wI8xiUqLRcAXkfwFzD0e+Xod3OWWm2tX0g3jNhvjQUM9xdy7R+nnV5BxRw/c2V9fPQPM3z02EsP/XW2PSL37aBqUPL2V6r+r8AKFnS/zrrDCm8hvkfsz9f/Od5P1arvEmvzW2Pb8mfg+sCqzP1Dxc3y/ls/fKyxj8OprP2voa4Fbc6K758i+7+CdohLf1eNZSGfr9iuX/k8n+fzfL70zw/+9k9RDCZAExERzUPGEaAB6Bcb2ptuvcw8k42znB+T3KczPijMD0jaf5b3lVppnBUS0vnQLryMAF3o21/9cckc20ov74MNm6GQGxbW9XGLC5JvA/ipYEkr4Dcu5g2+oUFW2Q2LbAKYJTa+gdDDPDdo4fyBV7G11BTUPot5gWpQ8eOnzHyuj9a/WWfPF89Y6ePw1+OyKrL/c+3XkH+Fq7H0dEK1ro/Gb4+U7f/yxaVsb56vF3yvzQx0J3Otf7OaZeuXt7copv25tMdCN09h7dWlv7OtoLZAh7ga+rWS9ncuJ6yi90AJehS33WVZXev1QpXsDfva59jcrpu/iM1Xdm4dRiHNpxqUeX3y9q8eXs5X6daduZbZGtliAN5HcC5z/1aK/m5mjnh/sZcOzG32EvC6d61x4e3NoXRZ7VJv/YLMx/7Nbf2qkKfrg5ztrcgvkOuxtbT2nx6/cFOV/VsRR6Dpho51B3iMq5nPzVN197c89N/aDJW5v1WkOdbfzfT6ZBPAc8f++8fCv9A4o18o91v6uiFiPYCq8IJilh8/tv7Uy/VBzuuFGT175t+cs3z/EBGVC0eAJiIiIt9Ofn9b+oaHpN32yNwAkWCOIWXyCrQbFdqIz0If8VmLrcvT3pnJUnYkE/s7t7T0a2QflyzTSZLI+by1tC7P+M5XyvvO2HJH0HH5ft7iFhs7qPI3yLYbFC5xrhu0M30DQ1OS21VVvn98m2fr4ziiqNaCDXF2Np83iEtQaq+UHYHJIZ7LCQReX64a5O0AHcoCFudn8UWVxfTXWvPLqIrdV8z+mWvtzdP6eG2BzrHvEZm0D8qssZcP1Dx+wDbzH7i5bXCXA8Y19rK/KmyWXz/YWnP2dJvdXV77vxkqNZ4O71m+f2zKvj7F9X/uFXF53ucJN3u96rF/nenScEBYRwx1jXUFtfDy4vFTlpfPF3su/R0+ReUvz8jurfr25rM/LCTjesbPqPn7Uz0uSQKYtrRiY3/tldcHLqWmGtfPZwfpNWG3kqVG6w6y1wMeD/9q5trf5Yirbg9ZG5TPspj+Fbm+kF5Y/2gqC1gdfX5t9fTaVUH3UUjzqWZV3n+7bW5rnPfw99LeCiw1Zdk8eSuQo3/L2d/lewHPFfBXFnLDx/cJq1x70CE2XQBkB0jSOjBzbJu8IvezWLJkyVICMMgEaCIiIvLL7wjQ5secY6flGaez/g2HZeux5YpHAmxXQrZ8aod6OHF/xrsciweQrZYeW+pbDQkT+rr4jE0rWIoXrAa2HYY86+M2g9+4TGUxN6RnLIFCW5qHOHNDxhgb+wHH+03VbN4fP4ZpC1ifsh9dWjuyxl76a5f+2211Z2T3lnz/lKr/K7CCBZ1QXfq7CpTOH+AZntf6OwHkHcHfGtv6z9J2N57aZykOyNlkjq2f2+GVM0Zx7a3UpUbrv92uF8qzf2ao/5sl/V1h66M97RLr7Hvc3L9at25p+secpY/dkS9hoirMsf6t2tan6N6hgO6gpP1rjrigNfacIJbrgKqCfi3fCbSo/trrHihsD+Xi9frAz/ujUpe+tkbeAyzHC1SjUm6walDi/eO7fy11KbIDiqSPB3us9Xd6nKmhNa7QGuQui7z/WFj/V8b+cYb7h7Lv3QJ2T77+W1P+s48D9t9ZVbB+tt2RaUfW2L00DChijQEUPUK1YcqCvuBezPXcjF2fajzE2gFtjR0Xr9XfZXHVIE9/4PV+lsvslS9zNKe8t0eIiGYxjgBNREREvp38/nZIgClROB3DFEPKpuXIUqZE+g2WLGdK4xtISPobSX0+2fCG0rJ84fA66UnMNzQgOd/ggCGGIba9mPX5IhOo8o1AXfHS8Y6l9YaMtiPyvWPOF5dBiW5gVHIvaBzjYhZYjbg+nhaXL/Ze+rwh7PqBm3upLakiPznoqX/zWfo7Qn3EVgU08Co7fopurwXsnpL2rzniglTZ/inaHF8fxxH8rbGn/nOGRvDP17+WJYGqXEeYjxNiKapTDXx2kG6fN3qcvfyl1owMsTZB3gReS1wVfJ/ADNPOyvbmsAMdd2i+BTrHvkfw91t6uD7NN8K/r/7VUwPw0T/mTCjweMFTzar8+MnbmrXTqSUu5/Vquc6+OTdAIS9YjUq+PsX1f0Xv4TwNLHu9aohL2b+WoNTkG9HfNYPSVRU0SB4/BS0+X1y2soD+W1MFpyu7ire/EvePJblfV7qy6OtXL9en+urk+4K6c6wpyfVAPhVvbyU2x9eHn3+Vm8/+zsv7bbcbKtVYFvSGiCVLlizLXw7+9k8L7dgBgAnQRERE89GVK1cAAPqIzS5lKZ/z+rdT7HWaYp/zqhTLICIiIiIiIiIiIiIiIiIiIiKarw4dPVvU/HKJ6kFERESziPb9J+v3oMrxvSh+14qIiIiIiIiIiIiIiIiIiIiIiEqJCdBERERUskRoJjsTEREREREREREREREREREREVG5MQGaiIiIKsKYLM3EaSIiIiIiIiIiIiIiIiIiIiIi8ooJ0ERERFR1mBBNRERERERERERERERERERERERumABNREREvjA5mYiIiIiIiIiIiIiIiIiIiIiIKokJ0EREROQJE5+zuC2IiIiIiIiIiIiIiIiIiIiIiCqHCdBEREQ0KxWahMzkZSIiIiIiIiIiIiIiIiIiIiKi2Y0J0ERERPMcE4KJiIiIiIiIiIiIiIiIiIiIiGg2YQI0ERERmRSSEF1tSdTVVh8iIiIiIiIiIiIiIiIiIiIiIiodJkATERHNU9YkYbek4VzJxH4TjZmYTERERERERERERERERERERERExWICNBEREZUFk52JiIiIiIiIiIiIiIiIiIiIiKgcmABNREREjpjATERERERERERERERERERERERE1YgJ0ERERERERERERERERERERERERERERDRrMAGaiIiIiIiIiIiIiIiIiIiIiIiIiIiIZg0mQBMREVFJCSEqXQUiIiIiIiIiIiIiIiIiIiIiIprDgpWuABEREREVRwgBVQgIVUBAQAgmotPsJ0kSJAmQIEGSJciSBEmSKl2t6qQqEEoSUFLpv4UKCBVgP0ClIkmAJEOSZEAOAIEgpEAo/TfZ8LxMlcZzqHc8XmcG2yQRERERERERERERlQMToImIiGhWEELwQ3IDVQioqgpVFUzSoDlJCJHJ3xWAmn5MkiTIsgRZliHP9/5ASUKkEhCpBKAqla4NzXVCAEKBgAIoSSAJCACQA5CCYUjBMBAIVbqWFcXzMlUTnkNz4/E689gmiYiIiIiIiIiIiKgcmABNREREnmlJyH6Tkd2mNz7OBGdvVFWFoqhQmaxB85AQAooioCgqZElCICBDluVKV2tGiWQcSE5BKKlKV4UoPeJ4YgoiMQUpEARCNZBCkUrXakbxvEyzBc+hPF6rDdskERERERERERERERWLCdBERERUlZgQbaaqAilF4Sh1RBmqEFBTCiRJRTAQgCzP7f5CpBIQ8UlAZeIzVSehpABlLJ0MHYmlR4Wew3heptlsvp1DebxWv/nWJomIiIiIiIiIiIioNJgATURERFTFhABSigJVVStdFaKqJIRAMpWCLMsIBgKYc9+bECpEfCI98jPRbKCmIKZGgVAEUqQWkObWaJ48L9NcMtfPoTxeZ5+53iaJiIiIiIiIiIiIqLSYAE1ERERUpVRVzYxWV+maEFU/VVWRFNqogXMj4VKkEhDT44Bg4hbNPiIZh0glIUXr5sxo0Dwv01w1F8+hPF5nt7nYJomIiIiIiIiIiIio9HgHmYiIiKgKKYqKZIpJG0R+CAEkUwoUZfYnDIvEVHoUXSY/02wmVIipUYjEVKVrUjSel2mum0vnUB6vc8NcapNEREREREREREREVB5MgCYiIpqHxBzJBpgr62GVUhSkFKXS1SCatWb7MSTiExDxiUpXg6hkZnubnu19CpEfs729z/b6kx33KRERERERERERERG5YQI0ERERzclE4tm6TimFo5wRlYKiqLMyWUbEJ+bEaLlEViIxNSuToHlepvlotp5DebzOXbO1TRIRERERERERERFReTEBmoiIiGysycOzNZl4tlEUlUkbRCU0244pkZhi8jPNabOtjc+2PoSolGZb+59t9SX/uI+JiIiIiIiIiIiIyIoJ0ERERPNYJRKbmUztTFU5qhlROaQUBapa/ckyIpWYlaPjEvkl4hMQqUSlq5EXz8tEs+ccyuN1/pgtbZKIiIiIiIiIiIiIZgYToImIiEjH5OTKEAJM2iAqo5SioKq7N6FCTI9XuhZEM0ZMjwOiehPYeF4myqr2cyiP1/mn2tskEREREREREREREc0cJkATERERVRg/xCcqr2pPjhLxiapOBiUqOaFW9YjnPC8TZVX7OZTH6/xT7W2SiIiIiIiIiIiIiGYOE6CJiIiIKkhVBX/GmWgGqKoKVa2+DCmRSkAk45WuBtGME8k4RCpR6WrY8LxMZFet51Aer/NXtbZJIiIiIiIiIiIiIppZTIAmIiIiqiCOXkY0c6rxeBPxyUpXgahiqrH9V2M/QVQNqvHYqMY60czh/iciIiIiIiIiIiIiJkATERERVYiqqhD8zW6iGSNEdY0UKZJxQE1VuhpElaOmqmoEdJ6XidxV2zmUxytVW5skIiIiIiIiIiIiopnHBGgiIiKiClEUfmBPNNOq6rhLTlW6BkSVV0XHQVX1D0RVqJqOkWqqC1UO2wERERERERERERHR/MYEaCIiIqIKUIWAylHriGZc1Rx7ShJC4ejPREJJAUqy0tWonr6BqIpVy3FSLfWgymNbICIiIiIiIiIiIprfmABNREREVAH8uWaiyqmG40+kEpWuAlHVqIbjoRr6BaLZoBqOlWqoA1UPtgciIiIiIiIiIiKi+YsJ0EREREQVoKocqYyoUqrh+KuGhE+ialENx0M19AtEs0E1HCvVUAeqHmwPRERERERERERERPMXE6CJiIiIZpgQAoI/1UxUMRU/BlUl/Y+I0ip8TFS8TyCaRSp9vFT69an6sE0QERERERERERERzV9MgCYiIqKS4IfO3qncVkQVV8njUCjJir02UbWq5HHB8zKRP5U8Zni8khO2CyIiIiIiIiIiIqL5iQnQRERE5MpLUjMTn/0T/Jlmooqr6HGopCr32kTVqoLHBc/LRP5U8pjh8UpO2C6IiIiIiIiIiIiI5icmQBMRERHNMAF+QE9UaRU9DlWlcq9NVK0qeFzwvEzkTyWPGR6v5ITtgoiIiIiIiIiIiGh+YgI0ERER0QzjoNlElVfJ41AItXIvTlSlKnlc8LxM5E9lz6GVe22qXmwXRERERERERERERPNTsNIVICIiorlLCAFJkipdjaojKvQJvaKouHJ1ECNjE5iejqOlqQHtbc2IRiMVqU8u8XgCV68NAwDa25rRN3AVABCNhNGxoLWSVZtxE5NTGBoeBQBEoxG0tTRVuEZzQ6WOw/SLlz/RU0yOQB274m3iQAiBtmXlrVAB1KFLEIlJAECgY3WFazPDlASUqxcBAFKsEXJ9e95Z1OE+iMl0vyk3dkKqbS5rFUuuognQlesPhoZHMT2dQCgcLEn/PjY+ifHx9HGzsLOtrPMNXL4GVfW27Zqa6lFTZdcb4xOTGBtLr3NrayPCoVCFazR7VPKYmYnXTqUUXLk65Pq8JEtoaqirymvo+aqi13VEREREREREREREVDFMgCYiIiKa46am4/h490FcuNgH1SE5IBAIYPPG67B187oK1M7s8y/OYc/+Y0gkkwDSdbv/nlvwxjufAgBkWcYv/8LjlazijDt15iL2HjgOAGhuasBXH7uvwjWios1Akk7ixLuYfv+vPU0rxRrR8Gt/V+Ya+Tf5+n+H0ncCAND4b5+vcG1mljLUh/Ef/S4AILz+XtTc/2/yzjP94Q+RPJ3uK6O3/xIi279a1jqW3DxMXlMUFc+++LZ+bv7WUw8hVhMtapkf7T6Int4BAMBTT+xCY0Nd2eZ7+WcfOF5XOLll+yZsXF9dX2Q4fOwUjp84CwDYdc8tWLZkYYVrRNVicHgEL7/+Qd7pZEnC8mWLcOtNm6suwZ+IiIiIiIiIiIiIaD5gAjQRERHRHNZ/+RpefeMjKIriOo2iKNh/6AROnDyPRx+8Ew31tTNYw6zde4/gyPHTpseCAbkidZlp7320D6qqormpAVs2XV/p6tA8I8l8W0hZqZ6jSJ3dDQAIb/ky5IYFFa7R3HX089OmBOJ9B47jjp1bi1pmoaOglnv0VHmenM9pflGFwNnzvbjY049vfe0hhMNzcxRxXqcSERERERERERERUbXiJ91ERERUckIISJJU6WrMe5NT03jFMDpjMBjA9hvXY2FHO5oa6zE0PIL+y4M4ePgEpuMJTE5NIxgMVKyuRz8/AyA9mt7mTddj47pViETCGB2bwKLOdgBAJBKuSP3K7dSZiwCAurqYLbGko70VS7o6AADtbc0zXjcvrl4bQVNjXdHtp1TLIbOa+/8NQit3uE8QmJsJW/NNaPWtkCLpL7AEOq4reDlKz1HE978AAAiuvJkJ0GV0+OhJU3zqzEXsvHkLArMsWTgSDuFrT+zKOU10jp6/ae7rWrQAd9++XY+FEJicmsblK4PYf/BzTMcTSKUUvPXeZ3ho120VrGn55LpOJSIiIiIiIiIiIiKqJCZAExEREc1Rr7/9qZ783NBQh8cfusuUQNzW2oy21mZsWLsS+w5+jqnpOGI10YrUta//ij765MKF7di2ZZ3+XEN9LR6+//aK1KsaLOxsw8LOtkpXI6c/+18/QWtLI37ju08iUuDoh4eOnsYPf/QKvv7Evbh1x8YS13B+k2vqIUXrK10NKrPQ2rsRWnt3patBHp270It4IgkgfY4eHR2HKgSOHD816xIMZVlGTTRS6WoQlUUkHLK171hNFG0tTVixrAs/+umrUIXAwJVrFaohEREREREREREREdH8NbuGFSIiIiIiTyYmp3D12pAeP/Sl21xHT5YkCdtvXI87br3RdXmplILu3gEMDY/6rsvk1DS6e/oxODSqJzlbDQ5ll7ty+WLfrwEA8XgCF7r7MDk1XdD8hRobn8S5C722dRNCYGh4FBe6+3D5yiAURSlrPYQQ6L98DX0DV123s5tkKoXeS5cxUGA9f+7JL+FC9wB+8DfP6gl9fmjJz6tXdGH7lrW+56fyEpMjSPUcgUhM2p9UFSiXz0AZOA0oCe/LnBqBcuk4RLL441UdvYxU7zEgFS96Wa6ECqXvCyiXzwCKtzYuktNI9RyBOtQL+Dwmy0VMDCLVexxK3wmIxFSlqzOv7T1wHED6HPz4Q3chFEx/P/3w0VOel6EoKrp7BzA8MubrtQudr1yEELjUfwWXrw46Pj8+MYnunn6Mjk14XqZ2Xhsbd+i3fJqajs/I9cW1wWF09w4gHvfWlwoh0Nt3Gf0DV8t+jUHOaqIRNDWlv2CUSilIpdz3g9/9qxkaHsWl/itQVdXzPMMjY+ju6UcylfL1Wqqq4lL/FfReuuxrPs30dBx9/VdxobsP4xPFH3tERERERERERERERPlwBGgiIiKiOejEyfP630sXd6K+LlbQcg4dOYnjX5zFxGQ2UU6WZbS2NOKeO3agob7WNP1f/f1zEEKgqbEeO7ZuwLsf7kUymTLNe+fOrVi9cgkA4Onn37QlYH3w8X588PF+x/q0tjTiyUfvNT129PMzOHz0pCkxKRQK4u7bt2PvgeN60vav/NKT+vM/ee4NjI6OQ5IkfO8Xn7C9zt/+6EUkkylEwiH84jceBQBcvjqIF155DwCwedMayJKMY5+fQSKZTob8xlcfQF1tDBe6+/DZvqMYGR23LXfFskW487ZtCAWDuNR/Ba+8/qHp+fHxSfzl3z0LAHrdjK+7ZvUy3Llzq2me7t4B7N57BCOj43risyRJaKivxU3bNmLZkoWm6bVtLkkSvv7k/XjpZ+9jYsKcCLlh7SrcetMNtvq72bB2BX755x/BX//jS/jB3zzrayRoLfl51fIu/Oq3H0coxLcolTTx0/+EVO9xQA6g7uf/FJPPfR/q2BX9ebllMeqe+r8hhWsw+fKfIHl+H6BmE76id3wHkW1PmpY58mdfAVQFgY5ViN75PUy9+t+gjmdHygwsWInord9CcMUOz/UUE0OYeucHSF08bErMlluXIrLpQYS3kWqR7QAAIABJREFUPKI/NvqDX4CYHgMCYTT+5j8AQftItckT72LytT/NrMN3EdmW7heUvhOY/ujvkbr0uWk9Q6tvQc39/xZSuMa2rMSxN5A48CKUqxeyD8oBRG/5BiI3PQVA8ryefsT3v4Dp9/8KAFD7tT9GcHF2JPVUzxFMvfkXUIf7TPNItc2ouetXEFpze3bfG0w8/fv639Gdv5CpPxXr6rUh/RyxeNECRCJhrF+7EoeOnkQimcTZ871YubzLdf5L/Vfw4acHMWo4zwQCAWzdnPsLJIXOV0rGc9rGdasxOTWFcxcu6ecvWZKwcf1q3LRtI06f7cZHuw+ariNiNVE8fP/taGrMjmpvvJb45tcexIuvvm9KvoyEQ7hu9TLcsn2T53oKIfDOB3vR0zugn+cBIBwKYdHCdtx75w7IcnpMgRdffV8f/ffBL+3E4kUdtuWNjk3gJ8++DsB8LTMxOYW339+DK1eHTAmusZooHvzSTrQ0N9qW1XvpMj7Zc9h03geAjvZWPHDfrQgX+EsMVBhj0nMgYB5nws/+tV7v1dREcOTYaX0+SZLQ0tyAu27b5tguxicm8c77e3F1cNiUEB+LRbH2uuXYunmdafo9B47h0JGTAICH778dR4+fRk/vAFQhEAoGseveWzxdpwLphOu339+DwaER0/SyJGHt9Stw87ZNtm1DRERERERERERERFQKvPtMRERENAcZR3/uWrSgoGXsP3QCew4cMyU/A+nR4a5cHcKzL75te05LxBkdHccb73xqSlrS5n33w716olKukfKcWEc2PnHqPD7dc9g2KmMymcKb7+7GiMvolkqe19VeR1Wzr2dcly9OXcCBwydMSVGTk9M4eeYi3njnU8fkZwA4d+ES3v1gr215uZims6x/X/9VvP72JxgeGTNtGyEERkbH8ea7u9FzacA0j5qZTgiBZ154y5b8DADHTpzB0eOnPdVPs3HdSnz3W4/gQne/55GgteTnlcsX4de+8zjCTH6uOKElaKkKxv/p35mSnwFAHezBxLN/iPGn/wDJs5+ZkoIBYPqDHyJ14YB5oZlplKvdmPiXPzAlPwOAcvksJp7/Iyh9X3ir4/QYxn/0u0ie/tQ2KrV67SKm3v1fiO97Vn8stPauzAslkPj8Xcdlxvc+o/8d3nBfevIr5zD+099DqucooCqQQlEgkB5JP3n6U4z97W8Cqvk4Thx9A1Nv/Lme/CyFY4AcAFQF0x//IyZf/W+e1rEgSeOxbOgPJoYw8cz/ZUt+1p6bfOVPkDj2ZklG4yZv9uzPJppvv3E9gPQXayQpnRy/9+Bxx/mAdKLha298ZEpiBgBFUbBn/zH09V0p6XylZjynHT9xBmfPm39BQRUCh4+dwnsf7bN9iQpI/6rEq298ZHpMNcz/zAtv2UaejSeSOHr8NPbsP+a5ni+99gHOnu8xnecBIJFM4vzFS3j+lff0eq+7foX+/IFDzv3Y/kOf639vWn9dul7xBJ554S0MXL4GVVUhS5KeVD05NY1nX3oH1waHTcsZuDKI1976WD/vy7IMOdNuBq5cw4/+5TVfIwVTca5eG9JHJg+HQvoxDPjfv8a2fvZ8Dw4dOWnal0IIXBscwYuvvo+pafMvHkxNx/HMC29j4Mo122jgk5PT2H/oBD7bd9T0uPH13nxnNy729OvHUkpRPF+nCiHwyusfmpKfte2gCoHjJ87i1Tc/cpudiIiIiIiIiIiIiKgozDAgIiIimoMmJrOJbM1NDb7nP322W0/W0UZtXrZ0Iaam4vjks0Po7h1AMpXCMy+8pY+QbKQKAVmScMtNN2Dlsi5c6r+K3fuO6Mm2e/Yfw657bsFDu25DMpnEwSMncf7iJQDAti3rsKQrO3qioqh48bX3ba9xdXAYH36STbTcuH41bthwHYKBAE6euYDde4+akqJKaXo6DkmSsGbVUixdshDNTQ2or4uhtaUJH368H7HaGmy9YS26Fi1AJBzGmfM9+OjTg1BVFRe6+zA1HceiznY88cjdAIDnXk4nZUbCITy06zYAQCiUewTH0bEJvPrGh3oC1uaNa7Bx/WpIAI6dOIsDh09ACIGfvfUJvvrYfabRMjXJVApr16zAlk1rMDk5jb0HjuNSfzoJ7uCRL7Bx/Wpf22XT+lX49jcfxg//6ZW8I0Fryc8rli3Er3+byc/lNPHSf4UUcN++sQd/B8GVDqMvCwU1u/41QqtuQur8Pky9/f9BJCahXD4LAAgu3oiaXf8KUFKY/vRHSJ5MjxQZ3/svCC670b48JQHIgfQyr9sJJKcR3/8c4vueAwCMP/1/oOFX/hJSjX1kS6Pxn/xHPYk6tPYuRG/7RcixRqS6j2LylT+BSExi+oMfQq5vR2jN7YhsewKJgy+l67b/OYQ3PWCu1tXzesJyaO1dkKL1EBNDGP/nf59O3g6EUfe17yOwMD1KbuLoG5h6888hJoYQ3/88Itu/CgBIXTiAqTf/HAAgNy9C7Vf/CHJdK6CmMPn6nyF54j0kv/gAytYnEOjwd2wVY+qdH+hJ6DX3/SbC6+8F5BCUq+cx/eHfInXhAEKrbkZwyQ1AKo74wZeQOPxaevp7fh3BJelRc6X69hmr81w2OTWN3r7LAICGhjq0tjQBSCdPLunqwMWefoyOjuPqtSG0tTab5hVC4PlX3tXPbZ0dbbj9li2oq42hu7cf7364z5b8WMx8Xk1Nx/E3//iC6/OxWBQ/9+T9tsdVIdDYUIf77roJQgCf7Tuqb5tTZy5CkiTcvH0jVq1YgtNnu7Fn/zGoqoqJySn0X76GzgWttmXGE0msWrEYO7ZuQDgUwsnTF7B731EIIXDo6Em0tzVj+dJFOdfn7ff36CM6x2qiuO+um9De1oyrg8N4673PMDExhWuDw3jjnU9x/723YvXKJfjo04NIplIYuHINU9Nx1ESzI82rqoqz53oApH+hQvsVjGdfekf/stD2G9djy6brAaRH6n7tjY+gCoF3P9yHrz6W/lLG+MQkXn7t/XTisyThgft26l9yO3T0JPbsP4ZkMoU9+4/hZh+jXVNuo2OT+jUqkD6eJiancfnKIM5d6NUf33LD9ab5/O5fo1RKQSgYxL137sCihe0YHhnHOx/swfDIGJKpFJ5/5V184yvZc9mzL76tJ+t3LVyA227ejFisBhd7+vHeR+nj+/CxU2ior8XaNStsr5dIJhEKBrF+3UosXtiBhoZahEMhT9ephwy/wtK1cAHuun0bYjVRjI5NYO+B4zh7vgdrr1vuZ5MTEREREREREREREXnGEaCJiIiI5iDjiIXGJByvPj95Tv/7gUxyTygYREN9LR64bydamtNJ1fFE0jTatNF9d9+M9devRDQawcrlXbj95i36c0OZkZkbG+rQ1tqMmppsHVtbmtDW2mz650RLJgKA9WtX4pbtmxCriSIcDmHjutW47ebNvtfbj4fvvx137NyKZUsWoqG+FpIkIRCQ8c2nHsI3vvIA1qxehtpYDYLBAK5fvQyLDSNxDw6OIBQK2tYvFA7pjzU21OV8/XPne/VktnXXr8COrRtQE40gGo1g25Z1+giTQgicPtvtuIw1q5bqSXAL2lvwwH079eem44mCtsvmDavxnW8+jPMX3UeC1pKfly/txK9/5wmEXZKkqUSUBERi0vWfOjnsOFt43T0Ib7gPUrQeobV3I3Lrt0zPxx79j5AbOyG3LEbswd/RR0dWBnucFgcAqLnvt9LLDNdAqm1G9I7vIrTuHr2eqYuHcq6KOnoZamb5gc41iD34O5Dr24FAGMHlW1H71B/r0yaOvw0AkOvb9YRsdegSlAHz6OZaAjYARHd8DQCQPL8vnbANILLlET35GQDCG3elXxNA4uDL2dc79mZ2Pe/5jXTyMwDIQdTc9b3sdIdfzbmOpaaOZEaBlwMIb7w/vZ8kCYH2Fah98g9R/72/ghSth9ywAHLLEsixbJ8kty5NP9ayJD0CNhVt34Hs6M5bb1hrek4bDRoAdu+zj1Z8bXBYH5W1vr4Wjz5wB5oa6xEMBrBiWRceziQmlmo+PxRFcf03Oek+uvgjD9yBluZGtLY04sEv7dRHyAWApYs7sXHdatREI9i0fjXWr11pWicnnR1tuOeOHairjaWvB9avxi2GZOATp87nXZcL3enR0mVJwlNP7ELHglbIsowFbS146vFd+ojLPb3ZX1hYvy5bt0NHTpqW9/kX5/Tz9Ya1qwCkv8SkjVRdG6vRk2MBYFFnOxZnvgg2NDyqj/Z71nDeX7ViiekXPjZvXKN/4eiLUxfyriN5d/XaEN58d7f+7633PsOnew7j7Pke/Utoa1YtxQ0brtPnKWT/Wj328F1YsrgTgUAArS2N+Opj9yGU+bLY+PiknnQ8PDKm/91QX4uHdt2GhoY6BIMBrFzepScsA+7tX5YkfOuph7Djxg1Y2NmG2liN5+tU46+e3LDxOsRqonpd7r1zB77+5P160j8RERERERERERERUakxAZqIiIhoDopGsgnFY+OTOaZ0NjiY/hnrSDhkSrDRGBM5ei5dtj0fCASwbMlC02NdixboP4k9PeWc7OHHpf6r+t87btxge37tmhV6klKphUMhLOxoc3zOOurj9HQc4xOT+iifADA8OlZ0HbSRmgFg+5b1tue3bskm1vUZtpXRDRvXmOJAQEZDfa0euyXl5LN542p8+xsP4fzFPlsStJ78vKQz5wjRVDqh63Yieuf3XP8FF61znm/N7aY40Lo0+3f7CkhRw6jicgByfTrhV0yNOldEDqRHH7aIbH9S/zvV90XOdVEuZZNHI9u/Yns+0L4ScsvizLSfZ6fNJDYDQPzA8/rfIjGF5BfpEeYDnWsgZ9ZR6TmqTxNcsT2deG34F1ya/oKFNhI1AKR6j+nrKTctNE0vknHITek+MVeCeDmErr8z/YeqYPwn/wmps3sgElP683K9c19GpacoCk6duQgACAWDtqTAluZGPamwr/8KJianTM/39mX7feN5WNOxoFVPPizFfF7JkoTNm9a4/tu2xbmPicWipteVJMl0Dr1u1VLT9K3N2dHhx8fN20azdfNa22Pr167UrweuXXNOnNaXOzGpj4a9ZHGnnnCqCQYDWLG8C0B6BOvhzBe6Nm9co1/jfGFJMj18/JS+fpsz593u3n79+SWLOzAyOm76t6gzO+L64FD6mkwbHRsAVizvss2zoL0FgPlLcFRetbEaPHL/Hbjztm2mxwvZv0aNDXW2X3CRJMn0JYBLmePaeB2+2eH47jQc30PDztefXYsW2Nq6V8bRnd98dzcOHTmpJ38DMF1XEhERERERERERERGVGn9nmoiIiGgOqo1FcTWTlzc8Moalizs9zzs9HUcylR4psq4u5jiNMSmjr/+qLaEqGg3b5pFlGbIsQ1EUCAjP9XEzkkk6kiXJNWkjGo3oo+KV0uIue1K4prt3AHsPHMPwyLieRGWljRhYDG3kbVmSEInYt3coGIQsy1BV1TG5BgCaGuttj8Vi6Z8tL7aeWzZdByEewt/9+FX84G+exW9890mcOHkBP/zRK1i6uAO/8d0nmPw8Q8Lr70VwxQ7f8wWX3GCKpWC2nQWXbrFObnreiRxrAiT7d3ADTV3638YEZyep3uzzctMix2kCzYuhDvakR7ieGIJU24zg4o2QGzugjgwgefIjiHt/C1K4BoljbwBq+jiN3vz17OsY6jHx9O/nrJOYHAECQYiJzGj4qoKxv/5V1+nV0QHX58ohvOFLiO99BmJ6DErfCUy88EcAALmxA5EdX0N4w5cc9wuV3pHjp/URfEOhIPbst4/ybDyf7Ttw3JRY2T+Q/TJLiyU5UlNXF7Od9wqdz6tIJOz4RaR8Fna02x4LBLJt0fpFKuO2cTs/Oa2fJEmI1kQwOTmNqek4VFU1jTRtZEwWdzpHph/PvkbPpQE0NdYjHAph6eJOXOjuQzKVwvmLl7B86SJcuTqEiYl0svaKZYv0dbhkeJ0TJ8/jxEn3kamHR8bQtXCBKXn79bc/cZ0eACYmp1Abq8k5DXmzdHEnvnT3zQCAiclp9PQO4JPPDkEVAhOTU6ZkX00h+9fILWm4tTn7ZbpL/VeweuUS9Bm+ENfc5NxmteNbURSMT0yirtZ8fb9qReEjNHcsaEVLcwMGh0aRTKaw58Ax7DlwTB9h/pbtmxyvU4mIiIiIiIiIiIiISoEJ0ERERERzUNeiBfpPuJ8512P6We58jElBbglGxsdl2T7KsoTyjLxsFImGkRxPQRUCQgh95EWjZDJV0LLz5f0GAwHHx8+e78Xb73+mxzXRCBob6xEJhzA+MYlrg86JyIWQMvvJS4qy07ZxU4LcbN2NN6yBKgT+4Sev4U//xz9j4MoQli7uwG/+8pNMhpkNZOd2DgAIlPCtpJ/uwlgnoTpOIlTDFw8M/Vlkx9cw9eZfAKqCxNE3ENn6GBL7nktXIdaI4Irt2fmUbN8R3vRA7joFQ3oSNQBI0XqErtvpOrkUa3J9rhykmgY0/PrfIXHsLcR3/xjqWDpZTh0ZwNSbf4HpT/4JDb/8v4EAv5BQboePntL/npyaxqGjJ3NOf/psN267ZQsCmXNOMJg97vx8wabQ+cot4HD9YJTr3OX2RSq1yPUw/nKEt2ugbB+z/cb1+rXXgcMnsHzpIuw/lB2J3vhrDaqa7b8WtLWgpiY78rVVS2bka1XNvq41OdzK7TqF/JMkSd/P9XUxrLt+BZqa6vHyzz4AALz/8X50LVpgGs28kP3rrS72x4zX4W7N363Nagod/VnzlS/fhwvdfdi994j+JbpUKj3i/emz3XjkgTvQuaC1qNcgIiIiIiIiIiIiInLCBGgiIiKiOei6VUvxyWeHIYTAtcFhDFy+hg6PiQfhcAjhUAiJZNL1J+YHh0b1vxd22kdwnAkd7S0YH0+Punf+4iWsWNZlen5oeFQfydpKS6oSQiAeT5iScVVVdU0Qy+fYiTP63w/ctxNLujr0+MDhL/ImQCsp76/b3tqE7t4BCCEwNR1HTdScXJNIJvUEnNZW78k1pbZt8/UQQuAffvKzdPLzd59ElMnP85I6OZxOLLYkTytDvfrfgYXrci4j2LUBiUOvpJc31ItA+wr76wz1AEgnIks12bYfXncPpt7534CSQGL/cwgsWAl1PD1UfmTH12DMxJbblunPRXf+AqQa51FzTQJhQElACoZRc99v5Z9+Jkkywht3IbxxF0RiEqnz+xHf8zSUK+cgJoaQPPUxQmvvykxryLBLOp8DyL+z53uRSCYBpBMQcyWoKpnzkCoEDh87jRtvSP/KwsLONpy7kD5eLl8dQmdHm23esXH7aLSFzjcbXRscQawranpMCIHpqTiA9C9DuI3+DKS/QKYZGh51nMb4+OJF2fN8c1MDmhrrMTwyhmuDIxgcGkXPpcsAgNaWJjQ01OnTtrakz+FA+ppt3fX2vsyqvr4W1wbTo0DfdssWU8ItzayFHW1Y0tWhX4d99OlB7LrnFv35Qvav0fDouOPjVwezo4Avylx/L+pcgHMXLgEABgdH0NHeYptPO76DwUBR7SbXdeqyJQuxbMlCKIqK3r7LOHzsJPoHrkEIgQOHTuChXbcV/LpERERERERERERERG74O7dEREREc1AoGMTK5dmE4Nfe+hhXrg45Tjs5NY2XfvYBnnv5Xf2xttb0CKWJZFIfzdBo/+ET+t/GJN+ZZPy58Pc/3o8RQ7JIPJ7Az3L8PHxtbfZn4bWkEc3+Qyesk3s2ZEgMt450d/rsRdf5gsF0ItzUdByTU9OeXsu4/p/tO2p7fu/+4/rfizoX2J6fSdu3rMXv/8638a9/7SlEo0x+nrdUBfHDr9oejn/2U/3v4MLrcy4i2JUdQTW+52nb80rfCajDfZlpN5ifDIQQ2fJwuirj1zD5wh+nH5cDCG+83zxpR3bU/OndP3asizrSDzGVPeYD7cv1ZafO73OcR+nPPeJvOShXzkHEJ/RYCscQWnM7ar/+/+iPJU68l32+Lps8lzyTHdGeirP3YLZPfuKRu/FL33zU9d/PP/WQ/kWdI8eyo0YvMnzh6PDRk7YRirt7BzA9Hbe9dqHzzUb7DNtZc/TzM/rI0K0tub8QFKuJIpQZMbvn0mXE4wnT88lkChcupq8bZFlGQ32t6fltW7Jf4nj+lXf1bb39xvWm6To7stcIB444X3ckEklTwmt7W7P+96d7jjjOMzQ86vk6gopz+6036sfphe4+DI+M6c8Vsn+NxsYmbNftQggcP3FWjxd2pr/IsNhwHX7w6Be2ZfVeuqwf335GmzbKdZ06Nj5p+mJkICBj6eJOPPrAnYhmvpzX13+loNclIiIiIiIiIiIiIsqHI0ATERERzVF33bYNPb0DiCeSSCZTeP6Vd7F86SJ0drSisaEeQ8OjuHJ1EOcv9ukJOkPDo2huasCm9atxKZOs8Oa7u7Fj6wYsW7IQk1PT2LPvGEYzycZ1dTE0N3kYGbUM1qxehuNfnMPVa0NIJlN4+vk30dhQh0BAxtDQqJ7s5KSttQkDl9Oju+7edwTT8TgWdrTh1NlunDh5ruA6tbc3ozcz2uPb73+GnTdvQSgYwAefHDAlaFvV1cb0xJk33vkUO7ZuQEd7KwIB9+8rrlyxGHsOHIeipH9iXAKwft0qSAA+P3kOJ06eB5BO0Lpu1ZKC16lU2tuaKl2FeSvVfwqQcnz3NVRjSiwup+n3/hJIxRG67jaIVByJAy8i+cUHAAApFEVw2Y0555dqWxDsWo9U73EoV85h4tk/RPTWb0GKNSHVewxTb/4PfdrwDQ/a5o9sfRzxfc8BAEQiPSJmeNODkELmETEj27+CxP7nIZLTSBx8CVBTiGx+BFKsEepQLxJffIjEoZcR3vIoau7+VQBAzT2/jvEf/S4AYOKFP0b0ju8itOpmQA5AvXoB8f3PIXXxEGqf+D8RXL7N8zZTrnUjeeJd1+elaH3O5U0+/32ok8OI3vxzCC7fBrllMcTUCBKHssnocn12ROBAW3ak0sTn7yKwYBVC198OKVQDyO6jFpO7K1eH9PNmU2N93iTEcDiEJV0duNjTj0QyiTPnurFqxRI0Ndajvr4WY2MTmI4n8JPn3sDtN29BXV0M3T39jl+G0V6zkPm8SqUUnD3fk3OaBe0tqKuNFfU6Xly9NoyXX/8Q27esQzgcwulz3Th0JPvFgw3Xr8y7jDWrl+HYiTMQQuDHz7yOO3beiNaWJgwOjeDDTw7o1xfXrbSfW1cs69J/RUP7NYloNGL7stjiRR1obmpIJyxPTuOnz72BnTdtRnNzA8bGJnCxpx9Hjp1CNBrBt556CABw07YNOHn6AlRVxdnzPVBVFVs2rUEsVoNrgyM4efoCzl3oxcrli3HvnTsK3obkTW2sBqtXLMGpzBfc3v94Px57KD2SfiH71+rF197HzptuwKKFCzA6No4PPzmIZDL9yyYN9bWojaW/zFdfF9NHHp+YmMKzL72Nm7dvQm2sBt29/fhsb/b43rR+dUHrmus69ePdB9HdO4CuRQuwce0qtGa+RHn+4iU98TocDhX0ukRERERERERERERE+TABmoiIiGiOkmUZX3tiF1589T2MjqVH/zx/8RLOX7zkOH3XogV6MsWSxZ24Y+dWfPDxfggh8Nm+o7YEqVhNFF/98n3lXYk8HnvoTjz9wlsYHR2HEMI0+t6Srg6MjU+aHtNs27IOn584C1UIJJMp7D2QHTFSlqScydO5bNl4PS71XYEQAt29A/jxMz/LLleWoaqq43w7b96MV17/EEA6UU77+8lH73F9rVhNFI8/fDeee/kdqKqKk2cu4uQZ8yjTsiThsYfunJGkM6pe8d0/Rq6xXaVYIxp+7e/KXg8pFIVQVUx/9PeY/ujvzU/KAdR+/b9Aqsn/hYraJ/8Q4z/+D1CunEPqwgGMXzhgmyb24O84JlNLtS0IrtiB1Lk9+mORbU841jX2yH/AxAt/BKgKEodfQ+Lwa7bpUhcP6n8HOlYjess3Mf3pjwBVwfR7f5lO+LbOc+GgvwTogVOYfO1PXZ+Xmxai/jvOy1PHrkAdT3/ZY/qTfwI++SfbNFI4hujt3zatR3DxRqR6jgJKAlNv/09Mvf0/EVyxHbWP/4HnelPWZ/uP6X9v3bzW0zzbb9yAiz39AIB9Bz/HqhXpZNsnHr4b//zMz5BMpjA2NoFX3/zINJ+WfGtV6HxeJFMpvP3+npzT3LJ9EzYWmHzpR22sBn39V/Dia/YRZ7dtWY+lSxbmXcatN92AqelpnD3fi0Qyibfes4+EvqSrA3fs3Oo4/8b1q0y/JrF54xrH6XbdcwueffFtJFMpjIyO2/YJkB1xN1YTRTgUwt23b8c7H+yBEML1mq5/4GredaTSuGXHJpw51w1VCFy+MoiBy9fQkfkFEL/71ygSDiGeSOLDTw/a5gmHQnj84btNjz3+yN14+vk3MTExhWuDI/p1pNGtN92AFcu6bI97kes6deDyIID0SNPalwCt7mFCPhERERERERERERGVSY5hwIiIiIhotquJRvDUE7tw6003oK7OngQbDAbQ3NSAh3bdhoe+dJtphLbrVy/D3bdvR3tbM2RZNi1z5fIufOXL9yIUMn+fTvspcEmWctZLlszPG5cfkM2XqMZJZctzsizj60/swpOP3ostm67Hws42bFp/HR594A48cN9OPZnL+nrhUAiPP3I3amtrTI/X1tbgkQfusCWi2OrvMjLzws42fPnBOxGLZeeXJQmdHa24547truuxqLMd9911EyKWEfJCIXNsfd2W5gY89vBd6Fq0wLQvQqEguhYuwKMP3om21mbzMqTc+6bQaWkWM4wOLQVyfEfWMPqvFPA/mqPcvAh13/wTBDquyy4rEE4n1n71+wi0m0dmda1LMILap/4LIjc+Brl1afbxQBjB5dsQ+/LvIbT2Ltd6hDdkv7gRXHYj5IYFzi+zfCsavveXCK28CQiEzetS14rsRzmaAAAgAElEQVToHd9B/S/8d9PjkVu+gbqf+68ILFhpHi1ZDiDQtgyxL/8eond9z7VuGqnIkZa1+eX6djT86g8R3vAlSGGHc8CyG1H3c/8vpEit6fHYY7+P8KYHzPs8lLtfJGeJZBJ9mV9UCIWCWLl8saf5Wpob0NRYDwAYHZvA0PAoACASCeOJR+7Bkq4OBIPZ/ROrieLu27ejs6PVcXmFzlcqTudNx8fk4m5TfeXL92JBW4vp/NVQX4sdWzfgxhuud6+f5XXvvfMmbN60Bg0NddlrG0nC/8/evUfHWZ/3on/emZFk44tsY3zBlrnICHMnCQRihwCB2CQoTWlOE7eku23a9KRezW7rpHu1K91tsnZ309O07Gavs1m95HRv2qaladM0iSDYkBBSbMBcDJirYhliQYwxtpHvkkYz5w+hQffrSDMjfT5reem9/X7vM9a8esfWd56ZP29OXHLh6thww9oh57poTX2feS9aM3jX6fnz5sQnPv6hWH1uXZ/vSUREOp2OVSuXxc/9Xzf1eU1y7tkr4mO3rB/wGCO6X9tcetF5sfGjG4asjdHp/1p0KDU11XFBr+/vtkeeKiyP5/vb46y65bH2qsti1qyawrZMJh0rzlwSP33zdVFT0/eeVJXJxEc/fEPUn7NywGvQxacviPetfWef52V/I113w71OvfVjH4yLL1g94N8EEW//fFmxfPD7LAAAAAAATFSSz4+zvR0AULH279/fJ8wxka+j3TbYvuGWR7M+1LaR9g03ZrQmMkd7x/g6LBZDPp+PY8dPxslTp2Jh7fxBwwpDOX7iZFRXVY1pzGTr6uqKdHrwoGBnZzb+7s6myOfzMWfO7Pi5j940xBy5aDtyNGrnzx1yrvHVlosjR4/FwgUjd7TtradTYHUmE/Pnzx3T2Pb2jsjl8zG7V2CGofUP8kyV3NGZ1Z2z7S8+EhER6SXnxtyff6uTca4r8ifbIpmzMCIm+DM52x759hNvzTWyE/fcFp0vPBAREXN+9kuRWXHhqMbl249H/uSR7sD0KAPK+eOHIp/ritS8M0Z1/KTLZSN3oi0iIlJzFvV9h8kQ8scPR779eCRzT4+kevaIx09Eat7iSZ1/KKW8L0/U8RMno7q6KqoyY7s3j3dcOfr6v98bR44ci4iIX/1PtxS2Hzt+ImbPqpnwvb3ntdPcObNH9frvmed3x8OP7oqIiDXnnR3vfc/AbvSDyWa7ou3IsZg/b86oX2u1t3fE8ROnYkHt3AmHx8eqVPfQSr1eR/r+vrrv9fjuvd1dohvqV8X71nV39u/szEZnNjvim/N668xmo729Y1I+AWSk16nHjp+IXC4fc+fMnjHPSQAAAAAAxu+pZ/ZMaHzl/6YLAIBRS5Ik5s09LeYN0g16JHNOm9zg23j8y7fui4iIq6+4JM5edWZhe2dnNu65b3v0vNdv2ZKhO1um06lYtLC26LWl06kxh58jurv4LV60YFzn7N8RkDKVJBEz/X2oqXQkcxYVZ65MTSSZ0YX+8yePFMLPqQXLRx1+johIauYM6JQ84pg5iyYa7y6uVCZSc8fW6TeZs3DU4fIJ0XF+XMZ7by7He3qxFSv82fPaabSe3NVcWH7n5ReMelwmk47TF43t9UhNTbV7f4UYz/c3ortz/FjffFiVyUzamxtGep06GaFrAAAAAAAYigA0AMAUS5IkfAjHxB06fCSOHTsRERH3/eCRSJIkaqqrIpVOxcmT7YW/41QqFeuuuryUpVKGitEJfvwnT0Xku0p3/hmsfee3C8s1V/5sCSthgGRqO4X2ObX7MkXS+sprcepUe0RELF+2eExdeytJKe+hrlcGU9LXdQAAAAAAlEzpfsMIADBD+f18cSxaOD/et/adhXBRPp+PU+0dceLEqUIwZv68OfFTH7o2qn0kNv2UNP9cwqDnjNaVjfbHv9W9nK6O6guuLW099FHK68J9mWJ5dOdzheUr33FRCSuZXKW9h5bu3JQvzwsAAAAAgJlJB2gAgCmWRBIROtcVQ8Pqs6Jh9Vlx+M0jcehwWxx+82h0dmZjQe28OH1RbSw5Y1GpS6RMdV+HJZJKR3R1lu78U2zOT/9h5DtORHLagtIWkkScdtNvReTzkZq/JCLln8NlJZUu2andlyvb+97zjniz7Wipy4iIiHdetiZOnWqPTCYzrV+DlPIeOl2v10ULa+O9V3d/Ysni00t8v6xAJX1dBwAAAABAySR5nxsJADPO/v37Cx8TPNGvo9022L7hlkezPtS2kfYV4yOSJzJHVy4X2WzXhGsAxi+TSUc6VZqOs/nOU5E/dawk54ZylcyaG0nVrJKc230ZxqaU91DXK4Mp5XMSAAAAAIDxe+qZPRMa73+GAQCmWMpnNEPJlfI6TNJVJTs3lKtSXhfuyzA2pbxmXK8MxvMCAAAAAGBmEoAGAJhiSZIUpQs1MD4lvwZT6e4/QLcSXxMl/5kAFaTU10upz0/58ZwAAAAAAJi5BKABAEoglfJLeiiVcrj+kkx1qUuAslEO10M5/FyASlAO10o51ED58HwAAAAAAJi5BKABAEoglfIyDEqlHK6/cgh8Qrkoh+uhHH4uQCUoh2ulHGqgfHg+AAAAAADMXP6HGACgBFJJEikf1QxTrmyuvXRVJOlMqauAkkvSmYh0VanLKJ+fDVDGyuU6KZc6KD3PBQAAAACAmU0AGgCgRNJpL8VgqpXVdVc1u9QVQOmV0XVQVj8foAyV0zVSTrVQOp4HAAAAAAAzm/8lBgAokVQqFYmOZTBlkiQpq49JT6pqIlK6QDODpTLd10GZcF+GoZXbPdT1Srk9JwEAAAAAmHr+lxgAoIQy6XSpS4AZoxyvt6TmtFKXACVTjs//cvw5AeWgHK+NcqyJqeP7DwAAAACAADQAQAmlUjqXwVRIpVKRSpVfp8gkU11WHXBhqiRVNZFkqktdxgDuyzBQud5DXa8zV7k+JwEAAAAAmFp+SwAAUGKZdDp8gjdMniQp7y6BSc2ciMQ/zZhBklT3875MuS/D28r9Hup6nXnK/TkJAAAAAMDU8Vt2AIAS80t8mFxlH45KUpHMmlvqKmDKJLPmlnXo330Z3lbu91DX68xT7s9JAAAAAACmTvn+xhEAYAZJpVLCGzAJMul0pFLl/8+eJFNd1h1xoViSmjmRZKpLXcaI3Jehcu6hrteZo1KekwAAAAAATA3/YwwAUCbS6VSk016eQbFU2jWVVM+OpHp2qcuASVNpz/FK+xkCxVRpz/9Kq5ex8z0GAAAAAKA//2sMAFBGMum0X+xDEaTTldkNMqmZU1EBURitpHp2RXY5d19mJqrUe6jrdfqq1OckAAAAAACTy28FAADKTCad9gt+mIBKv4aSmjkVGRSFoVT6c7rSf6bAWFT6873S62cg31MAAAAAAIaSKXUBAAAMlE6nIkkisl1dkc+XuhqoDEnSHZJJpSr/fZ5J9eyIVDryp45F5HOlLgfGJ0lFMmtuJJnqUlcyYe7LTHfT6R7qep0eptNzEgAAAACAySEADQBQplKpVFQlqch2dUUuJwAJw0mluj8aPUlKXUnxJJnqSOYsiHz78ch3tpe6HBiTpKqmu+tzMn2Ca+7LTFfT8R7qeq1s0/E5CQAAAABA8QlAAwCUsSSJqMqkI5dLvdXFThs76C1Jkre6A07ThEySimTWvIhMTeTbT0TksqWuCIaXykRSc9q06Po8GPdlppPpfg91vVae6f6cBAAAAACguASgAQAqQCqVRHUqE7lcLrq6cpET4GCGSyVJpNOpGfOx6EmmOpJMdXcn6M6Tke8ShKa8JOlMRNXsSKpqSl3KlHBfppLNtHuo67X8zbTnJAAAAAAAxSEADQBQQVKp7mBALp+PXC4XuVxeNztmjCRJIpVKuq+DGfqZ6ElVTURVTSRdnZHPdkQ+2xGR6yp1WcxUqXQhnB/pqlJXUxLuy1QK91DXa7nxnAQAAAAAYKIEoAEAKlAqSSKVTkekI/L5fOTy+cjn8pGPfOTzIcxBxUuSJJIkIokkklQSqSSJRDjmbemqSNJVkdTMich1Rb6rM6Ir272cz0XkcxF+DlAsSRKRpCJJUhGpdEQ6E0m6qnuZiHBfpry4hw7P9Tr1PCcBAAAAAJgMAtAAABUuSZJIJ0mET4yGmSmVjiSVjnirAa84EZSW+zJUDtcrAAAAAABULv+9DwAAAAAAAAAAAABUDB2gAWAa6jq4N7J7n4qufS9G1xsvR67ttcifeDPynaciIqI6UxMxqzby886I/MKVEWesjvzyCyMWrChx5QAAAAAAAAAAAMMTgAaAaSJ3cG+079oanS/8ILoOvDT8wZ2nIjpPRXJ0fyQ/eaawOb+wLqJ+XeQbro1YuHKSKwYAAAAAAAAAABi7JJ/P50tdRDlqbmmN5t17u7+2tA7Y31BfFw31dRER0bhh3VSXBwAF2dano/2Rr0fH8/cXd+L6dZG/7KciOfOiiIhIkmTQr6PdNti+4ZZHsz7UtpH2DTdmtIoxBwAAAAAAAAAAzERPPbNnQuMFoPtpbmmNpi3bBg09D6dx/VpBaACmVO7I63Hy/r+Ojqe/O7knWnNDxNW/EMm8MyJCALqYcwAAAAAAAAAAwEwkAF0k4w0+9ycIDcBUaN/5nTi59SuR7zg5NSesmhXJ+/7viAvXC0AXcQ4AAAAAAAAAAJiJBKCLoGnLtmjaun3I/Q31dX2+Nre0DhuUbqivi82bNha3SAB4y4m7/yzaH/9maU5+yYcidf1vRIQAtAA0AAAAAAAAAACMjwD0BA0Vfm6or4vGDesKoeexjo+I2Lxp44jjAWDUsu1x7F8+H527HyptHWddEambfz+SqprCJgFoAAAAAAAAAABgtASgJ2Cw8PJog8+jmStCCBqAIsm2x9F//Gxkf7yz1JVERESy8tJIfeS/RWSqu9cFoAEAAAAAAAAAgFGaaAA6VaQ6Ks5ggeXG9WuHDSw3t7RGc0vroPsaN6yLxvVrBz0PAEzUsX/5fNmEnyMi8q88Hbm7/qjUZQAAAAAAAAAAADPQjO0A/enPfrnPeuP6tdG4Yd2Qx/cPTDfU1xW6RffW3NIat91+55jmBoDhnLj7z6L98W+WuoxBJZfeHKnrf0MHaAAAAAAAAAAAYNR0gB6H/l2ZRxNQ7t8turmlNZq2bo9Pf/bLfeZrqK+LzZs2Dhg7VOdoABhO+87vlG34OSIi//RdkX92S6nLAAAAAAAAAAAAZpD0F77whS+Uuoip1L+Tc0QMCCwPprmlNQ4ePjLkvoiIhtWrIiLi9EW1fbZHRBw81BbvufLicdU8GfL5fBw4cCCam5tjx44d8cADD8Tu3bvj0KFD0dnZGbNmzYqqqqpSlzmp2tvb47777ovdu3fHrFmzYv78+aUuCaCP3JHX4/g//5eIrmypSxlWvvXJSF14Y0T1aTpAAwAAAAAAAAAAI9r/+uEJjc8UqY6K1bh+7aiO27xpY59Oz/1D1E1bt0fD6lXRUF/XPe+GddHc0loIQZdTB+g333wzvvrVr8brr78+YN8TTzxRWP7ABz4Q73//+yOdTk9leVPmxIkT8f3vfz8iIubNmxcrV64scUUAfZ28/68j33Gy1GWMrPNUdG37P5He8LlSVwIAAAAAAAAAAMwAqVIXMNX6B5cbN6wb9djGDesKfzZv2lgIOxfm7hWQHmzucghB7969O/70T/+0EH6eNWtWnH/++XHllVfGueeeG6eddlrh2HvvvTf++I//OPbt21eqcgFmrGzr09Hx9HdLXcao5Z+/L/I/ebbUZQAAAAAAAAAAADPAjOoA3T+APNruz4NpqK+LzZs2xm2339mny3NzS+uAYHSPpi3bYvOmjeM+50Rls9n427/928hmsxER8dGPfjSuvPLKSKX65uDb2triX//1X+PFF1+Mo0ePRi6XK0W5ADNa+yNfL3UJY9b56L9GR+05hfUkSfp9ffvYJHqvJAPGjHZ9qG0j7RtuzGgVYw4AAAAAAAAAAGDsZlQH6Obde/usN6xeNeE5B3R57nWOhvq6IcPQpfDMM88Uws8bNmyIq666akD4OSKitrY2fuVXfiU++clPxtq1a2PFihVTXSrAjNZ1cG90PH//lJwrydQUba7USw9F0vZq0eYDAAAAAAAAAAAYzIzqAN1fMcLJDfV10bh+bTRt3R4RAwPRvfXvQD3V9u/fX1i+9NJLRzx+zZo1sWbNmsksCYBBdOzaOiXnSS9dHfM+8T/j+L9/MTpbHinKnFUt2yN35a0R8XaX5/6doEe7PJr1obaNtE8HaAAAAAAAAAAAqFwzKgA9WQHkxg3rhgw+N9TXlTz43KN3UKujo2NCc+Xz+XjuuefioYceitdffz06Ojpi2bJlcfbZZ8f1118fNTWDdxRtb2+PHTt2xN69e+O1116Lw4cPx6JFi2L58uVxww03xJIlSwaMefzxx+Pll1+OefPmxfr16+PNN9+M7du3xzPPPBPHjh2Lz3/+833O19zcHNu3b4/9+/fH8ePHY/HixbFy5cq47LLLor6+fsjHdPLkyXjiiSeiubk5fvKTn0Qmk4nly5fHddddF6tWTbxbOMBodb7wg0k/R3rZeTHvE1+JzuZt0bnn0aLNm3ppWyEADQAAAAAAAAAAMBlmVAB6plu2bFlh+Zvf/Gb8+q//eqTT6XHN9Q//8A+xa9euPtv27NkTe/bsie3bt8enPvWpqKt7u8N2Pp+Pu+66Kx588MHI5XJ9xr322mvx2muvxc6dO+PjH/94vOtd7+qz/7nnnotdu3bF3LlzY86cOfGtb32rz/62trZCcPrrX/96PPbYY332v/LKK/HKK6/Eww8/HBdccEF87GMfizlz5vQ55sSJE/GVr3wlDh061Gf7wYMH45lnnomPfOQjsW7d0N29AYql6+De6Drw0qSeI72s4a3w84Nx/DtfisjnRh40Wof2RvLmq5FfsKJ4cwIAAAAAAAAAAPQiAD2DXHTRRXHaaafFiRMnYu/evfHFL34xbrzxxrjsssuitrZ21PN861vfKoSfGxoa4uqrr465c+dGa2trfPe7341Tp07F3/zN38Qf/MEfRCbT/RRLkiR27twZuVwuUqlUvOMd74gzzzwzamtrY9++fXH//fdHLpeLb3zjG3HhhRfG7NmzB5z32LFjhfDz0qVLY/Xq1bF48eKYO3duRETcddddhfDzrFmz4t3vfncsXbo0Dh48GM8++2zs378/nn/++Th27NiAAPS9994bERErVqyIyy67LObMmRMvvfRSYb7vfOc7cfnllw8YB1Bs2b1PTer86eXnd4efX/yP4oef35Lse1YAGgAAAAAAAAAAmDQC0JOsuaW11CUUpNPp+O3f/u34u7/7u2htbY1Tp05FU1NTNDU1RW1tbaxZsybWrFkTDQ0NUVVVNegcTz75ZGzbti0iIq699tq4+eabC/vOPvvsuOSSS+JP/uRP4tSpU/HAAw/EDTfcUNh/yy23xBtvvBFr166N6urqwvZLL700Vq5cGXfccUdks9l4/vnn453vfOeg589kMvHLv/zLcd555/XZvnPnznjggQciImLlypXxqU99qk+I+qabboonnngifvSjH8XSpUsHnfv9739/3HTTTYX1K6+8MpYsWRJ333135HK52LVrV1x99dWDjgUolq59L07a3Okz18S8W78SnS/+cNLCzxERyRu7I2L9pMwNAAAAAAAAAACQKnUBU6lxw7o+61MRTu59job6ukk/30hqa2vjM5/5TDQ2Nsa8efMK29va2uKRRx6JO+64Iz7/+c/H3//938exY8cGjH/uueciorvDcu+wcI8FCxYUQsJPPdW3i+nFF18c1113XZ/wc48LL7ywsPzGG28MWX9jY+OA8HNExA9/+MPC8q233jpoB+l3vvOd8fGPf3zQeRcsWBAbNmwYsP0973nPqOoCKJauN16elHkzKy6ckvBzREQcLp83/wAAAAAAAAAAANPPjApA99e0Zdukzt8/YF0OAege73vf++K//tf/Gp/73Ofigx/8YJxzzjmRSr39dNi1a1f80R/9UTz++ON9xr300ksREXH++edHkiSRy+UG/DnrrLMiIuLQoUNjqqknGH348OEhj7niiisGbMvn8/Hqq69GRMQ555wTp59++pjOGxFxwQUXRJIkA7bX1NQU/l7a2trGPC/AWOXaXiv6nJkVF8bcW//H1ISfIyI5emBS5wcAAAAAAAAAAGa2TKkLmEr9A8iT3QG6effeSZ2/GJYsWRJLliyJ66+/Prq6umLPnj1x7733xssvvxy5XC7++Z//OZYtWxYrVqyI9vb2Qgj4qaeeGtDhub+Ojo7o6uqKdDpd2PajH/0onnjiiXj11Vfj0KFDkc1mI5frG8TL5/ODzpfJZAbtHn306NE+j2c8Fi9ePOS+TCYTHR0dA+oEmAz5E28Wdb704rNi7q1/EZ0vPDAl4eeIiDhV3McAAAAAAAAAAADQ24wKQEd0h6B7B5+btmyLxg3rJuVcTVu391mfrPMUSzqdjvPOOy/OO++8uO+++2Lr1q0REfHoo4/GihUr4sSJE4VjM5lMnHnmmSPO19vXvva1PqHpTCYTCxYsiJqamshkMtHaOr5Aeu9gck1Nzbjm6N39GqCU8p2nSl3CxHW2l7oCAAAAAAAAAABgGptxAejGDevittvvLKw3bd0eDatXDegOPVFNW7b1Pe/6tUWdf7Jdc801hQD0G2+8ERERCxYsKOx/17veFR/96EdHPd/BgwcL4eeVK1fGhz/84TjnnHP6HPO7v/u74+qyvGDBgshkMpHNZgu1AtCt640fx7Gv/VbMvfV/xJyIqesCDQAAAAAAAAAAMElmXNvbhvq6AWHn/mHlopxn9ao+6+XQ/TmXy8Xhw4dHfWyPOXPmREREkiRRW1sbEREvvvjimM795JNPFpZvueWWAeHntra2cYWfe9TVdX9Pd+/eHdlsdtzzAJRaUjWr6HNmX30ujn3tt6Pq/PfFnA//XkQyybf/qvF14wcAAAAAAAAAABiNGReAbtqyLZpbWvtsa25p7dMVuhga6uuicf3aaFy/NjZv2ljUucdrx44d8aUvfSm+/e1vR0dHx7DHfutb3yosn3vuuYXlSy+9NCIi3nzzzXj44YeHHP/UU09FW1tbYb13KPn1118fcPzdd9898gMYRk+NHR0d8b3vfW/QY44fPx7PPvvshM4DMNmS0xaMfNA4ZF99Lo5+7TenJgQ9a3IeAwAAAAAAAAAAQEREptQFTKWmLduiaev2Qff1hKCLGVYuh67PvT3wwAMREfHggw/Gjh074pprromlS5fG0qVLY9GiRXHs2LHYt29f3H///dHa2h0SnzVrVlxxxRWFOW666aZ49NFH49SpU/Fv//ZvsX///njve99bGP/KK6/EPffcE/v27Yurr746fuZnfiYiIi655JJCMPmuu+6KWbNmxZo1a+LUqVNx9913x86dOyf02K655pp47LHHoq2tLb73ve/FoUOH4tprr40lS5bEoUOH4rnnnot77rknIiL+8A//MGbPnj2h8wFMllTtssi9uW9S5u76yQtx9B/+c8z7xFdiTkQc/86XIvLj774/lPy8M4o+JwAAAAAAAAAAQI8ZE4C+7fY7B3R+bqiv67OtuaU1Pv3ZL3d3bh5DeLlnjob6uuIUO0l+4zd+I7797W/Hzp07h+2U3GPlypXxS7/0S5FOpwvbqqqq4pOf/GR89atfjY6Ojti2bVts27Zt0PFJkhSWzzzzzLjsssviqaeeimPHjsUdd9zR59jly5fHgQMH+nSKHovTTjstPvOZz8Rtt90WJ06ciJ07dw4aqs5kMtHW1iYADZSt9OKzI/vjib0pZDhd+16Mo3//Vgj6w783OSHoheV9PwQAAAAAAAAAACpb+gtf+MIXSl3EZGpuaY077vzuoOHnzZs2DtoRurml9e3tSRKnL6od9JiDh4/EHXd+N5q2bo+HHn0mGlavGvTYclFdXR2XXHJJXHjhhXHs2LHo6uqK9vb2yOfzfY6pq6uL9773vfGxj30sampqBsyzYMGCWLduXRw/fjwOHz4cnZ2dhX2ZTCbOOuus+IVf+IW46qqr+oy79NJLI51Ox/79+6Ojo6Nw/Jo1a+IXf/EXY/v27ZHNZmP58uVx8cUXF8Y9/fTT8frrr0d1dXVcf/31Qz6+mpqauOyyy+Lo0aOxf//+Pvvmzp0bV1xxRfzqr/5qLFiwICIiTp06FQ8++GBERFx88cWxcuXKQef9wQ9+ENlsNlasWBGXXHLJkOcHKIbcsYPR2fzgpJ4jf+xgdO7ZEbOv/7VILz4rOpu3RUR+xHGjnv/CD0b+jPpIovuNMD1viOn9xpjRLI9mfahtI+0bbsxoFWMOAAAAAAAAAACYiQ4ePjKh8Um+d/p1mmnasm3QgHNPh+eh9g+lf8fowfZv3rRxXLWW0pEjR+L48eOxYMGCcXVGzmaz8cYbb8S8efNizpw5oxpz8uTJOHbsWJxxxhljPt9o5PP5OHLkSHR0dMSCBQuiqqpqUs4DUGxdB/fGkdt/bkrOlV66OuZ94n/G8X//YnS2PFK0ebs2/lXkF6wQgAYAAAAAAAAAAAbVvGfoPO5oZIpUR9kZKty8edPGaKivG3R/4/q1wwaihws/R3QHoCvR/PnzY/78+eMen8lkYtmyZWMaM3v27HGFrUcrSZKorS3fbtwAQ0mfvirSZ5wTXQdemvRzde3fHW1fuSXy2fbiTbpoVeQXrCjefAAAAAAAAAAAAP1MywD0bbffOSCs3FBfF40b1g0bfm7csG7cnaF75gaAiapac92UBKAjorjh54jInbOuqPMBAAAAAAAAAAD0l+Tz+XypiyimocLPmzdtjIjuLs633X5nn/094ef+mltao3n33sJy/zkbVq8Segag6HIH90bb7T9X6jLGpWvjXxU6QCeRdH9N+n4d7fJo1ofaNtK+4caMVjHmAISG6okAACAASURBVAAAAAAAAACAmah5T+vIBw1jWnWAHiz83D/c3LRlW5/9Pd2bB9NQXyfgDMCUS52+KqovuD46nr+/1KWMSf7c9xbCzwAAAAAAAAAAAJMlVeoCimW04ef+x/R0hgaAclJz1cdKXcKY5S75cKlLAAAAAAAAAAAAZoBpEYAebfi5aev2PscIPwNQrjJ1l0b1pR8sdRmjlmt4f+SXXVjqMgAAAAAAAAAAgBmg4gPQQ3V1Hin83Lh+bTTU101JjQAwHrOv/7VIqmeXuoyRVc2K3Lv/U6mrAAAAAAAAAAAAZojKD0CPEGxubmkd9JjeAWkAKEep+Uti9vrfLHUZI+p6z6ci5pxe6jIAAAAAAAAAAIAZouID0L31DzY3t7TGbbff2eeYhvo64WcAKkbNOz4cNe+6pdRlDCl34Qcjt+YDpS4DAAAAAAAAAACYQaZVALq5pbXP8mDh582bNk51WQAwIad96HNRtfo9pS5jgHzdFdH13l8vdRkAAAAAAAAAAMAMkyl1ARPVUF9XCD43t7RG05Zt0dzS2icM3XOc8DMAlWruz/73OPqPn43sj3eWupSIiMifeUlkP/C7pS4DAAAAAAAAAACYgSq+A3TjhnV91pu2bhd+BmD6ydTEvJ//87LoBJ2re1d0bviDiEx1qUsBAAAAAAAAAABmoIoPQDfU10Xj+rXD7hd+BmBayNTE3J/7s6h51y0lK6Hrgpsie5PwMwAAAAAAAAAAUDqZUhdQDD1doJu2bu+7ff3aAR2iAaDSnfahz0V6+flxcutXIt9xcmpOWjUrslf/anSdf2MkU3NGAAAAAAAAAACAQSX5fD5f6iIAgLHLHXk9Tt7/19Hx9Hcn9Txd510f2XfdGjF3cUREJEnS52uf5d7bIhn5+GGWR7M+1LaR9g03ZrSKMQcAAAAAAAAAAMxEzXtaJzReABoAKly29elof+Tr0fH8/UWdt+vstZG96ObIL7swIgYGmQWgBaABAAAAAAAAAGA8BKABgIiI6Dq4Nzp2bY3OF34QXQdeGtccuQUru4PP514TsWBFRAwdfBaAFoAGAAAAAAAAAIDxEIAGAAboOrg3snufiq59L0bXGy9Hru21yJ94M/Kdp7oPyNREvqY2cnMXR652ReQW10fXkgsiX3vmiIFnAejizQEAAAAAAAAAADORADQAMGY/fvmVMQedBaCLPwcAAAAAAAAAAMxEEw1Ap4pUBwAAAAAAAAAAAADApBOABgAAAAAAAAAAAAAqhgA0AAAAAAAAAAAAAFAxBKABAAAAAAAAAAAAgIohAA0AAAAAAAAAAAAAVAwBaAAAAAAAAAAAAACgYghAAwAAAAAAAAAAAAAVQwAaAAAAAAAAAAAAAKgYAtAAAAAAAAAAAAAAQMUQgAYAAAAAAAAAAAAAKoYANAAAAAAAAAAAAABQMQSgAQAAAAAAAAAAAICKIQANAAAAAAAAAAAAAFQMAWgAAAAAAAAAAAAAoGIIQAMAAAAAAAAAAAAAFUMAGgAAAAAAAAAAAACoGALQAAAAAAAAAAAAAEDFEIAGAAAAAAAAAAAAACqGADQAAAAAAAAAAAAAUDEEoAEAAAAAAAAAAACAiiEADQAAAAAAAAAAAABUjEypCzh8+HCpSwCAES1cuLDUJQAAAAAAAAAAABA6QAMAAAAAAAAAAAAAFaTkHaB11AQAAAAAAAAAAAAARksHaAAAAAAAAAAAAACgYghAAwAAAAAAAAAAAAAVQwAaAAAAAAAAAAAAAKgYAtAAAAAAAAAAAAAAQMUQgAYAAAAAAAAAAAAAKoYANAAAAAAAAAAAAABQMQSgAQAAAAAAAAAAAICKIQANAAAAAAAAAAAAAFQMAWgAAAAAAAAAAAAAoGIIQAMAAAAAAAAAAAAAFUMAGgAAAAAAAAAAAACoGALQAAAAAAAAAAAAAEDFEIAGAAAAAAAAAAAAACqGADQAAAAAAAAAAAAAUDEEoAEAAAAAAAAAAACAiiEADQAAAAAAAAAAAABUDAFoAAAAAAAAAAAAAKBiZEpdAAAAUyOVSiKVSiJJJZEkEUmSvPWn1JUBAAAAAAAAANNdPh+Rz+ff+hORz+Uj99YfGCsBaACAaSpJkkink0ilU5FOJRGCzgAAAAAAAABAifQ0axsQYMhHdOXykevKRVdXd0AaRiIADQAwzWQyqUhnUpFKSTwDAAAAAAAAAGUuiUink0in01EVEblcPrqyuchmc6WujDImAA0AMA0kSRKZqlRkMqlSlwIAAAAAAAAAMG6pVBKp6nRUVacjm81FtjOnKzQDCEADAFQwwWcAAAAAAAAAYLrKZLozEYLQ9CcADQBQoTJVqaiqSpe6DAAAAAAAAACASdUThO7s7IpsZ67U5VAGBKABACpMKpVEVXU6Uqmk1KUAAAAAAAAAAEyZqqp0pNOp6OzoilxON+iZzGelAwBUkEwmFTWzMsLPAAAAAAAAAMCMlEolUTMrE5mMCGwlSyYQfUmSadwBurmlNSIimrZs67M+EQ31ddFQXxcREY0b1k14PgCAsaiuTkfai3cAAAAAAAAAgMKnZ3d0dJW6FMahKpOJjs7suMcm+Xx+2vUAv+32O4sSeB5J4/q1gtAAVKQfv/xKJG+9jWqiX/ss994Wozh+mOXRrA+1baR9w40ZrWLMMZZzVdekdX0GAAAAAAAAAOgnl8tHR3tXTMM47LS2/43D0Xbk2LjG1s6fO706QDe3tMZtt985Zedr2ro9InSDBgAmT5JKoqY6HYnwMwAAAAAAAADAAKlUEjU16Wjv6Ip8Tgi6UtTOnTP+APTcOdOnA3TTlm2FQHJvDfV1fb5ORHNL66CdpRvq62Lzpo0Tnh8ApooO0JXRATp56wX6VHabBgAAAAAAAACoRPl8PtrbhaAryXi6QNfOnxtLFy+cPh2g+4efG+rronHDuqIEnwecq1/YurmlNZq2bNMJGgAomiR5q/Oz8DMAAAAAAAAAwIh6shbt7V0xTXoDT3tLFy+MbDYbx0+cGtXxc06bFUsXL4yIiNRkFjZVmrZs67PeuH5tbN60cVLCzxERjRvWDej43LR1+6DdoQEAxqO6Jh1JSvgZAAAAAAAAAGC0klQS1TXpUpfBGKxYdkbUzp874nG18+fGimVnFNYrPgDd3NLapxtz4/q1U9KJuaG+bmAIul8QGwBgPKqr05ESfgYAAAAAAAAAGLNUKonqaiHoSrJ08cJYdebSqJ0/N6qrMpEkEUkSUV2Vidr5c2PVmUsLnZ97ZEpUa9E0797bZ30qws89GurroqG+TudnAKBoMplUpDMV/x41AAAAAAAAAICSSWdSkcnlI5vNlboURmnWrOqYNat61MdPq3RNQ33dkPsmElIebmzvwLUgNAAwEalUElXegQgAAAAAAAAAMGFVPoF7Wqv8DtC9QsdDBaBvu/3OwnGbN23sc1zTlm3RtHV7REQ0rl87oIP0cGOHqmekYwAABiP8DAAAAAAAAABQPFXV6Wg/lS11GUyCiu8APVLX5aYt2/oc07RlW9/9b4Wfe5b7Hzvc2Iju0HXvwHPz7r2jLx4A4C2ZqpR3HQIAAAAAAAAAFFEqlUSmquKjsgyi4jtAj6Rh9aqIXiHn/t2ZG+rrhuwiPdLY/nM01NcN6CBdKXa/9Eo88/yeiIi4/OLz4uxVy4s290OPPhP7DxyKiIhrrr4sTl9UW7S5h/Pvd/8wOrNdERFxwXlnxcUXnDsl5wWAsUqSJKqqdH8GAAAAAAAAACi2qqp0dGXzkc/nS10KRTT9A9D1ddG4fm00bd0+aEC5ccO6aN69N5pbWgfsG2ls7zkqNfjc444774kDbxyOiIhnnt8Tv//ZXyra3Pc98Fi8uu9AREScVbdsygLQW+9/NHK5XERE5HM5AWgAypZ3GgIAAAAAAAAATJ5MVSo6O7pKXQZFNO0D0BHDB5Qb6uuG7Ow80tjp4kd7XimEnyMiXvnJgfhx62txVt2yElYFADNDkiSRyQhAAwAAAAAAAABMlkwmFdnOnC7Q04i0DXHX1u0DtjUNsq3SXHH5mrhozTlx0ZpzYtVKYW4AypPuzwAAAAAAAAAAk09GY3qZER2gJ0tzS2v31917IyIqslP0gYNvxgs/+nFERKRSqUinUtGZzcau51ricNvRWFg7r8QVjt8nb7251CUAwIh0fwYAAAAAAAAAmHyZTCo6O7pKXQZFMiMC0M0trdG0ZVs01NcNCCn33hcxuhBzz5ieAHSPnq7JjevXVkwY+rv3PVxYvvHaKyKdThW2bf3+jvj4LTeUqjQAmPaEnwEAAAAAAAAApk4mk4psNlfqMiiCGRGAvu32OyOiO7jc3NIamzdtLOxr3r23sD1i5AB005ZthaDzkMf0BKHLPAR94uSpePixZwvrN157RUS8HYp+YPuT8dMfel/U1FQNO0+2qyseevSZ2Pbw03HgUFtk0qk4f/WquPD8c+KqKy4actxrrx8qnGv50kWx/vqr4ocPPRnPPr8ndr/0aixaOD8uWnNOvOfKi2P50tMjovt7uPPp5njmhZfi1Kn2OGPxgnjPFRfHNe+5bMD893zv4di3/1DhsdWtWDLoeW+64ep47MkX4pnn90RzS2t0dmbjjMUL4h2XNMSN114RSZKM6u8TAMYqLQANAAAAAAAAADBl0gLQ08a0D0D379Lc0+l5qP0jzTVS+LlH09bt0bB61YDzlZMfPLgzcrnuC/nSi1bH/HlzIiLi8kvOiyd3/ShyuVz88KEn4wPXXTnkHPl8Pv7fv/lGvPCjH/fZvuOJ52PHE89Hc0tr5PL5Qce+2XY0Hnm8O4C9fNniaHn5J7HruZbC/lf3HYhX9x2I+//jifjvv/9r8fRzLfEPX9/SZ46jx07Enpd/Ej/a0xqfvLWxz77HnnwhXvnJgYiIuOzi1YUAdO/zrlh+RrQdOR73P/jEoPM+uvP5+L3f+gUhaACKLkmSSKXcXwAAAAAAAAAApkoqlUSSJJEfItdI5Zj2bQcb6uuGDSH33te4fu2wczVt2dZnvXH92ti8aWP85Z//Tvzln//OgPE9nafLUS6Xiy33P1JY/9CNVxeWb3r/VYXle77/yLAX+j9+494+4efZs2qiob4uzli8MCIitu/YFftee2PEeva99kbseq4lUqlUrDzzjKjKvJ3N78xm44tf/t+F8HPt/Dmx9IyFfcbveOL5aH319RHP09+r+w4Uws+LF9UOmHfvK/vjoUefGfO8ADCSdFr4GQAAAAAAAABgqslsTA/TvgN0RMTmTRujuaV10CB044Z10bhh3ZD7ezS3tPbpFt24fm00blg3YK6G1av6BJ9HmrdUHnn8uWhv74yIiGVLFsXZq5YX9p29anksW7IoXnv9UBw/fjKeeLo53nXZ+QPmePaFl+I/HnqqsP7BG6+On/rgNdHzo2H3S6/EV/7yX6Izmx1VTQtr58XvfObnY9HC+ZHt6oqt398R377nwYiIOH78ZEREfPTD1xU6Uu/bfzD+7H/9U2Hfw489W+jyPBY1NVXxnz/1s1F/zoqIiDjwxptx+//+ZiG4/cPtT8bad18y5nkBYDip9LR/HxoAAAAAAAAAQNlJpVMR2Vypy2CCZkzyZqQQ8kj7m3fv7bPeP/zce57ec/XvGl0u7r7v4cLyTTdcPWB/72133/vQoHP07vx8zqrl8ZFe4eeIiNXnrIyP/8wNo67pl2+9ORYtnB8REZl0Oj5449WRSr39FD1n1fJC+DkiYvnS0+O6tZcX1l9/4/Coz9XnvD9/cyH8HBFxxuIF8TM3v6+wfuBQ27jmBYDhpFPeTQgAAAAAAAAAMNVkNqaHGROALqZy7Og8Fs0trXHgrbBwTU1VvPudFww45sp3XBA1NVUREfHqvgPx8t59A47ZveeVwvIHrn/3oOdae+XFo6oplUoN+HtNkiQW1M4trL/j0oYB485YvLCw/GbbsVGdq7/LLj5vwLZlS08vLPd0mAaAYkmlkgivpQEAAAAAAAAApl7yVnaDijZjAtDNLa1DdmMebl/vY0ar3APSd23dXlg+a+WyePbFl2PX83v6/Hmu+eVYsnjRoGN6/PiV/YXlpWcsHLA/ojvYXDt/zog11c4b/JiamurC8uLTFwyyv6qwnMuNvSX9wtp5g+bPaqqrBtkKAMXhRTQAAAAAAAAAQOnIblS+TKkLmAqf/uyXC8sNq1f1CSg3bdkWTW+Fe5tbWmPzpo2DztG4YV3cdvudheOaW1qHDDo39QoLl1sYev+Bw/Hi7r2F9Z7HMpJdz++JQ4ePxKKF8yMiIt9vfzqdHnJsVWbkp1kyih8m6VTx8/qjOS8AFJv7DwAAAAAAAABA6chuVL5p3wG6f7i3f6fn3mHl0YaBB5tnpO3lYsv3Hxn32K337ygsJxGxfOnphfWDh9qGHNd25Pi4zwkA01HiNTQAAAAAAAAAQMnIblS+ad8Bun8H5sHWe4eeh+rY3FBfF43r1/bpFv3pz345GtevLRzTP0DduH5tNG5YN+HHUCzHT5yK7Tt2FdY/8bENsbB23rBjDr15JL72L1sjIuKHDz0Vt9x8bdTUVEVExLlnnxmv7jsQERHbH30mLlpzzoDxu196JTqz2WI9BACYFhKvogEAAAAAAAAASkZ2o/JN+wB0RBRCyg2rVw0IOG/etDGatmyL5pbWEcPKjRvWDQg59+4gPdjx5eT+B58oLC9ftjjee9Wloxr3vQcei9dePxS5XC4e2L4z1l//7oiIOO/clfEfDz0VERGPP/lCXHPVpbGm4azCuFPtHfG1f723iI8AAKYHL6IBAAAAAAAAAEpHdqPyzYwA9CiCzaPVE5geLvjcUF9XduHnrq5c3PuDHYX1D95w1ajH3nTD1fF//unuiIjYcv+O+MB1V0aSJHHF5RfE/f/xRLy0d19ERPzFX3093v3OC+Pcs5ZH29Hj8eDDT8fRYyeK+0AAYBrwGhoAAAAAAAAAoHRkNyrfjAhAF1vvcHNPELqns3TjhnUDukyXg0cefzba2zsjIqKmpiquuHzNqMde+Y4L4p/+7d5ob++M48dPxuNPvRhXXL4mUqkkfvPTH4sv/j9/G4fbjkZExI4nnosdTzxXGHvG4oWRSiL2Hzhc3AcEAAAAAAAAAAAAwIwkAD1OPSHocuv0PJTv/fDxwvKN77siUqnUqMem06l4/zXviu/e93D3XA88VghQz6qpjv/ym7fGP3/ze/Hkrh8VxsyeVRMXNJwVt/7shvhf/983IkYIQFdl0mN5OGM21PyTfV4AAAAAAAAAAAAAiivJ5/P5UhcxEZ/+7JcLy43r1w4aSG7asq3QqXnzpo19OjQ3bdkWzS2t0dzSOuR4RieXy8XBQ0cinU7FooXzS10OAMP48cuvRvLWZ3lM9Guf5d7bYhTHD7M8mvWhto20b7gxozWROWaf5j1oAAAAAAAAAACldPJEttQlzHATiy+Pvg1whWpuaS2EnyO6A8/99ze3tHbv27q9sDyW+XvPMZOlUqk4Y/EC4WcAAAAAAAAAAAAAJs2Maz/Yu/vzePY3t7QWQtRDhZ4b6uuiob5ON2kAAAAAAAAAAAAAKLKK7wDdO7A8WCC5ob4uGtevLSw3rF7VZ3/vkHLPcUNp2rItbrv9zhE7Pvd0ne7fbRoAAAAAAAAAAAAAmJgkn8/nS13ERPQEkiO6A86bN22c9POM1eZNG0fsLA0AU+nHL78aSZJEREz4a5/l3ttiFMcPszya9aG2jbRvuDGjNZE5Zp824z6EAwAAAAAAAACgrJw8kS11CTPcxOLLFZ++adywLm67/c6IiEJn5mKHjZu2bBsQfm6oryt0j+45X0/H56at2weMn6xgNgAAAAAAAAAAAADMJBUfgO6v2GHj5pbWAYHmoTo69wSiGzesi6Yt2wrjmltao2nLtsJ+AAAAAAAAAAAAAGB8UqUuYKIa6uv6hJF7wsbF0n+uxvVrR9VhunHDuj7HNW3dPqCLNAAAAAAAAAAAAAAwNhUfgI6IAR2fm7ZuL1oIundouXH92jF1cdbxGQAAAAAAAAAAAACKK1PqAopl86aNcdvtdxbWm7Zuj6at2wd0iB5O/8By/47NDatXjammnnP3zNO0ZduAsDYAAAAAAAAAAAAAMHrTJgDdUF8XjevXRtPW7X22N7e0DggyD6W5pbVPQLl5994B5wAAAAAAAAAA/n/23jzOruK69/3V6dOTWgMSSEJWi8FgwGAwEhgJDMbY2NiBEA+Q+/LsTAZyE2d08jLcOM9JXm78HMfJTezgDJaSGw+JJxzb2MY4HnAwIMBIOAwBMwnUQsgITa1WD+f0qfvH2bv2Wqtqn3O61VKrxe/L57jO3rt21frVqr0brNU/EUIIIYQQQsjsUZntAGaSq654Nf7uL34bV73xomnd36pQerpjSlfpTguxCSGEEEIIIYQQQgghhBBCCCGEEEIIIYQQ8uKj0fCYqNUxOjaO/QdGsW//AewdHsGeffuxZ99+7B0ewb79B7D/wChGx8YxUauj0fCzHTYhh52jxgFactUVr8Zpp54QHJw7cYE+7ZRVqlgZAE479QRcld1/2qknTCuW3Jn6h09spYM0IYQQQgghhBBCCCGEEEIIIYQQQgghhBBCFN43i54nanVMTk627eu9R6MB1DEJoAYA6OrqQk93FT3dVTjnDkPUhMwuznvP0n9CCCHkRcbTW7aFf9k92FZ9l+fQQf8W3zs5LjvX7tpM/Iv+wYzRP++o/B00QgghhBBCCCGEEEIIIYQQQgghhEyBRsNjfGIC4xO1GR23t6cbvT09qFRYCN2K0QP12Q7hRc7BlS+z+oYQQgghhBBCCCGEEEIIIYQQQgghhBBCCCHkMDI2PoGx8YlDMvb4RA3jEzX09fagr7fnkMxByGzDAmhCCCGEEEIIIYQQQgghhBBCCCGEEEIIIYSQw8DkZAMHxsYxOTl5yOcaG59ArT6JeX296OqqHPL5CDmccEcTQgghhBBCCCGEEEIIIYQQQgghhBBCCCGEHGImanUMjxw4LMXPOZOTkxgeOYCJWv2wzUnI4YAF0IQQQgghhBBCCCGEEEIIIYQQQgghhBBCCCGHkPGJGg6Mjs3a/AdGxzA+UZu1+QmZaVgATQghhBBCCCGEEEIIIYQQQgghhBBCCCGEEHKIGJ+oYXRsfLbDwOjYOIugyVEDC6AJIYQQQgghhBBCCCGEEEIIIYQQQgghhBBCDgETtfoRUfycMzo2jolafbbDIOSgYQE0IYQQQgghhBBCCCGEEEIIIYQQQgghhBBCyAwzOdnAgdGx2Q4j4sDoGCYnG7MdBiEHBQugCSGEEEIIIYQQQgghhBBCCCGEEEIIIYQQQmaYA0eQ87PlSI6NkE5gATQhhBBCCCGEEEIIIYQQQgghhBBCCCGEEELIDDI2PoHJycnZDqOUyclJjI1PzHYYhEyb6mwHQAghhBBC5i6NhsfY+NR/K7Sr0oXe3u5DENGhw/61RN3dVXRX+a/TZYyP1zDZ0P8xP6+/77DNv39kFPuGR9Db041jlyw6bPMeTbyway8+8dlb1bmzzzwFr3/NebMUESGEEEIIIYQQQgghhBBCCCFzg+afpR/5xcVj4xPo6e5GpeJmOxRCpgwrNgghhBBCyLR5Zug5fOCvPznl+04YXI7ff8/PHIKIDg0TtRp+8w8+os5dfun5uObqy2YpoiOfj6z/PB5/ckid+7u/+O1DNt/kZAPfvv0+3Hf/I9i2fSdq9ToA4MzTT8Kv/cK1h2zeo5nRsXE88tjT0XkWQBNCCCGEEEIIIYQQQgghhBDSmvGJI7/4OWd8YgL9fb2zHQYhU4YF0IQQQgghhJA5zZZntuMj62/CyMhodG3f8MgsRHTkMzIyilq9cOju7elGfz//Tw1CCCGEEEIIIYQQQgghhBBCDhbvPcYnarMdRseMT9TQ19sD5+gCTeYWLIAmhBBCCCGEzFnGxifw13//OYyOjSevD+8/cJgjmhv87f/+onLoXrRwAH/2h++exYgIIYQQQgghhBBCCCGEEEIIOTqYqNVnO4QpM1Gro7ene7bDIGRKsACaEEIIIYTMKMuXLsaypUta9jlh5bLDFA052rn123dHxc9Lj1uM11z4Siw97hgsnD8wS5HNLeqTjejcwEA/Llhzpjp38okrDldIhBBCCCGEEEIIIYQQQgghhMxJWABNyOGBBdCEEEIIIWRGufy1r8Il614522GQFwmPPv5MdO73fv2dGJjXNwvRHF0sXrQA73rHlbMdBiGEEEIIIYQQQgghhBBCCCFzhkbDY3Jy8pCMPTFRAwD0HIJC5cnJSTQaHpWKm/GxCTlUVPf+3YUAxKb1HnCu2cIB0K2Hh4OD91kLnx5Z3taKNtdlOHE0Jsx280Q3JFqf0psfNXW3nG/K8ZSfDuG2G6fVCB3ls/U6T1lXu+tinFRUrefrTJfOZ3r6Mt3T0tWmX8fzTUWXi/UlhysfpbP9NYX93H6+qT1/LR+QVuF2tjyH4P1UvBeL92O7/TrFeFo9Pwf5/kn2U4dGny/Rm9oQ04gn+by2Cr/T57QdzsFVu+H6BtA1fzG6jlmK6nGD6F5xEroHT0PvSWfB9c6bockIIQAwMjKqjufN64NzDrV6HVueeQ7P7XgBJ51wPAZXLpf/1goAGB0dx6NPPIOJiTqOX7YEL1lxHKpdXW3n6OntRne1Cu89hp59HkPP/gg9Pd04YXA5lh57zEFrGh+vYcvW7di1ex8mJmo4ZtECHL9sCZYv087Y3ntMTOjf/q1Wu9DVVUmOO1GrwQuj3u7uLlQquu/efSN4ZtsO7Nq1F4sWzccJK5djyeKFHcX93I4X8OyOF7BveATHL1uCVS9ZhoGB/o7unSpjYxPqP/x7+3pC7nbvHcaTW57F5OQkViw/FiuO13mdmKihlv3W9NahH6lxV61cDniPkZFRdHV1oa+vJ5q70/zkTE42MGZcpucN9MMBqE9O4tHHnsEL6UYuOQAAIABJREFUu/bi2CWLcNYZJx+WPW3XcvuOnfjRzj0YH5/AsqWLk7mTOibr+v90qdfrKu78Xqulu6eKnu70/6Ey1XVNjZ+vlQew/bmd2LrtR+jurmLliqVYtnRxtF6EEEIIIYQQQgghhBBCCCGEHEnUD1Hx80OPPIXPffHbAIBr3/I6nHXGyTM+R31yEj0VeuqSuUO1WdYrCspc9kfKeetdfqF5OvsjZ+f0cVSRZm8vK7B1rQsgnTNtNoDzOszoT8Jt/Z0z+oyuMIAZ0AXd+WWnukcFic7MlywYzwWINlsgl1VshtV1iYpAidHtvcvW2aXzKRMDmU/dTYWnFsDOZwogXVwgqQo/Q+Ky2W0+ra5onV0WfqGvuc5ZW5rPtK4y3VEldnZB5dO5uKBX5auowC32T5v5TAepy+ZV72cbtxlO6lfxtCqsFvl05hcePHSFcZv9Ez0/Zh/mx6l8qvdG6b6w8xh9JQXIqf0q3j7Z+0lg54t0u0y3eT+WvFdDPlHoU8dlz3uYT743ivckSvIa9LlCXz5PsmDcPO9Wl/054Ox71WzAVCFzSlfxOIVMKH3huM3z13xO04XTLVvvgdoEGrUJ+OHdqG1/Eg53q369J78CvS9fi/5XvBq9p5wLQsj0majV8Fvv+xt17h3XvhHPDO3A7Xf9QJ2vVCp457VvxEUXnI1du/fhI+tvwvbndqo+C+bPw6/9wrVYtXJZyzmuftPF6O6u4t+++h9oNBrq2iknr8Qv/txbsGD+1H/ZYWx8Ah//9C3Y9J8/TF5fsnghfuptl+PsM08BAOzeM4zf/59/r/qcfMIK/O6vvzO6d3y8hvf8wYdVvJe+ejV+6m2XAwD2DY/gHz/1VTzy2NPRvQMD/filn3sLTn3pYDKuJ7Zsw8c/fQt2PL87unbC4HL80s+/FYuPWVCienr86f/6OJ7fWcy35pzT8fpLz8PffOwmjJpi44GBfrz7XW/FKSetBAB8/su34T/uuj857tZtO1S+P/z//0b4Deip5ifnoUeewkf/8Qvq3P987y/ga/9+FzZ+/6GQkzNediJedsrgId/TQDPf373zftx2x+aoiDjn9FNPwM/+X28OBfAP/NcT+Lt/+mKy7/i4fk5+9YZrklouv/R8XHP1ZercdNc19Wy+8yevQK1Wx+e+9J3o2Txp1fH4xXe9FccsnJ+chxBCCCGEEEIIIYQQQgghhJDZ5lC4Pz8ztAOfvumbqNWbJlGfvumbuOFnr8YJg8tndJ7JyUmgmwXQZO5QAYoiNFX7JgtAUxeySjnvfdalaD2KFt5nRaKilT28mMPbSOLr8lD1FGF5M5zq68sEpwZCKPgMbUK39x75P4WuQl+4J47aBGoD8siWrGgTuvMh7DDJfOY3pGIxugr9QpvXH7U2MPdGukREMgZ72oYrNdo+cm1Sukw+1Z4KsZu96WUu8xzHunykyySolf2wzKe9zYarpJgdWaJL688X0T6dhS6f6fIQbUleVXJKdKWWQ95S7Gcfbsn1hDbXa3TrucUGSHy8N2Nq9UU+ZV7DyInEyA5Wd9BgxlC69Zqn8mn1Jz/mgfcwY4m1k3lN6St9/ejOSd3Fs5DrFnsFYq1TeVUDW10iMBmxF2OU6A7Pj4zNSJmJdvypB7Hvaxuw44PvwrN/cDX2fOlG1HZsiReJkBcpExN1jI1NtPz45Iunyac+942oUBQAGo0GPv6Zr+Pezf+FP/nQ/44KRQFgeP8BfPDDnwp/9U8Zt37nbtx0821RgSUAPPHUNvzl334G9frU/sN0dHQcH/irT5QWgQLArt37cOOGL+D79z8CoFkYevqpJ6g+Tz2zHS/s2hvde+e9D0TxXnpR85cwRg6M4QN//clk8TPQdNn90I3/im//x33Rtae3Poe/uPHTyeJnoPkf0+/903/AE1u2leqaCe5/8DH8+Uf+JSp+Bprx//lH/gV7941Medx8q00nP63Y8Imbcec9Oif7Rw4k+870nt7yzHb8zh99FF/9xp2lxc8A8Ojjz+APP7ABY2MTbfVY8v/zpB0zva6f+9K38Zl/+1by2dyy9Tl88MOf6iguQgghhBBCCCGEEEIIIYQQQmaDycSfcx0ML+zai3/+16+pP7+r1ev453/9WvLPlQ+GmY6dkENNBUi4xGb/4/KL9oK4yWXXQ5t5gYbWOfWJejjRKpdUJ4PIDl12yYXYtONr87r6QH+yqYrWImPI9IQ212t0u0xDaMV3SN1J/WKNIztroVfpFj3kEFa3zGuUT9GKOVP5VDGbfFrdqXxGbuGJvOZiohWYcj5d0SbyaXVLXaF1WovSGO1nsTda6NKqCgEhdnlbKq9hGDWb3huJfKrFMbrQQlehOcu+fBZMXtWcJkGpfKqwwti5Rvne0Loi3XKDyMUUn5BPoV/944q55Nwyn0p32HiGSFehT+s2c0KssdEV8pnQZR+MVF7zZ0GtKfScUlehW0iSB6ltHPYC9Fhi7VJ5zdc+WgH7wLfNp1gz6LFTebWtlHYw1yefH8LwLf+I5973Nuz8+9/G+KP3JjYJIS8uPvelb+M33vvXLT/PJgo9O2XDJ7+SLJLNqdXr+O6daXfgnPHx1gXS25/biX/4+Jc7jmnkwBje/1efwHM/2tVR//WfuBkbv/8QAODNl6+Lrn/ne5uic/9+m36/nHzCCrzk+OMwPl7DBz/8Sezava/tvJ/90rexe+9wOH72uZ340N/8a7LYVNJoNPBPn/pqy8L1g6VdDADwlVvvmNbYB5OfMp56Zns8z8jYtOKb6p4eXLkM3dXOfvO6Vq/jpq/cNq242nEo1rXds7lr9z5sfqC82JoQQgghhBBCCCGEEEIIIYSQ2aTRmLk/Ux05MIZ/+tRXMXIg/nPIVtemy0zGTsjhoAoYh0zv4Z3L3DVddjZrvUPzrIP3Hs45UwSR99e3WZSTZsIlVlqReg8413T2dJnTZ2iDA6gYrAwpQ80nA3XZ3MWxh4czust0qXM+/qrXGfAOJm6jD2nd0TwqnvwEghVqq3wGnSKfLjVsSmOJbm/XWTpFNxMXdKfy6ZDnPeVKK/QBSldovThO5hPJeSK9LddZXjL67I4WTrbt58v3oQjQ5CvXVeQ1vz0OUM4TWp8ePiEsypfSq1yYZb/0srlwj9M9xD7Uic/1Cn3eR/tLDYXyvJbv53S+Um7G0e3RPNl7IixHua44IptP+yW+rVVei27xPpQ3xD7KiaUJ5/L3YZHP4r1RvKlCXlUgRq/QoLZBC5L5LN2HJc+haYt1npnrBzZ9Cwc2fQv9Z1+ChW/+efSecm5rUYSQUpYetxhXvuFCbHlmO267Y3OyzwVrzsSZp5+Eu+59EI8+/oy69shjT+MNr31Vyzl6e7vx397yeixbuhiPPTmEL33tdnX9Px96HE9vfQ4nrjq+bbxfufUOPL9TOyivXLEUb7vqUgzM68MPHnoct3xzo7r+8c98HavPPg1nvOxELFm8UBUw377xB3jbVa9FpdL8ufn4U0NRgfOVb7wIAPDlW78XuTe/5crX4DUXvhJ79u7Hp7/wTfzwia3h2ue/fBtu+OkfBwB87BM3q98U7u3txjuvvQKrzzkNP3x8K/75018Lrss7d+3Fnfc8iFevPbvtehwMb3r9Why/7Fhs/P5DkaP1Q48+BQC4YM3LsXzpYgDA5778HdXn+GVLcMm6V4bjarULX/zaf0w7P7293S3jHRjox0tPWIHjjj0GL1lxXGm/mdzT1a4uXLT2bHz3js0YGOjHpRedi5NPWIElixfiqae340u33I7h/YUb9fc3P4J3XPNGDL5kGa69+jIAwFe+cacquu6uVvGWH7skHA++ZFlL3cDB7ftW69rf14ufePPFAIBvfvf72Gl+c/2hR57C6rNPaxsfIYQQQgghhBBCCCGEEEIIIYebmTKVqtcn8fFP3xL9WZlk5669+Pinb8ENP3M1qtWug57zUBpiEXIoqAKmgM+61nqXX2iezr02rQtsqEjL74duM6ICNmcKAk2hoHOmzQZwPo/GJ+dRwxkZuiDTBGpcbV2J7jBfSWVlMU9eOJ3Lym5wps06uFw3pG6xnPYdY8L33rXOZ+ho8mryqcJLzZfr9KLgE818OriitYWfRneeP2fSGIVt91dYZ5ets+s8n0KXnSeMrqpPnVi2+BcA8sLPXHe0n+Xy2fmi/aMDCfpCXl3Iq8pvsSDp+fLjaJ21Pvv8RflEyS9AlDzv8Xxl8TqtN9Jt9zPMOCjJa/7eyK+b/Jh8pfMZz4PS/WOfH9tBP38hn4DWnR+3ed5deG/kp837sqwA28n8msup+fLD8D7M5dj3hn6v2A1YPKcweTWPt1qAYkWsrtJ8OpFPOQ8OXzv2wO0YfeB2LLjk7Vj01l9BZWARCCFT4/d+7R0YGOjHuvPPwgu79uKB/3pSXV+1cjne9Y4rATSLRt/92x9S1zv5q37+4Ld+DkuPPQYAcOrJgzhuyTHY8MmbVZ8nn362owLoO+99QB339/Xi99/zM+jqqgAATjphBXq6q/jSLd8LfRqNBr5//yN49dqz8ebXr8OnPv+NcG18vIYfPPRYKPL85m3fV+MvWjiAV7z8pc2579Zzn7TqeLzpdWsBAPP6+/BTb38D/viD/xiu50XFz7+wB9uNE/frX3M+XrX65QCAM08/CVdcthaf/dK3w/WHf7jlkBZA/+RPvA6ve815AIB155+F97z3w6pId8/e/QCAU186iFNfOggAuOkr31Xu0YMvWYbXX3q+Gvdg81PGL/38W/HKV5yqzk3U0g7GM72nr7jsArz8tBPxyrNOVf+OtXLFUgyPHFAF/aNj46hPTuK4JYvC2mx+8DE8/uRQ6NPT2x2tW5mWnEO1rr/za+/AiuXHAgBeceYp+IM//Qd1fecLM/tXeRFCCCGEEEIIIYQQQgghhBAyU8xEEbH3Hp/+wjfx9Nbn2vZ9eutz+PQXvol3XPvGuDZrGvMSMpeIHaBz8kqu0guJgkHplCwKJS1eth6IHDu9j3tm/WR35TeaKuDz0ShhqEhWuCcfqESvLQCVA8rKSA/hVOu1LKurhe5WTrZRfSD0MOm0icR6dQFFwW4eeK43lB8mHbCVc6xvFglL3a3yGRWOp/TZZTM36NHlxkVc+CkTA6HPo4UDthIL64AcOUBHDrTpuOF0d7WsMlwhBSHifIo2pZjGgTfhA47CaVyOKVfUJ/Oa/IFXIjn1nLpk99zhWswuna+VLvPAJyyElYN69N7w2fLpfMX5NMOW7EO73DavLqyZfv6Ug7ly9rYT6/dL8X4u+qh8Zs75rd4v8f5K6yrNa5TP+OeAzVfs1J5PZfNpv8TPV0f59NEoh7Udvv0mjNz/bSy+9jcxsPZKEPJiYelxi7HsuGNa9pnX31d67fhlSzAw0B+OT33pYFQsuvrsl4XvlYrDyhVLsW378+Hc8Mhoy/nPeNmJofg55/zVZ+BfPv8NVXD75JZtuOziNS3H2j8yivFxXSh68bpzQhFozmWXnKcKQQFg67YdAM7Gha96BT77xW8rN+Zvfvf7WH32adg/Mor7H3xM3ffmyy8EAIyMjKp4AaDhPb7wle+WxjsyMorJyUbyP5Z3vrBH3Zu7P+c8t+OF0nFngrXnnamOT3/ZCbj/gUJ7o9FAfXIS1a7Of3t5JvKT4pSTV0bFz2Ucij29ZPFCLFm8ELv3DOPZ53bi+Z27MTY+gYlaPZnb3buHsbTNczkVDtW6HrdkUSh+zo/7+3pNIfzwQUZPCCGEEEIIIYQQQgghhBBCyJHLV79xFx40f57Yigf/60l89Rt34aorLjqEURFy5BE7QKOdI6e2IA3On/lxmWNyjimoi5yZyypBk07QwjFZXc+xFdFiHhTzad3asfRgHbDbz5coWJUlxx3pFvGaZYsdVm0+dD7LHbDzy3Z9RLhI5BMpx+Ain506YCtdEitnig7YQV/olusW4bWcL3YMbumADZkv4fBt5zPhFhMWxc+5vuaowgFb7UOdr8gBG8luesOKPKWcoNX+LXn+onlCPHpZikDzMDp0wI7eT2ld5Q7YcaGu0utkQW8+n3i/lOiacQdsWEH5OGa+EE/r90vS2TtcFQ7YJc97uQO2fr5iS/dM74w5YOv3pHX21pXah7/1w7ux65/eh4nH7sfid74XhLwYeONlr8Il61457fvPOO0kdbxg/ryoz+kvO6Fln8ZkA62QBZY5DsDypYuxRRSPPrHl2XbhYveeuBhz2XGLo3N9vT3orlZVkfMLu/cBAKrVLrz24tX499vuLeZ+aht27xnGXfc+qMbprlaDe+7uRCHoM0M78MzQjpYx79q9Lxn3PZv+q+V9O3ftaXn9YFi+dLEqEgaAYxfHDvpT/a3jmchPinXnndVxDIdiTz/86BZ88nO3YleLGCVS10xwqNb17DNPic4tWjigCqD5m+eEEEIIIYQQQgghhBBCCCHkSKWokZsed97zAL638QdTvu97G3+AJYsX4KILpv83+h6sgzQhh5sqghNnbpqZciDNWm8L5URBoCUqbDTXxHfrmCmvSydT5fSJZvFbyvEzOZGoqFOOq7a1BYLwwsk17YCs5kjotvryUAvD2uKK0gfj4BqKL8VxFIfOV8t8hsJHU6+XknEQ+VSOwSZfUT7lIAmH6GRBo4lYOQbbAnjZ26d1l+kqwzoGq+OmcJXPYj4fz9dCly3oLPJqQrTPT0p3ftzqZ603Nxhdauasn57Px9GndHmtK8qn0CK7p7aG1BU5wpdpbPN8xXqLgJIOyOG9kXZALnnClAYVlRfH5rbUfi7fyHG+UvrUcxuFZxye7S8A2Ly2el/KqBJ5DdtPton9HL8PE3rVQs5eO3z7TRgfehTH/vz/h+7luhCOEKKpGgfZdJ/OHYBTTJYUSDfMD49KB/+BZx1vAaA+OZmet6HnlfdefumrVAE0AHz79vtwpymAfu3Fq9FdrQIAent6kvNUKuVr2FWpAA7o6a5O6T4AmNdX7tx9sFQOMqdlzFR+LMcuiYuzy5jpPb112w58+B8+l7xWqVTQVanMeMGz5VCta6trhBBCCCGEEEIIIYQQQgghhBzpHEwB9JNbnsXNX79j2nPf/PU7sOy4xTj1pYPTup8F0GSuUc09O0NBmXXqbOeAnFtx2sI7e3tUKJgPGxd2yuO0AzIip1PYZ0/WHSoZaV1hgEPpgCwLBFs6IIfZD8IB2TjkphyQIfOpu3XqSFzqgCx0q8JP5SibyKfVFa2zy8I3Trn5Pi7NZ1pXe0dinadSR2vYBctimKoDsukwdQdkJbdzB+SSQt1D54Cs92F+nMqndvTWt1vd8Tq3LkDu2AE5x84X6XaZbvN+LHmvxg7I5v1Y9ryH+eR7o70DctDnCn35PMmCcfO8lzn8W+fnMgfyVCFzSlfxOIVMKH3huM3z13xO04XTs9XWnnoQO/78Oiy94QPoPf1VIITMHlu2bo/ONRoeO57fpc699KSVbcdasnhhdG7o2R9F5/bs24+GKQSVRbSLFg7g3Fe8DPc/+Fg4ZwuigWahdM5xx8ZFuG+98jW44nVr28Y9+JJl0bn/8RvvxKqVy9veO5eYqfwcSdx938PquLtaxQ0/czVefvqJ6K5WccfdD+ATn/16yzFscf/EeC38zOqEo3FdCSGEEEIIIYQQQgghhBBCCDlYKhWHRuu/sLiU/3z4iYNyj/beY/MDj027ALpS6fRPCwk5MqgAsV+mPvDpC9mDlrv6Svdbj6JtuqRmZ7y84oXDaNZ6G0l8XR6qniIsb4ZTfX2Z4NRAQOSOmtDtvUf+T6Gr0BfuiaM2gdqAfOF664vuVnc+RGQ4qofSN6RiMboK/UKb1x+1NjD3RrpERDIGe9qGKzXaPnJtUrpMPtWeCrGbvellLvMcx7p8pMskqNUPI5lPe5sNV0kxO7JEl9afL6J9OgtdPtPlIdqSvKrklOhKLYe8pdjPPtyS6wltrtfo1nOLDZD4eG/G1OqLfMq8hpETiZEdrO6gwYyhdOs1T+XT6k9+zAPvYcYSayfzmtJX+vrRnZO6i2ch1y32CsRap/KqBra6RGAyYi/GKNEdnh8Zm5Ey221jeDd2/K9fxOgPbgMhZPZ4ZmgHfvjEVnXutu9twvh4TZ075aSXtB2rr7cHixYOqHN33fsQ9u4bUee+fMv3ontPe+kqdfym17cuXD737JepuZxzOM4Uk37jtnsxNjYR3btr9z7cdPNt4Z20csXSqM+/ffU/kvM+/tQQvvO9TS1jO1KZyfwcKdz/wGPqeMXxx+Kcs04JzuCd/JVYxx17jDqu1et48qltHcdwNK4rIYQQQgghhBBCCCGEEEIIIQdLV5u/dbcV577iVCxetGDa9y+YPw/nnXv6tO8/mNgJmQ2qANIOmcHI01p3amfPpANodkb2yymfJ3cG9VlA+TBZz5Tzp3RMdlkUbRyT2zusGn3W0bVEdzGglj9jDthKNyIH48iqTQyXzqdxam3l6CqGj1zuje5UPp2brgN2yXzyMMpnGwfsUkdz3e1gHLBTunRei3HCsO3mC8MZh+ROHbBLdLXbPyHu3AHbTcUBW8yTH0fr7NSytHTATumepgO2DtA8f3K/tnLAVuNYXfly2P1lFrzMAduJfCZ02XyVO5u32oftHLCj8KJ1Lt6Hebf0e3MqDtiKtvmU7432Dti2zfWGwQ/ndQDPf/Q3sfTdf4n+V74WhBxtfO0bd+Guex9s2efM00/GVW+86DBFlOYvP/ppXPrq1Th28UI8PbQD993/SNTnlJPbO0ADwGUXr8EXv3Z7OG40GnjfBz6G111yHnp7e/DID5/GI489re7p7e3G2Weeos6ddMIKrDj+OGx/bmdynivfcGF07vWXno/P/Nu3wvHIyCh+8//9CM4642Scc+YpODA6hqee3h6cpc86/WSccdqJ6OvrwVlnnIyHHnkq3Pvwo1vwnvd+GKvPOQ2nnrwSO3ftxcOPPIUtW58DAFz4qlegr7enozU5kpip/BwpLF+2BDt37Q3HzwztwJ33PIDTTj0B99z3MJ56JnY4t6xYfmx07h8+/iVcetFqnLjqeKxauQx9fa1zfbStKyGEEEIIIYQQQgghhBBCCCEHS1dXF4Ba234pTjphBX73N945swFNgWbshMwdqoBxyPS+WVTomyVxquLNm0K5UACZIyth9aFEOWL62CFTViU368V8Vsibl89mbXAAFYOVIWWo+VoXIHt4OKO7TJc65+Ovep2zYj8Vt9GHtO5oHhVPfiL72iafQacqVG6Rvg50e7vOwXk2O+l80J3KZ153K+oEE4LD4EFXaL04TuYTyXkivS3XWV4y+uyOFk627efL96EI0OQr11XkNb89DjAquAci/S33s8mX0qtcmGW/9LK5cI/TPcQ+TBXqKn3eR/tLDYXyvJbv53S+Um7G0e3RPHlBcb4c5briiGw+7Zf4tlZ5LbrF+1DeEPsoJ5YmnMvfh0U+k7/gkOdVBWL0Cg1qG7Qgmc/SfVjyHJq2WOfZuf783/4Wlr3n79B3+qtaaidkrrF77zB27x1u2aden5z1AmgA+O4dm0uvXXTB2Rh8ybKOxnnjZWvx5NPb8Z8PPR7OjY/XcMs3Nyb7VyoV/Na7fyr5Vwj92OUXYsMnb47Or1q5HKtWLo/Ov/biNbjzngexdduOcK7RaOCBh5/AAw8/EfX/9+/eizNOOxEA8HM/9WP4/T/5e9Tq9XB9dGwcd97zAO6854Ho3rvufRCXXbwmqelIZibzcySw5pzTVeE6AHz8M1+f0hjnnv0y3HSz/tsI9u4bwZe/3nRs/vErXo03XNb659PRtq6EEEIIIYQQQgghhBBCCCGEHCzVOVxEPJdjJy9OKoBx1ZROnS4768LVwuFTOCE75+Dgslvy76IVn7xHaJ2Yy7qEZmOGNnNFDSGFkbIh5CfSJVon2sJLVOvOWqdmQqxLahX/INfrUOiW7q8yKKHbzKZjzbvLjwxXrlVZPsvyKp2tndBg/4nyWWQhz2doE/m0uqUulQ0Ztgpd5BxyjGKvtM2nK0ZRuZHaikyqHEtdkVt22X4WqCWx3YtVFGkyz0A+mytatUhmh0hdSne4LvS5fO6iV5TPhH6dOP2J8+pMyDoiqavQHaIRC2c+pXlFcd5F6rPbizadT7nhRJvKZ9hnuX6zpvlcKp9an8pZtKBaf7FmYgyp25m5pe6QV61FEeXThdNyDxS6hb4wpwu6pS7180DkSL/01Gz6WS/Lp8irylE02hHSeo+dH/s91HdsASHk8LJg/ryW1087ZRV++iev6Hi8SsXhl37+LVhzTvu/Tqi7WsXvv+enccJgXMwMAOe98nT09/VG53/sDeuS/R2Ad1/31tLxLAcOjIXvC+bPw6/+wjUYGOjv6N59wyMd9TvSmMn8HAm8as0ZOO2UVaXXO8nn0mOPwY9f8erS6/M7GONoW1dCCCGEEEIIIYQQQgghhBBCDpZKxc1JJ+Wuri4aGZE5RwUQhpTyinUdjQ6EC2zuIppyE/VefZpXRBvsPxE7ZMq5vBg1uL8Kt1Rxq7fDydGy66G1yJsSLqLW/dYj06ZU+czJNVuTXHeZrha61SVvo9FaI4NRpcvcIBdEdgjXZT5zdSi0eq/WQOZT607r0nlPhCnDlRqhP3E+TVLVxjBzy9hzLV7kzuTU6tL6C91RXlPIHJmUSK1yn+b6dPp8fIOaQCxOlE8RedCd5zjWVaY/0qUSpKJJ7mfdXTzjuV6l225yrwczI/psbYpnUo/lM11e6oryafSk0prQZW/P10y/n0xMXrSRHnHsxTlf9JG6IHTZvIbe0f5K67L5DJcj3XKfibkSugr9InaVz2j19MJ2mk8fjXLEtY3h3dj5T+8DIXOVavXg/sOt4iozPmYnrD3vTPzqDdfg+GVLdDyVCi5edw5+5fq3q1/26SRO5xxu+Nmr8fYffy2WLF4Y9a9UKjjv3DPw3t/62ZbO0pWKQ09PVZ0bGOjHuWefVnrYsgcFAAAgAElEQVTP4kUL8Pvv+Rn8/P99JZYetxiVio63UqngpFXH41dvuAa/++v6r0w67ZRV+LP3/RKueN1aLFo4EI3d29uNc1/xMvzR77wLP/HmS0pjsLT77WC7ft2JvHeyF7oqcW5SzFR+2sV2OPZ0T3c33vNL/w2vu2SNKnauVCo464yT8eu/cG10T3d3NTp35Rsvwg0/czWOW7IoujZ//rxDvu87Xavu7u7oHCGEEEIIIYQQQgghhBBCCCFHKj2JP5s70pmLMRPi9vzthd65ZpGYQ7MYy7ZA6kQJnVwX40TztZxYtN43rT19acRFv5Lp8/nK7p6y7kS/9vMldJVmokx3eTwd6Wunq931VvmEh4OD9x7Ouawocbr5bB+PHKZl2trltcO8e5/pQ0nbMl8lC9dywrh76+dnerrSA5bom8LzN9V41HPTaj9P+/3Ueh+m8lrc1kLfNONJvi8Oaj+3fr+k8llcFXqno6uj56fl267t9mn93ijJ6xHczr/4bVj8zve2ET1zPL1lW+xoP81WfZfn0EH/Ft87OS471+5aq3s65WDG6J/H/3A4nEzUavi13/srde7yS8/HNVdfBgCo1yexbfvzmDevD8cuXhgVD0+XsbEJ7NqzD41GA/MH5mHhgoGOfmP2gYefwI0bvqDOXXP1Zbj80vOnNP/uvcPYu3c/jl2yqK3jtaTR8Hj+hT0YH5/A8qVL0Nt7dBafTjc/RyLD+w9gz95hrFyxbNoaJiZq2PH8LkzU6ujv68XS445Bd3Xq76qjaV0JIYQQQgghhBBCCCGEEEIImQ7ee+ydY3+77qIFAzNSSzHXGD1Qn+0QXuS0KxBrTRXw8N4VQ3mPvCLa20IybwvlEgVyMq6yAjivv3t7Wlxv1oX5rFAuLxfO2txN1OWD2Mm8/ppV1OW6km2qQNCLgsBWlYg+rdvqy0P1DiZuow/SBVa00hm1VcGjd63zGQofD7LAtE0+lWu2yVeUTzmIa6GvReGj9zafydVpDt+qwNSXfI8i8kXrzXFTuMpnMZ+P55tCQWeRVxOifX5SuvPjVu8Pb24wutTMWT89X1Teny6Y9lpXlE+hRXZPbQ2pq1V9stLY5vmK9RYBxftHFBR7sQJTKPCPnh8vjs1tqf1cvpHjfKX0qec2Cq/QZX8OOJtxX/ZgRZKTeQ3bT7aJ/Ry/DxN61UIeue3w7Teh52XnYmDtlSCEHF6q1S6cuOr4GR+3r68HLzn+uCnfd/Otd6jjSqWCS9a9csrjLF60AIsXLZjyfZWKw/Kli6d831xjuvk5Elkwf96UitxT9PR0Y9XK5Qcdy9G0roQQQgghhBBCCCGEEEIIIYRMB+ccenu6MT5Rm+1QOqK3p/tFWfxM5j6Vwp+xWVAG6eDosrMuXNVujq7ZOufgIFrxHdl1QLQQrRNzORVJdo9ondMhmVvVR0pRMtK6Qut0TCrWTHfQl9ANqztbI7l2am4VqMlFpjvSJT/mulqzVD6l/tDL5MhpLUqj0x+1JyD0Ct0qr1JgKp/QYdp8hkw40TrRJvNZfFSOSnSrfZxnP6HLOTNXyKcQYXvIJbHbH/n+ylqjy+a12M/5YNHuKHRJ/VKZK+ZSc8t8mrxGYsxy2+2t9Zs57ROW1C16SK0J3XFe07qUvug5zWO2+TRikvkUaybnMnnN91S0AjJXiXxa/WovQI+dymsIX+U1TqfKq5xe6MrzqdZQxhB0i/eF0OXUwOm8mtn03kjkUz/ueYxmDx7h7Z7P/SUaI3tBCHnx8vTW5/DM0A517jUXnXvUujATQgghhBBCCCGEEEIIIYQQQsjRSG9Pz2yH0DFzKVZCJBUg9svUB9YFVLtW5q6+0v226dzpgzunz6xbQyt7eDGHt5HE1+Wh6inC8mY41dfbEwY1UMIdNaHbe4/8n0JXoS/cU+bEap1AxVoH11tfdLe68yEiQ1E9lL6hxCU1lU+VM68/am1g7o10iYhkDPa0DVdqtH3k2qR0mXyqPRViN3vTy1zmOY51+UiXSVAr+2GZT3ubDVdJMTuyRJfWny+ifToLXT7T5SHakryq5JToSi2HvKXYzz7ckusJba7X6NZziw2Q+HhvxtTqi3zKvIaRE4mRHazuoMGMoXTrNU/l0+pPfswD72HGEmsn85rSV/r60Z2TuotnIdct9grEWqfyqga2ukRgMmIvxijRHZ4fGZuRciS3k8O7seff/gaEkBcvX/nGndG5Ky67YBYiIYQQQgghhBBCCCGEEEIIIYQQMl0qFYe+3iO/sLivtweVSso5kZAjnyrQdMj0vulA6ZG1Lm+zzS0v5DdBuopmrTd+lsZWtHyerPU+CygfJuuZtS6702X9XFbdVrjFmio9e+jM/OZ6ddV5AIDuwTWoDW1CfeumbHqj1+guBtTyC11l6yxvzDqIY5fUnS2HXF77DhLDpfMpFl4MUJbP0KtknlAAmsinc67ZwmWlikU+Q2vz2Wo+eRjl02Xr7LTeEt2Fk63upsJTAZn5hS4HV+TT6NJ5LcYJw7abLwyX6UKhTx2XPX8lutrtnxB3dqN3mU6RV5UB8/w5LTexzk4ti+0gdSV1R+8nLSNy/7VFvKnnT+5XZ1pV6SzHsbry5bD7yyy4yZfUFfKZ0GXzVZZX13Ifal0hrxDLWbIPwzaOXJbFe0PojxKfXS/yaubLaZtP+d4o3pdlebVtrjcMfoRcH7n9JgxceBV6T3klCCGHjt6eI89Rec++/Xjg4SfUubNf/lIsPmbBLEVECCGEEEIIIYQQQgghhBBCCCFkuvT19qBWn8Tk5ORsh5Kkq6trThRpE1KG2/O3F+oSs5JCuVAwh1QBZBgOkAWCqcI9S5vrpYXDdvhO5knG07zQv+469K29Pnnr2MYNOLDxY0H3TOgqiyfSl9Ddepz8RH7YOp8hr6pQuc1809BVdr00Khl2cgChr4WuqOATvnSelmk9hPs5OZEtQE7pihYoHrHVcxMNX6anU90d7WeTv5a67IDtE9Uqr9Pez60uR/PkBcXFcasC5KS+dvF0+vy0Cn+a+znSV/YLDkp3Pk4niWsTzpTfh3OX/rMvwdJf+etDOsfTW7bFv9QzzVZ9l+fQQf8W3zs5LjvX7lqrezrlYMbon1c96PnJ1JiYqKnj7u7qjOyDmcR7j1qtrs5Vq12oVCqzFBEhhBBCCCGEEEIIIYQQQgghhJCDYXKygeGRA7MdRpIFA/PQ1fXi/vPo0QP19p3IIeTgCr1iB+iOHXNNMVMoPMvvh27zcG0BWyunTuHoGVrlgJyX4sXzRPV3zrTZLV0rz0P/2utQHVxTukh9665DdXA1RjduQH1ok56vrPAzzJMXjOeyshtaOiALx+fM0jUsp823WefCAbkkn6GjyastapPhpebLdXpTEGkdc23hZ9LRG22dgsssYjt2QM73bXCmTc8TRvfyixPLFv8CQNIBWhVgi+Wz80X7RwcinYCts7XKb7Eg6fny42idtT77/KUckJO/AFHyvMfzlcXrtN5It93PMOOgJK/5eyO/bvJj8pXOZzwPSvePfX5sB/38xQ7I5rjN8144IOenzfuyrABbOXqby6n58sPIEd6+N/R7xW7A4jmFyat5vNUCFCuSdMRP5dOJfMp5MHfasQdux9ij96Lv9FeBEDIz9ByBjs8W59yciJMQQgghhBBCCCGEEEIIIYQQQkhndHVVMK+/DwdGx2Y7FMW8/r4XffEzmftUgaLoTdW+5ZVYpRcSBYNeFA6KQkmLl61Hs1jNiyvexz2zfrK78htNFfD5aJQwVH684O03hu71oU0Y3bg+GwjoHlyD6uBqVAfXoDq4Bv3rgH2fv08XgMoBZWWkz4r5PLIoZWxGVwvdbR2wowLaNvmUDrxeXUBRsJsHbh2T0w7YQV/Q7ZXuVvmMCsdT+uyymRv06HLjIi78lImB0OfRwgFbiRX5zK+KNrWfU+TLDbmfxR0yXCEFIeJ8ijallMaBN3LAzs/KbiZfuS6b19SzXSY59Zy6ZPcsQi9mz/LlI13mgffxiM15yt4bPls+na84n2bYkn1ol9vm1YU1089frstnA/hMl48m1u+X4v1c9FH5dD7sGd1PP4c+HibSVZrXKJ/xzwGbr6A35DWfyubTfomfr47y6aNR5ky7/zufYQE0IYQQQgghhBBCCCGEEEIIIYQQQsgcp6e7Cu97MTo2PtuhAAD6+3rR082/uZrMfWIHaLRz5NQWpMH5Mz8ucYoOmIK6yJm5rBI06QQtHJPV9RxbES3mAdC/9vpwfuzuDRjbuF7V+dW3bQI2Av0XXo++zCV63robMLpxfccO2NZxuiMHbFly3JHuYj67zrHDqs2HzmfSMVkM74yja9t8IuUYXOSzUwdspUti5UzRATvoC91y3SK8lvPFjsEtHbAh8yUcvu18JtxiwqL4OdfXHFU4YKt9qPMVOWAj2U1vWJGnlBO02r8lz180T4hHL0sRaB5Ghw7Y0fspravcATsu1FV6nSzozecT75cSXTPugA0rKB/HzBfiaf1+STp7h6vCAbvkeS93wNbPV2zpnumdMQds/Z60zt66UnvutKObv436jqdRXX4iCCGEEEIIIYQQQgghhBBCCCGEEELI3KU3+9uAZ7sIur+vN8RCyFyn6/euGvwjVWWZLNgUBXOqUE4UBFqiwsYS2lyfjgNy63iKGxa8/aMAms7PI//+J0gWCMKjPrQJ3YNrUFm4AtXBNagNbUJj7/aD153ol9TXbpxWI3SUz9brPGVd7a6LcVJRtZ6vM1264DM9fZnuaelq06/j+aaiK7I8T8xb9tyIeNrqmcJ+bj9fJ/lK7oiO4kmtc9u4D+J60gEZrR2Q2+prF0+r5+cg3z/JfuowVTCd0JvaENOIJ/m8tgq/0+d0DuH656PvjAsOydh79wxHv8wz3VZ9l+fQQf8W3zs5LjvX7lqrezrlYMbo7uZfI0MIIYQQQgghhBBCCCGEEEIIIYS8mKh2daFSqaBWr8/K/PP6+1j8bKjXGrMdAjkIKkV5UlYGLQuYXHbWhau6mMk1W+ccHEQrviO7DogWonViLuvSC5edytrMHTSEZG5VHylFyWh+6V93Q1iE+rbNxZxOx5THOrpxQ+gf9CV0w+p2ovBLrrQMSqy5XgGX1iU/5rpas1Q+ZV5DL5Mjp7UojU5/1J6A0Ct0q7xKgal8Qodp85nvnuJesTeELp3P4qNyVKJb7eOQ71iXc2aukE8hwvaQS2K3fzZmaI0um9diP+eDRbuj0CX1S2WumEvNLfNp8hqJMcttt7fWb+Y0EaXyqd4bUmtCd5zXtC6lL3pO85htPo2YZD7Fmsm5TF7zPRWtgMxVIp9Wv9oL0GOn8hrCV3mN06nyKqcXuvJ8qjWUMQTd4n0hdDk1cDqvZja9NxL51I97HqPZg3OsHb33VhBCCCGEEEIIIYQQQgghhBBCCCGEkKODnu4qFgzMQ1dX12Gbs6urCwsG5qGnu3rY5iTkcFABCtNMZZ4prXhTFzJrVe991qVoPYoW3meur6KVPbyYw9tI4uvyUPUUYWUhoWvlGlQH16BrcE3R11uhwOjG9UKeHAi5CtSG7gtdugfXKN3ee3QNrkbX4Gqhq9Dn87WKo9a6I7taj2zJijahOx/CDpPMZ35DKhak86ly5vVH6lL3CN1xXqFjsKdtuFKj7SPXJqXL5FPtqRC72Zte7tE8x7EuH+kyCWplPyzzaW+z4SoparVLdWn9+SLap7PQ5TNdHqItyWv00CV0pZZD3lLsZx9uyfWENtdrdOu5xQZIfLw3Y2r1RT5lXsPIicTIDlZ30GDGULr1mqfyafUnP+aB9zBjibWTeU3pK3396M5J3cWzkOsWewVirVN5VQNbXSIwGbEXY5ToDs+PjM1ImUtt7fkhjD9xPwghhBBCCCGEEEIIIYQQQgghhBBCyNFBV1cFCwb60dfbc8jn6uvtwYKBfnR18W+qJkcfVaDpkOl903HSI2td3mY+lPJCfhOkq2jWeuNfaWxFy+fJWu+zgPJhsp5Z67I7XdbPZdVthVusR3XlGsx/242R2LG7N2D07vVwAKorV6dXxNihuiywQld+uXk8b90N6Ft3XTzXxg0YvWu90FW2zuFbs/X62CV1Z8shl9e6t4rh5PrO/4n3A9XetHYAfmQXGsM/Qv1HP8TEkxvh6hNqeOeArsWDmPf632j2378L+7/+/qIA1AELrv5juJ4BNIZ/hP1f/zM45+C9z1TofIZW5HPB1X8M1zcfk3uexcg3/iLWJQ+dWU/vsnV2ev+GfSw2HKSTre6mwlMLYOYXuhxckU+jS+e1GCcM226+MFymC4U+dVz2/JXoard/QtzZjd5lOr0PeVUZcDpBTstNrLNTy2I7SF1J3dH7ScuI3H9tEW/q+ZP71ZlWVTrLcayufDns/jILbvIldYV8JnTZfJXl1bXch1pXyCvEcpbsw7CNI5flkvdmyXNY5NXMl9M2n/LnQPG+LMurbXO9YfAj9PrYg3eg95RzQQghhBBCCCGEEEIIIYQQQgghhBBCjh76envQ092N8YkJjE/UZnTs3p5u9Pb0oFKxBTmEHD1UAeOQ6X2zqNA3S+JUxZs3hXKhADJHVMaVFCRCnPLZ/1jHS2lF2qwD81khb14+m7XBAbQYrH/t9ehbGxckAwjnRzeux+jdG7Agc4auDq5Bfeg+hEI5WSAID+dd5u6cT9V0DO6/8Ppk8TMA9K27Dt77ZhG0kRV0O3EQRjY6E7rVmkbrnJ/Ivpp89pz+uuJ6OyZrGPnexzC68Z/VfJVjBtFzysXhxPAtf6qu9778DYBr/sbIxJMbMfHD7xbqmokLum0++y74KfS+4k3N/mPD2H+rKYCW+gC1T0PrxXEyn7q+1xamq6nstMn97LU+u6OFk237+fKCTRGgeP6kriKv+e1xgFHBPRDpL9PV3D9Q+VJ6lQuz7JdeNhfucbqHFz0ShbpKn/ehexRym7wmZbbIV8rNOLo9micvKM6Xo1xXHJHNp/0S39Yqr0W3eB/KG2If5cTShHPN96HMZ/IXHPK8qkCMXqFBbYMWJPNZug9LnkPTFut85F4f/a+7segnfhmEEEIIIYQQQgghhBBCCCGEEEIIIeToolJx6O/rRV9vDyZqdUzU6picnJzWWF1dXejprqKnuyqMGgk5eokdoDt2zNVtUZFmLTr1hB05IItCweCAnLfKATkvNWze2rf2evRdUBQkj92zAbWhTeheuSYUP+dtbdum0K97cA3qQ5u0bulkCqBn8LzQvz60GfMuLJyf60ObMHrXhuZYq9aE8/0XXo/a0CZMDm0WsjKdLRyQC125brGctkDQrHPhgFySz6nQ1Y2BS9+N6uJB7L/l/cU8Zqwi2jyfBfPf9LvY9dh/FIWfSUfv/LCCgdf8dz12PpXdX/npTh2QI2dafdk6y+rqU1esb8IBOekALfdzQo91Ci7m04FIJ2DrbK3yWyxIer782Jtjp/XZ5y/lgJz8BYiS5z2eryxep/VGuu1+hhkHJXnN3xv5dZMfk690PuN5ULp/8n2WD2876Pdq7IBsjts874UDcn7avC/LCrCVo7e5nJovPww/B3I55ueB+XlhN2DxnMLk1TzeagGKFUk64qfy6UQ+5TyYm+3EUw/Cjx+A650HQgghhBBCCCGEEEIIIYQQQgghhBBy9OGcy1ybu9FoeNQnJzE5OYnJRgONRtOwNa/Vcs7BOYdKxaGrUkFXVxeqXV10eyYvOmIH6Jy88qr0QqJgUDpEi0JJi5etByLHTu/jnlk/2V35jXqgurJwaR7+wi+Houb60CaM3r0eC952I6qDzWLo0b9ej/rQpnBcG9rU7B8q84po+9fpYuf60CYsuObGMNe+z707++ZQG7oPE1vvw8JrPwoAmLfu+nDdizGVrha6WznZRvWB0MOU5jNj5NYPYGLL3WEAV+lC5ZhBdJ9wPvrWXAPX3QcA6D3naoz9582ob3sgy6fOqXKONemuDByLvnOuwtgPbo51G8fgeRe/C66nX48tx4u3UrGE4bIRmnLeFY7DwTfaQxQ02zpXubhCr3QKztvUfk6R16VC7me17Ypw1VrkEedTtCmdNA68CV93FE7jcky5oj5bNp/UH+kql9vaATvM5oRu4+itdJmK3YSFsHJQj94bPls+na84n2bYkn1ol9vm1YU1c2Ic42BuHNv1ZOJYbnOxBiqfmXN+u/eqj4eJdJXmNcpn/HPA5it2as+nsvm0X+Lnq6N8+miUOdmOb3kIfae/CoQQQgghhBBCCCGEEEIIIYQQQggh5OimUnHoqVSB7upsh0LIEU0FiEw6m60r2uiC6O1cs2No8/PiuvpAtM0bi9Zlk+WtnCubu3kpG92J2RxQXbkGQNP5eXLbpmyeYqSxezYE4dVVa9TxgrffiP511+vFcFDFzwAwunEDqoNrwvHYxg1CV1P35NDmUHxdXbUmW5tCXx6Vy3U50ZpMuA50hyHkx+bVFaPmNEZ2orF3Oxp7n0Vj73ZM7h5C7amNOPDdv8Huj14FTNZC377zfrLItxnJ5tMy8LpfF/fKYGTwFfRf+LPRvUld8mOuF2uGsFbFQKKF3K8OysnW6b2p/jH7OZuxaJ1oI/dtsTYqr2Y5bLhKv4MazYm9ET24+dzF4qlnTu5FsUf1cwq1t9WzntivUXJsDxuW1CojyvMpdIU21w3VUegWo8lnL6lb6Mv1Ct1RPuX2l3s9oUs+c8UtLoQs8xnyKp/xoDtEU2hTeS2+6/0sdEl9MPpMPouYjYDUNo62mVkzmDV1OiYTjc6V+jmQ1q3WLJXPVF7naFsbegyEEEIIIYQQQgghhBBCCCGEEEIIIYQQQppUCyfOwv01diDNWq+dnR1y780ErZxDjZuqdbqU16WTqXL6BOB84fiZFz+HMb0dyITiPWpDmzF293r0rb0eANC39jr0rS2cnmWhM9Asdq5tvQ/VVcX5ia33FU64vtBd21rcXzgFC3leGtYWV5KOpnaFpJNrtL46X3E+bW/pgFw4uTbGhjH+yLfQe9abAADV415aOOIaq1ifdG0tcH0L0L/2HRi9+1OlDq4Dl/86XLUnjq9MX8rZOWuVY7CNVfb2KQdb07mFruKSL1pvjjMR2pkXaj+rOVroUq3KqwnRPj8p3flxC13FfjaOulZfvi/Cc4pCr40+pctrXVE+hRbZPbU1pC4Xpz+tsc3zFestAko6IEM74rfbrykNKirxerG3pfZz+UaO85XSp95GUXjG4dkbx//E+6f054CMKpHXsP1km9jP8fswoVct5Nxsa9ufAiGEEEIIIYQQQgghhBBCCCGEEEIIIYSQJpXgvAkEN03kbebQGVoUvaVraMrZOf8unTxnzgFZ9Mi+T27bFERVB1er4fJ7ukWRdH1oM+Cajs7DN/1ycGwuxpB9N2H487+M0Y3r4VzT4Tln3oXXK90QunOsU7BaUxWoyQWMW2zeXX7MdbVmyXxqYsfYQkNjz1DoV5l/bMircr4VupRjrGHeJTcArgtKYO5w2t2D/vOvTd6ndLti90ROucJRVq6gXSCVoxLdah9nunIn2XzPN4eO92uUHNtDhBVt/2zM0BpdNq8hv9IV1+yQjhyQy5xyswBDKwOVYsxy2+2t9Zs5TUSpfKr3htSa0B3nNa1L6bN5DTEnHjjZIZlPsWZyLpPXfE9FKyBzlcin1a/2AvTYqbyG8FVe43SqvMrpha48n2oNZQxBd/ZMGV1ODZzOq5lN741EPvXjnsdo9uAcbSd3Fu9jQgghhBBCCCGEEEIIIYQQQgghhBBCCHmxUwViv8xw4LIv3sUXMkdT5QDqE56v3ji42vkSDrNlTqW5R6lysM1bD9S3bUJ15RpUV65B39rrMXr3+jBadXBNcHdWUpAVOA9tQv+66wHvQ/FzfWgzJobuw+TQZu146lxwiK4OrkHXytWqgLrvwuvRv6451+hd64UDdIm+yHm2CDDp4Gt0hxMl6xwOUgWOZkSZz65lp4VejQN7Qjyxq7LQJy/5Bhqje1GZtxiuux/zXnMDDnz378S0zc4Db/h/gEoVAFB/7lFUjz890hILEs6x6nK8/+CcXijhOBw5YCPeX6WOuV7PXPQTwZUhchTPp2Xo56dwZi8crmNdWr+ZT7ap58/oCs7WzmtJKXtlk6/UfE6FZTZmwoFeOXrbvNo9Z8PxeZbRdIxXQZp8RldTiUF6vjws2Hzm741cd5wvm8/Ygb9kPrlmEDrz94YzDvKRE71Xy5d0y07pV1M334fKAdsnHKFF4pXe5ENtv4uIvdGZ0G2fv+TPnTnY1vc8D0IIIYQQQgghhBBCCCGEEEIIIYQQQgghTaqALUjMWpe3WXGivJDfBOGymXt0hmJp3S+nfJ68QDIvlMuHyXpmrcvudFk/l1W3OQeM3f2PmP+2ZvFy39rrUB1cjfrQZlRXrlaOzmN3b2gOCaArc4Xuzq87h/q2zUFCz+B5wKrzAA/UhjaFQufRjRuw4JrmPQuv/SjGNm5oLuignmt044aiQDC5zomCVXHskrpD7XCxvLa42da/upL6Z+MzmuezeuxJ6Dn14tCrtvX+LB45KYp78iJDpy5g/9f/DAvf9gEAwLy178SB29cDjckin33z0HfOVSHo/V97P4551z/LIWJd8tCZ9fQuW2en92/Yx2LDQexb001tu3iZivnlLwDAFfl0MgE2r8U4Ydh284XhMl0o9KnjsuevRFe7/RPizm70Tv8igDf7tRAg5pNyonV2allsB6krqTt6P2kZkfuvLeRNPX/yFzucacNGt+NYXfly2P1lFtzkS+oK+UwVIJt8leXVtdyHWlfIK8RyluzDsI0jl2Xxc0DojxKfXS/yaubLaZtP+XOgeF+W5dW2ud4w+BF8vTGyB4QQQgghhBBCCCGEEEIIIYQQQgghhBBCmjQdoGVNX9KBNGu9KZQLBZA5ojKupCAR4lRu0mmdLqUVqXQyjRw/hbt0s0D5PozdvSE4PXo4eQMAACAASURBVOdu0JKxuzdgdON6VAfXoH/tdapYuR19yFydN67H6F3rMbpxfdM1GkDfuuui/qN3rUepA7ZHYdirPVlhHU2t7sglVa1zfiL7GuWzoOfU18D1H1MM4CqoLFqB7pe8At0nni/GaWD03k8hOOJaB2h5bPI98eh3MLl7CF2LB4Gubsy//D3Y/40/D7rnv+l/AJWuZt/H78DkvufM2HZVhb6sg3WUVY7BtuATXjv0JgrTk1pa7mdftCafWoTvYL68YFMEKJ4/qavIa357HGDSQdynh08I0zdInZB596ZfetlcuMfpHtK5OlGoq/R5H7qntkarvCZltshX4ZCsdavbo3nyguJ8Ocp1xRHZfNov8W2t8lp0i/ehvKHcATtesMLhucinc6JgXEbk7UY3eoUGtQ1akMxn6T4seQ5NW6zzkX29MbofhBBCCCGEEEIIIYQQQgghhBBCCCGEEEKaxA7QHTvm6raoSLMWnXrCjhyQRaFgcEDOW+WAnJcaFvOM3bMeY/esR98F14dCaACoD23C2D0bUBvahP51+tpU6V93PRwcRjeuR33rZnSvWhMKoHOH6AN3bcDk0KZmrJAO0JnOEqfg4GQKqVs6nppgzDoXDsgl+RT0nnM1es+5uq3eA7f9DRq7tjZz7+KximjzfGqGv/LHOOanPwYA6Fv9VozcdiP8xAFU5i1G78tfnwXewPBX/iTsrzB2fmj3V366UwfkyJlWX7bOsrr61BXrm3BATjpAy/2c0GOdgov5dCDSCdg6W6v8FguSni8/9ubYaX32+Us5ICd/AaLkeY/nK4vXab2RbrufYcZBSV7z90Z+3eTH5Cudz3gelO6ffJ/lw9sO+r0aOyCb4zbPe+GAnJ8278uyAmzl6G0up+bLD8PPgVyO+Xlgfl7YDVg8p/bnjnm81QIUK5J0xE/l04l8ynkwd1vUayCEEEIIIYQQQgghhBBCCCGEEEIIIYQQ0iR2gM7JK69KLyQKBqVDtCiUtHjZeiBy7PQ+7pn1k92V36gp4Ktt24TaFzapeetDm1BduUYVP4/d3SyKzguXi4G03urganQPnhcKnfvWXYfa0CbUtt4HD4+JrfeJdQHqWzeFw8IxN7ECbXS3crKN6gOhhynNZ4c09j2H4Zvfh/rQD/JywyyfOqfKOTZON+pD/4n69odRXXEmUOnC/Df9Loa/9IeYf+UfAK4CABh/6Fb4A3uAeYv12HK8xNhhCcNlIzTlvCsch4NvtIcoaLZ1rnJxZT7zq6JN7ecUeV0q5H6Otp3W5/NZXBFV0lFYtMaBN+HrjsJpXI4pV9Rny+aT+iNd5XJbO2CH2ZzQbRy9lS5TsZuwEFYO6tF7w2fLp/MV59MMW7IP7XLbvLqwZk6MYxzMI8d2OZk4lttcrIHKZ+ac3+696uNhIl2leY3yGf8csPmKndrzqWw+7Zf4+eoonz4aZU63hBBCCCGEEEIIIYQQQgghhBBCCCGEEEJSDtBo58ipLUiD82d+XOIUHTAFdXKedEFvdiLpBC0ck51H39rrUV25GtWVazoSP3b3BoxuXA+pKHKYzQKrD21GfWgzakObsOCaGwEgtGXUhzahNrQZY3et1wWgchmSjsEJx9MWulW8Ztmsw6pk4tFvYXLnU/q22hjqOx5FffvD8BMjyAtnwxo5F03mRMG4t5O45t3DX/5DLP7vnwXg0HvmGzF697+g59RXN/s06th/yweauqy7dEqXGV9dbuuAnRefumxbOXW5cLJFse1azhc7Bqs2VYAdxhEO33Y+E24xYVH8nOtrjiocsOVzavZz5ICNZDeoDSuev5QTtNq/asGKgtZonhCPXpYi0DyMDh2wo/dTWle5A3ZcqKv0OlnQm88nCnZLdM24AzasoHwcM1+Ip/X7JensHa4KB+zo54CdJ+8mfg6I5yvqmOudMQds/Z60zt66Untutq67B4QQQgghhBBCCCGEEEIIIYQQQgghhBBCmlQRnDizmrakA2nWelsoJwoCLVFho7kmvkcOl+K6dDJVTp9oFr/ljp8L3nojqoOdFT4DwNjd6zG6cQOQcGBVBYLwwsnVobb1vqaTdAdzVQfXNPt5j9GsCDrI8xCGtcUVpQ/GwTUUX4rjaH11vuJ8Fow/dAvGH789FBqWOU3bYW1VonICtvH4pqrJXc9g4smN6HnphYCr4Jh3/TPyKsbR+25CozaW3C6xK226UFUGqByDbayyt0/rTmop2eZAnrWs9eY4EyHzWczn4/la6LIFnUVeTYj2+Unpzo9b6GrGI24wutTMWT89n4+jT+nyWleUT6FFdk9tDanLGkSXamzzfMV6i4CSDsjhvZF2QC55wpQGFZUXx+a21H4u38hxvlL61NsoCs84PNtfAEi8f0p/DsioEnkN20+2qfdT9D5M6FULOTdb1zsPhBBCCCGEEEIIIYQQQgghhBBCCCGEEEKaVHPPzlBQZp06jaOsdXYO3sC28M7eHhUK5sPGhZ3yOO2ADOV02rf2elWQXN+2CfWhzcnCu7611xUBCl2Fpag+Lhyt88sOoxs3YME1zfnqQ9lciJehf11zrv4Lr0f34BoMf+6XiwLBEudZpxxzhcOznEDizOWEU67WZW936nKZg61yXrUuzdAOyPEkTX37b/5jLPm1rwGuEgb09QmMfOuvxPpWoluDbpGvyCkXhWOuCtjGanS1dyTWeVKFn+4QOCCbDlN3QFZyO3dALinUPXQOyOIFIY5T+dSO3vp2qzte59YFyB07IOfY+SLdLtNt3o8l79XYATku+FXY7T1FB+SgzxX67Ps5OV9+2ObngDM/L+wGTBUyp3QVj1PIhNIXjts8f83nNF04Pdfa6vzFIIQQQgghhBBCCCGEEEIIIYQQQgghhBDSpAoURWiq9i2vvArWnOaCKqhLOJ6KfmF8UTsZWg9Yh1nVmuvy0KFZ/Nx3QbPQuL5tE4Zv+uVysYNr0Idm39rQpriYOA9SFoAiLpCUHLhrPepDmxLjAKN3fQwLr/koqqvWoLpqDbpWrUZ966ZYn3UoFYO0LdxLFL7adQ4HpphRX8j0JvIZzRe5KvuiLVtTAI0DuzH+4C3oPfvKcGn0jn8EGg0VTeLW5MV86fSuaV3QW+xnmV/RDXp/hTHFhaDX65mLfiK4MkSO4vm0DP38tHAs94kdYipN0/unbB/qvHrntaSUvbLJV2o+65isNmbkWG4cvW1ey/acCFE5xqsgTT6jq6nEID1fHhZsPvP3Rq47zpfNZ+zAXzKfXDMInfl7wxkHeZ/Wp/dXWldpGOEXAYRer9+b9jlUepMPtf0uIvZGZ0K3ff6SP3fmYFs5ZikIIYQQQgghhBBCCCGEEEIIIYQQQgghhDSpAJFJZ7N1eeviC+Iml10PbeYFGlrn1Cfq4USrXFKdDCI7dNklV8Qm2P+FX2mGKz/Qn4CLble6IPSENterumfaIFrx/cDGDaHvvAuvT+gXa2zdcSH0Kt2ihxzC6pZ5FfcYwapN5VPFnE9g10DkM15Sl6vB/ls/CF8bA+DRGN2DA3f+k1rzeH3b5DOfMkztijYfQC6U3FOA1iX0yb2pchvtZ7E3EvsVMgaZARmzvU2EG+dTzab3hnw+1XNaLKB65lroKjRn2ZfPgnz2YeY0CYp62LDC2LlG+d7QuiLdcoPIxRSfkE+hX/3jirnk3DKfSnfYeIZIV6FP6zZzmidM6gr5TOiyD0Yqr/mzoNYUek6pq9AtJMmD1DYOewF6LLF2qbzmax+tgH3g2+ZTrBn02Km82lZKO9Kvdy8dBCGEEEIIIYQQQgghhBBCCCGEEEIIIYSQJk0HaOmQmXQgzVqvnZCbzp/SsjPvr2+zKGdLHztdSitS6WQaOX56j+rK1QCA+tCmyJ3ZTurtcXAJFTq9Po4cTb0PTrHN+Hwxb8K9tL71PtS3bkJ11ZogOOgO66M8WRE5uZrz0TxqnYWjrkcin4mFMfk0WY+7WwdoeZzKd3Ce9cDEGF740KVmm1iHXnlvOl7ZwTrKKsfgZD6FvsKYNtbbcp3lJaHP5FOL8B3Ml+9DEaB4/qSuIq/57XGASQdxnx4+IUzfIHVC5t2bfullc+Eep3tI5+qEY7fS533ontoarfJaup9L8lU4JGvd6vZontz5OF+Ocl1xRDaf9kt8W6u8Ft3ifShvKHfAjheseB8W+SzeG+ZvAPB2oxu9QoPaBi1I5rN0H5Y8h6Yt1vnIvl49/iQQQgghhBBCCCGEEEIIIYQQQgghhBBCCGkSO0BLi9bMoTO0AApH06ItHGNzH89WjrnW8VPMpexhs9mcaIPjZxFNdeUaAED92c3aPDTSpcsu4RDGFr30zU7oFbqdGElpFf8ULqVAfdtmAGgWQYfJRSt0m9kic9usKT4yXLlWpfm0xPm0jrLaMdcVY4o1UPmMphBrbHQrx1yhXN6qU5LPVuhzcqxO8pl0yi1ypvOpc9y83ayZzFpqPyeWQuVT5dWpc1JX4ZgL8SyYTW92SMoBWa5i4Ziba0TR5nql7oR+udx2gzp7Objy2nzGugrdIRqxcOZTmlcU512kPru9aNP5lBtOtKl8hn2W6zdrms+l8qn1qZxFC6r1F2smxpC6nZlb6g551VoUUT5dOC33gPobACLdLuiWutTPA5Ej/dJTs+lnvSyfIq8qR9Foc6vtGTwNhBBCCCGEEEIIIYQQQgghhBBCCCGEEEKaxA7QOdKoNXmh2UrnT+WUjMIx2RI5jFrHTu/jnlk/7XSacBO1bql2PnEtaRgdnFpL9FqHXQgH6NAPytE0XgOjq4XuVk62Lr9FTCuHSafNm0pHM6JxHNY+4JkDdm0sWoMwnwfgG4CrxI6miXxGDrOTNXHQSObTTG7yKzeu0JtwUgaEPt8smEw7YOt9Zh2QIwfoyIE2HTec7q7SKMMVUhAizqeIdgSifIaBbT7FKshuJl/BCdk6BqceoBLJdvslHbDDbE7oNo7eSpeD2iAJC2HloC7eG1J3qcN1yKcZtmQf2uW2eXVhzZwYxziYJx34c/T7pXg/F31UPjPn/Fbvl3h/pXWV5jXKZ/xzwOYrdmrPp7L5tF/i56ujfPpolDnZ9px0Fgg5Etnx/J7ZDoEQQgghhBBCCCGEEEIIIYQQQgghh5nlS4+Z7RAIaRZAJwtsXdEC5gKAvPouck315tjaipqCOjlPuqA3O+GarctbW8jrIK6Lk6KgTkXiynQbu1CzELFDceZkatfHidvVGjgzX6JgVZYcl+h2Xp634vRwcn1f+NBFpqPxGTWuq0U+C731rZvxwp+tC/M4UTDuHfDCBy8u6jNdUTidFxjLfIY20+UP7MbO968T+hO6UuHnl73TeY3sbWVihL7QLdctwms5nyn4d6ZNFWCHcYr8RfOZcIsJi+LnXF9z1Ky1D67Zzy7oNtOYba8qlkWegi7IX3AQ+7fk+YvmCfHoZSkCzcP4P+zdd3wc5Z0/8M9s0arLkiVbrhhcccMYXDEtxgUwEFowKYQkl1CSyyVwXO6XXNrdJSEQuBAC6eTC4cShF1PcAAMu2MY4BgwYCxvLvUhWb6ud3x+7M/O02V01S5Y+77zI7O6U5/nOMzMa7373u15c8d1oyXFb7oLK9ckclx63+Th04tbGU0pAFq4vPnHp7akHkDzQYlxy3M5uUgNytqO05/Yn+fXFNJ7C1SdxfdLbgdaOs5hw3RDOL73MdCJeW70eKs/9zj93P5uuh8J4GhKwT8ZpxogJsCLZICIiIiIiIiIiIiIiIiIiIiIiorgQ3EqciZw2YwXSxNRWE+X0isguLbFRmSc8VitdivPFSqZSpU8kkt/E7fhWWpbbcTYsV9T1KrBKCYKwhUquiQrIwpZsW6gAbZvjlvtlu8VJvYK1tjRPq2iq7iGxkqu2f+XxSjqebuKjkm9nCqMD4ylVDI4PnBu3Op62uBFDhWhjQqPSY6lisHJMSEvb5rj94vKjVgyWnscDl8bTa8/W20sSl5rQ6Y2r0kX1/DHF7TxPEpd3PHvjpcXrLJhYTm7P1ntvisuW49LGU4hFXNx0aIhxqQWifWNMcX7p8XodMlZAdq8b5grIPmeYFIPUK+Hyoq5mOp79D2R9vEzxSeet1j2lwrP6BQB1XP1Lfcu9M4yre/iJU8PxrF8PDfFKO/Lkm0ZOnwGinorf6CQiIiIiIiIiIiIiIiIiIiKi7hByana6CWVqpU6fCshq5Wctn09dXUsUdDarJ3aKz80VkGGszCsVVxXzDoV+yCt4cblz06iALFaBtiBUgFZ2l5sQqZUxdgIQplIlU7d1paK1sH+FTUmzDZVyTXHp4ykvlm5FYt8KyPCpgCxVlNXH09282p53wCS6r1TKdY5j3/E0x5W6IrE8TlLip1jRGuoOS/ShrRWQlQXaXgFZCjf9Csg+ibpdVwFZPg6d56bxlCt6y6urcev72RyXs2LaFZAdanta3FYibuX66HNd1SsgK9dHv/PdbU+8bqSugOzGZ3nxOe0YE8aV892vwr9a+dmvArkpkdkUl3c6uSMhxec+T3H+xc9Tc+L0yTTNmngOiIiIiIiIiIiIiIiIiIiIiIiIyBMCvCQ0KffNybxyS3MqM6SEOkPFU2E5d/tC7qQ7tQG1wqw0VeaLT6XcPGfbtuE1U3zGF6AngMKQ0Cttwja8Bm+32UhSmVqJ27BcysQ9Q+Krup/dJ9oK+tQ0nkkTMuGMSmJqI540anuvSxVapf7oHTXGJ85Un9rey7b7//4JvdLAQIjPWQzy8eVuU5ghVbSWOqauaDrA5FXM7clhyOdPkorltmFclUxT8/Hjdxyax9WLwXgwSI9N7akVk6Uz2VCxXKrorY4rlD6p3bGdUYZcYVzoYMoKyMr5Zb5uJLoFdTyd64YTtz5e6njqFdt92hP3GYQ4neuGpVSQt83xyceXOS7fbrhfBBDiteXrpnoeSvEaT2r1sdBjW4nTELd6/hn/7pxE02DJUERGTgERERERERERERERERERERERERF5QoCakOgV8IxP1dKdcmVPYwXQxCvicg7/dpwESSdRztlMYklT5U9x21aiF0kqJks9seBT8VSJT63oqlYUtoQK0GI+n7PbLHUdteKrIWFVeG6seOrsDqG7cnDy5szjKex4YQN+4+ku5dOOm2NpGE9LSZQXxzN5BWyf9sSnFuT9maoCtm9Fc3mxjlTANsWlZapbymZTteduTqmQnG4FbJ+4Uh0/cuVuoWJyWhWwhXac59p+tqTdkrQCtinudlbAljuonH/i8ZqsAra0HTUuZ3eox5eyw/0qYFvCeBriUsfLv7J5suMwVQVsrXvafnavF+5+Nl8321IBW5JyPMXrRuoK2OrUidfdeA+cnzNtAYiIiIiIiIiIiIiIiIiIiIiIiEgWrwAt5vQZK5AmpraSKOcmQDqEzDifhEQIL9mJ/1MrXopZyWIlU63ip7BcaPCZhkrLcqO2+tzpQJIEZK2iqW17SZCIJ8Da0g5Ug4HSL9uL290/tjRPq+SqvK61I+1n54XEwxTj6cYpJSonGT7TLlb641a+VuL3KurabtzqeIp5t8YEdTE+QIrLWDHYOJ4wtqPFm3Q/i7OU+NQjWqionLo95zgUOqiMl14p2Fld76Cxgrht3rwhMG28pHjFStHScubdZrnrWPISYuVqQ6KuFJ9ta8eXtCn4j6v/8WweL69Cshy3tLrWjpNQ7OwO/7j0HqnjqT7QV0s2rt5i+nEoruBfAVvfYd710BtP4xccnHGVOqLEK8QgHQZJGMfT9zj0OQ+Vqbefe+b87JmXgoiIiIiIiIiIiIiIiIiIiIiIiGR6Bei0K+bKUy8jTS3RKTeoV4BWEgKVREG3ArIzlSogW4ju24LQkKkIDZ2KrJn/JDQELd8uNORM93F46FSEh05NvYcMCXmhod52MoadhYxhZxlXsxLLhhLtNG74k7dTklZAFio+J0q6ehVPlYaU/exVQPYZT/iMq1rRW+yeqT0nTltI+AT0irlq4qexorfXjttLtdvq8eW8nG4FZOe4dSvTmttxty5ln1rCbtO/AGCsAC0ez+LuU9vTjlO5I2IlYLWytTS+3g4xt+c81/azHJ96/pkqIBu/AOFzvuvt+fXXkuPV4laPZyjbgc+4OtcNZ74yPsp4mcdTbwe+x496/qgLyOefXgFZeZ7ifPcqIDsvK9dLvwRsqaK3MtvUnvNUqwivXjfk64p6AHrnKZRxVU5vaQd4e8RYEd80npYwnmI7OLmmWWd+CuGBI0BEREREREREREREREREREREREQy6/hvZhlSfGFMINZnGBIG1WmyqsxJ2zEvpyayBYdMRd5VD6RYuWeouHem/mKq3aMmCkKZtnH/eStoM+Al7ArjC7EitJPQnKS9NvfH/2VjAqhpO8YtOE+VxE/1+IWYANrOCthpxOW3nG+F4pTnnxBfshRKpQKvoQ64F3+ybrclrmSrG45n45LGHaHGpWbs6ltMmfiaKq5OGE+5vTTOP+14NcSX6vwx7R6/fqcRl++4auOp/x3wj8sQXxv/XrT7eniSGHDb75A5dlqXbf+T3fv0JPZ2TqXH4mtIY/kkj9N57vdaqnnJ1klXR7aRlR3qcPtERERERERERERERERERERE1H4N9dHu7kIf17FErwDg5So5aTxW4v+cqTZDWNqy4gu6U+d1Yb70H4RpfEVvaiUac6ZiW4m247MSW7cstO7bguP3z0bjRqe6cs8T3bsF1Y993Y3PgjBNxONOAYhxWz5xW8J8dxPif8Lm5PG0vF1rGE95g5D7CshjmM54OscGxEQxS+6UkDSnHD3muMT/lPnePhPiNcTltO3GJ/bRkmOR/qccz0pvvW0Kcevj6u1795AXd4faXSl+C9LWLOHY0E5cp21v50ljJB6LTtzauCaWUuMS41PPUzEIdQm1W2KsYo+c8RTicqfiseItKMQtbE2Iyxy3EJ8TrxC3Np7OpqVxNexucSikVZRjWumRdI67cbu98WKTxtV7LB/PQlxifFDiU89Tt89KAKbDWDvMlH0GZZ9acp+U3shjJf0dMMct7TPTeJrG9SSZZk8+r0uTn4mIiIiIiIiIiIiIiIiIiIiIiE5mIcCGbcfTx2wAsG3YlhWfwoJUY9OWKztbcCp8GiSrxGnLj231ZWF+vHConagw6tQTTUxtO1Hx00bDhj+iYcMf/SM1lgg1TE9ABWTbidsSniTmSPEhEZ+6h2zhuW+F4EQDycYTagXk9lQkVl4zjKdzjNh2YqZlu3Fr4yluxEoSX5KKsnZix9rueBr3TnzzySoS2z6PtR7Z3tRWnscDl8bTa8/W20tRsVqM3xtXpYvq+WOK23me7AsUtrKCEpfUcmI5uT1b770pLluOSxtPIRZxcdOhIcZl6cNvjjHF+aXH63UoaQVku60VkOW4pLjFrgqrmY5n/wNZHy9TfNJ5q3XPi0v9O2CpI277nVhayMZxdQ8/cWo4nvXroSFeaUeeHNO8hTeCiIiIiIiIiIiIiIiIiIiIiIiIzEJO5U03oUytWmtbzoz4y06tTaX6rZbPp66uJQo6m9UTO8XnlqVMExuwbLmbTnsuMe9QCsMcl7sBZYOWG7cz25IW1xISLaU9Q6KgF4AwTewgK5H85u5dJ1AxLpESt21bif1smcdTHBiI4ykvJnVP2gFqe0oCpKU8VxM/3YFLtK6OpxqXtp+tRPe9+OL7OTH1HU9zXH5xy9nE3jhJ42lZekKvNF5eBq53/KRoT1lAjEsdV/l4VvutbE6MX+qP4fwTxssdT0v5woMNOcM4xfGjnT/Kceg8N42ndN3wPS7UdpT4fBKQTcercPVJXJ8Eanta3FYibuX66HNddccTXnzSc7/z3W1PvG5410n4jKsbn+XF57RjTBhXznc1Lq0KunpdVQ5AUyKzKS7vdHJHQorPfZ7i/Iufp+bE6Z48zTn3akRGTgERERERERERERERERERERERERGZhQAvCU3KfXMysdzSnMoMKaHOUPFUWM7dvpA76U5tQK0wK02V+eJTNVFQS+Dza0+ZL1ETQGFIkFTiVrfjtONVNLXh9d4Qn1qhVNhSysQ9Q+Krup/dJ9oK+tQ0nkkTMqHEZyOeNCrELVVolfqjd9QYnzhTfSrsftv9f/+EXmlgIMTnLAb9+FKPQ6mitdQxdUXTASavYm5PDkM+f7wR8Spc63HJ8SvtqftXPf+UuNRx9WIwHgzS42TnqROFlGVrqFguVfRWx9Vw/kndsZ1RhlxhXOhgygrIyvllvm4kugV1PJ3rhhO3Pl7qeOoV233aE/cZhDid64alVJC3zfHJx5c5Lt9uuNdDIV5bvm6q56EUr/GkVh8LPbaVOA1xq+ef8e9OD55aeYXod+U3QERERERERERERERERERERERERP5CgJqQ6BXwjE/V0p1yZU9jBdDEK+JyDv92nARJJ1HO2UxiSVPlT7FispXoRYqKyakrrCrxqRVdfeLWEgWdly2vnQ5VwJbi9nKHO7sCtt94ukv5tOPmWBrGU0sYF8YzeQVsn/bEp9p4pqiA7VvRXF6sIxWwTXFpmeqWstlU7bmbUyokp1sB2yeuVMePXLlbqJicVgVsoR3nubafLWm3JK2AbYq7nRWw5Q4q5594vCargC1tR43L2R3q8aXscL8K2JYwnoa41PHyr2ye7DhMVQFb6562n73robOY+brZlgrYkpTjKV43UlfAVqdOvO7Ge8D8wmtvRyCnAEREREREREREREREREREREREROQvXgFazOkzViBNTG0lUc5NgHQImXE+CYkQXrIT/6dWwBSzksVKplrFT6G6tFjx00gMQ2oveQKyVtFUqahrDEx57LYn7Wd4BXvFCqdQ4jTErbUj9cd5IfEwxXi6cUqJykmGL424bXU/u5VnEy+qFb2V8XTybrWK3mp8gBSXsWKwcTxhbEeLN+l+Fmcp8alHtFBROXV7znEodFAZL71SsLO63kFjBXHbvHlDYNp4SfGKlaKllaHGDwAAIABJREFU5cy7zXLXseQlxMrVhkRdKT7b1o4vaVPwH1f/49k8Xl6FZDluaXWtHSeh2Nkd/nHpPVLHU32gr5ZsXL3F9ONQXMG/Ara+w7zroTeexi84OOMqdUSJV4hBOgySMI6n73Hocx4qU28/d//83HOvRs6MS3yiJyIiIiIiIiIiIiIiIiIiIiIiIodeATrtirny1MtIU0t0yg2mVQFZSBR0KyA7U6kCspNqqLcjbU4JQ07IVDqqVGi1fOL2q4jqNu+24yROO2ElVkhaAVmo+Jwo6er2Sk0QVLrvVUD2GU93QWVc1crWYvdM7Tlx2kLCJ6BXzFUTP40Vvb123F6q3VaPL3c/p1kBWRxPIS6tIrG7YfGBJew2/QsAxgrQ4gEo7j61Pe34kTsiVgJWK1tL4+vtEHN7znNtP8vxqeefqQKy8QsQPue73p5ffy05Xi1u9XiGsh34jKtz3XDmK+OjjJd5PPV24Hv8qOePuoB8/ukVkJXnKc53rwKy87JyvfRLwJYqeiuzTe05T7WK8Op1Q76uqAegd55CGVfl9JZ2gLdHjBXxTeNpCeMptoOeO42cOhFFn/8eiIiIiIiIiIiIiIiIiIiIiIiIKDW9ArTDyczynWFIGBQrJQuJkipbnNqAVrHTtvUlE8uJi0v1Rk0JfLa2FXdTWljuOs6GfOJVE0DFDYqZkTaESrW2HJYaV5K4k1Wy1fIDIW/GPGzCwNrSDHgJu07HnXjd9ENjBWypcqwdTxIW4042nlriuCk+dbcpK8hbFw9c6Imf4sBAiM9GkgrYUrBQKyBrFaC1CrTmfsOSF5d2q9hdIRS4PXaaSJFaqVTgNdQBh1dpXNymuEdt47iazm2/kE3nqWVc3KlwLbQuVr6W4lJOeEMJYamCunbdsBO7Tx4vfTyVzfoch+ruVsfVcveZfP5JFcylyt5qw/L1xbs+e8tI45monJ/s+qIfX+a4fMdVG0/974A6XnqldqcpdTzVB/r5ldZ42tpWetw0kFeIoi/9J4iIiIiIiIiIiIiIiIiIiIiIiCg9egVopKrIKZcgdSt/Os/9KiY7lIQ6rTKzXyaosRK0UDFZmu9QM6KFduC1J8dtieFpO6KtFbBTt2dIWBVTjtOKW+ivstv0CqvqeMjj6V8B25mt7h+huzCMJ0wVg73xTLcCthSXSA2njRWw3fjcxZy4he4lbU+vGJy0AjbE8RIqfKvtKd31GvSSn5344lsVKmBLx6E8XloFbBgXkw9YYZxMlaCl49fn/NPacfsj7xavo0430qyArV2fzHH5V8DWE3WleC0xoddpT7i++MTV6RWwoQbkbEdpz+1P8uuLsbK3O1eogO1zvvtXwJbPL72keyLeTquALV8n1crecqZ2D5sGAij56p0IDxwBIiIiIiIiIiIiIiIiIiIiIiIiSk8IbiXORE6bsQJpYmqriXJCQqBKS2xU5gmP1YqY4nyxkqlU6RPx5DdTxU9jQ0JGnVRxVZ2qCYKwhUqu5grIUhuGuNX4nK56BWu9OVJ8UCq4usmXwnOtH/J4JR1PN/FRycszhdGB8ZQqBivjpY2nuBFDhWhjQqPSY6lisJoALy5tm+P2i8uPWjFYeh4PXBpPrz1bby9JXGpCpzeuShfV88cUt/M8SVze8SyfX1p8wnjJ7dl6701x2XJc2ngKsYiLmw4NMS6tIrxfjCnOLz1er0PGCsjudcNcAdnnDJNikHplC8+V1UzHs/+BrI+XKT7pvNW6p1R4Vr8AoI5rsuul2CvDuLqHnzg1HM/69dAQr7Qje9a05OZfIDJ2mrpbiIiIiIiIiIiIiIiIiIiIiIiIKImQU7PTTShTK3WmqoDslOJUE+/U1bVEQWezemKn+NxcARlapVO3MqhDzDuUwjDH5W6gKysgiwmCSSsgu613oAKyUiHXVAEZ4njKi6Vbkdi3ArIQt5T4KVWUNYynGpe2n61E95VKuc5x7Due5rhSVySWx8m3ojXUHZboQ1srICsLtL0CshRu+hWQfRJ1u64CsnwcOs9N4ylX9JZXV+PW93PyBOS0KyA71Pa0uK1E3Mr10ee6qldAVq6Pfue725543UhdAdmNz/Lic9oxJowr57tfhX+18rNfBXJTIrMpLu90ckdCis99nuL8i5+n5sTpbp9aFopvuQdZZ1wAIiIiIiIiIiIiIiIiIiIiIiIiapsQoNfLdJ9YiQdu1qEwQ0qoM1Q8FZZzty/kTrpTG9ArOAtTZb74VE0U1BL4/NpT5kvUBFAYEiSVuNXtOO14FU1teL03xKdWKBW2lDJxz5D4qu5n94m2gj41jWfShEwo8dmIJ40KcUsVWqX+6B01xifOVJ8Ku992/98/oVcaGAjxOYtBP77U41CqaC11TF3RdIDJq5jbk8OQz58kFcttw7gqmabm48fvODSPqxeD8WCQHic7T50opCxbQ8VyqaK3Oq6G80/qju2MMuQK40IHU1ZAVs4v83Uj0S2o4+lcN5y49fFSx1Ov2O7TnrjPIMTpXDcspYK8bY5PPr7Mcfl2w70eCvHa8nVTPQ/Vyvv+cakPfH4JQIlbPf+Mf3e6eRrIK0TxV+9EJis/ExERERERERERERERERERERERtUsIUBMSvQKe8alaulOu7GmsAJp4RVzO4d+OkyApZKLGNwivsqdS+VOsmGwlepGiYnLqCqtKfGpFV5+4tURB52XLa6dDFbCluL3c4c6ugO03nu5SPu24OZaG8dQSxoXxTF4B26c98ak2nikqYPtWNJcX60gFbFNcWqa6pWw2VXvu5pQKyelWwPaJK9XxI1fuFiomp1UBW2jHea7tZ0vaLUkrYJvibmcFbLmDyvknHq/JKmBL21HjcnaHenwpO9yvArYljKchLnW8/CubJzsOU1XA1rqn7WfveugsZr5utqUCtiTleIrXjdQVsNWpE6+78RMwP+O0Seh/448RGjgCRERERERERERERERERERERERE1D7xCtBiTp+xAmliaiuJcm4CpEPMhJWfiqSKmLZeIVPMShYrmWoVP4Xq0mLFTyMxDKm95AnIWkVTpaKuMTDlsduetJ/hFewVK5xCidMQt9aO1B/nhcTDFOPpxiklKicZvjTittX97FaeTbyoVvRWxtPJu9UqeqvxAVJcxorBxvGEsR0t3qT7WZylxKce0UJF5dTtOceh0EFlvPRKwc7qegeNFcRt8+YNgWnjJcUrVoqWljPvNstdx5KXECtXGxJ1pfhsWzu+pE3Bf1z9j2fzeHkVkuW4pdW1dpyEYmd3+Mel90gdT/WBvlqycfUW049DcQX/Ctj6DvOuh954Gr/g4Iyr1BElXiEG6TBIwjievsehz3moTL393PXzc8+9GkWf/17yIImIiIiIiIiIiIiIiIiIiIiIiCglvQJ02hVz5amXkaaW6JQbTKsCspAo6FZAdqZSBWQn1VBvR9qcEoackKl0VKnQavnE7VcR1W3ebcdJnHbCSqyQtAKyUPE5UdLV7ZWaIKh036uA7DOe7oLKuKqVrcXumdpz4rSFhE9Ar5irJn4aK3p77bi9VLutHl/ufk6zArI4nkJcWkVid8PiA0vYbfoXAIwVoMUDUNx9anva8SN3RKwErFa2lsbX2yHm9pzn2n6W41PPP1MFZOMXIHzOd709v/5acrxa3OrxDGU78BlX57rhzFfGRxkv83jq7cD3+FHPH3UB+fzTKyArz1Oc714FZOdl5Xrpl4AtVfRWZpvac55qFeHV64Z8XVEPQO88hTKuyukt7QBvjxgr4pvG0xLGU2wH3TO18gpReO1tyJlxKYiIiIiIiIiIiIiIiIiIiIiIiKjj9ArQDidzy3eGIWFQrJQsJEqqbHFqA1rFTtvWl0wsJy4u1Rs1JfDZ2lbcTWlhues4G/KJV00AFTcoZkbaECrV2nJYalxJ4k5WyVbLD4S8GfOwCQNrSzPgJew6HXfiddMPjRWwpcqxdjxJWIw72XhqieOm+NTdpqwgb108cKEnfooDAyE+G0kqYEvBQq2ArFWA1irQmvsNS15c2q1id4VQ4PbYaSJF6qVSgddQBxxepXFxm+IetY3jajq3/UI2naeWcXGnwrXQulj5WopLOeENJYSlCuradcNO7D55vPTxVDbrcxyqu1sdV8vdZ/L5J1UwN1Zsd8jXF+/67C0jjWeicn6y64t+fJnj8h1XbTz1vwPqeOmV2p2m1PFUH+jnV1rjaWtbOaHTnHOvRr8rv4FATgGI+oqWaBT7DxxNe/mhgwcgGAx0YY/arrqmDpXHawAApQP6IxIJd3OPTqzyfYcRi8UwoLgQWVmRpMvW1TXgaEUVgL65r4iIqP14z3Dyc+4ZwuEQBpcWp73e8epaVFXVAgCGDytVv3tLREQk4T0DdZbqmjp8svcQamrqMGhgfwwuLeFYEBH1IuI9Q15uNooK809o+4eOVKKxsQkAcMqw0q5v73AFGpuaEckIo3Rg/y5vj4iIiKin0itAI1VFTrkEqVv503nuVzHZoSTUaZWZ/TJBjZWghYrJ0nyHmhEttAOvPTluuWJpRytgp27PkLAqphynFbfQX2W36RVW1fGQx9O/ArYzW90/QndhGE+YKgZ745luBWwpLpEaThsrYLvxuYs5cQvdS9qeXjE4aQVsiOMlVPhW21O66zXoJT878cW3KlTAlo5Deby0CtgwLiYfsMI4mSpBS8evz/mnteP2R94tXkedbqRZAVu7Ppnj8q+ArSfqSvFaYkKv055wffGJq9MrYEMNyNmO0p7bn+TXF2Nlb3euUAHb53z3r4Atn196SfdEvJ1WAVu+TqqVveVM7RMzzZp8HvIW3ojIyCkg6msOH6nEz375f2kvf+cPb0G//Nwu7FHbvbFhG5596Q0AwLdvuQ5jRw3v5h6dWHf9aglaolEMHVyC7377iwgE1BsSz7btZfjL0hcBAN+6+TMYN/qUE9VNIiI6yfGe4eTn3DMU5Ofg5z+8Ne31nnnhdazf9C4A4Kf/cdMJ/1CaiIhOLrxnoI6IxWJ49JlXsH7TO2hqatHmZ2VGcNWi8zFn1hnaxzFERHRyEe8ZZk2biC8uvviEtv+XpS/g4937AQC/veeOLm/v3t8sRVV1HbIyI/ifn3yzy9sjIiIi6qlCcCtxOkUzTRVIE1NbTZQTEgJVWmKjMk94rFbMFOeLlUylSp+IJ7+ZKn4aGxIy6qSKq+pUTRCELVRyNVdAltowxK3G53TVK1jrzZHig1LB1U2+FJ5r/ZDHK+l4uomPSv6eKYwOjKdUMVgZL208xY0YKkQbExqVHksVg9UEeHFp2xy3X1x+1IrB0vN44NJ4eu3ZentJ4lITOr1xVbqonj+muJ3nSeLyjmf5/NLiE8ZLbs/We2+Ky5bj0sZTiEVc3HRoiHFpFeH9Ykxxfunxeh0yVkB2rxvmCsg+Z5gUg9QrW3iurGY6nv0PZH28TPFJ563WPaXCs/oFAHVck10vxV4ZxtU9/MSp4XjWr4eGeKUd2bXT7CkXIvfC65A5dpp/0EQkCQZ6VlUm8uzdfwRPLHsV115+YXd3hYiIiPcMvYjxF6WIiIg6Ce8Zep8nl61BayyG0pIinDvrjLTXq6mtx69+/zjK9x3yXaahsQlLHl+B1a9txje/dq37xazK4zVY9dpmAMCk00/rtC98tzcWIiIiIiIiIjILOTU73YQytVJnqgrIznei1cQ7dXUtUdDZrJ7YKT43V0CGVulU+2q2mHcohWGOyyspKj/v1ArIYoJg0grIbusdqICsVMg1VUCGOJ7yYulWJPatgCzELSV+ShVlDeOpxqXtZyvRfaVSrnMc+46nOa7UFYnlcfKtaA11hyX60NYKyMoCba+ALIWbfgVkn0TdrquALB+HznPTeMoVveXV1bj1/Zw8ATntCsgOtT0tbisRt3J99Lmu6hWQleuj3/nutideN1JXQHbjs7z4nHaMCePK+e5X4V+t/OxXgdyUyGyKyzud3JGQ4nOfpzj/4uepOXG6M6fBkqHImbYA2TMvRXjgCBCRZ+bZE5ImzwYCAWRlRU5gj6itVq/ZjHGjhmPS+JHd3RUiIurFeM9ARERE6eA9Q9+04pWNAIDhQwe2KWl46VOr3eTnIYNKMGfmZEwcdxqK+xfg0JFKfFJ+EM+8+DoqKqtx8HAFwuGQu27F8WqsXhNPgM4IhzotAbq9sRARERERERGRWQjQ62W6T6zEA9vSZ0gJdYaKp8Jy7vaF3El3agN6BWdhqswXn6qJgloCn197ynyJmgAKQ4KkErdeJVXYbbbTa2+qxadWKBW2lDJxz5D4qu5n94m2gj41jWfShEwo8dmIJ40KcUsVWqX+6B01xifOVJ8Ku992/98/oVcaGAjxOYtBP77U41CqaC11TF3RdIDJq5jbk8OQz58kFcttw7gqmabm48fvODSPqxeD8WCQHic7T50opCxbQ8VyqaK3Oq6G80/qju2MMuQK40IHU1ZAVs4v83Uj0S2o4+lcN5y49fFSx1Ov2O7TnrjPIMTpXDcspYK8bY5PPr7Mcfl2w70eCvHa8nVTPQ/Vyvv+cakPfH4JQIlbPf+Mf3c6YRo+dSIyT5+BrInnIDJyinkHERGyMiPIycnq7m5QB/3+L8/iP//fP6GwX153d4WIiHop3jMQERFROnjPQOmyAWx7dycAoLAgD//vW19AKBR055cOKELpgCJMO/N0vPLGFtTU1iEvN7ubektERERERERE7RUC1IREpRKpVmFWruxprACaeEVczuHfjpMgKWSixjcIr7KnUvlTrJhsJXqRomJy6gqrSnxqRVefuLVEQedly2unQxWwpbi93OHOroDtN57uUj7tuDmWhvHUEsaF8UxeAdunPfGpNp4pKmD7VjSXF+tIBWxTXFqmuqVsNlV77uaUCsnpVsD2iSvV8SNX7hYqJqdVAVtox3mu7WdL2i1JK2Cb4m5nBWy5g8r5Jx6vySpgS9tR43J2h3p8KTvcrwK2JYynIS51vPwrmyc7DlNVwNa6p+1n73roLGa+bralArYk5XiK143UFbDVqROvu3E3sR6wwhlAJBuh3EIE+5UgVDIUodIRyBg6BhkjJsCK8M1wohOhubkFu8sPoqS4HwoL9OTbg4eOob6hCQMHFCEnOzO9bba0oHzfYfQvKkC//NwO9a+urgF7DxzBkEElyO3CD2APHq5AbW09hg4egMzMjJTLNzW1YHf5AfTLz8WAkkLh70/7tESjuO93j+IHd3wJgXb8lLBt2zhaUYWKymrkZGehdECR9KFjMjW19dh/8ChOGVqqxR6LxbB3/xHYto3Bg4oRDoV8tuJp674kIqKTA+8Z4rr7nsEk2tqK3Z8cQGG/PPQvKuj07RMREbUF7xk8h45Uora2HiOGD0IwKP9bv6mpBeX7DyE3JxsDigsRCCS/R4jFbHxSfgDBYBCDS4vT/jd/LGZj34EjiEajKB3Qv1Ord5fvPYSWaBQAcPrYEb59CgQszD3vrA611ZH3PTrb8epaHD16HFbAwpBBJciM8L0PIiI/NbX1OHi4Av3yc1HcvyCtfxMfPFyB6po6DCktPqFfyqpvaET5vsMYOnhA2vcoDr4nTkRERL1dqODmdd3dByIiIiLq41av2YzHnn0FAPDtW67Dc8vXYufHe935OTlZuOmLV2DMyGF4bvlarFqzCU1NLe78s6eMww2LFyIjHHZf+8UDf3O3cdePbsX9f3jC/elTACgqzMd5s6dg4admpN3PWMzG48++jLe3fYTKqhr39cKCPEyeOAqfueJT7geHt//g16ira0A4FMI9//0NqW+ON9/ajj//9XkAwNWXXYB5F0wDAFTX1GHpk6vw3oe7pDhLBxThli9fhYElhdq21r75Dl5+/S3sO3DEfS0QCGDR/Nm4eN4s7ftOqYwdNRxZWRFsfecjHDxcgaVPrsZnr5mX9vof7tyDZ196A2W79mnzLjjnTFx12fnG8QoEAviP27+IX//xCVRUVrvzSwcU4favX4/MzAz84eHn8O77HyMWi7nzxf0nas++JCKinov3DD3vnsFk954DePSZl/Hx7v3ua1mZEVx9+QWdsHUiIqLUeM/g3TPcesc9iMViGDNyGObMnIwlj6+QYp0yaTRuuvHTOHrsOH7756ele4RIJIxbvnQlxo0+RWurbPc+PPPC69i5a5/07/Mpk0bjxusvkZJvxfH4t3/+HFa//hbe3rZDWm/q5DG44bqLkZmZgd17DuDO+x6R2tuz9xBuvv1uAPF7lwfvvt13v4q/YlW2ay9isVhaX+p+cdV6PPPiG8prG/Diqg0AgFGnDcW/fv16AOm/75FuLGW79+Hu+/8KAPj0pedpx9HGLdvx0JL42H71hstx1hlj3Xkf7tyDRx5bgSNHK6V1CvJz8JlPz5WWJSLqi8S/hZfOn42HlixDVXWdOz8SCeOfPn8ZJo0fqa2778ARPLlsDXbsLHe/XAPE/4171WXnY87MM5L+O/qu+5fg4937ff92fefHD6Kqug5Fhfn46X/cJM1bv+ldvLR6Aw4d8a7vRYX5uPnGTyeNl++JExERUV/S9hJuRERERESdrKnZexPu1394QvpQEohXQXrgT09gyWMr8PyKddKbdgCweesHeO6ltdJr4odod973iPShJABUVFbj6edfw6o1m9Pqow3g9w8/g5df3yJ9KAkAlVU1WLP2bTz40JOIxeIl7KefeTqAeAXlN9/abtzmilc2uo9nT58EAGhsbMad9z2CLdt2oKmpBeFQCJFI/EPNg4cr8OO7HsLBwxXSdt54cxv+79GX3A8pszIjCAQCiMViePalN/DQI8+lFaPqS9dfioL8HADAa+u3Ysu2HWmt9493d+J/fvN344eAAPDq2rfx2NOvSK854xWLxfCz//k/KfkZiMf+q98/jv/5zd+x7b2d0vgCwBPPvYrtH+6WXmvPviQiop6N9ww9855BdLSiCvc8sFRKfgaAhsYmPPLocry19cMOt0FERJQK7xm8ewan3zt37cNDS57XYt36zkf4y99ewE/vfVhKfgbi1aB/9fvHUVffKL2+d/9h3PPAUuwoK0csFkMkEnZ/mWnrOx/hh3f+Ea2t3v4Sx+OBh57EW1s/0P5dv2XbDvz1iRXa8u2Rl5uNQaXFAOLVrn9y78N474Nd7r7009iUXrtted8j3Vhamr2kOlv7+VogGm01Pq6qrsN9v3tMS3525v3h4WexbuM7afWBiKi3cv7m7PrkAP7nN3+Xkp+B+N+7B/70JI5WVEmvHzpcgTt/+Qje+2CXlPwMxP+Nu+SxFVj16qakbat/d1XRxN/LlhZ5+1vf/Qh/WfqilPwMxO837r7/r1oMDr4nTkRERH1N6t+JJiIiIiJqhzXrtmLD5vd858+ZORlXX6ZXAWyJRnHR+Wdj/oXTcfBwBR59ejX27j+CpqYWvL7hH8jLzcZNN16Bkv6FWPvmNjz7Urwyz+rX3jJuD4i/KTj3/LMx/4LpiETCeHvbDvzfo8sRi8Xw+LOvYOjgEmM1I9FjT6/G1nc+AhCvlPCVz1+GwaXFOHj4GP781+exd/8RvPfBLix5fDm+8JmFmHfBNLzyxhYAwKpXN+HcmWdI29u7/4j7weL0qePdn66758GlbvLv566Zj3NnxdfbvecA7nlgKVqiUfztiZX49i3XAQC2f7gbjzy6HAAwsKQQ375lMfoV5KK1NYa/LH0RG7dsx6a3P8BF50/DKcNKk8aoikTC+JebPoP/vPvPAIA//t9z+PG/fwUl/fslXW/C6aciHAphUGl/XDJvFk47ZTCysiJ49/2P8b9/e8Edy09fep7xJ/taYzHccN1CnDFxNN59/2MsfXIVGhqb3A+Xx4wchi9ctxCt0VY8t2Id3tr6AQBg+ctvYvzYEe522roviYioe/Ce4eS/Z3DYto2771/ifjB81pRxuOrS85Cfn4OPyvbiDw8/i4bGpnZtm4iIiPcM7btncMRiMeTlZuNrX7wCA0sKsW7jO3j6hdcBwN2v8y6YhvkXTse+A0fw2DOvYN+BI4jFYnhjwz+wIFGRuLqmDj+/bwlisRjCoRC+dctnMHLEEADxL1s98uhyVFXXYdWaTe46orq6BkwaPxLXXH4hIhlhrNv4jrvPN255H9d9ei5OHT4IP/y3LwMAfnzXQwDiFS//+avXAAAiGXr1a9XVi87Hgw89hVgshn0HjuD+PzyOQCCAcaOHY8LYU3Hm5DEoKsyX1rno/LMx8+wJ2LP3kFtJe/rU03HxRbMAALk5WQDa9r5HZ8SSzN+eXOkm9n3umvmYOW0CQsGgW7F0+4e7ccbE0R1qg4iot2iJRhEOhXDD4oWYMO5U7PrkAJ56fg327o///Vz+8pv43DXzAQA1tfX46S8fdv99O3v6JFwybxb65edi34EjeHHVBmx996MuqbJ/5Gj8VxkcV156Hs6ZMRmBgIWNb23H0qdW+67L98SJiIior2EFaCIiIiLqErFYDA2NTb7/HauoNq5XWJCHay6/EPl5ORgzchi+8vnLpPmfvWYeRp06FAX5Obhk3iyMGTnMba+mtt64zbOmjMO1l1+IgvwcZEYyMGvaRNx4/cXufL/KSaL1m+IfBoZDIfy/b92AYUMGIBgMYMigEnznXz7vVjra+Nb7AOIfZjnJuIeOVOKT8oPS9lYKlSEWzo1/IFh5vMZN8h0yqMR9cxIARgwfhOlnxas9fbhzj1t9aa1Qxef6q+ahX0EuACAYDODaKy50561ZtzVljCaDS4txw3ULAcT38a9+/ziira1J1wkFg7jzh7fgu9++AVMmjkZ+Xg7CoRDOnDQGZ08Z5y53yKfSxMyzJ2D29EnIyc7EjLPG47IF50jzb/riFSjp3w+lA/vjK5+71N33Bw8fc5dpz74kIqLuwXuG3nHPAAAHDh1zq1CNGFaKr37hMvQvKkA4FML4sSNw262L271tIiIi3jO0/Z5BtfiqizD6tKHIz8vBwrkzMWHcqe68osJh3rASAAAgAElEQVR8XH3ZBcjLzca40afgi4u9eA4c8v69/e77H7vJYBfMOdNNfgaAOTMmu0nFr77xtrEPw4YMxNe/chUGlhSiX0EuLpk3C8OHDnTnHz5aiYyMMAYN7I9BA/u7r+fmZLmvqYnLJhNPPw0//vevYMigEve1WCyG7R/uxmPPvoLv/vfv8MM7/yj9akVebjYGDeyP4v4F7mv9iwrcdvNyswG07X2PzoglmaPHjgMAAoEAzpkxGeFQCJZlYejgAfjm167Fz75/s/HL50REfdU3vno1pp15OrKzMjFh3Km47sqL3HniLyFs/3C3W735rCnjcMN1C1FcVIBQKIhThpXi5i99Gv/9va91+Dpusm17mfv40nmzsOBTM5Cbk4XsrExcMGeq7xe0+J44ERER9UVMgCYiIiKiLjGotBjXXn6h73/nzTrDuN5ZU+SKCQNLiqTn4odzQDxB13G8qta4zXnnn629Nu3M090PEz/ebf7JUkd1TZ1brXDm2RPcn4xzhEMhnDd7CoB4FQnnp/IWzp3pLrP6Ne8ncBubmrHp7fgHmKcOH+TG8JHwk7xTJo5CRWW19N+oU4e68w8fiScP7/y4HED8g66S4n7S8i0tUZQUFwKQk4Pbavb0SZh2ZvwDvCNHK7HksRUp1xE/XIvFYqhvaERVdR2GDh7gvq7+pKBD/LAQkMd46OAS5CQqLgHxuPv1ywMA1NQ2uK+3Z18SEVH34D1D77ln+PgTL4FogSHxatiQASgdUKS9TkRElA7eM7T9nkE1cdxp0nNxOfXf4uLfbHE/7Cgrdx9PGj9Suw9xKl9XVtUY+3DebH2cJk8Y5T6uOG5erz1K+vfD9//1RvzXd7+KyxfOwQjlVy4OHanEXfcvwVPPv9bmbXfkfY/ONH3qeLcPv3jgr9j2Xhkam5rd+YWJ90yIiAjIyoxg7Kjh0msjRwxGIBBPm6ms9P4Gfbhzj/t40fzZxu0VFxUYX++osl3efcRF50/T5p9/zhTjenxPnIiIiPqiUHd3gIiIiIh6p3GjhmOu4QPBVMaPlT94DAQs9/HQwSXICCsfCoa9W1rnJz9VA0oKtdcsy0JxcT8cOHgUh45UIhaLuW90qsqEDy4H+iTtDBTa2PnxXhQXFWDMyGEoLirA0YoqbN76IT57zXxkRjKw9s133L5eMm+Wu95HH3sfIj6/cj2eX7ne2BYAHDlWhdIB/d0qi7FYDN/7ye99lz/WwQ/dblh8Mcp270dFZTXWb3oXp49J/lO+O3ftxQsr12PXJwd8f+reb7zGjZbfhBbHWD0+ACAjrP+zpq378tRTBvvOJyKirsV7ht5zzyBWUFSTyxylA/rjoM+vQBARESXDe4a23zOIBpUWa4nWGRnec6e6tCMszBP3w04huereB5ca23LU1Na7VZMdJf37acs5v0yhttVZSvr3wyXzZuGSebMQbW3Fjp3lWP3aZrz3wS4AwPKX38SF505Fv/zcFFvydOR9j840e/okLH9lI+rqGvDx7v148KEnAcST8hbOnYnZ0ydJxzwRUV/Wv0iv1hwIBBDJCKOhsQkx27tui8nEAw1/97vSrsSXi8OhELKyItr8jHAYkUjYrVDt4HviRERE1BcxAZqIiIiIepRg0P9HSvw+OEwlFrNTLmMnWSRgBYTlzAvGhNeDwaD7eOHcmXjkseWIxWJYu2Eb5p5/NlYlfpY2LzcbE8ePdJdtbfXeYJ08YRQK8nN8+zSwpFBqMycnC1Mnj/FdPj/Pf1vpCIdC+JevXYsf3/1nxGIx/O/fXsRFPh88v/fBLtz/h8elvg4dMhDZmREcq6zC9g93J20r2TgnOz5Ebd2XRER08uE9Q1xPumcQk6ii0VbjMq0nIBGIiIhI1JfvGUQhYRsmwSTzxb6I9yHn+lTddjgVsUWWZUjGTb07O00oGMT4sSMwfuwIPPPi63hx1QYAwKYt72PeBXqVTZOOvu/RHn7HXG5OFu7+0dexbtM7eGHlelRUVgOIV59+5LHleG75G/jJ925CKJR8/ImI+gLLSv/vvn2C/u0aa9XbCSW+jNXWfz/zPXEiIiLqi5gATURERES93sFDxzDqtKHSa7Zt4+jR4wCAkuLCpB+Ijjx1iPv4wCHzz8KLlQxHneYtP/PsCfj7U6vREo1i1ZrNGDZ0oPszsAvnzoT4sd+QQSXu4+lTT9d+ftYkHAqhJRpFRiiEz10zP+XyHTFwQBFuvP4SPLRkGWKxGFa8stG43No3t7mP//Xr10v7/rV1W7vkg0BVe/YlERER7xk6ZuSIwXj1jS0AgL37D2P40IHaMqz+TEREvcHJcs/QFQYPKnbbu+Lic5Gbk9XFLcY1NTV3+jbHjT7FTYA+lkgcBgBL2IuNjXq7HX3fwxRLQDheqqpqtfmHjvjfQwUCFubMmIw5MyajsbEZ7324Cy+uWo+9+4+gqroOW7Z9iOlTxyftExERyUaPHIajiV9I2n/wGIYOLkmxhpnzZatYLIbGxmZkZma481pbY8ZfERh16hAcORr/NYnKqhoUFuRJ8xubmrXqzwDfEyciIqK+qX1fbSciIiIiOom8uHqD9tqGze+hJRoFEE/WSSY3J8v9ydYNm99DQ4P8pmRTUwvWboh/+BWJhKU3JEOhIC6YcyYAoLKqBr956CkA8Tc+z505WdrOiGGl7uPnV643FkBqbGrGQeHDUeeN18qqGrz7/sfG/u/ecyBpfG0xferpmD19UtJldn3itTdsiJz49OaW7Z3Wl2Tasy+JiIh4z9Cxe4bThJ/PfWHleq2i5c5de3HkaGWH2iAiIuoJTpZ7hq4wYvgg9/ELK9cZlzly7Dhq6xo6pb2cRIL1oSOVaW8z2tqKO374AJ5ctgbNzXqCmGPdxnfdx2dOGu0+7leQ6z7+x3s7tfXa+75Hslj6F+a7j7dtL5PmNbe04I0N22Cyd/9h6fjJzMzAWWeMxR3f+JzXp7dOzHsxRES9yWjhyy1PPb/GuMzOXXtTbqekf4H7+L0Pd0nz1qx927jOyBHeF5+WLV+rzV/pU5iE74kTERFRX8QEaCIiIiLqEoePVuK9D3Yl/S/aav5p9M723ge78KdHnkP5vsM4cuw4Vq/ZjL8sfdGdnyqhFwA+de5UAPFKDf9595+x/cPdqKyqwQcffYL/+sWf3Q85P3XuWdq6c88/233sVHQ4b/YU6WfigXgFqLGjhgMADhw8il/8+q8o270PtXUNKN93GCtf3YQ7fvAAfvu/T7vrLL7qIvfxgw89hZdfewvHKqpwvKoW732wC7/83aO4875HfBOd2uOz18xDSbH/T+SNHT3cffz3p1fjeHUt6hsaseTxFSjbta/T+pFMe/YlERF1D94zeE72e4b+RQXuB65HK6rw8/seQdnufaiorMb6Te/ivt8+1u5tExER8Z7Bk+49Q1eYf8F0RCLxdl5+fQv++vhK7D94FDW19di5ay+WPrUa3//pH3yTo9tqSGmx+/gvS1/E7j0HUo7zGxu2oaa2Hite2Yg7fvQAnnjuVazf9C527zmAfQeOYOu7H+GXv30Ub771HoB48vjo04a56xcW5rsVOysqq/HMi6+jorIara0xAO1/3yNZLIX95DYf/vtLKNu1D9s/3I2f3PMXY4VQAHjgj0/i9h/8Gi+sXI9Pyg+iqakFRyuq8Lyw/4uE5GoiIkrPpPEjkZUZARD/u3//Hx7Hzo/34six43j7nR34yb0P4xe//hsOpfiVo2HCLyM9+vRqvL7+HyjfdxjPLV+LR5952bjO5Akj3b+1a998B0seX4F9B47g4OEKPPPi63h+5XrjenxPnIiIiPqiUHd3gIiIiIh6J+fDx2Tu/OEt6Jefm3SZzjBkUAk2vf0BNr39gTbvs1fPw5iRwwxryS6+aBaqa+rxyhtbUFlVg1/9Xk/gmT19Eq64+Fzt9X75uZg0fiTeESr4zL9gmrGdGz97CX5678Ooqa1H2a59uPv+v2rLHD56HDW19cjLzcYpw0qxaME5WLZ8LWKxGB595mXjG6fv7/gEE08/LWWc6QgFg/iXm67FD372R8RiMW3+hXOmYuOW9xGLxbBu4ztYt/Edd14kEjb+PF9XaOu+JCKi7sF7Bk9vuGf4l5s+gx/d9SdUVddhd/lBrV+FBXmorKpp9/aJiKjv4j2Dpy33DJ0tEgnjazdcgQf+9CRisRheW78Vr63fqi23/cPdndLeVYvOx533PQIAeGd7mRvzj77zFZQOKDKuc/roUzBm5DDsKCtHU1MLVr66yXf7WZkR3PLlKxEIWO5rFoDLL56Dp59/DQDw4qoNeHHVBoRDIdz/82+3+32PVLEsmj8bz770BgBo283KjGhJ0BWV1e591bMvveGuq8Z31aXn+8ZPRERmebnZ+PdvfQH//Yv/RUs06nsfsn3Hbgz0+XsEAJ+acxZeWLEeLdEoqqrrsOTxFe68cCjkfuFJlJ+Xg9tvvR533vcIYrEYXl//D7y+/h/u/KzMCKLRVuO6fE+ciIiI+hpWgCYiIiKiThMMBtu2fEC/HQ0G9decCjihUNu277jjG5/F5AmjEA553/87dfggfP4zC3De7Cn+/VP6ct2Vc3Ht5RfitBGD3T4FAgGcOnwQrrz0PHzhuoW+25o9faL7ePzYEb7VdwoL8vCz79+MeRdMc38a1ZGVGcGcmZNx149uld6cXDR/Nr7zzc9h2JCBbr+cvg0ZVIJbvnQlrr3iQt++mZjGQVRcVICv3nCZ1JbjlGGl+O63b8AgobJROBTC1MljcdMXPy204Y1nKMmxI/Yl2XKq9uxLIiI6MXjP0JvuGeR9nZUVwXe++XnMnj5J6lfpgCLc+uWrMOH0U9u0fSIi6tt4z9DxewZnu0EhwdcREvpj2nd+Jow7FT/9/k3aPgDi9yhXX3YBvv+vXzKum+r9BnXMRwwfhG9+7VotvkiSatcDBxThtlsX49u3XIexo4Zr/+4PBAIYWFKIc2ZMwk/+42vGhPUFF07HtZdf6FbgBICMxOP2vO+RTiwXXzQTV1xyrnSflpUZwdzzzsZXPr9I62NRYT7u+tGtmD19klulVDR+7Ajc8c+fRVaWPo+IqLcRr7nq35pkfwv9tgEAA0sK8d3bbsDMsyegsCBP2t6QQSX45teuxYVz4r/o4Pe+dSQSxvdu/yKGDi6RXh86uAT/9s3P+X6ZZ/jQgfjWzZ/BpPEjpXuE00YMxndvuwF5eeb3tPmeOBEREfU1lm3bdnd3goiIiE6sT3bvg2XF3+jp6FR6LL6GNJZP8jid536vpZqXbJ10dWQbWdn8EY4T4a77l+Dj3fsBAL+95w739eqaOmRnZbb7Q05HLGajuqYO+Xk5UpUgPw8teR4bt2wHAPzr16/HqNOGptVOSzSKiopqFPbLS/unbI9X1yLWGusRP3EabW1F5fEaFPfvh46feR3Tnn1JRES9H+8Zuvaeoaa2HpFIGBlh/u0lIqKTW2+5Z+gKDQ1NqK1rQP+ifCl5t7M1t7SgoqIaGRlhFBbmt+l9hljMRsXxagQsq83r1tU3orqmDrk5WVrCWHvf90gVS3VNHVpjMSnhLpXW1hhqausBAAX5OZ3yHigREXnq6hvREo2iID+3Xe91R1tbcayiGv0L89t032DbNqpq6lCQ1/ZrO98TJyIiSq2hXv9VBTqROpa+zOwbIiIiIupT8vNyOmU7gYCFfgXp/axubV2D+6FkSXFhmz6UDIdCSX9Cz+RE/NxvukLBIEr69+vubgBo374kIqK+i/cMnYNVpYiIqLc72e4ZukJWVuSEVBnOCIdROrB/u9YNBCwUFxW0a92c7EzkZGca57X3fY9UsbTnuAoGA2kfQ0RE1HZ+fwvSFQoGMbCksM3rWZbV7n+/8z1xIiIi6u267mvYREREREQEAFj92mb38cVzZ3RjT4iIiKgn4z0DERERpYP3DERERERERERETIAmIiIiIupS0dZWrHo1/sFkOBTCjLMmdHOPiIiIqCfiPQMRERGlg/cMRERERERERERxoe7uQE+wbPla7Cgrx46ycuP8MSOHYdGCczBm5LAT3DMiIiIiaq/FV16EI8eOd3c3YMHCjZ+9BADQvzAfwSC/g0hERNST8J6BiIiI0sF7BiIiIiIiIiKinsWybdvu7k50lx1l5bj3waVpL89EaCIi6i0+2b0PlmUBQIen0mPxNaSxfJLH6Tz3ey3VvGTrpKsj28jK5nfQiIiIiIiIiIiIiIiIiIiIiLpTQ320u7vQx3UsfblPfy182fK1bVq+rQnTRERERERERERERERERERERERERERE1Ln6bPnBZcvXYkdZufTaovmzteV2lJVryy1bvhaLFpzTpf0jIiIiIiIiIiIiIiIiIiIiIiIiIiIiXZ9NgBaTmseMHIbbbl2cdPmbb7/bfbxsxTomQBMREREREREREREREREREREREREREXWDQHd3oLuICdDpJDObqkMTERERERERERERERERERERERERERHRidVnE6BFY0YOS7kMKz4TERERERERERERERERERERERERERF1v1B3d6C73HbrYuzYuadd64wZNbyLekVERERERERERERERERERERERERERETJWLZt293dCSIiIjqxPtm9D5ZlAUCHp9Jj8TWksXySx+k893st1bxk66SrI9vIyu6z30EjIiIiIiIiIiIiIiIiIiIi6hEa6qPd3YU+rmPpy4FO6gURERERERERERERERERERERERERERFRl2MCNBEREREREREREREREREREREREREREZ00eu3vr+8oK8eOnXu8x2XlXdremJHDAACLFpwjPe9pXli5Hs0tLbAsCws+NQOZkYzu7hIREREREREREREREREREREREREREVHaemUC9LLla7FsxboT2qaTYH3vg0sBxBOgb7t18QntQzqWrViHWCwGADhz0hgMHzqwm3tERERERERERERERERERERERERERESUvl6VAN0dic9+dpSV4+bb78Ztty7usdWgiYiIiIiIiIiIiIiIiIiIiIiIiIiITja9JgF6R1m5Mfl5zMhhJyQB2akA7Uwd9z64FIvmz8aiBed0eR+IiIiIiIiIiIiIiIiIiIiIiIiIiIh6u16TAH3vg0ul592VdLyjrBzLlq+VEqGXrVjHBGgiIiIiIiIiIiIiIiIiIiIiIiIiIqJOEOjuDnSGnpL8DMQrTt9262Ismj9ben3Z8rXd0h8iIiIiIiIiIiIiIiIiIiIiIiIiIqLe5KSvAL2jrFyqtjxm5LAeUW3Z6cOyFevc6ZhRwzFm5LDu7FaHxWIxbHr7A7y+4R84dLgCzS0tGDywGCOGD8LFF81Efl6Ocb1otBXrN72Ljz4ux/6DR3GsohoZGSEMGliMMyeNxnnnnAkrsezBQ8ew6rXNAICAFcB1V85FMGjO1a+orMYLq9YDAPJys3HFxed2uK9ERER0Ytm2jebmKFpaomhpbUVrawyxWAy2DQB2d3ePiIiogyxYFhAIBBAMBhAOBhEOh5CREYJlWalXJxfvGYiIqHfjPUNn4T0DERH1brxn6Cy8ZyAiot6N9wzUN5z0CdCqnpD87Fi04Bw3ARoAduzcc1InQMdiMfzyt49KCecAsGvPAezacwBvbNiGm7/0aUwYd6o0/4WV6/Hiqg1oiUal1xsam1BVXYcPPvoEr63/B7777RsQDAZQ2C8f6za+i1gsBgAYddpQTJ96urFPK1/dhDc2bAMATBo/ssN9JSIiohOnqbkFjY3NaGxqAd9MJCKi3suGbQOtra1obW1FM1qABgCwkBkJIzMzA5GMcHd3skfjPQMREfUNvGfoKN4zEBFR38B7ho7iPQMREfUNvGegvuGkT4Betnyt+3jMyGE9LsF4zMhhWhLuycgG8PuHn3VjCQQCmD71dORkZ+Hj3fuwa88BtESjeOBPT+LnP7wFebnZ7rrb3tvpJj8HAgEMHFCEkv79cKyiCvsOHAEA7DtwBCtf3YiFc2ciEgnj3FlnYM3atwHEk5xNCdDRaKub/AwAl1w0s8N9JSIioq7X1NyC+vpGNLd4X47KCIeRkRFCKBREKBhEIGDxm6dERNRr2LaNWMxGtLUV0WgrmpujaG5pQWNTMxqbmpERDiE7O5NvNip4z0BERH0N7xnah/cMRETU1/CeoX14z0BERH0N7xmoLzjpE6A7246ycuzYuQc7ysqxaME5HU6oFhOgT+ZE6JdWrcfWdz4CAOTkZOH7t9+IfgW57vwXVq7Hsy+9gVgshqeefw03XLfQnbfwopn4+5OrcemC2Zh19kQEgwF33uo1m/HYs6/EH7/2FhbOjScxz7tgmpsAXb7vEA4erkDpgCKpTxu3bHcTq0sHFOHUUwZ3uK9ERETUdWK2jdraBjQ0NgEAgoEAsrIiyMrMQCAQSLE2ERHRycuyLASDFoLBACIZYeRkx3+5qKGxGQ0NTWhuiaK5qhZZmRHk5mYh0Mc/aOM9AxER9VW8Z2gb3jMQEVFfxXuGtuE9AxER9VW8Z6C+4KS/mxOTiv2SlZctX4t7H1yaVgLysuVrsWzFOuwoK8e9Dy7ttH4CJ3cC9KrX3nIff/7a+VJCMQAsnDsTOTlZAIC3t+2Q5k2ZOBo/+8HNmDNjspT8DAAXnnuW+7imtt79gZniogKMG32KO2/1ms1an1a8stF9fMm8WZ3SVyIiIuoazc1RVFTUoKGxCRYs5OZkobh/AXKyM/kGIxER9UmBQAA52Zko7l+A3JwsWLDQ0NiEiooaNDdHU2+gl+I9AxERkYz3DGa8ZyAiIpLxnsGM9wxEREQy3jNQb9Pr7+h2lJW7Cc07du5Ja3mSVVbVoK6uwX1+2ilDUFffKP3X0NiEEcNKAQANjU2IRluTbtMG0BKNorGpCZGIV0a/urrOfbxw7gz38dqN77jVngGgfN9hHDxcAQCIRMI4e8q4LusrERERdUxjUzMqq2rQGmtFJCOM/kX5yMnO7O5uERER9Rg52ZnoX5SPSEYYrbFWVFbVoLGpubu7dcLxnoGIiCg53jPE8Z6BiIgoOd4zxPGegYiIKDneM1BvEOruDnQ1Mel52Yp1WLTgnKTLL5o/G8tWrHMfp2vZ8rUYM2q4VoV60YJz4snXZeVt2l5PUllZIz3/zo8fTLnO0WPHUTqwv/t823tlWLfxHezZdwjHq2oRi8WM64mvjxt9CgoL8lBZVYNYLIY339qOOTMmAwBWvrrJXe6i86e5387sjL4SERFR52lsakZV4gtO2VmZyMvN6uYeERER9UzBYAD9CnJRU9uA+obG+N/PfCAzktHdXTsheM9ARESUHt4z8J6BiIgoHbxn4D0DERFROvr6PQOd/Hp9AvSYUcOBREIzEK/wrCYpixYtOCe+DpB0OZFTZRor1mHR/NlakvVtty5uR897DjVZubAgL+U6wVDQffzQkuexcct2aX44FEJ2dgTBYBAVldW+21k4dwb+9uQqAMDKVzZizozJaGxsxuatH7jLfGrO1E7rKxEREXWe5uao+wZjbnYWcnJYWYGIiCiVvNwsBCwLtfUNqKquQ6AggIyM3v32De8ZiIiI2o73DLxnICIiSgfvGXjPQERElI6+eM9AvUOvP0rVJOYdO/ekTGxON/HZsWz5Wm/7ZeVtWvdkMHBAkfT8v773VYSC6SUN19Y1SMnPly+cg3NnnYG83Gz3tVvvuMe3IvSs6RPx96dfRiwWw6EjlSjfdwgf7ix3l58+9XTk5Hjf1uxIX4mIiKjzxGwb1TX1AOLVFfgGIxERUfpycjIRs23UNzSiuqYeRUV5CFhWd3erS/CegYiIqP14z0BERETp4D0DERERpaMv3TNQ7xHo7g6caMuEatBdpbclQeflZiMc8nLl33t/V9rrvv3ODvfxoNJiXDJvlpT8XHm8xjf5GQAywmGcP3uK+3zlq5ux8tWN7vOFc2d2Wl+JiIio89TWNqA11opIRpg/LUdERNQOeblZiGSE0RprRW1tQ3d3p8vwnoGIiKhjeM9ARERE6eA9AxEREaWjr9wzUO/R6ytAA8Ci+bOlxOd7H1yKRQvOaXOlZyex2Vlv2fK1WkL1jrJy3PvgUowZOQy33brYuN7J6IyJo7B56wcAgIcffQk/GvFlKZEZAGpq6/HEc6/i3JlnYOSpQwAAkYywO//Q4Qo0t7QgI+y99tcnVqZse94F0/DKG1sAQKomPWJYKQaXFndaX4mIiKhzNDW3oKGxCRYs7W8wERERpS8vNxvNFdVoaGxCJBKW/o3dG/CegYiIqHPwnoGIiKh9bBtobW1FtLUVsdYYYrYNO2bD7qb+WACsgIWAZSEQDCAUDCIYDKKzCi/ynoGIiKh9eM/Qu+4ZqHfpGwnQC84B4FV/FpOU002EvvfBpVIic6oqzzvKynHz7XdLydeL5s92+9IT/O2JlcjOTv6TL7OmTcTZU8bh+qvn4R/v7kRLNIq6ugZ858e/wYXnTsWQ0mI0NDThk72HsHnrB4jFYjheXYtv3fQZAMDE009ztxWLxXDXr5ZgzswzkJ+Xg1VrNuHj3ftT9rOoMB/jx47A9g93S69ffNEs4/Lt7SsRERF1jvr6RgDxn8gJBvvcD44QERF1mmAwgJycTNTWNaC+vrHXvcnIewYiIqLOwXsGIiKitolGW9HSEkVLtLW7uyKxAdgxGzHYQGsMzYgCAMKhIMLhEEKhYIe2z3sGIiKituE9Q++8Z6DepU8kQAPxJOgdZeVS4rKTCK0yJUar66VLrBC9bMW6HpUAvWvPgZTLDB08AGdPGYec7Ezc8uUr8bu/PI2mphbEYjGsXrPZuE5zc4v7ODsrE5fOm4XnV64HAOzdfwRLn1zlzi8qzEddfQOamlq07YguvmiWlACdl5uNyRNHGZdtb1+JiIio45qaW9DcEkUwEEBOii9aERERUWo52ZloaGhCc0sUTc0tveaNRt4zEBERdS7eMxAREaUWjbaiqbkFra2x7u5Km7REW9ESbVt41XIAACAASURBVEUwGEAkI9yhpCbeMxAREaXGe4bee89AvU+f+trbbbcuxqL5s1Mut6OsHDt27pFe81tvzMhhuO3WxfjtPXfgt/fcgdtuXexbUTqdtrtaMND+IR8/dgR+/oNbMXv6JOTkZEnzAoEAhg0ZiK//09X4t3/+nDTvsoVz8MXFF6OoMF9afszIYbjjnz+LjHDqC+To04aiuKjAfb7gUzOQrGp/e/tKREREHdPY2AwAyMqKdHNPiIiIeg/n76rzd7Y34D0DERFR5+M9AxERkZlt22hobEJ9Q9NJl8gkam2Nob6hCQ2NTbBtu93b4T0DERGRGe8ZZL3xnoF6H8vuyFHeA9x8+93u40XzZ6dVYXlHWTmWLV+btJKzKZHZVDH6t/fcYVz/3geXSttPlhh9sopGW3H4aCVyc7KQn5eT1jrNzS04VlmN0gFFsKxkKcydqz19JSLqzT7Zvc+9Dnd0Kj0WX0Mayyd5nM5zv9dSzeuMv0Ed2UZWdu/8EQ7btnH4aBUAGyX9CxDowBeviIiIyBOLxXDkWBUACwOKC07ov6e7Au8ZiIiIugbvGYiIiHTR1lY0NjYjFjup0yI0gYCFzMwMhIJtr+zIewYiIiId7xl0ve2ewU9DfbS7u9DHdeyc653ZNyk4VZvx/9m78/Ao63v//6/ZMtk3EgiQsAUCiiCoIIuyiYAYbV3qbqv2tPVw6ve0Wnt6zs+29pz2nJ7jsbVHq1ar1qpVK+4BWZQdVGRTZAs7SSAQSMi+zMw9vz+GucmQSZisk0yej+vyYriXz/2ZGeL9zj2ved+SGVJu3PE5Z/igoGHlc5f5x2juGC0FrCOB3W7TgIy0Vu0TFeVQ/359OmlGzWvLXAEAQOs0NLgleRXlcHCBEQCADmS1WhXlcKjB5VJDg1tOZ8++1Rw1AwAAnYOaAQCAQC6XW7UR2rHQMLyqqalXTHSUHI7WxT6oGQAACETNEFyk1QyITL0yAN2YP9QcSnfm1gSac+dOVd6yDW2eFwAAQE/jcvm+GRkV1etLTAAAOlxUlF0NLpdcrp5/kZGaAQCAzkPNAACATyQHmRrzP8fWBpqoGQAA8KFmaFkk1QyITD3+62+hBJc761iNu0afK9K7PwMAAJzL5fFI8t15AQAAdCz/+dV/vu3JqBkAAOg81AwAAPhuYd8bgkx+tXUNcrfy3E/NAAAANUMoIqlmQGSKqAB0dwodnxuO7sqgNgAAQDh4PIYkyW7jIiMAAB3Nf371n297MmoGAAA6DzUDAKC383q9qutFQSa/uroGeb3ekLenZgAA9HbUDKGJpJoBkanHB6Ab68wAdP7+Av3u6TcCluUt26C8peubbJu3dL3ylm0IWHbuvgAAAJHGMHy/9FitljDPBACAyOM/v/rPtz0ZNQMAAJ2HmgEA0NvV1TfIMEIP9UQKw/Cqrj70EBc1AwCgt6NmCE0k1QyITPZwT6C9coYPkhqFjfOWrlfu3Kkdfpy8peuDBqzzlm0wl+dkZyl/f0HQ7fwB6gcX3NbhcwMAAOgO/F8UtVi4yAgAQEfzn19b0Zih26JmAACg81AzAAB6M7fbI5er996e3eXyyGH3mLeqbwk1AwCgN6Nm6J01AyJTzw9AZ2cpd84Us+Oy/8+ODkG31F3av64zO1ADAAB0f/zWAwBA54uE820kPAcAALq7SDjfRsJzAAB0pfoGV7inEHb1Da6QwkxnRcL5NhKeAwCgK1Ez9NaaAZHIGu4JdIRzw855yzbod0+/0aGB5AcX3GaGrZ99/OGQOjn7t83JzvLt2wmdqQEAAAAAAAAAAAAA6M3cbo88Hm7N7vEYcrt7b0dLAADOh5rBh5oBkcLi9UZGg/K8pevN7s+N5WRnBfwZqpzhg0LaJ39/gX739BsBy3LnTCHsDADo1g4fKjJvVdLePwMeN16mELZv4XEof29u2fnWdcRt0NozRkxsj78JR1DHS8okSf3SU8I8EwAAIlOknGsj5XkAANBdRcq5NlKeBwCga9TW1stFiEeS5LDbFBPjPO92kXKujZTnAQDoGtQMZ/W2mqE5tTXucE+hl2tffDli0je5c6cqZ/igJmFkfxfoVneDXrZBzz7+8Hk383d39o9Pp2cAAAAAAAAAAAAAALqG1yuCTI243B5FewN61gAAAFEznIuaAZHAGu4JdKSc7Cw9+/jDre723JxQQ9MddTwAAAAAAAAAAAAAABA6j4cg07l4TQAAaIrzY1O8JujpIqYDdGMPLrjNDC/nLV0vqfUdoHPnTAk52Jw7d6o5Pt2fAQAAAAAAAAAAAADoGm6CO024PR7Z7bZwTwMAgG6FmqEpagb0dBEZgJbOdmV+cMFtXXK8rjoOAAAAAAAAAAAAAADwMTxGuKfQ7fCaAADQFOfHpnhN0NNZwz0BAAAAAAAAAAAAAACAtjC83nBPodvhNQEAoCnOj03xmqCnIwANAAAAAAAAAAAAAAB6JK9BcOdcvCYAADTF+bEpXhP0dASgAQAAAAAAAAAAAABAj0RspyleEwAAmuL82BSvCXo6AtAAAAAAAAAAAAAAAAAAAAAAegwC0AAAAAAAAAAAAAAAAAAAAAB6DALQAAAAAAAAAAAAAAAAAAAAAHoMAtAAAAAAAAAAAAAAAAAAAAAAegx7uCcAAAAANFZcXCy3293q/fr27auoqKhOmFHX8Xg8Ki4uVk1NjbKzs2W1du33Ff2vfWteS8MwZBiGJMlu59cLAAAAAAAaKy2r0OHCYjU0uDWwf5oy+vWR3WbrkLGra+p08tRpxcZEKz0tuUPGBAAAgdxuj4qOlehUWYVqa+vVv18fDeifpmhnz/48oqvV1tbrxMmykLZNSopXcmJ8J8+odQzDUEHRCVksFg3K7Bfu6fQohuE98zNUrqqqWiUlxSs9NUkZ/fp0+LGojwGg9yGhAAAAgG7lueeeU1VVVav3e+CBB5SVldUJM+p8ZWVleuutt7Rv3z5z2b/+678qJSWlS+fx/PPPq7KyUjfeeKMmTZoU0j4ffvih1q9fL0l65JFHlJiY2JlTBAAAAACg23N7PHrtrWX6fPNO80vDjaWnpeiub83RyOGD2nWcHbsP6MXXFikm2qnf/+b/tWssAAAQqKq6Vh98tE7rPv8q6Pk8Li5Gt91wlSaMvyAMs+t5du87rD/95f2Qth01YrB+dP8tnTyj1qmqrtV/PfGKJOk//u17Su9DuPZ83G6PFn/8qT5Zs0n19a4m65MS43TNVZM044pLOuyY1McA0PsQgAYAAEC3kpWVpbKypl0AiouLJUkJCQmKi4trst7pdHb63DpDTU2NHnvsMbPrdVJSknJycmTroG5QPU1RUZG2bNmi1NRUTZ06NdzTAQAAAACgVU5XVOn3T7+h4yW+axspSQka0D9NXq+v8115RbVKTpbp98+8qUvG5ui+O3Nlt7fvGoDhbRrK6mwfffypqmrqNG3SxerXN7XLjw8AQGcqPHpCj//xDdXW1UuSrFar+qYlKzUlUceKT6msvFLV1bV64dU8rd6wTf947w2Ki40O86y7Rk1tnRYv/1ReSTflTm/TnSyHDRnQ4vqhg/u3cXboLioqq/W7p99Q8YlSSb6foX59U5WWmqTiE6UqOVmm8opqvfHuJ9q+64B+cM83FOVwdNjxw1EfAwDCgwA0AAAAupV777036PKf/vSnkqQbb7xRo0eP7sopdaolS5bI7XbLarVqwYIFGjSofd2futr48eOVlJQkSYqObv8F3vz8fK1du1ZpaWkEoAEAAAAAPc7C91fqeEmZrFar/vkH32rS5bmurkFvfbBC6z/frj37C9oUGuoOPly6QYZhaNTwQQSgAQARpaa2To899TezY+3N18/UVdMvk6XRNm63R3nL1mvJJ5/rwKGjsveihiYnT5Xr49WbJEnfnH9lq2sZh92unz5wZ2dMDd2EV9KTz79thp9nXXmJbr5+lqzWsz9F9fUuvfT6Im3bvlc7dh/U3xYu1z23zw/TjAEAPRkBaAAAACCM9u3bJ0m68MILe1z4WZIGDRrUI+cNAAAAAEBH80ravmu/JOnuW+Y2CT9LUnR0lO6+ZZ6mTR6n6pq6gCAIAKB7O3TkmF5/Z7nKTle2af+E+FjdefPc83a/RXi9tnC5GX7+2T/fpSGDmnYjtttt+ub8aZo8YYyKjpXI6ey4zrVAT7fu0y9VUHRcknT3LfM09fIxTbZxOh26/55v6u0PV2n5qi/02aYdumLSWA0fmtnV0wU6BTUD0HV65tfKAQAAgE7gdrtVWFiompqaVu1z+PBhlZWVtemYp0+flqSQulqXlZWpqKhIXq+3VceoqKjQwYMH1dDQ0Or5lZaWtvo1aU5NTY2OHDmi8vLydo/l8XhUUlKiAwcOdMh4AAAAAAC01/Hjp8zA1LDBLX9QPTgrQxeOHNLiNqdKy3XoyDE1uFztmldbxjl+olSHC4rlcrvbdWwAiCRbt+e3OcgkSZVVNdq0bVcHzggdrb7epc3bdkuSJl5yYdDwc2P90lN0ydicTpnL8ROl2n+oqNn1dXUNOnTkmE6XVzVZ55VUUHRCR4tPyjBC/zyhurpWBw8fVVl52/+dd4WSk6dVePSEgj2zhgaXDh05ptKyipDH80o6dvyUSk6dbvfcqmvqtP9gUbvrt5a05f2trqnTvoOFqqquPe+2bo9Hx0+UKn9/QdB/X+fzyRpfh/D0tJSg4efGrps7VQ67r3fnynVbzzv2qdJyHS4oVnVNXavnBXQlagag69ABGgAAAD3a/v379fzzz0uSHn74YfXp0yfodq+88op27Nih0aNH6+6779aOHTv08ssvKzY2Vj/+8Y/18ssvq7Cw0Nw+LS1NU6dO1dSpU4OO99VXX2n16tUqKCgwl1mtVl1//fWaMmVKi3M+evSonnjiiYBlb775pt58801J0oQJE/Stb31LklRdXa333ntPe/bsUV1dnXmcIUOGaM6cORo2bFjAOO+//77Wr1+viRMnasyYMVqyZImKinwXSRcsWKAhQ1r+cNVv+fLlWr16dUBoOjMzU3fffbdSUlLMZY1fx0cffbTJPC655BKNGzdOb7/9dkBQOTY2Vnfffbeys7MlSc8884wOHjxorj958qR++tOfmn//+c9/roSEBHm9Xi1evFhr166VYRjmeqvVqiuuuELz5s2T3c6vOQAAAACArpeWliyr1SrDMHTg8FH165va6jFqa+v15nufaPuuA6puFFAZkpWhH9z7TaUkJXTaOMXHT+m9xWu1a+8hM8gt+cJdd90yTzHRUfr14y8H7PPHF94xH0+ZOEbfvnVeyM8VAHqasaOH67NNO1rdoMLPYrFo/NiRHTwrdKRtX+81H9+QO63V+2/csksvvpan1JRE/ecjP2iyfvmqL/T2h6uUOSBdjzx0j7n80f9+QcUnSvXdu65TeUWVlq/aqPKKaknSs48/rC+/3qdnXnpXqSmJ+ufvf0sLP1yl7Tt9d524ds4UXTfX9zlG4dESvbtotfL3FQR8iWnKxDG646arZbfbzGVvvvuJVq7bossvHa0J40fptbeWBQSf4+Ji9P1vX2/e0eKT1Zv01gcrA57PA//ye/Pxd+/K1YTxF7T6NTufxvMcPmyg3vlwtWrr6iX5PheYPmWcbr3hKh0/UarnX/lAhUdLzH0T4mP1w3+4SYOzMsxlNbV1+skv/ijDMPTov3xXHy5dr61f5ZufNyTEx+qSi0fqlm/Mks0WWk9Jr9erdxet0aZtuwOC1wP7p2v6lHGaNmWcuex/nnxNh44U67JxI3XfnblBxys+Uap/f+wlSdIvHr5XGWdqyta8v355yzbo8807VXLybBOfhPhY/eA739DwYYHdlr1er97JW61P1mxu8vnLrCsv0TfmX2mGlZtzurxKxSdKJUnfnH9li9tKUlSUQ3NmTtCi5Z9q61f58nq9slh8d0jx/1zcc/t8lZZVaOnKzwNq1EGZ/XT/Pd9Uakpis+M3uFx66JGn5DEM3XnznGYD2Ws2bNMb736imBinHv/3H5533sD5UDMAXYcO0AAAAOjRhg4dKrvdLsMwtG7duqDbVFVVafv27TIMQ5MmTZIkM9hbV1en//u//1NhYaESEhI0cOBAWa1WnTx5Uu+//742btzYZLwdO3bo1VdfVUFBgVJTU3XRRRdp0KBBMgxD7733nhYtWtTinL1er+Lj4xUfH28us1qt5jJ/wLihoUFPPfWUvvzyS9XV1SktLU2Zmb4LUgcOHNBzzz0XEMCWpNpa34eae/bs0QsvvKCioiJZrValpaWZF43OZ/HixVq+fLkMw1D//v1ltfp+bSgsLNRzzz0XsK3/dXSf0xHKP4+dO3fqxRdfVHl5ufr27avo6GhJvm7Qzz//vCorfRdUExMTFR8fHxBe9r8e8fHx5hzWrl2r1atXyzAMRUdHa+jQoUpKSpJhGFqzZo1efPHFkJ4jAAAAAAAdzW6z6YKcwZKkl9/4SB+v3tSqDsput0ePP/26Ptu0Q7W19RqVM1hjLhimmGinDhUU6xf/+WdVVFZ3yjilZRX6rz+8om1f71V9vUupKYka2D9dVqtVx0vK9PgfX9fhguNKiI9VQnysuZ/VajWX9WkhfAIAkSB7yEBdP++KNu9//bwrNOKcwCG6l8KjJyRJDrs95C8dNVZb62ti4vF4gq73L3e5zrmefibQ+8GSdVr4wUqVV1TL6XRoYP90Nbhcqj9zHb6yska//cOrZvg5NSVR8XExkqSSU6f13394VTt2H5TdbtPoUUN14cghslqt2rBxu/7riVcCjllT6zvmVzv26ak/v62y8kpl9E1VTLRTkq8b9B/+9JZZM1htvnO+f73kC0n764DG9UFH8s/zi6279Npby+R2e9Q/I02SZBiGVq7bovc/Wqvf/uFVFR4tUVpqkjnHyqoa/e6ZN+Ru9H643R4z3PvsS+9q87bdcjhsGpTZTzHRTlVW1Wj1+q164dW8kOf41zeXaNnKjSotq1BSYpyGDRmgmGinio6V6G9vL9eqdVvMbSeMv0CGYWjjll3NdjH+ePUXvs9n+vUxw8+tfX8lX3g8b+l6lZws09BB/TVuzAilp6WosqpG//vH17Vj98FzjrtJy1f5jh0T7dTwYZlKSUqQYRj6ePUm/fHP7zQ5xrmOFp80HzcOnrdkcJav07phGCpvVKP6fy7eXbRaHyxZJ8PjVeaAdPPzoiOFx/X7Z/8etBO4X5TDoVEjfJ/fLVv5ebPbLVnxuQzD0JQJF4U0Z+B8qBmArkNrNAAAAPRoVqtV06ZN08cff6zPP/9cubm5stkCv+W+YcMGSVJSUpJGjBgRsM4wDFVXV+vee+/VBRf4uhO43W69/vrr2r59uxYuXKj+/fsrKytLklRUVKSXX/Z1O5ozZ45mz55tjrVv3z4999xzWr16taZOnark5OSgcx44cKB+8YtfSJJ+9rOfyTAMfec73zGP7/fCCy/o1KlTio6O1v33368BA3y3z62vr9dLL72kAwcO6JlnntHPfvYzJSYGfshYXl6u2NhY3XXXXcrOzg45/Cz5QuGXXnqpbrrpJtntdrndbq1bt06LFy/WqVOntG/fPg0fPjzksTIyMvTd735XSUlJkqS9e/fq+eefN0PL1157re68805J0sqVK/XRRx8pLS0toAO0/3kvXrxYkjRjxgzNnz/fXFdcXKzXX39d48ePD/l5AgAAAADQ0W7Mna4jhcdVWVWjhR+s1Dt5qzV86EBdPHq4Ro8aqox+we9cJUnPvPSuCo+WKC4uRo889B0zeNXgcump599W/v4CvZO3WvfcPr/ZMdoyTkODS//1xCuqr3cpJSlB/+8H31L/M/M0DENLV3yuFWu3aNJlo82ueQseflyGYegf7/2mxlyY3e7XDQB6iqmXj1Xp6Uqt/XRbq/a7cvI4Tb18bCfNCh3l9JkOyH1Sw/OlHn9Q9Z47rlW/9JQm611ut9nJdtKE0WY33vp6l377h1flcrs1asRg/dM/3GiuKy2r0G9+/1cVHSvRxi27NPGSwM8hauvqNbB/uh743s1KToqXV9Ke/MN64k9/N4OvN+ZO18wrLtHMKy7RkcLj+s/f/1WS9Ntf3H/ejsDBnsPvn3mzxW3u+tZcpacFfr5iGIZG5QzWgntvUFSUQ5VVNfrTy+9r34FCffTxZ7JarfrR/bdo1IjB8kra8uUePf/XD1Rf79KWL/do4iUXNjlO8YlS5c6dqmvnTJH/E5RP1mzWW++v0Jav9mjZyo2aM3Nii3P96JPP9OkXX0sK7ILtlfTeojVauuJzvfHuJ0rrk6yLLhimqRPH6K33V8owDK39dJvmXTUpYLyGBpc2bPSNd81s37q2vL8r123RyjPB65/80+0B3Z4/WLJOi5d/qlf/vlT/+fMfyGKxqK6uQe8uWiNJmjNzom7MnW5uf7T4pF58La/Jv51gyiuqzMepyaF9iSCtT5L5uKKiWsmJ8QHryyuqNXnCRbrj5qvlsNvlcru1Ys1mvbtojUpOlmnP3sMaNWJws+PPu2qStu86oOMlZTpcUNwkmL3vYKHZuXv29AkhzRkIBTUD0DXoAA0AAIAeb+pU3+3d3G63tm0L/CWycWfomTNnBt1/9uzZAeFju92uO++8U7Gxvo4FW7duNddt2bLF3GbWrFkB4wwfPtwM4G7atKk9T0n19fU6eND37ftbb73VDD9LktPp1He+8x1ZrVa53W7t2bMn6BgLFizQ8OHDWxV+lqTk5GTdcsstZjdmu92uGTNmmN2bjx8/3qrx7rvvPjP8LEkjRozQmDG+D0yLi4tDHqeurs7szDB69OiAdRkZGfrxj3+sCRO4OAUAAAAACJ+B/dP1m0e+rysmjZXVapVhGMrfX6C3PlipR//nRT30i6f0Tt7qJp2hGxpcZhe+ebMuD+g6GeVw6N47rpUkfbZpR4vHb8s4+w4WqbKqRpL0w+/dZIafJd8Xz6+ZPVmP/eqfQr4NPABEutw5U1r15Y8xF2Yrd86UTpwROoq/23B8J3UzPp+4uBj95Id3BA0/+91+42xdOfnigODxvoOFqq723ZXx5utnBqxLTUnUzdfNkCStWr9FwfzwH25ScpIvdGqRNCpnsC4ZmyNJKjpW0q7nFMyefUda/K+6prbJPlarVd+76zpFRTkkSQnxsQE/V7OnX2aGYC2SLr14pNLTfK9j8YnSoPMYNmSAchuFnyXpqmmXatwYXyOdDRu3n/e5+MPK06eON8PP/jnccO00ZQ5IlyR9eqb2iopyaNrkiyX5wtbndi/+9IuvzQ7Ml4wdKalt7+/q9b7PtUblDA4IP0vSdXOnKiE+VmXllTp05Jgkqa6+wfz8ZdxFgY2EBmSk6ZGH7tGUiWPO+3r4f4asVqvZqfl8/F3MpbNdnxtLTUnUt2+dZz5vh92uubMuNzt9Hzt+qsXxs4cONP8tfLz6iybrl630LRtzYbaSEuNCmjMQKmoGoPPRARoAAAA9XlxcnC6++GJ9+eWXWrVqlS699FJz3c6dO1VXVyer1dpsOHbSpElNllmtVk2aNEkrVqzQ4cOHzeUHDhyQJI0bN051dU1vT9a/f39t3bpVJSXtuyh45MgRSb7w8blhX0mKiYnR6NGjtX37dh06dKjJc8vIyFDfvn3bdOyxY8cGDU2npaWpsLBQZWVlIY+VkZERtBN2errvol95eXnIYyUlJSkjI0PFxcV64403dN1112nUqFEhX0QDAAAAAPROhwuK9eWOfUHXDR08QGMuGCZJqqqu1Yq1m4NulxAfq5lXXBLS8aIcDt31rbm6/cartSv/kLbvOqDtO/ertKxC1dW1WrZyo9Zv3K5/vPebGj7UF0g5VHD2C8LjxowwQy5nx7TL6XSovt6l0xVVTTrj+bVlnL0HCiRJWQP7aWD/9JCeY1uE+vp21PsAAJ3FYrHo9huvVkVltQ4XtNzgYXBWhm6/8epWN6lAeCScCT6fPl0ZluNPmXDReb9wNHniRU2W+c/lqSmJSkmKb3L+zxzg+6yg5OTpJvsO7J+ulCCdevv1TZUknS6varKuvX7yw9ubXWeRpUmHXkkakNFHcY2CspLUJ/Vs45WLztRzjaX3SVLJybJmn8OMqcHvKDnryku1bfteFZ8olWF4ZbUG//l1uz0qOen7vGT6lHHBj3HFJXr170t14GCRuWz2jAlatX6rKqtqtGvPIV04coi5bunKjZKkq2dMMI/b2vfX7fGYoe/Jl13UZHtJyhrYVzv3HFLxiVINHTxAyUnxGtg/XUXHSvTS64v1retn6qILhrb68xf/z5BhGHK53SF1CG/8/sSf8x5LvjB7sP+Hpqcl60jhcbN7c0uuuepy/fXNJfpi627defNcRUdHSZIqq2r01ZnfE+bPbvpZIdBe1AxA5yMADQAAgIgwY8YMffnllzp+/LiOHTum/v37S5JWrVolSZoyZYocDkfQfePjg39o6A/pFhX5Lkx5vV4dO+b7NvymTZta7PJ86lTL3zg/H3/ounHn5Obm5+8U3VhKSvMdIs4nNTU16HL/6+f1ntuToHnNzaMtY0nStddeq5dfflmnTp3SX/7yF0lSZmamJk2apMsuu4wwNAAAAACgiX0Hi7R4+adB111+6WgzAF1RWd3sdkmJca0O3tpsVl10wTBddMEw3X7jbJVXVGv1hq1avPxTVVfX6g/PvqX//fcfyul0aN+BQnO/n//n8y2Oe6q0vNkAdFvG2Xtmn8adnztDqK9vR78PANAZ7Hab7rn9Wv3xz2/rZGnTUKkkpaUm657br5Xdbuvi2aGt/EHg0jAFoBsHeoNxOh2y25r+e8rf7wvIlpZV6KFfPNXs/v47PjSWmpIYdNsohy9OZLTyGv75OOx28wtgrZGS3HSeDkdgJ+Rz+e9y6e9sfK70Pk2bt0hS30YduI8Wl5gB43MdKTx7t8y0PsHfu75nOg+XlVeqvt4lp9OhtNQkjRoxWLv3HtayVRvNnSpIMwAAIABJREFUAPT+g0VmmHd6o3B2a9/fgkbzeulvi5rdXpJONQoP35g7Xc++9J5KTpbp6RffkSQNyuyn6VPGa/KEi5oNgjfm7yQuSadOlSsjhPqy5NTZ/4cmBalxm/u58HcDD+Xf6MRLL9Trb38sl9uttZ99qatn+JoKrTrTKTujb6qGDh7Q0hBAm1EzAJ2LADQAAAAiwsCBA83uwGvWrNGtt96qkpISs5PytGnTOuQ4/gtlI0eO1JAhQ5rdzh9ObqtQgrz+udiCXPBsTxC4uX1bG1Zu7zyCGTlypB599FGtWbNGGzdu1OnTp1VYWKiFCxdqyZIl+v73v6+MjKbdIQAAAAAAvdfoUUNl0ayg6zIHng209ElJ0i3fCL7duR0H2yIpMU7Xz7tCgzMz9MxL78rldutQwTGNHD5IHo9Hku/36PPd8ri5sI6kNo3Tlt/32yLU17ez3wcA6ChxsdH67l25eurPC1VdUxd0XVxsdJhmh7bIHjJQku/ae0HRcWUN7Neh4xtGy+dcaxu7fhoe32cF6WkpmnxZ0ztK+jUODPvZmv08oE1T6TTNzdOvLa9ce8Pdjbt1e4NnrAPqLEujpzBv1uXavfewducfNu/KsXzVF5KkiZdcGPD/jta+v55Gge9rr54c9DMkv8bdp0ePGqrH/+OH+nj1Jq37/CuVllXoSOFxvfL3JXpv8Rr9+B9v1YCMtGbHkqSsRmHxXXsPhxSA3pV/SJKvzgvWAbq5n4vW1LB2m00zrhiv5au+0Merv9DVMybI6/VqxRrfXUeumT055LGAtqBmADoPAWgAAABEjFmzZulvf/ubtm7dqhtuuEFr166V5AvNJic3/+FgeXl50E7LJSUlknzhasl3m6KkpCSVl5dr+PDhmj59eic8Cx9/uLqsrKzZbU6ePBmwbSRxu93NrouKitLs2bM1e/Zs1dfXa/PmzVq2bJmqqqq0YsUK3XHHHV04UwAAAABAd5fRN1UZfYPf7agxp9OhWdMu7fT5jL5gqPm4rq5BktS/UZhk/tVtD2C0ZZzhQzO1/2CRjh1v/d2sXG5PyNuG+vp21fsAAB2hT2qS7r0jV396+T25XL5rmg6HXffekXvebr7ofi4cOURWq1WGYejN91boJ/90e6v29wdNGxqCX99u3Om2Iw3on65DBcXqk5LYrjoiFI1Dp26XRw57z40dnSgpM0Pv5y73G5DRfLObxp2hS06VBe0U7R8rNSVRUY3uUjoqZ7BSkhJUVl6pVeu26Kppl2nb13slSfOuujxgjNa+v/37ng0djx+b02wH62Ciohyaf/Vkzb96surqG/T5ph36YOl6VVbV6KOPP9V377quxf1jYpwaPixT+w4U6oOP1unKyRcH7Vrud7qiSus++0qSNHH8BSHPsy2umn6Zlq/6QuUV1crfX6Ca2jrV1tXL6XRowvhRnXpsQKJmADoL94cGAABAxBg7dqyio6NlGIY2bNigjRs3SvIFo1uybt26JssMw9Bnn30mKTBgnJmZae7T3G3TWgrvhsp/HMMwtG3btibra2pqtHPnTknS0KFDm6zvqeLi4iRJp0+fVnV1dZP1/k5Wfk6nU1OmTNF11/kuun311VedP0kAAAAAAIIwDK/+/MqHKjx6osXt9uw9Yj4eNWKwJJkdJg3D0BdbdzW7r+s81xzaMs7wYb5rEAVFx1VQdDzo9h5P4DWQmBinJOnrXQdanA8A9AaDMvvpjpvmKNoZpWhnlO64aY4GZXZs52B0DavVqjkzJ0iS9h0oNIOZzdm6PV95yzaYf09NSZQk1dbVq8HlCti2ocGlbdv3dvCMfYZk+e6KuHvvYZ0qLQ+6jWEY5+1AHYqE+Fjz8c4znXt7qk/WbAq63N8VOKNvqqzW5ntL22xW80t2K9ZuafEYw4dmNlk3d9ZESdLKdVu0cp1v/yFZGU26LLf2/Y2Li5HT6Thz/M3Nzv/cuvLcei/aGaXpU8frW9fPlCRt/jK/2bEa89+FpLauXn9/d0WznZpdbrf+8vpiSb6fvdnTLwtp/LZKTozXmAuzJUnLV27UspW+zxCvmnZZh9/NFGgONQPQ8fg/OAAAACKG1WrVlVdeKUlavHixDMNQnz59zhsQXr16tbZsOXtxqqGhQS+//LJqamokSePHjzfXzZ8/X5Kva/Qrr7yi2tpac53H49GqVav0yCOPqLi4uF3PJSoqShdeeKEkaeHChTp48KC5rqqqSn/+859lGIaio6M1cuTIdh2rOxkwYID5eNWqVQFh8uLiYv385z/X6tWrA4LQhmHo66+/luR73fxeeeUVPfnkk3rttdfMZXv37tWTTz6pJ598Uvv27WtxWwAAAAAAWuOzTV9r07bd+vXjL+uvby7R0eKTcp/z++vnm3fq2ZfekyQNHdTfDKf0S0/RpeN8nef++sYSbd+5P2Dso8Un9dsnXjH3bU5bxskZlmWGmf7vuYU6XHD2mkZDg0sLP1ipn/ziKbkbdXvuf+Z25pu/3K3iE6UhvDoAENlGjxqqR35yjx75yT0aPSpyGlb0RtfPu0JpZzpxvvrWUj338gcqPn7KDHG63G4dOnJMv3v6Df3pL+8rb+l6VVT6mnk0Dq6++vdlOl1RJUmqrq7VH194R7V19Z0y5ymXjzHP5U/86S0Vn3NXhy+/3qd/+dUzWrUueEi3NVJSEs2w6Iq1m1VZVdPuMcOl8GiJ3nj3k4Bg+Ecff2p2Yr5i0sXnHWPmFZdIkjZs3G6GmCVf3ffawmVmnXTl5KZjTZk4RlarVfX1Li1e/qkk6ZrZTTs8t+X9veUbV0mSPv3iay355LOAEHJVda3+8vpi/fSXT5uh56JjJfrRv/1By1d9ERCENgyvGdx3Rp3tYN2SUSMGa9JloyVJaz7dpv/5v9d0tPikOQePx9D+Q0X65W9f0O78w5Kkm3Knd0kHXH937e27DujAoaOSzr6HQFehZgA6Vs+9FwUAAAAQxJQpU7R8+XLz7zNnzmxxe6vVqrS0NL3xxhtauHCh4uLiVF5+9hv0t956q9mNWZLS09N17bXXatGiRdqxY4d++ctfKjU1VYZh6PTps7evO3DggDIyMtr1XO6++249/fTTKigo0DPPPKPY2FjZbDZVVlZKkux2u374wx+aXZMjQWZmpgYNGqQjR45o9erVWrt2rTIzMzV//nwVFhbK7XZr0aJFWrRokZKTkxUdHa0TJ06Y3bhvvfVWc6y9e/eqrq5OZWVnb1dXWlqqgoICSQp4n4NtCwAAAABAa1w4cqjGjh6ur3bs04aN27Vh43ZJktPpUJTDoeqaOvP317TUJN1zx7UB+99+42ztO1Cg8opq/fGFdxQT7VRycoJKy8pVX+/rIhkT7ZRheFvsRtjacZxOh/71R3frV4+9qMqqGv3XE68oJtopq82q6uqzX/w+XFCs7KG+28TfMH+aHnvqb6qvd+nR/35BaalJGjZkoO6789qgcwKA3iDKEVo4EN2b1WrVv/7obv3hubd0pPC4tny1R1u+2iPJd/48N8Q8Z+ZExcZGS5KSk+J12bhR2rRttzZu2amNW3YqIT7WDAmnpiSqtKyiw+dst9n0/e98Q79/5k2VnCzTo//zopIS4xQT7dSJk6fN+mP3viOaNe3Sdh3LImn+1ZOVt3S99h8s0sO//KMyB6Rr0mUXhdTB1+V264F/+X2L24y5MFvf/8717ZpnKIYPy9SqdVu0ZsM2JSXEqbyy2nytJl5yYUjPZ/rU8TpVVqFlKzfqzXc/0TsfrlZ8XEzAWN+96zqNGNa0A3RUlEPTpowzg8txcTEae9HwJtu15f2devkYbflqj3bsPqj3Fq/VB0vWq29asqpr6gJC68eOn1TmgL7aueeQXG633v5wld7+cJVSUxIVE+3UseOnzPHvuX1+yK/tt2+9RjabVes/366DR47p3x97yXyOjetLSbrpuhm6qpO7P/tlDxmo9LQUlZz0fRZ06bhRAV3Nga5CzQB0HALQAAAA6BGsVqt5kaUlcXFxGjlypPbs2SO73a5LL235Yp7dbteCBQv05ptvau/evWYodvDgwZo0aVLQ/adPn67s7Gy9/fbbOnbsmEpLS805Dhw4UNddd52GDBnSqudns9mCLvvBD36gJUuWaPfu3Tp58qQkKTY2ViNGjNDMmTPVt2/fVh2nI3TkrcCCjXXffffp3Xff1ZdffinDMHTkyBFVVlZq2rRpGjBggD788EMdP348IHCekJCgefPmafTo0U3Gs1gsQR8He80brwcAAAAAoDWSk+K14L4btO9gofKWblDRsRJVVtWovt6l+nqXrFar+mekacwFw/SNa66UzRb4O3F8XIx+88gP9P7itdrwxdeqrq5VbbEvZJUQH6vJEy5S7pwpLYaf2zpOakqi/u1H39ZHn3ymXfmHVF7h62RptVo1fOhA3Xbj7ICultlDB+of771Br761VJVVNTpZWt7ktukAAPRUcXEx+tk/363PN+/Qx6s3qehYiSSZ4eeE+FgNyuynm6+fad4Vwe/bt81TTLRTaz/7UpJUWVWjlKQEzZk1UXa7Ta+9tUx2e8dHdUYMy9Rvf3G/Xn1rmXbt8Z3L/efz9LQUXXPV5Zo8cUyrx7UFqTvmz54sm9WiD5dukGEYKjxaoqPFJ1scx97oeryr0Z0fg6mprQtxbmdrqWDX++1BljX2nVuv0cp1m/XF1t0qK/c1nsnom6rxY3N03dwrQpqDJN2YO11JCXHatG23Dh45prLySjnsdo0aMUhXTr5Y48fkNLvvzKnjzQD03JkT1VyV15b394Hv3azPNu3Q+4vXqqy80uxG7XQ6dEHOEN3yjVlKTUmUJF09Y4IGZfbTW++v0NHiUwFB/aTEOH3jmit1cZBwdnOsVovuvmWeLr14lJau+Fx79h2RJDP8bLVaNe6iEZp31eUalNkv5HGDsbXyM6tZV16iN9/9RJI0b9bl7To2ACD8LN7G9zkAAAC9wuFDRWbIr71/BjxuvEwhbN/C41D+3tyy863riIBje8aIiY3M76AdL/F9W7pfekpY5+H1evWrX/1KNTU1mjFjhubPD/6N9K1bt+r1119XVFSUfv3rX5vLS0tLlZSUFPRiWXOqqqpkGIYSExPbPf+W1NfXy+VyKT4+vlOP0114vV5VVVWpoaFBycnJTd6T6upq1dfXKyEhQQ6+KQ2gF+gu59r2ipTnAQBAdxUp59pIeR6GYajkVLkcdpsZMAlVg8ulqqpaJSTEytGOoFRbxqmurpXHMJSYcP67TtXXu1RVXaOoKAcd9ACERUVlzfk36oUSE1r+f3KknGu74nkYhlenyyvlcrnVJzVJdvv5Pz/wSqqsrJbNZlPcmQ7RXam6ulYuj0dJCXGd2vijsqpGLpdbcbExcjq7/3X6ispq/fTRpyVJ//Fv31N6n2Rzud1uU2xM+94rj8dQRWW1kpMTmg0zN7Zh43b99c0lslqt+t2vH1C0Myqk47T2/TUMryoqqxUVZQ/pOVZW1ai+waXEhNgO6VTrlVReUaXa2nrFx8WEtWZ8/pUPtXnbbmUOSNcjD90TtnkgPKgZgustNUNzamta/mIOOlv74suRmb4BAABAr7Vjxw7V1Ph+eb3yyitbvX9qamqr9+mqQLLT6ZTT6eySY3UHFotFCQkJza6Pi4tTXNz5P4gFAAAAACBcrFZrmz8kjnI4lJrS/sBJW8aJi4sJeVun0yGnM6m10wIAoMewWi2t/iKTRQrpi0SdpTXn8vaIlC8/ddR7ZbNZlZLc/Oca51q8/FNJ0qTLRoccfpZa//5arRYlJ4X+WVZCfKxCfxbnZ5GUnBiv5MTwNviprKrR5m27JUnXzJ4c1rkAADpGx927GgAAAOgGPvnEd9uq0aNHtxieBQAAAAAAAAAAAMJhz74jOllaLkmaO+vyMM+md/h49SZJUky0U+PH5IR5NgCAjkAAGgAAABGjqKhIRUVFkqRZs2aFeTYAAAAAAAAAAABAU/7uz8OHZbb5jiEIndvt0Yo1myVJc2ZOkNVqCfOMAAAdwR7uCQAAAAAdJSEhQXfddZdsNpuysrJa3HbYsGG666675HC0/1ayAAAAAAAAAAAA6N5iY6L1vW9fL0lKSogL61yuuWqSpk0Zp0GZ/cI6j97CYrHonjvmS5JGjxoa5tkAADoKAWgAAABEjMTERI0dOzakbZOSkkLeFgAAAAAAAAAAAD2b3W7TpRePDPc0JEmjcgaHewq9is1m7TbvPQCg4xCAlpS/v0CSlLd0fcDfc7KzzD9z504Nz+QAAAAAAAAAAAAAAAAAAAAAmHp1ADp/f4Hylq43A8/B1pvbLdug3DlTlDN8kBmMBgAAAAAAAAAAAAAA4WOR5A33JLoZS7gnAABAN0TN0BQ1A3q6XhuAzlu6XnnLNjRZ3rjr87nr85ZtkM4EoekIDQAAAAAAAAAAAABAeFmsFnkN4kyNWazEmQAAOBc1Q1PUDOjpemUA+ndPvxHQ9TknO0u5c6c26ezsDznn7y9Q/r4jZiDa/ychaAAAAAAAAAAAAAAAwsdqscign2MAq4UwEwAA56JmaIqaAT1drwtA5y1dHxB+DqWbc052lhmObhyCzt9foAcX3NZ5kwUAAAAAAAAAAAAAAM2y2qySxwj3NLoVq80a7ikAANDtUDM0Rc2Anq5XBaDzlq43A8zNdX3O31+gvKXrJanJ+ty5U5U7d6rZQdq/LZ2gAQAAAAAAAAAAAADoenabTQ1yh3sa3YrdZgv3FAAA6HaoGZqiZkBP12si/Pn7C8zwsyQ9uOC2JuHnxts27hJ9rsaBZ38naAAAAAAAAAAAAAAA0LVsBHea4DUBAKApzo9N8Zqgp+s9Aeh9R8zHuXOmtGusnOysgDH8HaMBAAAAAAAAAAAAAEDXsVgkh53wjp/DbpPFEu5ZAADQ/VAzBKJmQCToNQFof/fn3DlTAjo4t1Xu3KlmB+nzdYwGAAAAAAAAAAAAAACdw+Gwh3sK3QavBQAAzeM8eRavBSJBrwhAd1aH5o4IUgMAAAAAAAAAAAAAgLaz222y2XpF/KFFNptVdjpbAgDQLGoGH2oGRIpe8dPcuDtzZ4WWOytkDQAA0HNwfxwAADpfJJxvI+E5AADQ3UXC+TYSngMAoCs5oxzhnkLYtf41iITzbSQ8BwBAV6Jm6K01AyIRfcxbkL/vSLPrcrKzlJOd1YWzaZ8Vazaroqq6zftPnjBG/dJT9N7iNXK5PZKkC0YM1kUXDOuoKQIAgB7OYpG8Xsnr9cpi4RcgAAA6ktfrleQ73/Z01AwAAHQeagYAQG9mt9vkcNjkcnnCPZWwcDhsIXdypGYAAPRm1Ay9s2ZAZOoVAWh/B+jcOVNatV/esg3Ssg1NludkZ+nBBbeZj/P3FwR0me6Olq78XOUVbQ9ADxs8UP3SU7Rs5RcyDEOS5DUMAtAAAMBktVrl8XhkGF7ZbPwGBABARzIM30VGq7Xn38yLmgEAgM5DzQAA6O2inVHyeOrMc2JvYbVaFO2MCnl7agYAQG9HzRCaSKoZEJl61b/M7h5S7kxWS696qwEAQBjYbL56w+3pnd+UBQCgM/nPr/7zbU9GzQAAQOehZgAA9HYWi0XR0aGHeiJFdHRUq7ofUzMAAHo7aobQRFLNgMjUKzpAt6ZLc+PuzqHwj5mTndXm+XWFf/nRXaqpqWuy/Iutu/TRx59JklKSEvTA928Oun+flCRJ0mXjRqm6plaSNCgzo5NmCwAAeiKHzaYGueR2e+SMcoR7OgAARBS323eR0WEL7bZ03Rk1AwAAnYeaAQAAyW6zKSY6SrV1DeGeSpeIiY6SvZXnfmoGAACoGUIRSTUDIlOvCEA3lr+/4Lxh5baEmbt7ADo5MV7JifFNlqf3STYf2x12DchIa3Gc++68tsPnBgAAIoPDYZdqpYYGt+Jiwz0bAAAiS0ODW9KZ820PR80AAEDnoWYAAMDHfy6M9EBTTHRUm8771AwAAPhQM7QskmoGRKZe0Zs8d+7UThk3b+n6ThkXAACgJ4qKskuyqMHlkmEY4Z4OAAARwzAMNbhckixnzrc9GzUDAACdg5oBAIBADoddsbFOWa2h3+a9p7BaLYqNdbYpjETNAABAIGqG4CKtZkBk6nX/MvOWrteDC27r8HE7K2Td3Sz55DMdO14qSZo9/TJlDewrSSo+UaqPPv5MktS/X6rmzLxcaz7dph27DmjfwSKlpiRq9KihmjzhIvXv10eSrxv31q/y9fXug6qrq1d6WrImX3aRrpx8cbPHr6mt0+oN27R5226dKq2Q1WZV1sC+GjV8kK6eMVE2W6/I9AMA0C1ZLBZFOx2qq29QbV2D4mKjwz0lAAAigr/zRLTTIYul51+ApWYAAKBzUDMAANCU3WZTXGy06uob5HJ5wj2dDuFw2BTtjGrz+Z6aAQCApqgZmoq0mgGRqVcEoHOys5STnaX8/QXK31+gvKXr2x1Yzlu6XnnLNkiScudM6Yhp9gibtu1W4dESSdLFFw03A9Cnyyv1+eYdkqT+GWnaf+iotu/cb+5XdKxERcdKtHLtFv3mke/rq5379erflwaMXVlVowOHjmrvgQLdd2duk2OXV1Tr3//3JVVX1wYs351/WLvzD2v9xq/1/75/s9L7JHfocwYAAKGLjo7yXWSsreciIwAAHaS2tl6S7zwbKagZAADoeNQMAAAEZ7FYFBPtlMPuUX2DSx5Pz+wSbLNZ5YxyyG63tWscagYAAIKjZggUiTUDIk+vaZfbOPCct2yD8vcXtGs8f/j53LEhHSs+qe0798tqtSpzQLoc9rM5e5fbrV899pIZfk5KjFO/9JSA/Tdu2aWCohMBy2pq6/TbJ14xw88J8bGaPnW8pk8dr5SkBElSyckyPf3iu5351AAAwHk4oxyKctjlMQxV19SFezoAAPR41TV18hiGohx2OaMc4Z5Oh6FmAACgY1EzAABwfna7r7NjbIxTjnYGgrqSw25TbIxTcbHR7Q4yUTMAAHB+1AyRWzMg8vSKDtCSrwt07pwpZnA5b+l6PbjgtlaP4+8g7debuj+3RkpSgh5+4A6lpiTK7fFo2YqN+mDJOkkyQ8w3XTdDV8+YIEk6dvyU/vePr5vrPtu0w+wuLUlPv/iuysorJUkjhw/SA9+72fwf9S3fmKUnn1+o3XsP61jxSW3atluXjRvVZc8VAAAEio2NVkN5laqr6xTtjJLN1mu+cwcAQIfyeAxVV/s+tIuNwO5F1AwAAHQMagYAAFrHbrfJbrcp2it5PB65PR4ZHkOG1yuv4ZU3TPOySLJYLbJaLLLarLLbbLLZbOqoO85TMwAA0DrUDJFZMyCy9JoAtOTr1Jy/v8D87/6HHlPunCkhd3DOW7o+sPNzK/btbe6981qlpiRKkuw2m66ZPUl5yzbIMHy3Bhg6qL8Zfpak/v36aMaUcVq0/FNJ0omTZea6stOV2neg0Pz7d+/KDfiWis1m1d23zNX/95vnJIkANAAAYeaMcigm2qnaunpVVtUoOSk+3FMCAKBHqqyqkVdexUQ7I7LDAjUDAAAdg5oBAIC2sVjOBpt6A2oGAADahpoB6L56VQBakh5ccFtAkDkg0BwkzJy/v8C33dL15mPpTEdpws9BWa1W5WRnBSyzWCxKTopXaVmFJGn82Jwm+6WnpZiPT5dXmY935R8K2MZmszW5bU10tFNOp0P19S4VHz/VIc8DAAC0XXx8jBoa3KpvcKmyqlYJ8THhnhIAAD1KZVWt6htcslltio/g8yg1AwAA7UPNAAAAQkHNAAAAQtFbagZEjl4XgJbOBp3PDUH7//SHdxsHngP2p/Nzi5IS4oIudzqjzMdpfZKDrD/7jRF/p2jJ1wHar+RkmR76+ZMtHv9UaUXIcwUAAJ3DarEoMSFWZeWVqqmtk9ViUVwct8cBACAU1dV1qqn1ffE3MSFW1o66b103RM0AAEDbUTNQMwAAEApqBmoGAABC0ZtqBkSOXhmAlnwh6Ny5UwO6Qfs1F3z2d30+t7sxAlms5/+fn81qDXk8T6MwtCSlJCW0uH18fGzIYwMAgM4TFWVXUmKcyiuqVVVTK8PrpdsCAADnUVlVa15gTEqMU1RU5F+6oWYAAKD1qBmoGQAACAU1AzUDAACh6I01AyJDr/+X2jgILfnCz/4AtD/o7O/2TPA5PPr362M+zhyQrkceuieMswEAAK0R7YySEqXyimrV1NbJ4/EoIT5WNlvoX4YCAKA38HgMVVbVqL7BJcl3gTG60Z2UIh01AwAAoaFmoGYAACAU1AzUDAAAhKK31wzo+Xp9ANrPH3JG9zMgI818XHi0RJVVNUqgyzMAAD1GtDNK1iSrKip9vzg1lFYoLi5acbHcdg4AAEmqrqlTdXWdvPLKZrUpMSG2V3ZXoGYAAKBl1Aw+1AwAALSMmsGHmgEAgJZRMyAS8PU2dHv9+/VRUmKc+feX/rZIHo/RZLvCoyf05PMLVV/v6srpAQCAEERF2ZWamqCYaKe88qqqulYnT5WruqZOhtH0vA4AQKQzDEPVNXU6eapcVdW18sqrmGinUlMTevUFRmoGAAACUTMER80AAEAgaobgqBkAAAhEzYBIE7H/avP3F/j+3Heky4+dM3yQcrKzuvy4kcpqteq7d12n3z39hiRp555D+rdfP6tpk8epT2qSSssqtP9QkXbsPihJWvPpNl09Y0I4pwwAAIKwWixKTIiV0+lQTU2dGlxuVVXXqqq6VlEOh6Ki7LLbbbLbbLJaLbJYLOGeMgAAHcLr9cowvHJ7PHK7PWpocKvBdfbLu1EOu2Jjo+WMcoRxlt0HNQMAoLeiZmgdagYAQG9FzdA61AwAgN6KmgG9QcQFoH/39Btm+Dlslm2QJOXOmaLcuVPDO5cIkZOdpW9eO03vLVojSSqvqNaHS9cH3baurr4rpwYAAFrJGeWQM8qh+gaX6uoaVFfvUoPLFfDLFgAAkc+iaKdD0dFRXFxsBjUDAABe4sgcAAAgAElEQVQSNcP5UTMAACBRM5wfNQMAABI1AyJNxASg8/cXmB2Cu4u8ZRuUt2xDtw5CW61W87HdbmvVvo5mtm9ueXvNm3W5xo/J0etvL9fBI0dVX3/2FxGn06HhQzN18/Uz1b9fn045PgAA6Fj+i42JXq8aGtxyudxyeTzyeAwZhiGvV5K84Z4mAADtZJHF4vv922azymGzyeGwKyrKTkehEFEzAAB6B2qG9qJmAAD0DtQM7UXNAADoHagZ0DtYvF5vj6/czg0/52RnmYHjnOws3f/QY+bjBxfc1mR/f9foYOtD3VeSnn38YeXvL1D+viOSfAFovwcX3Kac7Kz2PE2co66uQafKytUnNUnRzqhwTwcAepTDh4rMora9fwY8brxMIWzfwuNQ/t7csvOt64iCvj1jxMRGzHfQAAAAAAAAAAAAAAAAeqTaGne4p9DLtS++HBHpm8bh57YEjXOys3zB5TP/Bds/1DFzsrMCtvWHoPOWrg8aoEbbRUdHaWD/9HBPAwAAAAAAAAAAAAAAAAAAAF2oxweg85auNx/nzpnSpi7LOcMHSWeCyv7uzec+zhk+qNXj+rtQ5y3b0GK4GgAAAAAAAAAAAAAAAAAAAEBoenwAujF/4Li1mnRsPhOGbm6b1s6JLtAAAAAAAAAAAAAAAAAAAABAx7CGewLtlb+/QFLbA8pdoTvPDQAAAAAAAAAAAAAAAAAAAOhJenwH6I4OQOfOmaKc4YMk+To2+8fP31/Q5mPkZGcpf3+BORYAAAAAAAAAAAAAAAAAAACAtunxHaA7QuNgcs7wQcrJzlJOdpZy504N46wAAAAAAAAAAAAAAAAAAAAAnIsAtKT8fUfMx811eW68DQAAAAAAAAAAAAAAAAAAAIDwIADdgsZh6MZdogEAAAAAAAAAAAAAAAAAAACEBwFonQ03B+v+3FxHaAAAAAAAAAAAAAAAAAAAAABdzx7uCXSU/P0Fylu6/rzbBdumcXfnc9f71zU3fkv7BtsGAAAAAAAAAAAAAAAAAAAAQNtZvF6vN9yTaI/7H3os3FNolWcffzjcUwAAQIcPFclisUhSu/8MeNx4mULYvoXHofy9uWXnW9fSPqFqzxgxsRHzHTQAAAAAAAAAAAAAAIAeqbbGHe4p9HLtiy9bO2gWAAAAAAAAAAAAAAAAAAAAANDpenwHaAAA0Hp0gKYDNAAAAAAAAAAAAAAAQG9GB+hwowP0/8/efYdHdZ9pH781M+pdSEgUiSIQzRiDAdMNAVNs3E3cYif2m9gxiZO1d51sdpPdZLPZTdZrkmw2xI43cRyX4N5Ex2AbRDPFBoNBIJroEhLqZWbOvH8MczSjGfUyKt/PdXExc+rvHGSfR2fueQ4AAAAAAAAAAAAAAAAAAACAXoIANAAAAAAAAAAAAAAAAAAAAIBugwA0AAAAAAAAAAAAAAAAAAAAgG6DADQAAAAAAAAAAAAAAAAAAACAboMANAAAAAAAAAAAAAAAAAAAAIBugwA0AAAAAAAAAAAAAAAAAAAAgG6DADQAAAAAAAAAAAAAAAAAAACAboMANAAAAAAAAAAAAAAAAAAAAIBugwA0AAAAAAAAAAAAAAAAAAAAgG6DADQAAAAAAAAAAAAAAAAAAACAboMANAAAAAAAAAAAAAAAAAAAAIBugwA0AAAAAAAAAAAAAAAAAAAAgG6DADQAAAAAAAAAAAAAAAAAAACAboMANAAAAAAAAAAAAAAAAAAAAIBugwA0AAAAAAAAAAAAAAAAAAAAgG6DADQAAAAAAAAAAAAAAAAAAACAboMANAAAAAAAAAAAAAAAAAAAAIBugwA0AAAAAAAAAAAAAAAAAAAAgG6DADQAAAAAAAAAAAAAAAAAAACAboMANAAAAAAAAAAAAAAAAAAAAIBugwA0AAAAAAAAAAAAAAAAAAAAgG6DADQAAAAAAAAAAAAAAAAAAACAboMANAAAAAAAAAAAAAAAAAAAAIBugwA0AAAAAAAAAAAAAAAAAAAAgG7DFuwBAAAAoOdyOg2dPV+o/DMXFBMdpf79ktUnKV4hwR5YF+JwOHUy/7wkyWIJ0ZBB/YM8ouYruHRZlZXViouNVmJCbKPLOp2GTp+9KEmKj49RQlxMZwwRANDFlZVXqqi4VJKUnBSv6OjINm3vQkGxqqtrJEmD0tPatK2i4lKVlVe2eL2Y6Ej1SYrXyfzzcjickqT0AX0VFhbarPVLyypUfLlMkpTWt4/Cw5u3HgAAvUFn3Gdoz3pCklwul06dviBJioqKUEqfhGbtPzTUpv5pyW3ad3e+5wAAAAAAANAUAtAAAABodydOndMLr67UhYLigPNHjxisry1ZoKTEuE4eWddzubRcT//vq5Iki8Wi5U//fZBH1Hx/e2u9Dh4+oVCbTT//5281GmouK6/Uf/7mJUnS/DmTdcfi6ztrmACALmzH7oN68/1NkqSv37NIUydd1abtvbhilY6dOCtJevaZp9q0rXdXfaKde75s8XoTrs7SI1+/Vb959nVVXQlP/fOTDyp9QGqz1t+yfZ/eX7NFkvTEY3drxLCMFo8BAICepjPvM7RnPSFJdrvD/H14xLAMPfHY3c3e//Kn/0EWS+vj3d35ngMAAAAAAEBTLMEeAAAAAHqWj3P26pe/fbnBDyUl6eDhE/qnf39O6zbt7MSRoaPYHQ797/NvyjBcwR4KAABdXvHlMr3x/ia98f4mHTpyMtjDAQCgy+M+Q8fIzcs3a5JLRSXBHg4AAAAAAECL0QEaAAAA7aaouFR/e3uD+X7OjAm6atRQDc8cKIfDqdNnC7RnX64+2rJHklR4iQ/YoiMjNG3yWElSWFj3fcT96bMFevP9jfrqbXODPRQAANrFXbfM0U3zp/tN/9l//VmGYSjUZtOP/+EbfvMjI8IkSbNnjFdJaYUkKSYmypxfdLlUH368S5IUFmrTyOGDOmL4AAD0CNxnaJvG7jnk5uWbNcm4McPUJym+08cHAAAAAADQFgSgAQAA0G727j9ivn7w7oXmh2ySFBYaqqzMdGVlpmvO9PF67d0PdeP8qcEYZpcSGRmuB+9eGOxhtIuNm/do5PDBunpMZrCHAgBAm8XFRisuNtpvemioVTU1hizWEKWmJDa4/q2LZnbk8AAA6BW4z9A2PemeAwAAAAAAQH2WYA8AAAAAPcfnX9R9MDnuquENLpfaN0nfe2SJEuJiOmQctXa78k6c0eXS8mavU1Nj1+Gjp3ThYpFcLlez1ysuKdPho6dUVl7ZmqE2S63drrPnC3Xw8AkVXLrcrPHZHQ4dPXZaBZcut3h/bTmmZ//yroqKS1u8nkd1da2Onzyro8dOm10zm8MwXDpx6pzOnCsIOL+0rEJHjp1WcUlZs7bX2p8HAEDHcLlcyj9zQSfzz7f4/8tmXVDS/LqgOygtq9Dho6daVO8AANDddLn7DF2snvCM6/TZi3I4nMEeDgAAAAAAQKeiAzQAAADaTXKfBOXm5UuScvNOafzYrGavu3LdVn2wNkeS9KO/e0CD0tN85r/w6irt2H1AkvTMv31X0dGRkqT//v3fdPTYaUnSf/10qX73/FvKP3PBXC8pMU6zpl2jhV+5LuB+c3bs18bNu32CsxaLRYvnT9OiG6YqxGvZpU89I8MwNHrEYM2dNVHvrPxYp8+613vovpv0+nsbVVFRpVCbTc/8+3cVFhqq+nbsPqgXXl0pSbrz5tm6YfYkc7sZA1P1T088aC5rdzj0xrub9Mm2z/y2M2n8SC259St+nSm3bN+nTVv2+BxPeHiosjIzdN9dNygxPtZn+aaO6bprRwc8b94sFovuvWOeXnlznQzD0G+fe13/8tTDslqb933LispqffjJLm3avEdV1TU+8+LjovXNB27R8KEDzWlnzhXo5//9F0nSbTfOVElphT7e+pkMw5AkhdpsumXRDN0we5L2HcjTK2+u9QlTp/VN0uPfuivg431b8vMAAOh4R4+f1rurNuvYibPm/+ctFouGDOqnWxbO0IhhGQ2uW1pW4VcXJMbHatp1Y3XzgukdPnbvGuXZZ57S6g3b9N7qLT7LrN6wXas3bJckDRs6UP/wnXsb3aZhuPRW9kfa89lhny/1hIeH6psP3KKxo4a281EAABBcwbjP4C3Y9YQ3T21hsVj0Hz9+VP/7f2+av7973LJwRoP3Mjz3HLxrFI9ly1eYr2+9caYWzZ3SkYcCAAAAAADQLghA15N95WZY3Q01999ZmenmMouv3NTyngYAAABp4jUjtXXnfknS83/9QPPnTNLsGROa1YGpuqa20fkOZ10nI+eVAJQkMwwlSb/87ct+3YeLikv17spPZLNaNe/6iT7ztuzYp5dfX2u+j4wIV02tXYZh6P01W3TuQqH+39du9tvXydMX9Lvn3/TZVmlZhSaPH6VNW/bI7nBox+6DmjllnN9xrNu003w9bdJVPtut39Dy7Q8+9gk/WywWc9lP9x7SwdyTeubfvmvO/yhnr1a8vcFvnzU1du0/mKf/WHZO//LUQ4qNiWr2MTXXzKnj9GXuCe3Zl6sLBcVa8fYG3b9kfrPW/eVvX1ZBYXHAeSWlFfr1H17Tf/z4USXEu3+Oamvt5vyV67bJ7nD4rGN3OPTWBx+prLzS53x7nL9YpOV/fkc/+Ydv+Exv6c8DAKBjncw/r2XLX/O51kvua1fe8TP67XNv6O+X3qPMIQMCrh+oLiguKdPKdVsVEhKixfOnddjYPeP0Vl1jb2DJ5vvTK9na/dkh831kRLiqqmtUU2PX7//vLT1490JNmzy2zfsBAKCrCMZ9Bm/Brie8eWoLwzD0i2UvBnxq0/trtigxIVZTr9xv8F7Pc8+hph1qEgAAAAAAgK6AALTqQs/Z67Y2uIwnCC3VfRM+KzNdWZnpZiAaAACgtxsxLENZmenKzcuXYRha8+EOrflwh5KT4nXVqKEaOzpTI4cPanZn4JYqKi7V3Osnav7syQoPD9Xefbl66fW1MgxDb76/SQP7p2jk8EGSpIOHT5hh19SURD3x2D1KiI+R02noxRWrtXPPQX2695DmXT/Jr0tURUWVJGnyhNGaMC5LA/qlKDE+VqVlFdq0ZY8kacNHn/oFoE+fLTA7C0+eMDpgdymPCxeLzG2lJCfqe4/cpZQ+CaqsqtauvYf0xnubNHn8KHP5fQfyzPBzeHiovvm1mzVieIYqKqr1wdocbd25X2XllfrP37ykX/z4Ub9Oxg0dU0t8494bdfzkORWXlGnz9s81MmuQrh03osn1pl83Vu+v3qK5s67V1ElXqW9Koi4VlWr1hm3avuuADMPQqvXbdN9dN/ita3c4lDlkgB68e5Hkcmnl+m3aueegJHfY3GKx6MG7F2rsqKHadzBPK97ZoJoau86cK1D+mQtKH5AqqW0/DwCA9ldcUqb//t+/mYGdO2+erWmTrlKIJUQ7dh/Ua+98KMMw9MzyFfq3H31TyQG6+nvXBRHhYdp38KheeHWVDMNQ9tocDRqYqrGjMzvtmOZdP1FTJo7RqdMXzKdBTJ4wSovmTZUkxTRSF0jSOys/McPPkyeM0oN3L5LNZlVpWYWe+f3fdKGgWK+9+6EmXjNSYWH+T6EAAKA76kr3GbpCPeFRVl6pm+ZP06yp11z58u8O7dzzpSR352vvAHR9jz10m2pq7dq0eY/5pet775inrCtP1uiTGNfxBwAAAAAAANAOenUAurHgs6e7s+fGmkf917l5+cpet1WL508jCA0AAHo9q9WiJ5feo7Ubd+i91VvM0FJhUYk+ytmrj3L2ymKx6Ppp1+jOm2fLZrO26/6vvWakltwyx3w/ddJVslot+vMr7pDRjt0HzQB0zpUOUpJ07x03mN2FrVaLltw6xwzRfrz1Mz1490K/fd1240wtrPdI2KTEOI0eMVgHD5/QhYJincw/7xOWXf/Rp+brhXOva/RYvB9rP3XiGKX0SZAkRUVGaNa0azT52tGSV8fo7bu+MF9/75Elyhzs7oYZlhCqB+9eqKLiUh06clJFxaU6f+GS+qX2adYxtURYWKi+9+gS/fy//yLDMPSnl7OVMTDVHHtD5s2aqK/MnKCw0LqwVmpKou66ZY6273I/jvj0uYsNrv/tb9xmdrV+6L4b9fmBI2ZHq+mTx2rKxDGS3D8PJWUVenflJ5KkcxeKzAB0W38eAADt68CXx80O/4sXTNcNsyeZ8+bMmCC73aG3sz+WYRja98VRfWXWtX7bqF8XTBo/SjabVc/95T1J7qcpdGZgKTYmSrExUaqsqjan9UmKD3hNDmTLjn2S3E+EuO+u+WYdFRcbrVsWzdTzf33f/dSHL4816wtIAAB0B13tPkOw6wmPBV+5Tjdf+UwqPi5aD96zyAxAFxaVNLpu0pWAc1xctDmtX1pys2sSAAAAAACArqLXBqCz1+b4BZ89jyprKsicm5dvhqc9gejsdVuVm5evxQumm+FpAACA3mrBV67T3FkTdeDQce3+/JC+zD1pPprVMAxt2rJHe/Yd1hOP3aO0vknttt8brp/oN23S+FF66bW1sjscOnbijDn96DF3HWexWJSSnOD3SNuU5EQVFBbr/MVLAffV0OPlF86dooOHT0iSPvxklx6+f7Ek96N3P93r/jBycHqa+qclN3osw4emK9Rmk93h0OoN2+V0OjVp/CilXflAMiI8zGf5I8dOS3J/kOkJP3u7YfYkHTpy0n3sx08H/GCzoWNqiX6pffTAVxfoxRWrZRiGfvvs6/rpD/9fo+u4P6Cu+5C6psauWrtdDodTsTFRKiuv1KUGPsDtl5Zshp8lKSQkRMlJCWan7Wuv8Q2A9etbd9yXvULmbf15AAC0L+8voM+d6R9unj1jvN7O/ti97LH8gAHoQHXB+LFZCg8PVU2N3acu6OrKyivNpzUMzkhTZWW1KivrgtQD+qWYry9cLOr08QEA0NG60n2GrlBPzJzq+8Qpm9WqIRn9dPzUOUlSRWW1oqMigjE0AAAAAACATtMrA9DLlq/w+SCtpd2bszLT9eTSeyTVhaE93aCXLV9BN2gAAAC5Q63jrhqmcVcNk+R+bOzOPQe1duNOVVXXqKS0QqvWb9PD99/Ubvvsm5LoNy0kJETJyQk6d75QFwqKZRiGamrsKimtkOT+oPSff/HHBrcZKHibmpKouNjoAEu7a8WkxDgVFZdq12eHdd9d8xURHqacHfvNTlU33jCtyWOxWi26cf5Uvbdqs+wOh1au36aV67cp1GbT2NGZun3xLLOzcmVVtfnBb0Mf9HqfmyN5pzVziu+HpY0dU0tNnXSVvsw9qZ17DqqwqEQvvb5Wt980q8Hla2rsWv3hNu3+PFeXikrM8+TNMFwB1pTGjBjsNy0stO7XnKzMDJ954WF1XaY9+6mqqmnTzwMAoP0dPe7+Yk+ozabIyHC/+WGhoWbwKO944OBRoLpAkvlFmcKiEjmcTtms7dspsiN4zockHTtxVv/07881uOzFwuLOGBIAAJ2uq9xnkFpWT3h3pa6qrmlyn54nGklSiCUk4DJ9kuL9piUmxJkB6EC/VwMAAAAAAPQ0vSoA7Qkoe2Rlpgfs2Jybl6/co6d8QtKe5SXfDtGeMLR3R2nP34SgAQAA6iQlxmnh3Cmaft3V+qefPye7w6G9+3Jl3HujLA18oOfN6XQ2uUxDIVlvLpdkuOqWi46O1ISrsxpcPlAoOCwsLMCSdRbNm6JX3lgnwzCUs32f5l4/URs++lSSFBsTpbFjmvd43EVzp2jiNSP17qrN7nNlGLI7HNqz77D27Dus+++ar5lTx8lisZjrNHQOvKcHeiRwU8fUUg/cvUBHj59WUXGpduw+oLS+gT80lqRf/s/LOne+UJK7A/PoEYOVEB+rsFCbcnbsl93haHBdaxOhtcZ+tjxnpK0/DwCA9uf5/7uzGeGdhgJHDV0TvWsKS4gl4DJdjfexDOyfoiGD+je47PChPJkMANA7BPM+Q0vqCYvFoujoSFVUVOlSvacNBVJYdFmSFB8XrYaOIvD0pu+JAAAAAAAA9CS9KgCdvTbHfB2oS7N3iDkQTyA6e91WLZ7v7trn2Ybnb0LQAAAAjYuNiVJaah/ln7kgu8OhWrtdEeFhslrrPjC8XFKuQfWyOwWFl5vc9vkLlzRs6ECfaS6XS4VX1k1JTpTValF0VIRCbTbZHQ6F2Wy6/675bT8wL1MnXqXX39kou8OhDR/vUvrAVBWXlElyP7a36Y9h66T0SdC3HrhZLknnzhcqZ+d+bdq8R4ZhKHtdjmZOHaeI8DAlxsequKSswcfee08fNmRAG46ueUJtNj3x7bv1r7/6kwzD0HurtwRcrrCoxAw/Z2Wm6/FH7lKore7XlG27vpAazj+3i47+eQAANOxiQV23YpvX//+HDx2ogkL3kxsqKqoUHR3ps15Njd3sjpjZwHUtUF1gGIYuFbmDR/3SkpsVjmpvIV6VQHV1bbPW6Zfax3ydMTCNaxUAAF46+z5Da+qJvn0SdLyiShUVVbpwsUipDTy96fTZArPGSevbJ+Ay7cV71DU1zatJAAAAAAAAupLu0eamHSxbvsIMMNcPP2evzdG3//7pgOHnrMx0vw7RkjvgnL1uq2+oesF0Pbn0Hp9l6neRBgAA6Mk+/GS3fvqrPynvROBH0UvuDxjPnCuQ5O5gGBHu7jycnJRgLrPv4FGfdU6fLTDXaczqD7f7Tdu+64DZQThzcF23xIH9UyRJxSVl+uLLYwG3d+LKo2Nbymaz6vrp15jb/8Of35Hk7vo0c8q4Zm3DMFw+j7sPkdQ/LVlLbpmjWdPc2y4prdD5C5ckScMzB5r7O3z0lN/21mysOzfDA9S3HSElOUEP3df4o4ePn6w7x4PS03zCz8dPnvV59G9H6sifBwBAw3bvO2y+TvV6xPxwr6DR2k07/dbb8PGn5utA922kwHXB5m2fm3XBsMEd/4WgQBLiY8zXnx842siSdVJTkswnPmzfdUClZRV+y7hcLp3MP98+gwQAoIvoivcZWlNPXH3VMPP1i6+tltPp/5QLh8OpF1esNt+PGzPMb5n2lBAfa75ubk0CAAAAAADQlfSKDtDZa3PMIHJWZrpf+Nk7+OwJPGcNy/D7AC03L1+5V8Ik3p2es9dt1ZNL7zHXXTx/mjl/2fIVevaZpzr0+AAAALoCw3Ape22Oqqpr9PTvXtXIrEEaM2KI0lL7KCUpXhWV1Tp89JRWb9gu48rj7CdeM9JcP31AX/P1tk8PKCEuRteMzdLpsxe14p0NzRrDgUPH9aeXP9D8OdcpIiJM+744qjfe32TOnzZ5rPn6njvm6T9/85Ikafmf39FdN8/WuKuGyWq16sy5Aq3/+FMdyj2p737zTl01amiLz8e86ydpw8e7JElV1TWSpBnXXa3w8NBmrb9n32H930sfaEhGP914w1QN6JeimOhIncg/r0/3fmku5+mIOXPqNdq5xz39t8+9oa8tma+RwweprLxSK9dv07ETZyVJGQNTldInwX+HHWTS+JE6dOSEcnbsDzh/xLC6mvujLXs1cvggjRw+SHknzpjB8c7Q0T8PAAC32lq7LhYWK//MRa3asF0VFVWS3E8O6JdW1+Vw7OhMRUaEq6q6Rus27VRISIimThwjhYTo0z0HtXL9NklSeHioxl01POC+fOqC8DDt2XdY76z8xJw/Y8rVHXikDUtMjJPFYpFhGCoqLtV7qzdr5pRxio+L8elU6c1qtejWRTP0zspPZBiGfrHsRd175w0aktFftbV2HT91Tu+u+kRFxaV65uePKzoqopOPCgCA9tfl7jO0oZ6YP3uyPtqyRyWlFTp24qx+/Is/avGC6UpLTVKIQnT2fKHeW71ZZeWVkqTkpHjNnjGhWdtuLc8XgSVpx66DyhiQqonjRyoiPMz84hUAAAAAAEBX1jsC0F4BZ58OzfXCz/U7Q9dXvxu097rLlq8wQ9CebZgh6bU5jW4XAACgJwixhGjxgul6d+UnsjscOpR7UodyTza4/HXXjtHc6yea7welp2no4P46duKsDMPQyvXbzHCT5A44NdUNeEC/FH2695A+3XvIb959d97gU8sNSk/T4gXTlb02R4Zh6PX3Nur19zb6rfdl7slWBV4T4mM0dtRQ7ffqJrzgK5Obvf7BwyckScdPndPv//R2wGVuu3GmYmOiJLk7ZT76jVv13F/ek2EY+utra/yWT+ubpL9fem9LDqNd3HvnDcrNO62CwmK/eXGx0bp6zDDtO3BUdodDv3v+TXOexWIxA2IdraN/HgAAbofz8vX7/3vLb/r9S+b7PAUgJjpS//TEg/r3ZX9RTY1dazfu0NqNO3zWCbXZ9I/ff0DxcdEB99VYXfDw/Ys1KD2tjUfTOiGSblk0Q+9eCU+t3rBdqzdsV6jNpt/96okG15s/Z7L2f3lMR4+dVklphZ594d2Ayx07cUZjR2d2xNABAOhUXf0+Q0vqCavVoke/fpt+9/ybqqquUXFJmV563f/3dsn9RedHv3GbLJaQZm27tQalpykrM125efmyOxx69a31evWt9Ro7aqi+8807O3TfAAAAAAAA7aHHf4U7e22O+bqh8HNWZrqeXHqPX0g5Ny/fvdyVP94WL5iuZ595SovnTwu4L58u015BaQAAgJ4qRNLcWdfq6X/7jm6YPUlpfZN8gkySFBkRrmFXgroP3Xej3/zHv3mXrvXq1iRJSYlx+sa9N2rGdeOaHMNT371PV48Z5rPdIRn99LWvLtCsadf4Lb94/jT98Hv3K31Aqk93I4vFogH9UvTYQ7drya1zfKZLkrWZH0IunDvFfD1y+CD1SYoPuFyg7T5490I98vVbldY3ya/zUnR0pO5YfL0WeG1fksaPzdJ3vnmnxo7O9Ok0nZqSqDkzJugH37vfrwN1S48pEGsTnaFsVqv+7tEldfuq193ysYdv17zrJ/qMLTkpXksfvl0D+qWY2wi8bf99W22Bl21KS38eAAAtF7Q08H0AACAASURBVHflizseGQNT9b1HlmjKxDF+y6YkJ+hH339AUyaO8Qk5x8dFa/KE0frh97+mfql9fNbxvl4EqguGDR2oh++/SZMnjGr1MVhC3NcIm63xvgINXbskacGcyVpyyxyfa19YgKdEeF8zQ0JC9A/fuVdfv2eRkhLjfJYLtdk0MmuQ/uWphwg/AwB6jGDdZ+ioemLo4P761b8+pq/MnGB+mdlbfFy05s+ZrF/9y2M+3asDjasp3jVEY7/3L334Ds2cMs7nd+Cw8LBm7wcAAAAAACCYQlwulyvYg+gouXn5WrZ8haS6kLPk3/n52Wee8lsve22OcvPy/bYZqEt0oDB1/elNdZfuLKvWb1OtvfGOBvFxMeqflmw+Zr232Lpzv86cL5TkDtzM6eDHywFAMJ08cUYhIe4PPdr6t89r72lqxvKNvG7O+4amNTWvsXWaqy3biIzqFQ/hMFVWVau0rFKJ8bF+4duGuCQVFZUoMjJcUZGNP8L9v373io6dOCvJt64rLatQVGSEbC0Iw14uLZfhNPxCRV1BeUWVamvtio6KbPZ5LC2rUHhYWLOX7woul5YrLNTW5L97Z42lq/48AEB35XA4dbGwWFFREYqLiWrR49Wrq2vldDoV3Yp7Fa2pCzpLRWW1SssqFBMdGTAM1RDDcOlScYkiI8J71f0bAAA6+j5DQ9q7njAMl4oul0qSkhLiOrzjc1NKyypUWVWjhPgYRRCCBgAAAAD0ElWVjmAPoZdrW3y516RvGgofe3dw9vCEpgMxA81e21u8YLpy8/J9/mRlprsfoX1l+ex1W7tEADp73dYWPUJ8xpSrdduNs3rFB2nbdx0wQ+9pfZMIQAMA0E6iIiNa/OFiiNRgt+TmiouNbnqhehLiYtq0z44UEx0ptbAma805CLau9G/QlcYCAD2FzWZV/7TkVq0bEdH6IE5XviZGR0UoOqrlQSyLJUQpfRI6YEQAAHRt3ek+Q2MslhAlt3FM7SkuNrpL10wAAAAAAAD1Nb/NTjeUvTbHfJ2VmW5Oa6wrs/c6i+dP07PPPKVnn3lKi+dPq9vGuq1+3aG9t1N/G93Zlu379Kv/eUVOZ/ND0z1RSWmFXnh1lV54dZXeX7Ml2MPpdCve+VAvvLpKf31tjapraoM9HAAAAAAAAAAAAAAAAAAA0Iv16A7QnpCyJ7hcX6COzA2Foz1dnj3doXOPnvLZblZmurIy0/26QGcNy5A8XaDX5nSJLtAe//j9r/l1PKisrNal4lJt2f659uzLlSQVFBbr3VWf6M6bZwdjmJ1m7OhMhYa6/5Oo342qorJKO3YfkCSF2my6ZeGMTh9fMOVs3ye7w93uf/6cyUrrmxTkEQEAAAAAAAAAAAAAAAAAgN6qxwagvTs0+3RnvhJGDhSK9l4na1iG3/z6Ief6Fi+YbgakvdcJtP2uIDo6UrExUT7TYmOilNo3SaNHDNY7Kz/R2o07JEl79+X2+AD0DbMn6YbZk4I9DAAA0EL33D5PBZcuB3sYAAAAAAAAAAAAAAAA6CSWYA+gM/kEnBvoCt3cbTS1fvbanDbvK9jmzrrWfF1YVCLDcAVxNAAAAIFlDEzVteNG6NpxI4I9FAAAAAAAAAAAAAAAAHSCntsB+uipFq/jHVTOXpujJ5fe4zPfO9Tc1PoBx9TFOkA3JToq0ue93e5QeHiozzTDMPTp3kPavP1zXbhYpFq7Xf1TkzU4o58WzZuiuNjoBrd/ubRcH+fs1f6DeSouKZck9Uvto4wBfTVnxrVKSU4wl33h1VVXxhSur942V5eKSrRlxz7t+uywSsvK9b1HlihjYKpefn2duc5D993ot8/aWrteeXO9JCkyMlz33D7XnPfZF0e0d98RSdJVo4Zo0vhRWrNxh86dv6Tyisq68+BwmOORpMkTRmnMyCE6f7FIqzdsv3IcSZo/5zp9su0zHfjymI4eP6OkxDiNGTlEUyddpX6pfSS5fyb27svVF4eOq7q6RinJCZo68SrNnDquwfNWUHhZ6z/6VIePntTl0nJFR0VeCX6N1KTxI/2W9z6u8VcP1+gRg5WzY78OHj6hE6fOyWIJ0YB+KZoz81qNHTXUXO/zL45qz75c85g9Xn1znRIT4iRJ6QP6at71ExscKwAAAAAAAAAAAAAAAAAAQHvrsQFob55gsncoOmtYRoPL5ublKzcvX9lrc8zlco+eUva6reZyixdMb3T9pqZ1B/lnLpivQ222gOHn3zz7ut+xHT91TsdPndOW7fv07Ydu05iRQwJu+z9/87IMw/CZfvTYaR09dlobN+/R3Osn6q5b5ihE0o7dB8xlhgzqrz+9nO2z3uWScg1IS/FZ7hv33aiQevutqKz2WcY7AH3sxFlzXmioVZPGj9Luzw77nAcP722Eh4VqzMghulxSZk7vl5asvBNntf9gnrncmXMFOnOuQJs279EvfvyI9h3M08uvr/XZbll5pY6dOKsjx/L18P2L/fZ7+Ogp/foPr/lMq6mxq6i4VJ/tP6Ldnx3Sw/ffpLCwun8r7+OKiAjTynXb/I6ppLRCBw+f0IKvXKfbb5rlXu/kWZ/j9PD+9847fpoANAAAAAAAAAAAAAAAAAAA6FSWYA+gMzUUevbm3fU5e91WLVu+QsuWr/ANP8+f1qL9dsfwc2lZhf7vpQ/M98MzB/rMd0n641/fN4/NYrFoysQxmjtrooZk9JPk7hr8+z+9rbLySp91z124pP/6n1d9ws+pKYnKykxXdHRd1+ntu/zDt5J8ws8Wi0XJSfE+gd/21CcpTrExUYqMCPeZHhsTZf6Jj/Pvcn3ufKH2H8yTxWLRwP4pCrXVfdfA7nDoZ0+/YIaf4+OilZqS6LP+zj1fKv/MRZ9pp05f0G+fe8N8nz4gVXNmTND068aa2//siyN6b/WWBo/n45y9Zvh5QL8Un/MtSWs37lDBpct+x+gtMiLcnJ7s1aUbAAAAAAAAAAAAAAAAAACgM/TYDtBZwzKkK6Hl3Lx8swu0R+7RU37TPJ595illr83xCT17PLn0ngbX8+yrwTE1sl4wrFy3VQnxMT7TKiqqVXDpsg4dOekz/e7b5vq8X7Nhmz7bf0SSFB0dqZ/8/Td8trVq/Ta9v2aLDMPQOys/0YN3L5TkDv/+8rcvye5wSJKSEuP0vUeWKK1vkrnu4aOn9OdXsjV31kS/Ds4eY0YO0Z03z1a/tGRzmerq2paegiZ9+xu3SZLOni/Uvz39giR3N+ynf/adJtdNjI/VU4/fp6TEODmcTq3buFPvr3GHkysqqiRJd948WzfMniTJHQz/79//zZy3fdcBpQ/oK8nd5fnp39WFxm9eMF03eQXxb100Uz97+gVVVFTpw092ad71E5WYEBtwXAP6pei737pTifHu+UeOndb/PPeG+W+y7dMvdMvCGZp3/USzu/PjP/y1Of+H3/+az78XAAAAAAAAAAAAAAAAAABAZ+qxAeimNNWVefGC6Vq8YLqy1+aYnaObCjB7b7OrhZ0DaajDsrdQm02PPXy7UusFXjd8stt8/bUl8/2C1AvnTtGHm3eroqJKe/flmgHovftyVVNjN5f7/qNf9et+PGJYhv7zJ481OKaRwwfp8W/d1eTYg+2h+29SUmKcJMlmtWrRvCnKXrfVDDEPyehnhp8lqV9qH82edo1Wrt8mSbpYWGzO27PvsBlATklO1I31upDHxUbrjpuu10uvr5EkffHlMc2cOs5vTBaLRY8/cpcS4ur+vYYPHagZU67Wpi173PstKPZbDwAAAAAAAAAAAAAAAAAAoKvosQFo7wCyp9uz509T4WdvixdMb/ayuUdPBZ7egv11JXfePFtTJo5RbEyUz/TikjKzS7EkDR00QBWV1X7rD05P04FDx1VVXSOHwymbzaovvjxmzh+ZNcgv/OxhsTTU+1m68YapLT2UTmexWPxC8CEhIUqIj1FRcakkafzVWX7rpSTXnY/LJeXm6wOHjpuvRwxLV2WA8z2wf4r5+vzFooDjGpyR5hN+9uiX2sd8XXS5NOC6AAAAAAAAAAAAAAAAAAAAXUGPDUB7q9+ZOTcv3/zTnp2as9dtNV97gtPe+25JmLozPPHY3eqflixJulxSpuMnz+mt7I/MDs05O/ZpzowJfusVF5f5vP/hz5Y3ua/CS5eVltpHhUUl5rQB/VIaWaNhafW6UXdF8bHRAaeHh4eZr5P7JASYH2q+9nSKlnxDyVu279OW7fsa3f/5i5cCTk/r2yfg9IiIunEZTiPgMgAAAAAAAAAAAAAAAAAAAF1Bjw5ABwo7Zw3LkK4ElbPX5ujJpfcoNy9f2WtzJLWsW7Ono/TiBdPN9SVp8fxp5mvvrtDtGbZuD7ExUWZ359iYKKUPSFVWZrp+seyvsjscOn+xSK++tV4P3r3QZz3vYK4kJcbHNrkvq80qSbLbnea08LDQhhZvVKit6//YhjTSwdrDarE0e3veoWSLxdJgwNrDu5O0t8Y6awMAAAAAAAAAAAAAAAAAAHQHXT9J2gaLF0zXsuUrJLmDyGZgef40Za/bqty8fC1bvqJFoWdvnmC1d+dnz349PPO8Q9FdWVpqH911y2z97e0NkqStO/dr3vUTzU7RkpRarwPzz//5W7JZrc3afkJ8jPLPXJAkFRQWt9OoA3MZhkLqhYwvl5Q1sHTX1i8tWSfyz0uS5l0/UXcsvj5oY3G5XEHbNwAAAAAAAAAAAAAAAAAAQPNb0HZDnsCzJDPwLLkDyp7p3uFnz/LN/ROId9DZuyt0dzJz6jVmZ2hJeu2dD33mx8ZE+XRhPvDl8WZve2D/FPP1Z/uPqqbG3oaR+gqPCPN5X3zZP+x82Ksjd0tEhNdt2+5wqLiTg9QD+tWdt8+/OKLOjiDbbHUB9xOnznXy3gEAAAAAAAAAAAAAAAAAAOr06AC0VK8bs1cg2Xu65A4uP7n0nhb/qb8Nz3a9O0N7T+8OLJYQffW2r5jvDx89paPHTvssM+6qYebrv76+RmXllX7bKSuv1F/+tkp5x8+Y06ZNHmu+tjsceuXNdTIMw2e9qqoa/fW1Ndp/MK9F4w6RfILbOTv3+8y/UFCs99e0LpSemBDr837P57mt2k5rjRtTd74vFBRr7cYdAZfbsy9XL65Y3e77T01JNF/v+uxQu28fAAAAAAAAAAAAAAAAAACguWxNL9K9ebo15+blu0PJa3PMDtCL508zQ8rZ67Yqe93WZoWVPdup3z26obB1dzRx/Ci9vyZHBYXFkqRX3lqvf33qIXP+vXfeoM+/OCq7w6GKiir98Gd/0JyZEzQgLVlVVTU6efqCdn12SIZh6HJpuf7u0a9KklL6JOjWRTP03uotkqSdew7q2IkzmjBuhOJio3Xq9AXt3Zcru8Oh02cvauzozBaN+6pRQ7Xt0y8kSavWb9PO3Qc1dnSmamrt2lovEN0SISEhyhiYqlOnL0iS3nhvow4dOanJE0YpOSleQwb1b/W2myMlOUGL5k3R6g3bJUnvrvxEn+8/ognjRigmOlLnLlzSgUPHdeZcgSRp7qxrNbB/33bb/6gRg3Ui/7wk6cCh4/qPX/9VM667WomJcRo7ami77QcAAAAAAAAAAAAAAAAAAKApPT4AXV/2uq3KGpZhBpazhmVo2fIVPvNz8/KVlZluTssaluGedyXU7B18lvw7PHuHo7tb92ePEEn33D5Xv3v+TUnSufOF2rs/V+PHZkmSoqMi9NjDt+u5F99VTY1dhmHow493BdxWba3d5/2ieVNVU2vXmg/dXYwLi0q0btNOv/WqqmvlcrkUEhLS7HHfftMs7dh90OwqXVhUok1b9pjzx4wcogOHjjd7e94evHuR/v2Zv5jv9x/M0/6DeUpJTtTPf/TNVm2zJRbPn65z5y/psy+OSJKOnzqn46fO+S1nsVh0uaS8XQPQi+ZN0SfbPldFRZUk6dTpC3r19HpJ0v/88u8UFhrabvsCAAAAAAAAAAAAAAAAAABoTI8PQC9bvsIvsLxs+Qo9ufQeszv0s888pey1OWY3aE+3aNOV6fWZIWqvsLT3dup3he4KrBaLGQ4OtTX+zz9m5BCfrsdvZ39iBqAlafSIwfrVvyzV6+9t1OcHjprhWMkdwh3QL0W3LJoRsEPwbTfOUlJCnNZs3KGi4lKfeSnJiVowZ7KmT7lagaLPFoulwTHHxUbrZ//4//Tnl7N9wsGxMVGaeM1I3b54lr73j79p9LilwOdmYP8U/fOTX9dfX1uj/DMXzOkxUREB1rc2uY+Wslot+vZDt+nAoeN684OPdOFikflvKbmPccK4EbplwXRFR0cG3EZT/+YNCQsN1U9/8LD+9tYGffbFEZ/9En4GAAAAAAAAAAAAAAAAAACdKcTlcrmCPYiO4h1+Xjx/miSZ4WTPtPoBZU/35vqhaW+Bgs/19ydJzz7zVJuPoTtxOJy6WFismOhIxcVGN3u9mhq7SssqZLValJgYFzD03BqG4VLBpcuKjAhr0Xhasm2Hw6GEuJgGA8cdraS0QhWVVeqbkiibtf1D1w0pvlym8ooqxURHKjEhttP2C6D9nDxxxuyw39a/fV57T1Mzlm/kdXPeNzStqXktebpAS7fdHJFRPf47aAAAAAAAAAAAAAAAAF1aVaUj2EPo5doWX+6xAej64WdP0Nm7Q3P9efUFCkHXDz17llu2fIXPMoEC0gAAdBUEoAlAdyUul0u1tQ7Z7Q7ZnU45nYYMw5C7Su2RpSoAoFcJUUiI+2lGVqtFoVarQkNtCguztUtN0pt4aoZah0MOh6dmcKmH3toCAPRCISEhslhCZLVaZLNZFWajZmgNagYAQE9HzQAAANB+CEAHW9vu1/TI9E39TsyNyV63VdnrtgYMQjcVYM7Nyzc7Rnuv8+TSe1o+aAAAgF6mptau6upaVdfYRdAZANBzueRySU6nU06nU7WyS1WSFKKI8FBFRIQpPCw02IPs0nxrBgAAei6XyyWn0yWn01BtrUOVqpEkaoZmomYAAPQW1AwAAACAW4/rAN1Q+Hnx/GmSZHZ/zspMV1Zmuk83aO/pWcMyzPeSbzfo+qFn73001E0aAICuhA7QdIAOpppauyorq1Vrr/smZVhoqMLCbLLZrLJZrbJYQuhWAQDoMVwulwzDJYfTKYfD6e5IaK8L5oSF2hQVFcEHlPXU1NpVUVkju0/NYKNmAAD0WIFrhrrrYGioTdFR4dQM9VAzAAB6G2oGAACA9kMH6GBrW3y5RwWgvcPPnjByoEC0d5fm7LU57r/rBaFbguAzAKC7IQBNADoYDJdL5eVVqqp2d6OwWiyKjAxXZESYLBZLkEcHAEDnMgxDVdW1qqqqkdMwJEmREeGKiYmUpZeHcwyXS2XlVaqurpXkqRnCFBERJis1AwCgl3Eahqqra1VVVWvWDBERYYqlZqBmAADACzUDAABA6xCADjYC0JICh58DzfMOP9eXvTan2UHorMx0cx+eLtEAAHQXBKAJQHe22lqHSssq5TScClGIoqMjFB0VEexhAQDQJVRUVquiolouuWS1WBUXG6WwsN5XL0hSrf1KzeB0f1gbEx2p6KjwII8KAICuoaKyRuUVVZIkq9XirhlCqRkkagYAALxRMwAAADQfAehgIwDdaPjZO9TcWPi5Ps/2co+eMqdlDcswtwMAQHdGAJoAdGeqrqlVSWmFJCk8LFSxMVGyWunEBACAN6fTUFl5pWpq7ZKk+LhoRYSHBXlUnctdM1RKksLCQhUXE0nNAABAPU6nodLyKtWaNUMUNQM1AwAAfqgZAAAAmocAdLD18gC0d8C5vcLPAAD0dASgCUB3Fu/wc1RkhGJjIoM8IgAAuray8ipVVlVL6l0haO8gU1RkODUDAABNcNcMNZJ6V6CJmgEAgJbprTUDAABAcxGADra2xZe7/VfiPQFnSYSfAQAAupDaWocZfo6JiuRDSQAAmiE2JlIxUe5rZklphWpre/6Nt1q7wwwyRUfxhSkAAJojNiZS0VERkqSS0krV2qkZAACAv95YMwAAAKD36PYBaI+szHTzNeFnAACA4DJcLpWWeToyRSg6OiLIIwIAoPuIjo5QVKT72llaVimjez+8q1G+NUO4YqgZAABotpjoCEVFhkuiZgAAAA3rTTUDAAAAepdu//z1rMx05eblKzcvX9lrc8zXnnmEnwEAADpfeXmVnIZT4WGhdGQCAKAVYmMi5XQ6VVNrV3l5leJio4I9pA5RVl4lp9NQGDUDAACtEhsTKYfTUG2tXWXlVYqnZgAAAAH0lpoBAAAAvUuIy9W9v96Xm5evZctX+E0n/AwAQMNOnjijkJAQSWrz3z6vvaepGcs38ro57xua1tS8xtZprrZsIzKq238HrVE1tXZdLilXiELUJylOVmuPeegIAACdyuk0dKmoVC65lBAfo/Cw0GAPqV25a4YKSVIyNQMAoB25XJLT6ZTDachwGjJchlwul4L1aUhIiPs+giXEIovVIpvVIqvVqna4PSHJXTMUFpVKkhLio6kZAABoJmqGnlUzAAAAtEZVpSPYQ+jl2lZ8d/sAtEf22hxlr9uqrMx0ZWWma/GC6cEeEgAAXRYBaALQHan4cplq7Q7FREcqOopH0gIA0BYVldUqr6hSWKhNiQmxwR5Ouyq6XC67WTOEB3s4AIAewOFwym53yO5wBnsozRJqsyo01CabzdrmbVVU1qi8okqhoTYlJcS0w+i6DmoGAEB7o2bomTUDAABAaxCADjYC0AAAoIUIQBOA7iie7s9Wi0XJfeKDPRwAAHqEwkslchpGj+oC7enk6K4Z4oI9HABAN+dwOFVTa5fTaQR7KK1itVoUHhba5lBT4aXSKzVDz+noSM0AAGhP1AxuPbFmAAAAaC0C0MHWtvgyzwkDAABAu6murpUkRUbSkQkAgPbiua56rrM9QV3NEBbkkQAAujOXy6Wq6lpVVtV02yCT5H4cfWVVjaqqa9WWnjWe6yo1AwAAvqgZfPXEmgEAAAC9EwFoAAAAtAuXy6XqGrskKTKCDyYBAGgvnutqdY29TR9wdhXeNUMENQMAoJUcTqcqKqtlt/ecLj12u0MVldVyOJ2tWj+CmgEAAD/UDP56Ws0AAACA3osANAAAANpFba1DkkthoaGyWCgzAQBoLxaLRWGhoZJcV6633ZvnGMJCbbJSMwAAWsFud6iyskaG0fMCO4bhUmVlTatCWlaLRWGhNkmiZgAAQNQMDelpNQMAAAB6L+4YAQAAoF14brSGhdmCPBIAAHoez/W1J3SsqnVQMwAAWs9ud6iqFzyuvaq6tlXXfc/11XO97c6oGQAAbUHN0LieVDMAAACg9yIADQAAgHZhv/K4PZvNGuSRAADQ83iur/ZWPt62K3E4qBkAAK3jcDp7RZDJo6q6tsWPtvdcXz3X2+6MmgEA0FrUDE3rSTUDAAAAei8C0AAAAGgXTqchSbJZ+WASAID25rm+eq633Rk1AwCgNVwul6p7UZDJo7q6Vi6Xq9nLUzMAAHo7aobm6Uk1AwAAAHovAtAAAABoF4bhvlFqsYQEeSQAAPQ8nuur53rbnRmG+wNZagYAQEtU19jNa0hvYhguVdfYm718Xc3Q/c8VNQMAoDWoGZqnJ9UMAAAA6L0IQAMAAKBdeJpLhITwwSQAAO3Nc31tQTOnLsvTkYqaAQDQXA6HU3a7I9jDCBq73dHsx9PX1Qzdv2igZgAAtBQ1Q++sGQAAANB7EYAGAABAO+FGKQAAHY/rLQCg96mpbX43w56KcwAAQNO4XnIOAAAA0LsQgAYAAAAAAAAAAF2Sw+GU02kEexhB53Qaze7oCABAb0TN4EbNAAAAgN6EADQAAAAAAAAAAOiSevNj7OvjXAAA0DCuk3U4FwAAAOgtCEADAAAAAAAAAIAux+WS7HQwNNkdTrlcwR4FAABdDzWDL2oGAAAA9BYEoAEAAAAAAAAAQJfjdBJkqo9zAgCAP66P/jgnAAAA6A0IQAMAAAAAAAAAgC7H4TSCPYQuh3MCAIA/ro/+OCcAAADoDQhAAwAAAAAAAACALscguOOHcwIAgD+uj/44JwAAAOgNCEADAAAAAAAAAIAux3AR3KmPcwIAgD+uj/44JwAAAOgNCEADAAAAAAAAAIAux+VyBXsIXQ7nBAAAf1wf/XFOAAAA0BsQgAYAAAAAAAAAAF0OuR1/nBMAAPxxffTHOQEAAEBvQAAaAAAAAAAAAAAAAAAAAAAAQLdBABoAAAAAAAAAAAAAAAAAAABAt0EAGgAAAAAAAAAAAAAAAAAAAEC3QQAaAAAAAAAAAAAAAAAAAAAAQLdhC/YAAAAAAG/nz5+Xw+Fo8Xp9+/ZVWFhYB4yo8zidTp0/f16VlZXKzMyUxdK531f0nPuWnEvDMGQYhiTJZuPXCwBA71FUXKqTp8+rttahAf2SlZbaRzartV22XVFZrcJLlxUVGaGU5IR22SYAAAgOagYAAAAAAICOQUIBAAAAXcof//hHlZeXt3i9xx9/XOnp6R0woo5XXFysN954Q0ePHjWn/ehHP1JiYmKnjuP5559XWVmZ7rjjDk2ZMqVZ63zwwQfKycmRJP34xz9WXFxcRw4RAICgcjideuWNddqx+6D5BSBvKcmJ+tqS+RoxLKNN+zlw6Jj+/MpKRUaE69e/+F6btgUAADofNQMAAAAAAEDHIwANAACALiU9PV3FxcV+08+fPy9Jio2NVXR0tN/88PDwDh9bR6isrNTTTz9tdr2Oj49XVlaWrO3UDaq7OXPmjPbs2aOkpCRNnz492MMBAMB0ubRcv16+QhcK3HVKYnys+vdLlsvl0plzBSoprVBBYbF+/YfXNOHqLD18/2LZbG27nhsu/8BUR1u9YZvKK6s1a8o4pfZN6vT9AwDQ3VEzAAAAAAAAdA4C0AAAAOhSHnrooYDTf/CDH0iS7rjjDo0ZM6Yzh9Sh1qxZI4fDIYvFoqVLlyojo23dnzrb+PHjFR8fL0mKiIhoizjThwAAIABJREFU8/Zyc3O1efNmJScnE4AGAHQpb763SRcKimWxWPT9R5f4dWysrq7VG+9vVM6O/Tqcly+LxRKkkbbNB2u3yjAMjRyWQZgJAIBWoGYAAAAAAADoHASgAQAAgCA6evSoJGn06NHdLvwsSRkZGd1y3AAAtIRL0v4v8yRJD3x1QcDH1UdEhOmBry7UrKnXqKKyWhZLSCePEgDQWidOndPf3l6v4stlrVo/NiZK99+1QEMH92/nkaG7oWYAgJ6NmgEAAADoWrrn18oBAACADuBwOHT69GlVVla2aJ2TJ0+quLi4Vfu8fPmyJDWrq3VxcbHOnDkjl8vVon2Ulpbq+PHjqq2tbfH4ioqKWnxOGlJZWalTp06ppKSkzdtyOp0qKCjQsWPH2mV7AAA05sKFS6qpsUuShg5q/IPqQelpGj1icKPLXCoq0YlT51Rrt7dpXK3ZzoWLRTqZf152h6NN+waAnmTv/txWB5kkqay8Urs++7IdR4TuipoBAHo2agYAAACga6EDNAAAALq1vLw8Pf/885Kkp556Sn369Am43EsvvaQDBw5ozJgxeuCBB3TgwAG9+OKLioqK0hNPPKEXX3xRp0+fNpdPTk7W9OnTNX369IDb27dvnz7++GPl5+eb0ywWi2655RZNmzat0TGfPXtWv/nNb3ymvfbaa3rttdckSZMmTdKSJUskSRUVFXr33Xd1+PBhVVdXm/sZPHiw5s+fr6FDh/ps57333lNOTo4mT56ssWPHas2aNTpz5owkaenSpRo8uPEPVz3Wr1+vjz/+2Cc0PXDgQD3wwANKTEw0p3mfx5/+9Kd+45gwYYKuueYavfXWWz5B5aioKD3wwAPKzMyUJP3hD3/Q8ePHzfmFhYX6wQ9+YL7/yU9+otjYWLlcLq1atUqbN2+WYRjmfIvFohkzZmjhwoWy2fg1BwDQvpKTE2SxWGQYho6dPNuqx7xXVdXotXc/1P4vj6miosqcPjg9TY8+dJsS42M7bDvn/z97dx4e1Xnff/8z+2hDICQQCLFJFmAM2MYLSNgYG4MN8p7YeEm9tYlL0v5ap+2T52mSJr3S5te6dpPYxYmdpY7jmMQ48SJjgzc2YWx2sxgEYpHEIgsQWkbSSKMzzx/DHGbQwmgdjeb9uq5cOnPOfe5zzwhnvpI+8z2Vp/XGyvX64sARM5QlSSMzhumhe29RgtupHz39Utg5//OrP5nb+ddM01/cd0vEzxUAYs30qbnatGVPlz9sGmSxWHTF9Em9vCrEImoGagYAgxs1AwAAADCw0AEaAAAAMW3ChAmy2+0yDEMbNmxod0x9fb127dolwzA0a9YsSTKDvU1NTfrZz36miooKpaSkKCsrS1arVadOndKbb76pzz77rM18e/bs0e9+9zuVl5crLS1Nl112mcaOHSvDMPTGG2/onXfe6XTNfr9fycnJSk5ONvdZrVZzXzBg3NzcrOeee047d+5UU1OT0tPTNWbMGEnSoUOH9MILL4QFsCWpsTHwR839+/frV7/6lY4dOyar1ar09HRZLJHdVnflypV6//33ZRiGRo0aJas18GNDRUWFXnjhhbCxwdfRd0FHqOA69u7dq1//+teqqanRiBEj5Ha7JQW6Qb/44ouqqwt0TBkyZIiSk5PDwsvB1yM5Odlcw/r167V27VoZhiG3260JEyYoNTVVhmFo3bp1+vWvfx3RcwQAoCvsNpum5I2TJL20/F19sHZLl7oh+nytenrZq9q0ZY8aG72anDdO06ZMVILbpSPlJ/X9f/+laus8fTLPmepa/finL2vH7gPyeluUNmyIskZlyGq1qrKqWk//z6s6Wl6plOREpSQnmudZrVZz3/BhQyJ+rgAQi3LGZ+n2W+Z0+/zbb5mjSyaO6cUVIVZRM1AzABjcqBkAAACAgYXWaAAAAIhpVqtV119/vT744AN9+umnKiwslM1mCxuzceNGSVJqaqouueSSsGOGYcjj8ejRRx/VlClTJAXCvK+++qp27dqlFStWaNSoUcrOzpYkHTt2TC+9FOh2tGDBAs2fP9+c6+DBg3rhhRe0du1aFRQUaOjQoe2uOSsrS9///vclSd/5zndkGIYefvhh8/pBv/rVr3T69Gm53W498cQTGj06cPtcr9er3/zmNzp06JCef/55fec739GQIeF/ZKypqVFiYqIeeugh5eTkRBx+lgKh8JkzZ+qee+6R3W6Xz+fThg0btHLlSp0+fVoHDx5Ubm5uxHNlZmbq8ccfV2pqqiTpwIEDevHFF83Q8uLFi/Xggw9Kkj7++GO9++67Sk9PD+sAHXzeK1eulCTdcMMNWrRokXns5MmTevXVV3XFFVdE/DwBAOiKuwvnqqyiUnX1DVrx1sf6U9Fa5U7I0oypuZo6eYIyR7Z/FwpJev43f1bF8SolJSXou99+2Oy42NzSoudefF0lpeX6U9FaPXL/og7n6M48zc0t+vFPXpbX26JhqSn62298VaPOrdMwDK366FN9tH6bZl01VQXXTpMkLf3Hp2UYhv760Ts17dKcHr9uABArCq6drjNn67T+kx1dOu+62Zer4NrpfbQqxCJqBgAY3KgZAAAAgIGDDtAAAACIeQUFBZICweUdO8J/8RzaGXrevHntnj9//vyw8LHdbteDDz6oxMRAR6Pt27ebx7Zt22aOufHGG8Pmyc3NNQO4W7Zs6clTktfr1eHDhyVJ9913nxl+liSXy6WHH35YVqtVPp9P+/fvb3eOpUuXKjc3t0vhZ0kaOnSo7r33XrMbs91u1w033GB2b66srOzSfI899pgZfpakSy65RNOmBf5gevLkyYjnaWpqkmEYkqSpU6eGHcvMzNTf//3f6+qrr+7S2gAAiFTWqAz923e/rjmzppu3ti8pLddrb32sH/znr/Xt7z+nPxWtbdPlsbm5RXv2Bd7Tb7nx2rDbzTsdDj36wGJJ0qYtezq9fnfmOXj4mOrqGyRJ3/qre8wgkxT4ENmt82frqR9+UzYbvyIEAEkqXJDfpSDntEtzVLggvw9XhFhEzQAAgx81AwAAADAwxG0H6KJVxYGvqzeG7c/LyVbhwgLl5WRHY1kAAADohqSkJM2YMUM7d+7UmjVrNHPmTPPY3r171dTUJKvV2mE4dtasWW32Wa1WzZo1Sx999JGOHj1q7j906JAk6fLLL1dTU1Ob80aNGqXt27erqqqqR8+prKxMUiB8fGHYV5ISEhI0depU7dq1S0eOHGnz3DIzMzVixIhuXXv69OnthqbT09NVUVGh6urqiOfKzMxstxN2RkaGpECn6kilpqYqMzNTJ0+e1PLly3Xbbbdp8uTJslr5AywAxKuj5Se1c8/Bdo9NGDda06ZMlCTVexr10fqt7Y5LSU7UvDlXRnQ9p8Ohh766UPfffbO+KDmiXV8c0q69pTpTXSuPp1GrP/5MxZ/t0l8/eqdyJwRua3yk/PyHfS6fdok8nsYL5rTL5XLI623R2dp6DR2S3O61uzPPgUPlkqTsrJHKGpUR0XPsjkhf3976PgBAX7FYLLr/7ptVW+fR0fLOP6w5LjtT9999c5c/cIrooGbofB5qBgDoGmoGAAAAYGCIuwB0SWm5ilYVq6S0vMPjzyxbLinwyc3ChQX9uTwAAAB00w033KCdO3eqsrJSJ06c0KhRoyRJa9askSTl5+fL4XC0e25ycvt/NAyGdI8dOyZJ8vv9OnHihKRAh+fOujyfPn26e0/knGDoOrRzckfrC3aKDjVs2LBuXzstLa3d/cHXz+/3RzxXR+vozlyStHjxYr300ks6ffq0/vd//1eSNGbMGM2aNUtXXXUVYWgAiDMHDx/Tyvc/affYtTOnmmGm2jpPh+NShyR1OURjs1l12ZSJumzKRN1/93zV1Hq0duN2rXz/E3k8jfrpz1/Tf/3rt+RyOXTwUIV53vf+/cVO5z19pqbDMFN35jlw7pzQLo59IdLXt7e/DwDQF+x2mx65f7H+55ev69SZs+2OSU8bqkfuXyy73dbPq0N3UTN0Pg81AwB0HTUDAAAAEH1xFYAuWlXcpuNzp+PPjSUEDQAAMPBlZWWZ3YHXrVun++67T1VVVWYn5euvv75XrmMYhiRp0qRJGj9+fIfjguHk7ookyBtci83W9hfoPQkCd3RuV8PKPV1HeyZNmqQf/OAHWrdunT777DOdPXtWFRUVWrFihd577z19/etfV2ZmZq9eEwAwcE2dPEEW3djusTFZ5++EMHxYqu69o/1xSUkJPV5H6pAk3X7LHI0bk6nnf/Nntfh8OlJ+QpNyx6q1tVVS4D3xYrc8zhje9q4JQd2Zpzvv3d0R6evb198HAOgtSYluPf5QoZ775Qp5GpraPZaU6I7S6tAd1Aydz0PNAADdQ80AAAAARFfcBKBLSsvbhJ8LF+QrL3es8nKyzTGSwjpEE4IGAACIHTfeeKN+//vfa/v27brrrru0fv16SYHQ7NChHf9xsKampt1Oy1VVVZIC4WopcGvD1NRU1dTUKDc3V3Pnzu2DZxEQDFdXV1d3OObUqVNhYwcTn8/X4TGn06n58+dr/vz58nq92rp1q1avXq36+np99NFHeuCBB/pxpQCAaMockabMEe3fuSCUy+XQjdfP7PP1TJ0ywdxuamqWJI3KTDf3Lbp5drfn7s48uRPGqPTwMZ2o7PqdKVp8rRGPjfT17a/vAwD0huFpqXr0gUL94qU31NIS+PnE4bDr0QcKNTyt4zv1YGCiZugcNQMAdB81AwAAABA9cXN/6GeWLTe383Ky9eTSJSpcWGCGn4P7zWMhn4ovWr1RRauK+3W9AAAA6Lrp06fL7XbLMAxt3LhRn332maRAMLozGzZsaLPPMAxt2rRJUnjAeMyYMeY5wQ7MF+osvBup4HUMw9COHTvaHG9oaNDevXslSRMmTGhzPFYlJSVJks6ePSuPx9PmeLCTVZDL5VJ+fr5uu+02SdLnn3/e94sEAMQdw/Drly+/rYrjX3Y6bv+BMnN78iXjJEnZWSPPzWFo8/YvOjy35SL1Q3fmyZ0YqCfKj1Wq/Fhlu+NbW8PrmYQElyRp9xeHOl0PAMSDsWNG6oF7FsjtcsrtcuqBexZo7JiR0V4WBjBqBgCIT9QMAAAAQHTERQD6wvDyk0uXhAWf21O4sKBNCBoAAAADm9Vq1XXXXSdJWrlypQzD0PDhwy8aEF67dq22bdtmPm5ubtZLL72khoYGSdIVV1xhHlu0aJGkQNfol19+WY2Njeax1tZWrVmzRt/97nd18uTJHj0Xp9OpSy+9VJK0YsUKHT582DxWX1+vX/7ylzIMQ263W5MmTerRtQaS0aNHm9tr1qwJC5OfPHlS3/ve97R27dqwILRhGNq9e7ekwOsW9PLLL+vZZ5/VK6+8Yu47cOCAnn32WT377LM6ePBgp2MBAAjatGW3tuzYpx89/ZJ++4f3dPzkKfkueC/6dOte/fw3b0iSJowdJZfLIUkamTFMMy+fLEn67fL3tGtvadjcx0+e0v/9ycvmuR3pzjx5E7OVkpwoSfrZCyt0tPx8fdLc3KIVb32sf/j+c/KFdG4cNXK4JGnrzn06+eWZCF4dABjcpk6eoO/+wyP67j88oqmTB8+HT9E3qBkAIH5RMwAAAAD9zx7tBfSH0PDyk0uXRHxe4cKCsHOLVhWrcGFBr64NAAAAvSs/P1/vv/+++XjevHmdjrdarUpPT9fy5cu1YsUKJSUlqaamxjx+3333md2YJSkjI0OLFy/WO++8oz179uhf/uVflJaWJsMwdPbsWXPcoUOHlJmZ2aPn8rWvfU3Lli1TeXm5nn/+eSUmJspms6murk6SZLfb9a1vfcvsmjwYjBkzRmPHjlVZWZnWrl2r9evXa8yYMVq0aJEqKirk8/n0zjvv6J133tHQoUPldrv15Zdfmt2477vvPnOuAwcOqKmpSdXV1ea+M2fOqLy8XJLCvs/tjQUAIOjSSRM0fWquPt9zUBs/26WNn+2SFLg9u9PhkKehyXwvSk9L1SMPLA47//675+vgoXLV1Hr0P7/6kxLcLg0dmqIz1TXyelskSQlulwzDL6vV0uE6ujqPy+XQ//t3X9MPn/q16uob9OOfvKwEt0tWm1Uez/kPcR0tP6mcCVmSpLsWXa+nnvu9vN4W/eA/fqX0tFRNHJ+lxx5c3O6aACAeOB2OaC8BMYKagZoBQHyjZgAAAAD616APQJeUlpvbeTnZF+38fKHCBfl0fwYAABgArFar+UfCziQlJWnSpEnav3+/7Ha7Zs6c2el4u92upUuX6g9/+IMOHDhghmLHjRunWbNmtXv+3LlzlZOTo9dff10nTpzQmTNnzDVmZWXptttu0/jx47v0/Gw2W7v7vvGNb+i9997Tvn37dOrUKUlSYmKiLrnkEs2bN08jRozo0nV6g9XaezeSaW+uxx57TH/+85+1c+dOGYahsrIy1dXV6frrr9fo0aP19ttvq7KyMixwnpKSoltuuUVTp05tM5/FYml3u73XPPQ4AABBQ1OTtfSxu3TwcIWKVm3UsRNVqqtvkNfbIq+3RVarVaMy0zVtykTdcet1stnC39+SkxL0b9/9ht5cuV4bN++Wx9OoxpNeSVJKcqJmX32ZChfkdxpk6u48acOG6P/7u7/Qux9u0hclR1RT65EUeA/OnZClJXfP1+jMdHN8zoQs/fWjd+l3r61SXX2DTp2paXPLewAA0D5qBmoGAAAAAADQfyx+v98f7UX0paJVxWaAOS8nu0sdoKVAgPqZZcu7fT4AAAPR0SPHzJBfT7+GbYfuUwTjO9mO5HFH+y52rDcCjj2ZIyFxcH4GrbIq0Dl3ZMawqK7D7/frhz/8oRoaGnTDDTdo0aJF7Y7bvn27Xn31VTmdTv3oRz8y9585c0apqanthmM7Ul9fL8MwNGTIkB6vvzNer1ctLS1KTk7u0+sMFH6/X/X19WpubtbQoUPbfE88Ho+8Xq9SUlLkoLsKgDgwUN5re6qyKvABlpEZQ6O8kp4xDENVp2vksNuUNqxrNUBzS4vq6xuVkpIoh737tWF35vF4GtVqGBqScvE7SHi9Lar3NMjpdCglObHb6wSA7qqta4j2EgakISmd/3/yYHmvHSzPg5oBAPoeNUP74qVmAAAA6InGBl+0lxDnehZfHpzpmw50tftzd88BAABA9OzZs0cNDYFfeF933XVdPj8tLa3L5/RXINnlcsnlcvXLtQYCi8WilJSUDo8nJSUpKenif4gFAKAvWK3WbofRnQ6H0ob1/MM73ZknKSkh4rEul0MuV2pXlwUAAEJQMwAAAAAAAPSNuApAQ3rvw01q8jZr6JBk3TDnyq6f/9GnamryaviwVF03e0YfrDDcZ9u+0PGTVZKka668NOz2ar2t6vRZ7T9YppOVp9XkbdZXb79RLhedBAEAiDUffvihJGnq1KmdhmcBAAAAAAAAAAAAAAAQmwhAX0RJaXm0l9Cr3ln9iVp8gbbtE8aN1rjszIjP/XxPqd54Z50kKXNEWr8EoDd+tkv7DhyVJLndrj4JQB8/eUovvPSmTn55Jmz//LlXK3NE1ztAAgCA6Dl27JiOHTsmSbrxxhujvBoAAAAAAAAAAAAAAAD0BWu0F9DX8nLHmttFqzd2+fyiVcW9uZwBZfmfPoh4rF/SH9/4sO8WEyVna+r1o6dfahN+TkpKkO9cUBwAAMSOlJQUPfTQQ3r44YeVnZ3d6diJEyfqoYce0oMPPthPqwMAAAAAAAAAAAAAAEBvGPQdoPNywoMvRauKVbiwIKJzS0rLwzpAR3perDhcdkL7D5ZpUkhIvCNbtu/TqTM1/bCq/vXKitUyDEOSlJKcqG88fIcmjs+S1WqJ8soAAEB3DBkyRNOnT49obGpqasRjAQAAAAAAAAAAAAAAMHAM+g7QklS4IN/cLlq9MeKuzqHj8nKy24SpB4Plf754V2e/368Vb33UD6vpf/tKjprbty0sUO7EMYSfAQAAAAAAAAAAAAAAAAAABrD4CEAvLAgLL18sBF1SWq5nli0f1N2fg06cPKWduw92Oqb4s12qqfX004r6j6ehSS0+n/n4iul5UVwNAAAAAAAAACCUhV4VbfCaAADQFu+PbfGaAAAAIB7Yo72A/vLk0iV64ttPmY+LVm9USWl5oLNz7lhJUsnBMvNYqMIF+YOy+3PQH974UNMvy1V7PwO1thp6/a01HZ5rGIZeff0D+eWXJM2fe7UyR6S1O9Yv6Y9//lAtPp8ssuiuwuuVmODu9rrf+3CTTlSekSTdOn+WnA67Nm7erX0HjupE5WklJriVPXqE7rh1jkaGrOm9jz7ViZOnVe9pCJtvRcjzvObKKZo6eYL5uLKqWh9v2KZ9JUdUU+uR1WbVsNRkzZiaq7kFV2hISlK3nwcAAAAAAAAAoC2LxSK/3x/tZQwoFtJMAAC0Qc3QFjUDAAAA4kHcBKClQAj6mWXLzcclpeWBLs8XBJ5DFS7I77T7czBEHWscdrtGZQ5XWUWlzlTX6rOte3XtzEvbjFtbvF2NTV5J0jVXXqrPtu0NO261WlV+rFJHyk9Kkny+Vj1y/6J2r7l7b6k+3rBNkpTgdun+e27u0XPYsmOfKo5XSZImjM3Un1euk9fbYh73eBpVdapa2z7fr2/+5T2aNmWiJGnrjv0qP1bZZr5Pt+4xt11OhxmA3ldyVD/5xR/bjPd4GlVxvEqrP96sf/72wx0GvwEAAAAAAAAAXWe1WGWoNdrLGFCslri4sScAAF1CzdAWNQMAAADiQdwEoItWFbfp7NyZwgX5yssdGxZuLlpVHPjawTx5OdkqXFgQE4HoVsPQA/fcrP/7099Jkla89bGuvmKKrNbznwRt8fn05nvrJQWCznfcOqdNAFqSbp0/W8//5s+SpM+2faH7775ZLpejzbj312w2t2++4eqwa/XU8j9/KOl8sLvieJUMwzCP/3b5u/qPf1kqq9Wi4WlDdLamTj5fqxnulqSU5ERzO3VIoKNz6eFj+tmLK8z9DrtdY0ZnyNdq6NiJwDVafD79+Ce/1ff/4VENT0vttecEAAAAAAAAAPHMarNKrYSZQllthJkAALgQNUNb1AwAAACIB4M+AH2x4HNoWDm4fWHwOZJ5pEA36GeWLY+ZIPT4saM0dfIE7dl3WHX1DVr/yQ7NLbjCPP7Bms1mR+UF865WclJiu/NMvyxXSUkJ8ngaZRiGPtm8SzfMuTJszJnq2kC37XNumHPFhdP02OyrL9MDX7lZDrtdvtZWfbJ5t155bbUkqa6+QYeOHFPuxDF64pE7JUnHT57Svz71G0mBYPNTP/xm2HxNTc16etlyM0g9+ZJxeuLRO+V2OSVJZ2vq9d/PL1dlVbW83hb913Ov6sfff6LXnxcAAAAAAAAAxCO7zarmaC9igLETZgIAoA1qhraoGQAAABAPBnUA+plly8NCt0HtdXfuSHvB57yc7LCwdMnBMpWUlpvXCgahCxfkq3BhQS88k76z5K75+t6PX5Qk/emdtSq4drrsdpuavM1a+f4mSYFw8K03zZZf/nbnsEhaOO8a/alorSRp9ZrNbQLQH67bam7PumqqEhPcvfo8MtKH6S/uu0UWS6CrtN1m03WzZuiDNZtVWVUtSfryVLVyJ46JeM7NO74ww88Ou11//ehdYZ2th6Ym61t/+RXz9auuqVPpkWPKGZ/VW08LAAAAAAAAAOKWzWaL9hIGHF4TAADa4v2xLV4TAAAAxINBGYAOBpAv1NVAcklpeVj4uaPzQ4PUoYHp4NeBHILOSB+q2Vdfpk8275bX26IP1m3RLTdeq/c+3KQWn0+SdNstBXK5HGrydvy52etnX643Vq6XYRg6U12rQ0eOa+L40ZIkX2ur1m3cYY695cZre/15zL5qqhl+DjVqZLoZgK4+W9elOfcdKDO3r73q0rDwc1BG+lBNGDtKh8tOSJL2HygjAA0AAAAAAAAAvcBikRx2m1p83NJeCrwW7fwaHACAuEfNEI6aAQAAAPFi0N33pL3wc+GCfP386X/scvg5dJ72ws/PLFuuJ779lIpWFZ8ft7BATy5dYoaii1ZvDDs+EN21+HpZrYF/Cu+s2qgz1bVa/fFmSVKC26Ubr58ZGNh+A2hJktvt1KyrppqPP1i7xdzesn2fGaaeOH60MkcO7+VnEOgA3R6Xy2luB7s5R+rMmRpze2RGWofjRo44f6yrIWsAAAAAAAAAQMccjkHZx6VbeC0AAOgY75Pn8VoAAAAgXgyqAHRH4efudGAODS0/uXRJmzmKVhWrpLQ8sL16o7ktBTpCP7l0yfmxIV2kB6IhKUmaP/cqSVKLz6fv/vuLZlj4nttukD3C2+MsnHeNub3t8/1qaGySJL2/ZrO5f9H82b217DA2W+//U/a1ng9MOzv5IdHpON8Z2tfKp4oBAAAAAAAAoLfY7bY++f1vrLHZrLLbuZU9AAAdoWYIoGYAAABAPBlUPwFc2Gm5veByJEpKy81Ac15OttnNOVRe7tjwx+2MKVyQ3+HaBppFN8+Wwx4I+QbDz6lDklRw7TRzjN/fSQtoBToh50zIMh+v/2SnKo5X6diJKnO+qVMm9vbS+8zQ1GRz+3R1bYfjTlef7xQdeg4AAPGHe+oBAND3eL8FAMQfl9Nx8UGDHK8BAAAXx/slrwEAAADiy6AJQId2ZJYC4ef2QsmRzhU6T3vycrJVuCBfTy5d0uGYwoUFZgh6oHeBdrucuv3WOWH77r3zJlksXfvD6q03zTK3P1q/Naz78y03zYqpP9OOy840t7fvOtDumObmFpUcPP/vLjtrZJ+vCwCAgSpYNlzsQ1MAAKDrgu+vXfwxfUAK/q6BmgEAECm73RbXt3J3OOwRd3I8XzPEftFAzQAA6CpqhvisGQAAABC/Bk8AOiRgXLggv9vh5wu7P3emcGFBhx2iQ8eYaxzgXaDnXXelhqWmyGq1KjtrpGbOmBR23K+L/5Jx6pSJSh0lYoWLAAAgAElEQVSSJEmqqfXo0617JElWq1UF10zr7NQBZ/ZVU83tqlPVWlO8Pey4X9LrRWvV4vNJCjzH6VNz+nOJAAAMKFZroLQ0DP4wCQBAbwu+vwbfb2OZ1Rr44yo1AwCgK9wuh/keEk+sVovcrsg7OZ6vGWL/taJmAAB0BzVDZAZTzQAAAID4NSg+/hgaLM7LyQ4LHfdER/OUlJaHdZyOtNt0aIfqgchus+nH33+iR3NYJC2Yd61ee/OjsP1z8y+XM8ZutzM8LVV3F87Vn4rWSpKW/+kD7dpbqkvzxqultVXbdu5XWUWlOf4bD98huy2yT9QCADAY2WxWtba2ytfaKpst9sNZAAAMJL7WVkkaFO+xgZrBoGYAAHSJxWKR2+1UQ4M32kvpV263s0udGakZAADxjpohMoOpZgAAAED8GhTVbFj35x6Gn0sOlnV+/ILws3Txzs7d7UY90ER6l7k5105v05Fqwbxr+mBFfW/BvGt06/xZ5uM9+w7rtbc+1hvvrAsLPz/2YKFmXJYbjSUCADBgOM59EMjna43ySgAAGHyC76+OQfDB2+DteKkZAABdZbfZlOB2RnsZ/SbB7exy043g+2vw/TaWUTMAALqLmuHiBlPNAAAAgPgV8wHo0CByXk52r4aN25srLydbTy5doieXLunyPAOhA3TwBxhbN26ZG/rpz85+EHK5HJqSN858PHXyBA0bmtLl6114zc44+vAHsztuvU4P3HOz0oYNaXNszOgM/fWjd+maK6f02fUBAIgVDkfg5iLNzb4orwQAgMEn+P4afL+NZU47NQMAoPscDntcBJoS3M5uve8H31+D77exjJoBANAT1AydG0w1AwAAAOJXzFezod2Xe9r9ua8MhOBz0H//2992+1y3y6mfP/2PFx3n9bboi5Kj5uPQDspd9Td/9ZUOj333249c9PxHH1ikRx9Y1O6x0ZnpET0fSbo+/3Jdn3+5vN4W1dZ7JL80dGiyHPxACACAyem0S7KouaVFhmG0uSMEAADoHsMw1NzSIsly7v02tgWfQ3OLT62G0a0PaQMA4pvDYZfFalFTU7MMI8JbF8YIq9Uidze6OEpSq2GoueVcmImaAQAAaoYODLaaAQAAAPGL3xZ1IjRc3ZlIu073ZnfqgWz9pp0yDEOSlJE+TLkTxkR5Rb3H5XIoY/hQZaQPJfwMAMAFLBaL3C6HJKmxqTnKqwEAYPAIvq+6XQ5ZLJYor6bnQmuGJmoGAEA32W02JSW6B8XdEYIcDruSEt3dCjJJ599XqRkAADiPmqGtwVYzAAAAIH7FfAA6tLtyfwaMSw6WRTautHxAdYDua36/X+9+uMl8vKgH3Z8BAEDscZ+7pWBjozfKKwEAYPAIvq+6B9Gte8/XDISZAADdZ7FYlOB2KjHBJZstdv/cYbNZlZjgUoLb2aMQUvB9lZoBAIBw1AzhBmPNAAAAgPgUu9V9OyLt2NyZwoUF5nZvB5dD5x6sduw+II+nUVKgW/I1V14a5RUBAID+5HI65HTY1WoY8jQ0RXs5AADEPE9Dk1oNQ06HXS6nI9rL6TUup0MOs2bgg1MAgJ6x2wOdHRMTXHLYu9cJMRocdpsSE1yBDo49XLenwatWw5CDmgEAgA5RMwzemgEAAADxKebv81K4IF9FqzdKkopWbzS3u9MNOi8nW4ULC8w5S0rLVbSq+KLB5c6C0qGh7P7sUB0tn27dK9e5W9LdctOsmP4ELQAA6J7ERLeaa+rl8TTJ7XJSDwAA0E2trYY8nsAHihIT3VFeTe9LSnTpbI1P9Z5GuV0OagYAQI/Z7TbZ7Ta5/VJra6t8rYaMVkOG35Df75ffH511WSyBzpNWi1VWm1V2m1U2m029dcf51lZD9ecakyQlunpn0gGEmgEA0NuoGQZnzQAAAID4E/sB6IUFZug5VHe6N5eUlqtwYYHycsdKIaHqvNyxbcLLoWNKSsv1xLef0pNLl4SNK1pVbK6jcEF+l9cTi5545M5oLwEAAESZy+lQgtulxiav6uobNDQ1OdpLAgAgJtXVN8gvvxLcrkHZlcnldMjtdqqpqVm19Y0alpoU7SUBAAYJi+V8sCke1NYHgkxut5OaAQCALqBmAAAAAGKb7Qc/+MEPor2InsrLHavTZ2p0urq2Z/PkZGv21ZdpeFqqpPMh6tNnajT76svCxgbHBLtGP7zkVnOfFAg/h3ajfvj+RT1aGwAAvanmbJ0s51oG9PRr2HboPkUwvpPtSB53tO9ixzo7J1I9mcPhGPydihxOu7xNLWrx+eT3i1+mAgDQRXX1jWryNstmtSk1NalX6peByOm0y+ttkc/XKr/fT80AAEAXmTWDzaqh1AwAAKAD8VIzAAAAdJWvxYj2EtADFr8/WjdwGfieWbY8rJP0hR2eOxIafu7KeQAA9JejR44RgO6hnsyRkBjzN+GISHOzT9U1dZKk5MQEJSW5o7wiAABig8fTpPqGQFemYakpcjoHd+3Q3OJT9dl6SVJSolvJ1AwAAESk3tMkT0OTJGnY0GQ5HdQMAACgrXirGQAAALqiscEX7SXEuZ7FlwlAX8SFIehgx+fgdlBJablKDpaFBZ8lqXBBvjkeAICBggA0Aej+0uRtVk2tR5KUmOBWSnJClFcEAMDAVlffqIbGwB8lU4ckye1yRnlF/SNQMzRIkhITXNQMAABcRKBm8EqSUockUjMAAIB2xWvNAAAAECkC0NFGALrPXRiCjhThZwDAQEUAmgB0fwoNQbucDqUkJ8pms0Z5VQAADCytrYbq6hvkbW6RFF/h56DQQJPT6dCQ5ARqBgAALtDaaqi2vlHNZs0Qf0EmagYAAC6OmgEAACAyBKCjjQB0vygpLVfRquKIgtAEnwEAAx0BaALQ/a252afauga1Gq2yyKKkJLeSErlVLQAAkuRpaJLH0yS//LJZbRqSkiinM/7qBSlwa/vauga1thqSpOSkBCUluqK8KgAABgZPg1f1nkZJks1mDdQMcXoLe2oGAAA6Rs0AAAAQOQLQ0UYAul+VlJar5GCZGYQuKS1XXk628nKyJYngMwAgJhCAJgAdDYbfr/r6RjU2BW63Z7NalZDgUoLbKauVTk0AgPhiGIYam5rV2OhVqxEI7iS4XUpOTpC1F2qVWGb4/aqrb1RTU7OkYM3glNvtlI2aAQAQZ1oNQ01NzWpsbDZrBrfbqRRqBmoGAABCUDMAAAB0DwHoaCMADQAAuogANAHoaPI2t6ihoUnNLed/kHA6HHI67bLbbbLbbLJaLb3yfQIAYCDw+/0yDL98ra3y+VrV3OxTc0uLedzpsCsx0S2X0xHFVQ483uYWeRq8agmrGezUDACAQav9muH8+6DDYVdSooua4QLUDACAeEPNAAAA0HsIQEdbz+LL8Z2+AQAAQL9zOR1yOR3yNreoqalZTd4WNbe0hAXBAAAY/Cxyuxxyu538QbID7dcM4X/UBQAgHlAzdI6aAQCAAGoGAAAAxBsC0AAAAIiK4B8oh/j9am72qaXFp5bWVrW2GjIMQ4H7lHCzEgBArLPIYpGsVqtsNqscNpsc5zoS0oUwMhfWDM0+n3y+YM3gFzc3AwAMFhaLRVarRTabVXa7TU47NUNXUDMAAOIFNQMAAAAQQAAaAAAAUWWxWORyOeRy0ZUCAAB0jJoBAABEgpoBAAAAAAAgPlijvQAAAAAAAAAAAAAAAAAAAAAAiBQBaAAAAAAAAAAAAAAAAAAAAAAxgwA0AAAAAAAAAAAAAAAAAAAAgJhBABoAAAAAAAAAAAAAAAAAAABAzCAADQAAAAAAAAAAAAAAAAAAACBmEIAGAAAAAAAAAAAAAAAAAAAAEDMIQAMAAAAAAAAAAAAAAAAAAACIGQSgAQAAAAAAAAAAAAAAAAAAAMQMAtAAAAAAAAAAAAAAAAAAAAAAYgYBaAAAAAAAAAAAAAAAAAAAAAAxgwA0AAAAAAAAAAAAAAAAAAAAgJhBABoAAAAAAAAAAAAAAAAAAABAzCAADQAAAAAAAAAAAAAAAAAAACBmEIAGAAAAAAAAAAAAAAAAAAAAEDMIQAMAAAAAAAAAAAAAAAAAAACIGQSgAQAAAAAAAAAAAAAAAAAAAMQMAtAAAAAAAAAAAAAAAAAAAAAAYgYBaAAAAAAAAAAAAAAAAAAAAAAxgwA0AAAAAAAAAAAAAAAAAAAAgJhBABoAAAAAAAAAAAAAAAAAAABAzCAADQAAAAAAAAAAAAAAAAAAACBmEIAGAAAAAAAAAAAAAAAAAAAAEDMIQAMAAAAAAAAAAAAAAAAAAACIGQSgAQAAAAAAAAAAAAAAAAAAAMQMAtAAAAAAAAAAAAAAAAAAAAAAYgYBaAAAAAAAAAAAAAAAAAAAAAAxgwA0AAAAAAAAAAAAAAAAAAAAgJhBABoAAAAAAAAAAAAAAAAAAABAzCAADQAAAAAAAAAAAAAAAAAAACBm2KO9gIGgpLRcJQfLVFJabj6WpLycbHNM4cKCsMcAAAAAAAAAAAAAAAAAAAAA+p/F7/f7o72IaClaVayi1RsjHp+Xk00QGgAwKBw9ckwWi0WSevw1bDt0nyIY38l2JI872nexY52dE6mezJGQyGfQAAAAAAAAAAAAAAAAoqmxwRftJcS5nsWX4zIAHez43F74OS8nW3k52WYX6OD4C8cQhAYAxDIC0ASgAQAAAAAAAAAAAAAA4hkB6GgjAN0l7XV9LlyQr7zcsR0GmjsKTD+5dAkhaABATCIATQAaAAAAAAAAAAAAAAAgnhGAjjYC0BErKS3XM8uWm48LF+SrcGFBl+a4MEDdnTkAAIg2AtAEoAEAAAAAAAAAAAAAAOIZAeho61l8OW7SN5GEn4tWFZtjJSkvJ7tNZ+jgOcEQdNHqjZ12jwYAAAAAAAAAAAAAAAAAAADQe+KmA/Qzy5abweaOws+hnZ1D5eVk68mlSzod//On/7GXVwwAQN+hAzQdoAEAAAAAAAAAAAAAAOIZHaCjrWfxZWsvrWJAK1pV3Gn4+Zlly8PCzHk52WEdnS/sHi0FOkEXLsgPuwYAAAAAAAAAAAAAAAAAAACAvhUX7QdDw83tdX6+WDi6pLRcJaXlKlpVHHa8cGGBOXfR6o1tzgUAAAAAAAAAAAAAAAAAAADQuwZ9B+hguFmSnly6pM3xYIA5Lye73QDzk0uXmN2gQ4PUQXSBBgAAAAAAAAAAAAAAAAAAAPrPoA9Ah4aSg0HmoNBwdGfdm0PPCz3nYucBAAAAAAAAAAAAAAAAAAAA6F32aC+grwUDyxeGn7siL3esdK77c8nBsjZz5eVkq6S0XEWrNw74QPTK9z9Rc0tLh8dTkpM0JCVRI9KHKTtrhKzWgZGRb25p0aEjx1V6+Jjq6hs0cXyWrrlySrSXBQAAAAAAAAAAAAAAAAAAgH426APQQRcLQLcXbG53ntyx7c59YWfogapo9UYZhhHR2JTkRD3wlZt1xbS8Pl5VxwzDr/c+3KS33tsQtv/0mRoC0AAAAAAAAAAAAAAAAAAAAHFoYLT3jZJIu0IXrSru8jmDQV19g37xv2/qw3Vbo7aGP7zxYZvws8NuV0KCO0orAgAAAAAAAAAAAAAAAAAAQDQN6g7QkXRlLlyQr6LVG1W0emPg8cKCsONFq4rNeSIJP5eUlsdMSPrvvnGvskZnmI/9fr9q6zwqq6jU2+8Vq7qmTpL02psf6bIpEzUyY1i/ru9E5WmtLd5uPr5p7lVaNH+2khIJPwMAAAAAAAAAAAAAAAAAAMSrQR2AjiSIXLiwwAw/F63eGBZ2Du4PPn5y6ZJ25wgNWsdK+FmSEhPdSklODNs3JCVJY0aP0FVXTNY//+gF1dU3SJK2fb5ft940q1/Xt2ffYXM7we3SV2+f16/XBwAAAAAAAAAAAAAAAAAAwMBjjfYC+ktn3aBDQ8slpeUqKS0PCz9fOCYeOB0OzZ97lfm4vOLLfl/D8ZOnzO0rpuf1+/UBAAAAAAAAAAAAAAAAAAAw8AzqDtBSILgcDDW3p2hVcafhaHPcuUB04cKCNsdCu0YPJmnDhpjbVafPtjledeqs3l+zWfsPHtXZ2nolJSZo7JiRmjljsq6+YnKb8Tt2H9D2zw9IkubMmq6c8aP1+d5Srdu4Q0crKjVuzEjdd9d8rXz/E0nS7n2HzHNLD1foN79fKUlyOu26/+6bZbVazOMlpeVas2GbyioqVVPrUWKiS8PTUjX76st07cxL5XQ42qwnOF9Sokv33nmTTp+p0YZPP9eWHftVW1evv/36V5UzPsscJ0mPPrBIu/aWasuO/dp34IisFqsunTxeM2dM1qWTxkuSKr88o8+2f6E9XxxS1ZkaDUtN1pS88br91jly2Nv/T67ieJU+2bJbx45X6UTlKTU3+5Q2bIiys0Zo8YJ8ZQwf2uH6g+s6dOS4tuz4Ql8cKFNtnUfDUpOVOzFbd956ndxuZ7vXlaTyY1/q4w3bVHq4Qmdr65Xodmv0qHTljM/SjdfNbPfcktJyfbRuq8qOVcrT0Ki0YakaN2ak5s25UuOyMzu8FgAAAAAAAAAAAAAAAAAAQE/FTQBaCoSdQwPMRauKwzo9Fy7ID3xdWBB2jrndTgg6NDzdXjg6lp2oPG1uDw8JQ0vS/oNl+u/n/xC2z+tt0ZnqWu3YdUBbd+zTYw8ultN5Pnh86Mhxfbp1jyQpJTlBv/3De6o6VW0eP/nlGZ2tqTPHhKqsqlZl1fmxX7ltnlyuwNxvryrWOxd07K6p9amm1qNDR47ro/Xb9J2/fcgcHxR6nQnjRutXvysKO362pr7NuLFZI/TaWx+HjSv+dJeKP92lv3viXiUlJujHP3lZhmGYxz2eRlUcr9LWnfv1w+88HhaCPn7ylH732iodOnK8zXM+dqJKx05UadOWPfqrv7hdM2dM6nD9l0/L1S/+982w48Hrfrplj77/T49qWGpKm2ts2PS5fvfaqrB9Xm+LqmvqtGffYb37wSZ97b6FuubKS83jK9//RG+9tyHsnBMnT+nEyVPatGWP7rh1jm6dP7vNtQAAg09lVdsPSAEAAAAAAAAAAAAAgMFtZEbbhp5Af7NGewF9raOwcklpuRlozsvJVuGCfBUuLDDH5+VkKy8nW08uXaInly4xuzsXrd6oolXF5jyh24OpA3RNrUfvf7zZfDzpkrHmdllFpX76i9fMx9lZgc6/BddOM8O9O3Yf0JvvhodkQ32wdktY+DkpKUGZI9LkdNiVkpyolOREWa3n/3k67Of3pyQnynKu+fP7azaHhZ8T3C7l5WQrI32Yue/EyVN6etmr8vlaO1xPaPjZarUqPS01LLwdFAw/Z6QPU0pyYtixn72wQv/5s1dkGIYcdrvGjM4IO36mulZrNmwP29fQ2BQWfk5JTlReTramTp4QFpT+7R/eldfb0uH6g+HnpKQEZWeNDDvW2OTV62+taXPOZ9v2hoWfrVarxo4ZqfHZmea1W3w+7dxTao5Zt3FHWPh52pSJmj/3Kl05Pc/c9+a7G7Rn3+EO1woAAAAAAAAAAAAAAAAAANATg74DtBTo7Fy0emMg9HyuC3RocLlwYUGn4eW8nGwVLizQM8uWSwqEoINzBEPVsRh+PnCoQo1N3rB9Z2vqVVZRqY83bDO7GDvsdrP7sNfboqee/b157LaFBVp8rnO2JN1x63X64VO/kcfTqA/XbdH8uVdp2NC2nYeD8z7wlZt1xbQ8ud1Oc/9TP/ymJOnZF1eYQdq7b5ureXOuDDt//8Eyvf72+WDv4ptnq/CWOTqXjdbBQxX66S9eU4vPp7KKSr2yYrUeXnJrh6/H1MkTdM9tN2hUZro5x4WsVqv+zze+qkm5gUD43v1H9LMXAmFwwzBkGIamXZqjrz98uxx2u+rqG/TLl9/W/oNlkqTiTz/XzTdcbc6XO2GMskZlKGtUuhbfnK+RI9LMY01Nzfrnf39BHk+jvN4W7dh9QNfOvFQdefCrC3TdrBmSAt2fV7y9Rp9s3i1J2rJjnx7/2m3m8zpaflK/fuWdsOf+V1+73fw++P1+rS3erj+++bFuufFaSVLpkWP6/evvm+eEfjBAkg4ertB/PfeqJOmVFav1b9/9RoevIwBgcOATnQAAAAAAAAAAAAAAAIiG+AhALywwuz0Xrd6ovNyxZnD5whBnR4JdooPzPLNseVhH6dBO07HitTc/imjcX37tNg1JSZIkbft8v1p8PkmBLsiLQsLPkjQkJUl3L56rl//4niRp9xeHdN3sGe3O+09/+0CbbsVd8fGGbeb2xPGjddstc8KO504co/vuusnscvzp1r168CsLZLfb2sw1+ZJx+pu/+spFr7nwxmvM8LMkXTppvCbljjUDzg67XY8/VGh2UE5JTtRttxRo/3OB49U1dW3m/N4/PNLutdxup+ZcO12rPvpUklRZdabDdV0/+3Iz/CwFOkEvuWu+GYCWpLM1dRqWGgijf7R+W9jYbz5+d1jHbYvFohvmXKk5s2aYr9eakNf7utkz2vx3kzthjGZePllbd+zTmepanTp9VhnDCcYBAAAAAAAAAAAAAAAAAIDeZb34kMGhMCSoG+zkLHWtc3NoyDks/LwgPyY7QF/MpNyx+uH/87hmXJZr7gt2ZA4cz1ZDQ5M8F/xvzOgMc8zJL9sP7WZnjexR+FkKdLAOmj/36nbH5F9zmbltGIYqjn/Z7rhFN8+O6JqXX3ZJm30j0oeZ2zkTsuR2OcOOZww/f9zrbYnoOoZhqMnbrOSkBHPfqdM1HY6fffXUNvtcLodcLof5uLr6fPh67/7z38dbbrw2LPwcKjQsvrfkqLk9+ZJxbb7vnoYmjc/ONMd8WVXd4XoBAAAAAAAAAAAAAAAAAAC6Ky46QEvnw8vBDs5S18LP5jwhXaCDj2Ox+7Mk3X7LHGWkh3fodTjsGpE+TBnpQ80uxqHOnK01tzds+lwbNn3e6TVOfnm63f2jM9O7seJwHk+juR0aQg5ltVqVOiRJNbUeSYEOzOM1qs24zBFpEV1zeFpqm33OkJBx+vC2x11OR9hjvyRLyON6T6PeX7NZe/cf0anTZ9XY5G332q2G0eG6Mjp4/m6X0wxdG/7z59fVN5jbkX4vQl/vF3/71kXHf3mqWlM1IaK5AQAAAAAAAAAAAAAAAAAAIhU3AWipbQi6pLRczyxbrsKFBRGFoYtWFQ+a8LMkXTZlosaO6VoXZqP1fIjWarUqNSWp0/EdBXMdDlu7+yPlv+DxhSHjsGuFBLl9vtaLjumMrYNOyeZxW9eeV8XxL/UfP31FLT5f2P6kpAQ57XbV1HlkdBJ8jnRdobry2nV0ToLb1abT9YVCu1cDAAAAAAAAAAAAAAAAAAD0lrgKQEsdh6DzcrID/8sda44tOVhmbocGn6XYDz9316jMdB0pPylJmj/3Kt1dODcq67BIcrkcZnfj09U1bbpZBwW7P0vS0NSU/lhexNYW7zDDz5kj0nTvnTdpyqTxZofo99ds1utvr+nVa1742lWdPqvciWMuek5oJ+0nHr1Tk0L+WwEAAAAAAAAAAAAAAAAAAOgvcReAlgIh6LzcsSpaVayS0nJJgSB0SWm5dEHQuc25cRp8DsoalWFu79x9QHcVzjXDuv1t9Mh0HS47IUnatrNEky8Z12bM4aPHw7orjxo5vN/WF4ktO/aZ2/feeZMunTQ+7HgwbN7bRmakqayiUpL0yebdmn31ZRc9J2tUhhmA3v55CQFoAAAAAAAAAAAAAAAAAAAQFdZoLyBa8nKy9eTSJXpy6RKz+3NnChfk68mlS+I6/CxJM6bmmtuVVdVa9dGn7Y7b9nmJXlr+bp+upWDWdHN73Sc7VH6sMuy419uiV1asNh9PHD9ayUkJfbqmrnI6z38G4ci5MHfQsRNV2hoSkO5N182aYW6XlJar+NNdbcac/PKMfvLzP6q2LhB6vuryyeaxNcXbdejI8Tbn+Fpb9e4Hn+jDdVv7YNUAAAAAAAAAAAAAAAAAAABx2gE6VDAIHWR2hD5YprzcsRcNRsebjPShunX+LL37wSZJ0hvvrNPOXQd05YxJSk5K0InK09qz77COnaiSJN10/UyNGT2iT9aSf/U0bdu5X3v3H5Ek/dszv9WcWdOVPXqEztbWa8Omz1VX3yBJcrkcevSBxX2yjp6YMfUSrftkhySpaPVG1dZ5NDlvnE5Untbb7xX32XULrp2mLTv2af/BMknSy398T59s2a1L88bLYpEOHT2hXXtLJUkfb9imO269TvnXTNO6jTvMrtT/+ewruvqKycqdMEZWm1UVx6u0Zcc+eTyNctjtmltwuew2W589BwAAAAAAAAAAAAAAAAAAEJ8GbQC6pLRcRauKlZeT3aWuzXk52SpaVWxud0XwvMHeJbpwQYFOnDytHbsPSJIOl53Q4Qu6F0uS1WrV2Zr6PgtAW60WffPxe/T0slfNbsQbNn3eZpzDbtd3/s/XlDF8aJ+soycW3niNtu8qUV19gwzD0Jri7VpTvN08PnH86HY7LfeU1WrV33z9K3r6uVfN793BQxU6eKiizdj6+kZz++sP36H//vkfVXWqWpK0efs+bd7etku12+1UXX2DhqWm9PraAQAAAAAAAAAAAAAAAABAfBu8AeiDZSopLVdJaXmXOjkXrSpW0eqN5uNIw8yh55WUlod1lR5IbFarDMPo2Rw2q5549E7t2XdYK95eo8ovz4TNmZKcqCtnTNLtCwuUlJTQ7hwOe+/807PZrPq7J+7VW+9u0PpNO+X1toQdnzZlou4qnKtRI4d3Oo/Vao3oepGOi9TwtFT94J8e069//45KDparxeeTJA1LTdFNc69SclJCRAHo7qzLbrPp75fe1+5rZ7VaNTZrhO65fZ4umTjG3J82bIj+9TuP64O1W/Txhm06U10bNmd6WqrmzblS8667stdfKwAAAAAAAAAAAAAAAAAAAEmy+P1+f7QX0Ree+PZT5nZeTnbEgeTQ8yTp50//Y0TnXVQazjkAACAASURBVBicfnLpki53kI5lNbUeeRoaNSJjmOw2W9TWUe9pVL2nUU6HXUNTU2S1WqK2lu6oOn1WbpdTKcmJ/X5tz7nXLiHBpSEpSRGd4/f7depMjSQpffhQxdarDcS3o0eOyWIJ/Ffb069h26H7FMH4TrYjedzRvosd6+ycSPVkjoTEQfsZNAAAAAAAAAAAAAAAgJjQ2OCL9hLiXM/iy4OyRWvRquKwx8FO0F09r6N97Y0JDT9Het5gkjokSaMz06Mafpak5KQEZY5IU9qwITEXfpakjOFDoxJ+lqSkpASNHJEWcfhZCoT/MoYPVQbhZwAAAAAAAAAAAAAAAAAA0E8GRQfoYLi55GBZWNg5Lyc7LPhcuCD//PbCgg7Pu/Dc0PPycseev+6580LXEHpeXk622QU6L3dsXHWEBgAMbHSApgM0AAAAAADA/8/encdXWd95/3+fk3NyErKRfSMkEAiC7CCyqoiCS6zKXSu2duxYe1fRdqptnZl6dx9/98ztaGfmYRlba/c6WFutFRdUxMoqsgkCEkggJCFk35eTs1y/P+K5yCEJSchyZXk9Hw8fua7vdX2/1+cEPuH00ff5BgAAAAAAYCxjB2ir9S++POID0F3tvhyQu3ppr3d/vnBezpSJemrDxgGdl7t6qXLXLOvTmgAADAYC0ASgAQAAAAAAAAAAAAAAxjIC0FbrX3x5xKdvugo352RnKHfNMnPH5U2bd/QqCB3YsTkQUu5tgDrwnL7OAwAAAAAAAAAAAAAAAAAAANA3I34H6Lz8oqAdl7vbZbmr+ySZu0fnZGfokfXrunzGUxs2mmHmQEi6467Tj6xfZ4agO7pwd+ru7gMAYKixAzQ7QAMAAAAAAAAAAGB0qG8tU0ndMZU35Kuq6YxqW8+pyV2tVm+jvP42aWRHgzDUbDY57KEKc0QqwhWn8WEpio+YqKSobKXHTFd0WLLVFQ4r9B8sQ68OCHaAtlr/fkaO+AC01LsQ9P3ffKLL6x1Dyl2FoLu7fmG4+Zknv93tPInwMwBgeCEATQAaAAAAAAAAAAAAI1dRzSHlVexQQeUeVTYVWl0OxpCEiExNTliknMRlyoidbXU5lqD/MBLQq71DANpq/Ysvj4r0TU52hp558tvmTs2B3ZoDOp5fGI7OXbPMnHPhPEmdQsxdzQs8o2PAueNahJ8BAAAAAAAAAAAAAADQH25vkw4Ub9Lhs28GhS5djkhNGD9TKdE5SozI1PhxaYp0xSvMESVnSKik/m8OhLHEkMfXplZvgxrdVaptPquKpkKdq89Tce3HqmwqVGVTofYUvqiEiEzNSrtB8ybkyuWIsLrwQdVd/wHD1VjtVYwtoyIAHRAIHedkZygvv0ibNu9QTnZGp92gLxS4v+M6eSfPKHfNMvNaVwHmjvMCx4F5F94HAAAAAAAAAAAAAAAA9JXb26Tdpzdqz5k/yetzS5JiwlM1PfkqTUlYws6eGGA2OUNccoa4FOVKUGr0NE3vcLWo5pBOVu7SsbL3VdlUqK0nfqZtBb/Woomf1eKsdaMuXNlV/wEjzVjoVYxNNsMw+reH9DBy/zef6PGenOyMoJ2cJZk7R/fkmSe/HXS+afMOc4foC0PUHc/ZARoAMNwUni6Rzdb+Se/+fg067jimXtx/kePenHc31tO1i83prf6sET5uVH0GDQAAAAAAAAAAAINk75mXtK3gN2r1NEiSshMWa96EXE1NXGpxZYB0omKnDhRvUn7lbklSmDNKKybfo4UT11pc2cC4sP+A0WK09Wp/tDR7rS5hjOtffHnUpG96E2Du79wLd4K+cNfogaoHAAAAAAAAAAAAAAAAY1d5Y4HeOf5TFVYfkNQefF6StY7dnjGsTE1cqqmJS1VUc0i7Tm9UfuVuvX38aeVV7NB10x5UUuRkq0u8JBf2HzDatHoaRkWvAqMmAH2hnOwM5a5ZpryTZ8xdmqWeg8rdzevKhXNzV5//dF3QM0+eYQdoAAAAAAAAAAAAAAAA9OhgySa9cewnkmEoJjxVK6fcp+kpK60uC+hWRuxsZcTO1rFzW7X15C9UWH1Az+3+im6c/rDmpudaXV6fdOw/YLQbyb0KSJLNMEbPT+unNmyUJOWuWdYpcLxp8w5zB+fcNcv6fE2SHlm/rk/zpPaQ9IXzAACwWuHpEtlsNknq99eg445j6sX9FznuzXl3Yz1du9ic3urPGuHjRu1n0AAAAAAAAAAAANAPW/L+W3sKX5QkzU2/WddNe0jOEJfFVQG95/G59c7xp3Ww5DVJ0qLMO7Qq5wGLq+qdjv0HjDUjqVcHUkuz1+oSxrj+xZdHVQAaAAD0DgFoAtAAAAAAAAAAAAAYXl45/LiOntsiSbph+sOaN+EWiysCLt2B4lf15rGfSJJmpKzSrbMes7iii+vYf8BYNRJ6daARgLZa/+LLpG8AAAAAAAAAAAAAAAAAC7300fd1vHybXI5I3T77e5oUv9DqkoB+mTfhFo0PT9XLh36ko+e2yOdv09o5P7S6rC4F+g8Y64Z7rwIXsltdAAAAAAAAAAAAAAAAADBWvXL4cR0v36YIV5zuWvAE4WeMGpPiF+quBU8owhWn4+Xb9Mrhx60uqZNA/wFoN1x7FegKAWgAAAAAAAAAAAAAAADAAlvy/ltHz22RyxGpO+Y+rtToaVaXBAyo1OhpumPu43I5InX03BZtyftvq0syBfoPQLDh1qtAdwhAAwAAAAAAAAAAAAAAAEPsYMkm7Sl8UZJ0++zvEX7GqJUaPU23z/6eJGlP4Ys6WLLJ4oqC+w9AZ8OlV4GLIQANAAAAAAAAAAAAAAAADKHyxgK9cewnkqQbpj+sSfELLa4IGFyT4hfqhukPS5LeOPYTlTcWWFZLx/4D0D2rexXoCQFoAAAAAAAAAAAAAAAAYAi9c/ynkmFobvrNmjfhFqvLAYbEvAm3aG76zZJhtPeARQL9B6AHFvcq0BMC0AAAAAAAAAAAAAAAAMAQ2XvmJRVWH1BMeKqum/aQ1eUAQ+q6aQ8pJjxVhdUHtPfMS0P+/ED/Aegdq3oV6A0C0AAAAAAAAAAAAAAAAMAQcHubtK3gN5KklVPukzPEZXFFwNByhri0csp9kqRtBb+R29s0ZM/u2H8Aem+oexXoLQLQAAAAAAAAAAAAAAAAwBDYfXqjWj0Nyk5YrOkpK60uB7DE9JSVyk5YrFZPg3af3jhkzw30H4C+GepeBXqLADQAAAAAAAAAAAAAAAAwyNzeJu058ydJ0pKsdRZXA1gr0AN7zvxpSHaW7dh/APpuqHoV6AsC0AAAAAAAAAAAAAAAAMAgO1C8SV6fW9kJi5URO9vqcgBLZcTOVnbCYnl9bh0o3jTozwv0H4BLM1S9CvQFAWgAAAAAAAAAAAAAAABgkB0++6Ykad6EXIsrsZKhVm9Dj/8Zht/qQjEEAr0Q6I3BNBTPGGnCnFGakXKtZqWtUUx4itXlWCI0JFxRrgRFuRIU7oy2upxhjz7CcOOwugAAAAAAAAAAAAAAAABgNCuqOaTKpkLFhKdqauJSq8uxTH1rhX66bV2v7o10xSs5KlvLJ39JaTGXDXJlsMLUxKWKCU9VZVOhimoODdrO6IH+gzQ9ZaWuyv57xYQlK8TuDLpmyFCrp0F55dv1xrGnxsQHEW6a8S1NT1kpSWpwV+rp9z9ncUXD22D3KtBX7AANAAAAAAAAAAAAAAAADKK8ih2SpOnJV1lcycjR6K5SfuUe/WbPev318ONWl9Nvhgw1uCvN/yTD6pKGhUBPBHpkMAzm2iPJTTO+pdtmfVdx4yZ0Cj9Lkk02hTujNSf9Jj2y8lUzGAx0RD9hOGEHaAAAAAAAAAAAAAAAAGAQFVTukSRNSVhicSXDy/Tka+SwhwaNtXgbVNdyThWNp8yxI+e2KC1mhhZOvH2oSxwwLW11QbvLfuOaVxTujLKwouFhSsIS7T79ggoq92hVzgOD8oxA/41ldy/8T2XEzuowYqi8oUC1LaVyhIQqPiJTkaHxCrG3xwlDQ8J126zv6lTVXrV6GqwpGsPSYPYq0FcEoAEAAAAAAAAAAAAAAIBBUt9apsqmQrkckcqInW11OcPKzZf/o5whri6v1beW68WDj6m8IV+StCVvgxZOvE2SbQgrxGDLiJ0tlyNSlU2Fqm8tU3RY8oCuH+i/sSwlOico/FzbUqpff/CAWjz1ne6dP+EzWjVtvRz2UJU3FhB+RieD1avApbBbXQAAAAAAAAAAAAAAAAAwWpXUHZMkTRg/0+JKRpbosCTdOe9fzXO/4VNtyzkLK8JgCfRGoFcG0mCsOdLMSbvRPDZk6Lld93UZfpak/cV/1VNbb9Hhs5v15tGnhqpEjDD0FYYLdoAGAAAAAAAAAAAAAAAABklgB+OU6ByLKxl5Il3xCndGm2HNisYCjQ9P7fJeQ4aqGgtV21KqELtTyVFTNC50fI/P8Pm9qm05q5qWs7Lb7EqMnKwoV0Kv6qtrLVNNc7E8vlYlRWYrJjyl9y8OppToHOVX7lZ5Q76mJ18zoGsH+m8si4uYYB63eurV5mu56P0+v0ebjvxbj+smR01RasxlcoWMU2HNQZ2rz+t9TeMmKCN2lkJDxqmi8bSKaw/L62/r9fzAGllx8+X1u3Xo7OZO11OjpykpKlvhziiV1B1Vce0RGYa/V2uHhoRrauJSOR3hOlefp7KGEzIMo0/1jWaD0avApSAADQAAAAAAAAAAAAAAAAySqqYzkqTEiEyLKxmZPL5W8zg0ZFyX93x45s/alv9rub1NQePhzmjdNvt7yoqb32mO19+mnaf+oF2nnpff8AVds9tCNG/CLbp6yn1yOTo/83T1fm0+9h+qbi7uNO+aqV/RlZmfM8d+9cH9XQZD/+O9W83j6LAkPbhiY5evbSwI9EagVwbSYKw50rR4GszjMGe0wp0xavHUXfJ6c9Nv1rU5D3TRG4YOnX1Lr3UTns6KW6Drpq1XYmSWJFun66er9+mlj74vt7c5aPzBFRsVHZYkSfqg8I+qazmnpZO+oEhXvKT2nxEdA9BXTblXiybeIWeIq9Mz6lrL9JdDP9TZuk+6rDE5aoruWvCEwp0xQeM+v1evH31CH5e+3eW8sYa+wnBht7oAAAAAAAAAAAAAAAAAYLSqbT0nSRo/Ls3iSkaeogt2hU2I7Bwi33Xqeb1z/Kedws+S1OKp1//s+5Y+KPxj0Lhh+PX83ke0o+B3ncLPkuQ3fNpX9Bf919/Wqr61PLimmkP6n33f6hR+Dsx7N+8Zbdz/aIdn9bxrrKGxvbNsoDcCvTKQBmPNkaaw+oB5bJNN9y//naYlrbiktWamXq8bZ3yzyw8GSDbNTlujB5b/odOVtXN+oLsWPKHEyEnqKvwstQek7138bOdVbecjjpPjr9Dqy75uhp8lKcTuNI9X5azXskl3dxl+lqSYsGTds2iD5k/4TKdr4c5ofenKDZ3Cz+3PcOiWmf+szLh5Xa471tBXGC7YARoAAAAAAAAAAAAAAAAYJE3uakkKCuzh4gwZ+qTsPb1+5N/NseSoqYoIjQu676OS1/XeyV+Y51dmfk7TU1bKJruOlb2r3adfkCS9m/eMZiSvVFRYoiTpePk2ldQdNefNSl2t7MQr5bSHqbT+uPYX/1XNbbUKsTvNOZJU1nBSz+/7pnmenbBIi7Pu0rjQ8SquOay3jz8tr79Np6r26ljZe5qefI2uzPqcSuuOq9VTr8Olb5lz5024RQ57e0gzKixhIL5tI1agNwK9MpAGY82R5kDxq7p6ypcV7oyWJIU5IrV2zg/V5mtRSe0RHTm3RZ+UvSePz33RdbITrtQtM//JPK9pLtGOU79XfWuZchKXa8HE22WTTePDU7Vs8t3aUfB7897C6oOalnSVJKnV26izdUdV1pAvn79N05NXKj5ioiRpfHiqZqWt0eEOOzp31B6gliRDTW01qmwsND+MsCL7Hi3K/Kx5r8/v1amqD9XgrlSUK0ETxs9UmDNKUvuHKy7ksIdKat8dPr9yt+pbK5QZO1dJUdnmPTfP+LY2bP/8Rb9PYwF9heGCADQAAAAAAAAAAAAAAAAwSFq9jZKkMEeUxZUMP7/YdW+nMbe3SS2e+k7juZc/GnTe7KnT60fPB6RvvvxRzU67wTxPiZ6qcGeMtp74uSRp68ln9ZmZ35Eknaraa96XMX6WcjuEOqckLtGyyXdr16mNinDFytZht9qXPvq+uWP09JSVum3Wd81rCRGZSomepl998FVJ0luf/JemJ1+jy1NW6fKUVWpuqw0KQF895T6FO/k7IZ3vjUCvDKTBWHMk2rDtLn1+4VNKjZ5mjoWGhGtS/EJNil+o3Mv/UfWt5TpW9p52nvqDWj0Nnda4bfb3FNi9ubyxQM/tus+8Vlh9UKer9+mzcx+XJC2b9MWgAPT+4ld0eep12l/0ij4ufTto3W35v9GDKzYqOixJkjQj5dpuA9CSVNdapt/t+Zoa3JXmWJQrQcsn32OeN7XV6Be7vqzmttqguddM/YrSY6arovFUt2s/u/NLQWHwdfOf0KT4BZKk6PDkbusaS+grDBf2nm8BAAAAAAAAAAAAAAAAcCm8/jZJkjMk1OJKhp/altJO/10Yfo50xeu+Jc8F7cIqSUdK3zGPo8OSgsLPAYsyPyu7LUSSVFRzyBwP7PQqSV6/R4aMoHl2m0PLJt+tuek3m2OVTYWqbSk1z1df9vVOz0uJnqr0mBmSpOa2Wrm9zd2/eJgCvRHolYE0GGuORG2+Fv36gwe09cTP1NTW9e690WFJujLzc/r6VX/WrLQ1Qdcy4+YqNCTcPP/Twf/Taf6Jil1qdFdJkkLsTkWExprXDMPQb/c81Cn8HHCqap95HBOW0u3r8Bs+PbfrvqDwsyQtm/zFoPM/H/xup/CzJL134ln9Ye8j3a6/cd+3O+2EvfPU+SC3TTaFO2O6nT9W0FcYLtgBGgAAAAAAAAAAAAAAAMCQC3dGm8dub5O5u3LADdMf1rwJt3Q5t7TuE/M4xO7U8fJtXd7nDAmT29tkBjMlKSt+vvYWvdy+Tv0n+s/3bteCjNuUFTdfaTHTFWJ3XvR5UnCguqOOc6ubi4J23AWstvv0C9p9+gVFuuK1cOJaTY5fqISISQqxn48Rhtgdyr38HzUlYbFePvRDSdKk+CuC1pmRsrLL9Tv2cPr4y5VXvr3TPTabXUmRkxUfMVGhjnEKDQlT7LhU8/rFdkYvbyiQ29vUaTwt5jLzuMVTr5K6o92u0R2Pr1XVzcWdn9lYEHQeOy5NLXV1fV4fwMAjAA0AAAAAAAAAAAAAAAAMEoc9VF6fWx5fm5whLqvLGVbuX/47hTkCYUdDVU1n9OrH/6bS+vaw8ZvHfqK0mOlKjprSaW59a7l5XNNcopc++v5Fn+U3fGr1NijMEaWpics0LWm5jn8azmzx1Gt7wW+1veC3kqQJ42dqcdadmpq4zJzf4K4IWq+n50lSXcs5AtC94PG17ybbcWfugRLoPwRrdFfpvRPP6r0Tz0qS0mNm6OopX1Zm3FxJNknSZclXKzV6mkrrj2v8BbsyXzPlKz0+IyEiS3k6H4BenHWXFmetu2jAWZJsNlu312pbznY5Pq7DbtMdP+zQF10Fq6X2YDSCDUavApeCADQAAAAAAAAAAAAAAAAwSMIckWr0udXqbSAAfVE2xUdk6vMLn9Qvd/9v1TSXSJI27n9UX7vqj7LbgmNOHXdajnTFKyU6p8cndFxj7Zwf6UjpO/rwzEtm4DqguPZj/engx5qfcavWXPYPnz4vtMM6IZqcsKjH50WFJfZ4D6RWb4Ok9l4ZaIH+w8WV1B3V8/u+qWlJK7R2zg/N8WnJV6m0/ri8/rYOdxuq/rQ/L6a6ucg8vmXmP2tm6vVB11u9jXJ7m+TzexTujA7aEb47huHv8R6bzd7jPV2uLeOS5o1Fg9GrwKUgAA0AAAAAAAAAAAAAAAAMkghXnBrdVWp0VynKlWB1OcNeaEi4ci//J/3uw69JkprbavXhmZd0Zebngu5Lipqs09X7JUnJUdm6Y+7jfX7W5anX6fLU6+TxuVVaf0wnK3brQPGravO1SJL2F72i2Wk3KDV6mhIjs8x5dlvIJT2vI8Pw9Wv+aBLYsTfCFTfgawf6D71zvHybfH6vQuztscJoV3uIv7T+uGalrZEkGZJ+tuPv+rTutKQV5nFZwwm99NEPVNtSao7dNONbmpN+0yXX3dxWa/58jQgd+L9HCDYYvQpcikv7uAMAAAAAAAAAAAAAAACAHo0PS5Ek1TaftbiSkWPC+MuVFTffPH//5C/V5msOuicxcrJ5XFh9UC2ehkt+njPEpYmxc3Vtzv16eOVfFR2WZF4rqjnU/ryISeaY19+mMzUf9ekZoY5xQeeFNQcvud7RJtAbgV4ZSIOx5kjjckTo7xY9reSoKT3eGxEaa4afJam6uViSgv6+22Qzw9C9EROeImdImHn+2pEngsLPkpQ+/vJer9eV0rrzu7iHO6OUFbegX+vh4ugrDBcEoAEAAAAAAAAAAAAAAIBBEh8xUZJU0VRocSUjy/XTHjKPvf42bc//bdD1KQmL5bCHmtdf/fhxef1tndYprv1Yv9j1ZVV1+P5/VPKGfv/hP6is4WSn++22EIXYnea5z++RJEWFJSopKtscf+Xwv6ihtaLT/PrWcr148DEdLN4UNO6wh8rliDDPj517t+sXPgYFeiPQKwNpMNYcaVZf9nWlx8zQvYt/rrsWPKFwZ0yX940PT9V9S54LGjtyboskqaLxlFo89eb4DdMfVmLkJF0oKXKyvrrst0H92+YN/vDC3Am5QeczUq5VQkRm317UBXac+n3Q+do5P+y0pjPEpc/O/bG+uiz4Zwn6jr7CcOHo+RYAAAAAAAAAAAAAAAAAlyIQmj1Xn2dxJSNLQmSWLku+Wp+U/U2S9EHhH7Uo8w5FuuIlSeNCx2v1ZV/X60f/XZKUX7lHT7//OV2eskrhodFqaatXSd0xlda37wy789TzumXmP396/HvVtpTql7v/tyaMn6nU6MuUEDFRjW3VKqjco5rmErOOqUnLzOPbZn1XP9/5JUlSo7tKG7Z/XjNTr1dUWIIMw9C5+hMqqNojqf3P+8Kg5+T4K3Ss7D1J0vHy7Xpmxxc1I+VaxYanaWbq9bLZxuZeloHe6BgwHyiDseZIMy1phXmcFbdA37jmZXl8bjW1VauupUx2W4iiw5MUE5YcNK+w+kBQL/z5o+/q7oX/Kak90H/fkl/obN1xNbVVySa7EiKzND48VZIUPSFJbx9/WpLU4qlXU1uNIkJjJUnzJ9yitOjpKqw5oJSoqcqMm9fv11jfWq5t+b/Riux7JEkuxzjdt/SXqmg8pbqWUo0PT1N8RIbstva45ITxM1Vc+3G/nztW0VcYLghAAwAAAAAAAAAAAAAAAIMkPWa6JBG2uwTX5txvBqAlaeuJn5shZkmak36TyhsLtPfMS5Lag5Z7i17ucq3Ars4+v0fOkDBzvLj2427/bFblPBC0i2x8xER9ZtZj2vTxv8pv+OQ3fDp09s0u54Y7o9Xma1FoSLg5dv1lX9Px8m3yGz5JUk1ziXYU/E6SNDVpqcIcUd1/M0axwPc/0CsDaTDWHGme3XWvbp31f5QeM8Mcc4a4ND481QwsX+ijktfNDxcEFNUc1o6C32nZ5Lsl2STZlBZzWZfzPT63wp3R5q7Rm4/9h26f8wPZPp2XEj1VKdFTzftrW0q7raW3thf8RqGOcF2Z+TlJkk02JUVOVlLk5KD7DBkaH57Kz+R+oK8wXIzNjw31IC+/SHn5RVaXAQAAAAAAAAAAAAAAgBEuOixZCRGZcnsbVVRzyOpyLBVi79tejTFhyZqbfrN5/nHp22pqqw665/ppD+nexT9TeswMOeyhQddCQ8KVFbdA9y7+uW6a8a1Pa3DqviXP6Y65jys5amqnOZIUOy5dt8z8Zy3KvKPTtctTVulrV72o6SkrFe6MDrpmt4UoKSpbt8/+vu5b8lxQ+FmSIkJjtX7588pOWNRp3TBHZA/fjdGpqOaQ3N5GJURkKvqCHYgHQqD/xrK6lnP67Z6H9Ns9D6ms4YRavY0yZFxwl6FWb6PKGk7q+X3f7BR+Dng//1f67+13q7yxQD6/t9MaLZ56/e3kc/qP9241w8+SdLx8m36750E1uCulDs/2+Fr1UcnrOlC8yRy7cN3ABwYkyeNvu+hrfTfvGb2b94xaPHWdrvn8Hp2pOain3/+cPi59W5Lk7bCev9PrQVcGq1eBS2EzDOPCn2Zj1qbNO7TprZ1BYznZGXpk/TqLKgIAYHAUni6RzWaTpH5/DTruOKZe3H+R496cdzfW07WLzemt/qwRPo5fwgEAAAAAAAAAADCWbMn7b+0pfFGLs+7UyqlftbqcUa3V26D6lnLFhKfK5RjXqzltvhY1tJbLbncqJixJdlvv//88r79NNc3FCnfGKNIV36daG91VamqrVrgzRtFhSX2aO1psPfEz7T79ghZl3qFVOQ8MyjMC/YdgUa4EJURmqcVTr7KGE7qUGKHLMU5pMTNU31quqqYzvZpjs9mUHjNT9a1lqm8t7/Mzeys0JFwJkVlyhoTpbN1ReXzuQXvWWDKYvWqFlmaC79bqX3yZAPSnntqw8aK7Pj+yfp1ysjOGsCIAAAYPAWgC0AAAAAAAAAAAABg6RTWH9Pu931BMeKrWL/+D1eUAw8aG7V9QXUup7l74H8qInT0ozwj0H4D+G8xetQIBaKv1L75sH6AqRrSews9S++7QAAAAAAAAAAAAAAAAQF9lxM5WQkSm6lpKdaJiZ88TgDHgRMVO1bWUKiEic1ADlYH+A9A/g92rQF+N+QB0V+Hn3NVLlbt6adBYXn6RntqwcShLAwAAAAAAAAAAAAAAwCgxK+0GSdKB4k0WVwIMD4FeCPTGYBqKZwCjHX2E4WZMB6C7DT+vWabcNcv0yPp1QdcIQQMAEvT7zgAAIABJREFUAAAAAAAAAAAAAOBSzJuQK0eIS/mVu1VUc8jqcgBLFdUcUn7lbjlCXJo3IXfQnxfoPwCXZqh6FeiLMRuAvlj4OSAnO4MQNAAAAAAAAAAAAAAAAPrN5YjQoomflSTtOk32BGNboAcWTfysXI6IQX9ex/4D0HdD1atAX4zJAHRvws8BhKABAAAAAAAAAAAAAAAwEBZnrVOYM0r5lbt17NxWq8sBLHHs3FblV+5WmDNKi7PW9TxhgAT6D0DfDHWvAr015gLQfQk/BxCCBgAAAAAAAAAAAAAAQH+5HBFaMfkeSdLWk7+Qx+e2uCJgaHl8bm09+QtJ0orJ9wzpjrId+w9A7w11rwK9NaYC0JcSfg4gBA0AAAAAAAAAAAAAAID+WjhxrTLj5qmupVTvHH/a6nKAIfXO8adV11KqzLh5Wjhx7ZA/P9B/AHrHql4FemPMBKD7E34OIAQNAAAAAAAAAAAAAACA/rpu2oOSzaaDJa/pQPGrVpcDDIkDxa/qYMlrks3W3gMWCfQfgB5Y3KtAT2yGYRhWFzHYugo/P7J+nXKyMy5pva5Cz12Fo4ej19/epTaPp9O4yxUqR0iIUpLjlZIUp4S4GNmG2T/0VdV12rb7I0nS+OhIXbN8fp/mb//gkCqraiVJixfOVEpS3IDXONydLCjWx58USJKm52Rp2pSJFlcEwCqFp0vMn/P9/Rp03HFMvbj/Ise9Oe9urKdrA/FvXH/WCB/n6PfzAQAAAAAAAAAAMLIdLNmkN44+JUlaN///aVL8QosrAgbPqaq92rj/UUnSjTMe0dz0XEvr6dh/ALo2HHp1sLU0e60uYYzrX3x51KdvBjr8LJ0PO3cMQQdC0cM9BL3prZ3y+/29ujcnO0NfvPMGJcaPH+SqeqeiqlZvbvlAkhQXG93nAPR72/er+GyFJGnihJQxGYD+6MhJvf3eh5KkpuZWAtAAAAAAAAAAAAAAAFhkbnquqpqKtKfwRb186Ee6a8ETSo2eZnVZwIArrT+ulw/9SJK0KPOOYRGo7Nh/ADobLr0KXIzd6gIG02CEnwO62vG5q52hR7K8/CJ99/97Vq+8sU1en8/qcgAAAAAAAAAAAAAAAEaVVTkPaEbKKrm9jXrx4GMqrT9udUnAgCqtP64XDz4mt7dRM1JWaVXOA1aXZAr0H4Bgw61Xge6M2h2gBzP8HDCSd4KWpPu+eIvSUhIkSX6/oarqOp0rr1JJaYX27D9m3vfGO7tVWlal+790m1WlAgAAAAAAAAAAAAAAjEq3znpMPn+bjpdv0//s+7Zun/09TYpfaHVZQL+dqtqrlw/9SG5vo6YlrdCtsx6zuqROOvYfAA3bXgW6Mip3gB6K8HPASN4JOikhVmkpCUpLSdCEtETNmTlFa669Uvd+IVc//s5XNDkrzbz34OETOnr8tIXVAgAAAAAAAAAAAAAAjE5r5/zQ3Al64/5HdaD4VatLAvrlQPGr2rj/UXPn57Vzfmh1Sd0K9B8w1g33XgUuNOoC0EMZfg4YySHo7iTGj9ejX/uC0lMTzbHn/rBJbR6PhVUBAAAAAAAAAAAAAACMTrfOekyLMu+QJL157Cd64+iT8vjcFlcF9I3H59YbR5/Um8d+IklalHnHiNhNtmP/AWPRSOlVoCOH1QUMJCvCzwGBEHTH0HMgBH1hOHok+dJdN+rxp34rSWpqatGRT05p3qycoHu8Xp92ffixThQU6ey5SlVV1ys01KHU5ATNmzVVVy2bJ1s36x89flpb3t+rsvJqNTQ1a3x0pNJTkzR9WqaWLZotu727me32HvxEh47k60R+kbw+nxITxmverBxdd/VC2WwXn1tT26Ddez/WkeOnVXK2QuHhLk3KTNMN1y5SRnpyt/N8Pr/2HvxEOz44pLKKajU3uxUVNU7pqYm6aulczZw+udvXW9/QpO27D+l00TmVllWpsbFZEePClJaaqFVXLdC0KRM7zXlzy26VllXLZpPW5l6tUKdTu/cd0Y4PDquyqlarr12kG1ctDvqevvO3D1VSWqG2Nq8mZ6VpRk6Wli6addHvBwAAAAAAAAAAAAAAsNaqnAcUH5GhN479RAdLXtOp6v1aOeU+TU9ZaXVpQI+OnduqrSd/obqWUslm043TH9bc9Fyry+q1jv0nw7C6HGBojMBeBQJGTQC6q/BzTnbGkISfL3xexzpGegg6Iz1Zkyam6tSZUknS2dLKoAD062/v0hvv7JbH6w2a19LqVl19kz45Uaj3d32k7zz8dwoJOb/huCHp6Wf/pCOfnAqaV1ZRo7KKGu0/dFyvv7VLX747V1MmT+iyto0vb9F72/cHjTU0Nqvg9Fl9eOCY/vkbX+w2BF1dU6/fvfCmWlrPf1KypdWt6pp67Tv4iR66739p5vTJneb5fH795JkXdLKguNN61TX1Onw0X8sXz9bdd6wJut7a2qbn//y29uw/2mnNlla3KqvrdOjISa1cPl933h78KzX2HvxExWcrJElTJk3Q839+W36/37xeWVVrHm9+9wO9/Nr7QfOPfHJKRz45pW27P9LUyUPXDwAAAAAAAAAAAAAAoO/mpucqLWaG3jn+UxVWH9BfDv9Yh0vf1pKsdcqInW11eUAnRTWHtOv0RuVX7pYkZcbN03XTHlRSZOfszXB3Yf8Bo9lI7lVAkuw93zL8dRV+Hk4CIeiRKi01wTwuKa0IunboyEkz/Gy325WakqDZl09Rempi0Jy339sTNO/Nd3YFhZ8TE2K1aP4MTZk8QU5Hey6/pq5BBYVnu6ypuqbeDD8nxMUoOTE26PqZ4jLt+vDjbl/Tn/66VS2tbjkdDk3OStOEtMSg6xt++bKKSsqDxgzD0IZfvhQUfo6Ljda0KRMVFTnOHNu++5D+/Op7QXPtdpv2HvzEPHe5nMrKSNGsGdmKiY4wx7du36/Tn4bNu/L7FzcHhZ9jY6I0PiZKkrTvo+NB4We73a6sjBRlpCfLbrfrXHm1tu3+qNu1AQAAAAAAAAAAAADA8JAUOVmfX/Ckrp/2kMKcUcqv3K3f7/2G/njgOzpRsdPq8gBJ0omKnfrjge/o93u/ofzK3QpzRun6aQ/p8wueHNGBygv7DxhtRkuvAiN+B+jhHn4OGMk7QackxZvHFwagb7husV54aYtuXrNUSxbODNrlecvf9urFv25tP35/n25Ytdi8tu+j4+bxZ25YrpuuX2Kee7xebdq8U+++v09XLZ3bbV0ul1Nf/8odyp6ULkmqqKzVhl+9rNJzlZKk93ce1NJFs7qdf/llk/TVe25VaKhTklRVXacnN2xUdU29/H6//uvnL+qJHz5o3v/KG9vM0Lbdbtf9X7pNsy/PNq9v3b5fL7y8RZL09nsfauKEZF0xb7okKTTUqauWzNGZkjJ95oblumxqpjnPMAw9/Ys/m2u/u22/7v3Czd3WHRcbrXvW3ajsSelyhIRIklpa3Hr2t38175k2ZaIe+PvbFRYWKkmqrW/UTzZsVFlFTbfrAgAAAAAAAAAAAACA4WXhxLWalbZGu09v1J4zf1J+5W7lV+5WTHiqpidfpSkJS9gVGkOqqOaQTlbu0rGy91XX0r7JnyPEpUUTP6vFWevkckT0sMLIcWH/eX3unicBw9ho7VWMXSM+AD0Sws8BI6nWjsLDXeZxY3Nr0LW5M6dq7sypXc5buWKBGYBuaGyWIcn26bXmlvNvCAIB5gCnw6Hbb75Kt964XHZ795uU//3nbw6am5gwXmtvvko/fe4lSVJFdV23c50Oh776pVsV6nSaY/FxMXrwy2v143//tVlzfUOToqMiZEj6246D5r03X78kKPwsSSuXz9eJ/CLtP5QnSXr3/X1mAFqS1q29rstabDabVq9cZAagyyuqu63b5XLqB4/ea4a2A0512DXa6XBo/b1r5XKdv2d8dKQeuu+z+u7/fbbbtQEAAAAAAAAAAAAAwPDjckTo6ilf1uKsdTpQvEmHz76pyqZC7T79gnaffkEuR6QmjJ+plOgcJUZkavy4NEW64hXmiJIzJFTn0xpAbxjy+NrU6m1Qo7tKtc1nVdFUqHP1eSqu/Vhub6N5Z0JEpmal3aB5E3JHbZiyu/4DRpKx0KsYm0Z8ADonO8MMFj+yfp02bd4xbILGOdkZyl2zTE9t2Giej0TlHXYNTk6M7fF+Q5LX65XH45XL5ZTb7ZEk1dc3KSa6/QdoUkKsqmvqJUnP/OovumHVlbpi3nTFxUab61ws/CxJc7oIXqckn9+tuqmppdu5S6+cFRR+DkhPTVR6aqK50/WpwlLNmTlFtbUNamk9H9q+dsWCLtddddVCMwDdMZTcHcMw5PF4FeYKNceqPv2+dGXl8vmdws+SVFB41jy+cuGMoPBzQGLCeE2amNqrugAAAAAAAAAAAAAAwPDickRocdadWpx1p4pqDimvYocKKveosqnQ3BkaGGwJEZmanLBIOYnLxtTu4xfrP2A4Gqu9irFlxAegH1m/Tnn5Rf0KF/c2MH0pz8jJztAj69dd8vzhoGMAOiM9udP1Q0fytXPPYZ0pKVNtXaP8fn+X63Qc/+xnrtG/PPkbSVJLq1svv/a+Xn7tfblcTuVkT9SKxXM06/Lsbj+DGBsT1eU1Vxfh4K4kJ3Qf5E5OjDMD0PmnSzRn5hRV154PJdvt9qBdsTtKuiAg3traprCw9nCz3+/X33Ye1IFDeSotq1JDY3OXa/gNo9va0lISuhw/earYPE5Jiu/yHqk9IE4AGgAAAAAAAAAAAACAkS0jdrYyYmdrVc4Dqm8tU0ndMZU35Kuq6YxqW8+pyV2tVm+jvP426SI5BKATm00Oe6jCHJGKcMVpfFiK4iMmKikqW+kx0xUd1jk7NNbQfxgW6FVg5AegpUsPFuflF5m7M/dW7uqlyl2zrE9zRmrwWZK8Pp+Onzxjnk9ITQy6/ss/vKY9+48GjTkdDo0b51JISIi5y/OFJqQl6QeP3qv/eemdoPXdbo8OH83X4aP5mjghWd968K4udzy22fv361mcod3/1Xc4zu887fF4JUk+3/nwttMZ0u3cC3eV9ni9ClOoPF6vvv+vz3X6foSHuRQa6pDX57/ojtXna+u67rY2j3kcEtL9ztkOR/e1AwAAAAAAAAAAAACAkSc6LFnRYcmannyN1aUAYw79BwDWGRUBaAyeN7d8oJZWt3mePSndPG5sagkKP3/mhuVasWSOoiLHmWPrv/1ktztCpyTH6+EH7lRra5tOnCrWifwifbDviOrqmyRJZ4rL9JfX39fnbls10C9LVdV13V6rqKw1jydlpkmSYqIjzTG32yO/3y+7vXPQuKomeN3IT78XHx8rMMPPLpdTd962SlfMny7np4Hm4rMV+pcnf32Jr0bKzkpXwemzkqTKqu5f28VeNwAAAAAAAAAAAAAAAAAAwEjQ/VaxY0Beh52H0Vn+6RK9/vYu83zJFTOVlpJgnh84nGcep6Yk6KbrlwSFn2tqG7oNP3cUFhaqWdMna23u1fq376/XbTetMK8dPnaqvy+jS/s+yutyvL6hSafOlJrnk7PaA9DxcdFBgedDR/O7nH/w8AnzOC42WoF9qj/Ydz4ovmLxHC1dNMsMP0vSmeJzfX4NHQXqlKQ9+4/K7+/86zPcbo8+OcHfeQAAAAAAAAAAAAAAAAAAMLKxA3QHuauXdjm+6a2dQ1yJterqm/TSpr/pg31HzDGXy6k7bw/eidkV6jSPy8qr1ebxKNR5fuz5P7/d7TNeeHmL4mKjtXLFfDlCQoKuZaQnm8dej/eSX8fFVFTW6L3t+3XN8vnmmN/v1+/+uNk8dzocSoiLkSQ5QkI0d+ZU7T90XJL0x7+8qymTJigyIrzDmrV6453d5vnyK2ebx67QUPO4oPBsUC1tbR79edPf+vV6Jmee35m7obFZr27erltvPB8kNyT98ZUtvQqkAwAAAAAAAAAAAAAAAAAADGcEoDvIXbOsy/G+BKBzsjOUl180UCUNqt/9cbOio9p3bDYMQ1XVdaqoqusUknU6HHrgS7crzBUaND5z+mTz2O/36//91x+0fPEcRUdF6J2/faiC08FB34CGxmZt3b5fkvT627t05YIZSktJkNPp0Lnyam3/4JB575TJ6V2uMRA2vrxFh48VaHJmmmw2mz7Yd0RlFTXm9S99/qag+9etXaUTBUVqaGxWdU29Hnv8Z7p66TxFRoSrurZB7+88aH7vMtKTdf3KK8y582ZPNQPlBafP6plf/0UL5kxTW5tXf3n9fTU1tfTrtcRER+im65eYO3a/8c5u5eUXae7MqfL5/dp38LiKSsr69QwAAAAAAAAAAAAAAAAAAIDhgAD0AMtds0w5UyYq7+SZbgPVw0VvArGL5s/QnbevUsS4sE7XxoWH6ebrl+i1T0O3xWcrtPGld8zrcbHRampukdvtCZpXVV0np8Mhj9erlla33ttxoMtnu1xOrb3lmr68pF5bNH+G9uw/qiOfnNKRT051un7rjcu1YM60oLHoqAh95+G/04+e+JVaWt1yuz16a+ueTnNTkuL0rQfvktNxvr1mXjY5KBx/8PAJHTx8wrw+OSut28B4b33mhuU6V1al/YfyJEn5p0qUf6rEvO50OHTZ1Ik6fKygX88BAAAAAAAAAAAAAAAAAACwkt3qAkajnOyMYRt+DrF3/0dut9uVmBCruTOn6sbrFuuf/uFu3fuFm7sMPwfccsNy3bPuRsXFRgetk5OdoW9/7fMKdTo7zcmamKonf/yQbl69VLExUV3WsXTRLP3g0S93eV2SnI6Qi73MHl0x7zLd//e3aeKE5KDx8DCX7rj1Wt143ZIu58WOj9Jj37xHC+Ze1kVNDq1YMkePfv0LcrmCX7fDEaKHH7hT166Yr4iIcHPc5XJqyRUzdd/dt/Sq7p5e95fvvkXXX3OF7B3+nAN/Ht966C5Nykzr1XMAAAAAAAAAAAAAAAAAAACGK5thGIbVRQykpzZsNHfZzcnO0CPr13V776bNO7TprZ3m+TNPfrvL++7/5hPmce7qpcM23Gy1tjaPqmrqlZIUJ5vN1qe5tfWNcre2KTIiPCggPBR8Pr/KKqoVFTlOUZHjej3PMAzV1Tep1d2miHFhfZrb0Ngsd5tHCXExl1Jyz7VJqqtrVGurW8nJ8erbnwaAsaDwdIn5s7q/X4OOO46pF/df5Lg3592N9XStr/9ODfQa4eP4JRwAAAAAAAAAAAAAAABWamn2Wl3CGNe/+DLpGwyY0FCnUpPjL2nu+OhIKbrn+wZDSIhdaSkJfZ5ns9k0Pibykp4ZFTlOXe9tPTBsUnttl1gfAAAAAAAAAAAAAAAAAADAcGW3ugAAAAAAAAAAAAAAAAAAAAAA6C0C0INg0+Yd2rR5h9VlAAAAAAAAAAAAAAAAAAAAAKOOw+oCRptNm3do01s7zfPcNcssrAYAAAAAAAAAAAAAAAAAAAAYXdgBeoDl5Rd1eQwAAAAAAAAAAAAAAAAAAACg/0Z1ANqKADKhZwAAAAAAAAAAAAAAAAAAAGDwjLoAdE52RtD5ps07huzZFz7rwloAAAAkyTCsrgAAAAAAAAAAAAAAAGDsIrsx8jmsLmCg5a5Zpk1v7TTPN721U3n5Rcpds6zTvZeyW3NeflGneXknz5jP6ihnysQ+rw8AAEY/wzBks9msLgMAAAAAAAAAAAAAAGBMMkhAj3ijLgAtSbmrlwaFkfPyi/TUho0DsnZv18pdvZQdoAEAQJd4Dw0AAAAAAAAAAAAAAGAdshsjn93qAgZD7pplyl291Lrnr17a5Y7TAAAAEp8iBAAAAAAAAAAAAAAAsBLZjZFvVAagpfYQ9CPr1/V6F+aL3dfbMHXu6qWEnwEAQI8Mv9UVAAAAAAAAAAAAAAAAjF1kN0Y+mzFGYux5+UUXvd5TULq/8wEAGE4KT5fIZrNJUr+/Bh13HFMv7r/IcW/Ouxvr6drF5vRWf9aw221yhYX0uwYAAAAAAAAAAAAAAAD0nbvVJ79/TMRnh7H+ff/HTAAaAACcRwDa2gC0JIWHO6T+lwEAAAAAAAAAAAAAAIC+MKSWFq/VVaCfAWj7AFUBAACAPvDxKUIAAAAAAAAAAAAAAIAhR2ZjdCAADQAAYAG/jzfTAAAAAAAAAAAAAAAAQ43MxuhAABoAAMACPt5MAwAAAAAAAAAAAAAADDkyG6MDAWgAAAALGIYhP79SBQAAAAAAAAAAAAAAYMj4/YYMg7zGaEAAGgAAwCI+L2+oAQAAAAAAAAAAAAAAhgpZjdGDADQAAIBFvF6/1SUAAAAAAAAAAAAAAACMGWQ1Rg8C0AAAABbijTUAAAAAAAAAAAAAAMDgI6MxuhCABgAAsJDXw69WAQAAAAAAAAAAAAAAGGxkNEYXAtAAAAAWMgyDTxgCAAAAAAAAAAAAAAAMIq/XL8MgAD2aEIAGAACwmNdDABoAAAAAAAAAAAAAAGCwkM0YfQhAAwAAWMwwJA9vtAEAAAAAAAAAAAAAAAacx+MXmz+PPgSgAQAAhgGvxy+/n3fbAAAAAAAAAAAAAAAAA8XvN9j9eZQiAA0AADBMeNp4ww0AAAAAAAAAAAAAADBQyGKMXgSgAQAAhgm/3+CNNwAAAAAAAAAAAAAAwADwtPHbuEczAtAAAADDiNfrl8/Lm28AAAAAAAAAAAAAAIBL5fMa8nrZhG40IwANAAAwzLS1+fgEIgAAAAAAAAAAAAAAwCXw+w21tfmsLgODjAA0AADAMNTm9skgBA0AAAAAAAAAAAAAANBrht9Qm5vw81hAABoAAGAYMgzJ3eaXYRCCBgAAAAAAAAAAAAAA6IlhGJ9mLayuBEOBADQAAMAwZfgNud1+doIGAAAAAAAAAAAAAAC4CDIWYw8BaAAAgGGs/Q26T37eoAMAAAAAAAAAAAAAAHTi/zRbQfh5bCEADQAAMMwZhuRu9cnn5Y06AAAAAAAAAAAAAABAgM9ryN3qk0GkYswhAA0AADBCtLX55GnzW10GAAAAAAAAAAAAAACA5TxtfrW1+awuAxZxWF0AAAAAes/r9cvvN+QMtctut1ldDgAAAAAAAAAAAAAAwJDy+w152trzExi7CEADAACMMH5/+69vcTjtcjr5hR4AAAAAAAAAAAAAAGBs8Hj88nr47dkgAA0AADBieT1++bx+OZx2ORwEoQEAAAAAAAAAAAAAwOjk9bYHnw02fcanCEADAACMYIYhedr88noMOZw2gtAAAAAAAAAAAAAAAGDUaA8+GzJIPuMCBKABAABGAcMw5Gkz5Gnzy+GwK8Rhk91us7osAAAAAAAAAAAAAACAPvH7Dfm8hrxev9WlYBgjAA0AADDKeL1+eb2SzWZTSIhN9hCbQuw2iTw0AAAAAAAAAAAAAAAYbgzJ5zfk9xny+djtGb1DABoAAGCUMgxDXq8hedvP7fb2XaFt9vZwtM12/isAAAAAAAAAAAAAAMBgMoz2LIP51d++27PfT+AZfUcAGgAAYIzgfzQAAAAAAAAAAAAAAABgNLBbXQAAAAAAAAAAAAAAAAAAAAAA9Nao3wE6L79ImzbvUF5+0ZA9M3f1UuVMmaic7IwheyYAAAAAAAAAAAAAAAAAAAAwFtgMwxi1vwf9qQ0bhzT4fKHc1UuVu2aZZc8HAKA7hadLZLPZJKnfX4OOO46pF/df5Lg3592N9XTtYnN6ayDWAAAAAAAAAAAAAAAAAMam/sWX7QNUxbBjdfhZkja9tdPyGgAAAAAAwP/P3p2HVX3e+f9/nY19U0FBBRfwaOIWTeICRpMYwSRkTxuTdG/TpqbpYpqZq53vzPfbTqfz/U0aO21nbDqd1qbzbWrSJUuJCWgWjeC+xC2KoAgqrqyCrOf8/kA+cjjnwAGBDxyej+vy8nPfn/u+P+9z8OQi1/XiDQAAAAAAAAAAAIBgYje7gP6Qk5vvFTx2pibLmZrc/8/OK/AYFxaVDshzAQAAAAAAAAAAAAAAAAAAgOEgOAPQnULI2Znpys7KGJBnZ2dl6OnnXjDGdIAGAAAAAAAAAAAAAAAAAAAA+o7V7AL6WufA8UCGnwEAAAAAAAAAAAAAAAAAAAD0r6ALQHfmTEsxuwQAAAAAAAAAAAAAAAAAAAAAfSToAtCFRaVmlwAAAAAAAAAAAAAAAAAAAACgnwRVALqwuMx7jkA0AAAAAAAAAAAAAAAAAAAAEDTsZhfQV3Jy85WTV+A9n1egnLwCrVq5Qs7U5IDO6hikDnQPAAAAAAAAAAAAAAAAAAAAgP4XNAHo7hQWlXYbZi4sLlNObr5XJ+nszHQ501IIQwMAAAAAAAAAAAAAAAAAAAAmC5oAtDMtRfLRATpQ/jpIS21dpNWDLtLO1GSvEPVgsX7DVjU1N3vNh4aGyG6zKXHMKCWOHqn4kbGyWCxdnlVVc1kbPtxpjBcvvEljEkb0ec0AAAAAAAAAAAAAAAAAAABAu+AJQKcm66UXn9fqNes8wseBdm/2F372WJObr1UrV1x3rWbKySuQy+UKaK0zNVmffWy5EkbF+bxfXX1Z723aZYxvmDKBADQAAAAAAAAAAAAAAAAAAAD6ldXsAvpa56BzQOHn3HyvM1atXKHszHSP+cLiskHb2bk/FBaX6R9//Gu9+c5HamltNbucPlFdU6e1r6zX2lfW6613t5hdDgAAAAAAAAAAAAAAAAAAAHooaDpAX4/Ooeb2Ls/O1GQ501K0es26a2uLSrsNVA8VX/nsfRqbGC9JcrnculRRrbPnL+l0+QXt2POJse6djdtUfu6Snv7Cgx77Y2IiNfOGyXK53ZKk2JiogSu+l+rqr2j77kOSJIfdrvuXLzK5IgAAAAAAAAAAAAAAAAAAAPQEAehOvDpIB0nY2ZfR8SOMALQkjR+boNlKkyTdt3yR1r7yto6XnJEk7TtwTIePlujGqRON9SNio/XMVx4Z2KIBAAAAAAAAAAAAAAAAAAAwrFnNLqAvFRaXeXVzLiwqVU5ufq/P6MmxhlJmAAAgAElEQVTeYJIwKk5/9+yTGpeUYMz95g85ampuNrEqAAAAAAAAAAAAAAAAAAAADHdB0wE6JzdfOXkF3vNX55xpKX67OWdnZWj1mnXGePWadcrOTPcZqB5uvvD43fqX1b+XJNXVXdGhIyc0Z6bTuL/2lfXG9Wc+nSmHve2f1L6Dx7R3/zFJ0qIFs5Q6caz2Hy7W5oJ9OnnqnCaMH6NvfvVTxt76Kw3aVLBPu/cd0aWKGlltViWPG61paSladvs82Wz+s/plp8/rgy17VHzilKpqLisiLExjk+KVOnGc7rztZoWFhejd97er/OwlXa6rN/Y1t7R41D9v7g2aPm2SMW5tdWnXviPK375f5y5UqL6+UdHRERqXlKDF6Tdpxg2TZelUy9nzFXpn4zZJUtqkcbpt4WydOHlGm7d+rMNHT6ihsUnf+9ZntXHzLkmS1WLVYw8t9fv6KiprtH7jVklSdFSEHrj7Nr/vAwAAAAAAAAAAAAAAAAAAwHAQNAHo7hQWlfoNQDtTk+VMTfbs/OwjTJ2dma7srIx+q3EwSh43RpNSknSitFySdKb8okcAevvuQ8b1ioeWGgHo4yVnjHvRUeH6/avv6sLFSmPt2fMVxnV1TZ1++JO1qqu74vHsI4UndaTwpPJ3HNQ3v/qoEkbFedW3Zdt+/b8/5XrMNTY2q7K6VoeOnNA7G7fps49lafe+oyo7fc5rf8f6Q0McRgC6tdWln770qoqOn/JYX1FZo4rKGh04XKxFC2bpM5/K8rhfVV1rnHnu/CWdKC1XwY4DHmtCw0JUsOOgXC6XJClt8njNm3uDV22StOHDndqybb8kaeaNqT7XAAAAAAAAAAAAAAAAAAAADCf+2+oOMc60FP/3UpO7DC7n5OYH1Ok5J69AObn5vapvKBubFG9cny6/0OP9Gzft8gg/R0aGK3H0SEltnZ//77//jxF+jo6K0JKMOVqSMUcjYqMlSRcuVmrNb1/3OnfHnsMe4Wer1aqU8WM0MTnRCGI3t7To40PFGjUyRtFREQoPC/U4IzoqwvgTGxMpSXK73Vrz2796hJ9HjojR1LQURUdFGHNbtu3XX/72od/XXVJ21iP8HBrqUOLokbJarLpt4WxjfsOHO33ub2lpNcLPknTPXQv8PgsAAAAAAAAAAAAAAAAAAGC4CJoO0M7UZL304vPKyc336N68auUKv52fJXmt70772uHUCTpx9CjjujcBaEly2O164tFlmjPTqbCwEGN+zW9fV2V1rSRpalqKnn3qUdntNknSpx+4U7/49Z915NhJlZ+9qF37juiWm6ZJkk6WndVv//C2cc70aZP01GfvN852u93alL9Xr735gZbfOV/J40ZLks6cvagfvrDWqOmFHzzjVeub73ykQ0dOSGoLVT/9hQc1a/q17ssfbNmjV19/T1JbeDll/BjdOsd3B2dJWr50vm7PmKu42Chjbtntt2pT/l5JUtnpczp7vsIIhbfbseewmltaJEmJo0dq0oSxfp8BAAAAAAAAAAAAAAAAAAAwXARNB+je8BV+dqYma9XKFcaf7Mx07315BQF1jA4W4eHXuiZfrm/o1Rl/980ntPDWGR7h58qqWo8uy1/+TLYRfpYkm82qz346yxjv2nfEuH7/oz3GdWRkuJ758sMeZ1ssFt2+aK5+/q/fNsLPgXBL2pS/zxjfu2yhR/hZku5YNFdzZzmv1bJ5t9/zHrnvdj14z2KP8LMkxY+M1bQpE4zxe5t2ee3N+2CHcX3PMu9/hwAAAAAAAAAAAAAAAAAAAMPR8A5Adwo/Z2emGx2j2/9kZ2XopRef9wpC5+TmD2Sppjp/odK4HpMwosf7k8eNUfK4MV7znxSWGNcJ8SNks9lUV9/g8ScsLFShoQ5J0tlzl4z1h4+eMK6X3zlfVqvvf8odA9WBqKqq1ZWGRmN85203+1y3dPEtxvWJ0nK/5/nbL7V1hm6Xv+OA0e1ZkspOn9fZ8xWSpNBQh265aWr3xQMAAAAAAAAAAAAAAAAAAAwDdrMLMEvnAHN2ZrqyszL8rs/OylBhcZnR+bn92pma3K91DgYdA9C+gszdGZsY73O+sqrWuL5wsVLP/eMvujznUkWNcV17ub7b83ujouraM6xWq0f3645GdwqCNzQ0eXSglqTYmEjZbP5/xmDalAkaERutyupauVwubd99WIvmz5Ikbfhwp7Eu8/Z5fgPeAAAAAAAAAAAAAAAAAAAAw01QBaBXr1lnBJQ7znUXbm7X067OhUWlQR+Abmlt1dGiUmM8Pimhx2c4HL67MLe6XB7jEbHRXZ4TFRUhSXJ3mg8NcfS4Jn9aW6/V5K9uSQpxeD6zuaVFYfIMQNts3XefXr50vv74142SpA0f7NCi+bPU0NCkXfuOGGtuXzQ3oNoBAAAAAAAAAAAAAAAAAACGg6AJQOfk5nuFn417eQWS5BGC7ry2fQ08vfvedl1paDTGqZPG9dnZSWNGGdfjxybofz33hYD2WSSFhjrU2NgsSbpwqUppk8f3SU2xMVHGdWNjs1wul8/uy5cqqz3G7eHsnkqfP1OvvvG+XC6Xzl2oVNnpczpaVCbX1XD4vLk3KjIirFdnAwAAAAAAAAAAAAAAAAAABCPvZOcQ5UxLMbuEoFNcclrrN2w1xgtvnaGxifF9dn7Hs06duaDay/UB7x2TMNK43rrzYMD7wkKvdWlubmlRZXWtx/1RI2M8As/7Dxf7PGffgWPG9cgRMbIEXIEnh92u2zNuMsYbPtylDR/uMMZ337WglycDAAAAAAAAAAAAAAAAAAAEp+AJQKcmKzsz3ef8qpUrPLo/S/Ia9+qZQRq6rq6p09pX1uuFX7xidCIODXXosYeW9ulzksaMUmxMpDFe+8rbam11ea07dea8fvHrPxsdnyXptgWzjevC4jLlbz/gte/s+Qr9+0uvqaa2zpgbERftsWbPx4UeY7vNpptmTDHGr73xvi7XXfFYc+Fild7ZuM0YL5o/y+9rDMSy2+cZ1zv2HFZ1TVu9k1KSPLpkAwAAAAAAAAAAAAAAAAAAQLKbXUBfag815+QVeMw5U5O91jpTk/XSi8+rsLisV8/ydeZQ8z+v5SomOkKS5Ha7damiWhcuVRuh53YOu11f/8JDHt2T+4LVatWXP3OfVq9ZJ0k6fLRE3//RS1q88CaNGhmrisoaFZec1qEjJyRJm7fu07Lbb5UkZcyfqV37juhoUenV1/Kutu46qBudE2WxSMdPluvA1e7NH2zZowfuvk2SZLFYlDJ+jEpPnZMk/enN93Xk2EnNm3uD4kfGatKEsVrx8FIdO16m2sv1qqis0T/8y6+0JH2OoiLDVVFVq80F+4z3KHncGC2749breh9GxEVr+rRJxutsd8+yhdd1LgAAAAAAAAAAAAAAAAAAQDAKqgB0b/RHkNmZmmwEqwdzULrs9Llu18ybe6Mee2ipIiPC+qUGZ2qyHrx3sd54e7Oktu7Tf8vN97m2oaHRuLZarXr2q4/qxf/4o06UlkuSio6fUtHxU177Ll/27OD8ucfu1o9e/J0xPnC4WAcOFyshfoT++XtfUUx0pL7/nc/phy+s1ZWGRjU2Nivvgx1e5yaOHqnvPvO4HPbr/xgtX7rAIwAdHRWhGTemXve5AAAAAAAAAAAAAAAAAAAAwWbYB6Db9aQTdHeh5uysDDnTUgJaO9BsVqtXh+d2VqtVo0bGalxivJISR2n29DRNTEkK+Gyr1epzvruA8PI752vOTKf++JcNOlF6Ro2Nzca90FCH0iaN16P336GkMaM89tltNn1n5WN6650t+mjbxx77rFarUsaN1iP336Epk8d77Bs/NkH/sOrz+v2r73qEwKM6hLxHxEXrH577vF5/e7N27zvi9XoW3DpdD927WKGhDr+vy2G3dfm6O5oyebwcdruaW1okSXcvXSBLwLsBAAAAAAAAAAAAAAAAAACGD4vb7XabXURfKSwuU2FRqXLyCoy57Mx0ZWdldLkvJzffY093nKnJWrVyRa/rRNcaGpp0qbJao0bGKiw0JOB9dXVXdLnuisLDQxUTHRnQHpfLrQuXqtTS0qK4mChFRoZ7rXG73aquqVNDY5MiI8IUHRURcE2BKjp+Sj/5zz9Kagtv//u/fFMhIf7D1QBwvU6WnJbF0vajFtf7t8d1xzkFsL6L60DG/ua6u9fVnkD1xRkAAAAAAAAAAAAAAADA8HR98eWg6QDtL8Sck1egnLwCrVq5wm835p50f+7NevRMWFiIxiUl9HhfZGS4zwBzV6xWi8YkjOhyjcViUVxsVI/r6Yn1G7ca14vTbyL8DAAAAAAAAAAAAAAAAAAA4IfV7AIGSmFRqd97/oLRwEC4WFGtw0dLjHHm7beaWA0AAAAAAAAAAAAAAAAAAMDgFjQdoJ1pKZKPDtCByM7KaNsf6LMITKMP5b633biePm2SRo6IMbEaAAAAAAAAAAAAAAAAAACAwS14AtCpyVq1coVycvNVWFxmzGdnpsuZltJtaLkvQ82FxWXKyc2XMzVZ2VkZfXYugo/L5da+g8cUGuqQJN191wKTKwIABDOr1SKr1SKLVbJYLLJYrv0NAAAAAAAAAAAAAADQn9xuye12X/vb1Zahc7ncZpeGIShoAtBSW4jZmZrsEYAOJPzc1wqLSlVYXGb8WbVyxYA+H0OH1WrRCz94xuwyAABBymKxyGazyGqzyGa1SASdAQAAAAAAAAAAAACASdobtV0dXbvhllpdbrla3WptdcvtJhCN7lnNLqCvOdNSzC7BI4ANAAAw0Ox2q0LDbAoLt8kRYpXNRvgZAAAAAAAAAAAAAAAMUhbJZrPIEWJVWLhNoWE22e1BF29FHwv6fyE5ufkD/kwC0AAAYKBZLG3/IxAeYZcjxCqrlcQzAAAAAAAAAAAAAAAYeqxWzwzEta7RwDVBF4B2piZ7jAuLy0wJQQMAAAwEi0XGT0Dy048AAAAAAAAAAAAAACCY2O1W4zdgk4NGR3azC+gP2ZnpyskrMMYdr/tb5+7PnQPZAAAAfcXusMrhIPQMAAAAAAAAAAAAAACCm91uld1uVXOzSy3NLrPLwSAQnAHorAwVFpd5hJEHMgTduRYAAIC+1P6rXqxWfrQRAAAAAAAAAAAAAAAMHw6HVTabRc1NLrlcbrPLgYmCtmXgqpUrTO++nJ2ZburzAQBA8LHbrQoNsxF+BgAAAAAAAAAAAAAAw5LValFomE12e9BGYBEAi9vtDuoIfE5uvlc36P7mTE1WdlaG6QFsAAD8OVlyWhZLW4D2ev/2uO44pwDWd3EdyNjfXHf3utoTqL44o6dCQmyy2Qk+AwAAAAAAAAAAAAAASFJri1tNTa1ml4Feub74ctAHoAEAgDcC0EMrAG2xSCGhdH0GAAAAAAAAAAAAAADozOVyq6mxVaRhh5rr+4LR/xsAAGAQs1gtCiX8DAAAAAAAAAAAAAAA4JP1arbCQrZiWCEADQAAMEi1hZ+tfIMOAAAAAAAAAAAAAADQBTIWww8BaAAAgEHIYpFCQ6yyWPjGHAAAAAAAAAAAAAAAoDsWi+Vq1sLsSjAQCEADAAAMQiH8ahYAAAAAAAAAAAAAAIAesVgtCgm1mV0GBgABaAAAgEEmJMQmK+FnAAAAAAAAAAAAAACAHrNaLQoJIQQd7AhAAwAADCJ2u1U2O+FnAAAAAAAAAAAAAACA3rLZLbLbicgGM766AAAAg4TVapEjhG/PAAAAAAAAAAAAAAAArpcjxMpv4A5iJGwAAAAGCcLPAAAAAAAAAAAAAAAAfYcsRvDiKwsAADAI2B381CEAAAAAAAAAAAAAAEBfslotsjuIygYjvqoAAAAms1gkB99sAwAAAAAAAAAAAAAA9DmHwyoLPemCDkkbAAAAk/GThgAAAAAAAAAAAAAAAP2HbEbw4SsKAABgIovFIrudb8kAAAAAAAAAAAAAAAD6i91ulYU20EGFtA0AAICJ7A6+uQYAAAAAAAAAAAAAAOhvZDSCCwFoAAAAE9H9GQAAAAAAAAAAAAAAoP+R0QgufDUBAABMwjfWAAAAAAAAAAAAAAAAA4esRvDgKwkAAGASm51frQIAAAAAAAAAAAAAADBQyGoEDwLQAAAAJrBYLLJa+aYaAAAAAAAAAAAAAABgoFitFlks5DWCAQFoAAAAE9hsfDMNAAAAAAAAAAAAAAAw0MhsBAcC0AAAACaw8s00AAAAAAAAAAAAAADAgCOzERwIQAMAAJjAZuWbaQAAAAAAAAAAAAAAgIFGZiM4EIAGAAAYYFarReJ7aQAAAAAAAAAAAAAAgIFnuZrdwJBGABoAAGCA8U00AAAAAAAAAAAAAACAechuDH0EoAEAAAaYhe/AAAAAAAAAAAAAAAAATEN2Y+jjSwgAADDALBZ+ihAAAAAAAAAAAAAAAMAsZDeGPgLQAAAAA4zvoQEAAAAAAAAAAAAAAMxDdmPoIwANAAAwwPgpQgAAAAAAAAAAAAAAAPOQ3Rj6CEADAAAMML6HBgAAAAAAAAAAAAAAMA/ZjaGPADQAAAAAAAAAAAAAAAAAAACAIYMANAAAAAAAAAAAAAAAAAAAAIAhgwA0AAAAAAAAAAAAAAAAAAAAgCGDADQAAAAAAAAAAAAAAAAAAACAIcNudgGDRWFxmXJy81VYXOYx70xNljM1WdlZGSZVBgAAAAAAAAAAAAAAAAAAAKAdAWhJObn5yskr8HmvsLjMCEUTggYAAAAAAAAAAAAAAAAAAADMZTW7ALN1FX72WJdX4NUdGgAAAAAAAAAAAAAAAAAAAMDAIgDdKfzsTE1Wdma68cdjbW7+QJYGAAAAAAAAAAAAAAAAAAAAoBO72QX0t8LiMiO47ExNliRlZ2X4XJudme51r7C4zOj83LkDdE/OBgAAAAAAAAAAAAAAAAAAAHD9gjoAnZOb79HhuT3AnJNXoFUrVxih5a44U5N9Bp9Xr1nnNdeOEDQAAAAAAAAAAAAAAAAAAADQP4I2AN05/NzZ6jXrAgpA+9rXORDt8dyrzyQEDQAAAAAAAAAAAAAAAAAAAPQ9q9kF9Ifuws/tOgeZnWkpXms6z3UVfjaen1egnNz8btcBAAAAAAAAAAAAAAAAAAAA6JmgC0D7Cj9nZ6brpRef16qVK/zuy85M99kR2pma3GWn6FUrV+ilF59Xdma6Zx15BQGFpQEAAAAAAAAAAAAAAAAAAAAEzuJ2u91mF9GXOgegszPTlZ2V0eM13Z3rTE1WdlaGRzja15quQtcAAJjlZMlpWSwWSbruvz2uO84pgPVdXAcy9jfX3b2u9gTqes4Ij7Bf9/OD3dnaYyqvPqLzl4+rou6UahrOq765Sk0t9XK5W80uD8OM1WJTiD1CEY44xYSN1sjI8RodNVlJsdOUGD3F7PIAAAAAAAAAAAAAAL1wpb7F7BKGueuLLwddAHr1mnUenZdfevH5AX3+08+9YFwTgAYADFYEoAlAD0ZHz29W4fl8Hb+0U/VNVWaXAwQkIiROk0fdKufoDE0dvdjscgAAAAAAAAAAAAAAASIAbbbriy8HffqmsLjMo0tzd2s7C3SvL9ezt7+8+942NTQ2KS4mSrcvmtvz/e9vV0NDo0aNiNVtC2f3SU1vrN+s5pa2To43TJmgGTdM7pNzAQDA4Fd1pVx7T/1N+8+8S+gZQ1J9U5UOlm/QwfINigiJ06yxyzVn/H2KC08yuzQAAAAAAAAAAAAAAIJW0AWgs7MytHrNOmO8es26gLpAd+4c3ZEzNVnO1GRlZ2V0e8Zg93beVjW3tP3UwqQJYzUhOTHgvfsPFeuNtzdLkhJHj+yzAHTeBzvlcrkkSW6XiwA0AADDQE3DeW0t+aP2lL1pdilAn6lvqtK2knXaVrJOc5Mf0MKJjysmbLTZZQEAAAAAAAAAAAAAEHSsZhfQ13x1Xe4umJyTm+83/Cy1dYbOySvQ08+9oJzc/IDP6C4wbbZ1f90Y8Fq3pNfeeK//iuknm/L3au0r67X2lfUqO33O7HIAAICkrSWv6JdbniT8jKC2p+xN/XLLk9pa8orZpQAAAAAAAAAAAAAAEHSCLgAtSatWrvAYdxVuliRnWkrAZ+fkFfgMQefkFXRZw2B0orRcR4tKA1q7a+8RXayo7pc6brlpmqZPm6Tp0yYpZXzgHakDsf9wsbbvPqTtuw+p6MTpPj0bAAD0zNnaY/qfnd/Uh8f+Wy53q9nlAP3O5W7Vh8f+W/+z85s6W3vM7HIAAAAAAAAAAAAAAAgaQRmAdqYmKzszvUfrfXWOluTzHH8h6EDOG2zWvd59V2e3260/v/V+v9XwpSfv1bNPPapnn3pUC26Z3m/PAQAA5vn49Hqt3fY1nao6aHYpwIA7VXVQa7d9TR+fXm92KQAAAAAAAAAAAAAABAW72QX0lcLiMuXk5nfb7dmfVStXaPWadT73v/Ti88rJzffo8pyTVyBnWorPoHNhcZmefu4FY5ydma7srIxe1dXfys9e1McHizR7RprfNfk7Dqi6pm4AqwIAAMFkU9FvVHDiD2aXAZhu/eGfqOpKuZakfdnsUgAAAAAAAAAAAAAAGNKCIgDdOZzcWccuzu1BaWdqslco2VcIuj3o3L7WIwSdm69VK1cYz/BXQ/v8YA1Bv/rGe5o1I00WH/daW136y1sfBnxWTW2dtmzbr5Kysyo/d0mXL9crMiJMY5MStHTxzZqaluK15933tqn8XIUk6a4ltyh53GhJ0tnzFXpn4zZJUtKYkVq+dIF27Tuig58cV2FxmZqbW5QQH6c5M526a8ktsljaXsG5C5Vav2GrJKmk7KzxnPc27VJJads4JMSuxx9eJqv12qu+cLFKGz7cqaNFJ1VVc1mREeFKGT9GN8+eplvnTPOqe9/BY9q7v+1Xmc+ZNUU3Tp2o/O0HdPhoiUpKy2W1WjQuKUF33HazZt4w2ef71dLSqq07D+rY8TKdOXtRlypqFBJiV9KYeM2ZOUWLM+Z4fV16+7501tTUrG27Dmnb7kO6VFGthsYmjY4fqeRxozVv7g2aNmWC1x6Xy6Wde4/oo20f69z5CjU1N2vsmHhNTEnS3XctUEx0pM9nAQCGr9wjP9OesjfNLgMYNApO/EENLZeVNe1bZpcCAAAAAAAAAAAAAMCQNeQD0N2FnzsHnQuLSlVYXNYWhM4r0KqVKzy6OPsMQV8NOmdnZRh7JXms8RWQ9qizi47RZnDY7UpKHKXSU+dUUVmjHbsPa/7NN3qt25S/V1caGiVJ8+beqB17Dvs8r6GhSa/8ZYPP+1caGnWxolr7DxXpjkVz9dhDSz3u79p3RKfOXJAkzZ6RZgSgq6prtX33IUnSuKQEVdfU6YMtezz21l6u1/GSM9q59xN979uflcVi8djX0cWKal2sqDbGj953h0JDHZKko0Wl+ukvX/VY39jYrIrKGu07cEy79x3Rl568VyEhDuP+8ZIzxnPCwkL0dt5WlZ0+53FGdU2dDh8tUdad8/XQvYs97q3fsFXvbNym5pYWr/eruqZOR46d1OatH+v73/mcbDarcb+370tH9Vca9KMXX1ZFZY3HfNnpcyo7fU4FOw7oxqkT9cUn7lV0VISktvDzv7/0mleX9BOl5TpRWq4t2/br6S8+qOnTJgkAAInwM+BP++eCEDQAAAAAAAAAAAAAAL1j7X7J4NY5jOlMTVZ2ZrqyM9O1auUKo0Nzu84B5c5hZ0leezqGljsHmDuHoFetXGE8v2PnaaktSD1YtLpceuKRZcb4z299IJfL7bGmuaVFb777kSTJarXqgbsX+T3ParVo174jxjg01KGJyYmaeWOqYmOudQX+YMselZSW97je0+UXjJBv/MhYjUkY4XG/9NQ5bd15UJIU4rArOipC0VERslqv/RN32K/NR0dFqD0TXHrqnH72qz8Z65LHjdEdi+YqY/5MOextPyOw7+AxvfnOFr/1bcrfa4SfxyUlKDIy3ON+7vvbdeFSlcfc/kNFRvjZarUqKTFes6anaVxSgsfr3vDhjj55X9o1Njbr337+B4/w84jYaE1NS9GI2Ghj7vDREjU1NUuS3JL+6/dvGf/erVarFtwyXUsX36JJKUmS2v69/Odv/qray/V+6wUADB+bin5D+Bnowp6yN7Wp6DdmlwEAAAAAAAAAAAAAwJA05DtAewSQM9M9uj13tbaj1WvWeXSC9rdOkpxpKVI3Hac7hqT9dYweDCamJGn6tEk6dOSEai/X66Ot+7QkY45xf+OHO9XY2BaAzbzjVkVFRvg9KyTEocULZ6v09Dndv3yRpk2ZYNxzu936j//+iw4dOSFJev+jPfrSk/f2uN7QUIe++dSnlDppnCTpwsUqrVn7usrPXpQkbS7Yp/R5MzVpwli98INnJEm/+PWfjec+fN8S3bForseZjY3NeuEXr8jlckmS7svK0L0dgusP3H2bfvDCWtXVXdF7m3fpriW3aERctHwZl5Sgbzz1iBEiPnb8lH7+qz8ZIeetOw/q/uXXQuTL71qgV//6nu7NStfCW2Z4dHl+b9Mu/emtD9quN+/W8qULrvt9affL372us+crJLUFmZ/+woOaNT3VuH/hUpVeXveO7DabRo2MlSS9u3Gr9h04JkmKjAzXPz73BcXFRhl71m/Yqrfe3SKXy6XX396szz223G+9AIDg9/Hp9So48QezywAGvYITf1BceJJmj7vH7FIAAAAAAAAAAAAAABhShnwH6L7S3gm6sLjMq1OzMy3FuC4sKu3RuZ07Rg82Kx66y7j+69ub1NLSKklqaGzS+g3bJLV1Tr576UK55fZ5hnHWw3fp75590iP8LEkWi0WZd8wzxucvVPSq1i8+ca8R8pWkhPg4PXzvYmN8oaK6x2fu2X/UCCgnxI/QPZ26dsdER+rhe5cY44OfHPd5jtVq1bNffdSjg/KUyeO1aMEsY3z+QqXHnptmTNG//tPTWjR/lkf4WZLuuO1m47r2cn2X73xP3tRpGlsAACAASURBVJeqmss6UnjSGD/xyDKP8LMkJYyK03efeVzf+MojxtzGzbuN6898KtMj/CxJy5cuMLpe791f2EW1AIBgd7b2mNYf/onZZQBDxvrDP9HZ2mNmlwEAAAAAAAAAAAAAwJBCALqD1WvWGUHojroKMQ/2gHN3EuLjtPDWGZLauiFv3LxLkvTue9uMYPB9yzMUGuro1flut1tNTc0KCw0x5i5V1vTqrNkzpnjNJY4ZZVzX1V3p8Znt3aElaWpasurrG1TX6c/4sQnGmvbOyZ1NTElUXEyU13xSh/oqqrp/3W5JzS0tamhs9HjPa2rq/O7pyfvyydES49phtytj/kz5Y7fbJEmV1bUeZ0yeMM7rPbrS0KiJyYmSpCsNjUaQHgAw/Gw48guzSwCGHD43AAAAAAAAAAAAAAD0jN3sAvpS5+Byd5ypyd3uye7QETgnN185eQUe+4PBQ/cu1vbdh+VyufR2boHmzblBeR/slCSFh4XqzsVXuxF33QBaLpdLmwr2ae/+QpWfu6Tay/W+17m7OciHEbHRsviYDw3pXTC7XcdQ8pZt+7Vl2/4u1589f8nnfOLoUT7nw8KuBb9drS6v+/sPFatgxwGVnj6nqurLcrm810jyO9/T96Wyqta4jo+Pk8Xia3enPZW1HuO//8GabvdcvFTlEcIGAAwPW0te0amqg2aXAQw5p6oOamvJK1o48QmzSwEAAAAAAAAAAAAAYEgY8gHojiHmwuIy5eTmX7uXluIRUvYVWF61coVWr1nn92xnWkqv6mqvpWPAerAGpmOiI3XXkluU98EONbe06H/9+NdG4PaR+26X3Wbr9ozmlhb97//7G1V06u4cHhaqkBC7WlpdverQ3M5i7T6o2xsdQ8lWq1Wx0ZFdrk+IH+Fz3tqL+n77h7e1Y89hjzmH3a6IiFDZbDav99KXnr4vjU3NxnWoI7CPf+fw9YjY6G732Ozd/5sBAASXmobz2ly01uwygCFrc9FaTU+8SzFho80uBQAAAAAAAAAAAACAQW/IB6CzszI8AswdOzQrr0DZmenKzsowpjoHpqW2EHRhUakKi8uMtb7Cys60FKnD+YXFZVq9Zp1WrVzhtdZXqHqwBqAl6Z5lC/XBR3vU3NJiBF5jYyKVMX+mscbdRefmg58cNwK7oaEOPfbgUt069wY57G3/xE6duaAfvfi7fnwF3XO7vOtPSoxXSdlZSdJdS27Rw9lLBqSWy3VXPMLP9y9fpNsWzlZ0VIQxt/L5F/12fu6tEbFRxvWFiuqA9owZPdJj/M//8FRAoXgAwPCyteSPcrlbzS4DGLJc7lZtLfmjsqZ9y+xSAAAAAAAAAAAAAAAY9KxmF3C9nKnJys5M93s/J6/Aoyt0xzC0JOXk5redkZWhVStXtHV99hNU9vWs9hB0dzoHsQebsNAQ3X/3Io+5Tz+4VBZLYB2Gt+++Fua9bcFspc+baYSfJan01Nm+KbSHQkNCjOsTpWe87o9LSjCuPz54TP4j3n1r74FC4zopMV73LFvoEX6urKrt8/CzJI0be62jYF3dFZWUlne7JzoqwuNreeiTE31eFwBgaKu6Uq49ZW+aXQYw5O0pe1NVV7r//gwAAAAAAAAAAAAAgOFuyAegpbZQc3ch6HadA85dBZgLi8uUk5vvFaAOJATdvsaZmqxVK1cM6vBzuztum6sRsdGyWq1KHjdGN8+e6nHf3UU8uGPQ+PhJz6BxU1Oz/pKzqW+LDVDSmGvdi/cdKPJ6BbOnpxnX5y5UKvf97T7P2bO/UC+ve6fP6goNcVx77vkKNTU3e9x/5S8b+uxZHaVNHq/wsFBjvPaVt1V7ud5jjcvl1oYPd+qtd7cYc7NnXHuffv/au157JKn2cr1+98f1Kj5xuh8qBwAMZntP/c3sEoCgwecJAAAAAAAAAAAAAIDu2btfMjRkZ2V4hIxXr1mnwuIyv2s7BpYLi8v09HMveASbC4vLvPa3n9/+d8dgdXsIetXKFT7rGQrsNpv+9Z+e7tXeObOmaPvuQ5Kk4yVn9NLv3tDNs6eqqalFb6zfrLq6K31ZasCmTpmgtzdslSQ1t7To+z98SYsWzNL4saM1NS1FCfFxuvuuBXpn4zZJ0htvb9bHB45p7uypiooMV/m5Szp05IROl1+QJC1dfLPGd+ii3FszbphsXLtcLv3bz/+gRQtmKyY6Uhs37dTxEu9u1X3BIunpLz6on/7yVUltoe/v//OvlDF/pkbHj9D5i5X6+GCRKqtrZbValXXHfIWGOvT4I8v08cEiNbe0qK7uiv7+B7/UHbfN1bjEeF250qiTp85p174jcrlcqqq5rG9/7dP9Uj8AYHDaf+Zds0sAgsb+M+/qjilfNbsMAAAAAAAAAAAAAAAGtaAJQHfkK7zckTM1WdmZ6R4BZkleY1/3ehKCDjZu/w2gNWPaZDlTk433fd+BY9p34Jhxf/LEsf0W6u2KMzVZ06dN0qEjJyRJldW1+tvVjt4rv/SwZk1PVXZmhsrPXtK+g231nigt14lS7189brVaVVV9uU8C0BHhYbp32UIjnH3qzAWt++tG4/7IETGqq7+ixsZmf0f02tS0FD371KP6xa//LKktGP5h/l6vdTarVZVVNUocM0qREWH6+pce0q9efkONjc1yuVx6b9Mun+c3NfV9zQCAwevo+c2qb6oyuwwEIMwRLYe17TdBXG6qkNvt6rOzQ2zhCrVHSpJaXM260lzd4zOiQkfJIoskqa6pSi53S5/VN5TUN1Xp6PnNmjp6sdmlAAAAAAAAAAAAAAAwaFnNLqA/dOzuLMmjs7Mxl5Xhc74rOXkFyrkanvV3RnsIerCy222S2sKtPWWzXdvTfk7H8Xe+/pjuvG2uIiPDjfnQUIcW3jpDX/nMfQE9w9Hp3O7mA7HySw/r3sx0Oeyeef/IiDBJba/r6S8+qGefelRJifGydnpvoqMitCRjjl74Pys9Ojd71tfznyW4b/kifX7F3Ro5IsaYs1qtcqYm6/lnn1CIw9HtGb19X6ZPm6TvfP0xTZ441utedFSE7lpyi37yw28occwoY/7GqRP1//3TSqXPm+nxNW6vO3ncGD3zlUf0d88+2auaAABDU+H5/O4XwXQWi0XPLv6TvrH4NX1j8WvKmvatPj0/64ZvG2c/lf6bXp3x7NX931j8mqaNGd7hXz5XAAAAAAAAAAAAAAB0zeJ2d9XXd+jJyc336uT80ovP93iP1NY92Jma7HUvOzPd6ADtb78zNTloO0EHovZyvRqbmhU/MtbsUjzU1TeoorJGYWEhGjUixivs3K66pk519Vc0OmGE7Lbeh68D1dTUrEuVNUocPVIWi6Xfn9dRa6tLldW1crvdGhEXHfDrbWlp1fmLlYqKDFdMdGQ/Vwmgr50sOW389+Z6//a47jinANZ3cR3I2N9cd/f64r+113NGeETw/BKOn216mA7QQ8C8CY9qqXOlMW5xNekn79+tvvpfgftmfE8zkpZJkuqaKvTzTY/2+IzvLXtPuvrfjTcP/EiHz77fJ7UNRREhcfrWkr+aXQYAAAAAAAAAAAAABLUr9cPzNxMPHteXWQie9I0fgYSQs7MyjEBzYXGZpLYAc0cdA87t1+172v/uuKa9E/RwDUFHR0Uo2uwifIiMCDM6P3clNiZSsTEDF+oNCXEoqUO35YFks1l7FVS3220amxjfDxUBAIaKs7XHCD/30P0zvi9Jeuvgjwf0uQsnPuExtltDdGvKI9px8s8DWgcCU99UpbO1x5QYPcXsUgAAAAAAAAAAAAAAGJR8t78dwtoDzO06B5m70971uaPsrAxlZ6Z7zOXkFSgnN7/LNe0haAAAgGBUXn3E7BKGnMQYpxJjnAP6zNT4+YoIifOa7xyKxuDC5wsAAAAAAAAAAAAAAP+CLgDdWceQcrvVa9bp6edeMP74WtMZIWgAAABP5y8fN7sEBOBO59PGdVnVAbmv/gqZiJA4TY6fZ1ZZ6AafLwAAAAAAAAAAAAAA/Au6AHR2VobHuGNIuT2M3LlLdE5eQUAhZULQAAAA11TUnTK7BHRjVGSK4iMnGOO8T36m4ovbjfFS59d7dF585ATNHnePbk15RNFhCT2ux2ELVVr8Ai2Y+LhS4+fLYrH0+Izhgs8XAAAAAAAAAAAAAAD+2c0uoK85U5OVnZmunLwCYy4nr8Bj7EthcZkKi8vkTE3ucl17wLrz+R3v+VpTWFymnNx8r4A2AADAUFXTcN7sEtCNZVOfNa6rrpTr/OXjeu/oGqXFL5DUFmgeFZmiS3WlXZ6TFDNVj970I0WFjjLm7pr6jJpbG/VR8dqAasme/veaMTZTFnUMPbt1qa5ML+9YGfiLGib4fAEAAAAAAAAAAAAA4F/QdYCWfHdh9rmuc6fmoq6DH12dH2gnaAAAgGBR31xldgnoQqg9UpNGzTXGHxX/TpJUUX9Kl+qufV/aMSTtS3RYgj5z6888ws/tHLZQ3el8WikjZnd5xj03flczx2Z1Cj9LkkWjIlP01fSXu3k1ww+fLwAAAAAAAAAAAAAA/Au6DtDtfHVh7mjVyhVypiZ32xlaklavWSfpanfpLro8++oE3d5ZWiIADQAAgktTS73ZJQxa98/4vhJjnF7zceFjJUlfTf+d172zNYV66+CP+6yGO6d8TboaOG5qvaKD5RuMe5uLf6uHZv1vSdLEUXMVao9UY0ud1xkOW6i+vODXsltDjLlLdSdVUrFXdmuIUuPnKyp0lGLCRvutY/6ET2v2uHuMcaurRcUXt+lSfZkSo6do0qibfYarhzs+XwAAAAAAAAAAAAAA+Be0AWjpWhBZuhY+zs7KkDM12ed6XwHlnNx8jwBzxzMDCUE7U5MJPgMAgKDkcreaXQL8sFgsmjk2yxh/fHq9x/0j5zapsaVeofYIWWTRnVO+pnc+We11zrwJn1K4I8YYbzn+sj4q9uzW/PjNL2jiyJs7Pt3j/m2pXzSuG1ou67/yP6+6pkpjLilmqj437z9ktdg6nNC5U/Tww+cLAAAAAAAAAAAAAAD/gjoALXmGoH3pGFAuLC5TTm6+ca9j9+buzu8cgqbrMwAACHZWi42Qph/+Ojm3d37+r4Iv9Ovz56V8SjarQ5Lkllubi37rtWbPqTe1cOLjkqSZY7P07pGfyu12e6yZMGKOcV3XVOEVfpakv+z7J33njrc8AsztwhzRcthCjfG7n/zUI/wsSeU1R3WwfINmjV3eg1cY/Hy9nwAAAAAAAAAAAAAAoI3V7ALM1jkgnZNXYPzpHF7Ozkz3e0bne77C0/72AwAADEUh9gizS4AfCyc9blyXXNqtptYrXmu2FL8st9oCzzarQ/NSPuW1JiFqknF99NxHPp/V1HpFFy6f8HkvLX6Bce1yt+qTsx/4XLe95FWf88MZny8AAAAAAAAAAAAAAPwL+g7Q3XGmJis7M92jg7Mv2ZnpXXaT9tUJuif7AQAAhpoIR5wammvNLgOdTElYqHBHrDGOCInVp+b47kjd0tpkdGheOOlxbT/5msf9iJBr51ysO+n3mTUN5zQmOs1rftKoW4zrppZ6v/sv1Zf6vTdcRTjizC4BAAAAAAAAAAAAAIBBa9gHoKWuw8vO1GRlZ2XImZoc8Dkduz/3ZD8AAMBQEhM2WhX1Zd0vxIC6Y8pXPcZjoqdoTPSUbveFO2KVFr9ARRe3GXMut0tWi02SZLeG+N1r8fjFMm7jqmPnaavV1sXTLR4jd4czhquYsNFmlwAAAAAAAAAAAAAAwKBFAPqq7KyMPunQTJdnAAAwXIyMHK+Sit1ml4EO4iMnaFTkhF7vv9P5NY8A9OXGS0YQNyFqkt99seGJHUbXwszHL27X3PH3S5JCbOGyWCxyu73DzaOjJnuMLZ0C0cPRyMjxZpcAAAAAAAAAAAAAAMCgRQAaAAAAvdI5tIruna0p7Nfzl0171rhuaq3XK7ue63ZPyojZutP5tCRpVOQExUdO0MW6k5Kkc7VFRgB62pglevvwv3kFmMMdsUqImujz7OOXdnUYWbRw4pMqOPH/vNYtmvy5buscbvh8AQAAAAAAAAAAAADgHwFoAAAA9EpS7DSzSxhy3jr44347O8wRrYkj5xjjvadyVF5ztNt95TVHlTH5cwq1R0hqC1H/cfd3JUnFF7drSkK6JMlhC9Ojs3+kP+37B2OvzerQ4ze/IPnp2NzqataV5lqFO6IltQWdSyp26Uz1EWPNlIQMOUfzW1Q64/MFAAAAAAAAAAAAAIB/BKABAADQK4nRUxQREqf6piqzS4GkO6d8Te1BZLfc+qh4bcB795x6UwsnPi5JmjhyjsIc0WportXeU3/TnPH3aUx0miQpLWGhvn37Gzpbc0wWizQ29gaF2CK6PPv1/f9HT9z8E0kW2ax2fX7ef+psTZFqGy8oLjxJCVGTevV6g1lESJwSo6eYXQYAAAAAAAAAAAAAAIOW1ewCAAAAMHRNHnWr2SVAksVi0YykZcb4xKWdam5tDHj/luKX5Za7/bSrYeo2L+94RnVNlcY43BGjSaNu1sSRN18NP7t1tqaww2ludXSyYq9yP/lZx2qVGDNFUxLSjfDzhcsnOjxfHtfDEZ8rAAAAAAAAAAAAAAC6RgAaAAAAveYcnWF2CZA0e9y9slkdxnjj0TU92t/ialLxhW3G+MbEO43rVlezfrP1KzpVdVCe4Wa3ahrO6/X9P7x6r43L7fI6f8+pt7Tx6H+qsaXeY765tUEnLu3Wb7Y9Jbe71aOe4YzPFQAAAAAAAAAAAAAAXbO43e7h3V4NAIBh6GTJaVksFkm67r89rjvOKYD1XVwHMvY31929rvYE6nrOCI+wX/fzB5OfbXpY9U1VZpeBAWCxWDU6arJC7ZEqq9qv3vyvRERInMZEp+ni5RLVNl7shyqHtoiQOH1ryV/NLgMAAAAAAAAAAAAAgt6V+hazSxjmri++TAdoAAAAXJdZY5ebXQIGiNvt0rnaIpVWftyr8LMk1TdV6cSlXYSf/eDzBAAAAAAAAAAAAABA9whAAwAA4LrMGX+f2SUAQYPPEwAAAAAAAAAAAAAA3SMADQAAgOsSF56kuckPmF0GMOTNTX5AceFJZpcBAAAAAAAAAAAAAMCgRwAaAAAA123hxMdltdjMLgMYsqwWmxZOfNzsMgAAAAAAAAAAAAAAGBIIQAMAAOC6xYSN1uK0L5pdBjBkLU77omLCRptdBgAAAAAAAAAAAAAAQwIBaAAAAPSJhROf0Pi4GWaXAQw54+NmaOHEJ8wuAwAAAAAAAAAAAACAIYMANAAAAPrMsmnPml0CMOTwuQEAAAAAAAAAAAAAoGcIQAMAAKDPJEZP0T03ftfsMoAh454bv6vE6ClmlwEAAAAAAAAAAAAAwJBCABoAAAB9ava4e5Q+6UmzywAGvfRJT2r2uHvMLgMAAAAAAAAAAAAAgCGHADQAAAD63JK0L2tu8gNmlwEMWnOTH9CStC+bXQYAAAAAAAAAAAAAAEMSAWgAAAD0i6xp3yIEDfgwN/kBZU37ltllAAAAAAAAAAAAAAAwZBGABgAAQL/JmvYtpU960uwygEEjfdKThJ8BAAAAAAAAAAAAALhOBKABAADQr5akfVn33Phds8sATHfPjd/VkrQvm10GAAAAAAAAAAAAAABDnt3sAgAAABD8Zo+7R2NipmjDkV/oVNVBs8sBBtT4uBlaNu1ZJUZPMbsUAAAAAAAAAAAAAACCgsXtdrvNLgIAAAyskyWnZbFYJOm6//a47jinANZ3cR3I2N9cd/e62hOo6zkjPGJ4/wza1pJXtLlorVzuVrNLAfqV1WLT4rQvauHEJ8wuBQAAAAAA4P9n786juyzvvPF/8k1CCFsg7Etk04ALKK4IuLQqLkVb64zaThc7na4z80zHTmd7OtPf0/aZmT5tnWk7dbrXbmq1ti6IgGtVEFERRRTBsIU9QNhCCEm++f0RuUnICgmEL7xe53hyXfd9Xdf9+S5w9Jx3PgIAAHCIyr01XV3CSa5j8WUBaAA4CQlAC0B3tV37tsQLq++JRaUPdXUpcFScW/T+uHjUh6JP90FdXQoAAAAAAAAAzRCA7moC0ADAYRKAFoA+Xuyo3BivrnskXt8wO/bu39HV5UCH9OjWNyYOuyYmjbg++uYP7epyAAAAAAAAAGiFAHRXE4AGAA6TALQA9PHo7S3PxvIt82LltpeEockYPbr1jTH9L4jiQVNj3KBLu7ocAAAAAAAAANpJALqrCUADAIdJAFoA+ni3afeK2LhzWWzZszK2V6yLXfu2xN7qHbG/Zm+k62q7ujxOMqms7OiW0yN65PaNPt0HRWHPETGo15gYWjA+hvQ+ravLAwAAAAAAAOAICEB3tY7Fl6VvAAA47gzpfZpgKQAAAAAAAAAAzUp1dQEAAAAAAAAAAAAAAO0lAA0AAAAAAAAAAAAAZAwBaAAAAAAAAAAAAAAgYwhAAwAAAAAAAAAAAAAZQwAaAAAAAAAAAAAAAMgYAtAAAAAAAAAAAAAAQMYQgAYAAAAAAAAAAAAAMkZOVxfQFWbOmRfLS0pjeUnpUXtG8diiiIiYcfXUZAwAAAAAAAAAAAAAdExWXV1dXVcXcawsLylNws/H0ozpU2LG1VOP6TMBoDVrVq+PrKysiIgO/2w0bngt2rG+lXF75i1da+tea3vaqyNn5Pc4KX8HDQAAAAAAAADguFG5t6arSzjJdSy+fNKkb5aXlMYdd97bJc+eOXd+RIQQNAAAAAAAAAAAAAB00EkTgJ45Z16Ta8Vji47a8w7tMj1z7nwBaAAAAAAAAAAAAADooJMiAL28pLRJIPn2z996VAPQEfWh6wPdnw/MhaABAAAAAAAAAAAA4MilurqAY2H5O2sbzY9F+DkimoSdG4ahAQAAAAAAAAAAAIDDd1IEoA91LMLPB8yYPuWYPQsAAAAAAAAAAAAATnQ5XV3AsXCgE/PyktJjGn4GAAAAAAAAAAAAADrXSRGAjjgYggYAAAAAAAAAAAAAMtdJE4Cm3qzHX4j91dUt3u/Vs0f0yM+LgQP6xciiwdEtN/cYVgcAAAAAAAAAAAAArTspA9DLS0qTcfHYoi6s5NibOXd+pNPpdq3NzcmJ902/OK66/MLIzk4d5coAAAAAAAAAAAAAoG0nRQB65px59T/nzm/2/oEQ9Iyrp550gejWVNfUxIOznotNW7bHbR+6rqvLAQAAAAAAAAAAAIATOwA9c868FkPPDR3oCH3HnfdG8diikyYI/Y9/85HoX1iQzOvq6mJPRWVs2LQ1Zj+5INZtKIuIiAUvL40LJp0eZ44f3VWlAgAAAAAAAAAAAEBEnKAB6OUlpTFzzrwk2Hy4e0+WIHTPnvnRu1ePRtf69O4Zw4YMiHMnFsfXvv2L2Lhpa0REvPn2agFoAAAAAAAAAAAAALrcCReAbq3rc/HYoiaB5gMh6UPD0geC0Ld//tYTOgTdklQqFVMuOCseeOSZiIgoXb+5iysCAAAAAAAAAAAAgBMsAN1S+HnG9Ckx4+qpre5tqWt0R0PQM66eGstLSmN5SWnMmD7liM7oKtXVNcm4R4/uje49Mvv52Lp9V0REXHvl5BgyqLDJ/oceey62l++OiIgPzrgsCvr0jIiI5xe8HitWrmtXDedPGh8TTh8TERH3P/R07KmobNe+GVdPiYH9+7ZrLQAAAAAAAAAAAACZ44QJQC8vKW0Sfi4eWxQzrp7arvBy8diiuP3ztyadnxu648574wff/tIR13bg3EzqJL2van88/fyiZH76aSMb3X/h5aWxvbw+AH3x+Wc2G4B+9oXXouLdwPJ7pk1KAtBvvLUyFr+xol115OZmJwHo5198Laqqqtu17+yzThWABgAAAAAAAAAAADgBnTAB6Jlz5jWaHwg0H64D+w4NQc+cM6/NLtJtnXu8WbdhS+zduy+Z19XVxa7de2P9xi3xxLOvJOHlfgW9Y9rkszvtuX379o7evXo0e69i775Ip9PJPL97XjIe2L9v7NxV0ey+3Xv2Npp3z+vWCZUCAAAAAAAAAAAAcLw5IQLQy0tKY3lJaTI/0vDzofsbhqAPdJfuSAj6ePPDux5qc82UCyfErTdeEdnZqU577q03XhG33nhFk+v79u2Pr3zjJ0nIubBfn5gx/eD7/eUv3tbseaXrN8e//9evk+D0heeeHmeMG9Vp9QIAAAAAAAAAAABw/Oi8VGsXOrT7c2eElIvHFsWM6VM6fE6m27lrT+yr2n/Un5NO18V3fnhfEn7Oy8uNL/31hyMvL7eN+iriW9+/Jwk/nzJicNz2oeuOer0AAAAAAAAAAAAAdI2M7wDdXPfn4rFFTdYdGpI+VPGppzTZN+PqqUnn54j6LtAnUgfo66+eGn369Gx0bd++/bGtfFe89OpbUVFRGUuXrYp//OoP4oufvzXGjh5+1Gr59f1zYtXajcn8bz97S/Qr6N3qnuqamvjW9++JqqrqiIjo3atHfOGzN0cqdULk+gEAAAAAAAAAAABoRsYHoNvT/Xl5SWmjIHOz5s6PGdOnNNk/Y/qUxiHoOfMOOwQ9c868WF5SWt9V+jgKUF943hkxsH/fZu/d/P73xk9+9Ugsev3tSKfT8evfzY2vfOkTR6WOJ599JeYvXJLMP/mR62PUKUNb3VMXET/4+YNRtrU8IiJSqVT83V99OHrkdz8qNQIAAAAAAAAAAABwfDihWuW21P15+Ttr27f/1FOaXOtoYPlA+LpdIezjSCqVFR+9+epkvnHT1qiuqen05yxdtiruf+ipZP6+qy6OCyaNb3PfH2b+MZYuW5XM/+YzfxqDB/br9PoAAAAAAAAAAAAAOL5kfAB6eUlpm2uaCzY3WdNCePpIntfQoR2qM0l+fl6kUge/ItvLdze7rjadbnKtLiIqKipbPX/j5m3x/Z/+PpmfM+G0uP6aaW3WteDlpTH36YXJ/MM3XRXj2vEZAwAAAAAAAAAAAJD5crq6vR9m8AAAIABJREFUgM7UUoC5eGxR/ODbX+rQuQeCz4cbgM5ku3ZXRLpBuLl7Xrdk3KdXj9hevisiIsp3NA1Gry3d1OrZeyoq41vfvyc5f+iQAfEXH72+zZpKVq+Pu+6Zlcwvn3ZuXDrlnDb3AQAAAAAAAAAAAHBiyPgO0MezmXPmNQpMt6fD9PGioqIyfnDXg8m8oE/PKOjTM5kPGliYjOe9+HrU1dUl831V++Pndz/a4tm1ten4rx/8NukQ3bNnftz+uVsiJzu71Zq2l++K//qf+5L5uFNPiVs+8N72vygAAAAAAAAAAAAAMt4J1QG6NTPnzGv1fvGpp7QroNzWmgOh5+Y6Rc+4emqb5x9L9zzwePQt6N3oWtX+6ti+fWesWrux0fX3XTWl0XzCGWNi4aI3IyJi1dqN8YX//Z04d+K46NGje8x/cUlU7qtq8bm/uPexWLehLJmfOW5UzF+4pNm1vXr2iKkXTYiamtr45vfujuqamuTemFHDYu7TC5vdN3LEkBhfPLLFGgAAAAAAAAAAAADITCdUALq50PGB6zPnzm9989z5MWP6lGZDyi2dG1EfeJ45d34Ujy2K4rFFLT5nxvQpx10H6DffXt2udVddfkFcOuWcRtfOn3R6zJwzLzaXlUdERFVVdbzw0hvJ/X4FvWN/TU3S5bmhpW+vajRfuOitiHir2WcX9OkZUy+aEHsqKqN85+5G9x57YkGLNU8+/0wBaAAAAAAAAAAAAIATUKqrC+iohqHiFgPQ76xt31mnntJ07yFnHvq8A4Hn1kLWLQWru0J2qu2PPDcnJ4YMKozJ558ZX/vnT8VN11/eZE1WRPzz3348Lr7grEg1ODM3JyfOHD86/vn2j0WvHt2bPb9bTvtz99nZ2e1e21DuYTwDAAAAAAAAAAAAgMyRVVdXV9fVRXTEgQ7MBzQXNl5eUhp33Hlvm2fd/vlbm3RpvuPOexuFoA9d89kvfrPF846n4PPRVr5zd9RU18bAAX27uhQA2mHN6vWRlZUVEdHhn43GDa9FO9a3Mm7PvKVrbd1rbU97deSM/B5+UQcAAAAAAAAAoCtV7q3p6hJOch2LL2d8ADqiaQj5B9/+Uqec21xw+tCzl5eUxsw585rtPt1ZdQBAZxOAFoAGAAAAAAAAADiZCUB3tY7Fl1OdVEWXmjF9SqP5zDnzOuXcQ8859DkREcVji+L2z9/a7D0AAAAAAAAAAAAAoHOdEAHo4lNPaTSfOXd+h0PQzXV1nnH11BbXz7h6atz++VujeGxR/VwgGgAAAAAAAAAAAAA6XVZdXV3HekgfJ2bOmRcz585vdK1hILmrzgKA49Ga1esjKysrIqLDPxuNG16LdqxvZdyeeUvX2rrX2p726sgZ+T1yOvx8AAAAAAAAAACOXOXemq4u4STXsfjyCdEBOqK+A/OhAeXl76w97HOaCz/PmD5F+BkAAAAAAAAAAAAAjgMnTAfoiIjlJaVxx533JvPisUVJcHl5SWmzIemI+tBzRDQJPkfUh59nXD31KFUMAF1DB2gdoAEAAAAAAAAATmY6QHe1jsWXT6gA9B133hvLS0rbtbZ4bFGba4WfAThRCUALQAMAAAAAAAAAnMwEoLtax+LLqU6qIuMIPwMAAAAAAAAAAABA5tF+8BCCzwAAAAAAAAAAAABw/DqhAtAzrp4aM+fMi4iI4rFF9T9PPSWKxxYlHZ8P3D/gwDqhZwAAAAAAAAAAAAA4/mXV1dXVdXURAMCxtWb1+sjKyoqI6PDPRuOG16Id61sZt2fe0rW27rW2p706ckZ+jxPqd9AAAAAAAAAAADJO5d6ari7hJNex+HKqk6oAAAAAAAAAAAAAADjqtB8EAOCIbC7b0dUlAAAAAAAAAADH2OCBfbu6BNABGgAAAAAAAAAAAADIHDpAAwBwRPxGJwAAAAAAAAAAXUEHaAAAAAAAAAAAAAAgYwhAAwAAAAAAAAAAAAAZQwAaAAAAAAAAAAAAAMgYAtAAAAAAAAAAAAAAQMYQgAYAAAAAAAAAAAAAMoYANAAAAAAAAAAAAACQMQSgAQAAAAAAAAAAAICMIQANAAAAAAAAAAAAAGQMAWgAAAAAAAAAAAAAIGMIQAMAAAAAAAAAAAAAGUMAGgAAAAAAAAAAAADIGALQAAAAAAAAAAAAAEDGEIAGAAAAAAAAAAAAADKGADQAAAAAAAAAAAAAkDEEoAEAAAAAAAAAAACAjCEADQAAAAAAAAAAAABkDAFoAAAAAAAAAAAAACBjCEADAAAAAAAAAAAAABlDABoAAAAAAAAAAAAAyBgC0AAAAAAAAAAAAABAxhCABgAAAAAAAAAAAAAyhgA0AAAAAAAAAAAAAJAxBKABAAAAAAAAAAAAgIwhAA0AAAAAAAAAAAAAZAwBaAAAAAAAAAAAAAAgYwhAAwAAAAAAAAAAAAAZQwAaAAAAAAAAAAAAAMgYAtAAAAAAAAAAAAAAQMYQgAYAAAAAAAAAAAAAMoYANAAAAAAAAAAAAACQMQSgAQAAAAAAAAAAAICMIQANAAAAAAAAAAAAAGQMAWgAAAAAAAAAAAAAIGMIQAMAAAAAAAAAAAAAGUMAGgAAAAAAAAAAAADIGALQAAAAAAAAAAAAAEDGEIAGAAAAAAAAAAAAADKGADQAAAAAAAAAAAAAkDEEoAEAAAAAAAAAAACAjCEADQAAAAAAAAAAAABkDAFoAAAAAAAAAAAAACBjCEADAAAAAAAAAAAAABlDABoAAAAAAAAAAAAAyBgC0AAAAAAAAAAAAABAxhCABgAAAAAAAAAAAAAyhgA0AAAAAAAAAAAAAJAxBKABAAAAAAAAAAAAgIwhAA0AAAAAAAAAAAAAZAwBaAAAAAAAAAAAAAAgYwhAAwAAAAAAAAAAAAAZQwAaAAAAAAAAAAAAAMgYAtAAAAAAAAAAAAAAQMYQgAYAAAAAAAAAAAAAMoYANAAAAAAAAAAAAACQMQSgAQAAAAAAAAAAAICMIQANAAAAAAAAAAAAAGQMAWgAAAAAAAAAAAAAIGMIQAMA0Kn2Ve2PJW+WRDpdd8yfnU7XxaYt22N7+a5o79N37NoTy1asOap1AQAAAAAAAADQeXK6ugAAAE4sT/7x5XhkzrzIy8uN//iXz0V+fl6791ZUVMa/fuOnUVlZFQP7F8T/+ce/aHV9XV1dvPDSG7H07dWxdt3mKNta3uh+v4Lece2Vk+OSi8+OrKysZmu9/+GnI5VKxbe++pfRI797u2ttzr1/eDKenb+4zXXZqVQMGNA3hg0ZEKeNGRHTJk+MnOzsDj37ZPb/vvebWL12U0RE/OuXPhFDBhUes2e39zM/1MQzx8Znb/vAUagoM739ztr4zg/vj4iISROL41Mfvb6LKwIAAAAAAADgeCYADQBAp6mpqY3ZT74YERE9unc/rPBzRMRPfzMzKioqIyJib2VVq2tXrdkQP7t7VpPQc0PlO3fH3Q88HrOfejH+6Qsfjd69ejS6P/jdoGw6nY7Hn3kp3n/tJYdV76G2bdsR6XS6zXXpdDo2btoaGzdtjVcWL4uHZj0XH7n56jjv7HEdev7JateuiuR9r6s7tp3H2/uZH2r//uqjUE3m2lu5L3kf9+1r/c8+AAAAAAAAAAhAAwDQaZ5b8FpU19RERMSlU84+rL3zFy6JN99e3a619/7hyXjm+UWNruV3z4uRRUNiZNGQqKmpjWUr1sT6jWUREbG9fFf88BcPxd/95Yca7Tlz/OjIy8uNqqrqeOKZl+PaKydHt9zcw6q7JaeMGBwDB/Rrcr22pja2le+Krdt2ROW7Qc/KfVXx418+HIX/689i9MhhnfJ8jr3hQwdGYb8+7Vp76ujhR7kaAAAAAAAAADhxCUADANBpZj3+QjKeetHEdu/bXr4rfn3/3Havr3k3ZB0RMWRQYXzyIzOiaPjgJuvmvbgkfnXf7IiIeGflunh9aUlMPHNscj8rKyumXDAhnn5+UVTX1MT8F5fE5dPObXcdrbnmislx7sTiVte8+fbq+NVvZ0f5zt0REfHfP/19fONfPxc5OdmdUgPH1vumT2nzMwcAAAAAAAAAOi7V1QUAAHBiKF2/OXbv2RsREaOKhkSf3j3bta8uIv7n5w9GOp1u97NmTJ8aeXm5ceuNV8RX/uGTzYafIyKmXjQhJpw+JpmXrF7f7JoD5r/0Rrtr6AxnjBsVX/yrD0UqVf+v5RUVlbFuw5ZjWgMAAAAAAAAAQKYRgAYAoFMseOXNZHz2Wae2e9+cJxdE6frNERGRl5fbrj19C3rFd/7tC3H5tHMjq421Z4wfnYzXrNvU5P6IYYMiN6f+f4yydt3BEPexMqCwICY16BpcKgANAAAAAAAAANCqnK4uAACAE8PCBgHosxp0XW7N+o1l8eCs5yIiIpVKxeduuzH+64f3dWpdO3ftOTipa37N6eNGxetL34mIiFdeezsunzqpU2toy9DB/ZPxho1b21y/a3dFbNlaHjt27okBhQUxbOiA6JbbvvD4ATt27omybTvePaNPDB82sN1n7Nu3PzaXbY9t5bsiJzs7BvQviEED+0VOdvZh1XDA7j17Y/3GsqjYuy/OO3tck/t1dXWxecv2KNu2I6praqOwb+8YMWxQ5OQc3vNqa9OxvXxXbNlaHlX7q2PY4P4xaGBhpFJtxeiPvbKtO6Js246o2Lsv+vXtFYMG9Gt3V/WjJZ1O1/+SQEVlFPbtHYMHFR7WZ16xd19s2rIttpfvjp49useQQYVR2K/PUawYAAAAAAAAgBOVADQAAB22Y9eepHNybk5OjBg+uM09tbXp+P5Pf5/Mb/nAe2PggL6dXtuqNRuTcf/C5sOWE84YkwSgly5bdcwD0HsadJ3u07tHi+uWl5TGg7OejZWrNzS5N3hgv/jMbR+IYUMGtPqshYveilmPz49NW7Y3uVfQp2fMmD41pl18drOdtTdu3hZ/ePTZ5L1qKDcnJ6ZNnhg3XDMt8vPzmtyvrqmJv/6H/4yIiH4FvePf//Wz8dob78RTz70Sb7+zNll39jdubxRsfub5RfHI3PlRUVHZ5HnXXjk5rrvq4lZfb0REVVV1zH1mYTz2xIJIp9NN7g8fOjA+8qfTY/TIYW2edTTV1dXFU8++ErOferHZTuSnjBgcN1wzrcVfMHjgkWfi8WdeioiI2z50XUw+/8zmnxMRn/viNyOi/n383jf+ttH9r3/7rli3oSwiIr72T5+KXXsq4v4Hn4q167c0ef8unzopbrrh8qSLenPKtu2I+x58Kpa8WdLkXtHwwfHpj9/Q4l4AAAAAAAAAaI4ANAAAHba2dHMyHjSwX7Ph2UM98MjTsb18V0REFI8tisumTopt23d2al21telYsXJdMh9/2shm1w0fMjAZr123qVNraEtdRLy1fHUyH9aglobmPr0wfj/zjy2es7msPL76zZ/HR2++JqZeNKHJ/dradPzi3lmxcNFbLZ6xc1dF/OZ3c+Op5xfF33z6T6NvQa/k3qtLlsePf/lIswHiiPqA89PPL4qXFy+LL37+1hjSoKt1RH2494D9NTUx56kX4w+PPtvknB276rtap9Pp+NEvH47FS1a0+LyHZz8fWW10b66qqo6v3/GLKNta3uKa9RvL4hvf/U1MuXBCfOyWa1o972jZV7U//vsnD8Q7Db6vh1q7bnP8908eiKsuvyBuuv7yJvcbdjuvrW3+czpUdU1Nk2tV+w9ee2fVuvjVfXNa/NyfmfdqvF1SGl/50ieavf/OqnXxnR/c3+xzIiJK12+O//jOr+P6q6e2q14AAAAAAAAAiBCABgCgE6wpPdhluWFotiXvrFwXTz23KCLqO9D+xUevPyp1zXrihSS4mUqlYtKE4mbX9evbOxnv3FUR1TU1rXa07UyPPf5CbC4rT2ocO3p4kzUvL17WKPw8vnhkXHnp+TGgf9/YtbsiFry8NOYvXBIREb+6b3acMW5Uo9cUEXH/Q081Cj8X9usTF19wVowYNjB27qqIlavXJ/c3btoadXEwsLxh09b44V0PJfO8vNy48tLz45QRQ6Jqf3WsWFkaz73wWkRE7N6zN775/Xvi37/8mejWLbfZ11xRUZmEn3NzcqL41KI4dcyI6N+vIHr3rO+A/ejc+Y3Cz4X9+sTUCyfEsKEDorx8d7z+ZkksW7EmHpr1XKvv7yNznk/Cz6lUKiZNLI4zikdF/8I+sX5DWby5fHUsXbYqIiJKVrUcPj7a7rp7VqPw85njR8c5E06Lwr59Yv3GsnhuwevJ63j8mZeif2HBMelU/ot7H4uI+vf/0ovPjqGDB0TF3sp47oXXYtXa+j/3GzdtjZdefSsumHR6o70Ve/c1CT9PPv/MOG1MUeTl5cbadZvj6ecWRUVFZdz7+yeO+msBAAAAAAAA4MQhAA0AQIetXb8lGRf27dPq2qqq6vifux5M5n/+kfdFn949O72m0vWb49G585P5DddMjZyc7GbXFvRp/PwNG7fGyKIhHXp+RUVl7N6zt8n12tp0bC/fFZvLtscTf3w51m8sS+7d+L5Lo1fP/Ebr91Xtj1/c81gyv+GaaXHdVRcn8yGDCqN4bFGMGTksfn3/nIiIuP+hp+PTH78hWbNqzYZ4Zt6ryXzqRRPiwzdNj+zsVHLt8qmT4gPXXRq/vG92dMvNjX4FBwPUP/7VI8l46JABcfvnbonevXok1y489/S4+Pyz4j//57dRXVOTBJxvufGKVt+jKRdOiA/ddGWTsHn5zt3x6OMvJPPzzhkfn/jQdY0+v/deel48O39x3P3A460+44WXlybjv/zkB+PM8aOT+fjTRsYVl50fJavWx8/vfjRuuPaSVs9qy49+8VCkUqm2F0bEd//9C8nrWbpsVSx+42DY+9Au3meOHx1XXHp+3HXPo/HSq8siIuK+B5+K884e1+hzOFqmXDgh/uxPGn9fplw4Ib73498l4fGnnn2lSQD6gUeeScLPuTk58Tef+dM4dcyI5P7554yPKy49P+64857klwAAAAAAAAAAoD0EoAEA6LDduyuS8aGdhw/1q/tmR0VFZUTUB1tb6srcoXr27I077vxtMi/s1yemv+eiFtenUqnIzclJwpp73q2vI37zu7nxm9/Nbff6902fEldcen6T6y8vXpbUNWRQYVzbIPzc0LTJE+PxZxbG5rLyWPT621Fbm04Cq08++0qybkBhQXzk5msiq5kzCvv1iS985uZG1zZt2R4bN21N5p/52A3Nhm7HjBoWH7jukrj/4acjIuL5Ba/HzR94b2RlNfek+vDxx265ptl7L77yZjLO754Xn/jwdZGT3TS8fumUc+K1pe8kIdzmVFZWJeNhQwc0u2bs6OHx9f/96RbPOBwHOo63pWGH7WeeX5SMJ5wxtlH4+YDs7FR8/Nbr4vU3S6KqqjrS6XQsXPRWXHHpeR0vuhX9Cno3CT8fcMM105L3fsu2HY3updPpWNAgfH7j+y5tFH4+oKBPz/j0x98fX/vWXZ1cOQAAAAAAAAAnsva1JwMAgFZUNAiZthaAfnXJ8nh5cX0H2/zuefHRm6/u9Fr276+Ob/333VG5r76mVCoVf/u5WyKVaj6Ie0DDLtAVe/d1el0tKR5bFF/7p0/F9VdPbbbGhQ3CwJdPndRscPmA884Zn4y3NgikLnp9eTL+0/e/t9UzDvXKu59XRMT44pExZHD/FtdeNnVS0s25uqYmVq7e0OLaD1zXcrflRa+9nYyvu+riZsPPB9xwzbQW70VEFDb4Pj46d37U1rYvoHwkRgwbGOdMOK3Nf6ZcOCF5TXURseStlckZ72+lC3VOTnZcc8XkZP7yq28dtddywHsvPa/Z8HNExNAhB78LFRWVDSLdESWrNyRh8NycnLhs6qQWnzF86MAoHlvUKfUCAAAAAAAAcHLQARoAgA7bt+9gALqwX59m1+zeszd+9utHk/nn/vzG6J7XrVPrSKfT8V8/vC82l5Un1/7Xp/8kBvbv2+bevn17x9btOyMiYm9lxwPQ50w4LYqGDUrmeyoqY/XajbFuQ1nS0bl3rx7xwRmXxcABLde3uWx7Ml67fks8/sxLLa59+521yXjL1vIYPKgw9lRUNupKfOro4Yf1OrZsPRikHn3K0FbX5uRkx6CB/WL9xrKkhrEtPG9Eg/fmUOU7difjUW08s2h4y+dEREy9aEI89NjzEVHflfqlV9+K90w7N84YNzrGjBwWOTkth6sP13VXTYlzJx5eR/OG3dMjIoa30KX6gNFFB9+PA9/Xo2nYkJbr6ZabG6lUKvl+1dbWJsHuhgH8oUP6txiiPmDUKUNjeUlpJ1QMAAAAAAAAwMlAABoAgA7bX12djPO75zW75ie/eiQJ/r5n2rmd3vG1LiJ+9MuHG3Ud/vit18b400a2a3+P/O7JeP/+6lZWts+F557RbBg2nU7HXfc8FgsXvRm79+yN//zBb+Pr//zp6N2rR7Pn7N5TmYznL1zS7udvL98VERE7dh4ME6dSqejZM7/dZxy6vz1B8oH9+yYB6J279jS7JpVKtRo8btiBe0BhQavPS6VSkZeXG1VVzX9mV793cqxcszGWvFkSERFVVdUx+8kXY/aTL0ZEfaj7kovPjovOO7PNkO7R0PA96tkzP7KyWu/P3b//wffjWHQqb9gZ/XDsbBDsHjigX5vr2/qcAQAAAAAAAKAhAWgAADqse163JIC6e8/eJvfnL1zSqDtxz575MfvJBU3WNQx07tu3v9GayeefFX0LerVYw72/fyIWL1mRzG+6/vK4+IKz2v0aGnbibSnE3RlSqVTc9qHrYtXajVG2tTyqqqrjrntmxV9/6k+aXZ/doMPumeNHt7u2kUVDIiKirq5j9TYM5KbTbR9W26DbdFth3vaoqa3t0P5UKiv+8pMfjMVvrIhn5r0ay5avaXR/1dqNsWrtxpj1+Atx++dvbbGD+dHS6P2tTbey8t017fgM2tTRL0U7ZKcOhslr2/EZNuxSDgAAAAAAAABtEYAGAKDD8rvnxc5d9QHi8h27m9xftXZjo/nMOfPaPLO6piYenPVcMh87ekSLAejHnngh/jjv1WQ+/T0XxlWXX9Cu2g/YsfNgJ978/KMXgI6oD+V+/NZr4lv/fU9ERCxdtipWr90Yo04Z2mTtoIH9ko7K114xOU4dM+KwntXwPUun01FRUXlYXaAbBoLLtu1oc/3W7TuTcb++vdv9nIYKeveM8nc7T2/btrPVztM1tbUtdn9u6JyzTotzzjot0ul0rCndFMveWRvPvfBa0il76/adcefPfh9f/uJtR1TzkepbcPA9qtxXFXV1da0Gx7c1eH9792r5c6xrJeTc8Lt+tDR8XWVb2/7elDV4XQAAAAAAAADQlmP//3gGAOCE06NH92RcvmPXMX32vBeXxEOPPZ/ML77grPjgjMsO+5ydDTpA98jv3srKznHq6BFRPLYomd/9wOPNrhs+dEAyfmf1+sN+Tq9ePSLVoBvv8pWlh7V/8MB+B5+/al2ra/fvr47NW7Y32Ft4WM86YFCDZ761Yk0rKyNWrt5wWGenUqkYPXJYXHvF5Pi3L38mPveJG5N76zaUJcHrY6Vnz/xGn8+a0k2tri9p8B049P3Nb/C93bmr5ZDzuncD9UfTkEEHP8ONm7fFvn37W12/ouTwvpcAAAAAAAAAnNx0gAYAoMP69jnY7bW8me6yN824PN531ZQ2z9m6fUfSFblnz/z4lwbdeHs10+329aUl8av7ZifzCaePiY/dcs1h1R5R3206nU4n85Y6TXe2mz9wRXz923dFRMTadZtj6bJVceb40Y3WjBk1PBYueisiIh6dMz8unzIpunfv1uKZtbXpSNelIzen/l/1syJi4pljY/GSFRERcf9DT8c5Z53Wapfh/dXV0S03NyIiLph0evzh0WcjIqJk1fooXb85ioYPbnbfU8+9kryP+d3zYmTRkLbegmZdMOn0ePudtRER8fgzL8W1V06O7nnNv+YHZz3b6lkNX0tzzj7r1Bg4oF+UbS2PiIgtZeXRr+DIOlcfiayImDSxOF5ZvCwiIh6c9Vx84bM3N7t2f3V1zH1qYTK/8NwzGt0fNOBg6Lh0/ZYWn/nI7OdbvNdZioYPjvzueVG5ryrS6XTMefrFeP+1lzS7duXqDbF23eajXhMAAAAAAAAAJw4doAEA6LCRRQcDsdvLm3aA7t69W/Qt6NXmPw2Dp6msrEb3crKzG51Zsmp93Pmz3yfz0acMjc9+4sZWg70t2XFIaHvIoCPrXHy4RgwbGOdMOC2Z3/PA41F3yJpLLz47eV+qa2rizp/9PvZUVDZ73uI3VsTf/587474Hn2p0/cpLz0/G28t3xU9+PTP2769usn/9xrL4+rfvijt/+ofkWmG/PjFm1LBkfudP/xBl23Y02fvGWyvj4dnzkvkVl53fZE17nXf2uCTAnU6n47s/uj8q9u5rtKYuIh567LlWO0Cn0+n4h//vf+J7P/5dbN2+s9k1eyv3xa7dBz//3r16HHHdR+q9l5ybjJetWBOzHn+hyZqqqur44V0PRXVNTURE5ObkxPnnjG+0puH3dvEbK2LDpq2N7qfTdfG7h58+ZmHj9zR4XY89sSBeenVZkzWbtmyPH/7iwWNSDwAAAAAAAAAnDh2gAQDosFGnDE3G5TuaBqA7246de+Lbd97b6Fq/vn3i1/fPaXPvaWNGxJQLJzQ574ABhQWRSh273xP8kxvek3Rn3rp9Zyx85c246LyDnX1TqVT8+UdmxLe/X98Ze3lJafzTV38QUy6aEIPf7fi7ZWt5vF1SGhvfDbzOe3FJ3HT95UnX5FPHjIipF02IeS8uiYiIVxYvi2Ur1sR5E8fF8KEDYufuili5ekMsW7EmeW7Zth0xsH/fiIj4i49cH1/+tx9HOp2O8p274yv/8dO48NzTY2TRkKiq2h8rVq6LpctWJXsHDugX1105+Yjfk/z8vPjQTVfGL39b39175eoN8eWyVH3fAAAgAElEQVT/+6M4f9L4GDSgX1TsrYwlb66M9RvLWj3n5cXLonJfVSxdtiq+/H9/FBPOGBtFwwfFkEH9I69bbmzYVBZPPPtKVFXVh8H7FfSOYUMGHHHdR2rsqOFxyeSz47kFr0VExMOzn49Fr78dZ50+Jgr79okNm7fFS6++FRUNgu+3ffi6Jp3Azxg3KvoV9I7ynbsjIuKr3/x5XHrxOdG7d4+oqtofi5esaDEIfjRcd9XFMe/F12PnroqIiPjprx+JeS++HsVjiyKVnYqNm+pfV8Pu6wAAAAAAAADQHgLQAAB0WNHwQcl4c1l51NamIzv76IWIt5XvbBKaXPT62+3au718V5MA9Oq1G5NxwzD3sTCgsCCmXDgh5i+sDyff99BTccGk8Y1C2KeNGRGf+tgNcdfds6K6piaqa2rij/NebfHMy6acEzk5jTtmf/im6VFTk44XX1kaEREVFZXx7AuLm91/xrhRSXg6or4L9Bf/8tb47o/uj6qq6kin07Hg5aWx4OWlTfYOGVQYf/u5WzscIp9y4YTYvmN3zJxT31W6cl9VPPfCa03WffzWa+PRufObDfYOHzowhg8dmASll7xZEkveLGn2ealUKj7/yRs7VHNH3PrBK6Nqf3UsXPRmRESs21AW6zY0H/C+9YNXxnlnj2tyPSsrKz56yzXx3R/dn1xr7jP+5EdmxM/vnnXUg8c52dnx93/9Z/H/vvebJAS9bMWaRkH7iIOB+V/c+9hRrQcAAAAAAACAE4cANAAAHdYjv3sMHtgvNpeVR0REyer1UTy26LDPyc3NaXZ8qG65uYdfZCsahmLPPuvUTj27PT5w3SWx4OWlkU6no6KiMl5evCwuPPeMRmvOO3tcnF48Mn738DOxdNnKJFB6QEGfnjF21Ii4ccalSefmhrKzU/GJD18X504sjjlPvxgrV29odD83JydGDBsY77/2khhfPLLJ/rGjhsfX/ulTMfvJBfHcC69HdU1No/v9CnrHlZedH5dNmxQ52dlN9jcMROfmNr3fnBnTp8SYkcPiwVnPxtp1mxudVTy2KKZeNDEumDQ+Hp07v8HZB783w4cOjH/5u9vi5cXLYvaTC2LzlvImdefm5MS0yRPj2isnR5/ePdtV19GQnZ2KP/+z98WkiafFnCdfjNWlm5qsOXdicVx75cWNfuHgUGeMGxX/+qVPxM9+M7NRgDqVSsWYUcPivZecF+dOLI6f3z0rIupf/6HyujX8c9j6n7XsVCoJUqeysprc719YEF/5+z+Px55YEM88/2qj939AYUGcPm5U3HDNtHhn1boGz/SfqQAAAAAAAAC0Lquurq6uq4sAAI6tNavXR9a7QbWO/mw0bngt2rG+lXF75i1da+tea3vaqyNn5Pc4McN9sx5/IR6e/XxERFx1+QVx0/WXd3FF7ZNO18Vf/cMdSYjzu//+hejWrXMD1kdDbW06Npdtj3S6LoYMLmw2dNyamtraKN+xO6qqqqOgT8/o3avHYe3fvWdv7N6zN+rq6qJ/YUGjjtFHw/7q6ti6rb7L89AhA+JI/wRWVVXH9h27Ip1OR2HfPpGfn9d5RXaimpra2Fa+K6qra6Jnj+7Rt6DXYf+9k07XRdnW8qiuqY3hQwd0yt99HVEXETt37YkdO3bHoIH9okd+9y6tBwAAAAAAADi5Ve6taXsRR1HH4ssnZvoGAIBj7sLzzkgC0IvfeCdjAtDvrFqXhJ/HF4/MiPBzRH3H4GFDBhzx/pzs7GY7RbdX7149Djs03RHdcnM79HoPyMvLjaGD+3dCRUdXTk52DB7Yr0NnpFJZMXhQYSdV1HFZEdG3T6/o26dXV5cCAAAAAAAAQIZLtb0EAADaNqCwIIa8G7Ys21oemzZv6+KK2ufZ+YuT8bSLJnZhJQAAAAAAAAAAtIcANAAAneb6a6Yl4z82CBYfr/ZXV8ei15dHRETPnvlx3tnjurgiAAAAAAAAAADaIgANAECnOffscVHQp2dERMx/aUnU1dV1cUWte2Xx25FOpyMi4vqrp0ZWVlYXVwQAAAAAAAAAQFsEoAEA6DRZcbAL9MgRQ6Jqf3XXFtSGbt1yI797XuTl5ca0yRO7uhwAAAAAAAAAANohq+54b8sHAHS6NavXJ51uO/qz0bjhtWjH+lbG7Zm3dK2te53R5bcjZ+T3yOnw849n6XRdVFXtj/z8vK4upV3q6upi566K6FvQq6tLAQAAAAAAAACOkcq9NV1dwkmuY/FlHaABAOhUqVRWxoSfI+rD7MLPAAAAAAAAAACZQwAaAAAAAAAAAAAAAMgYAtAAAAAAAAAAAAAAQMYQgAYAAAAAAAAAAAAAMoYANAAAAAAAAAAAAACQMQSgAQAAAAAAAAAAAICMIQANAAAAAAAAAAAAAGQMAWgAAAAAAAAAAAAAIGMIQAMAAAAAAAAAAAAAGUMAGgAAAAAAAAAAAADIGALQAAAAAAAAAAAAAEDGEIAGAAAAAAAAAAAAADKGADQAAAAAAAAAAAAAkDEEoAEAAAAAAAAAAACAjCEADQAAAAAAAAAAAABkDAFoAAAAAAAAAAAAACBjCEADAAAAAAAAAAAAABlDABoAAAAAAAAAAAAAyBgC0AAAAAAAAAAAAABAxhCABgAAAAAAAAAAAAAyhgA0AAAAAAAAAAAAAJAxBKABAAAAAAAAAAAAgIwhAA0AAAAAAAAAAAAAZAwBaAAAAAAAAAAAAAAgYwhAAwAAAAAAAAAAAAAZQwAaAAAAAAAAAAAAAMgYAtAAAAAAAAAAAAAAQMYQgAYAAAAAAAAAAAAAMoYANAAAAAAAAAAAAACQMQSgAQAAAAAAAAAAAICMIQANAAAAAAAAAAAAAGQMAWgAAAAAAAAAAAAAIGMIQAMAAAAAAAAAAAAAGUMAGgAAAAAAAAAAAADIGALQAAAAAAAAAAAAAEDGEIAGAAAAAAAAAAAAADKGADQAAAAAAAAAAAAAkDEEoAEAAAAAAAAAAACAjCEADQAAAAAAAAAAAABkDAFoAAAAAAAAAAAAACBjCEADAAAAAAAAAAAAABlDABoAAAAAAAAAAAAAyBgC0AAAAAAAAAAAAABAxhCABgAAAAAAAAAAAPj/2bvP6DjOO8/3PzQaOedMJAIEmHMUSUkUKZKKtpUsWZbtcZi1Z+xZz5ydnTvnnnv27L0vZnZ3dmd2x9mWLMm2RFmJshgsBjHnBJAECRI559wAEbrviyYK3ehusEECBCB+P+foqKsrPQ2wGk9V/er/AJgxCEADAAAAAAAAAAAAAAAAAAAAmDEIQAMAAAAAAAAAAAAAAAAAAACYMQhAAwAAAAAAAAAAAAAAAAAAAJgxCEADAAAAAAAAAAAAAAAAAAAAmDEIQAMAAAAAAAAAAAAAAAAAAACYMQhAAwAAAAAAAAAAAAAAAAAAAJgxCEADAAAAAAAAAAAAAAAAAAAAmDEIQAMAAAAAAAAAAAAAAAAAAACYMQhAAwAAAAAAAAAAAAAAAAAAAJgxCEADAAAAAAAAAAAAAAAAAAAAmDHMU90AAACAB01DU/tUNwEAAAAAAAAAAAAAAOCBFh4SOtVNwD2gAjQAAAAAAAAAAAAAAAAAAACAGYMANAAAAAAAAAAAAAAAAAAAAIAZgwA0AAAAAAAAAAAAAAAAAAAAgBmDADQAAAAAAAAAAAAAAAAAAACAGYMANAAAAAAAAAAAAAAAAAAAAIAZgwA0AAAAAAAAAAAAAAAAAAAAgBmDADQAAAAAAAAAAAAAAAAAAACAGYMANAAAAAAAAAAAAAAAAAAAAIAZgwA0AAAAAAAAAAAAAAAAAAAAgBmDADQAAAAAAAAAAAAAAAAAAACAGYMANAAAAAAAAAAAAAAAAAAAAIAZgwA0AAAAAAAAAAAAAAAAAAAAgBmDADQAAAAAAAAAAAAAAAAAAACAGYMANAAAAAAAAAAAAAAAAAAAAIAZgwA0AAAAAAAAAAAAAAAAAAAAgBmDADQAAAAAAAAAAAAAAAAAAACAGYMANAAAAAAAAAAAAAAAAAAAAIAZgwA0AAAAAAAAAAAAAAAAAAAAgBmDADQAAAAAAAAAAAAAAAAAAACAGYMANAAAAAAAAAAAAAAAAAAAAIAZgwA0AAAAAAAAAAAAAAAAAAAAgBmDADQAAAAAAAAAAAAAAAAAAACAGYMANAAAAAAAAAAAAAAAAAAAAIAZgwA0AAAAAAAAAAAAAAAAAAAAgBmDADQAAAAAAAAAAAAAAAAAAACAGYMANAAAAAAAAAAAAAAAAAAAAIAZgwA0AAAAAAAAAAAAAAAAAAAAgBmDADQAAAAAAAAAAAAAAAAAAACAGYMANAAAAAAAAAAAAAAAAAAAAIAZgwA0AAAAAAAAAAAAAAAAAAAAgBmDADQAAAAAAAAAAAAAAAAAAACAGcM81Q0AAAAAAGA66O27pba2Tq+W9fX1VUJ8tDo6u3WhsNh4f/H8XEVGhE5WEyeMzSYdOHJW8/IylRgf43aZrm6LGpta1dXTq+jIMCXGx8jf3++u9nerf0AtLe2SpNDQYIWHhXi33q1+tbR2SJLCwkIUFhosSbp4+YbaO7okSZHhoVq8INfrttQ3tMhqtUqS4mKj5Ofn3aWRHkufOm7vMzAoQNGR4ZKkjs5u9fT0ShrfZ3Ontq5JxSVVevihpXe9DQAAAHg2nj6/JMVERyggwH8SWzR+VqtV9Q0txnRSYpx8fKawQQAAAAAAAFOEADQAAAAAAJJKy2u046P9Xi//jz/+hlrbOnXwyDnjvajIMEVG5ExG8yZUYdFNHT5+QYePX9D2zWu1atk8Y15v7y19sveIrlwrc1rHbPbVU48/NK6w8bCq6nq9tWOPJCk8LEQ//v7LXoU0/vTnYyq4clOStHHdUj26fpkk6cTpQtU32kMfIcFB42rTT1//wHj9tee3Kic7zav1jp8u0NGTlyRJsTGR+uvvPC9JOnDknC7eDsGnpyXqW6885XVbHB0+cVH7D52RJCUnxip39qy72g4AAAA8G2+f/6tf2aK8nPRJbNH49fb16+e//ciY/t5rzyo5KW4KWwQAAAAAADA1CEADAAAAAHAXbFOwz4qqehUVl0uyh60dg8vestps2rPvpDE9KyXBaf6b7+5SbX2zy3qDg0P68NNDiomOUNqodcajs6tHly4X3zG03NreaYSfpwObbXJ/446/h12fHScADQAAAK9MxXnJTNfVbdGxUwXG9OOPrpIPZbQBAAAAAJhxCEADAAAAAODG8sV5kjzfBPf1NSkwwF/xsVHGe6HBQZPapms3ynXiTKEkKT426q4C0JeLStRj6ZUkBQb4Kykx1phXW9fkFH5+ZtsGZaYna9+h07pcVCpJulhYfE8BaEnae+CUFs6bLZPJ5HGZPftPepyXnBgrq9UqSYqMDLuntkwXs9ISZTb7anBwSG0dXSq+WUkIGgAAYJLdqT+dlBBzn1qC+6mxqdU4r5KkLY+uGuPMDwAAAAAATFcEoAEAAAAAcOPJxx+6YxWwpMRY/eDbz92nFk2MM+evGq/nzsl0mldd12i8ToiL1tJFcyRJ69csNgLQbR3d99wGS2+fzlwo8hg4aWhq1fUbFR7Xf2b7hntuw3Rj8vHRnNmzdOVamSTp9PmrBKABAAAm2fbNa6e6CQAAAAAAALhLnkstAQAAAACAO7LabMZ/d3rfarWqqqZBRdfLXbbT1W1RSVm1qmoadOtWv9M82+3t2By35bD90fv2pLunV5XVDcb0grnZTvNjoiKclh3e3/Wblcb7OVmpXu3rTvYdOqPBwSG383bvOzHmujaHzz3WR+/s6tHN0ipZLH3japvValVFVb3q6pudfub3YmjIqoqqOlXVNKi/f8DtMgvyZxuvb5RW6ZaH5QAAAHB/2Wxy6H+O9A9bWjtUUlatvr5+l3X6BwZVUVWnmromDQwMutmmze02m1vbVV5Z53ad8Wrv6NaN0ipjBJiJ4u48pL9/QGUVtWpobHXbR29ubVdpeY06Or17oLKjs1s3SqrU1t41rnYMDAyqsrpBldX1Lr8X4/doHXXuZrWO67wKAAAAAABMD1SABgAAAADgLvVY+vTP//aWMf2Dv3hO8XFRkqR/+fffq6vbIkl65fnHdbO0WucuXTNCv//442/I399P5y5d067PjruEgcPDQrR102rNy8vST379vhqb25zmN7e067/8068kScFBgfr7H716x/ZWVNUZr00mkzJmJTnNT0tJcPhsvdqz/4RMJl8dP11gvD8/3zk0fbf6+wd0/HSBNqxd4vR+dW2jyipqx1z3o12HdbGwWJKUnZmqr7+4zWn+0ZOXdOrcFXV29RjvRYSHuiw3Wlt7lz7adUiV1Q2yWq2S7D+nVcvmyWS6u0GxS8qqtf/wWdXUNTm9n5WRrOee3qSQ4EDjvdmjwuXVNQ3KzpyYwDkAAADu3uWiEv1x5wFJUkhwkJ7dvkHvfrTPqQ+fGB+jb33tKQ0NDunt9/a49P+e3rZeyxblGdOOfdrc7FnKy013OS9ITY7X9s1rlZIU53Vbu7ot2rnniMor65wevAsJDlLu7DQ9ueUhmc2+kqT/8e+/N/rMOVlp+toLW122V1Rcrnc++EySvW/8n3/0qv73L98zznWe3rZel4tKVVpeY6xjNvtq++a1WrYoT6fPX9Vnn592aktyYqxefu5xhYUGO+1rcGhIn+49pms3KmTp7XPa3jPbN2jh3JEHBt2di+3cc0RVNQ1O21y+OE/bNq+V2ddXew+c1IkzhS6f8b/+t98Yr3/8/a8qIjzUZRkAAAAAADD9EIAGAAAAAMCN9o5u+fi4D70G+PspKCjA5f2BQfdV2nbuPmIEBIZZevv0+bHzOnaqwO06nV092vHRfr347N0Fb91paes0XkdGhMpkch4Yyt/fT9seW2NUYD559orT/Ce2rFVYaLAamlp17UaFJCknM1XJ4whkODp0/IJWLZ+vAH8/471dnx03XpvNvh6rRA8bHPUzP3Xuij77/LTLch2d3frp6x943E5v3y39+u2dLr8nq9XqNiThjfLKOr357m6380rLa/W/fvaO/vb7Lysw0F+S5OdnVlhosNGGlrYOAtAAAACTaHTfz5GvyaRgh4fVhvVYevW7P+51eb++sUVvvrNLXd0Wt1WOd+4+opSkOCXGx7jMu1lWreKSSpf3q2sb9ZvffaK//s4Lioy4cyi3u8ein7/xodvP1WPp1YWCYjU1t+ubrzwps6+vli/O14EjZyXJqBQdEhzktJ7j+cr8vCwFBPi7fK7RBgeHtHP3EdXUNuncpWsu82vrm/Xhp4ecHlC0Wq16e8cetw9DDg4O6f2dB9Xe3uXyAOWwn77+gfEQo6OzF68pNCRYj6xf5nY9AAAAAAAwcxGABgAAgFs2m00VVbWqb2hWW3unevv6XIYI9ZbJ5KOgwEBFRYYrMSFW6WnJHkOFADBd/K+fveNx3tKFc/TM9g1eb8sxgDA7K1UxUREym3116txIwHjhvNlaOG+2MXT0mQtFMplMyslOU19/vxqbWlVSVmNUgvb399OyRXMkScGjQgqetLR2GK/Dw0LcLpOTlabdOuH0nslk0ivPbdHsrDRJ0tVrZfr82HlJUnRk+LgC0ClJcTKZTKqqadDg4JAOHTuvLY+skiSVltcYlfLCQoM1Z3a6zl4s8nrbldUNTgFqf38/PbRqkQID/VVw5aaqaxudlrdp5O/a7/+41+n3NCcnXbMzU9XR2a3jpwudwhQ2L4bGbm5t12/f2WVMJyfGavWK+RocHNKR4xfV1tGl/v4B7Tt0Wk8+/pCxXGiIQwDa4fcFAACAifff/8/vPM6LCA/Vj7//VY/zF86brdCQYJ29WGRUNx7ub0aEh2rZojzdLKtSZfVIReJjpwr0lacecdnWcF9z6cI5Sk6KU21dk84XXJdkD//++u2d+vH3vzrmtRSrzaafve4cfl63aqFiYyJVWV2vCwXFRhvfef8zfe2FrVq5dK4RgJaksxeuaeO6kYBxa3unU0Xl9WsXu913WGiwli/JV3llnVOAeTj8vHThHAUE+OvcpWvGz6qkrFpd3RajCvRHuw4b69pHYZmr7MxUXb1WZvwsDh49ryUL57hUjh7+GUZFhGnJwjmqa2hWUXG5Me/oqUt6ZP0y5eemS7Kppa1TxTdHAuerl88zfraBowLeAAAAAABg+iIADQAAABfFN8t17UaZ0/Ck98JqtanH0qseS6+qaxtUcKVYeTmZyp2dMSHbB4CZ4OF1S7VmxQKj2m9La4dTdeOnt66Xn5/9NH1eXpY2rluqmrom+fmZtXShPei898BJIwAdGR6qrZvWjKsNdwpAF1y9qfd3HnR532q1ytJ7y+124mOjxtUGSXpyyzqjGvOJM5e1btUihQQH6lOH8PLWTWtUUVU3ru0WFZcZr00mk/7mL19SyO2qfSuXztOb7+5yGpp72ODgkFMwZd2qhUYoW5Lm52frZ2NUj3bnyrUyI8gSGOCv7772rBGqmJ2Zqn/5yR8kSecuXXcKQIeFBavudlNaWjsFAACA6WfVsnnavnmtJGnunAz96q2dxjyTyaQffvcFmc2+2rhuiX7y6/fV0NQqSWpuafe4zWe2bzD6/VqSr7SUBH28+7Ak++gwTc3tio/z3Peur292Cj9/8+UnlTErSZI9gBwfG6W9B05Jsld7HhwcUlBQgBbNz9GlyzckSSfPXtaGtUs0nLM+eeaysb3U5HiPff8ffPs5BQUGSOukX7210yk0vXHtEj26YbkkKTc7zekhwZbWDoWFBstms6nwaonx/rbHVmvl0nmS7A9o9g8M6HJRqaxWqy4UFmvDGtcgdnBQoH74vReMUW4+P3peB4+ek2Tv7/f23lJ6WpLS05JUUlbtFIB+fNMamXhQHwAAAACAGYcANAAAAAy3bvXr9PlCNTS2SJKSE+OUkz1LyUlxiggLla+v6a62OzRkVUdXt2rrmnSjpFK19U0quFKshqYWrVy6wGX4VACYDubkpHu8CZ6dmTqubQUHBboMuRwTHaHgoEBZevskSf/2ix1auXSusjJSlJQQo7DQYOXlpN9d4z1obRsJ1I4OQJeUVTuFn6OjwuVnNhthjfc/OSiTyaT5+VkqcQgRx8REjKsNNptNiQkxysvN0LXiclmtVh08clbZmalGICQ6Klzz87PGHYB2DDGvWJJvhJ8lycdH2rRhudsAdG19s9P0w+uWOk0nJcQoLSXBKchxJ+WVI5XvZqUlulSfNpt9NTg4JKvV6lT5Ljx05PfS0kYFaAAAgMk0Pz/L47zIiDCP8+bljaw3ejSUzPRkmc2+DtNJRp/aMaDsKDDAX0sWzHF6b8nCOdp74KT6bvVLkqpqG8YMQJdVjvSdY2MijfDzsFXL5uuzz88YD+nV1DUqPS1J61cvMgLQlt4+lVXUKCsjRYNDQ0YFZ0lOlaEdpSTF2cPPw593VpJTv3mew884NSXBad3Orh5JUkNjq9OIK7HRkU7bcPxdNN1+IHS0JQtzjfCzZB95ZzgAPbyvoKAAd6sCAAAAAIAZigA0AAAAJNnDz0dOnFN7R5dCQ4O1fvViZWWML+Dnia+vSdGR4YqODNf8/GyVllfryMmLamhs0ZET57R+zTJC0ACmna9+efOYQ0yPx8J52W7fX7dqoT77/LQk+w35fYfOSIfOyGQyac2K+dqwZolRMXoi9PaNVHF2DAdL0se7jxivU5Li9M2Xn5TNZtMv3/zYqDr93sf7VV3bYIS2o6PCZfb11d3Ytmm1rt0elvrMhSKnim9Pbll3V9usv/0AjyQlxEe7zPdUsc4xnBwY4C9/fz+XZRLjo8cVgHYMYxffrHSqMDdaW3unEYB2/L109/R6vT8AAACM3/PPbLqr9WaljgR5fU0m+fv7GaNozR71sGREeKjxemjIKndioiM0+tTDx0eKi40y+qBVNQ1atijPY5vKKkYewHPX7/X1NSk0JMgIHZdX1Ss9LUlxsVFKTY43+sTHTxcqKyNFhVdKjBFrwkKDlZM1y+1+R3/eMIcHLc1mXyXEjfTL/f3MMplMRth5+P8V1fVO23CsEj2a42g0jvJynEcZGx1gdwxYAwAAAACALwYC0AAAAJAknT5fqPaOLiXGx2jbY+sUPCoYN5GyMlKVGB+r3fuOqb6xRafPF2r9mmV3XhEAZqiQ4CC37z+0epGyM1P154OnnCoTW61WHTtVoFPnruhH33vRpVrz3QoM8DfCy5bekTB0d0+vOjq7jelHHlomPz/7JYNvv/q0fvbGh0b16BMOw2CvX+069LS3IiPCtHxxns5etFeVG65sl5wYO+4K28PMvr5GSGNoaMhlvtVqc5r2kT1l4u8/cnnEanNeZphjWGW8wfiw0GDFeQhf+/j4OP3NdQypO1bSAwAAwPRgMpnG7A86Vn/2ls1DH3Q8HPfrqU/ruB9fh2rJG9cu0e/+uFeSdKO0Sj2WXh0/XWDMX79msUtA291+R3OsyDyW0eHkrIwUj8umJse7ff9uRy0DAAAAAAAzFwFoAAAAqPhmuRoaWxQaGjzp4edhwcGB2vbYOr23c58aGltUfLNcubMz7rwiAHzBJCXE6LWXtmtgYFDVtY0quHJTFy/fkNVq1eDgkI6fLtTWTaslOQdveyx9495XVGSYEYDuul35zb4t50rDjtWTAwL89d2vP6ufvv6BU0jabPbVovk5426Do00bVuh8QbFT4OGJu6z+LNmHHx8OklfVNGrl0nlO8+samp2mbbIHQNKSRyr49fcPqKvbYlRkHlZbP7KuNwGV2OhIoyL1grmz9fijq7z6DB0Ov5eY6Aiv1gEAAMDM1tjcJqvV6hQYttlsaro9EoskpaUkuFvVkJmerKLbI6zU1Te7zB/u5zouPywne5ZCgoOM84KPdx8xRoExm321dOGcu/hU3kuMj3GafvkrW4wHMifD6AC7xdKr0JBgD0sDAAAAAIDpisehAQAAHnA2m5MWxaoAACAASURBVE3XbpRJslfyvB/h52HBwYFG9dBrN8ompOLRg6yqpsEYsnYsfbf6dfZikW7dHp4XwNTZ9dlxNTS1SpL8/MzKTE/WM9s3aOnCXGOZlraRIZ6jIsON1z2WXrW2d45rf46B2s7ukaBtfGyUU+W20+evOq0XGOivuXMynd4bHBxS5aihqr3h+FVv/zuwyJjOykj2WNHNG7McQiEFV24aoQ1JGhwa0t4Dp9yuFxfnXJ15977jTu28UVplhJm9lZYy8jlOnr3s8ruyWq06efayauqanN53DKbHEoAGpq3BoSGdv3TdqTq8J2UVtSqrqL0PrQIeXByTmOkGB4d07FSB03snzlw2RkmR7hyAzpiVZLzu6OzWlWulTvMPHDnnNJ2UMBI69vGR1q8Z6Zdfv1FhvF6xZO6khpEl5wcwJWnP/pMuVaybWtp14PDZCdlfZGSY03RRcYWHJTEeV66VqtPhfMaTltYOXbp84z60CA8S+gIAJhrfKwAAzAxUgAYAAHjAVVTVqr9/QMmJccrKSL3v+8/KSFVyYpxq65tUUVWrjFmehznF2PYfPiur1aZvvfKkx2X6bvXrzXd2qaauSRcLb+jVF7cpwN/vPrYSwLDK6nqdOndFp85dUcasJKWlJCg0JEidXT266HAzODFuJAyQnBjrtI1f/vZjLZibrYT4aC1dOGfMobgle1XiYZ1dI9XffHx8lJeTrstF9pDEkRMXde7iNeVkp8nXZNLNsmq3N7LffHe3vvHVJ5Selji+D+9g/ZrFxvqjgw/jtWBetg6fuGhUlP7pbz7Qovmz5e/np6Lico83400+Plo0P8e4CX/lWpmaW95XVkayurotxs9lPB5Zv1wXCos1ODgkq9Wqf/3Zu4qPjVLu7Fnq7rboRmm1eiy9ys5M1ddf3Gas51iV70GrAF1WUavS8hplzEpSdub975MA41FT26SPdx9WVGSYUwXN0S5duaEP/3RIPpK+/NQjWjA3+/41EniAcEzibv3itx+NOX/bY2vuGDyeKPsOnVFpRY0S42PU0NSmkrJqY15URJjiYiLHWFuKj41WQly08YDljo/2Kz+3RFGRYaqqaVRVTYOx7JKFuU7VpiVp2aI8/fngaafRWSRp7coF9/rR7ig4KFAPrV6koycvSZLOXizSxcvFys/JUHh4iOoamlVabg8Vzc/PVvyoBxjHKzIiTCaTyfisuz47rsrqeqUmx2teXpZCQ4Lu7QM9oN77+IA2rl2iR9Yv87hMQ2Or3vjDp7L09qmmrknbN6+9jy3EFxl9AQATje8VAABmBgLQAAAAD7j6BvuwqDnZs6asDTnZs1Rb36T6huZpEYDu7bultraRSp2JibEy3SFUOKzH0qeOji5JUmBQgKIdqrVONpvN5nKj0pFj+FmyV4x+693dhKCBKXKzrMZ4XV5Zp/LKOpdlwsNCtPGhpcZ0SlKcsjNTjTCEpbdPp85dkSQtWThHd/qmio4a+U5q7+iSzWav9iZJT2xep9a2TtXeHi7b0tvntirXqmXzVHi1RJbePlmtVr3xh0/1rVeevOtgiJ+fecLCrrHRkXr5uS16e8ceSfYqyxcKio354WEhHkPQz27foKbmNuPzNzS1GuERyR7KsPT2ed2WkOBAPffUo9rx8X7ju7mxuc2pKrUkVVTVGcOdDw1Z1WMZ2UdM1BcjAP3pn49Jkp7Ysm7M5T4/dl7llXUqq6y7rwHoe/m7P11ZbTbV3/63HBwcpMiI0DGXb23rVF/fLUlSWFiIwkIZAv5OhkcusVo9j2AyfBPUZrPJJumDTw5KEjdDp5nuHos6O+1/G0wmkxIdKqLeDavVqvqGkVEDkhLjdC9fKe0d3bJYese9XlBQoKIiw3Tx8g213z4/iQwP1eIFuXdYc0RHZ7d6euz7Dg0NVnhYyLjbcb9wTOJujR6NYzTHvtlkGg7jlpbXGkHfYYEB/vqLV5++48OOPj7St199Wr9882Ojz1lUXO6yXH5uhp7ZttHlfX9/Py1fnOc0GsycnPT7duw/umG5SstrjP744OCQCotKXJa7frPingPQJh8fbXlkpfbsPynJ/t1dcOWmCq7cVGx0hEJ5GO+u3Om6lGP4WZJxLjsVIWirzaamJvv5n8nXRwmx0YqNiXQaGeleOZ5n+Pn73fEhBm8MDg6p8fZ5qo+Pj5JGPSTtyGazqe728SRJsTGR8r/H63+fHztvvM5IS3KqPD/V6AvAG/fj2P+iuJfziC8Kvle+eDq7etR9u/hEZGSYgoPu34i4kv0c+0LhyLXqxfNz73jNDgBwZwSgAQAAHnBt7fYL8clJcVPWhuF9D7dlqpWW12jHR/uN6X/4m9cUGOjv1brHTxcYFYtiYyL11995flLaOF7D4ee6hhYtX5yvsxeLtGJJvs5dvEYIGrjN1/f+3ux4dP0yZc5K0r5DZ1Rb3+xyo3junExteWSVzKPa9dKXHtO+Q2d07tI1DQ4OSbIHJrwJbM5KHQkpDw4OqaqmXrNS7dWXg4MD9Z3XntXBw2d15XqZWlo7jGUDA/yVlpKgrY+tVmx0pNauXKif/uZ99d3ql9Vq1W9+9yf99XeedwpYe2IyeZ8C8/U1uX09lpysNL30pc06cbZQFVX1t/dp0qzUBL3w7Cb987+9bSzr4xAZN5lM+vpL27Xv89MqKq5Qz+2wWVhosDasXaLubosOHb9gX8/LJFv+nAz9zV++qE/2HFVZZa3x+5LsgeqF87L18LplRvW9kvJqp38HKclT97d5IrW23fnve1e3RRVV9Vq8IFeXCovV2dVz38I29/J3f7q6datfP79d0dJkMumH331BUaOGenf08e7DxkMYD61epM0Pr7wv7fwiG74JmpaSoP7+AfmYfGT29eVm6DR09sI1HTx6TpJkNvvq//67b93T9nr7Ro4/Sfrea8/e07nW/kNnVHD15rjXiwgP1Y+//1WdOF2o+kZ7IDskOGhcwYUDR87p4u2bs+lpifrWK0+Nux3TBcckho23z+9tH9SxLz66v+u4T0/bS0uJ1/o1i/Xp3mNqux02Mpt9lZOVpkc3LPf64SR/fz99++vPaP+hMyopr1FzS/vtNpmUGB+tOTnp2rh2iccHM3KzZzkFoDeuXeLVfh05fn535ygmk4+Gu7wmx/6+yaTvfeNLOnfpmg4eOec0MorJZFJCXLQ2P7zC6wflRv8eRle8Xr18gcxmsw4cPuv0oGNQYIBX28f4DIefTSaT5s7J1NXrZVq1bN59D0E3NbfpvY8POD3s6ig6KlzbN69VTlbaPe/rZmm1/rjzgCT7v7//5z/9xT1vs7W906mf8aPvvejxPHxgYNBp2dde2q6sjHsrPHHwyDnj9cJ5s6dVAPpO6As82O7nsf9FcS/nEQ8Kvldmnt+8/YnR187PzdBLX958X/ff2tbp9Lc0KjJMkRE597UNAPBFRAAaAADgAdfbZ7/JExE2dU8ZD+97uC0z2XBVgOnEMfz8/DOPKsDfX2cvFml+frbS05L0wScHCUEDkvJy0vVf/vN3xrVOSHCgx3X+7q9eueP6menJ+s7Xn5Ek9fX1q6vHogB/P4WFBnsM2fr7+2n75rXavnmturot6u275fWxGxEeqqSEWNXdrv5/uajUCEBL9oDCpo0rtGnjClltNrW0digkKFDBwc7VMCIjQvUP//E1r/YpSbOz0sb9s5WkrZvWaOumNS7vf+mJjfrSE65V64blz8lQ/pwMDQ4Nqa29S7HREcbPc6x2BAUG6Kmt6/XU1vXq6OyWn9ns9Nkf3bB83G2JCA/V117YKkmyWPrU1WNRdGS4/PxcL8lcLio1XmfMSrrvVUim0tXrZQrw99OmDct1qbBYV6+XafXy+VPdrCm3//BZDQwMSpJWLp3r1UMGo1mtVr357i794NvPuTxQgcnheBP01Re26s13d8vX16SXv7JFb+3Yw83QB8z0OzsYUVFVb1SHjYoM06pl86a4RZODYxKO7qbPL9n/fYz1b2SsvvGqZfO8Or5ystL0N//hJfX3D6izu0ex0e6rxY51DiJJAbfPFyT7Q4+dXT2KjAh1CQC7c/rCSPg5IS5aKR4e4BjrXGf54nwtX5zvcf6dHjRZtihPyxblyWq1qrWtU35+ZkWEu16zutPPITho7Pk+PtKKJflasSRfvX231NVtkdnsq0g3+8K9cQw/f/PlJ4yRhob/nd6vEPSVa6X6486DY1apbm3r1Ns79igtJUHffOVJ+Xpx3Eyl6XQdciLOXSYLfYEH2xfx2MfU43tl5iktrzHCz5J9pJSJLsDQ1W3RsVMFxvTjj67yupAGAODuEYAGAAB4wA0P3+VtVaPJMLzvsYYSw90ZHX6eOydTJWU1xvzhC3CEoIGpFxjoP+6qs2GhwV5Xgxu2Ymm+du4+IskeuPV0k9nk4zMhQ/ROJbOv711/Bnchi3sVHOwaJh9mszkPUb5iydwJ3/90drmoRNmZKQoPC1FyUpyuXCt94APQVptNh29XHZeknKzUuw4RtLZ16uNdh/WVpx6ZqObBg9E3QR2HGQ8I8NerL2zlZijGJX1WkgaHhpzeGxgY1I3SKmM6NiZS8bFRTssMV31PTow1wh6RoyrBX7tRrhNnCiVJ8bFRX8gANMckZiJ/fz+P4efxMpt9ve4/dHb1qPhmpTG9cd34qz9PJJPJpNj7dD4SFBhA5edJMjr8PPp3er9C0HX1zU6jvkhSSlKcZmemyuRrUl1Di8oratV3q1+S1Nt3iwCkG479Dcff5USeu0w0+gIPNo79uzfWecSDju+VmWl45CdHR09emtC+R2NTq3GOLUlbHl0lx/hzYIC/09/S0OCgCds3ADzICEADAAAAX1BDQ1aX8LM7o0PQ33z5ySkNxAOYXIvn5+rPB06p71a/eiy9ampuU9yo0BTuv+raBvX3D0iyB9vn5rn/zv4i6uzqUVV1g6KjIvTWu7vV1W1RV1ePurot4w74w7OCKzeVOStZSxfNmeqmfGEVXS/3eBN02OiboWazr/JzM6agtZgpli/O0/LFeU7v9Vj69M//9pYxvfnhlcrLSXe7/jPbN0xq+6YzjklgfI6evGS8Dg4K9HgNAfBWa1vnmOHnYY4haF9fkx5/dPWEt+W4QxjJbPbVD7/7gstDr1arVSfOXNa+Q2f06PplE96GL4IffPu5qW7CuNAXAMf+3XuQzyPGwvfKzNTY3KbK6gaX989cKNKmjSvuW1GgpMTYGfe3FABmAlINAABgwvmI4XzwYLBaraqoqlddffO0GnJymKW3T909vXr+ac/h52EL5mbry089opbWDnV29dynFgKYCr6+Jj328Epj+kZp9RS2BsMcfw9bHl0l0wM0POLlolLZJC2Yl630WUmal5cpm6Sr18umumlesdmkjs5ulVXUqrS8Rt09ljuuMzRkVV1Di26UVKm1vdOpH2Gz2SuojR6ed8hqtb9vs+luux0f7z6shsbWu1rXarWqqaVdN0urVFXToFu3A/uj2W630bGdVptNtXVNqqiq19CQ67DD3T29Ki2vUVNzm6xefLi+vn7dLK1SQ1PrmMMY32+VNfXKzkzxeBN02PDN0FlpibrpUMUX0197R7dulFapx9I77nX7+wdUUVWn5pb2SWiZZ+6OSZsxPXK8WR2W8+Y4dMQxCcx8/f0DOnOhyJheu3IBw3XjnjU2tykoKGDM8POw7ZvXas2KBSoumZzvYcc+cF5OutsRf0wmk9atWqh/+JuvO11HM/rno/52jsy3jTl/tO4ey+3zhvH3JyaKu7/5VptNdfXNKq+s83htcPR6k3nuMhHoC2Aqjn3H9RyPse6eXpVV1KrH0ud1+zs6u3WjpEpt7V0el3HXhlv9AyqrqFV5ZZ3X+xrN3XnEaLf6B1RRVa/S8hp1dd/5Wogk9fbe0s3SKrW2dY653GR9rnvF98rMdOjYeeP1/PwsJcRFS7Jf6zp9exQKb/T3D6i0vEbVtY1GIQvJ8e+h88Fidfh7aLzn5Xm3N9cfPH1PWSx9Ki2vUX1DiwYHhzyuP7yN1rZOFZdUqqGx1WUEKgCYCagADQAAAIxTW3uXPtp1SJXVDcYFfpPJpFXL5slkmj43CMNCg/Xj73/V6+UXzM3W/PxscY8T+OJbtjhPdfXNyp+TodmZaVPdHEh65KGlSk6M1fUbFVqQP3uqm3NfXS4qUXJSnB55yF5pyWazqfBqqa5cK9OqZfOmuHWeVdU06PCJi05DxQ+LigjT889uUkpSnNP7nV09evfDfaqubXRZZ8nCXD22cYXqG1r01o49LvN/995e4/Uz2zdo6ULvKzmbTCajz/Lbd3bpR3/5olfVbaw2m65eK9ORExdV39jiMj8nK03PbN/gVKn7o12HdbGwWJK0cN5sRYaH6vCJi07rLVmYq2e3b1R1baPe/XCfU8AiOChQLz+3RWkpCS77O366UGcuXHW5Ubp25QJtfnilTFM8VPF4qhUGBPjrmy8/OYmtwUTp6rZo554jKq+sc7rBGRIcpNzZaXpyy0Mym309rt/b26efv/GhauubjfcCA/y1YG62ntiybtIDho7HZHZmqr7+4jb95Nfvq7G5zWm55pZ2/Zd/+pUk+3H49z969Y7b5pgE7s3q5fOVm23vi0/1qBcmk0nPPf2IMZ2TxTkC7l1eTrrHEQrc2bpp9aRUf5aksLBgNTTZg5CV1Q3qHxiUv5/72+SjA22nz1/Rrs+OS7L//f9PP/ya0/w/7T2msxftDxCkJMXpu68963a7dfXNemvHHqcgU0R4qNavWawVS/Lv7oPdpX/5998bYcUvPWHvl5+7dN0pyJySFKeXvrxZ4WEhbtfbumm14mIiJ/zcZSLRF8BUHPuXi0r0x50HJNmrTn/7a0/rd3/c6xQQjo4K18a1S7R4Qa5LOwaHhvTp3mO6dqNClt6RsLTZ7Ktntm/Qwrkj14xGjwzzo798Ubs/O6HiEvt1iqiIMA1ZrcY5d05Wmr72wlaXfRYVl+udDz4zpv+v//iadu074XIeMayyukE7PtrnEno2m3318LqlWrNigdM5ktVq1Z79J1VUXO50/m82+yo9LUlPPr5O0ZHh4/pcf/MfXnL5HPcD3yszT3ePRZeLSo3p9asXq6ml3ThOj568pHWrFno8f7XZpANHzupyUYnLuW9URJiefHydbpbV6IRDxflh//W//cZ4/ePvf1Vms9np3/YP/uI5xceNjMw43usPjt83IcFB+vpL2/S79/Y6HWcmk0lPbFmr5Yud+xrD3zUXL99weZBpVmqCtj+2VkmJsW5/JgAw3VABGgAAABiH3r5b+vXbO1VeWed0UcA+VF6hjp0qmMLW3TvCz8CDweTjo6e3rVdOVhrH/TTh4+OjvJx0PbN9wwP1OxmyWpWXm6HNG1cY7/n4+OiJLWuVk5U6LUdYkOzh51+9tdNt+FmS2jq69Ku3djqFG7q6LfrXn7/rNvwsSRcKivWL3348Ke194ZlNxuseS6/e/XCfV+sdPn5B73283234WZJulFbpzXd2eVy/4MpNl/CzZP+s739yUL9++xOX6nKW3j69+e5ul4ozh49f0N4DJ91WiTp+ulBv/OFTbz4SMC7dPRb9/I0PVXyz0unmo2Q/li4UFOv13/9pzApJb+3Y4xR+lqS+W/06c6FIH+8+PCnt9mRwcHDCtsUxCdy7pIQYzcvL0ry8LM1KTZzStpjNvkZb5uVljVnREJhMk3UulJ87UtW1s6tH//Mnf9CRExfV0toxru0M3WVVRKvVql+8+bFLFceOzm79ae9RFV4tuavtToQPPz2kMxeKXMJPNXVNY543DAxMXL8CmCxTfewPDg7pF29+7BIUbm3r1IefHtL1UdcUrFar3t6xR+cLrjuFn4e39f7Ogzp8/ILH/b3x+0+NkLBkv5fhGHr0VE3W8Z7GgvxsBQT4j9r3yPF+/Walfv32TrcVnwcHh7Tv0BkjOC7ZH6x++729OnXuisv5/+DgkErKqvXz1z9Ue4fnKtfuPhfgLcd/34nxMUpMiNG8/CwF3v533nerXwUe/g7bbNIHf7Ifd+7Ofds6uvTWjj2y9N7dqA4DDsfWvV5/6LH06udvfORynFmtVn2y56gqqxuc3v/56x/qfMF1t6M4VVY36GdvfCjLOCrWA8BUogI0AACYNAyViS+i34+q1jAnJ12zM1PV0dmt46cLnS4WTNfQFgAA04WvyaQNaxa7vO847Ox0lJqcoOCgQFl6+5SSFKfc7FmKjAxTRWWdUTnFarXq0LEL2r55rSSp8GqJMexkYIC/tjy6StGR4WpoatXp81fV0tqhpYvmKD4uWmtWzJfNZtPJsyPDcObOnqWYKHtFpKT4mHG1Ny01Xls3rdae/SclSSVl1Tpy4qLWu/nZO1o8P0cHj5yTZO/zpKcmKigwQEU3yo3wd2Nzm4pvVip39iy32zCZTFqzYr66e3pVeLXE6CsVXLkpScpMT1Z6aqIuFBaro7Nbkn1I0SvXSrVoXo4k6dKVG9p/+KyxzXl5mVo8P1c1dU06fqZQ/beH3S0qLld+bsa4fjaAJ1abTT97/UOnvv+6VQsVGxOpyup6XSiwV0Orrm3UO+9/5raS2rCI8FCtXDpXJpOPzlwoMm6cXigoVmpygpYvzpvcDzPKmpUL1NjUqpKyGqMStL+/n5YtsldnDA4OGnN9jkkAwEyTn5uhz4+eM/6uW3r7tO/QGe07dEaBAf6anZWqRfNzNDszddJGMLBarcpMT1Z+boYslj4dPXXJOD/4484DSoiPVnxs1B22MjnMZl+tXj5f/f0DOl9w3WhXdW2jGpvbPLZrMs5dgIk0XY79jFlJmjsnU909vTp68pJxXvzOB5/pr7/7vFH9+KNdh1VWUStpeMTJucrOTNXVa2U6X3BdknTw6HktWTjH7egRw+fUZrOv8nLSFRMVoZVL5+rAkZG++9kL17Rx3RJjurW9U1U1I8HIDWtH5rlz6tzIsZ6UEKv1axbJ389PNXVNOna6QP39A1qycKSy9Yd/+lwlZdXG9Pz8LGVnpqq9vUtHbv8s+m7166e/+UB/+1evuK3Q7e5zAd7oHxh0+vs0fB3M5OOjNSsW6OBR+zWvz4+c0+L5OS7r79533Lh+JUkx0RFaPD9HPj4+KqusU0lZtcJCg7VsUZ6CgwLV0tbpVCxh9fJ5xr3ywAB/DQ65ho2libv+YLValZWRrMxZybp2o0I1dU3GvEPHz+vVF+yV3BuaWp1Ghdq0cYXSkuPV1tGlq9fKdKO0SmkpCQoODnS7HwCYbghAAwAAAF4aHBxyekp63aqF2vLIKmN6fn62fvb6B1PRNAAAcB/5+EjPPf2IQkOClRAfbby/eH6ObLIZNyYcq76WVdaOLLcgR8sW2QOPmenJWr18vq5cK1XmrGQFBwdq66Y1so4KEaxeNk/Zmal33eY1KxaotKLWuBGz79AZzUpNUHpaksd1IiPC9KUnNmp2VppCQ0YCkUsXzdH/+PffG1Vl6hpaPAagX/ryZs25PS86KtwIVEv2YYK/8dUnJNlvQv3X/z4yNGhzc7vx+uyFIuN17uxZeuHZx4zXkRFh+mjXIUnSiTOFhC0xYerrm51uPn7z5SeVMct+vCxdOEfxsVHae+CUJHsltcHBIaehaIeFh4Xoh999wZi3atl8/Z9fvWeEoC8Xldz3APTwMPR7D5w0bnpGhodq66Y1Xq3PMQkAmGlCggP1w+++oPd2HnAZxaXvVr8uF5XqclGpzGZfvfilx5Sb7b5vey8Wzp2trzz9iDG9dNEc/ctP/mBMF9+snLIA9A++/ZwRwFw4b7Z+9dZOY17TGAHo8LCQSTl3ASbKdDj25+dn6XmHUZkWz8/Rv/1ihyR7WPH6jQqtWbFANpvNqRr8tsdWa+XSeZKknKw09Q8M6HJRqaxWqy4UFrt9mNxkMunLTz6seXmZToHuRfNzdOnyDUnSybOXtWHtEqPi/skzl43lUpLiFB839veQY1h604blyslOs7cxO00PrV6kgqs3lZaSIMleIOZyUamx/IY1i7XJYQSw/DmZxv2Uvlv9qq5pUFZGitefC7iTsw4jHAQG+Gtu3kjBhZXL5hoB6LaOLpWW17j8+zt36ZrxOisjWa++uF2m2wfP+jWLVVPXpB5Lr9LTkpSelqSSsmqn75rHN60xlpekQQ8VlSfq+kN+boZe+vJmSfaHGX755sfGSHSNTSOB54qqOuN1bEyk8X2SeXt/tQ7BaQCYCegdAAAAj6jgDDgbPXT1w+uWOk0nJcQYF/cAAIB3rt+o0P/7P153+W8qh4H2RnZmqhF+7u7pVVNLu2rrmhQZHmYs4ziEq2MI8OTZK3rv4/26cq1U3T32YTLn5WVNemWV559+1KlK1Nvv7TX278niBbkKDQmSzWZTR2e3GpvaVFPXpDiHEERLm/vhg00mk2Y7BB8yRoWt5+dnG6/NZl/FxkQa0x23w9U2m1RdO3LjJS0lQVU1DcZ/jsHs5pbxDWMMjKWs0vmG4PDNx2Grls13uvleU9fodjsb1y1xujHp62vSRoeqajUz7MYixyQAYKby9/fTK889rr/+zvPasGaxoiLCXJYZHBzS797bqwMOIx1MlEc2LHOajggP1cK5s43piur6Cd+nNxLjY4zwsySlJMc79XGGK68CM9VUH/ubNqxwmo6JjnC6PjBccKWhsdVpdMnY6EinfnakQ7ubHCq3Opo7J0ML5ma7hIQfWr3IeG3p7VNZRY0kaXBoyCnguXHU/Q53cm8HniXpnQ8/0579J1VSVq3+/gGZzb7Gw5aSvcqs42caPQpVUkKMUpLijGnHczBvPhcwFpvNpiMnLhrTa1YucAojBwcFan5+ljE9HIYe1tTcZoyIIEnbH1vrtL4kY1S4ezVR1x9WLp3rNO3YNsfrf7nZ6cbr5pZ2/eqtnTp36ZqaW+3FCJKT4pTscGwCwHRHBWgAAHBPjJA0YWk8AIaflJbsT4v7XMejcgAAIABJREFU+/u5LJMYH+1UBQEAAIwtOSlOX3lqpBLagSNn1dPTq8z05Cls1Z2VV9Zp36Ezqqlrcrqh52jIYWjL+fnZ2r3vhPr7ByTJqDQlSQlx0dr22JpJ/8z+/n567aXt+slvPpDValV//4De3rFH/v6eLxGeuVCk46cLjGq17gwNDbl9PykhRr6+IzdowsNCnOZnZzpX1gkPC1Fzi/1mi/X2z66ltd3p57v/0BmP7eixjB3mBsZjeOhpSW6rHvr6mhQaEmRUQi+vqndbUd3duo7v9fcPqLvHotAQ1yGspyOOSQDATBcbE6lNG1do08YV6uvrV0l5tS4W3lBxyUjFxiMnL2nDuiUy+7pWV7xbjiHjYXEOlVZrau/8UFRggL/TdN+tfo/L9vbdcpoOGLXusLycdKdpk4+PQoIDjUqUjuc0wEw2Vcd+lJtjPykhVkXF5ZJG7jmMfgjit+/s8rjNllb3Dxounp/r9v342CilJscb+zp+ulBZGSkqvFJiBDxDgoO8CnKuXj7fuJYxODikE2cKdeJMoST7g99bHlml6Cj7Z66oGvlMnu6nJMRFGw+FljuMnOXN5wLGcuVamSy9IxWXb5ZWuxQ5anO41lVZ3aBGh1EPRgfyY2Mmb5SGibr+kJnufJ0tKtL1gQ9JiowIVVZGskrL7fsdftBCsgfDN21coaWL5rgEvgFguuIRKQAAHjA2m22qmwDMWI7hIKuHY8nxpsBkVVH/ZM8Rvf77P+nWGDc5hvX3D+iNP3yqT/YcnZS2AABwr8JCg5Wfm6H83AzZrDY1NrXp6W0bnKqITjfVtY16/fd/UlVNgxEEjI+NUlpKghLiot2u4+9n1t//8FVteWSVS3ChoalVb/zhU+3ed3zS2x4XG6Vnn9hgTNc1NDvdlHR0+MRF/WnvUSP8bDb7KjE+RulpiU6VpD1xNxynIz/znWszjO5zpSbHKysjxe1/kzFccVt7l/7pX9/yuiL51etl+qd/fUtt7Z4D45gZHP/9eur7O55f+3qoRma1uq47OCpIZPadOXVKOCYBAP/7l+9pz/6TXi3b3NKu//nTP6jg6s1JbtXdCQz017y8LL3y/OP62vNbjfetVqtKymq82kb/wIBXy7m7Lj/kUFnS3+/O/YGwUOcHCj2FICW5PMAYGx3hdjnHBxZnAvoCmAj389iXvLsnN/rBak997KyMFGU7jLTkaKxRpTY4jEJzo7RKPZZeHT9d4DB/sVd1jtJSEvR3f/WKli/Od6nIXFRcrn/9+bu6dqNCkuTre+dzKsfP7ekawmSPlsX3yhfT6IrOVTUNun6jwum/xlHV1A8dO2+8Hv132+blsXw3JuL6g8lkGletstdeekIvfWmz8cDCMEtvnz7Zc0Q//fX7ZAoAzBgz58oqAAAAMMXSkhOM1/39A+rqtriEfxyfIJ+siwOzs9J0/tJ1vbVjj159YavHCi79/QN6a8ceVdU0aMWS/ElpCwAA7lTVNGhoyOoyZGN5ZZ18fU1KS0lwWaer26Kde49o6cI5LlXIpptLl28YrxPiovWtV55SYKD97/GfD55SQ1Or2/XMZl+tW7VQ61YtVGt7p0rLa3TizGWj6vHJs1e0+eFVMpt9NfqeRfcEVlJdNC9H5RV1Ol9wfczlLjjMX744X09sWWvc4Pzpbz4wqsJNptFBjUfXL/N4s3cyhIeFKCY6Qh98clCStGButsdlr14v03sfH1BSQoxLOAXTV11ji/Ha32+kIllmerJRla1uVJUoaeR8wHF5d2rrm1y+Cx2Hqw0JDjK+P+43xwc2eyx9Yyw5gmMSAJCbPUvHTxfIarVq++a1HpdrbmnX67//VFarVSmJUzuM+q3+AbW3dykh3v3DipKUmeH8t7y7x/533jGU1HerX4NDQ0Z1WJtNRtDvThqb2lz2X+Uw2py7c6TRfHykiPBQdXR2S5LOXizSwnmz3S579mKR8dps9vV4/XAiTOa5y2j0BTAe0+LYb25zeVC6us7x2I+XJCXGxzgt8/JXtsjPiwcjvJWbPUshwUHGKC0f7z5ihD9NJpOWLsrzelthocF6autDeuLxdWpoaNH1m5U6cabQqEq//9AZ5eWkKyMt0Vinv39Alt4+BQc5h5nrGkbOxzJmTc1IYHyvfPFUVNUb19rG43JRqbY9tkahIcEu5/H19c1KThq7PzO6KJLF0uvVaE8Tdf1hvPLnZCh/ToZ6LH2qrKrX2UtFullaLcn+3VVSVq3ZWWkTsi8AmEwz65FOAABwz9xVnwLgHcdhKSVp977jcsw43yitUr1DgGKy5Odm6MtPPaKa2ka9tWOP20rQjuHnLz25UfPysia9XQAADLtYWKzfvrPLqdJbwdWb+u07u3SxsNhleZtN+vDTQwoKCNC2x9bcz6belaqakZuVERGhRnjRZpMuFLh+PkkqKavW8dOFxmgR0ZHhWr44X9959Rmn5do7uyTZb5o4Dg979Xr5hH6GJ7c+pBgPVeAke8UZx6px8XFRRvi5vaPrvvR5JPuN2KiIkSE79+w/qf5+50pbvb23tPfASd3q97YCl/d8fU169cVtSkmO1wefHPRYEcrxJujXX9p+x+rXmB5a2zpVfHNkyGvHykeONzs7Ort15Vqp07oHjjhXk0pKcA4sDDt07IIsDuHiHkufPj86UlUqJXnqAmGOw3H3WHrV6kUFM45JAMDjj67SqmXzdOrcFe36zP0IJo7h52989Ykx+533w8kzl/WT37yv3/1xr0tlZMlexOCzg6ec3hsOLDr+3ZOkcodh6m+UVLr8HfRkz4ETTlUdq2oaVFJWbUyn3g5B3sncORnG64qqeh0+fsGlCMOZC0W6XDTSd8nPydBkmuxzF0f0BTAe0+LY3+987NfVNzudgww//DA6pL1n/0mXSrBNLe06cPisV/sdzcdHemj1ImP6ukOAe8WSfK+q0EvSiTOFRvjb5OOjpMRYPfzQUj27faOxTPvthzRiYyKdjr3PDp522tbN0iqnB8gz0pwDp/cL3ytfPJ8fGzlfj4+N0j/+7Tc9//fjbziN1HbsVIGxnmOV8517jqp/YNBpP0XXy52uc0ZGOn9vFBV796DERF1/8FZ3j0W79x03HogICQ5U/pwMvfrCNkWEhxrLtbj53gSA6YgK0AAAPGBGD6MFwHsmHx8tmp9jVH28cq1MzS3vKysjWV3dFqcbC5NtuArBB58cNCpBDxsdfl40L+e+tQsAAEnaummNmlo69MEnnysoMECSVFJeo1mpidq6yTXgfOrcZZWV1+hbX3vK6cb5VPg/v3rPpWLLMLPZVz/63ovKzkxRXYO9IkvxzUrt+uy4EuKjdf7SdVl63VdR3X/4rGrqmnTo2HnNnZOp+LgoDQ4O6UZplbGMyWRSuEMFoaSEGFVU1UuSrhWX67fvfKqcrFnKnJWkpMTYe/qcviaTXntpu/7tFzs06DD0ttEWHx8lxscYQed9h87IYulTSEiQDo668TLZnt62Xr99Z5ckewWa/+9f3lBmerLSUhLU3NKuazcqZLVaFR4WojUrFkz4/gP8/fTqi9v01ru7jYpQjqOAjL4JGjiJ1fVw75qa2/T5sfNqbulwCfLn546Eg+Jjo5UQF23ckN/x0X7l55YoKjJMVTWNqqppMJZdsjDXZfjnYX23+vWvP39XC+Zmy2azPwziGJZYuXTuRH68cUke9T3yy99+rAVzs5UQH62lC+d4XI9jEgAwXPn51LkrTtOSa/h5rMqr98OQ1aqjpy5Jsvfdi29WKjgoUDHREYqOClffrX5VVNYZlUslKSY6QqnJ9kBy/KiCCG/t2KPc2bNk9vXV1etlXrejtLxW//sXO5SbnSZL7y0VXBl5WNRs9tXcOZlebefRDSt0oaB4pNLq4bM6efaKUpLj5GsyqaauSZ1dPcbyJpNpzErdE2Uyz11Goy8Ab0zHY7+3r99pRCmTyaS82w8oBAcF6qHVi3T0pL3NZy8W6eLlYuXnZCg8PER1Dc0qLbeHsOfnZ7u0zxvLF+fps89Pu9wnXLdqoVfrDwwM6s8H7etHR4UrJytNkRFhGhwc1NmL14zlHEeNWbl0ro6fLpQknS+4roamVqWnJaqzq8fpfkpURJjxs58KfK98cbS0dhjHiiStX7v4jgH/tasWGg8XnDx7RY+sXy5/P7OWLpxjjKhQ19Cs//mTPyg/N0M+PlJZZZ1aWjsUGOCvRfNz5OPjo8iIMJlMJuMY2/XZcVVW1ys1OV7z8rI8Xm+cqOsP3jp9vkgnz17R6fNFys9NV0J8jPz9zGpsajNGmZDkUr0eAKYrAtAAADxgCEAD9+bZ7RvU1Nym2tvDUDU0tTpVKQgOCvQYfJpoo0PQg0NDsllthJ+Bu9Tbd0ttt6saREWGKygo4P9v706D5Czs/I7/+um75x6NNLql0S10S+gEhC0uIWwwNsZgsM2yxBtXXN59kexWXiWuVFKVrWySSmq9qd3Yazs+wXgB7wI2EkKSERJCSEgI3bc0OkZz9n09T160pjU9Z89M9/Qx308Vpe7n/PfDdPdz/Pr/DDr9tRutsm5/rzZMqC14aBMoJk6nQ89/9RH99NdvpU/Sz5jWqOe/+kifW7i23GrXO+99qFkzpygQDKdv+dg4sT6jG+tY6XlLyYGsWbFI+z76NB0c7g5+DCQWT6Rv6xqJxvTxkZP9Tvf41vsyPku2PbhJf/ePv00/P3ehWecuNGvTumU5CRHUVFfqmScf0s9eebvf8Zs3rdTLr+1IvYZYXO+9/3G/0+XbnNnTtGndsvRFU0k6f7FZ53t04JJStyDOR9hS6nsxdM3K1O2BPzt5Xh8fOclF0BISicb6/eFifV21Nq278/djs0kvfeNx/cNPX0/fGrr786mnxQtm64lH7+8zvFv38cGBQ8f7jHv48+s1v4C3k502ZaLmNk1Pd58MhSPpz7NVgwSgeU+inJiWpZaW1DG+YbepsaG+T7dCAP3rHYKWpFttnUUVfpYkWanQ376PjqXPjYfCEYWuRjICRd0aJ9br6089nH5eWeHTymULMjo89uze6nDY+/1BYW8et0tt7V3a91HfY4cXnn0sI2g3GJfToWe+/JB+8eof0j+qCobCGTX1rO2rTzwgn8+T1bJHI9/HLr2xL4AhlcB7/xtPb1Vdj46xWzbfrXMXrqavPSQSSR093rcb8ckzF0cUgHa5nFqzYmHGscn8OTMyOr4O5uq1lvS2bGvvGvBcyFce/3z68SNbNigSuXMe5Oq1Fl291pIxfU11pb79wpdktxf2BvZ8rpSH3XsPpR+7XE4tzeLuqOtW3ZUOQJumqYOHj2vj2mX6wiP3KhKNps8hhMIRHfzkRMa8kWhMN1raNHnSBBk2mx7+/Dq9vWNfellHjp3RkWNn1FBfo8mN/X8f5ur8Q7bO3G7GYJqmjp04r2Mn+v6oY+niORmdqQGgmBGABgBgnDGTBKCRyTBsMk1LyaRZsBNM3beCN4z+f/081uz2zAudPesyDEPffGabtr/3oY6fupi+RVRVpU+bN61SIBDSrtsnWAb6NXcu9QxBd98Sz2azEX4GRuDchavpoN+E+hr9m5eekn2Qbgp//5PX0if9X3j2MTXNmjomdQKlwuVy6vmnt+oXv/mDJOnrTz3c7w8FTp29LJvNpivNN3Wl+WZ6+EOfW6f1a5bkvc7e3/vZqK+r1ndf+qpefm17+sKklLpl5YY1S/Wrf3pH0p19AZfTob/83vP6475P+u0SXeHzasvmNVq1fEHG8MmNE/QnX/+C3nh7j1rbOtPDvd7cBRjmz52R0WWq5/ZYsmiOnn/aqTfe2pPuIudw2LVmxSI5HPb0bUGz7jzTe9eo1/Oen7m990sf2bJBixfM1j///n21tHZk/LCzprpS96xfrrWrFmdXxwj1vBjafcH4o8PHNW3KRC6ClpCKCm/mc59XK5bO0wOb1/b5W3a5nHrpm09ox64DOnvhqm61dkhK/c1PnlSvhfNn6f5NqzTYbv+fPPcF7X7/kI6fvpAOSEyeNEGrli/QhruXjug19D5uGmx/ZSjPPPmgtu86oIOfnEjXZxiGjCGOZXhPotS13GrXK6+/m/GD5p7q66q17aFNBf2RAlAKeoegPzt5Xj6vp3jCz0rtVz6yZYPu3bBSu97/WKfPXVZHZyDju8vhsGvihDotXTxH96xf3uec3he33iu3y5kR9vO4Xbpn/XLFE8l02Gqgc6set0vfefEreuX1HWq+fkumacowDM2eOVn3rFuuGdMah/WammZN1b/77nN6570P9enxc32OLzxulxbMm6lHH9wo3wiOHXq+/mzPF4/FsUtv7AtgMMXw3jcMQ9958ct6+bUd6dCvYRiaMW2SNq1brjmzp2XWbBj6sxee1MFPTmjnnoMZP9A2DEONE+v10OfWam7T9BFvl3vWr8gIQN9/z6qs5509c4q+9+2ntWP3AZ0+dyXjzjaSNKWxQVsf2KCG+tqM4U9s26yGCbX67OT59GeglNrfmjNrqrZsXjuiz6p84HOltMXiCR3u0WV949plWZ2z8nrdWr5kXvruDO/vP6KNa5fJZpOeenyLGifW6+SZSxl/v4ZhqGnWVG3dsiHjBwkb7l4mh8Ohd3d/lPH93H2HvIHk4vxDbwN9Nr30jcd16Ogp7dl7WO2d/oxxDodd61Yv0efvXZ39igCgwGyWdTslAQAAxoWAP6TW1vb0iZzB/u15smeo6XsecdnUa9wIHmfzfKBhQ43LRSh1NMvoCgaGnmgMvfXOHgVDYT371FbV1459l0VJauvo0i9/87YqfF49+tB9BalhpDq7AnI6HGPSSWUwRz87q9/+bqcsacjw8/mLzfrxL/9FLz73Rc2aMXnsigSK3LET59IBaCl1O7kvbRu4o8L3//qHBKABKGmaamvrVH1dTdbhANOy1Hn7wmtVpS+rDvKJZFLtHX7ZbFJ1ZcWYd52PxuLyB4KaUFc7rIst+WBZUpc/oHgiofq6miGDmrkWjcX1/253N8/mIuiPfv7PMgybXnj2sTGsEgMxTVPXb7TK43HL5/XI48n+AnYikVSXP6jamsoR3XK2rb1LFRVeuYv0rhH+QEjhSFRulzPrLnAS70mUnmMnzuk3b+zM6i5pM6Y16k+e+0L6hwYXL19Pd2Orq63K2Y+1Dh05lQ5jz2uapnkEr1Fi3nxnr/YfPJZV+HnnnoPatfeQ/uNfvTSGFfYVDIXlD4RUVVmhiizP61nW7XOBTkfW8/RmmqZa2zo1ob5m1Lew75Y0zfQdrWprqgrexX6sj13YF8Bw5Pu9f/Szs/rNG+9KSgUX/8Nf/qmkO+/9+vqarH/AaJqm2tq75HQ6hrV/PlYSiaS6AqkfS9dUVWZ1TsSyLLV3+lXp8xb13fT4XEF/LMtSe4dfbrcrq8+PcCQqfyAkh8Ou2urhnUcY7fmH4QgEQwpHYqrwegp+rRMolOqK4vueHV9GF1+mAzQAAONMIpEodAkoMnW11QqGwmq+1lKwAHTz7e4HdQVa/2gUy4nHZXfNVeXtbnZDhTBnTp+sJx7drGlTJ45FaUDJOnTklGbPnKqVS+mmDmBgdsPQxIbh3XrWsNkybnObDYfdrokTaoeeME/cLqfc9YVbf082W2H3wbo7Qh397IyWLp47ZAeohz+/TvSgKB6GYWjqlJHtBzscdtXXjfyYZTTzjoWqSp+qKn3Dno/3JErJteu3Mn70KEnTpkzUvKbpMuyGrt1o1YWLzYpEY5JSoYWeIaUTpy/ogwNHJUmTGupyFoDe++GR9O2ubTYRgEbJ2fbQJk2bMlHTp07ShPqaQadds3JRRqfEQqnweVXh8w49YQ82m1RbM7rvPGMExw9DsRuGGgp4rNDbWB+7sC+A4Sil975RZO/t3hwO+7CvKdlstoJdhxoOPlfQH5vNNqzjeq/HPWTn54GM9vzDcFRW+FRZMfxzAQBQLAhAAwAwziSTQ3e3wfgyubFBV5pv6PTZS1q6eG5Bajh99lK6Foxctt1n7XZDq1cszHM1QHl4/c3dmjq5QZNyfHESAFDa3C6n7l65OKtpp0+dlOdqAPCeRLb23g4vS6lQwfe+/XSfAL9pmvrgwKfavuuAtty3ZqxLBErWiix/PFxdVaEli+bkuRqMN+wLAMg1PlcAACgN+e2TDwAAig4doNHbrBlT5XI51Xy9RecuXBnz9Z+7cEXN11vkcjk1a0Z2AV4AGCumaeqnv3pTsVh8xPO3tHbozLnLunz1hqIDLMeyLJm3/+tuFmJalpqvteji5ev9/oApEAzr3IWrarnVLjOLDiOdXQGdPntZ7R3+Eb0WAAAAoNTduNmWfrxo/qx+u5cbhqF71i/Xv/+Lb+quhU2S7uyv9+zsZ/bYh+9vfzybY4H+5jVNs8exgdVnXf0Zarwk+QMhnT1/JVXL7Q7XAAAAAAAApYwO0AAAjCOWZSkeHzgAbbPZ8l7DWKwDw2Oz2bRofpOOHDulPfsOa/KkBvl8njFZdygU0Z59hyVJi+Y38fcBoCj5AyG9/NoOPf/01qymNy1Ln504rz0fHNb1m619xs+fM0NPbNuccYv5197crcNHT0mSli+Zp9rqSu3+4HDGfKuWL9CXtt2vK8039et/2q4ufzA9zuf16OtPPawZ0xoz5kkkk/qX37+vE6cvKhSOpIc7HHY9sW2zlt81L6vXBAAAAJSDqiqfbrSkQtCXrtxQLJ6Qy9n/pTKXy5l+/IMfvqqbt9ozxt9q7dD3/+v/lZTaH/+rP//GsI4FTNPU9//6h32m2ffRMe376JgkaeniOfrqEw/oP//NPyqRSEqSvvzFz2nFkjuddqOxuP7Lf/9x+vmfPv9FzZw+Of384Ccn9OY7e9Pzd6uuqtDWBzbQiRcAgByaNWOynv7SA5Ikw0Y/QgAAgHxjjwsAgHEkkUgqmbxzsYOwKbotmDdbjZMmKBAI6a3t7ysUigw90yiFQhG9tf19BQIhNU6aoAXzZud9nQCQrQqfVw9/fn36+elzl7X3wyNZzbt77yG98vqOfgMP3cv66a/eHHD+I8fO9Ak/S9KhI6f06u926oc/+11G+FmSQuGIfvrrt5To8T1vmqZ+9vLb+vjIyYzws5TaJ3j1jZ3avfdQVq8JAAAAKAeLFzSlH3f5g/ofP/il9nxwWK1tnTlZ/miPBbIRjyeHnui2P+zcrzfe2tMn/CylXv/Lr+3QZyfOj6oeAABwR3VVhZYsmqMli+Zo8UKueQAAAOQbHaABABhHYv3carM/vYPRpRiULsWaC23d6mXa88FBXb/Zqlfe2K77NqzUnNnT87KucxeuaM++wwoEQqqtqdK61cvysh4AGI171i/X+YvNOn3usiTp9+/u14xpjX26LPe2cul87dxzUJK0cP4szZo+WV6PW8dPX9CpM5ckSTdvtevUmUtaMG9mv8swDEMb1y5VIBjW0c/OyjRNSalwtCQ1zZqqWdMn69DRU+rsCkhKfc8fO3Eu3Q3utTd36/zF5vTy1q+5S3ObpuuzE+f18ZGTkqSdf/xYq5YvzOhGDQAAAJSrxQtm670/HpQ/EJKU+iHh9l0HtH3XAXncLs2bM10rls7XvKbpMow7PYQ2rlummy1tOnv+aroTtMvl1JoVCyVJPp9X0vCOBebPnaGNa5dKkg5+cjJ93m5SQ53mNk2TpCGPPQZjWZb2HzyWfr58yTwtXzJPsVhc5y8268Ch4zIMQ/PnzhjxOgAAAAAAAAqJADQAAONIIp7od3iphoVLte5i5Xa7dN/GNfrw46O6cbNVb23fq6mTJ2r+3JmaOmWiaqoqZbeP7AYiyaSpTn9AzddadPrsJTVfb5EkNU6aoHWrl8ntduXypQBAzjz9pQf0P//PrxUMhSVJP/31W/qLf/2MKnyeAeepranSk4/dr3lzZqiywpsevnrFQv3N3/4i3b352o3WAQPQz3z5IS28Pa6+rjodopCkaVMm6oVnH5Mk3bdxpf7Tf/tRetytWx2SUmGHo5+dTQ9/9MENWrd6iaTUbbdj8bg+PX5Opmnq0NFT2rxxZfYbBQAAAChRFT6Pvvftp/XKG++mA8ndItGYPj1+Tp8ePyeHw66vPfmgFsxN7ZOvXp4KOv/+3X3pAHRtdaW2PrAxYxnDPRbonr9nsHrenOl6ZMuGUb/WtvaujM7Pj2+9T05n6rLgkkVzdP89q3X1Wkt6GAAAAAAAQKnhrAYAAONI9HYnGYLDGEh3CPrUmQs6cfq8mq+3pMPKueRyObVofpMWzOMWcACKm8vl1Lee3aYf/PBVSakuyz9/5W39q28+Meh8K5ctkJQKInf5g4pG44onEprYUJcOPbS293+bbcMwNK/pTgf+2TOmZIxfunhu+rHDYVfDhFrdak0FnztvL/vGzbZ012hJaqiv1eWrN9LPa2uq0o9bbgctAAAAgPHA5XLquace0a3WDn3y6Wkd/eys2jv9GdMkEkn9/JXf6/5Nq7Rl893DWv5ojgVyaUJ9jXxej0LhiCTpf/39y1q3+i7NmT1NUxonqKrSp0XzZ+W9DgAAAAAAgHwhAA0AwDhhmqbitwPQwFAWzJut+XNn6eLlZl2/cUvtHV0KRyIyTWtEyzMMm7wej+pqqzW5sUGzZkwliA+gZDROrNeXtt2v197cJUm6eq1F77z34aDzHDh0XHs/PKK29q4Bp0kmk/0On9I4IaPjfnVVRcb47tth9xzfHYA2k6nQ88Ur1zOm+cmv3hywjta2/IcvAAAAgGLTMKFWD9y/Vg/cv1aRSExnL1zR4aOndersnc7Qe/Z9os33rJLDbs96uaM5Fsi1e9YvTx+7dPmD2r7rgLTrgAzD0Ma1S7V54yp5PNyVCwAAAAAAlCYC0AAAjBPRaEyJRKLQZaCE2Gw2zZ45TbNnTht6YgAoc6uWL9D5S8365NPTkqT39x8ZcNrdHxzWjl0H0s8dDrsa6mvldjvV1t4lfyA06LocjsHDFU7H0IfyPbs/S9LzFtVmAAAS+UlEQVSc2QN/lk+fOmnI5QEAAADlzONxacmiOVqyaI5On72sn73ytqTUfvXZ81e1cN7MrJYz2mOBkYgN0vDg3g0rNLdpuv6wc7/OXbiaHm6apt7ff0T7Dx7Tn//Z1/r86BIAAAAAAKAUEIAGAGCciEZjhS5hWOgODAAoNo8/ep8uX70xaCc3STp05GT68d0rF+uxhzfJMFIdnf/uR7/NS+iht8mTJmQ8//pXHpbTySkAAAAAjG/RWFwdHX41TqofcJqm2VMzngeCd/bfe56vCoYifeYd6bFA9zSp9YX7jHfY7UokUl2jOzr9GeOOnzo/4GuRUneY+dYz2xSPJ3Sl+aaOHDujw5+elmmaSiSS2vvhUW19YMOgywAAAAAAAChGxtCTAACAchCNDtwNJt+yCTMTeAYAFDuH3a5vfm1bRjihN9OyMgLSkybWpafv6PTr+s3WvNcpqU+g4+0d+2RaVsawltYOvbv7ozGpBwAAACgG+w58qh/86FX9/De/7/eHjZZl6Z2d+zOGNU68s29dV1udfhwMhdXWcWcZozkWqK2tSj8+deZSn/E11ZXpxydPX7yzTtPUgY+PD7jcN9/ZqxstbZIkp9OhpllT9cS2zVq9fEF6mtb2zgHnBwAAAAAAKGa0fwIAYByIxxM56QDdHVLOVViZ0DMAoNTU1Vbpa08+qF+++od+xxs2myZPmpAON2zfdUChUEQVFV7t3HNwzOr0eT26d8MK/XHfJ5Kkjw4f1+FPT2nx/Nmqrq7QtRu3dO5CsyRp6eK5mjSxbsxqAwAAAAohaZr64/7U/vGpM5d06swl+bweTaivUX1dtSLRmC5euqZIj3NoE+prNH3qpPTzqZMbMpb5Dz95XcvumqvGSfVavXzhiI8Fpk1u0IlTFyRJkWhM//sfXtHyu+ZpSuMELZg3U9OmTEwHmW/eatff/O0vNK9pus5euKrOrkC/y7x05br2Hzym/QePafbMKZoxrVGVFV51+YM6/Onp9HSTJw7cDRsAAAAAAKCYEYAGAGAciISjMpPJkg4cl3LtAIDysmj+LG1cu0wfHDja7/jNm1bq5dd2SJJisbjee//jsSwvbcvmu3XuwlU1X78lSUokkjp6/Gyf6U6euUgAGgAAAOXPku5euUj7Pjom0zQlSaFwRKGrEV2+eqPP5I0T6/X1px7OGDZtykTNbZqus+evpOfff/CYJGnV8oUjPhbYsHaZ3t9/JB2+vtXaoXf3fKRJDXVaMG+mPnfvan185GR6+i5/MP3c43ZlhLa7nTl/Nf34wqVrunDpWp9pqqsqdP+9q7OqEQAAAAAAoNgMfN9eAABQNiKR6JityyaCygCA0mS327Oe9uEt6zO6v9ntdw6vlyyao+ef3qrqqor0MIfDrvVrluie9cvTw7pvhz2k3l+tvZ7beyynZx12w9CfvfCkHn/0PlVV+jLmMQxDUxob9M2vPar7Nq7Mrg4AAACghNnthh7ZskH/9rvPaf2aJaqvq+6zT+5w2DWlsUEPfW6dvvPil1VbU9VnOc88+aDWr1kih+PO8YNhGDJsthEfC7icDn3nxS9rbtP0jOFer1uSVFNdqZe+8bhqqiszxk+d3KDvvPiVXq8zVdeW+9bohWcf0/Spk/o99rhrYZNefO6LcgzjOAgAAAAAAKCY2CzLsgpdBAAAyJ9YLK7r129ldIDO1b8Zj7vHqe+4fqcf5HE2zwcaNtpx2RrNMrqC/d+aFABQfqKxuPyBoCbU1arQNzMwTVNt7V1yOh19ghMAAADAeBUMheUPhFRVWaEKn2dY8/oDIYUjUbldzj772CM9FrAsS+2dfiWTpiq8Hvl61RSLxRUIhVVdVTGs8HIkEpM/GJLb5VRVpY+7rQEAAAAAIKm6gmtmhTW6+DIBaAAAylxXZ0BtbR2Schd8JgBNABoAAAAAAAAAAAAAAKCUEYAutNHFl7O83y4AAChVoXB4RPONNiRMFxkAAAAAAAAAAAAAAAAA+UAAGgCAMhYORxQORQpdBgAAAAAAAAAAAAAAAADkDAFoAADKWGgY4eeBOjYP1sk5PS7Lbs90hQYAAAAAAAAAAAAAAAAwWgSgAQAoU9FIVKFgeMDxIwk8l4pyeA0AAAAAAAAAAAAAAAAA+kcAGgCAMhUKR5RIJNLPCQWnsB0AAAAAAAAAAAAAAACA0kYAGgCAMhSPJxQcoPtz7wBwqQaCS7VuAAAAAAAAAAAAAAAAAKNDABoAgDIUDIYUj8Ul5S4oTOD4DrYFAAAAAAAAAAAAAAAAUDgEoAEAKDOxWFyBQChvyx+L8C8BYwAAAAAAAAAAAAAAAAADIQANAECZCQZCikVjhS5jWAg8AwAAAAAAAAAAAAAAAMgWAWgAAMpIJBKV3x8sdBlZIfQMAAAAAAAAAAAAAAAAYCQIQAMAUEa6ugJKJBIFW79NfUPNBJ0BAAAAAAAAAAAAAAAA5BIBaAAAyoTfH1QgR92fswktE2wGAAAAAAAAAAAAAAAAUAgEoAEAKAOJRFJ+f1CWZUnqG04e7vOhhveaaGTzDQNhawAAAAAAAAAAAAAAAADdCEADAFAGurr8CofCow4+EzQGAAAAAAAAAAAAAAAAUOwIQAMAUOKCgZC6OgN5XUcugtG5DFcPtixC3AAAAAAAAAAAAAAAAEB5IwANAEAJi8cT6ujsUjKZHJP1ES4GAAAAAAAAAAAAAAAAUGiOQhcAAABGrrOjS+FQpCiCyTYVvgbkl8Nhl9Nhl8Nul91uyLAbshs22Wy2ovgbBAAAAAAAAAAAAAAA+WFZlizLUtK0ZCZNJZOmEsmk4omkEomxadwH9EQAGgCAEtXZ4VdHR1ehy0AZs9sNuV1OuVwOuZwOQs4AAAAAAAAAAAAAAIxT3c3RDEOSw54xzrIsxeIJxWIJRWNxJZNmYYrEuEIAGgCAEhQMhNLh596h1Fw/70+2QdiBpiNIW7xsNsnjccnjdsnlZFcRAAAAAAAAAAAAAAAMzmazye1yyu1yqkpexeIJRaIxRSIxWVahq0O5ItUCAECJiUaiam/vVDwezxg+FsHnPvqZZ7ThZsLRhWG3G/J53fJ6XPw/AAAAAAAAAAAAAAAAI+Zypu40XVXhVTgSUygcpSs0co4ANAAAJSQeT6i9vUvhcLS/7HFOjVUIlrBtYRmGTRU+j3xed6FLAQAAAAAAAAAAAAAAZcRms8nndcvndSsUjioYisg0aQmN3CAADQBAiTBNU+3tnfL7g3kPP/fUHVAulqDyaOooltdQLHw+typ9HrYLAAAAAAAAAAAAAADIq+67UgdCEYVC0UKXgzJAABoAgBJgWZbaWjvU2eEvdCkjQmi5uDgddlVVeuV0sisIAAAAAAAAAAAAAADGhs1mU1WFVx6XU/5AWPFEstAloYQZhS4AAAAMrbW1XW1tnX2G9w4Hj/b5SNlESLlU+Lxu1ddVEX4GAAAAAAAAAAAAAAAF4XQ6VF9XJZ/XXehSUMIIQAMAUORaW9vV1to3/NxTroLQ2QSi6chcuqqrfKqq9Ba6DAAAAAAAAAAAAAAAAFVVelVd5St0GShRtP4DAKBIWZaVVfg5H7IKOfczzWgD1KMNVxPO7p9h2FRTXSEXXZ8BAAAAAAAAAAAAAEAR8XpcstsNdXYFZZpWoctBCSEFAwBAETJNU6232tXW1tmnO3MhMr4jCRYTRi4Odruh2poKOez2QpcCAAAAAAAAAAAAAGUhmUwqkTRlmqaSpinLtGRalmRZ6o5v2iTJZpNhs8kwbDIMQ4ZhyGE3ZOf6raTM7Zj6j+04XrmcDtXVVqqjM6hk0ix0OSgRBKABACgy8XhCra3t6uzwDzpd74BxPgLH+Q4xE5LOL7vdUF1Npex2o9ClAAAAAAAAAAAAAEDJMk1T8URSiURCiURS2fSotSTJspS0LKXynMn0OJskh8Muh8Mhp8Muwxgf13S7t2M8kVAyR9vR7rDLOc62Y7ly2O2qq6lUe2eAEDSyQgAaAIAiEglH1NbWKb8/KCm7gPBAQehs/0V5MgybamsqCD8DAAAAAAAAAAAAwAjF4nHF4qnQcy5Z0u0gcFJhpcLQLqdDLqczp+spFvncjolEUolxsh3Hg+67XLd3BGSa2UTkMZ4RgAYAoEgE/EG1tXUoFIoMEmrO/XqHE4jubxqbBp9vNEHrYgxpF2NN/amprpCD2/0AAAAAAAAAAAAAwLBYlqVoLK5oLC7LGpsAZjrEG4nJ7XLK7XKWzLXpgbAdMVIOu1011akQNDAYAtAAABSB9rZOtbV3KB5LjDiInCtZLbu/IPQYHDRwYJKd6iqfXE528wAAAAAAAAAAAABgOKKxmCLRsQvs9mZZliLRmKKxuDxup9wuV0HqGC22I0bL5XSousqnLn+o0KWgiJGMAQCggGKxuNrbOtTe3tVn3HCC0AP9O5xlDbXskcyb7fBcGGrZ4yU87fO65fVw8AYAAAAAAAAAAAAA2YonkopEokqaZqFLkZQK8IYjMcViCXk8LjkdpRHzK+7t6JbTwV2US4nX41IikVQoHC10KShSpfHJCABAGfJ3BdTe0algIDxoOPdOEHn46xgoCJ2LgPRoFUMN5cbpsKuq0lvoMgAAAAAAAAAAAACgZIQjUUVj8UKX0a+kaSoYisjtcsrrcRe6nEEV/3YMl8R2RKaqSq/i8YTiiWShS0ERIgANAMAYi8cT6ujoVHtbp5JJMyP4m03X5VwGhYezrP6mtWl8hZaLPaRN+BkAAAAAAAAAAAAAspNMmgpFIkomi6Nb8WCisbgSyaR8Ho/sdqPQ5WRgOyLfqiq9ausIFLoMFCEC0AAAjKHOTr86OroUDIRGHabtHZbOJjyd7TJzpdgDw+XE53PL6WTXDgAAAAAAAAAAAACGEo8nFApHZBW6kGFIJk0FgiH5fB45HcVxbbikt6PXwzX2EuF0OuTzuRUKRQtdCooM72AAAMZAKBRWR0eXOjv9skyr/27KgwwbSY54oEB0NqHkQcPUWdY+WiOpe7wyDJsqfZ5ClwEAAAAAAAAAAAAARS8WiysUKc0gpSUpGIrI63HL7XIWtJaS347hiHyWW64Cb0dkp9LnUSQSk2mWUtwe+UYAGgCAPIpGY+rsTAWf47FEn/HZBqGzGTeUgQLFY9X1OZ8B5qGWXe7h6Qqfp+xfIwAAAAAAAAAAAACMVjQWV7hEQ7s9db+GQoWgy2U7hiJRWSrcdkT2bDabKnwe+QPhQpeCIkIAGgCAPIjF4urs7FJXp1+RSCwjnJqL7s+9w8v5CjMPVl8ul0d4d+TsdkM+r7vQZQAAAAAAAAAAAABAUYuVSWi3W6FC0OW4HW0SnaBLgM/rVigcVTJpFroUFAkC0AAA5FAkHFFnl18Bf1CRSEySBgw/57P780gC0VlN27N+je+uy8WC8DMAAAAAAAAAAAAADC4eTyhURqHdbuFIVIZhk9MxNjHAct2OoUhUNptNTidxymLn87rpAo003rEAAIySZVkKBkPydwXU1RVQPJ4YMvybbRA6m+7P2RhonsHXnd3yh3otI1GM4enirEnyelyFLgMAAAAAAAAAAAAAilYyaSoUjhS6jLwJhSKqrPDJbjfyup6y347hiCqN/G9HjI7X41IgGJZlFboSFAMC0AAAjFAkElXAH1QgGFLAH0wPH07H555G2v05b92ecygfIWlIHo+L7QkAAAAAAAAAAAAAgwhFIirnrKSl1GusqvDldT1sRxQDm80mj8elcDhW6FJQBAhAAwAwDNFoTMHbgedgMKRk0swYn03QN9vuz0PNO9Q0uQpEp8f1rFu5C93mO8BbzgFhj5vuzwAAAAAAAAAAAAAwkHAk2ue6fjlKJk2FI1F5Pe68LJ/tiGLicROARgoBaAAABpFMJhUKhRUORxQKpv5NJJPp8dkGgUfS/XmwWXqHnHPVIXq44emRdrsertGGwsuR3W7I5WRXDgAAAAAAAAAAAAD6E08kFY3FC13GmInG4nI4HHI67DldLtsRxcbldMhuN8ZFKB+DIzUDAMBtlmUpGo0pEo4oGospHIooEo0qdntHvnfQtnf4OZswcH+PR9MReqBpcxWIzoXhrqcYA83FWJPb5Sx0CQAAAAAAAAAAAABQtCKR6Jita8fug9r/0TF1+YMZw6urKrR+zV164P67x6SOSCQqZ6Uv58ssVvF4Qi+/9q5abnXoua8+rIkNtTlZbj62I3LL7XIqFC7ev02MDQLQAICyZ1mWLMtSMmnKNE0lEgklE0nFEwnFYjElEknFYjFFozHF44msQsjZhp8HW8Zg+pt0JMHl4QSiBx3X8/Vl2fV6uOvC8Lhc+d+NsyypvcOvrkBI4XDq/WFZ1oiWZbPZ5HQ65PW6VF3pU11t1aBdzgEAAAAAAAAAAABgpKKxmJLm2HSHvXajVe/s/LDfcV3+oN5574DmNE1T08wpea8laZqKxmJyu1w5Wd5YbsfhiscT+vEv39TZ81clSX//k9f17W89kZMQdK63I3LP5XIQgIb+P5LTms2qiy/1AAAAAElFTkSuQmCC" height="600" width="800" ]]>
  </system-out>
  <testcase name="VerifyQuickLaunchItems" time="21.598" classname="testcases.QuickLaunchTest"/>
  <system-out>
    <![CDATA[<img src="data:image/png;base64,iVBORw0KGgoAAAANSUhEUgAAC0AAAAV2CAYAAAAJUz2NAAABKmlDQ1BTa2lhAAAokX2RPUsDQRCGH0MaNY2oaGFxZRr1LmI+UAsTNWiZKES7y+UIYnIelwvap/VHWNtZipA6jZVgJXb2gmAb30uKC0icZXaefXf2Y3YhsYosaULbC4NKuWjUzi8MJsx2Oj7TbQZ+3qIeXtf/yZtmsw234yh+ycNAh2vLhnipOebbiOtjvos4OK2UxPfidHOC6xN8E/qheBDlO34Q8bt4t93qOvG9SbneWVWxJl+jzLVakxYum1S54hJbZHJIgTxbivtq23KLjJQCWY1MShTJqc9xJCWvOYuDESsjfs/eB+z1h8Phc6yd9OExC3NPsZbegYUUDF58O7BHUlKecIvwvaxrP8DiJ8z3pK5E0/Ha+C+m1Gr8qdXgGA+HDVFG1VhkfwHj90zdMIcezgAAIABJREFUeJzsvVnPJcl5JvZEnuVba+2q6o1FNimJFCXNSBpZIxkwbMDw5cytfwV1M4Cv5sICDNuwAY8Nw7AN2xgb8BiGRUHQwB5b8nA4M5wZmRpKbDaXZjfZ4tJrVVfVV8u3nS0zfHFO5BIZkbFnxjlfPFLx7edkZpx4433jycjIOPERSilFQkJCQkLCLiNfgOYL0MUF6OIc9PIFisunKM5PkJ9+Cnr+KfLnn2D1/GMULx6AEEDn7kgICVblVsmU+5DxLlsvzOPd3ovbA/sj+3qX6jUsRZlHUsvO57ljc3gJt3MDhKqAKZdYnQCx83kegaWUbvSH45v6rzmjEl5eTUDRxd3Cb5WfA+qbFwzefwLD0B+mb/zlKt6bNej+uuMDNzjqn1TXoHY4Rqt1Q+X9YTBVpEr/VNxnvmmPF4y96UFOdk3feGyZf0q1cMk/ST7aNo9dvkr0ruUgK1DAY9A1r3onuWE5R8CDosjCxbnLjxciiUbb+47mlja/Q/MFh0wwbNInBgT2R6mvGl9nZGVyJrVVjVocAO3fg6aVCYCN3vXT4824joDJLvcA3ejy3D7fBFbitu/Wt8JV1DeZfxFCa3zQmW8U63ksV85bXj+r4zIer7459MDGhA4fAE0eMwybJ7r5LQ39ZhcMM7/liB3Tu779YXqm4ub6uLGb9xFGtqs8U731bY0mRPgOFOGAYsv7T0tPdcYHneOFXu+e6ubc8vgkJCQkhMLd//LPG3w2W+D52TkuL2dYrlYAgMl4jIODfdw4PsL+/rRxPkkLoBMSEhISEjbIl8ifvo/Vk58gf/JTrB69h/zRj5C/eKC8lIAEeWBhD3m6E2o8l1vFBEc5McEeGJscEByHwwTxIBMYCuvtEdeVCxD5A7JxflqEJ6oJC1kDRBofY1wxf6oF5TXOMliid0YTxB5sQ09rM4ANvssLCHS/LgaY36CtijMp3sm66DVLvw2iCJ9LfHYt37T80c1AMa9euK0/l/HWCzWe67xQ03zB1v8LN1mDSzqMlOvEa2Bs+fihlc3V7bYKl67+9WQZtLr3lsenheD+uOmfvCKS44Y33Gq8qqmvfdtah2D6rOQlrDI8LFL/CfL1Kq5tzbqP0/rlXsIbfb4Z6qHNiuve76hqPS25lwVgrDRXbpavaXwgsQwx+mcokLoLdoe0DEwOqvGAZvePGVK96+DRRYhPKEProq/o+kG6nT42rIU75fXMvbJ2EciHTfrEjMj1W9bcPFd2f518s7QMQZpHWYEOfevUO9UXaFfAzNpM+BjfsEJFUMAbA4BqgyQmYE3eOn2Q+axkk002WQLgTm0B9MPHT/H8xRm6cOP6MV6+c6vkaQF0QkJCQkJCB+jsOZYPfojVg7ex+uQHWHz8XWB2iq4XfBnJsF4gsUa1YELMq1u7jK8/6TpuNZJwBCHqc6wxgD8+wapVcoroFkwwmPKGgz6+MAa0AgaFP7ILTHkg6zIh3dsCClaaBt9MyNR5rbri+aaYceX7T+1cC3+C9y6WRzzX0WuJfsvc7SW83uPjS/8sK2h1Q5Xo3QBW/AKvdpzpHQWUO/jzvKWffuVGKz99dMhtwo75J+tenRxu+ebbMjD9lo0XwsSnJ/3bEr2z84cdlvAS7Yg39ZVvXT/62GkNwqFaMBEFdkzfYvPHWR0s5MCrvnZwK4+1F4h1dagIdE11A3XSa90I2EWoC7rjA5PnI9/WqDWUHazjC2KEzwaLAZ7jY6yvvi3t3mCE1vSu5Jsa8nwgD7qt4/yjnf4F1Mee9SF4dC3Co9JvhvB3HwGSfleIwL9WODZ5xHO5rW0ownMAzjtU1860+oG7y3iut/EpgwZnHZrnwuJZ/SXFxQCFHujOZ0kuH952pJNyeiQhISFhi8F2gP7owSOcX8y0rjk63Mfrr9wFgLQAOiEhISEhwQT5yU+x/OBNLD/8NpYffBvFxYn4xNoDWH0nUavnVw5EfkgbzhNstQkN2wmzbque4GA1VnGhh1u+gEpphQHg649mAKsPYDaBEgCeJjCGjAKDkHvUgyiQ/NEqTsV96qPejv5yy0qKYgd/mQA46TWDK+dhkeCR9R/nfLUIj1d97eBWiCw+zthxf4Q7+PNcSz/DWSN9DbKAKlQPM7gh+qhODDAUSNn7Rs3Lw1uWRjXOTlAu4OV4FDC+gdXO3cp8EwRQGFBVgWJuvIO/qdUYn6p2+DfSV60EMNDHzgUFmgOemBF5/1FmM7udcjzkeDXU3bezAWy+MEZ498dN/5wjrEiwarxa4z711YNlUO3oL50QliKChEz9x6p4FQ9mLfSbIYLbVRuD559nfYzs/Yrz+FVnfFq6o/qBupgzeBkPqDB4vnnGjvuT3n+FhqHe6TxvyyZUYrRWD0TJJptssuHtnb/3Ta2dn3mwnaDTAuiEhISEhARLrB69h+X738L8Z9/E8mff1LqGEGL3ZRTgn1MIEX/e9wOjlUtd9e7BH1asimtbm3GcprsqHgTO8dFtYVeuaW0CNOAEhJcdQnnOrua5J1vV1iJ/bcIbM3w2YAwwjA/TN8vLw9vaB3x3l3Z/Bi/x8ax/TLdM9E7p8IBWyx92mNV/A54LAti9Q2iAfGXV5nmX5dyz1dsg8NFA24TI/HPOV538k+WjpmWwy09DPbTpYDHonEr/nMaruhEIryAyOe/kCN7K9vkbmR44I/kjvFzFw1ndHzBWnOlfyTc1ZuX17UF4fXPqwR65ZTMEhHP+WoSnvF5TvxnC331sGsB3BTzDZ3cYAK1wbPKI53JruyMozwP9gNFF33obnzJYcJ8PBDHAUB/S/FbPSPpdQcu/ZoNV7w+6ubU+svEoz7ssu57nOvoaugc1OrhqgMM6FDud4zHApf8M0J9k1S050zFUehd6PsvX3dOoASKNT0JCQsJQuPaf/gu8//FDq2s/+9rLaQF0QkJCQkKCDyx++mdY/vRfYf7jb6A4f6T1ANO1GFr5AMgVh1bxjhPEGhMY5YQEtxI7qh1CeW40Ic3QyyOvGSJ7QDbN122awHBqEJsKxYgd80drh1B+wYFQL4ffIdT5hVvwHmTRw3Ys33z7Y6y3vq1BerXeD6jd6x9XLt8EN2CtjNLj3ncI1XmhJnvBFkJvvepfbUDD853NP4FliMC/VnZvugvPfS4IC3X31XPQ4QtjgHd/fOmhpVU8vwp3COW5i956sezbBbzWIfgdQ6v5ha74DAwf4Y4ZgfUgcO/xMr8gcy+K8A2u14766GV+zvcdVW51x7Ml1xqnMnfsdggNOj7gcRX1bYv9kXWvBm9f1qtlEPKaXDR4NPHypH8mN6zBI9ZhPb9fEW8A0uYu+thpDW4/aX5rAAzsj25v95lvru+/GEy5FbT1rcbdWjCs3bH3K1rjA8d8SzbZZJMNYfO/+yfGuz8z3Lh+nBZAJyQkJCQk+MTq4TtYvPcNzN/7p1g9/snmU3brhoSjczG0EGwkwHFiMpLwDFMXOmEzMuoRkuaXc4reF/jqNpc6OzsaINL4qMFFqFVfFogOrpUBA1lFgvlZMMHOtlgAocEZGs1dc2O78o3D1vcfDoH9MdZbi+oIu7+DXjNY6atv2DSAVYtbf6GZ3YoFEwwaL/BECyKk7vALJvzYqnYe8nXX9I2HTbozxOgv54/RAgqJ/oW2DELuQ45MGqxvfbR6Q993hFT1Z22hSqg2Z/oXqHXdrU54mPc8RwTyELz/DIyB9dpZHVge8dzEWrq/5r70T8IjH9/50Wt2WCEQmhGRc3e0orWppsntqO9Wl7WGsHWuor7tsD+N4UXtsGVxFla9wQgT8HX/kPEt0TctvTPVbwbf+meR8IH7kyw/VdzaWoTHSV9D44rrXd/+GOdnK58EG4zwvEs/ofN+IuCO0lGMTxk86GPk+WYMzfA1uP7lvVgG1n/YgZ14/5WQkJBgifO/88dYLFdW104n47QAOiEhISEhIQSKp+9j/qOvYf7O17B68hPtJx7jhdASqEpxn8AQ27UP4gmzplVPcLAadXNL6zKBEc2ENAP/BM8HQMKlGP4JWmsBDm8hcbcny9A5gcHzbZ3A8NlAMUApgALLIPDHWF9b1tMO/uzzcoK5toP/pqOIdvSnUeibqQDwes3iw+udVo9FUNjkm0d90M1P6+pphMdVrxmCRG/g+ARH9HrNB4A7StlfHuF4KQ+6L9iG38HfSP+MxqsMrj0oQEJcsf6k+8JNs7jwtvaB9uNPzNi5fGOBAHfD7eAGGeZ9B3+VFYxPtf8ClbXeMvjWP88DmhhgI1ADQlbdklvcTkv3LMNrm31ODkcaHyWcG1SZAZrck+UGALo7+FPUdC+E7nZaVlv+B+m1Hft5TgF+R/+d17dd8cdAH3ruPW2roddVPqJ7OigGeM8/X/pnWUGr+To+YPYZYrxjv0r/hPOprPqKHf153iq/h/EBj8D6MDi2XL/r71Mb3KA7BdXfWl2tmnPw+Djqn1VAJHoXo7V5v9Iav6bj6Xg6no77P/70977akCATEIK0ADohISEhISEkVo//Cot3/zEu3/4TFC8+Mbq2sRha9jzWYasBBAI8QMpRr7YUFv5UXwBnf2wff7WtznMwO5/njs3hJdzODRCqAqZcYk0mKCKcsKgWgHG8/gBRUsUELcQvvFxryWCVnz3rgXcM3n8Cw9Afpm/85SremzXo/iUPCkf9k+oa1A7HaLVuqLw/DKaKVOmfivvMN+3xgrE3PcjJrukbjy3zT6kWLvknyUfb5rHLV4netRxkBQp4DLrmVe8kNyznCHhQFFm4OHf58UIk0Wh739Hc0uZ3aL7gkAmGTfrEgMD+KPVV4+uMrEzOpLaqUYsD0N/BObC++dC7fnq8GdcRMNnlHqAbXZ7b55vAStz23fpWuIr6JvMvQmiNDzrzzfEH5CXnLa+fmj+4iVLfHHpgY0KHD4AmjxmGzRPd/JaGfrMLhpnfcsSO6V3f/lQLwLu5uT7a/6Cx1x+Um1qjCRG+A0U4oNjy/tPSU53xQed4ode7p7o5tzw+CQkJCaHw9Pf+0On6tAA6ISEhISGhB6w+fguzH/zfmP/gH4EWK6MHlvUvz+0m2ADZ85JigqOcmGAPjBq8dj3IwBMWWhMYCuvtEdeVCxD5A7Juflb5Zh6eqCYsZA0QaXyMccX8Ee4oyjJYoHc+/kSf0w6jtRnABt/lBQS6XxcDlAIosBbFmRTvZF30mqXfBlGEzyU+u5ZvWv7oZqCYG+/IxMabPNd5oab5gq3/F26yBpd0GCnXidfA2PLxQyubq9ttFS5d/evJMmh17y2PTwvB/XHTP3lFJMcNb7jVeFVTX/u2tQ7B7xgq5SWsMjwsUv8J8vUqrm3Nuo/T+uVewht9vhnqoc2K697vqGo9LbmXBWCsNFdulq9pfCCxDDH6ZyiQugt2h7QMTA6q8YBm948ZUr3r4NFFiE8oQ+uir+j6QbqdPjashTvl9cy9snYRyIdN+sSMyPVb1tw8V3Z/nXyztAxBmkdZgQ5969Q71RdoV8DM2kz4GN+wQkVQwBsDgGqDJCZgTd46fZD5rGSTTTZZAuAkLYBOSEhISEjYHsx/+KeY/+D/wvzn/7r2Kbu1y/jmU0LkxxUjBiL6PDDK6trAZmQUEVi1Sk4R3YIJBlPecNDHF8aAVsCg8Ed2gSkPZF0mpHtbQMFK0+CbCZk6r1VXPN8UM658/6mda+FP8N7F8ojnOnot0W+Zu72E13t8fOmfZQWtbqgSvRvAil/g1Y4zvaOAcgd/nrf006/caOWnjw65Tdgx/2Tdq5PDLd98Wwam37LxQpj49KR/W6J3dv6wwxJeoh3xpr7yretHHzutQThUCyaiwI7pW2z+OKuDhRx41dcObuWx9gKxrg4Vga6pbqBOeq0bAbsIdUF3fGDyfOTbGrWGsoN1fEGM8NlgMcBzfIz11bel6g1FmN6VfFNDng/kQbd1nH+007+A+tizPgSPrkV4VPrNEP7uI0DS7woR+NcKxyaPeC63tQ1FeA7AeYfq2plWP3B3Gc/1Nj5l0OCsQ/NcWDyrv6S4GKDQA935LMnlw9uOdFJOjyQkJCRsMdIO0AkJCQkJCVuG4sUnmH3vH+Lyu38MevHMeIKG1GcSDMGudJ5g05wwA5FPmHVb9QQHq7GKCz3c8gVUSiucseTrv4HGgoJuHgCeJjCGjAKDkLsUGCOSP1rFqbhPfdTb0V9uWUlR7OAvEwAnvWZw5TwsEjyy/uOcrxbh8aqvHdwKkcXHGTvuj3AHf55r6WdPO/ir9DXIAqpQPczghuijOjHAUCBl7xs1Lw9vWRrVODtBuYCX41HA+AZWO3cr800QQGFAVQWKufEO/qZWY3yq2uHfSF+1EsBAHzsXFGgOeGJG5P1Hmc3sdsrxkOPVUHffzgaw+cIY4d0fN/1zjrAiwarxao371FcPlkG1o790BaUUESRk6j9Wxat4MGuh3wwR3K7aGDz/POtjZO9XnMevOuPT0h3VD9TFnMHLeECFwfPNM3bcn/T+KzQM9U7neVs2oRKjtXogSjbZZJMNb0++8lVbYQeAtAA6ISEhISFhKMx/9HXMvvtHWPz8W+qTKcA/p5CMCD/XeWAkLhU3BBF9WVe9LfwxBStWxbWtzThO010VDwLn+Oi2sCvXtDYBGnACwssOoTxnV/Pck61qa5G/NuGNGT4bMAYYxofpm+Xl4W3tA767S7s/g5f4eNY/plsmeqd0eECr5Q87zOq/Ac8FAezeITRAvrJq87zLcu7Z6m0Q+GigbUJk/jnnq07+yfJR0zLY5aehHtp0sBh0TqV/TuNV3QiEVxCZnHdyBG9l+/yNTA+ckfwRXq7i4azuDxgrzvSv5Jsas/L69iC8vjn1YI/cshkCwjl/LcJTXq+p3wzh7z42DeC7Ap7hszsMgFY4NnnEc7m13RGU54F+wOiib72NTxksuM8HghhgqA9pfqtnJP2uoOVfs8Gq9wfd3Fof2XiU512WXc9zHX0N3YMaHVw1wGEdip3O8Rjg0n8G6E+y6pac6RgqvSvDMt0HnRwhO7oBuncN5OAYmB6BTPaA8R4wmgDZeDPg2DhHc6DIgXwJki9BVwuQ1Qx0NQNZXALLS5DV3Mvd06gBIo1PQoI2KN38K4CiAC3WfY3mK9B8CayWoKvl0LVM2CKkHaATEhISEhK2GPnT93H55h9i9uYfND5XPgAyTojk+UhvAhiy4xoTGOWEBM8FExSE9DwFaLMgrDUhzdDLI68ZIntA1s3X1oQFz02sqFwDyxCkuVwqFCN2zB+tHUL5BQdCPR1+h1DnF27Be5BFD9uxfPPtj7He+rYG6dV6P6B2r39cuXwT3IC1MkqPe98hVOeFmuwFWwi99ap/tQENz3c2/wSWIQL/Wtm96S4897kgLNTdV89Bhy+MAd798aWHllbx/CrcIZTnLnrrxbJvF/Bah+B3DK3mE7riMzB8hDtmBNaDwL3Hy/yCzL0owje4Xjvqo5f5Od93VLnVHc+WXGucytyx2yE06PiAx1XUty32R9a9Grx9Wa+WQchrctHg0cTLk/6Z3LAGj1iH9fx+RbwBSJu76GOnNbj9pPmtATCwP7q93We+ub7/YjDlVtDWtxq3bcG9a8DhTZDr94Dj2yCHt4DJHkAyVy8q5EuQ5QUwOwXmZyCzU2B5oScQYe6QBrwNrfGBY74lm6y+/hXAcoFiOQeWcxSLGQgN/jOXZLfUnqQF0AkJCQkJCduPy2//H7h88w+QP/tQ7wI2EtiAgJiPJFC/PjyIyZfYjIx6BNf8ak7R+wJf3eZS8c4GiDQ+anARaj+RwW7CRlpgv1aRYH4WTLCzLRZAaHCGRnPX3NiufOOw9f2HQ2B/jPXWojrC7u+g1wxW+uobNg1g1eLWX2hmt2LBBIPGCzzRggipO/yCCT+2qp2HfN01feNhk+4MMfrL+WO0gEKif6Etg5D7kCOTButbH63e0PcdIVX9WVuoEqrNmf4Fal13qxMe5j3PEYE8BO8/A2NgvXZWB5ZHPDexlu6vuS/9k/DIx3d+9JodVgiEZkTk3B2taG2qaXI76rvVZa0hbJ2rqG877E9jeFE7bFmchVVsQFIT8HX/kPEt0TctvTPVbwbf+meR8IH7kyw/VdzaWoTHSV9D44rrXd/+GOdnK58EG4zwvEs/ofN+IuCO0lGMTxk86GPk+dbCwU3g2l2Qm6+B3LgHTA+bx0P7U6xAZs9BL58ju3wKOjsNG93agZ14/5WQoACdX4IuLlHMLta7syckbJB2gE5ISEhISNgRzN/7Bi7/8n/H6sM3rcsgmquMRRMWmeC4zwkzgvX/dE9oVJzVsJtbWpcJjGgmpBlqDc5zCkFAWP1lGP4JWmsBjizfOvKvp2jIJzB4vq0TGD4bKAaIBNHBH1lx+sXrTgBLOJtQZp+XE8y1Hfs3HUW1o38U1uaNexkfXu+0eiyCwibfPOqDbn5aV08jPK56zRAkegPHJzii12s+ANzRjW61eCkPui/Yht/B30j/jMarDK49KEBCXLH+JLx9CS7XLC68rX2g/fgTM3Yu31ggwN1wO7hBhnnfwV9lBeNT7b9AZa23DL71z/OAJgbYCNSAkFW35Ba309I9y/DaZp+Tw5HGRwnnBlVmgCb3ZLkBgO4O/hQ13Quhu52W1Zb/QXptx36eU4Df0X/n9W1X/DHQh557T9tq6HWVj+ieDooB3vPPl/5ZVtBqvo4PmH2GGO/Yr9I/4Xwqq75iR3+et8rvYXzAI7A+DI4t1++y+/DcoDsF1d9aXa2a0+YLpgfA8V3g9n1kt15b86FQ7z80Bzk/AS6fgpydAPncTO9itDbvV1rj13Q8HfdznM4uUMwvQC/PoqxfOt7v8ZOvfBUuSAugExISEhISIsLqwds4/4v/DfN3v9aYnzCZsCAZsXgibZ4eEvUH+RIuT9wWkH29imtbjefH8nyeOzaHh+bx0AChKmDKJdZkgiLCCYtqARjH6w8QJVVM0EL8wsu1lgxW+dmzHnjH4P0nMAz9YfrGX67ivVmD7l/yoHDUP6muQe1wjFbrhsr7w2CqSJX+qbjPfNMeLxh704Oc7Jq+8dgy/5Rq4ZJ/kny0bR67fJXoXctBVqCAx6BrXvVOcsNyjoAHRZGFi3OXHy9EEo229x3NLW1+h+YLDplg2KRPDAjsj1JfNb7OyMrkTGqrGrU4AP0dnAPrmw+966fHm3EdAZNd7gG60eW5fb4JrMRt361vhauobzL/IoTW+KAz3xx/QF5y3vL6qfmDmyj1zaEHNiZ0+ABo8phh2DzRzW9p6De7YJj5LUfsmN717U+1ALybm+uj/Q8ae/1Buak1mhDhO1CEA4pt6j8HN4Cbr4Pc+RzItTsAydrnxOLP4gzk/Alw9hiYnwKCr9P6+lj8SUiICUWO4vIMxeUZkK+Grk3CQEg7QCckJCQkJOwY8hef4PJf/6+4fOuPADSfcxh0eEZIx/NS9wQHyokJ9jyvwaE/QQwSfAqwaYNMQDOE5gJE/oCsm69dE7ShX7DZRtOoASKNjzGumD/CHUVZBkv0zvVP9DntMFp7Q9jgu7yAQPfrYoBSAAXWojiT4p2si16z9NsgivC5xGfX8k3LH90MFHPjHZnYeJPnOi/UNF+w9f/CTdbgkg4j5TrxGhhbPn5oZXN1u63Cpat/PVkGre695fFpIbg/bvonr4jkuOENtxqvaupr37bWIfgdQ6W8hFWGh0XqP0G+XsW1rVn3cVq/3Et4o883Qz20WXHd+x1Vracl97IAjJXmys3yNY0PJJYhRv8MBVJ3we6QloHJQTUe0Oz+MUOqdx08ugjxCWVoXfQVXT9It9PHhrVwp7yeuVfWLgL5sEmfmBG5fsuam+fK7q+Tb5aWIUjzKCvQoW+MH94CuX0f5O7ngcObrjVyg2n/WV6CnD0BOft0vRA6yHiVwYI3BgDVBklMwJq8dfog81nJJtvI/ssz5BcvgNUyivok2589SQugExISEhISdg90fobzP/+fcfGtf1B+Rhr/xd2+JSOF9WJjyXEFiPoUJ5CuL7AaEccDVq2SU0S3YILBlDcc9PGFMaAVMCj8kV1gygNZlwnp3hZQsNI0+GZCps5r1RW/IIkZV77/1M618Cd472J5xHMdvZbot8zdXsLrPT6+9M+yglY3VIneDWDFL/Bqx5neUSDUn1i1Db9WfvrokNuEHfNP1r06OdzyzbdlYPotGy+EiU9P+rclemfnDzss4SXaEW/qK9+6fvSx0xqEQ7VgIgrsmL7F5o+zOljIgVd97eBWHmsvEOvqUBHomuoG6qTXuhGwi1AXdMcHJs9Hvq1Rayg7WMcXxAifDRYDPMfHWF99W6reUITpXck3NeT5QB50W8f5Rzv9C6iPPetD8OhahEel3wzh7z4CJP2uEIF/rXBs8ojnclvbUITnAJx3qK6dafUDd5fxXG/jUwYNzjo0z4XFs/pLinPF3hFw67MgL/8iyPFtuzJ8CKYPrC5BTh8CLz4FWV74i25HOimnRxISdgj04hT5+XOgyIeuSkJPSDtAJyQkJCQk7CqKFS7+v7+P82/+/fIj0nF6Fwi32lh3go19p9UEGju/43kaRPagp57gYDVUcaGHW76ASmmFAeDrzwKsemJW8QBQTGBsw4IcBiEfakImFJI/WsWpuL41nBCWvnCTW1bSIH9yUEvfXPWawZXzsEjwyPqPc75ahMervnZwK0QWH2fsuD/CHfx5rqWfPe3gr9LXIAuoQvUwgxuij+rEAEOBlL1v1Lw8vGVpVOPsBOUCXo5HAeMbWO3crcw3QQCFAVUVKObGO/ibWo3xqWqHfyN91UoAA33sXFCgOeCJGZH3H2U2s9spx0OOV0PdfTsbwOYLY4R3f9z0zznCigSrxqs17lNfPVgG1Y7+0glhKSJIyNR/rIpX8WDWQr8ZIrhdtTF4/nnWx8jerziPX3XGp6U7qh+oizmDl/GACoPnm2fsuD87+f4ry4CbnwF59UsgN15tyknsUDQQJoc4AAAgAElEQVQIuXwOnD0Eef4QQBFc35yt1QNRsskOZIsCxcULFGfP4qhPskHtyVe+6iTXaQF0QkJCQkJC5Dj/s/8R53/2P6HxQLWxpg/0/EJoHZhfoYFaPUmGbj86/HH9ehXXtjbjOE13VTwIjBtAVkBormltAjTgBISXHUJ5zq7muSdb1dYif23CGzN8NmAMMIwP0zfLy8Pb+v2HdPMw8fGsf0y3TPRO6fCAVssfdpjVfwOeCwLYvUNogHxl1eZ5l+Xcs9XbIPDRQNuEyPxzzled/JPlo6ZlsMtPQz206WAx6JxK/5zGq7oRCK8gMjnv5Ajeyvb5G5keOCP5I7xcxcNZ3R8wVpzpX8k3NWbl9e1BeH1z6sEeuWUzBIRz/lqEp7xeU78Zwt99bBrAdwU8w2d3GACtcGzyiOdya7sjKM8D/YDRRd96G58yWHCfDwQxwFAf0vxWz0j6XUHLv2aDVe8Purm1PrLxKM+7LLue5zr6GroHNTq4aoDDOhQ7neMxwKX/9NGfDm+td3x++YvAaKw+X+HPMs9xulziNCc4xwiXZIJ5NsWCTLDKxliRyeZ6AgKCES0wLpaYFkvsFXPs0wWOscLxiOL6ZIxJNvLj5+kDkOcfA7MXev7FEp+EhG3AcoH87CnoYjZ0TRICIu0AnZCQkJCQcAVw/q/+B1zUdoKuP/+Jn4+6J4BB0Hmcn7CAYAKjnJDgucUEBdFa0W06gSHgRhPSDBYTxKGfSCN7QJbNR/C8PkFrvCCMt6JyDSxDkOZyqVCM2DF/tHYI5RccCPVy+B1CnV+4Be9BFj1sx/LNtz/GeuvbGqRX6/2A2r3+ceXyTXAD1sooPe59h1CdF2qyF2wh9Nar/tUGNDzf2fwTWIYI/Gtl96a78NzngrBQd189Bx2+MAZ498eXHlpaxfOrcIdQnrvorRfLvl3Aax2C3zG0mk/ois/A8BHumBFYDwL3Hi/zCzL3ogjf4HrtqI9e5ud831HlVnc8W3KtcSpzx26H0KDjAx5XUd+22B9Z92rw9mW9WgYhr8lFg0cTL0/6Z3LDGjxiHdbz+xXxBiBt7qKPndbg9pPmtwbAwP7o9naf+eb6/ovBlFtBW98AvPQ5kNd+BeT6Xeuvy2mBx7MVnuQjnIyOcD45VlxBSktIVqs3m9trtsDR4gy3izO8lC1w52CKEYh9vi3OQZ5/BPL8E80C/EdQa3zgmG/JJjuUzS9egJ4+HbweyYaxJ2kBdEJCQkJCwhVAscLZv/zvcPGtf7DmbCSwgc36YdPdoM3ONkejOjYjox7BNb+aU/S+wFe3uVS8swEijY8aXIRa9WWB6OBaGTCQVSSYnwUT7GyLBRAanKHR3DU3tivfOGx9/+EQ2B9jvbWojrD7O+g1g5W++oZNA1i1uPUXmtmtWDDBoPECT7QgQuoOv2DCj61q5yFfd03feNikO0OM/nL+GC2gkOhfaMsg5D7kyKTB+tZHqzf0fUdIVX/WFqqEanOmf4Fa193qhId5z3NEIA/B+8/AGFivndWB5RHPTayl+2vuS/8kPPLxnR+9ZocVAqEZETl3Rytam2qa3I76bnVZawhb5yrq2w770xhe1A5bFmdhuzcgEe7YL+Rbom9aemeq3wy+9c8i4QP3J1l+qri1tQiPk76GxhXXu779Mc7PVj4JNhjheZd+Quf9RMAdpaMYnzJ40Mch8m16CPLyL4G8/qvAaGJVxIPLBR4UB3g4vbOpUrF5j8w21ZKB5RoBQYbqfRPLYlo7k4DS2jspSvHy4hFeIZd45WBqVW+Agjz/CHj2EcjyUh3d2oGdeP+VkBAYdDlHcXoCulwMXZUEz0g7QCckJCQkJFwR0PkZzv/Ff4vLt/5Ieg6RHuHKqp27/tNVehMY9Qcwtxce4gmNzf+j/oKtm1talwmMaCakGWoNznMKQUBY/WUY/glaawGOLN+08q/n6ahaB+MnNLZyAsNnA8UApQAKLEPHfKJ98boTwBLOJpTZ5+UEc23H/k1HUe3oH4W1eeNexofXO60ei6CwyTeP+qCbn9bV0wiPq14zBInewPEJjuj1mg8Ad3SjWy1eyoPuC7bhd/A30j+j8SqDaw8KkBBXrD8Jb1+CyzWLC29rH2g//sSMncs3FghwN9wObpBh3nfwV1nB+FRldfVVrrcMvvXP84AmBtgI1ICQVbfkFrfT0j3L8Npmn5PDkcZHCecGVWaAJvdkuQGA7g7+FDXdC6G7nZbVlv9Bem3Hfp5T1OYXuuIjCvqAcOk/u+KPgT703HvaVkOvq3xE93RQDPCef770z7KCVvN1fMDsM8R4x36V/gnnU1n1JZxdz/NW+T2MD3gE1ofBseX6XXYfnht0p6D6W6urVXMe3gZ5/VdA7n7BsGWAy+UKHy4IPhy/hEW2v8lj9o1rW7UdaXzequFmAXR5ChGdD1BKhE5N8hleXz3G/WmOg8nEuAHJ+WPg2Ycgl88MLuzB2rxfaY1f0/F0fPjjxekJiovTaOuXjpsfP/nKV+GCtAA6ISEhISFhi5C/+ARn3/hvMH/na53PL40fv7LPO2CyG7T+mR1g9eU5BUgGsV/1CjiOXmRfr1E9Pavx/Fiez3NNK2sOD83joQFCVcCUS6zWAz5LSI5HYKsFYByvP0CUVDFBC/ELL9daMljlp8sXxIDB+09gGPrD9I2/XMV7swbdv+RB4ah/Ul2D2uEYrdYNlfeHwVSRKv1TcZ/5pj1eMPamBznZNX3jsWX+KdXCJf8k+WjbPHb5KtG7loOsQAGPQde86p3khuUcAQ+KIgsX5y4/XogkGm3vO5pb2vwOzRccMsGwSZ8YENgfpb5qfJ2RlcmZ1FY1anEA+js4B9Y3H3rXT4834zoCJrvcA3Sjy3P7fBNYidu+W98KV1HfZP5FCK3xQWe+Of6AvOS85fVT8wc3UeqbQw9sTOjwAdDkMcOweaKb39LQb3bBMPNbjtgxvevbn2oBeDc310f7HzT2+oNyU2s0IcJ3oAgHFEP2nxuvgtz/6yA3XjG67HyxxM+WY3y4J79uvYlWVVk2JbQOB918xn5AC2QkA5CB/WCrnuPrK+imVFKGlHKNwXL39dnH+Nx0ieOJ4W7W8xfA0w9Azh7VCsVu6VtCwoAozp+jOHs2dDUSPCHtAJ2QkJCQkHDFsHrwQ5z+s/8aq4/eLD8TTbDJ1hHLJjQyktUmzNjEBHueb3KIjsNhgpiz6z9fFHoCQ2G1nzhDcwEif0AW5WPnBLBFeHxPczF4ma6KPD7GuGL+CHcUZRks0TvXP9HntMNo7Q1hg+/yAgLdr4sBSgEUWIviTIp3si56zdJvgyjC5xKfXcs3LX90M1DMjXdkYuNNnuu8UNN8wdb/CzdZg0s6jJTrxGtgbPn4oZXN1e22Cpeu/vVkGbS695bHp4Xg/rjpn7wikuOGN9xqvKqpr33bWofgdwyV8hJWGR4Wqf8E+XoV17Zm3cdp/XIv4Y0+3wz10GbFde93VLWeltzLAjBWmis3y9c0PpBYhhj9MxRI3QW7Q1oGJgfVeECz+8cMqd518OgixCeUoXXRV3T9IN1OHxvWwp3yeuZeWbsI5MMmfWJG5Pota26eK7u/Tr5ZWoYgzSP74pv3kb3xm8DhTe2iFnmOn8wJ3t97XaNm6y9btxMtF0ADVZ8kBKAFRZZlmyvYAmgC9o6HvdOuUC2SrkeSUtp4VgUBPjv7CF/YzzHNxvUqdWN5CfL0A5AXH8N/BAW8MQCoNkhiAtbkrdMHmc9KNlknvZudY/X88eD1SNbdnqQF0AkJCQkJCVcP8/e+gdN/9l+heP7R+gPJSKFzHbEAve8ELQOFfCdoA3+GAqtWySmiWzDBYMobDvr4whjQChgU/sguMOWBrMuEdG8LKFhpGnwzIVPnteqKX5DEjCvff2rnWvgTvHexPOK5jl5L9Fvmbi/h9R4fX/pnWUGrG6pE7waw4hd4teNM7yig3MGf5y399Cs3Wvnpo0NuE3bMP1n36uRwyzffloHpt2y8ECY+PenfluidnT/ssISXaEe8qa986/rRx05rEA7VgokosGP6Fps/zupgIQde9bWDW3msvUCsq0NFoGuqG6iTXutGwC5CXdAdH5g8H/m2Rq2h7GAdXxAjfDZYDPAcH2N99W1p9wYjtKZ31WKsdQ15PpAH3dZx/tFO/wLqY8/6EDy6FuFR6TdD+LuPAEm/K0TgXyscmzziudzWNhThOQDnHaprZ1r9wN1lPNfb+JRBg7MOzXNh8az+kuJkuPMGsjd+C9g71jh5jQ8ulvjx5FXk2WRTLb3EJiQDkKMo1vOmWTYqryUZAc2Lze7PFEWxvmY0GoE1AgUt51QBgqKorq1ndnVec05hXCzxS4uPcf/QYDfofAGc/BzZ84+09FuWTsrpkYSEKwo6v0T+/BHXQRK2DWkH6ISEhISEhCuKy2//AU6//vcANCcXROAPd02wrXfa05tAqz9w+X3hsVkQROQTHKzGKi70eMsXUCmtMAB8/cuAK56YB5hhk4VPMf8kdH8gyyDkLgXGiOSPVnEqbqqP2lz6wk1uWUmD/MlBLX1z1WsGV87DIsEj6z/O+WoRHq/62sGtEFl8nLHj/gh38Oe5ln6Gs0b6GmQBVageZnBD9FGdGGAokLL3jZqXh7csjWqcnaBcwMvxKGB8A6udu5X5JgigMKCqAsXceAd/U6sxPlXt8G+kr1oJYKCPnQsKNAc8MSPy/qPMZnY75XjI8Wqou29nA9h8YYzw7o+b/jlHWJFg1Xi1xn3qqwfLoNrRXzohLEUECZn6j1XxKh7MWug3QwS3qzYGzz/P+hjZ+xXn8avO+LR0R/UDdTFn8DIeUGHwfPOMHfdn695/3fn8evHz9FCruc+XK/xodYAn0zvVuXVZqLcLR8uFzgQYjbKN1q/77XrMTzYnAllGkBGCPM+RFwUICEajDKAURUHXnxFgNBoDBOuF0GTEfWfB1WPTeylwZ/EYX5pc4Gg81su3Ygly8nOQZx8KWrRHa/VAlGyy8Vu6nCN/+uk61yOoT7Lm9uQrX5UIqB7SAuiEhISEhIQtxuk/+S9w8eYfABTtHZM5EINyg+8EXa+nwpZ+eQQrXsW1rc04TlEug4oHgXEDyAoIzTWtTYAGnIDwskMoz9nVPPdkq9pa5K9NeGOGzwaMAYbxYfpmeXl4W7+/kG4eJj6e9Y/ploneKR0e0Gr5ww6z+m/Ac0EAu3cIDZCvrNo877Kce7Z6GwQ+GmibEJl/zvmqk3+yfNS0DHb5aaiHNh0sBp1T6Z/TeFU3AuEVRCbnnRzBW9k+fyPTA2ckf4SXq3g4q/sDxooz/Sv5psasvL49CK9vTj3YI7dshoBwzl+L8JTXa+o3Q/i7j00D+K6AZ/jsDgOgFY5NHvFcbm13BOV5oB8wuuhbb+NTBgvu84EgBhjqQ5rf6hlJvyto+ddssOr9QTe31kc2HuV5l2XX81xHX0P3oEYHVw1wWIdip3M8Brj0H9f+9NLnkH3ht4HpkdbpH18u8c70PgqSNapbr0/pTqteGbJsvWMzpUX5HpsQAkIIlsslTk9PcXF2jtlshul0iowA0+kEx0fHODg8wGQ0AaVAXuSgALIsQ5HnACEgJEPByqx9OQVttzGrES3wy/P38fqB5m7QxRJ4/FOQFx9v7/00ISFi0MUM+bNP49PpBC2kHaATEhISEhKuMPKn7+P0H//nmL//F+VzUEa6J4AzdB9fT6BRZFnWOYFRTkjUJjBCTVAQYjOBIeBGE9IMrhPGAdDnBIZBdVS8PkFrvCCMt6JyDSxDkOZyqVCM2DF/tHYI5RccCPVy+B1CnV+4Be9BFj1sx/LNtz/GeuvbGqRX6/2A2r3+ceXyTXAD1sooPe59h1CdF2qyF2wh9Nar/tUGNDzf2fwTWIYI/Gtl96a78NzngrBQd189Bx2+MAZ498eXHlpaxfOrcIdQnrvorRfLvl3Aax2C3zG0ml/ois/A8BHumBFYDwL3Hi/zCzL3ogjf4HrtqI9e5ud831HlVnc8W3KtcSpzx26H0KDjAx5XUd+22B9Z92rw9mW9WgYhr8lFg0cTL0/6Z3LDGjxiHdbz+xXxBiBt7qKPndbg9pPmtwbAwP7o9naf+eb6/ovBlFuBVfTGa8h+4W8C+9e1LvvRBcUH+69XxbAK1Yvm6lodIGU/zEZZeXJBC8xnc3zw4Qd495138fDTh1gtl2DPoaMRwbWjY9y9excvv3wP9+69ghs3bmFvbwqSERAQFEWBApsdpLn6VPVq/qiAx/3Zh/jSgVYzAKsZyJOfgJx+ihAR1BofOOZbssnGbDG/xOrZp4PXI1lze5IWQCckJCQkJFxtzH70dZz+v/8ZitmzcoRAgM4RBNG8+5vsBM2+0gsE9W7tcN0a0fYH9rXanKL3Bb7KB4ANVLyzAWy+MApwEWrVlwWig2tlwEBWkWB+Fkywsy0WQGhwhkZz19zYrnzjsPX9h0Ngf4z11qI6wu7voNcMVvrqGzYNYNXi1l9oZrdiwQSDxgs80YIIqTv8ggk/tqqdh3zdNX3jYZPuDDH6y/ljtIBCon+hLYOQ+5AjkwbrWx+t3tD3HSFV/VlbqBKqzZn+BWpdd6sTHuY9zxGBPATvPwNjYL12VgeWRzw3sZbur7kv/ZPwyMd3fvSaHVYIhGZE5NwdrWhtqmlyO+q71WWtIWydq6hvO+xPY3hRO2xZnIVVbzDCBHzdP2R8S/RNS+9M9ZvBt/5ZJHzg/iTLTxW3thbhcdLX0Ljiete3P8b52conwQYjPO/ST+i8nwi4o3QU41MGD/oYIt+O7yL7hd8Bjl9Snroqcnx/foCT/butajUSS+DJ+kPCHSTI8xWeP3+Ohw8f4sc//jF+/N57WCwXGI1GWMwXoEUBQta7P7/6yit4+d49LOZzXM5muHXzNt544w28/vqrODg4ACUEIBnqr8NpWQOCxoFG/YqykpQSvDR7hF+bXmCSjZRtgsUZyOOfgFyc7N77r4SECEBn58ifPx66GgmGSDtAJyQkJCQkJOD8X/73OP/m/9L4rGvtMsV6J+g6l01gZI2JCbXNJBNmTaue4GA1qnNC+OOW1mUCI5oJ6TLSVYPznALtGUxWfxmGf4LWWoDDW0jc7ckyCHmtgzX4tk5g+GygGNAlgBb+yIrTL153AljC2YQy+7ycYK7t4L/pKLId/YfXN1MB4PWaxYfXO60ei6CwyTeP+qCbn9bV0wiPq14zBInewPEJjuj1mg8Ad3SjWy1eyoPuC7bhd/A30j+j8SqDaw8KkBBXrD8Jb1+CyzWLC29rH2g//sSMncs3FghwN9wObpBh3nfwV1nB+FRldfVVrrcMvvXP84AmBtgI1ICQVbfkFrfT0j3L8Npmn5PDkcZHCecGVWaAJvdkuQGA7g7+FDXdC6G7nZbVlv9Bem3Hfp5TgN/Rf+f1bVf8MdCHnntP22rodZWP6J4OigHe88+X/llW0Gq+jg+YfYYY79iv0j/hfCqrvoSz63neKr+H8QGPwPowOLZcv8vuw3OD7hRUf2t1FfL9ayCf/22QW59R+nq5WuG7xXWcTta7RDc33SKoJ2p9Ho9SivF4jCKnpaCPszHm8wUePHiAd999B++++y5OT89wMbtElmU4ODwAIQTnFxcAgOvHR7h75w5eefku9vemOD8/x4MHD/D02RNMJyPcv38fv/LlL+ONL3wB2XgCkBGybARaUBCSgZJ1PTIyRkELgGI9VqIAyZoxZLi2eIG/lj3FwWisbBtyeQLy6CfA4kwQgYDW5v1Ka/yajqfj8R8vLl6gOH0abf3S8fbxk698FS5IC6ATEhISEhJ2AMWLT/D8T/5jLH7+reo5ZoNy52QBBM9n4vNET3Jd56tOoNxJBk/cXf7oQvb1LtVrWI3nx/J8nps1x45OkNlGSLPCWg/4m/N5HoGtFoBxvP4AUVLFBC3EL7xca8lglZ8uXxADBu8/gWHoD9M3/nIV780adP+SB4Wj/kl1DWqHY7RaN1TeHwZTRar0T8V95pv2eMHYmx7kZNf0jceW+adUC5f8k+SjbfPY5atE71oOsgIFPAZd86p3khuWcwQ8KIosXJy7/Hghkmi0ve9obmnzOzRfcMgEwyZ9YkBgf5T6qvF1RlYmZ1Jb1ajFAejv4BxY33zoXT893ozrCJjscg/QjS7P7fNNYCVu+259K1xFfZP5FyG0xged+eb4A/KS85bXT80f3ESpbw49sDGhwwdAk8cMw+aJbn5LQ7/ZBcPMbzlix/Sub3+qBeDd3Fwf7X/Q2OsPyk2t0YQI34EiHFCEzLdsDPL5fwPklS8pTz1fLvEW7uByerTRqeYXUWQot+qiACgFyZrCNspGKIoCq2WOTx88xA9/+EO89Z3v4PnzUxwdH2M8GWO1WoGMRqCUYrVaIS9WIAQ4PNjH4eEh7t25jaPDA7x48RxPT55gsZjh9q0buH3zBlb5Cq+89hl88cu/guPj6yAkw2g0QkGBogCQERCsywbBJh+L2nQUbTXgweoCv04f42g8Ubfn6Scgn74H0Hx79S0hIWIUL56guDwbuhoJmkg7QCckJCQkJCQAAGY//FOc/j//EWixaj0frR/M6s9L1YRGxnH2IMrvmJdlWYPr/MmqUBMWhPiYwFBY7RmB0FyAyCcAZRO+PO+aoA39gs02mkYNEGl8jHHF/BHuKMoyuEPv2jycbehp7Q1hg+/yAgLdr4sBSgEUWIviTIp3si56zdJvgyjC5xKfXcs3LX90M1DMjXdkYuNNnuu8UNN8wdb/CzdZg0s6jJTrxGtgbPn4oZXN1e22Cpeu/vVkGbS695bHp4Xg/rjpn7wikuOGN9xqvKqpr33bWofgdwyV8hJWGR4Wqf8E+XoV17Zm3cdp/XIv4Y0+3wz10GbFde93VLWeltzLAjBWmis3y9c0PpBYhhj9MxRI3QW7Q1oGJgfVeECz+8cMqd518OgixCeUoXXRV3T9IN1OHxvWwp3yeuZeWbsI5MMmfWJG5Pota26eK7u/Tr5ZWgbfzUNe/WWQz/9N5XkXqxXexF3Mxge1T5stte6l1d8qJpR9TjEiGVarFQDg7PQM7/zwHXzvu9/DRx9+hNVygdFoisOjQ4zHE2SjDKsix2KxQJ7nGO9NsL+/h6OjI8wvL5CvFhhnBLTIkec5bt28jnsv3cLB3hR5UeByscR0/xAv3bmHu/fu4tbtWzg4PMZ4MimViJDRejdq0PUmXaC1luQzADhYneM36GMcaiyCJk9+AvL0A9hFUMAbA4BqgyQmYE3eOn2Q+axkkw1pi5NPUCwXg9cjWbU9SQugExISEhISEhhe/Ol/gsvv/UPhyKHcOZl9XgPRLN/7TtAyaIyEuvwZGqxaJaeIbsEEgylvOOjjC2NAK2BQ+CO7wJQHsi4T0r0toGClafDNhEyd16orfkESM658/6mda+FP8N7F8ojnOnot0W+Zu72E13t8fOmfZQWtbqgSvRvAil/g1Y4zvaOAcgd/nrf006/caOWnjw65Tdgx/2Tdq5PDLd98Wwam37LxQpj49KR/W6J3dv6wwxJeoh3xpr7yretHHzutQThUCyaiwI7pW2z+OKuDhRx41dcObuWx9gKxrg4Vga6pbqBOeq0bAbsIdUF3fGDyfOTbGrWGsoN1fEGM8NlgMcBzfIz11bctF76z/tDmTO9KvqkhzwfyoNs6zj/a6V9AfexZH4JH1yI8Kv1mCH/3ESDpd4UI/GuFY5NHPJfb2oYiPAfgvEN17UyrH7i7jOd6G58yaHDWoXkuLJ7VX1Dc9ZeRffHfAvaO0YVFvsK3i9s4n1wry1jrEm28Y14/pRNGqipSoCjWOyI/ffYUb33nLbz15lt4+vQpxlmG8XiC6XQPWZbh9PwM2WgEAFjl+ToHRiMcHh5gMp5gMZ8BxQp70wkOD/ZBQLA/neLlu7exNxnjxekpzi9nmK9yrIoc+/t7eOW11/CLv/hFvPraaxhP90ApxWg0AUGGgubrehIAhM0zFACyRlMCwNHyFL+JE0xH4872Qj4H+fRHwPmTUr9l6aScHklISGiBLufITx4MXY0EDaQdoBMSEhISEhJKLD96C8//0X+I4oV4IEeqZ8nWfFHG8a7Ha4BoT5hlqudpoVVPcLA61DnQ5kKPt3wBldIKZyz5+teSQrGgoPcZNln4FPNPQvcHsgxC7lJgjEj+aBWn4j71UbWjv2pHKlbSIH9yUEvfXPWawZXzsEjwyPqPc75ahMervnZwK0QWH2fsuD/CHfx5rqWf4ayRvgZZQBWqhxncEH1UJwYYCqTsfaPm5eEtS6MaZycoF/ByPAoY38Bq525lvgkCKAyoqkAxN97B39RqjE9VO/wb6atWAhjoY+eCAs0BT8yIvP8os5ndTjkecrwa6u7b2QA2XxgjvPvjpn/OEVYkWDVerXGf+urBMqh29JeuoJQigoRM/ceqeBUPZi30myGC21Ubg+efZ32M7P2K8/hVZ3xauqP6gbqYM3gZD6gweL55xo77E+X7r8kB8Au/i+z2fWW+/uX8AE/3bgMgjXG4yG12DfuAEAIUBYqiwKefPsRbb30H3/vu93F+drHe1fngEJRSXM7nuJxdYrVaYW9vDyDAcrXaLIIe4fjoCKtVgTzPQfMckxHB3t4UR4eHePXll3Ht6ABPHj9Cnq9QgGK+Wv9l5cvLGWaLOV599XX86q/9Gr74xS/h6NoxKCUAxfovJYOC0mJdd4J1f2Z156Ty1vwEvzm5kDcCa4OLE5BP3wVWi/ARtXogSjbZ7bbF+XMUZ88Gr0ey3fbkK19V6mUXRr//+7//+04lJCQkJCQkJESD0fVXUFw8xeLD7wiPUyq/tuOQ09kUaEyNNT40sW7V6KyTjGtbm3GcprsqHgTO8dFtYVeuaW0C1P8UUmm97BDKc3Y1zz3ZqrYW+WsT3pjhswFjgGF8mL5ZXh7e1j7gu7u0+zN4iY9n/WO6ZaJ3SocHtFr+sOgvjecAACAASURBVMOs/hvwXBDA7h1CA+QrqzbPuyznnq3eBoGPBtomROafc77q5J8sHzUtg11+GuqhTQeLQedU+uc0XtWNQHgFkcl5J0fwVrbP38j0wBnJH+HlKh7O6v6AseJM/0q+qTErr28PwuubUw/2yC2bISCc89ciPOX1mvrNEP7uY9MAvivgGT67wwBohWOTRzyXW9sdQXke6AeMLvrW2/iUwYL7fCCIAYb6kOa3ekbS7wpa/jUbrHp/0M2t9ZGNR3neZdn1PNfR19A9qNHBVQMc1qHY6RyPAS79R7M/kVe+BPLqLyvPe3uW4dH+PQD1xc8EbOdnQkj5D5t/7FiWbXZRLgo8+vQRvvPmt/H2D97GYrHA0dERbty4gfFohPPzc7w4PcUqX+Hw6BB7++vdoLNsvc3XaDTGeDwBIRnynGK5XGK1WqEoKCbjCQ4ODnBwcIBRNsJiMcdsPkdeUJAsA8kI8tUK5+cXePrsKSgFbt26jf39fRS0qPkBZIQAIGtLyTp7SbbxOAMBwWx8iNn8DHdHikaeHIDmOTB7Fr9eJyRsIchkD3QxA81XQ1cloQOz3/n3na5PO0AnJCQkJCTsGFaPf4Jn/+ffRfHkp4IJjc1zMJFPEGeA1gQGe4BV7Rha/zzUhAUhogkMATeakGZwnTAOgMgmnGXzKzyvT9AaLwjjrahcA8sQpLlcKhQjdswfrR1C+QUHQr0cfodQ5xduwXuQRQ/bsXzz7Y+x3vq2BunVej+gdq9/XLl8E9yAtTJKj3vfIVTnhZrsBVsIvfWqf7UBDc93Nv8EliEC/1rZvekuPPe5ICzU3VfPQYcvjAHe/fGlh5ZW8fwq3CGU5y5668WybxfwWofgdwyt5hO64jMwfIQ7ZgTWg8C9x8v8gsy9KMI3uF476qOX+Tnfd1S51R3PllxrnMrcsdshNOj4gMdV1Lct9kfWvRq8fVmvlkHIa3LR4NHEy5P+mdywBo9Yh/X8fkW8AUibu+hjpzW4/aT5rQEwsD+6vd1nvrm+/2Iw5Vo4fgnZl/4dYO+487T3L3O8d/g5gJJmg4GNntoL80E2C4kpAEpBQPHo0WN845//c3zw/s8xXyxw/dp1XL9+HefnFzh58hTnZ2cgI4Kj42Pcun0bBwf7WC1XuJzP8OzZc+wfHGK5ynFxfonZbInVcoGMEEzHE1y7doS7d27j3ku3QVDgxYtneP7iBVZFARCCguaYzdYLoifTKQ4Pj/HLX/5l/MZv/A1cv3FjXVdS949iNBohz4u1XmSknTCg+IWLn+Gze/W/wyzAagby8F2Qy6eNtjONoNb4wDHfkk12Gy2WC6xOPhm8HsnK7cnv/SFckHaATkhISEhI2DFkh7dAZ88x/+AvO0cSjTUXNbBTfMOoTMMRUYj66lRPm1P0vsBXOdDfQMU7G8DmC6MAF6FWfVkgOrhWBgxkFQnmZ8EEO9tiAYQGZ2g0d82N7co3DlvffzgE9sdYby2qI+z+DnrNYKWvvmHTAFYtbv2FZnYrFkwwaLzAEy2IkLrDL5jwY6vaecjXXdM3HjbpzhCjv5w/RgsoJPoX2jIIuQ85MmmwvvXR6g193xFS1Z+1hSqh2pzpX6DWdbc64WHe8xwRyEPw/jMwBtZrZ3VgecRzE2vp/pr70j8Jj3x850ev2WGFQGhGRM7d0YrWppomt6O+W13WGsLWuYr6tsP+8HPbPm5nZla+wcharysBX/cPGd8SfdPSO1P9ZvCtfxYJH7g/yfJTxa2tRXic9DU0rrje9e2PcX628kmwwQjPu/QTOu8nAu4oHcX4lMGDPjrmG/ncb4LceAVdeDZf4vv7nwNBti6EEID9NwjYwmey4Syj1muJCbIsQ56vsFou8IPvfx/fefM7mM1mONjfx2fv30eer/DxR5/g/PwCBweHuHfvLq5du46j4yNMJhMQQrBYLrBYzHFweIjFYon5bIGiKFAUFJRSZFmG8WiEDBQgFJQWGE1GmM3nWC5XWK1W5dzDdLqH4+NjTPf2cHFxCQA4ODjA4eEhstEIFOvyMjICybJmJyHM483/EYqTyQ3cWjzB/mgkb8RsvG62s8dR6UFCws5g0//ocj5wRRJkcN0BeuypHgkJCQkJCQkRYf9L/x5m73wNqyc/BbB51gTKB7D6D3DrL9IYuGc1jRe5xHDCTDHBwXZ0JirO2T4mMAgB4SY0CBScWFp02XKKYF0fIuAUVX15zsWkzojqCZpYWk1oLcCR5Zsk/5qW24+c8Jbo8Vp59aahNcfX/YcFh+Nd1qWhSbclMt6YhOqwm3pW3Y9IbO04K53njfKbnIHXL5675pvVG4aychzvKK7kyvBv9JDn5depX7Cp/iQh6yitHfw5rmVleqyymuUTTgAIJwBCztqc5xDoJ8/Jhut1p8qiaSHjNvkmyz8dcBWryZGEE656bb3r5JSNBzosu47nOrbW8CresErBUDSQpiWlfrNSxbz81lKHZZy33PWmVtEdCadvxDHftG0JvoNwRze61eLl+ED3BZulJRJes6zhGhxtrmWtxqv1YChuYFzAmf6xPiDjVf52h1U3/zqtoBzIuOwE63zkwZ1Q9n9weoBN+Ag3fm0qQLXvUZN36Z+W5c9XlctsTc+YPst4aU0alg9QK4G6OeGuV4bbU75pW6JnAQmHAtIVsB28UWq33jAda3HS5Eqrq6eC8anOX6BCrRxd3g5wB4eEdw7ACFQPoLr3W2V+8dzUysrnPeLShyj0DrRVghm3dWhTjkxPS64zPuUtK4fnOlagz6w6Tc4d120vfke9VjwE1gCtb+cSxVe+ldZFrwlq83Ps825eFWRYAdPxG9PTcry6/lz2g3SKmu6Z6KmuPnfqNast/4N0Nn8g4BS1+QWI880i//QTZ2N4OVEVZxN+dj3PAU5tBFw2nmlxsb4prePzq2o8p9RX3fGpbLxaWoh5qcvgdLriVT6i8ThUHjeBYfO3Ek5VvESOVOMFef6xnivh5XsGQ86VV1eIBrf5hUwrYAb6ynVQ2Xi1xZkeC3W05p1wPpVVX8LZ9TxvlS+wtTxS8YbVhdnjgLi5a+C/vlW9lpwRPV6WI+MSK3kf0Z6fE3Ad6zg+VdlyvoDnm/rr6F8zbApOzC0DuXUf5N4vVBzi2/u75PbmKLs4a1yzts1MYozSAqvlCqAUDz99iCePH2E6nWAxn+H69Ws4Pj7CwwcPMJtdYjQaYzo9AJBhPl+g2Ig/pRSnp2eYz5dYLZ/j7OIcq1WBguUEAQoUmM0vMZ+f4/ziDLduXscrL9/DweEBxuMxQAiKogClBfb2D3H9xnVQSnAxu8TPf/ZzFAVFkRe4e+8uRqPxuh1IhnyVA6T+7CoCwY+zO/htPJcc37TFtVdALk5ATh+1dM96fCobr+rMLwqON36gno6n41t2PDu6AXp5BhR5lPW76sddkXaATkhISEhI2EFkBzdRnD/B4oM3y+cZGSiF8fyJoBTz04mAd1kGnm+uN/FB9vUu1WtYjefH8nyeOzaHqHmM4dwAoSpgyl0e8Dfn8zwCWy0A43j9AaKkiglaiF94udaSwSo/XfVgaAzefwLD0B/+HuNdb12tQfcveVA46p9U16B2OEardUPl/WEwVaRK/1TcZ75pjxeMvelBTnZN33hsmX9KtXDJP0k+2jaPXb5K9K7lICtQwGPQNa96J7lhOUfAg6LIwsW5y48XIolG2/uO5pY2v0PzBYdMMGzSJwYE9keprxpfZ2Rlcia1VY1aHID+Ds6B9c2H3vXT4824joDJLvcA3ejy3D7fBFbitu/Wt8JV1DeZfxFCa3zQmW9sIaMr5y2vn5o/uIlS3xx6YGNChw+AJo8Zhs0T3fyWhn6zC4aZ33LEjuld3/4wPVNxc320/0Gj6oc9Rnrr2xpNiPAdKMIBha98y7L17s8HNzu/7r1Likf799b3cJKBsH8g6/dWBOt2a/0DCKHr9byU4oMPPsCTR5/i7OwUDz99gL3xFPfvfwbz+RwPP30ASgmm031cXsxxcXGBUTbB02fPcXZ2jsvLebkAejafYZXn6zBlmzwiFKMRwXiUYToeY/9gDwDF3v4Ee3t7GGUj0IJiPB5jujcFpRTz+QKzyzk++fgTFHmBxWKBi4sLHB0d4ej4GEAGutldmlIgy0Zrn0EAklV+Yv1+bjHaRz57jtuqLUoJAc4fN/MuISHBD8hal4rF5dA1SRDAdQdoQuU/Q0lISEhISEjYYqwevIOnf/wfoDh71HiOzSCe0MhIjZcTE+vnQ90d9UBIWV7XhEWIiYr6glC9CQyFNZkBDcoFiHwC0HgC2CI8vrOIwct0VeTxMcYV80e4oyjL4Bq3niD2YBv6WntD2OC7vIBA9+tigFIABdaiOJPinayLXrP02yCK8LnEZ9fyTcsf3QwU8+qF2/pzGW+9UOO5zgs1zRds/b9wkzW4pMNIuU68BsaWjx9a2Vzdbqtw6epfT5ZBq3tveXxaCO6Pm/7JKyI5bnjDrcarmvrat611CH7HUCkvYZXhYZH6T5CvV3Fta9Z9nNYv9xLe6PPNUA9tVlz3fkdV62nJvSwAY6W5crN8TeMDiWWI0T9DgdRdsDukZWByUI0HNLt/zJDqXQePLkJ8QhlaF31F1w/S7fSxYS3cKa9n7pW1i0A+bNInZkSu37Lm5rmy++vkm6VlcGkecucNkC/+253nvFgs8a3p5zfrmQmADNgsfq5EXXIxpaB0hTzP8dO/eg9vv/19vP7qa/je97+Lhw8e4PjgGl5//VU8OXmC09MzFAXB2fkcqxVAyLqxzs7Pa++sM+zt72E8HoGMMiwWK4wmIxRFjny1QJ6vsDcaYzoZ487dl3D3zm0QAM9OnqIoCiwXS+RFgTwvUFBgPB5juSpwenaK5TLHdDrF9Rs38Eu/9Ev4nd/9N3HvlZdBsgygBAXNMR6NQWmxDmID+dpXrBdK/9blX+H6dNLd9g9/CHL6EOYR5QcA1QZJTMCavHX6IPNZySbbt109+RhYLQevR7JNe/J7fwgXpB2gExISEhISdhTZ8R0UTz/E4uHbjREEJRD+SXN+UrT8HOLPxZAUIkDnaRYjI/06hgffZjEumGAw5Q0HfXxhDGgFDAp/ZBeY8kDWZUK6twUUrDQNvpmQqfNadcUvSGLGle8/tXMt/Aneu1ge8VxHryX6LXO3l/B6j48v/bOsoNUNVaJ3A1jxC7zacaZ3FFDu4M/zln76lRut/PTRIbcJO+afrHt1crjlm2/LwPRbNl4IE5+e9G9L9M7OH3ZYwku0I97UV751/ehjpzUIh2rBRBTYMX2LzR9ndbCQA6/62sGtPNZeINbVoSLQNdUN1EmvdSNgF6Eu6I4PTJ6PfFuj1lB2sI4viBE+GywGeI6Psb76tlS9oQjTu5JvasjzgTzoto7zj3b6F1Afe9aH4NG1CI9KvxnC330ESPpdIQL/WuHY5BHP5ba2oQjPATjvUF070+oH7i7jud7GpwwavPHyV9LBWwJAkH3uN4GDG9I8AIC3V8e4nO6DgCID2/V4bUagIMgBkq835iIZ8s2nI7rCCEuArvDgow/xz77+T1Esljg62MODj97HarnAjZu3kFOAUoLJdA8vnp/j/PwCRZHjYG8Pz8/PsKTAglKsKDCajNe7OdM9XF5cYlEssKQr5GSJyXSCG8fXcXztCNP9MSgBFqsC82WB5y/OcXm5xMX5EmenMyzmC6wWCyzmC8wXC8wXK+Qkw/OLGS7mc1zOZrh+8zru3buLyWgM0ByUZMhGIxSUVrtOg6zfxRMCuvkHEMzyHK9ky852RUaA00frbBWllyzcCQkJWiCEoJinXaBjQ9oBOiEhISEhIUGK+U/+DM/+6O+0PqdY7wRd5+z5t/GeqWazOu94zs8yojVhlkHyfA29CQ5W4/I4afLOKcQtX0CltMIA8PWvB9xwwiT0E7UsfIr5J6H7A1kGIXcpMEYkf7SKU3F9azghLH3hJrespEH+5KCWvrnqNYMr52GR4JH1H+d8tQiPV33t4FaILD7O2HF/hDv481xLP8NZI30NsoAqVA8zuCH6qE4MMBRI2ftGzcvDW5ZGNc5OUC7g5XgUML6B1c7dynwTBFAYUFWBYm68g7+p1Rifqnb4N9JXrQQw0MfOBQWaA56YEXn/UWYzu51yPOR4NdTdt7MBbL4wRnj3x03/nCOsSLBqvFrjPvXVg2VQ7egvXUEpRQQJmfqPVfEqHsxa6DdDBLerNgbPP8/6GNn7Fefxq874tHRH9QN1MWfwMh5QYfB884wd9yeK91+3PgPy5X+3szkfzpb4/v7nQbJ1XhMKUDICyLq+o4IChG7yPQPNxsix3pF5ghVIPsejR5/i6//k6/jZT3+KX/3yr+DWjev41l/8OQDg/mffQJaNsMopHjx4hI8/eYjFsgClBXJKkNMCdDTGeDIFIQSrxRxFnmOUjbBY5cAYGE0yTCYE09EIx/sH2J9OMZvNsVwusSooihXFiGRAvvlRdZGDoABBgdVqBZqNkFO6Xrg9mmCUjTAaEXzpS1/E3/5bfwsvvXQLoyxDngFsF+r1GvDNHtgUKEgBSje9fnNz+tWLv8K96agzLciDH4CcPfYfYasHomST3T3LdoEeuh7JVvbkK1/tvl8qkHaATkhISEhI2GGMb93H4sPvIX/2YesYlVxDKRpTWfXzRZ+3r9/8+ZzOk1DtRE1qhXdZBXTqVvt6vxO2NuM4TXdVPAiMG0BWQGiuaW0CFH4KSWq97BDKc3Y1zz3ZqrYW+WsT3pjhswFjgGF8+HuIs776trUP+O4u7f4MXuLjWf+YbpnondLhAa2WP+wwq/8GPBcEsHuH0AD5yqrN8y7LuWert0Hgo4G2CZH555yvOvkny0dNy2CXn4Z6aNPBYtA5lf45jVd1IxBeQWRy3skRvJXt8zcyPXBG8kd4uYqHs7o/YKw407+Sb2rMyuvbg/D65tSDPXLLZggI5/y1CE95vaZ+M4S/+9g0gO8KeIbP7jAAWuHY5BHP5dZ2R1CeB/oBo4u+9TY+ZbDgPh8IYoChPqT5rZ6R9LuCln/NBqveH3Rza31k41Ged1l2Pc919DV0D2p0cNUAh3UodjrHY4BL/5HkG/nMXwM5ut35tW/Tm1iODwBCQJAhIxk2q6GRgSAjm/dUhIASgoJkIGSMjFKQYgmaL/DuD9/G2z/4ATICvPG5+3jx/BnOz05xfLiPx58+AiEZVjnF8xfnuJgtcDlbYUUJMBljPJ2Ckmy96zIIimK90LgARQGAZBmm4ymmozFIvkKxuABd5dif7OFg/wAjEBzuH+Bgbx8ZAUYoMEaBcUYxyYDJJMN0PMKNG9cxIhkyMsE4G2G1zLG/t4c3Pv953LxxE+PJFMgAWlCQjIAQAkKAbPPMRsnmB2+svQFc0gyvk1l3XIsCOH8cv94lJGwraAG6UPTDhF7hugP02FM9EhISEhISEiLF/hd+F/OffxMZEU8IZxxfT6DRzU7O7YmLjHA7hPK8nADp2ON5s/KZks1EDGl+LrUdT+wUBISdp1hARXQ42LMoa5kOTjaciHiHRbeFjIeecFZVjLOU8PMrRMir/CLcehXCvQ/Q4I1yFZa07br+Cm7aEHyDmNja9c3Wq/PNccIszDgkXGUNuyfh8k2Vz9ITdDuIIbR2COUXHECknxJLLG3t+oaeqiaEQy8okAV4o3c8J40EqPSS5675RkTV0bHcByquTmAFWs1K1LzjCyt9Xf8v0zWeKy0kXGVLPZZb5kfJN/Vj5TT90gyI9AbKtRfPufZr6atOunvItxY3dE83HdXjA6YDNd4oRcGJhG8+4sd1Mu51R1DZCzZN26mvtcBXnDVBhx6WHyp45wu3ttW9vyrz0dTqlq/Zn+TjVWWGc9Syg0k8aOnrRsd43mlZOTzXsRr6zfxo8Fo5ne3VGrATLh4854oyfJ4wvd/a5luL6+g3zwFUIz0Jl36hogK64y3F86twh1Ce18oLPl4VWvbtAl7TN37H0Go+oRbkwM+vLTmRFFdym3yT5Z/QkibXfL4Dz7ny2h5JrMnzKs81bDleJd1cOl5VWQ/zC/WWquspzw3cluabMXQe12p1k40XpJao7KYn8xwSDo5z+qaajwvz/KphOf3U5lrjVOYO/4N0Df0k1K57os21YNjcKr1uqRHfnZT5RxrltPRSxTcNZWQb5TR7jGx+zniADQlXWS4ByvFqF0c9XIa81GV5/gktKs7ApwtBrXvz3FP+tdBKyG5bjv/Kj8WcyHipc9jkl4zXLEitHIXldEzF9R7QOqzV/GO9sZu8tQEIEfN1XnVwMy9q4wWN6m8u4N3RSj/D7i3NT+UXbBjXAWWc1DmqjFVaIuEqK7uec7zFHd+vaHRwrjlJ43A1XuU4mtxnvrWsSfm1yvHN0cnrF9VxcAPk9n104cHlAqcH15ERACTbFJqV5VFUfmRkvacyq3CWEYwowWwxx/zyAtevHWG1XGJEgP39PXz2/us4OzvH2fkCT54+x7Wbd1BkE5zPcyzpCKPxBEVGUABYFQXy1QoEFISuc3xEckwwAskJyCxHMctBihkwLjAqCoCuMNqb4mg0Ai0WmO7t4cb+FIROsD/OMCLAZJzh6OgIBSU4vZzhyckLPDldYj5foigKLBdzLOYzFEWOxWq2XgTN8qh2u2iPxdaRO5vexMPzJ3h5r2MX6KPbIHvXgfmL1vVdkE0vdMo5DPIt2WR3xI4OjlGcPRu8HslW1hVpAXRCQkJCQsKOY/q538bo8Bbyi6frQcRmJMH+zFYBNrhYc7q5rijYJP3m840tKJuMan5e8vLzYjOx0TyuZSmw/ntJBpYvh0q4ri3R5s2BmIojzASHqln487jrGVRcCEGBVMW51iybm+e6li/PyFYRonVa1psFgn0u4M0ItzklZtbnI4IiwawWTFDesvySHC9Ls+MMjeauuaFsBgUol0gyXn1M64dr3MJSrBfRdVjwnCunxY31zdWi4p2CI+Eq1L6OXdbJuUudelF399HSa4aSbz6U3a6kzatoHhVn32UmR9UrqCrLOL6ZuaVUzFmBlNM3x1dT0NE3qwUTHvVavIN/m6/PliyIkLrDL5iQWKqylOuOdFO7bl6hg1PIdUyme5yetSw1tKryOAsTzhq6dBaChuc4Q0v/KNd8HLfUByM0/Knyje9uDc6oRP9Mh+/S5pNYBiHn/LGRmVZ2czFT6V+plzxHnVvamiBQIuGqAZNswK7SOx/jVZYwLGKdCdXmTP8a4aVt7pZv/D5jBpwChNBOyzKhxZniKJ5fqYpLdMxofMpzE1t+O63VolavsroSDjQ+9woXgZHVi+pb9jV8dbSrx7o1z02syv1Nffnx6prXalwe1PGo4nwPbvCajmlbXiephGtacOXJuL7eyQIgOV5CkpBlPkl4vekd0YreRsea7lHODY7zesnGn+xzamjRbZnjKl51yG7bGr9yHbvFleNUNHl5tSkX2FpDa9++VTDQN++w6W6CyxtcL+za49G2Soh+MM/0mnUM1j9kvK4Him/mxmtUxV3Gnyqrodey8Wqpr6x/6Oodz6XQTfgahM3OJwbHW9/B8dq4h+mamFe6xk6o65yVpVCOT1uWK4f5w49XmT7z49WWlbVLo3Q1r8anm7YjPJdY7ttbVlV9iTte5M9ccPTKNLEa1VPxSu94OWM/BOrgXfoJ0fuIbsuuVP3gXfcGI9Ux3fGpbLyqa8u21uOQ8qZ7Oo/35PZ9YLzXmSMfjG401pE3l4hnaGxWRSmyLEMOgrzIMcqAjADFaoHrx4d49d4dnDw9wXxxiWvXb2A+X+Dg8BpmqxPMFjmKsxlOL1eYLQFKMozIGHm+wmq5RJZRjEBBaIExIQAtMM5XGKHAiIwxyYD96RgH02u4eeMQL710jFu3r2Nvfx+gFGREMNmbAIRgf7qHaweHyEAxHhFcu3Yd070DPHtxhr/49ltYvPcBaL4ECHB58Rwfffw+PvvG69gb76P8kS+XzwBQ/Qi49uM/AB9NbuNlPJc38miK4vAmyOxF+z6kgFTHZLqHZJO9gjYbIds/QjE7j6M+yTojLYBOSEhISEjYcYzv/iKm938Ls3e/tv6AYv2gVTuHovxtbnUK+5ybh2VW9nn9/Q577K2Xx09osG9sTHCUP0VX8aaloLVF190TGNYLqNhDaq08AgUnlhZdttbGmwZvcRZrEa+BcIyohpnE0mqinAPgwtUZPnaY50LL72jCW36HEwmvlVdvGlpznAAod0Tlua8dC3hLui2/Q021Y1i913ZY0Y4RQls7zkrneaP8JmcgEvd85VsZSJ532bJyHO8oruTK8LOd9jhefp36BZvqTxKyjtLawZ/jWla2o4zKapZvumNYYwd/nkOgnzzfLP5RdKO2RdNCxm3yTZZ/OuAqVpMjCefHB4Y7RFG2o16HZdfxXMfWGl7FG1YpGIoG0rSk1G9WqpiX31rqsIzzlrve1Cq6Y30xYYvrwLZiJfgOwh2lFNU9q8bL8YHuCzZLSyS8ZlnDNTjaXMtajVfrwVDcwLiAlzv4k25e5W93WHXzr9MKyoGMy06wzkce3All/wenB9iEj3Dj16YCMF3jeZf+aVn+fFW5zNb0jOmzjJfWpGH5ALUSqJu3d7iFkPvON21L9Cwg4VCgtmBqEzA1b5TarTfljv08J03utkN09/hUZRt6Cn3eDnAHh4R3DsAIVA+guvdbZX7x3NTKyuc94tKH30FQqH/NEsy4rUObcmR6WnKd8SlvWTk817ECfWbVaXLuuG57leNVjnt6fmh9O5covvKttC56TVCbn2Ofd/OqIMMKmI7fmJ6W49X157IfpLP5TOPxqq4+d+o1q2215BGM1xbzNDhFbX4B4nyzyD/9xNkYXk5UxdmEn13Pc4BTGwGXjWdaXKxvSuv4/Koazyn1VXd8KhuvlhZiXuoyOJ2ueJWPaDwOlcdNYNj8rYRTFS+RI9V4QZ5/rOdKePmewZBz5dUVe7rs2QAAIABJREFUosG1Juw52wqYgb7y74Ek49UWZ3os1NGad8L5VFZ9CWfX87xVvsDW8kjFG1YXZo8D4uaugf/6VvVackb0eFmOjEus5H1Ee35OwHWs4/hUZWV/cYrVX/8vpLKwKTgxsISA3P4MUKsxf3t/Ml/gxd5ryMhaO+imCdZjjU2fIKRWG4qCXU9GoHQFoMAoA24cH+KTDBiPMmTZCB9+9DFOT89x+6W7uLicY5kTLE7PsVhh3c8oBSlWGGEF5AuMabFe7Iwce6MxxuMM0yzD4d4+DvcOcfP6Nbx89w7u3n0JL7/8Eq5dP8D+wQTj8Qh5vsLN27dwdO0QBQEO9g+wN56AFitkoBhlI1CMMF8WAKE4PT/Hez89w2KW4+z0OX78ox/hr//6r+Pw8BB5kQOEVJpQizo2n6G+kB7Ai73beHrxBLcm8iV75PA2yLMPNsG0HJ/Kxqs684uC440fqKfj6fiWH8/2j0DnF9HW76odd0VaAJ2QkJCQkHAFMP3s38DlO1+rPqC0+fSFaifo8hT2OffMw2yxKYL/vLTl95BGeXTzP9UOU+vnNf6X++D5pgSe29h18VWFtXjtugYXWQpo76jAc03LUHIq5s2A1LgUtHoern1k/BztBPZLd5SxlnHKOETcfoeS8nyeSyxUnIq51HY0cLUAjOP1B4iSKiZoIX7hpawF7bZlPtLyP4VcEn79/PKSb4IyVDIiu27zWeMdiyCs6h1KKn1cW0NOafNz2rTgOcRcaHUSoGaZvtVrqsMbVqbDMsuam+cQcFp/vl5zdkJ57+O5KzrzrZZAMi4UaEYbDtUs80OwY4mmjmlb5Q4mEq6p11DxEirBaHMKWnvJw3Fa8c60R4eVhafLcuXYelfCRd9EZXkfH3SfxO8UqtzBn+elXmpYitr4VM+CK0fGta10oN22TTUQ6KtA75R8U5MWt7SsOtLxgiwfyw8FesfzVoercWcPzG7osh34hHqrMz51HK9WzSvmVdp1cyN94MNVudvmfqNjMlzplCs+faTjA13BtoXsuU7GW19aCyBzvMaVO/gzPeO5raVmFtz1DV7zp8GFAa7lMgRc0G5cOnOcir9ON99E+cfyiudSW9WoxTU8EPYA0weYrh4pEwATq+jxyvGsanzKuk+p1xIu0k9K1c3Dzuc5LMGVwXXnNucudcs3gRWVa2CZP8bjA9r6D3kDdXU85RcaWtlztuy5nNdFTt/cd+gXlNuwaHDwnEp46z6EJjQSXGt80JlvbCGjAacizluWDtWZqh1GQ+mb0hpPOEkESjSAYfrGc4qy/lVxEs6lg7Gl3bbV7SDmQug0c9N9rbtpZ/EyOZJZ2XVgaUTbvJFe6wulXNlxFRGSBUI7YB1Wo4GMd+xX6F97PhXNz3kOCW+VD3H3U3EHMD0TclrxqvkEHB0/wKEUpj9oVP2wR6avQr3V0jcJ7xqvCm84El5CpaeSGMl0S7M7dfYijeZpv4/YXH98F+TavapefL0BfEz3NtMxZOPxepEzCABCUF+AnRF2J14fy0gGUgAoChBKka+WKPIVzs7OcHB4jtPzCxRkjBdnl7i4uMCqIMhWBRYrijGhyFBgVFBM6BLACnsjisO9Ea4fHeD29Wu4dfMmrl2/hps3buD2zRu4ef0YL730Eq5fv4GDw0NMJlNk4xH2JhOMJhn2Dw8wno6BMcFoPEYGClrkILRAvirw/7P35tGWJGd94C8y7/beu2+p916tXb2o1ZK6EVqQLSE2y7JYJNt4xGIMiIHxgkeDZ2DOgD3GB3QYBnsGMyw+cGwOh8M5xshmhAZhyxiwWI8RIIRAoKWhJbW6W91dVV1Vr+rtd82YP25GZMQX8UVE5r0lNdT9+rz+1S8zIzLiiy9+GRmZGXc8kcgHI7z05Z+Nw6MT7B8c4uTKTZyMJ7hxYw/7+0fY3j47S5/nmMqiuhgoiSpjxnyGp+wq1nAGQyc+tL9XtoDeJnByO9Ti9TGq1wjul8v9y/1/UfZ3VyBFBsjp87N8d+H+eWz5AvTSlra0pS1taXeBde59FfKVDUwHB/btt1A3otWEcAYYExPqfl4iy2yu9meKkwnlaoKh/Kc5YUG+UKVf6EdXXAl84SohIOj+quCzOqdwI73wYnV77/Dy4YSaBGA5Pd6bnwcj7vC6p44JhieisyAR/Fyj7X4s7gv3uisy0RWYXF7LAQtacYWis2KzUX6TV5sZbtUywCPd0ouGceHEWqo7kjMkxstHKRdqMsrg6iSM3llckAlc0RDBoxnpekVnykMYckAMUwOA6J3aWL2Mx3ApG8VbeTqbp6DwI2I81aICSDEc4EY0+rlH32y5SV2BiUGtxzVQpS+5qpfazvEZNETGfw4nFyy6wqGXq1wWGG9RTKtNdf2nPIRmZtHxAnMCkca5FZgodx6oUR5ClT7xAVtQXw2hoTyIjRwuSp1Wh8e4217R+Jg3/ph4ZLHmcJ6OH1wjNaL9PVrg5JIDMPW15OyKTAn6l4KsfkfQSK/Kr7b7eWlE35J4HeOaS4R5vVaKx1vS+CGAVfltPYvxdEFW5gxIjX4fx2q8mqivTcerXPoYGvpFVwxleeU8RPWTuwFJbmAEzTl8nuFxCnJyxqJdQnfF9EiF7/D9K9/hRXn6soQRfufHqyD5Vdz0nMNTBQwMj1ni7Rl3PeVO3zzeKM5OXOUb4XreTZXX1rPY/FxtrDt+o/OVjJ5qnjI+5carGqG95HDBcOHjdve0uFErjgMN3TyHJY8PKOrDRJiXjqmam+MGqvQGh843zJvfvyaivn8lnMH0XyBRzUm4YLioyXX+fPgIwJquUjJwJ+Mv1e36cMqZ7DRn9C7I4dNPBgXDCSLGUzt8zfFprAGj+lrqm/pfWP88emnpqQcbVEenV9Uz2j6qrzW7uxNQMVMVU8nrzG+hijyXMygaYiRfVQLvis4BveMvgIlYc0KE+wU9yp14ozwl3ppgwB1B9wAQZ+5ByMbTKa71LkNAlO0qIJCV/y4A5IDIynNNAQhImUOIFoQUEFmBPJOQ4ylGoyGyDNhY7+P6jRaGgwEuXriA4UjiiSefwmAwxKQAxGgCCYFeO0e/18Vat40OxljtZNjdXMXO5iq2N9awc2YLuzu72Nw5g43NdWxsrSFv52h1umi3V9FuryJv95BlbbTbbQiRA1k2e8idARIFpmJaNkKBAgWyXELkEtvbO3jFK16Gq9eu4ebBCY72Rzg9HeBw/zYgZqojBJDNPFP5s2wZczw4ixEJSODa6iU8NPwE2lnm8XZpK1sQp+oF6JjiGAFUcrVAkhIwmzuHzx9/S1zinzPMe6uYnhx+xsuxxPlt+QL00pa2tKUtbWl3gbV2XoD2PS/D9OPvtb7oVa96AND/UitB0y/bi0Jakztqv14Jukyv8oPm5u0+rDOyKIH4EggEY/lyX5KxX5jFECy3B2rVyguqvPaEBsPV4RzWdRNJr6wu11WOFND50J5k6Hi1bjPR9POg0WAW99Sj7ByANRT3cEky9HL2BPPhPBPS3AsURnn5FXIMRAxV7gm8nJAxuVFc/wOSmEXlwg40buWjKhnHPSiB6ApNFFV6ondVufy8ub7VQCU0Fke13ceVUU78XOd03tM3QRVHlIdQpadcFb0sr8MlwyNGj+G4yjsmP+yKH169VivlqXBK4LC5arGq1/g4g/YFNbGBGL1jL1gRDF8gglh5AwY39ktpFJfh6mjKtV4z3ZBDclxVOo4HItDqoLQAym12AdgVRhVKhnPIpUtEJHLdOWqPVz1+M7nOPsaxcOO6V5BX1I913RTLL4LKrOGa5Ls/m4HyicdH5g778hrQP9ThDEqJ2IrQoJzkw+pfKt7x8arazXC7hS2u9E85VMXVjBN9bBxvdN0xg0vw93W6OWQZj9K4Jvr01RtgUUzVsSSUaD5eZbCqViLXVpd7bB5BCeVZBz3FqcvteKuJsWrT/kFQ1SM2XvBbpIZat6oK+rmBSt8oVyhrYkh/DU/FePACWmd86ui18lUir9lCIUsbHxD9U/pIuUomJYkzGUaEUdUxiasTq+0JHSCqr7HxKTdetUrXkEsk367Q8HDCRe+oiYu0qAB6MJadp7kptxAMb4JSvfCk+oPL1QSE5qUDKK8K7eM8pupYI0wYn8b02ykX0ecq3ph6apuXG26hvGH8zfKQVV6EK52zuJFpiv4FUZr6nIgqPeVKgcryKn2O8oiAxMevhjeM8Hf1j+HBsxvNkYoknVG6IPdaE2FRFtNvyjmcw5zuUuoY5Tyq5wQejlIVZMlliHueR0jPB+4B7sWE8Rz7C3ux8WnqeDWqw6ot/BwmVzcElHuqLzbPB9v+udEUWEX18nOJVWTMfFxezQBRfb4hAEBOkWdAIWZpW+0cZ85s4Z7BRRTIsbG5iavP3cDe3k1MplMIkaGdC/TX+7h44Swun9/F7uY6MDzEWifDua1V9DsCK+0Wet0u1tZW0F9vY3UtQ6czhehkyDpAnklkLQGRz7Riqj6aKMrKF4DMZn+ZzEoNmbVnq5Wj223j/MVzePlLX4xHH38azx3fwGQywcnJIbI8AzCFlIVZc+NfpTaSl5/VtusT4FKH97nsbWr3VvMJpcWeryg9JQLmzG8xyZe4xLsB0VkBTg4/4+VY4vy2fAF6aUtb2tKWtrS7xNoXPhuDj793drslqltSIaqJBWUS5UrQcO+DM8/9PqRz/1+lK3kmhDc/7/yNKCciBM9nN8+E6/yqL2mrGnlmYNT2Jk8QAxMktKbcCgtRREMsG0CUDVCtKGGgdjjhOh+e66cFAvUQDKfmC8iE+SeLu8l4FAxncc4VolJWLKCY5OASRUNUfYhy+LlG34o5MbRKHeHCz2l1Hd7UkgPHwITsNC+bVW1MDgN1OuGZEA5x9oEbj2ZkRyeI6YoxIhG59BFMWiHM0Tuqk2Y0Ey4YLnzcQG96u+29vIk76hhXAAbN8YGXe/TO4lKQy2UC9+bHoNHhLS7i3MJUPV2wXtvrwZi83K/0TheX4WC4o6cEm3RPq7wRqxlvLKaaMz4ox38hnqSfiSjqoxnpUX29Ey9QBVBY47t0XkW3X//qxp+F1emSh5/K2PHBouNPc6UDILqAsvkMBaAcafrXCGP5KlT6bHBVD6XXDi8rQ3kSsuNShLk2QRjhpH3cFR89qJLUiDenuBF04tFbG49F7o8qHQhwbwYMN+63gWr8qbZzvLaOKkwYn+rjKUfCCw6NBIfqpNlahBsvFFhcAu4EiZt97HrbNN7Y7lUXU4b/ZmGd8Wq4/yb3f6ZDVSvwlRyEl7pFeaNfNElBqr8Jeq3qo9L5OeO/yPXH5ahlsetpbTmPYcPxAkg+Fbf1TbgXCJh6x/KG46vY+K0arxrcSH8nxqPe9IHzVL4s5wvK4tEV/F29KzlrnoCMCiCDgTME+Tzj0xRMvL8D5fDzqIPu8Hyjo69Kf4XN6/yCiVdHHSyLy+o0WG56KjRfm+LeuvEXs6Tr61zxF0N1H0g4GE71lN5PRubr5r5/rTn/WPsXqJqMT3V1lH5rb8D+3MDDjQal3THIqwaoZ00uYwFzikO7UzT+TDXxcER44nMImNzIwYxsLyYPeCLHp/ZYUl7uF6gsDrO5Ilww3D4t5OoGRH8nGBbPZatl7rR1yr4vyvyFmiealmUu/SILjMdj5CgwHAywv3cb/f46NtY3MJXAyfERDm7fRjvPsLt9BkIC/X4f991/GZ/1WS/GpXM7WMkFJgc3IMcnWGtJrLQkOrlAuyXQaUu08zEyDIFphmKSIW8L5K0WsnxWBimAqZQQKGZjGTkrryzbrjD7s5TIRIFOO8O0neGeC2dx8dwuPnHlAMPRGDf3bkGKDJkoSn9ICJFZHpKmiKOKR/Wxxo18HZdwDNZW1iE6fWB0NPP3nM9XGj0PX+IS/wKj6K2gULr9PCjPXY1z2vIF6KUtbWlLW9rS7hJrX3wEgPo6tHql1Vxd1TS9ErQ6Tm03xiKz9PYBejsYXv7Pt3CDsLi095c5VOUMc/0zPmS/+pcwCm5xWfEgwkAJNF5RgUFV3hhn0WkA2mDw85mzYdzhR7jlWtPD83HviibqXOZKIMLPYaCssRKJQnjyqYGIcW7lEr1ygaq6Z4JWeiZYY1ylpnxBqGJAhUeUm8aFQ/CEd9gi3ctBmpaUV8a4Sko5i1QFIrzs55UMyCBCp1f93cMZVPpmlsTH58JUnWb0Wvldr5jAcCdgvQFsWkpwBvROJnLfhCXlIawqDFJh1NExFmMrmIRWNFE6TLmBVT8yBiPwcEcwqgdOgdZweTzsbTS9pdxMeQhVesqd2oQ5a6m65suMc1gdXLSR8kZXFqX6yHJZxllNNNN7EIncqIBVMt941eIIoKFzPMLmAMknzJWx8RmMN07vPFz5pm4HW/QIiLvAM0jHgZa+LmS8qtzVkNvdxReGNoefm81jVC/OF9s6/G0Mg8ocrur4fNE7yjXKMDczCDrIz1N1rDFGxqfOcWZ6o7yxXxpwblBQ6ZnN3f1qu5dLhkvKfaheuFHxpl6sUfLlcqV/mpc1EHBrtJAeFdE3VhdTx6dz6nUV3QyXfl6NSyPc8GSKOxw003sQidxnKo4U4bi3m6NZ8+j0ifqtLMadiqei4xCPg6yCEZ7cEg2Rm5ej9+FE31QDzvsLUvPqc+UFVU5VXJv7rkNOc5RxpHOMxhvRR6qXyTyAMoyqI3tXFJ1H3+70+NQRIIZr83BPB1/8/FZNTOtW7nhV/U94OIOq+mYeC766zj3fwIUTG17KautfjNdsGHqDAaOilIcwEjFzj19j41NdHZUOVXqrO/q5049UesrhMzsila4FuRSG++L6530hnPIQqvSUw6OnAd54fMqNV50OHhvgqA6lDid8UcZ0J5abVFWT8hCq9AYX62chs5avOJAAxsUUe90LEEIYf1UVhI47+08AgJDIhIAQGWQhURQFTk9OIKREt9OGlFPI8h3idqeDXq+Hne015EJgbXUFF3Y3cW57Hed31yEmY0ynbYxPc/SyCVZaQLcl0G7naHVmL0LnAmhlLYwnAnKSIet1IESOaamRQgBTOS1jHshFhgw5ZDHrI7M/ARQTZMUEQgjkcoT+Shvnds+gv9rD6ekpnrt2DePJBN3WrG6VQ0QZY+XHboaflMYIOXsZ+9bKeUwGH0Mry/2xIVooun2I4RHTMg2wrl4vcYl/oRFApwc5PH2elOcuxzls+QL00pa2tKUtbWl3ibUvfBbyjYuYHlwF1MQDqvt4a4VmWU1MZJ4JDJgTEuV2NTXBTVBIqe79BKJf5nNf8KdMfOgJi2qCRZ+8xKQVRKHuSdXUeYCXk3OqfuwKoRQRRnA8xQ1m4rpjxljBCKovxJXZ02sVr+JLkPdV4it2ONzKN3EFJgNn5Y/wuo6gDmm44ortPZOX+4VC1ONgeAyZ7sh1T0HiLRbP7AGpHaSmJa0QSl84QI0HaKIhGum1viJhQpjoVxJGBYQ2qKeBS72jXFgBUOkl5fPGm/AVJwXJhhiPB3DEHLeKOA+csNLX2f+dFe88eudF1F1xqURnpSUXVT00L8un8rHrldgg7AWU+Ity4j9HX1PCfQHx5vCa1UsNx/j4QOmAwa1cIlwwvNy08BVCyfiz1gO2RAzqq9HwFVcuCOih3hjhUhruNHhIjkmOPh6Nx7qYmn9if+LHq9EIJ7RhB2Nq4OirWmGJ8KQVQilPwQT9VvWwuJFP0F/OgF2Q9qCcZFXzfqLu9bZpvDk8Rb8pB1CN9BjOnjBSgJr3rw5X97V6vBrgRn53fLzqRXV2Dzf0ja4YWv0CidHId/j+1ZETJjvNm8QbF39eFDZPvL8D5SQ/t0YM1rlfpTwBuRVCKZ9/BXvYXHejODc9Zeop5TWqzcZbbUu5XTPKxo0XWBQxLHsy5WA4CCf69nxbIZQeL+HXU5YnjVNVdZReB/SSciGbdU+4PMlqujum144a0e4UjT9h5ePoZYyXjqr/i2U2guNNB9hgeAxJACx8hVDKtS7z8edFVFwZDRcBo3tTvqD4c8wJyDDSFeO58aLguNY5lPHFcQMhjHwiSHQsxtNu0ALYaP7RdLbNld5pLvx8FlcBXq8WxnghofhlAlqdpPCr2b3Z+IyeoGSkA3JcmBxVxEZRMDyGXHpScYfP+XwloYMTdwprdzVeJRw2X2S8OVgnf6Nw1B1BbiYCgPVdhOzWaAqsCLu9pAC0v8p/6z8YY9MMKIApJHqtNgbHE0zHE/S6PWRZhizPsNLvozMucOXqDbRbOc7unkFbZFjptNDNJE4Pb0GcW0c7FxiPh8hkgVaeAXKCaTFFLnNICEjkyEQHcppDiDYwbUFOcoi8gzzLIbKs1BCp76WFAHIAKIwYLMdvhZAoJiN0c4nVTo7N/go2+ms4Oj7F6clpJRjOfZlyun39sPomgEJK3JpInO3wvhe9PsShmZg3bnohKOeoEW9LXOJfQBTtLjA8/YyX427HeW35AvTSlra0pS1taXeJZSubaJ17EaYHVwAAapUgWe4v1KR8yWNfuKuX3MwVQ8stmrsoIvtnuczuB2WZJBFpfkZ5Zzd39vYoanO5PRCLcbATGWitIOv12RvOYjIABof+gaBRfbRXkHX7kADk8U1IFNZxon8WAsD0dB9iOrJqZLaIjwMAshay1TMAgOLoundkmrwCiOETL09Fml8trFpImlSXWzWE2u7hdgu7fJ4VCObFyAxaoxcmnJUgVHwx+3Vuzbgyy91GNaJuiFh0hVCtH2qzNHcbvAFKILZiEygn+Ti8tr7Ni6i45f9EHjPjdCpZkJOkc/WicPdJmiBUpnm5kbtcse6NuCfG1bnqyVH1CKqKMsLLWXIp/VxlKIm+zfloCin61uiFiQXqtfMAj+Gzo5kXItjq0BcmGJQxlKQ7yrJ0YV5ZgEvwOsbpHtGz+isuEYzlRxB1uHK0riw8jidcmaN/kriP8Ib6UMus+lTxRrubxRVl9K/u8J11H4PKvJzUp4nMONFN2iymf1ovKYfJG6IhCFIwPDZg4gbsMb1bxHhVBYxqsWBAuVzpn9W80uXzxRv9jLcGl0BshXUVCQ5XikPHaWT85qwQSjmjY7XGp5TXQX12aZTCKJcuLsMBa/tCbR6B4col01GdhhYnuXiqW1NeB2PVL8tLx6szbpRY70ypUcVpD7a4oWONV8CXDE9EkPw4nq53XAMw+7UxAanjieGm6+c0p/VKHbOrJ0k1CKd6qcafarusiQijqniMVx0yjM74lXRsh0fHqbC5Tl2Xe9BwdPLlO2Y19G3h1qS7eZJbPK3Zk8ejrkr4PphXeq06huofHDf1IHJmMl6r9Qt5i8YEvebGq1pfVf9I1TvKWUsNeMO8bqeBQbhzDsKNcY/SNT+vdE0dYOpcI5SIjk9jv1ip6kPHq0qf6XjVQc4vVu5xXo1PS98JyhkkZ3cwVnymOguRv/qCk5ZnHUwoXoxXekflTH0IFOAh/YTveUQYVUqBME+9wLA6ljo+5carqah9ncbBcrt6odt7UT4D5GxPtqBfOocoEwkIZLN/ooAQ2ewcooDQ7T679slCIstmz6JPjk9xenyCVj7F/sE++v0+2r1VdKYCW9ubQCZw6Z6LKAZDYDJCr93C6dERTg6OsNFfQwEBkedAniHL28hbOcZSYjLJUIxyyFaGNoCsk0OIfPZic5EjzwSAYuYnIYFcQhSAyDJkUkAUhS5zURQQQqKdtzAYnkBORhByikwWaOdAf62LzfU+JuMRVlfK57NaMArSb4TlS/oh8C30cBYT1vey27evQxFjdYzTPSxxiXc3inYXxfOgHEucz5YvQC9taUtb2tKWdhdZ59yLMPz4f7O2mQ/SZtycaChNeuZjzfSe/d77aKlWmg5PcFSfopf7WU7QPaN/f5Mnhiq9qFZkUPkJRLjw49Y/eCeytZ1wo0kJOT7B5NkP4ei/fA/k6b6eDBXl//t/43vQeeh1AICDn30rJk9/0Ki2wJm3vhsAMHnmj3Hws2+tJldVGxImyDBz/St+AO0XfB4AYO//ea0RLDUx0ZTbaXMFm0/tDsWfRrqiCUW6wgnDjfwq75m8WpFKTQpZfFErFlAUYaQr1FQrhqmIiqBvxQgvGvtV7pRb+dtcmWCqt6h4swTQ5CHUhSM8kJ3m0eZXK+0Rrk8Xf8AW+0lC1VGqibYycglPQk6PY5iYf90Vw6wV/Ck39I3l5cs/kW7kImwEx5vEGxd/KUYKZs1RezlZ0QSu3gW5VCvqBVClozwFDcfHuIVRwYg4KBGF1m+Vq5/rs2od5jhFkr4uRrqj+TKhw1OsacG00Q5C9pa65XA9Pkh9wNYQBcMNVI6zOFyehI3Gq2ZjRC5gpMH1Cv4izKv4DTdravwF0ZMPOM4d0DgeqZEDdP8H0QOUzSfI+NVWAKVrlIf0Lwnp8bF8FRp6pvSZ4xrrOJY2kBNAYe6ucAsvX3S8JaNIQ4DhiJjxwlTZYHFu5RrWG71iP+XC5vOtEB0en8bQ0lOkc7eBAxwMDw7ABGI3oKnX22h8UV4XufxpjUj40BUEvfpn51CPN61QmQ+np5qnjE8pqnwoT0GPPqvi2JzsT/WXHq8SvqD7B+fsJFAWFW8a59FrAWN+Tm0Pc3O+sVYB6o7flJ7q8epsO/dBuoShe3X0NFWfg3qtSlu98gjFjTeMLS5hzC/AH28N4i89cEqgchLLrknzq/SUA0RtPJwbzzjcr29RnPP+NTaei+pr6viUG69qhJ9rXQbR6YpX8QjP8woaERGr6X4n4GLZM3IUGy/w8ad6LsP1c4ianORnKoTFkybsCToNVkNfSQdN/QUqrcdeHTVq551PVcVnuEpPuZO/B404inELU63e7YDf3YbR0zvFc+RMpHGdD8cZZJ5HuPNzHp6Cc45PY8j94pQqf/ovpKpmi3CRgK0usLql08EoseL7rQ3n3nx2UAaBWbvO+lFRcgmBrMwlR5YB7XaO6eAQGXKsrK4gFxPsHx1hLIEimyIwAAAgAElEQVS8V2B9aws7uzvIWi1ASowGA0xOjtERBXqdNQwHI+RbW1jpn8Hg5ABFJpB3OxB5jtFwjMHJGO3pEKsyQ68HrGQZxGgAIdqAzNHqZsgkIFqzVadlARRFgWI0QiGz2ctzIpvVWQiILMNoOkTWbiEbSeQCaOcCKKZY6XbQX1vBydEh1vv9Wazp+1fLQYQZY7JSew46GwD2XN8q66xBtDrAdIza41NuvJoyv+jZb32gvty/3P8XZL9od1A8j8t3t+yf15YvQC9taUtb2tKWdhdZvvMg7NtXdS8j9FY9maM47H9IgnY+QCGrWyl4sJDmSyDldgnny31BuMqB8hSUKj/FAXeFhRg30lnch+X5gqgm+2ImBERnDe0HXosz/9N/wfF7/iUGf/IL1W76NEEWxD3V/tY9r0C2/QCmNz8ZOKGs7ocBZBsX0H7Ba829affRc5n60r06Icel4vDx5iuU6OMpZxAxLv2cxYCDqxfACDdvIDSNTNDC/8ArWgoZRhUDmsPPmeZPj6+FxJsnj5iscOnKbdYzFk+zxlcoMfQRDbiU9nZpIyiHn3sxJQAM1HpnlCiFB3VXRlC5m3J4uDTvr2dcHaDn+yif14LxZgQQx0ECzOR0wkCjqodnxZJEHUvG6AomDE/Ua8S4tphguFxCGg95CJcVD4Y9Asg1TwhJPk1rp20effPlFb9s+SsQzDSwl3TC6Ar+lGu9TEAJY3yahiD5cDwZ6cA7gLYaePTVo3dRXpbE4Q1RFYcdL3DxqDd69I5yp8MZfO4a1LugcyvwefU2ZXw653i1cq+fV2EX5rX0gTZXVV2XL7Z16gxXgnJFw4cdH6QKdlMjehflzkmNBlQVN3h0BX+lZ5Q3RVkPQdJb3KiPxb0NbMQyPNzjNxLOhEv/6VLjzRd/Kq4oZ7EqkcMTauDtAXVvYEI9khOAOhjp8dHxbGx8qrqP1muG+/RTyrh71PGUo6GRPEh3djlJOl+8edCXbw1U9ak9PpDOP3gHhTpe9IQ1kbvP5u7LqS4SfZt/hX5PvhbC4qBcMty5DsG2hABPGh8E4029yFiDSx+nqMKhOjK2wuid0rco1p5wYgTKN4BR+ka5hC5/lR3DSTjURhlGp9vBz72W4ma7+klX02D2nBxxyKWDCiPpciu8ZglZHu24kRbiGiK5wQKY4KDaK/ZH9M+dT4W9nXIw3Mkf/u4X43OY0jMvlxWv3OfhCHyAIyXqftAY+7CH01ev3ibpG8ND41XvBYfh2mJ6yrQRp1uJ3SnYixLc47hrZQPIO6wKTIopjjsbRh1nf0IICGSz56+i2gsBCOVbCEg5e3Y8mRZQH7BMJlOMiyEmxRRHJ6dor6zg4PAQeSvH2uoarl69gvHxEc6f2UK310O71cG0kBBZG2tbOxgXBW7v38LNWwdo5S1krS6kyIDJGCMJrEzGOB2eot06Qbc7RH+9wIrsQrSmkJlAkQsUMkMhcxSFAAqJTp6j1WpDCoGpnKDdEiimBVAUAAQKSGStHHmeodfrIW9l6LRbaOUtTIqp1bACgMgE6HNg1R8gVHtJHHe2MBncQCvL4LWsDdleASajUMsnYefyi5GtM6t9FwXG157E9PZzqrBe1LW8g/t7L3k1kGUoTg4wevLRRvm3di+jc++L0dq9DDk8xvCJj2D09GOQ0+lCyt/avojWuXsBAKMnH0VxcgAAyHcuebf3Hn7N7EV2AMOP/xGK06M75r/l/pr7RQbkLWAyfn6W7y7aP48tX4Be2tKWtrSlLe0usvbZB2Hf4CsrJyLUXglkmTDu99U/Kp7yk1UITFjMvvwtt3uW2JAQEHQ7PT42ccFMYKStIFqlF15UHvTw8uGEEGFeub/A4Tu/tSTleYVAtn4B+dmH0H3kjRArm4DIsPYl/wTjJ38fxcGzbjOWyYWRDd2//jf+D+z/9Dc6sUHzUNZ/43dbG4S5n0FnQSL4uRlv9vzSor5wr7siE12ByeVJuOAVVyg6KzYb5Td5tZnhVi0DnO+mPBrmCdGwpbojOUNiUblQL5QbXJ0koHeaCzKBKxoieLT0VHUMykMYckAMUwPAq3eVXrJcykbxprTJ4iko/IgYT7WoAFIMB7gRjX7u0TdbblJXYGJQ63ENVOlLruqltnN8Bg2R8Z/DyQWLrnDo5SqXBcZbFNNqUw2PKA+hmVl0jok5gUjj3ApMlDsP1CgPoUqf+IAtqK+G0FAexEYOF6VOq8Nj3G2vaHzMG39MPLIYcY+XB43UiPb3aIGTSw7A1NeSsysyJehfCrL6HUEjvSq/2u7npRF9S+J1jGsuEeb1Wikeb0njhwBW5bf1LMbTBVmZMyA1+n0cq/Fqor42Ha9y6WNo6BddMZTllfMQ1U/uBiS5gRE05/B5hscpyMkZi3YJ3RXTIxW+w/evfIcX5enLEkb4nR+vguRXcdNzDk8VMDA8Zom3Z9z1lDt983ijODtxlW+E63k3VV5bz2Lzc7Wx7viNcE5PNU8Zn3LjVY3QXnK4YLjwcbt7WtyoFceBhm6ew5LHBxT1YSLMS8dUzc1xA1V6g0PnG+bN718TUd+/Es5g+i+QqOYkXDBc1OQ6fz58BGBNVykZuJPxl+p2fTjlTHaaM3oX5PDpJ4OC4QQR46kdvub4NNaAUX0t9U39L6x/Hr209NSDDaqj06vqGW0f1dea3d0JqJipiqnkdea3UEWeyxkUDTGSryqBd0XngN7xF8BErDkhwv2CHuVOvFGeEm9NMOAO1j2rmwjZ8aQAcuWO2Tg6y8Ts35i9HCykQCYyFEKW6z7PTigFUGAKKXIUWQ7RakFmwPHwGJPxAFneQqfdwcnhCUbTIxyfDnD9xk1c+9QzWO+1cXF3C61cIG+10eufQb62jfHwGNf2T/GJjz2FvRs3MZlMyl6fodVdwbndDayv5Fhf6WFncwub6xvY2T7FZLODVkuilQlkogWIHgrRwcl4jKPBKcaTAhlaQN5CIST6/R4wHaFVTLCx1sGwleNgcILB6Qlku4sCEt1WD0LM6g5IFJiW0qXua0xno5RUObveGfF1UhTY4F6ABoDOCsTgAGHFMQKo5GqBJCVgZ/72/4b8zPlgewMS4yufxO13/CDGN5+dLx4b4vZb/hkAoDg5wLX/+5tqpe9/wZvR/6KvQLaqXtqf2XqJ0/0b2PvZ78fkmY/PVc6NL34Lei/9fADA7V/4MZz+4a8Ft2//nX8MZLOOtPcz34fhYx/4tPt1iQFstSEn4898Oe5inNeWL0AvbWlLW9rSlnYXWevMfcg2zmO6fxX0JVz9gVXJi0JakzncCntFgfLmXVrpfWuNweBSFqhWsbVTzkY6asWCigfRl4953kLd5OkKhDGSX2Uutwdq1coLdr3MJBLjp/6AneA4/vUfxsbf/lG07381IDL0//r34OA//ENdfVoc6h7T8nMvRn7xpZhc+QiA6jzKTJ6fuQ/t+/6SW9uEkarzoT05gePVxGahcboQNBqM1s+/QAAdinu4JBl6OXuC+XCeCWnuBQqjvPwKOQYihir3BF5O0JjcKK7/AUnMIoHh6B38vErGcQ9KoPGKTUTvqnL5eXN9q4GW0CiOaruPK6Oc+LnO6bynb4IqjigPoUrv0W+juVwuGR4xegzHVd4x+XFQpffqtVopT4VTAofNVYtVvcbHGbQvqIkNxOgde8GKYPgCEcTKGzC4sV9Ko7gMV0dTrvWa6YYckuOq0nE8EIFWB6UFUG6zC8CuMKpQMpxDLl0iIpHrzpE6TuX0jnKdfYxj4cZ1ryCvqB/ruimWXwSVWcM1yXd/NgPlE4+PzB325TWgf6jDGZQSsRWhQTnJh9W/5CWhFoi1LqiqPlYLW1zpn3KoiqsZJ/rYON7oumPhFff4FfikcU306as3wKKYqmNJKNF8vMpgVa1Erq0u99g8ghLKsw56ilOX2/FWE2PVpv2DoKpHbLzgt0gNtW5VFfRzA5W+Ua5Q1sSQ/hqeivHgBbTO+NTRa+WrRF6zhUKWNj4g+qf0kXKVTEoSZzKMCKOqYxJXJ1bbEzpAVF9j41NuvGqVriGXSL5doeHhhIveURMXaVEB9GAsO09zU24hGN4EpXrxXfUHl6sJCM1LB1BeFdrHeUzVsUaYMD6N6bdTLqLPVbwx9dQ2LzfcQnnD+JvlIau8CFc6Z3Ej0xT9C6I09TkRVXrKlQKV5VX6HOURAYmPXw1vGOHv6h/Dg2c3miMVSTqjdEHutSbCoiym35RzOIc53aXUMcp5VM8JPBylKsiSyxD3PI+Qng/cA9yLCeM59hf2YuPT1PFqVIdVW/g5TK5uCCg3q93rB9v8qAAAgepjy/J6BaGvZSoIzNjQ2/IcGXJACBRTQOYC4+kUg+EQUg4xHhcYDPexffYcnn36GVy5chXT4RAXdu5Bu90GhMDW9hlcuucSev1VfOjxT+APPvghPPXkkzg9PgEgkGVtDIYjDE7GWF3toL/WxmZ/BZcvnMXFs2dw+dIuLpzbxNpKG2u9Dtp5F4PhIY5Op7h6cw/Xbt3Cc7dvY2/vABMIrKytYXdnC21McWF3Gy958H6MMMHB/hFGozGyrIVWq4Vut4PpZAKRZ6U+eDqt4RT1AYKEtA49ljns13Vtk3mvGs9WmZE+TQRL6SknYKwJtC8+iLPf9mO4/m++A+Mrj1vZfroQicdpzHPs/g/fi879n8VVDACQb+7i7P/4Azj5o1/H7Xf96B0rJ91O7dPtzyWGEXn7eVGOux3nseUL0Etb2tKWtrSl3U2Wt9HavAfTg2ve3ULfBJf3Y4JZqUG6ExdZRrYbeXIP3MrbYzd/oVaWUplUXO1XN40W1/lU3KqR2tTkgVSNB1SCcnaFBcv7cFZqMPI7fNe3Y/vbfhMQGfLt+8u28eRjfFU8y4aeB+i/6W3Y/6m/Ux1PXihQk639N73NSSt0xsapUxEMp8Y0H22uIHeT8SgYzuKcK0SlrFhAMcnBJYqGqPqQbxLLwzX6VsyJoVXqCBd+Tqvr8KaWHDgGJmSnuZIiYfMoqtMJz4RwiLMP3Hg0Izs6QcytmBVDLn0Ek1YIo0j0tHK/hwuGCx830Jvebnsvb+KOOsYVgEEdn2C4R+8sLoXZHGncmx+DRoe3uIhzC1P1dMF6ba8HY/Jyv9I7XVyGg+GOnhJs0j2t8kasZryxmGrO+GCmY0GepJ+JKOqjGelRfb0TL1AFUFjju3ReRbdf/+rGn4XV6ZKHn8rY8cGi409zpQMguoCy+QwFoBxp+tcIY/kqVPpscFUPpdcOLytDeRKy41KEuTZBGOGkfdwVHz2oktSIN6e4EXTi0Vsbj0XujyodCHBvBgw37reBavyptnO8to4qTBif6uMpR8ILDo0Eh+qk2VqEmxMgJpeAb0Kk7vW2abyx3asupgz/zcI649Vw/03u/0yHqlbgKzkIL3WL8ka/aJKCVH8T9FrVR6Xzc8Z/keuPy1HLYtfT2nIew4bjBZB8Km7rmzMfR/SO5Q3HV7HxWzVeNbiR/k6MR73pA+epfEk/SLe5q3clZ80TkFEBZDBwhiCfZ3yagon3d6Acfh510B2eb3T0VemvsHmdXzDx6qiDZXFZnQbLTU+F5mtT3Fs3/mKWdH2dK/5iqO4DCQfDqZ7S+8nIfN3c96815x9r/wJVk/Gpro7Sb+0N2J8beLjRoLQ7BnnVAPWsyWUsYE5xaHeKxp+pJh6OCE98DgGTGzmYke3F5AFP5PjUHkvKy/0ClcVhNleEC4abp+32dYl84TBAa1aG2f8gRNluZR5mG7rhM+sjBcpxggDGxRRHpyc4OTrC4cERJtMC06lEu9vDwe3bmI6G2NraxPb2Nrq9Lra2t3Dh0gWsb67jmavX8Icf/CA++dTTmEwkumub6HRXIKXA6PY+hoeHmJxMcTic4sb+ELcOhnju+g0cHu5hPDiHi+e2kW9toMjG2LtxjGeu7OH6zVu4sreHT928iZsHRxCtDjY2NjA8OsLu5joGK31cv7YHsZJjNJ4CyFBMJXorK+h2OxgXBVp5PvN+6VShNLb006ytoe9Pheaz3aeiDWDieE97sd0tfR/RxyhWdvOnvgvTW8/p3Vl/E517H0b/dV+NbG0TgMDON74N1/7l342OaxeOZt0T05352v/devl5/PRjOH7/r2D4iQ9CZC10X/gKrLzsi9B58GUAgNbWuZlHGpbTLKUwysltH3zsD5GvbQECmN6+nlyv5ztufeW3YuXlf0Wvbl3LZIHTD/8Obr/zh0r+matH1mrP9Ot54te7Eue05QvQS1va0pa2tKXdZZZvXgSeqqawzfGEnI3sZv9WG8r96viiPEJKM40HdaY2l+X/pABQSCATFbdQaq6+6rbyTeTwcAkYL/1Km8uKBxEGSqDJigp28ciKCuX/NZ+MUJzeRra6DdFbhzTKb2ejVlyo8qWWb9+P1gOfi/ET7/Psn/k9P/cQWpc+u9xUACKrvDUrqI2Or8V83LuiiTqXuRKI8HMYKOdYkaQhIsa5lUv0ygWq6p4JWumZYI1xlZryBaGKAf3BeYybxoVD8IR32Gj3iiFNS8orY1wlpZxFWY+X/bySORnESk9Vf/dwBm19q3SN8rkwVacZvVZ+1yswMtwJWG8Am5YSnAG9k4ncDDA9MUB4CKsKg1QYdXSMxdgKJqEVTZQOU25g1Y9U+Uv3UO4IRvXAKdAaLo+HvY2mt5SbKQ+hSk+5U5swZy1V13yZcQ6rg4s2Ut7oyqJUH1kuyziriWZ6DyKRGxWwSuYbr1ocATR0jkfYHCD5hLkyNj6D8cbpnYcr39TtYIseAXEXeAbpONDS14WMV5W7GnK7u/jC0Obwc7N5jOrF+WJbx9VlGUZlDld1fL7oHeUaZZibGQQd5OepOtYYI+NT5zgzvVHe2C8NODcoqPTM5u5+td3LJcMl5T5UL9yoeFMv1ij5crnSP83LGgi4NVpIj4roG6uLqePTOfW6im6GSz+vxqURbngyxR0Omuk9iETuMxVHinDc283RrHl0+kT9VhbjTsVT0XGIx0FWwQhPbomGKMMoKTfTSzQfjyaOT+PjV9hcF9fmvuuQ0xxlHOkco/FG9JHqZTIPoAyj6sjeFUXn0bc7PT51BIjh2jzc08EXP79VE9O6lTteVf8THs6gqr6Zx4KvrnPPN3DhxIaXstr6F+M1G4beYMCoKOUhjETM3OPX2PhUV0elQ5Xe6o5+7vQjlZ5y+MyOSKVrQS6F4b64/nlfCKc8hCo95fDoaYA3Hp9y41Wng8cGOKpDqcMJX5Qx3YnlJlXVpDyEKr2qZ7vnK4bG02y2CnMmBIQQECLD7AVfAUCU7+CK2cvVghRUSIjy+aLIBJBnGAyHOB0McHBwhKOjY4wnBTqdLvZu3ES33caZzXW84IH78PDDL8Fqr4t7L1/C7rmzGA5O8dEPfxiPPfpRFNMC/f461te3sL6xhWkBZK02jk+HmEwLjAEUaOHGwQijwQCT0QCdFrC+3sfOTgejSYG9Wwd49plr2Lt1gNuHhyjGE2yub2D9zC7O7ZzF2c1NnN1ax86ZLQg5xdHhMUajCSAySABbW5uQUiLPchTFtKyyJO/xGQ0088IsysWsl6qIH2ZdhF6AlnnHr5+NcGaT/RuY7l+vNuxfx+iZj+P4D34FF/7pT0N0esjWNiFW1lGcHNTX+XlRlTrh+O5Dr0TvJa/WaQ5+5d/i6L2/YNf3A+/B8Qfeg859D+PMV/2vuP3uHy/7TLPymaWURjm57Xtv/xfw2qfbrwvEbG0DK698vb9eKSYyrLzsC3Hwnp/G9Pb1z2h9ZNmvnw9+vatxDlu+AL20pS1taUtb2l1mWf8cINQtljIJewrPd1/vTmDAmMCYfYXsTlDQqefZySuUUk1+29tNpF/sR1Fn6uEiviKBeplElP9XnmJ5OTmn6sGuEErQdnjVAnS33p61dAZm9axjBdlkkPET70P7gdcAEOh/6Xfi9k+82VOQWZp1vfqzxOhjv4nOi/9alR0pqCTntKfXKq5bSa3IQbluhgRu5Zu4ApOB2o8h7rRIIs654ortPZOX+4VC1ONgeAz93dJBq3tb5Q9zPuAj2NCSVgilLxxYKhZ5gCYaopFenSlpQpjoVxLW0VOugZUYEC6sALCvNK5+No834StOCpINMR4P4Ig5bhVxHjhhpa+z/zsr3nn0zouou+JSieyKSxWqemhelk/lY9crsUEcBDme4cR/jr6mhPsC4s3hNauXGo7xBT+UDhjcyiXCBcPLTQtfIdQcd6Zinfxj+mo0fMWVCwJ6qDdGuJSGOw0ekmOSo49H47Eupuaf2J+sepmFjy5pxfT3uhVkauDoq1phifCkFUIpT8EE/Vb1sLiRT9BfzoBdkPagnGRVcw667vW2abw5PEW/KQdQjfQYzp4wUoB5719L9K4QSrmR3x0fr3pRnd3DDX2jK4ZWv0BiNHLNeEsPHIJ+6vIm8cbFnxeFzRPv70A5yc+tEYN17lcpT0BuhVDK51/BHjbX3SjOTU+Zekp5jWqz8VbbUm7XjLJx4wUWRQzLnkw5GA7Cib4931YIpcdL+PWU5UnjVFUdpdcBvaRcyGbdEy5Psprujum1o0a0O0XjT1j5OHoZ46Wj6v9imY3geNMBNhgeQxIAC18hlHKty3z8eREVV0bDRcDo3pQvKP4ccwIyjHTFeG68KDiudQ5lfHHcQAgjnwgSHYvxtBu0ADaafzSdbXOld5oLP5/FVYDXq4UxXkgofpmAVicp/Gp2bzY+oycoGemAHBcmRxWxURQMjyGXnlTc4XM+X0no4MSdwtpdjVcJh80XGW8O1snfKBx1R5CbidorCNko71rtqV6E1m4yfCaVT6WE/phIoHxJWAKFRAYBOZXIRI5ebxWTk1N0uytod9rY3d2GnE5wz6WLeOhFL8RKt4PNjXWMRmM8/onH8ZE//iAOb93E2to65GSKLBNYW1vF+sYmNjc30O7mePJTn8Lg4BRZu4XxROBwPIEoDnHx4gjo9LF65iyyKZA/e4DD4yFu7R/jdDDENJPobaxhe2cX58+exwPnz+Pc1iZ63TaGxQmGB2NkWQaRCaz013Dx4iUAQJbnmBZF6ePqfmd2n0L6q+WfKv5HeReQx2wbiFa79HlYgUKPx6m2mKFvXV4nYwwf/xP0Hn4NAKD34Mtx8uHfto/LMnQuPYTWuXtRHOxh+NSjwGjQXJcJUp/Fjl9//dfp48dPP4aj9/4Ce/z4qT/FtR9+q6UM9LjWpReiffZeDP7s9yEHJ7XLWbf8FLMz59G97xFM9q5g/MzHIIsieLxYP4OVF70Kg8c/hOL2c2nnyXO0L74Q7fP3Y3JwA+MnPopiPKxVzuL4AKPHP6RX1W5ioyc+MlsRu4GfForlCtaf8XLcxTivLV+AXtrSlra0pS3tLrN8/SxkAainIhLqJse+aVIPgcyXAGdcHefy2cSQvT8Nhc1VPnWQ5is9XBjbk78wc7k9EItxsBMZ1EITHPnaLkRvHQBQnNy23ESLaw0Yjf1yeITRo/8VnUe+DNnGBbRf8gaM/+zXrBoKAPnFlyI/92IAwOhPfw1yfGJ7wzMyTV4BxKirl6ciza8WVi1E6yNVjNhPUF1ut7DL51mBYF6MzKA1emHCWQlCxRezX+fWjCuz3G1UI+qGiEVXCNV6pzZLc7fBG6AEYis2gXKSj8PrdqA5e1BlHsFJ4TEzTqeSBTlJOlcvCnefpAlpZZqXG7nLFeveiHtiXJ2rnhxVj6CqKCPcGB/4uMpQEn2b89EUUvSt0QsTC9Rr5wEew2dHMy9EsNWhL0wwKGMoSXeUZenCvLIAl+B1jNM9omf1V1wiGMuPIOpw5WhdWXgcT7gyR/8kcR/hDfWhlln1qeKNdjeLK8roX93hO+s+BpV5OalPE5lxopu0WUz/tF5SDpM3REMQpGB4bMDEDdhjereI8aoKGNViwYByudI/q3mly+eLN7rOWA0ugdgK6yoSHK4Ux3f/aqCzQijljI7VGp9SXgf12aVRCqNcurgMB6ztC7V5BIYrl0xHdRpanOTiqW5NeR2MVb8sLx2vzrhRYr0zpUYVpz3Y4oaONV4BXzI8EUHy43i63nENwOzXxgSkjieGm66f05zWK3XMrp4k1SCc6qUaf6rtsiYijKriMV51yDA641fSsR0eHafC5jp1Xe5Bw9HJl++Y1dC3hVuT7uZJbvG0Zk8ej7oq4ftgXum16hiqf3Dc1IPImcl4rdYv5C0aE/SaG69qfVX9I1XvKGctNeAN87qdBgbhzjkIN8Y9Stf8vNI1dYCpc41QIjo+9f1ipZmPqg8dryp9puNVBzm/WLnHeTU+LX0nKGeQnN3BWPGZ6ixE/uoLTlqedTCheDFe6R2VM/UhUICH9BO+5xFhVCkFwjz1AsPqWOr4lBuvpqL2dRoHy+3qseODVjsYE6PMs18AdAVoQH04N2tzIQGp2n62F7KQ6GQ5puMxpJTI8hzj8QQiy9DrrQDTCXq9Du655yIuXryAdp5jNBzg2ac/hY9+6EO48tSnIApgeDrEaHKAcQEcnQywsbmB3soqLt97CRASn3r6Kg5uH0PIDAUkhpMCw4nA2sYuds5fQjEaY2PnFnYvXsQEOTonJ2jJKVobGxDdLk6GQ4wGQxTTKaTMkGfAxsY6Nrc20G5fw/b2Nra2tkpHS2RCzMKnfBl8xqXZHMR/6oPO2QHjvBtaABoya8MSt4CxOsZfprwIz/bVV30x1t/wdcjXt53zjp74CPb+/b9AMTjRx5//xz+FfP0MAIln3/aVTn4X3/YOiFYbcjTEle/72uj5OexcfpE+/tb/96+S05mY71zC9td/J1o7F4HyZVgAKE6PcPrh92L/3T/uTceVk24/9x0/iXxjBwDw7Nu+Qm+/+L0/D0Bgun8Dh7/x/2Lzb/5DCLNPFlPs/8q/xfHvvts5z/ob3oK1z30Tst4aAGATgJyMsf+ffwLrr/8a5JtnnfNJAJtf/las/Yp8uBMAACAASURBVKUvtuoJAMXxPm6/60cxeOwDyX7be8cPYPebv3/mt5o2uXkFez/7/UnnudOILKt1/BLvDM5j2QLyWNrSlra0pS1taX+OLO/vGDeisz9Z3nqaf+Uh1os3Ko3eYXAHUaEkHOW/9H4p7f0C+hyKS8JBUdRANEBUXJgcCVz40TayX1SYdVaw8XU/rtNMnv0TowlIPqp82j32/uP3fD9QzO6i197w7bqk6g8Q6L/xu2cHF1Mc/9f/i5Synqs11vgDSctxC8FwL5I1BZyQcn3ocKsbqMJRbrS1j4cwoRYsRmKZrlAjSIOJGJK+6EeyHwyHnwvNS52CrTEihnX+aJqUc4DhRl1YLmLo8WHZOey2YLjRptzqG04swM+TMDWmSV9IRdXnHI4AVyWkHAk8rRvZKGwUIQ57W013lBFV44+kpU3gckHK7OpdkGsfBhAMT8FY2/saqI5zOQclourzdoS5XNfK0DWXUwTp+w0QLgrK4edJ/6VqqInWHzzbqj/lA4ezPvTwehFno2C4gaBc+HkScjEdQm2CQWO/sLmwDmW4IKcUNRANkNRAhLiwtzXS2OCfrY+i9EmVh83h4+X/zeiinEWRgILhKWg4P8Y1Oi0UQBUIlHsDyuVKx9Qfx0N6F0XMgSKOlXYRHtC9anwKS++SuPVfuBYQDBc2D6KogaiPKnZUz0jlVcyqTQwXDHfEhf4JIy8/0i6j/uktng/pKUQDFGEUJgflYb2rYkf91eRWDCeiqBAxjgYIhqegcFE5uuJkv/5L4GB4CGv8Oa1F8krRO68uc4gGCJMrpv7Fc1PXKs1EHEUNJDEKErtejmp77YgTDdDRZVgcJgfD4XKNYHiK0bwiSEOc46a+eXkIwXCYbcFw3dYx7te3KNIYTY1pE8EjYtyjd1EUFAXPYWqLn1NtUn96f52/mJb6sMafAMMR4Ki2u62EME/0ocVJGwSvtTRmuZg2EQxPQRK7SOGmHnsRFQfZT/qql4PhoNyDBolxjXX+aJpogTxlMIzjlQ8oJviQtoGXMwgXnViAnydhakz7+kICAgxHjb5b1TDCZ46NYt4JtvXE9wK0eYzlCwEhMsv/rSxDBoGWyJCLDOura3jBfQ/g7O4uOu0uTk8HOD4+QSELZLnA2toKdnZ3sb6+jlYrx9HhAT75+OP4xMc+htHpKTLRwmA4xv7BEZ65chWP/tmf4ff/4AN49sqzeOD+B7GzvYPdM5s4v7uFXExRyDHGxQinwyGmBSBlhna3i7MXzuGlL38pHnzhg2j1urh68yb+5LE/xR999MN46pmn8fHHP4FH//RRXHvuGoAC3W67fAl6CxcuXkCn00aWZbO/PDPqX/6pNqPXBCG0b9Wxk7INWMvzKtZrxhwdn+q242I6z9F9QbWi7+iTH4IA0P/CN2Przf/I+/IzAHQeeCm2v+G7K/kRwnqR19RLtV8LQ5Y5euorJ00vALTOnNf5yMkY05vPsn3Vl14IgdbGDs5+yw+hdfay81JwttLH2qu/DGe+8lvt9GYZSf50+wwz73aVIt/Ywdab/5H98jMAZDk23/T30LnnIev866/7aqy/7qv1y88671YbW2/+FuQbu97y9T/vy7H26i8z6lm9epqtbWL7G74LnYsPJvtPnh5h7999L4rjA9Sx4vgAe//ueyFPj6Lt82nZb6wA/Rk5/3K/EyN1bbkC9NKWtrSlLW1pd5llK1tQqwqYpj/QVVwCQLXuQFFUqxJW++F8QVoUs3zoF1sFZgMaWW6sVpgyuITxBTLhKMtsZoJ6qFc0ANwVFmIcNVagUecJodkCWY6V1/69Mj00iv4u8jP3oX35lfpGRE5GOPrl79P+tvIxyltV295fjE4w+ODPo/eqr0G2uo3Oy/4Whh/6T3p/+75XId95AAAw+NB/RDGyf3JJ5y0iOJepL92rE3Jc6tjw8eYrlOjjKWcQMS79vNEKo+WKCQ4vVyAIryha9ydXGZRhVDEQXQDT3/zp8bWQePPkkfoJqu/cqhkpN8ofX6HE0Ec04HplKWlzIuChFf1ZTAkAA22941e0oTyou9EVwuDn8HAJo39Ia8Elfc2jfF4LxpsRQBwHCTCT+1aQUhdlAUvnQPQtpmPJGF3BhOGJeo0Y1xYTDJfPVo5huLMCPoMIINc8IST5NK2dtnn0zZdX/LLlr0Aw08Be0gmjK/hTrvUyASVqr4AKkg/HkzG2JJUzXtWe0TqnuUfvorwsicMboioOO17g4lFv9Ogd5U6HM/jcNah3QedW4PPqbcr4dM7xauVeP6/CLsxr6QNtrqq6Ll9s68y94qMyGj7s+CBVsJuaszRThDsnNRpQVdzg0RX8lZ6lruAfQ1kPQdJb3KiPxb0NbMQyPNzjNxLOhEv/6VLjzRd/Kq4oZ7EqkcMTauDtAU1XjPchJwB1MNLjo+PZ6Ep7pSfoinspK/BJGXePOp5yNDSSB+nO9X4xp3a8edCXbw1U9ak9PpDOP3gHhTpe9IQ1kbvP5u7LqS4SfZt/hX5PvhbC4qBcMty5DsG2hABPGh8E4y1hBVHKZcoKoyocqiNjK4zeKX2LYu0JJ0agfAMYpW+US+jyV9kxnIRDbZRhdLod/NxrKW62q590NQ1mz8kRh1w6qDCSLrfCa5aQ5dGOG2khriGSGyyACQ6qvWJ/RP/c+VTY2ykHw5384e9+MT6HKT3zclnxyn0eDuaXIlE9j6iFofwMB8R47fFpnfGq94LDcG0xPWXaiNOtxO4U7EUJ7nExt/IByXcqumXdyjgSEkKYz6kw842YQr1UXQiBTGY6/0JKQI7RyYBObw33nrs8e5F59Awgcty+dRsXz59Fq9dCq9PG2moPQkgMhqfYPzzErVsHGI0K7OxcwEi08dyNPXSyFmSWo50JjMYD7Fy4gNd8/ufjhQ89gPf84n/C5HSIGxsrePLxJ5CNBaaDCU4Oj3G4f4CtnT76Z9dwMp3gxh/v47nDYxwjx9XrtzESOV7zl1+D4ekJPvbk4zg9PUR767PQ7++g1+9jtd/D1tYOINsQmSxdUsZq2Uj65VZh+M0wNRZRcSXz8CrcEC3n/rg5lll2ViB6q5pna1vo3P8I1t/wFojuCoDZisDT430AwPH7fgkbX/KNKE4OcPTeX8Dgo+/D9Hgfa695Izbe8PVAlqNz38PINnYwPbjpBDrVy+h+sh1M+nznkj62OD1084+kh5TY/Z//FUS7CwAYX3kct9/1Y5jcuobVV74Om2/6+7Pn+K98PSY3r+Dwt37OKadkyh/a7ghBqS+Hv/kOnHzgPeg98hqsv/7rkK3Ofh16401/Hzd+8jshMXvZfP0Nb9FJT//kt3Dwq/8ecjxA//P+Fvp/5Sthzpua59v4sm/SW2+944dw+tHfgWj3sPrK12HjS74JkFOMrjxuFDbuv8neVey9/Z9j5+/+nxDtyMv8AOR4hL23/3NM9q4652nSfgvZrzZ/ps6/3I95bfkC9NK0SUhIOfsr9L+Lcrt9rBCAKL/QykT5NZPnwr20pS1taUt7/lnW2wQE9ARwJmBMNKjbsOpf9L4/y8yJC7Xd/Yk/dePrnbAQFZ8VJhHp8bGJC88Ehi6pUTEhPdxIL7yoPeTy8uHE7N6C56atfME3R9tODg9x+K7vAAaH1gMBy0S5idkvAJz8xo+g+/I3Q7Q6WPur/wtGxgvQ/S/7Z7N/TMc4+fUf8WVf5cmgFPZpaTGcVrLdDylFnFv5cJxB4eKs/ITD5UmoHFAHa+QvBMOFzavNDLdqGeA1uykNb28MhSzVHckZEovKhXqh3ODqJD69I/opBZnAFQ0RiRPCqmNQHsKQA2KYGgBevav0kuXlhHLdeFPaZPEUFH5EjKdaVAAphgPciEY/9+ibLTfMfiSi1uMaqNKXXNVLbef4DBoi4z+HkwuW0I5CGU8ernJZYLxFMa021fCI8hCamUXnmJgTiDSu9E3lI+HnzgM1ylMeqCU+YAvqqyE0lAexkcMFkh6wcdnZLePn88YfE48s1hzOe4bH4RrR/h4tcHLJAZj6WvJS15Ru1NK/FGT1O4JGelV+td3PSyP6lsTrGNdcIszrtVI83pLGDwGsym/rWYynC7IyZ0Bq9Ps4VuPVRH1tOl7l0sfQ0C+lz1FeOQ9R/eRuQJIbGEFzDp9neJyCnJyxaJfQ4bEK3+H7V77Di/L0ZQkj/M6PV0Hyq7jpOYenChgYHrPE2zPuesqdvnm8UZyduMo3wvW8myqvrWex+bnaOOd8I6enmqeMT7nxqkZoLzlcMFz4uN09LW7UiuNAQzfPYcnjA4r6MBHmpWOq5ua4gSq9waHzDfPm96+JqO9fCWdQ6Zs63hnfevTO4oLhoibX+fPhIwBrukrJwJ2Mv1S368MpZ7LTnNG7IIdPPxkUDCeIGE/t8DXHp7EGjOprqW/qf2H98+ilpacebFAdnV5Vz2j7qL7W7O5OQMVMVUwlrzO/hSryXM6gaIiRfFUJBNEzyoPjU8pTsOaEiB6vlsbN1zrxRnlKvDXBgDtY92TVyrQ+k3rl2lkiKVHet0mY9x/6X2UnEZCQQkAWE4hMAHKKXEo8+9Sn8J5f/M8oWgLttVV0AByfnmI6HCNf6SDPcnR7K4AQGE8mKKZTrK128ZIXvRAXzp3HrcNj/M7v/T7WNrZwz/33o7+xgW6vjUceeTE6YohzG118+Zf8VZweHeNjj30SGJ7i5nPXMR6e4vDgAOPxCEUh0co72DxzBi//nFfgzIV78PErV7HxiU1sntnCIy95EVYF8NRHP4r11S6mUqLV7qDVbqOQBTqdLvJ89rrdpJgiz3PIQupGluWiYsrvjk9h6JeEfgmdNSFgvXCuPU64CiDVArIshxIww85+yw+FzwmJmz/9vdVZxkNc+8FvRnFw04q74//28+g9/Lno3PtiAED3vkdw8uHfdurti1dufyydifnaZlXiwUntftO59EK9inJxdBs3/s236/3H7/slTG89h+1v+C4AwMrnvB5Hv/Vzjcvv227a7f/4r3H6h78KCeDkfb+EYnCKM1/1bQDKla7LdKuveoNOM/jI7+DWO39E53f4qz8DOR5i/Q1f75wP7a5ecK04vI3Tsp3k8AQn7/slHL//V9DeuccpdwqOn34Mt975w9j+2n/ixJplUuLWO38Y46cfa3SeO4b6WvU8Kc9diPPa8gXopQEAJCQKKTEtJpgUU0yKSfk3xbSYoihfhAZmF2IhMrTzFnqtLjp5G+2s7UyuLm1pS1va0p6fJrprgITW9ULffJfD7OoOdfZ/Wd3QzlBaqO/n1PEg6fUW77fvxnmK6uZNAqEv+4VvP5OvRvMLMkG4D2P5kXqa3B6oVSsvqPJqbiUr4JiUkKNjFEfXMXrsN3DyOz8JIxuNtDjsfvUAURY4/d2fxOoXfQtEdx29V78Fp+9/OzoPfgGyzdmNzen73w45HTkDTu3qyEjV+dBel8HmGiPN4SBNPw8aDUbr518ggA7FPVySDL2cPcF8OM+ENPcChVFefoUcAxFDlXsCLydoTG4U1/+AJGZRubADjVv5iFc3yWOpY7VQpSd6V5XLz5vrWw20hEZxVNt9XBnlxM91Tuc9fRNUcUR5CFV6ylXRy/I6XDI8YvQYjqu8Y/LjoErv1WtJxgUJHDZXLVb1Gh9n0L6gJjYQo3fsBSuC4QtEECtvwODGfqV3EsaLEoSroynXes10Qw7JcVXpOB6IQKuD0gIot9kFYFcYVSgZziGXLhGRyHXniDqYoM9vJtfZxzgWblz3CvKK+rGum2L5RVCZNVyTfPdnM1A+8fjI3GFfXgP6hzqcQTl7aBhCUE7yYfUvFe/4eFXtZrjdwhZX+qccquJqxok+No43uu6YwSUQW1ldnVj/4kRZB1dfvQEWxVQdS0KJ5uNVBqtqJXJtdbnH5hGUUJ510FOcutyOt5oYqzbtHwRVPWLjBb9Faqh1q6qgnxuo9I1yhbImhvTX8FSMBy+gdcanjl4rXyXymi0UsrTxAdE/pY+Uq2RSkjiTYUQYVR2TuDqx2p7QAaL6GhufcuNVq3QNuUTy7QoNDydc9I6auEiLCqAHY9l5mptyC8HwJijVi++qP7hcTUBoXjqA8qrQPs5jqo41woTxaUy/nXIRfa7ijamntnm54RbKG8bfLA9Z5UW40jmLG5mm6F8QpanPiajSU64UqCyv0ucojwhIfPxqeMMIf1f/GB48u9EcqUjSGaULcq81ERZlMf2mnMM5zOkupY5RzqN6TuDhKFVBllyGuOd5hPR84B7gXkwYz7G/sBcbn6aOV6M6rNrCz2FydUNAebKeVQeI8iVcod7sJSYg9OECAESG2e8DAy0ICBQYHe/jo3/8AVx98nE88NAL8cC996KTZXjiqaew99xz2Np8IaYF0F5ZBbIc7XYH3W4b91w4i97lS8gh0BIjvO61r8D1Gzexmo/wgvMb2NzcQD8b4+jZT6LXznCu38KV/VOstqa4fGEHGJ9gNDrB9WtXMDx9KSYDiXEh0el08ZJHXozLD7wADx0c4As+7y8DQmB9rY+1bhv37G5hfbUH5BLjcmHIyWSC1dVV9FZXICGRt9soplMgyyAEkJe+ELKIureKSeVr169VM0hbg2LPV5SecgIWsPG1J3HrHT+IyfVPWblPD25WB7XayFc3IDo9TK5+Ur8AnZ+71y6GXTpWjlK3U5zcfk4fm62ux/WfYPeR1+r0R7/7bmf/4LEPoBgcI+utobV1bu7y0+3aiilO/vBXrf2Dj7wX+KpvBSD0at0SQOfeh/Vxt9/94855Dn/r57D+177OEmcJAOMhprevI986i2z9DM6+9Qdx9NvvwuBP3wc5GQNFgXHZ5nX9KAEMHv097P/yT81WzWZs/5d/CoNHf8/xwxKXOK8tX4C+C01KiaksMCkmGE1HGE3HGE1HGE5HGE6Gett4OsaomGBaTDAt7BegsyzDemcN5/tnsdXbQtbOkYnwl2FLW9rSlra054eJziqkEDBVW2K2EjSfiN4HC+t+H9KdyFD3aXW+WC5vj1GtNAUvr5ZGqPZXOQDSyLGqoTHIl3L2tbHa3uQJYqAmgnJ2hYXSiin2fvgLox6a3ae4Kz7YbaVWS1Kn8+yXEoP3/TRWXv3fQ/TWsfL5/wCDP/gPWPvSfzrzz/gUp+/9CcOjVR5CZ2xsTkUwnBrXfKS5gtxNxqNgOItzrhBVZ2UthUkOLlE0RNXilMPPNfpWzImhVeoIF35Oq+vwppYcOAYmZKd52axqY3IYqNMJz4RwiLMP3Hg0Izs6QcytmBVDLn1MB4kec9xCRzfNaCZcMFz4uIHe9Hbbe3kTd9QxrgAM6vgEwz16Z3Fpjw+ar+jPoNHhLS7i3MJUPV2wXtvrwZi83K/0TheX4WC4o6cEm3RPq7wRqxlvLKaaMz4oV50J8ST9TERRH81Ij+rrnXiBKoDCGt+l8yq6/fpXN/4srE6XPPxUxo4PFh1/misdANEFlM1nKADlSNO/RhjLV6HSZ4Oreii9dnhZGcqTkB2XIsy1CcIIJ+3jrvjoQZWkRrw5xY2gE4/e2ngscn9U6UCAezNguHG/DVTjT7Wd47V1VGHC+FQfTzkSXnBoJDhUJ83WItx4ocDiEvBNiNS93jaNN7Z71cWU4b9ZWGe8Gu6/yf2f6VDVCnwlB+GymksxeaNfNElBqr8Jeq3qo9L5OeO/yPXH5ahlsetpbTmPYcPxAkg+Fbf1zZmPI3rH8objq9j4rRqvGtxIfyfGo970gfNUvqQfpNvc1buSs+YJyKgAMhg4Q5DPMz5NwcT7O1AOP4866A7PNzr6qvRX2LzOL5h4ddTBsrisToPlpqdC87Up7q0bfzFLur7OFX8xVPeBhIPhVE/p/WRkvm7u+9ea84+1f4GqyfhUV0fpt/YG7M8NPNxoUNodg7xqgHrW5DIWMKc4tDtF489UEw9HhCc+h4DJjRzMyPZi8oAncnxqjyXl5X6ByuIwmyvCBcPN05YvdfvDQcxe5C3fBRIQqF6Erg522xF6LCEyIBMFICcYnR7h8OYNnN3axN9845fizPnzyN//fnRaOZ56+mk8/ewzOFuMcPPmDWxvbaDT7WBzcx2Tw3VgNIIopnj4ofuwubmFJ558Cs89dx2tyRHysUBxPIQsVoBxjqKVA6NTZNMxVrpt9HpdnJzs48b1a7i9t4ezu+eA8sX6PMsgxATdfIp8tYvV1TWsrvXR67TRbgl0OjmKyQhHwxGEEBgOhhiPx7q9JSREXvpHZDOvSeWctA4rZBE5Vul2RB+jWNnhr70d09s3qt2ywPjqE5jceBooipmel3VU+r3ysi/C+hu+Hvnmrl5J2KlLnlfpzO2+6wG3P5bOwOnNZ6pje2vR4yl2H/xsnX5y5XFv+uLo9myV6CxH++xlTK4/bXlTGOVM3U7Hy0W5erVVvvKlZGQ5IDK9P9/cnSWSEvL0yE0nJYrhiV7Z2tx/9FvvwOZ/9y0ABNqXHsSZr/n22fmPbuPwV38GJ3/067X8R/Hk934Rra1zWPu8L3di4/h3342T3/tFb3k/40jbZYmffpzTli9A34U2lQUGkwGORse4NbiNW6e3sXe6j/3BAY5GRzidDPRL0Gol6KksoL5QF0IgFzkurV/A51z4bHTzDrp5B+1sGU5LW9rSlvbnwbJWZzbwhX2rU5CxhTXOkNCTghJAtWqVMTYnXN9SSWv37LwS/oUbCjl7E1vC/XK/zEHlIwgHw+HhEqhWWChzFkaFFA8iDJSVT+qsqGAXj6yooCYGIpzWU0q14kKVL92v7Pg3fwT9N343RHsFG1/748j6ZwEAJ7/9E5CyUI4iXpRG4xro+FrMx70rmqhzmSuBCD+HgbL6Ir/2iiQNETEeWKFltlKBqrpnglZ6JlhjXKWmfEGoYkB/cB7jpnHhEDzhHTbavWJI05LyyhhXSSlnkapAhJf9vpI5GcRKT1V/93AGbX2rdI3yuTBVpxm9riZlw9wJWG8Am5YSnAG9k4ncDDA9MUB4cCJHVxikwqijYyzGVjAJrWiidJhyA6t+pMpfuodyRzCqB06B1nB5POxtNL2l3Ex5CFV6yp3ahDlrqbrmy4xzWB1ctJHyRlcWpfrIclnGWU0003sQidyogFUy33jV4gigoXM8wuYAySfMlbHxGYw3Tu88XPmmbgdb9AiIu8AzSMeBlr4uZLyq3NWQ293FF4Y2h5+bzWNUL84X2zquLsswKnO4quPzRe8o1yjD3Mwg6CA/T9WxxhgZnzrHmemN8sZ+acC5QUGlZzZ396vtXi4ZLin3oXrhRsWberFGyZfLlf5pXtZAwK3RQnpURN9YXUwdn86p11V0M1z6eTUujXDDkynucNBM70Ekcp+pOFKE495ujmbNo9Mn6reyGHcqnoqOQzwOsgpGeHJLNEQZRkm5mV6i+Xg0cXwaH7/C5rq4Nvddh5zmKONI5xiNN6KPVC+TeQBlGFVH9q4oOo++3enxqSNADNfm4Z4Ovvj5rZqY1q3c8ar6n/BwBlX1zTwWfHWde76BCyc2vJTV1r8Yr9kw9AYDRkUpD2EkYuYev8bGp7o6Kh2q9FZ39HOnH6n0lMNndkQqXQvy8kVPPf6M6J/3hXDKQ6jSUw6PngZ44/EpN151OnhsgKM6lDqc8EUZ051YblJVTcpDqNIrPh0DrS7bq/JigmmrCyGEeTGHdqSYHS2E0LEnYJRLSkymU3TzHCvdHjb662jtjHHv5cu4sncDh4f72N3dhswzHI8GuLl3C1evXMXlixeRYYqVXg+bmxuYHB0gK6Zod9totzI8/KIH8eAD92I6nZbFkv8/e28es0uW1of9TlW9y7cvd+9lerp7eoZZGXsSGxgWR3IsOwPGIYBixbYUWyxJkGOSSKDIOJYTkTgGY8tGIopkbLI4MWARRSSDSZxgY4gZhsEswzA9W08vc2/f7bv3296l6jz5o+pUnfOcter97szt7vdRf/fXv6o6p87ynF+dOlX1vBAiB8oFytk5zk9PMZvNUZYVSiKUskK5XOL05BTLxRyj6QSVEChGOS5N9rG1uYHj41OUFSEjiTwXKMYjiEIgk1ldKwKKLMN4NEKeZchHBcqmzvXz2dqD6/ef9ZGo9U99RLedCLlcImiyBH9+MxxrO/utf47q/i3/OZlub/2hP469j3x3t3t+hvLoNmh+jnznAPnBtfY0pKdvs7OvB/oHX9b+QDodq5MHoHIJUYwg8gLj578a88/8pvd4C6uqO1ejWdZxWjlluWQ9WP8/vx7EtttaQuZ2h9ao/TQ/gyj2ACG65yIsnSjGzvOdfvz/wvmnP479b/2PMH3HB9sX2bPtfez9qe/D5td+C27/+F9Kbz8HPvjoTyLfu4Lpe7ro2rNP/n948NGfXCnfR4pSutt/jV9eXMHWb6y+hUwSoaIKx/Nj3Dy5jddP7+Du2V3cPbuPe+dHeDg/xunyDLNy1r70DNQvTC/lErIZ8EWWY6OYYKOYopQVMvWlydrWtra1re2NYfkYEGgXhOtvUZsFEaEW0Ah8QcFet1XbhXG8vkDRRjLhCwyDQmz0WEJsb0YYb7B+CNm0gPBEKIC6dVctFeDN4lx9/8O5Hw0T3ZoL321xXm19n2CbGNHp4nd+HvLrvxfZ9hUUT34AAECzh5h//B9C6Gm1ApvbayB2TgK/qfdE7OC87YYEbuSbGIFJQ1WvILd6JBFXjLhitp7Om/1CIfpxeHgMew5P9s581J+9B8RwoCVFCOUvHKDHAzQxELX0Lj31cqZfSWiOyDD6OliJAePCcIBOLzlf1d+EqzgpyDbEeNyBI2Y1q4jzwAk7fa3/tSLeOfTOiegbcalBb8SlDlU9Wt6UT+Vj1iuxQywEO97DWftZ+pri7hfgbxbvWb1Ud4xPl5QOaNzIJcKFhzebLjxCaKvHPbBP/jF91Tq+46oJAnrYboxwIq05NR6SY5aji0f9sS+m5p84nox66YWPhrTyjPe+FfTUwNJXifz3KgAAIABJREFUFWGJ8aQIoZynYIJ+q3oYXMsn2F7WhF2w/uCcZcX8L2Z9r7dD/c3iKfrNOYBupufh3hNGCnBB96/OCKGca/k98vmqE9XZHVzTNx4xtFtP0Dq5p7+lOw5DN7X5EH/z+Z8ThckT7+/AOcvPrpEH+9yvcp6AvgihnK8ewR4mb4dRnOstpesp5z2q7fW33pZyu6aVzTdf8KKIYTOSOYeHg3Gmb49bhFB+PMGtp16eNE9V1VF6HdBLzgUNG56weZL1bO6YXltqxIdT1P+EkY+llzHeNFT/XywzET4+dIIND48hc4ALjxDKeavLfv9zIjqujLuLgDa8Ob8g/7PMcsgw8ojxvvmi8PFW59D4l49rCKHlE0GmYzGedoMWwEHrj3pjm1zpXcuFm9d+FeD9aqHNFxKK3yTg1Ulyv57D2+uf0RM0jA1AHxc6R+exURQeHkNfelZxi6/4fCVhgLPmFMbubr7KOEx+kf5mYZ/8tcLx5ghyPZEsAUzgsxGVqDCFaJrLiAAN1JrT7CR9QkoCAgKZIFBGAAjj6QYuX72Olx8e4+T0DPfvHUFI4OHREfZ3tjEux7j34AGqxRyQElkuQCJDUYwwK0tgMUc+GqFczDHZ2sLmZAsQAmW1RFmVqCqBsiohywrVssbz2QyL+QI7Ozu4eu0qxqMMy8U5pttTQBKoqlCMCuxub2N//xAVActlCZEL5BkgqyWqqgJJCaoqXDo4xMHePopihEqWEFlRSyXqtiFRX1dBBKEJSNv+VLdFPSgJEBKFnHvbv27LCt3z9sBhjR9x+WaXsabftHIl4NYf+hNt2vs/+7cw+1e/1O7f/ch3YesP/1tm/gDQvHMGCOTb+6hOjtr8smJkRJH2FDOpfPPP/itM3/WvAQD2/+R/iFt/87uT6zX/3G9h/Pb3AgDGT76AxYufsI7Ltw/q9q1KyOal8VA5+2znxsvn2r+89RImz9XP9bc+9G/i9GO/YKQbPfVOiGLkzVce38f9//G/AgEYXXkaWx/+k9j46j8CkRcYXXsGxZWnUd1+eYXrLOHoZ38MB+MfxOQdfwDzz3wCRz/7Y/WYGJLflwMbX/2Kl+MtjKtadgF5rO0NYhVVOF+e47XjW/j1134T/+ylX8WvvPwxfOLmb+PFu5/FKw9fw+3TO3gwe4jj+SkW5QKZyFBkIwACFREqWSGDwPZ4G4cbB7i0cYDdyQ6KfP0u/drWtra1vZGMJNUPGUlhPRlttwPaQ0iTdx9ise0wEQGkwP428jAoiMS3k4bwcIYU2t+1lsWpF084hes4CiBM5MU1WtRxLtL+Tn/hh419Z//0x4z9rtbQm9bVBU6u14HXMdBGXsQq2NWK2E5ynsTBjUZiPOK7/k68IIw0nhVdiHUocYQLybNdjQD1nfswrn0nj/arebK5FwN/qs5dnm4OnTvLPBC9bdohOGd9YvCEPrfFZ1VEx41diTz0x07Hh4iTmyVaDYc0KZlIOkfbXRb3YkLzxHiL1BeJ1YlxEGsDm8PY3pWG0nogjEM6KNTY/RsoWD6lFTHetgbXGoNzbPYrLXMhYgiLG3ob4JTA6/+oaV4/N9B37WHXrGREP0Qfrjap7cYhHk4ers8tOA/hRRrLk18inJzYMCMNMQDh4R6kEHc0cR9UdWk1HJzH9U8vi9+rBqJ2Mi8nsMLzCjp4COHhQ1A5SpJD2Zz0ztB0jPMgwsONth7IDZ9wI5GHKz0mbTtMRAp3lC4ZycP7YNtlDm64gocrY/RCLMVNycNDxyQir5KPe5E8vA9SAJtjCD5OXfU5R5wjxo05SiKShvDwHqhaWJXPx5Mw2AGe/e2fg/POcnGQuX2FP6s32Tm7tgtwInTzU9ZnGIAIIyVyasoXQri4ps8WRwrC5ACrRSp3oEZivMXQX/SEDrxI63lu7vIWxwDsVYxIn7XX6hh3zAVcyHwWKRyPEBPGMDhvGsDQFs6NTonwqDP3+HNdIGM8pOFtGxBrE861NnJ402CkAciusc75KmzuxfbP5kjkba30LrC4B31dq3dPAMG5uXk1owGY4vJ9MKF4Md6i1YYU50afMN72cTqavuPnKRjzeafuOcaQrm+9MblGqid83HR+zlsswy/fjuWiflm2/qd5Cbrep78QXb8EXf9JoXwkgxAZRJajlARkBa7ceBLTzW3cfv0Ofue3fhu/+Ru/gU/+1m/jlc+/hKevP4Gvfs/7cLi3CzTvJgkhkOU5IDJIZJidnuH85BjVYg5ZLiBkCUESJCvIqoSslsgEIKTEYnaO+3fuQJDEc88/j2effw4bm1MQLQBaAlS/KE0VASQgJQEiw3gyQVEUyEUGKivI5k9A4OmnnsLh/gEyAchSImu+yBRA/cG6QP0SdNY0lNYuXTOar/uNqsgL0OUS7Vwg8Ne4ZOOzbq6s3Y80zPevtmnnL/6GsV+P9Attuzx90PLND/1RI7/dj3yXdbyOvu0ufPjRn2y35PtXcOnP/hAoy5zHb33Dt+GJv/ozGD/3fgDA+e/+anuura/5Zuv46fu+HmKyAQCo7t9KLmfqdm4xuSYA8898ouW7f+IvYHTjufZ4sXOAw3/vP/fmO/3ANwJ53vLl7Zdx9HM/joe/+D+0x25/rd0OfVEuF7j7U38NN//bfx93f+qvQS4XK+X3yFHKx6Mcb3FcxdZvrb4FTJJEKSscL45x8+R1fObe5/Di3c/ipaNXcL6cYdn8nEKe5RjnI4zzMfIsR5EVyLMcpazaK6IAsDnawI3tq3hy9zr2pruY5BMr0sTa1ra2ta3tMTd1M6pvYsT7RaKob4rq5DxyDpAp3qRXmZhfcvkiquo869JpIZdMzhCJqBVYjwRtVCTwyb8gMz+BCBduZC1rH4cQqhxYPtrX6XU2wtjXlb+25ed/FeWXPoni6guoHryG+Sc/6vjKTpj/J9jmVEy01r9Ydzm6z/4innMn8ogmHHmEEw/X8tPbR49wKgC0EVE5v6iIBRwjkWZ4hJpOC5RHRdAVMcKJ2n6VO+dG/iZXNjhATqrx4ZgiI23hGA9k1/Jo96tIe4y3p4twaiJNqe1kR6BSA8WK4M94Eg4KgZeef9+IYUYEf85h62c4on8PhInw8SH+5vO/FGMF0+TIw1lEE9h6F+RfhgipdX3i3MCoYEQaKBFFq98qVzdvz9rqsI9zZOn7YmQ4xiIIRm1owVpzzY+0vY1uWbydHygdU7Lg4OgXIdpAR8R+jqrhDA6bJ2FoXuqdr+qdEbmA8Yj9voj+jHf+G+7WVP/rGzEVPu47YLA/cmMHRCIodxH4NK7lY0WcTtC/JOTHx/JV6Irg7+Et9mlY3kGWA4V58N7VddYL8rdkFGkIeDgi1o7z5uAUbuQa1ps2Yj/nPIL/ShGiV4vwb+gp0rndwQEODw9OwARiN6Cp19uof3HeF3358xox9+ERBIMhPt05hvnQCjX5+PS05SnzU44qH85T0KHPqjgmZ/tT2ysa0d+BPcw6O3OUi/K3FlfRawFtfU5tD/PBId37zt+Unrbz1Xq7kyt95DwF+0byd+q1Kq3ST9V2WsR+zgna+gLc/jbA/9IdpwEuJ7HshnS/Ss85wNTGwX3zGYu79S2KK96/xuZzUX1NnZ/65qstws1TIvi3/gjjdqjd38d6Nr/lcLHsPXIUmy/4/U+NXA9vnzP05Cw/XSEMnrRgz9DqsB76ygZo6i9QtXrs1FGtds71VFX8SER/zq38Haj5UYwbmGr9bgfcza0ZP71VPEvORBpv8/FxD3qeR9jrcw6egivOT2Po+8UpVf70X0hV3RbhIgGX8+DlfEILHDs8QQig/q34ZpVd6O1R97UAIDIBSY2S5AV2Dg6wtbOHO3fu4vWbN3F+/BCLqsKrZYV/+9/5NrzwzhdQyjlGdfhlVMsllosFZvM5ytkMkCVkNcXmxgSQBYpiBAhRvwANgXw8RiFyTDY2cffefTx4+BDPvPBOfOAPfAjXr+xjOsm1sZsBWQYSgCQCpISUsqlHBYJEJUtIIsiywtZkgskTh9iYTiAgMC5yUDPuu0uP+h9iPtiMbwL0gSpEhkm1QMiEXBo613tgW8LQ9Y93fZFtL2+/gtETzwMALv2ZH8LRz/1d0OwU+9/5nyHfOWTeUadf3nwJxZWnAQDb3/SdyLb2Mf/MJ7D5oT+K6bvNl6Z1PeXbzfmzXb7q7ms4+aWfwfY3fQcAYPLCH8T1H/gHmL/4cSy++CmIrMDoqXdi8tz7kW3vAwD2PvJduP13/iKqO6+gengX+e4lZJs7uPb9P4GHv/D3UR29jul7vg7b3/BtbVlOf/V/d0qz8JRfbYdju9XePN/A/tN/8b9h80N/DMWlGxDFCFf+gx9B9eAuIKv6RXU2UVbnyy89gYNv/37s/6nvw9m//D8w+/2PYfmlz2H8zHuw/bXf0h5f3b9ltHus/UP76fRBe/4h6b9c+0mLAP04lu+tsH9VW78A/RawUlY4XZ7itYc38duv/x5evPs5fOnkdZwvZ6ioAlCL7jgf42BjD7uTXWyPtyBJ4sHsIR7Mj5vBThjlBfane3jH4XN47uDt2B5vgT+EWNva1ra2tb0BjAhSLbo7zLjJZYeoxUNqb9CgcQ3RoWAcBEjtZ8pAqF8KIe3mj/MmB52r5Sv7jGGss+8KLAFk6Djf3y2T1dsN7kIChIggfwqQkq+Gynz5dNUlttu+WXrwP/15lgesftd3Jd1Hr2TULVJTmCs/VFNmk3uQqH7IGEJ1POceRIyTm3sx0MDdC2CM6zcQLY0s0ML9wCtaCgqj8oGWw8093Z/uXxfib448YjLiS9dsM56xOLo11v16rIYae3IiczuZCM7h5k5McQANTb2zddvHg7pLEVTNzTkcnPT76ybKRnOA9/nMqhb0N82BfBzMwXTOFwxaVPXodA1M32I6lowUQX5cT71GjLcWEwybE0h7yMM4dTzo9gigr3tCyPIZWrvWVtE3V17xy5a7AsFMA3t98xoyOfl4q5cJSNDmp2kIlo+PJ6M1wfajqQYOfXXoXZQ3JbH4QFTF8c4XfP7YbnToHefWgNP4yjXod0EnzkN6mzI/XXG+2jWvm3duF+a99IF3V1ddm19s7/SZrgTliruPd36QKthDzbrRjnDrpFoHqoprnFiDWFzpGedDkfohWHqDa/UxuLODNV+Ggzvajbkz4+Q+Xaq/ufxP+RXnXuxKZPGEGjhHQN8bmNCI9AlAH4yM+Oh8NjY/VcOn1WsPd+knUbx51PGcY6CxPNhwtjlLupq/OdCVbw9U9ek9PyDrf/wNFBp40RP2RN99tu++nOsi0zcSDt4H4cjXQBgcnJOHW9chmJbg4Enzg6C/qRcZe3BycY7KHboj1f6Ww/HBzSPQtyj2XnDyCJRrAqP0jXNCW/4uOw9n7tAbKYzWsIObOy2lmc3qJ11Ng9n75MiHvnRQbkQ2N9yrTujl0YEb6SFfRyR3WAATGsg3X1X5+LhP/+z1VJjbOYeHW/nDPfxifAVTeubk1PGu+RwcF/tBY+zDHp++OvU2Sd88PDRfdV5wPLy1mJ56+sinW4nDKTiKEprHwsWZkQ9YvlMVAVorb/3hRAb9gx51fPvCZ9bMTdWEEwIiz7Gxs429K5dxfHYCkhWKXICyAlmRISPCtBghn0xwenaKqlpiMZ/h7Pwcp+dnOD89xQh1cMfzs3NQVWA6JWRFAUggywh5XiDPN5CNN3Dn6BhXnngaz33VezHdPsCiAiZUv5AtZAZZARIlSrlEjhx53nzkkRFkJVFVS1SyBMkKJCtcvXIFYnqArMgBAWQElJVEXmSAkJBAM5DUurLLHwi1fxPQPCufyjmQOQ5VKZaLNP1MQtWPjWJZeg2TN3j8Sz+Nwz/9AwAERk+9gCvf97e7Y2UFZLlRQxDhwc//99h434cBISCKEba+5iPY+pqPdPlqjsX1lG8H38+2P/y//2cQEXb+yHcCALKNbWx84Juw8YFvAjeqSpz+2kfbct7+u38RV//STyDb3EF+cA0H/+4PWGmO/99/hNOP/YJZR+3/XeUPbfdNWKz6ufYT4faP/8e4+v3/HfKdAwAC+d7l9pjFK59GvnPYblNpNt7/DQBQ98WHvxVbH/5WK//qwR0c//N/rJ0wrf3f6PupKh/r8r1V9q9i6xeg3wK2qBa4e3YfLz98DZ+99wV88cGrOJ6foKIKo3yEaTHB5mgDm6NNbI03MMknKPICs3KOpVxiWS0hSWKUFdib7uL69lU8vfcErm9fxXQ0/UpXb21rW9va1jbEBNoF4EzoCw1qwYyQZUKba6g9WhbteoC+gMGPNxdEWu4LcaBhd9+jbefHxxYuPAsYaRFEu/TCiapFHLx5OKHK7+N2n7jycyCvpisf134hrMOdFjhI6Ps9aAUkgpt3/sbXly7qC/e+EZl4BCabJ+EFR1zhaEVs1sqv826zhxu1DHD/MPWjZg4XDVtqcyRnyCwqF+qFco2rk2i8S8a4YAu4YiAicUG4FUvGQxhqgBimOoBT78wrhZM3C8p9/U1pk8FTULgRMZ5qUQHkGHZwzRvd3KFvptykRmDyYKvHPVClb7iql9ru4zUMRE/7WZxdsHiEQydXuVygv0UxrTbd/IDzEOqZRdeYPCcQadwXgYlz64Ea5ykP1BIfsAX1VRMazoM4qMFFo9Pq8Bi3+yvqH6v6n8cfvRhpHicPGqsRH+/RAieXHICurw33RmRK0L8U9Op3BLX0qvxqu5s3xvQtifcxX3eJMO/XS3F/S5o/BLArv6lnMZ4uyMqsCak27uPYzVcT9XXofNWXPoaafvGIoV7eNR6i+um7AUnuYATNOnyV6XEK+uTMi2YJ7YjpkQo/4vtX/4AXzembEkb4o5+vguXXcb3lLJ4qYPDwmCXenvmup77TD/c3jvWJu3wjvF13U+U19Sy2Ptcb+87fGPfpactT5qe++WqLaFvJ4sLDhYubw9PgWq18HBjYzCtY8vyAY3uYCPOmYbru9nENVXqNo803zIffvyZie//KuAfTf4FEdSfjwsNFT97m73cfARjLVUoGHqX/pTZ7ezjnnuxa7tG7IIdLPz0oPJwhYjx1wPecn8Y6MKqvjb6pf8L659BLQ08dOKA6bXpVPa3vo/rac7hbDhUzVTGVvM/6FjrPs7kHxUCM5KtK4IzoHNA7/wUwEXsuiPh+QY9zy984T/G3IRhoDl/z0OIs6HabVBo1rBOLlrXZNSSDOpEASICqOhBVMRqjqkpMd3awd+kQt187QT7KQZCoKonN0QivvPwyciHwwle9AFlWWJZLEAHz+QJnswXOzxeYZMBkPMf5bIZMTDAajZHlAnmeY5xnyLICyCb40t0jPDhb4Imrb8Prdx7i3tFv4tLeFNcv7+KZJ65huSCMpxugrG77BTIUALKiQJHlkJWErICqqiCrBYSQuHzlMhbZFs5l/UF6BUDkWfPzyKplRNs66iVnaO1Uzw3VSmSNG7TQOsU2Uc3RBUYycjO5cqCGqwBJrYDpR8uy6zuW3OVf89/7l7j7U/8lDr7jP0G2sd24A6G8/TJOf+3/xN43f0+9qVq2+cqzh7j79/4yDv70DyLb3GnPLc+OcfSP/zb2v/37kU23jNp0niUAKXv5//E//YeY//7HsPPH/hwmz7zHeCkbIND8HIsvfBL3fubHgPlZV87ZGW7/ne/D/nf8pxjdeM6oX3X/Jk5//Z/g9Jd/zlHO5rByGd0OWZntr7ZrdeX5G9cTth/lErf+xp/H5Jl3Y+OD/wbGT72A5c0vYPY7v4LzT/86rv/gT7V1UOmO/5//BctXX8TeN39P/XK04ROExUufwtFP/6izHG92RNWNh8ehPG9FXNXWL0C/Bey8nOHVh1/CS0cv4/XTOzien6CUJUb5CLuTHVzduoy37T2JSTHF8fwER7MjvHZ8E8fzE8zLORbVEpWssDXdxBM7N/C2/adwZesydibbGGVrF1rb2ta2tjekEcC/RJfoFoUAtA8duxeRzZsotcgjJTU378Y0vT0+9OW9urnT9zeFq28ISSAeCqFBVz46+r4kU/WU6iYwko95u+Hk5kRNe5m7KW/HpZmSgOQIe1r1US6N4lj7VUuXC6vECbfLIO2nl7Tsgmh9aM9OYLVqWjd1yNOvglqH8fq5AwTwqbiDE8vQyb0nWA1XWZD2vUChldcfIUdDxFDlnsCJtAVC/oKEVXxjAdprUbkwHc0X+ahL5uMOJCA5UpNClZ7pXVcuN/fiRY6gTmg0jm67iyvjnLVzn9M5Tz8ElR9xHkKVnnNV9Ka8FicPjxg/xsdV3jH5sVCld+q1ipSn3CmBw+R8luDmHjQvqIkd5NE77wUrguELRBC71oDGtf1K7wjaixKMq6M5b/XaMwx9yI7rSufjAQ80BigvgGo2swDeCKMKycN96EuXiEjk7eBInaf69I7zNvsYx4Wbb3gFeUfd2LeZYvlFUJkxXSP/8PdmoNrE0Ub6DvPyGtA/9OEepPrBWgjBOcvHq3+p+Mjnq2q3h5s9bHClf6pBlV/VnOnjYH/jccc0TkAssro6cfuLE00dbH11OlgUU3UsCQnD56se7KqVyFvryx22iqCE8uyDjuL05aa/9cRYtfn4YKjqEZsvuC1Sw1a3ugq6uYZK3zhXSD0xpL9aS8V48ALaZ35q6bVqq0Tes4dCljY/YPqn9JFzlYyI+RmFEWFUdUzi6sRqe8IAiOprbH7qm68apRvICcm3K9w9LHdpd/TEi7SoADowlp2juzk3EB4+BEm9+K7Gg83VAkTLmwbgvCu0i/sxVccGYcL8NKbfVrmYPnf+5qlna6tyrVk4H+h/dR7U5cW40jmDa5mm6F8QSdfnRFTpOVcK1JRX6XOURwQkPn/VWkNzf1v/PDx4dq07UpGl00oX5E4bIizKYvrNuQ9XMGu4NDrGuR/VcwIHR6MK1HAKccfzCHJ84B7gTkyYz3l/YS82P02dr0Z1WPWFm0Pn6oaAc73as+Ngn29m5rNMIdSf6DaofVS/AF1nnTUfDFIdjCur3zHMRmPsXDrEvduvYWNjilGeY7mocHz/CJ/+vU9hJASuX7+K7b1tEFVYEGGxLHE2K3E2WwIjwmwxwnyxwHiUoywrZAVhVOQYjcYoJhv40t2H+NXf+l186fgcxy/fwtmLr0CgxBNX93C4PcL1S3t48up1HF4+wGhU4NkX3oGDyxMsl0uMAJQgkJQABAQyQFYQAEajEeYSyIoRShLIiwIlAKokRN68+Ex1TwiIpu1F0/4w2l93ow1IAPrLuqbRctbNZ/XGNsY0Eyylp5qA3fqx77Xz9iR34fwzn8DN//rPQowmGF17BotXX2xPcPprH3XmO3/pk7j53/y5Os2NZ7G8+QXQYgYAuPnDf8ZZntf+yrd5yxnDxaufwd2f/CsAgGxzB6Nrb4c8P8Hy5uetPPV01elD3P37/0WdbrqJbGsf5d3XvMff+1//hjM/3/ZbP/pdznx4XXl9Xvur3+7cj/EUWMwwf+n3MH/p94xjss0dZBv1i+Xy/MRIN/v0xzH7m9/dHpfvXYE8O0b14HawHG92lM2L+1/pcrzVcRVbv736Jjciwmw5w52zu3j99A5OFqcACNvjLexPd3F1+wqubl3Bla1LqGSFo9kDHC9Ocf/8CCeL03ZRJhc5dsbbeGLnOp7cuYG96S7G+Qh2BIm1rW1ta1vbG8FICPOXdIT5jXU7yRDmfTBLoi1sCGshI1Pp1Hom2fl5UXQLHhn0yFPd/jYzAF2Elm6BxL1iqagqeLNd50NfoNJQcO6JsHD0E9/sPM6K4BDBk5//y8DP/5B2fv10Avd+5GuN8gv9DpnzNt+On/3iX8fZL/71dm//EFYwLTZ98HWfo7u83E4W8DcP9+KKEaJSIhZwTGpgttjUF9UY4hxu3qIrYk4MjVJHuHBzXl2LD7Vkx9EwIbuWK+kSJo+iOp1wLAiHuPeBmx91z44uEPOIMSIRfekjmBQhjKOlm7o3My48XLi4hs70Zt87+ZDm6GO+Aniw9U94uEPvDE58PpDAnfl5UBvwBhdxbmCqnl6wXvP7Z0tfld61xfVweLilpwyHDE+jvBHr6W9eTDVrflDrWJAn6Wciiv6oe3pUXx/FC1QBFMb8Lp133u3Wv77+Z2B3uuTppzLv/OCi/a/lSgfAdAFN92kKwDnS9G8QxvJVqPRZ46oeSq8t3lSG8yT0zksR5q0Jxhhn/WNHfHSgStLD36ziRtDyR2dtHBa5P+p0IMCdGXg4u99uI/g32328t44qTJiftsdzjoQXHAYJDtdJvbcY114oMDgBnU532fW93g71N+/w6osp03+9sNZ8NTx+k8e/Z0B1EfgaDsYb3eJ80C+apCDX3wS9VvVR6dzc036R64/N0cti19Pech7DgfMFsHw6buqbsC8Q0PXOywfOr2Lzt26+qnEt/aOYjzrTB87TtSX/IN3ktt413GsOh4wKoAcDZwjyVeanKZh4fwfO4ebRBnrE642Wvir9FSbv8wsmTh21sCmuV6fh5XpLhdZrU5q3r//FLOn6upL/xVDdBzIOD+d6yu8nI+t1K9+/9lx/7P0LVEPmp211lH63rQHzcwMH1zqUD8cg7zqgnw25jAXMKg4fTlH/09XEwRHhic8hoHMtB92znZg84YkcnzpiWXl9v0BlcOjdFeHCw/XTnj9sS+Ryh+3cfDHXfMQo2qpkzblF8/9Seb3IgAxYVgsUeQ4SAvuXL+PBwSGeePIpLGcz5PkIi0WFezdv4fypp3Dn1i3s7e0ga9ozL0YoK4nFUmIEwmy+wHxZYlpWKGWFogk4RcUIcjTGx3/39/HxT72I82WO+3eOsCwJqOY4n53h5ohw69YG7t09Rp4Bb3/703jh3e9GLjIsyyVkngOVQFmWEJDIhEBJEpIIFQgSGSjLUJYlRnmODBmqqqqfZzfTIdE0qP5Sumj8Qz0/1z8A3szDA1uU501bRvRxxflpMi7nWL76YpreKywXWH4NqO8HAAAgAElEQVTxU4A+h7io8vjm22fHWHzhdwA2746mm52hmp9/2co5BK99/08AqKNen33sF9rt2eYOLv2FH1Yeh+XNz3vrQWfHKM9PerfPmxFFEwH6K12OtzSuaOsXoN/ERkSoqMK8WuDh/ASnyzMQCFvjLTyxcw1P7j6Bp3efxLSY4OH8GK+f3sYrD1/D7bM7mC1nICIQEYqswMZoioPpHp7cuY7r21cwzSfa5HBta1vb2tb2hjMiYw1DANaaBql/RMf1uQePcKZlDQCQKl/S0mv5RgJU2F/uN+fQzmTkC89+ODgB2ku/1HHRtU2vCDQEDI6o4EFV3hj3YkvJjYCb143ddZaIcUdTswXRQdwZ0USdS48EItwcGlJCBBKOcOTTAxHjgQFQRypQVXcs0JJjgTXGVWrOLwiVD7QfnMe4bj53CJ7wEVtkeFnI07LyUoyrpJx7katAhDfjvJMBCiLa9Gq8O7gHlb7pJXHxlTBVpz16rdq9jcDo4ZbDOh1YtxTnDOgdJXLXgiXnIewqDFZh9NExL8YimIQimigd5lzDbhyp8jfNw7klGN0Dp0Bv2Dzu9ibqraWamfMQqvScW7UJc6+l6porM1+D9cGLNlbeaGRRro9eTo2f9UQ9vQORyLUKGCXrIoR5OAKo6ZwfYXKA5RPmyrz+GfQ3n945uGqbvgPsomdAvgu8B/k80NDXC5mvquYayM3h4nJDk8PN9e7RqhfnF9s7/tsYDyqzuKrj46J3nLdIYa5nEGwgN0/VscEYmZ9ax+nptfLGfmnAukFBp2cmt/er7U5OHk6cu1C9cKP8Tb1Yo+TL5kr/Wt7UQMCu0YWMqNgCjk8XU+enK+p1590eTm7ezUsjXGvJlOawUE/vQCRylyk/UsTHncMcw7qnTZ+o38pi3Kp4KloN4mggo2CMJ/fEQPSty/H7cKZvqgNX/QWpVfW5awVVTlVck7uuQ1Z3NH7U5hj1N6aPXC+TeQApjGogOyOKrqJvj3p+agmQh7fm4I4BfvHrWz0xbVjZ81X1j3BwD6rq63lc8NV15fUGnzt53UtZb/2L8Z4dw28woFWU8xBGPGbl+WtsftpWR6VDl94Yjm5ujSOVnnO4zPRIpWtBTkJrvrj+OV8I5zyEKj3ncOhpgA+en/rmq9YAj01w1IBShzN+UeYZTl6uU1VNzkOo0jdcnh4hq+agfOIqDrJMYGv+AGfTAwD69byz9kX2rHkNWjUzAZIkhMghpQTyDCLLMN7cwuUbT+KVl7+Ag0tX8PVf9/XY2z/Er/zyP8N4XOD+/XsYjwtUKJFlGSAEiASWpcS5rJAJgbPJDKM8QzEqUIxGGI8nqEhiuVjgM5/7LMplCUnA4vwUhAzjXOD4+ATZZoEb73oBH/7wh7GztYFr1y7hYP8QVVkhyzIIkqiWJQRVkLJEuZxjtlhiSTmqLENJwLKUAGUgkhB5hgwEgW7tORPax2L6eNT8R7XZ5uw+cjNsmWnVEpifgz+/GYx99XqNjx2On34Xsq09AMDet3wv9r7le0CLOagqm8jPjc/JCvd/+kcbbfjKl/uxRZKQy8VXvhxrXMnWL0C/iU2CUMoKy2qJUpYosgJXNi9he7yFt+09hctbh9gabeJ8OcPts7t47fgW7p7fw8n8FLL5QirPcmyPt3Bt+wretv80nti5hoONfYzz8Ve4dmtb29rWtraVTLvhUgvCmci6xRRyL1zAWChosmrv9+MLFG0+2hf5BO2LVQcSqZvpHkuIbSLGG/RFJCAiiEy0L5OoFlIPP728WZxT5fRGCOWIMMLHU5pBT9x3zhgrGEP1pbgyc3mt423xVEQOzttuSeBGvokRmDSsyx/hfRuCN8jAiCv8IzMekSA5Qijn8PAY+oengdC5Uf4w9x6QOkB6WlKEUP7CAXo8QBMDUUvv01MnZ3qWhFEB4R3q6OBG7zgXhgN0esn5qv4mXMVJQbYhxuMOHDGrWUWcB07Y6Wv9rxXxzqF3TkTfiEsNeiMudajq0fKmfCofs16JHeK9gLL2slbffXra8BR3vwB/s3jP6qW6Y3x+oHRA40YuES48vNl04RFCPfPRpAdsiRjUV63jeYSmoB62GyOcSGtOjYfkmOXo4lF/7Iup+SeOJ/98NerhjA4cYJ4aWPqqIiwxnhQhlPMUTNBvVQ+Da/kE28uasAvWH5yzrHreT/S93g71N4un6DfnALqZnod7TxgpwAXdvzojhHKu5ffI56tOVGd3cE3feMTQ7hdItE5+xPevlpx4smv5EH/z+Z8ThckT7+/AOcvPrpEH+9yvcp6AvgihnK8ewR4mb4dRnOstpesp5z2q7fW33pZyu6aVzTdf8KKIYTOSOYeHg3Gmb49bhFB+PMGtp16eNE9V1VF6HdBLzgUNG56weZL1bO6YXltqxIdT1P+EkY+llzHeNFT/XywzET4+dIIND48hc4ALjxDKeavLfv9zIjqujLuLgDa8Ob8g/7PMcsgw8ojxvvmi8PFW59D4l49rCKHlE0GmYzGedoMWwEHrj3pjm1zpXcuFm9d+FeD9aqHNFxKK3yTg1Ulyv57D2+uf0RM0jA1AHxc6R+exURQeHkNfelZxi6/4fCVhgLPmFMbubr7KOEx+kf5mYZ/8tcLx5ghyPVG1AM4fAttX4LPd8iHOcND0Z9e3+pggAFJK1L9C3LwOLAhEEoKAIi9AkJAgLIXA7o0beOqFF/Dxf/HL+NTnP4sPfnAXX3jtFTz43Xt49rln8J73vxuTrSkm0zHGoxE2N7fw4OgEsioxn5c4OT1HnhGKPMN0Y4JluYBY5JBiif3pGAfTAiezCsucMFvOsDWd4uDSPt73rufxjV/3h/HV730vNiZjyGoOuZwjywpkIoMsSxBVIKqwLM8hyxJSZqhfr8sBkUOIHLkQILkAyqpxI3t1BpSxIUv1cQKoA1JKbM8eetsdAMTyFEIu0M2r/eZbXgjKOXr42xofC1y88mk8/Cf/ANvf+O3IpvULz2I8NVxNnhzh3j/6EdBpOML7GgG5XDwW5Xir46q2fgH6TWxEEku5REUS43yEK5uXcLixj0ubh7i6dRlLWeKlo5fxyoMv4Usnt3B/doSz5TkkSRAR8izHJB/j8uYh3nf1q/CuS+/A9e1r2BptosjyeAHWtra1rW1tj68RoC+qA+oLXO0lv2ZVR8ruRgwAupfb6iO7D7Oa49Dtb47Qjk9EAswv+gXjJtY3aCwf8vDeX5jZ3JyIxTgezQKHvzncx7H0ymLcaY4MkyOAaG3i5KnI8+uFXQ8Rq09dbtURaruDmz1s81UiEKyKEQcb9MKEFQlC+Zdnf5vbMK7MaG6tGtFmiFg0QmjDu82k79b4ACQgFrEJnLN8LN5b31ZFdDwoOB4eM+10KlmQs6QrjaLw8EnSa2Utbzay7ow3b6R5Ylydq58cdY+gOi9jvFklJ3JzlSExfVvx0RRS9G3QCxMXqNfWAzwPr4/2vBDhrQ5/YcKDFENiw5Ga0oV5ZwFO8OuYT/eYnvWPuMQwlh9D9OGqodvKwtHwjCuz9I9Y8zE+UB96mVGfzt/4cDO4oh79i/tfuLlSL+9OzuozRGYs72Z9FtO/Vi85h84HoiYIJDw8NmHyTdhjencR81XlMKrHgg5lc6V/RveSzVfzN/4Zbw9OQCzCuvIEiyvFidy/WhFCOffoWK/5Ked9sD07aaXQytUW18MBY/uF2ioC4ysXpaM6DS9OcvHUsOa8D8aq35SXz1drrpW43ZlSo47zEWxwTccGR8AnD09EsPx8PF3vfB3g2d+axyFbf/JwvelXNKv3Gh0zq0esGoxzvVTzT7WdeiLCqCoe492ADKM1f2UD2+LReSpM3qbuyx2oNXTy5TtmPfTtwm3IcHMkN3hatyfPR22VEH6uCXi7tu7kuh5Ezszma71+Ie+iMUGvffPVVl/V+EjVO869lurwmjmbnTsG49Y5GNfmPUrX3LzTNXWArnODkBCdn8Z+sVLVh89XlT7z+aqFvnYxco/zbn7atJ3g3IPs7BbGiu+pzoXIX3/BScuzDyYUL8Y7veNypj4ECvCQfsL1PCKMKmXsg/fUC4xXx1Lnp775aiq2bZ3G4eVm9UK393RyFyLwAvQ+zXGreflZCNG+2K67FF+/rP+V9UvFkpAJQiYERCVBEKCiwDve+z48/dST2NvexunxCfauHOLytUNc2t/DopxjTCMQETY2N7G1tYXpeIzZ2Ry0KHF6do5MVMgEYTIdIS9yTCc5UOW4uruFGztbuCNPIMZTHFx6Ei+885344Affh6dvXEEOwvnJAxTYhJRLZBmBICFygWKUo5JLyGqB5WKOTAggyyGlQEkAkLW+kIkcxrqN7ndCwP5AlQBBINloqsiwW82AnB+npZifmNehiHl1zKd7WOMbDolw8ss/h5Nf/jmMnnoB46fehdH1ZyDGGyhf/yIWr7yI+Wc+Ad0ei3I/pkjL+WNRjjWuZusXoN/ERgCICON8hEubh9iZbOPG9jXsTLYBCNw8eR2vPryJlx68jPuzBzhfztoJiRAC02KKy5sHeNv+U3j+8Fm8bf8p7E93McpHjgv12ta2trWt7Y1kBIGskXL9Ple/Yc207YC2DsuMr9NmmQg+YKuJvaCR6bz9FL05v/pH8P0MnWd0L2AMfoFKdBEZVH4CES4GIkKo+kZFinBwQldezvU+ZEzEppliICaatk5gdFew+9Ruzp3II5pw5BFOPFzLT28a0iouALQRUTm/qIgFHEUYeYSaLmJY60FhdEWMcKK2X+XOuZG/yZUJT/Uuyt8ModN5CNvCMR7IruXR7leR9hhvTxd/wBb7SUI1ULqIe43nMp6EPj2OYWL+fSOGGRH8OYdDPzlvXv6JDCMbYSJ8fIi/+fwvxVjBNDnycBbRBLbeBTmpiHoBVOk4T0Gt4WPcwKhgRBooEUWr3ypXN2/P2uqwj3Nk6ftiZDjqLxNaPMWGFqw1PkDY3ka3LN7OD1IfsA1E4eEaqoYzOGyehIPmq3pnRC5grMPbjxxFmHf+G+7WVP8LoiMf+LjvgMH+yI0dwCJqcd5F4NO4lo/SNc5D+peE/PhYvgo1PVP67OMt9mlY3kGWA4W5HeEWTn7R/paMIg0BD0fEtBemmg6LcyPXsN60Efs5FyZfLUJ0eH4aQ0NPkc7tDg5weHhwAiYQuwFNvd5G/YvzvujLn9eIuQ+PIOjUPzOHfnxohZp8fHra8pT5KUeVD+cp6NBnVRyTs/2p7dXOVxm/oPsH6+zMUS7K31pcRa8FtPU5tT3Mu4x6FqDv/E3paTtfrbf7PkgnaLrXR09T9Tmo16q03SuPUFzpG+cEbX0Bbn8b4H/pjtMAl5NYdkO6X6XnHGBq4+C++YzF3foWxRXvX2Pzuai+ps5PffPVFuHmrS6D6XTHO3+EcTvU7u9jPZvfcrhY9h45is0X/P6nRq6Ht88ZenKWn64QBk9asGdodVgPfWUDNPUXqFo9duqoVjvneqoqvoer9Jxb+TtQ86MYNzDV+t0OuJtbM356q3iWnIk03ubj4x70PI+w1+ccPAVXnJ/G0PeLU6r86b+QqrotwkUa4vRum06ZzvcL0Wxp1ogEACGbJhAAJESjK0LkWr0BgJCpHAmQWQGRSUBKLGWOjUtXUJUl7ty/h+tXb6DIBe4e3cbnvvgy3vf+90KIHEIA43GGyTTD+YlEBYllmeP0fIk8O8dodISiENjZnGKxmGNzY4z3v+/dmC0Jm9s7uH79Oq7fuIFnnnkbtjc3IJcLSFlia2OK5TIHSKCUVX39yAGgqiNjywolZZCVxFKMsRAjSOTIiEACIBQQJLXqdn5KBCCrYJhx7163zW6GoIn5SeczfeenvvlqyvqiY7/xgfp6/2Oxv3z1MyhfedHaLx6T8r0h9i/nxvX8sSvfW2T/qrZ+AfpNbAICmcixM9nBcwfPAAAONw4wK2f47L3P48W7n8OrD1/DvfP7WFRL1IvJtWPlWY696Q6eP3wW7778Ap7avYH96R5GeYHu9mdta1vb2tb2hjUy45WoWx/9xRJ9P0tqzEHqeyHR3hPxiCZSy789HwFdhKn6H/7lPnQuu3N2AR54CdOxzr4tcBrX0hnchQQkR1TgPBGVtZzcvOsYxr1GnVNom3rfR69k6kt3tH3t46Q4XHx4hJL2eM49iBgnN/dioIG7ccq4fgPR0sgCLdwPvKKloDC2/kjt/zq5p/vT/etC/M2RR0xGfOmabcYzFke3xiOUmDram7c6TCbXdM3gcHMnpjiAhkrf9JKmcAN9OuxD1dycw8FJv7+uuTqgXe/jfFUL+pvmQD7uFGhFjQppqOrhiFiSqGPJGI1g4uGJeo0Yby0mGDYnkPaQh3HqeNDtEUBf94SQ5TO0dq2tom+uvC58fhA+iEcKjUbw57zVywQkaPPTNATLx8eTkdLRVAOHvjr0Lsqbklh8IKrieOcLPn9sNzr0jnNrwGl85Rr0u6D7IvA59TZlfrrifLVrXjfv3C7Me+kD766uuja/2N7pM10JyhV3H+/8IFWwh5rvvs7HrZNqHagqrvFoBH+lZ5wPReqHYOkNrtXH4M4O1nwZDu5oN+bOjJP7dKn+5vI/5Vece7ErkcUTauAcAX1vYEIj0icAfTAy4qPz2dj8VA2fVq893KWfRPHmUcdzjoHG8mDD2eYs6Wr+5kBXvj1Q1af3/ICs//E3UGjgRU/YE3332b77cq6LTN9Wj9DvyNdAGByck4db1yGYluDgSfODoL+pFxl7cHJxjsoduiNjEUYflb5FsfeCk0egXBMYpW+cE9ryd9l5OHOH3khhtIYd3NxpKc1sVj/pahrM3idHPvSlg3IjsrnhXnVCL48O3EgP+ToiucMCmNBAvSP2R/TPXk+FuZ1zeLiVP9zDL8ZXMKVnTk4d75rPwRH4AIcIfT9ojH3Y49NXp94m6ZuHh+arzguOh7cW01NPH/l0K3E4BUdRQvPYzyMAPHgdJEsg614h04tZZBkOzm7hwfaNcOWEaCeY/GNms9IZSGTIihEkJJZlhUoUuH3/Ib740uewu7OB51+oUJZV7StCYDwZY7IxhShyQBIqkpgvCSenFQQIo9EIuzs7mC8qbG5O8fzzb0debCAfjTEajwC5xP3br2OxuYH93R3Mz05xfvIQ4/EI4+kGstEEMlc+24xmkaGShIoESGRQ0Z/VO1MEEainfm+iNZH2/7snN1GE2kmWwPkx0+0VMarXCO6n9f71/jfZfrmYPdbleyvtX8XWL0C/iU0IgSLLsT3axDgvQABGWYGH82O8fnoXr5/ewaJaYpJPsDnaxCgrMMpHGOdjTIsxrm1fxbsvv4C3778NhxsHmBaTr3SV1ra2ta1tbRdlovlHQL9Fa+7fVQQPdYMKbaGiWYhuFwjMLMnY1S1QdBvNhY12e0rIDeE4PrZw4VnASIsg2qUXTlQt4ODNwwkhIpwf78zPgax6MZ6w3mIav9f2FsSNVkAiuHmLZvPj4r5w7xuRiUdgsnmvBrigiCscrYjNWvl13m32cKOWAd5jmLaomc+dvJbaHMkZMovKhXqhXOPqJBrvkjEu2AKuGIhIXBBuhZnxEIYaIIapDsD0Tm3sXsbzcKJB/taczuQpKNyIGE+1qAByDDu45o1u7tA3U25SIzB5sNXjHqjSN1zVS2338RoGoqf9LM4uWDzCoZOrXC7Q36KYVpvu+s95CPXMovMFzwlEGvdFYOLceqDGeQhV+sQHbEF91YSG8yAOanDR6LQ6PMbt/or6x6r+5/FHL0aax8mDxmrEx3u0wMklB6Dra8O9EZkS9C8FvfodQS29Kr/a7uaNMX1L4n3M110izPv1UtzfkuYPAezKb+pZjKcLsjJrQqqN+zh289VEfR06X/Wlj6GmXzxiqJd3jYeofvpuQJI7GEGzDl9lepyCPjnzollCO2J6pMKP+P7VP+BFc/qmhBH+6OerYPl1XG85i6cKGDw8Zom3Z77rqe/0w/2NY33iLt8Ib9fdVHlNPYutz/XGvvM3xn162vKU+alvvtoi2layuPBw4eLm8DS4VisfBwY28wqWPD/g2B4mwrxpmK67fVxDlV7jaPMN8+H3r4nY3r8y7sH0XyBR3cm48HDRk7f5+91HAMZylZKBR+l/qc3eHs65J7uWe/QuyOHSTw8KD2eIGE8d8D3np7EOjOpro2/qn7D+OfTS0FMHDqhOm15VT+v7qL72HO6WQ8VMVUwl77O+hc7zbO5BMRAj+aoSOCM6B/TOfwFMxJ4LIr5f0OPc8jfOU/xtCAaaI9g8s2Pg5C6wew0+u1Q+xAOEX4AWKksunMxI1C8USwksCRhtbOHa02/D2WyO0/kc73z2aXzoD/7rEBlhPj/DaDxCVhQoJmOMpmPMzivMygqZLFHOJWRVYVQU2N/dQTGeYGM6xdGDO6jkGaQkLBZLzGczCADj0RhPP/kETk9PsFgucHh4gL1Ll7F76TJ2Dw8gcgFUVT2WsxxVWUGigMwKSGRtLVudMtZMuCLY7aP/Cszh4gEQiAAt5scQy1NoJ+O5mVw5UMNVgCQlYCa3Dl/d/9a4xjcYYn4OUGTesMYvC65q6xeg38SWCYFRPkKe5RjTGLNyhgezY9w6uY07Z/ewqJY42NjH1a3L2BhvYne8jf3pLvane9id7mB/uofD6T52Jtvrl5/Xtra1re3NZgTY353W/yeNRXm0izlSkrG4w19qIy0XoeWnzqNz/XzO4wiwvuhvfj7J+8U/O4+Fvi/J+JdnTT29+UCvt5ubE7Uu8oIqr7mg4eFaWzrR3QzxiBGsxH15W+VIAa0P7VmGVqv266Zo7/RCrcMM7qhHNyj0qbiDE8vQyb0nWA1XWZD2vUChldcfIUdDxFDlnsCbBRmda8V1PyCJWcQxrIiicPMumY87kIDBEZvUgGb5tvrFuBcvcgQpoTE4uu0uroxz1s59Tuc8/RBUfsR5CFV6zlXRm/JanDw8YvwYH1d5x+THGfEDDt78a0Xgj3GYnM8S3NyD5gU1sYM8eue9YEUwfIEIYtca0Li2n0grroerozlv9dozDH3IjutK5+MBDzQGKC+AajazAN4IowrJw33oS5eISOTt4Og7IXO1m87b7GMcF26+4RXkHXVj32aK5RdBZcZ0jfzD35uBahNHG+k7zMtrQP/Qh3uQCLGI0OCc5ePVv1R85PNVtdvDzR42uNI/1aDKr2rO9HGwv/G4Yxon+O/r2u6gxh9Juya69NXpYFFM1bEkJAyfr3qwq1Yib60vd9gqghLKsw86itOXm/7WE2PV5uODoapHbL7gtkgNW93qKujmGip941wh9cSQ/motFePBC2if+aml16qtEnnPHgpZ2vyA6Z/SR85VMiLmZxRGhFHVMYmrE6vtCQMgqq+x+alvvmqUbiAnJN+ucPew3KXd0RMv0qIC6MBYdo7u5txAePgQJLXGrsaDzdUCRMubBuC8K7SL+zFVxwZhwvw0pt9WuZg+d/7mqWdrq3KtWTgf6H91HtTlxbjSOYNrmaboXxBJ1+dEVOk5VwrUlFfpc5RHBCQ+f9VaQ3N/W/88PHh2rTtSkaXTShfkThsiLMpi+s25D1cwa7g0Osa5H9VzAgdHowrUcApxx/MIcnzgHuBOTJjPeX9hLzY/TZ2vRnVY9YWbQ+fqhoBzR/XpwS2I0AvQhcTnQj4hUL/w3l7fhOPoziQyUJYBkgAiZOMNXH/mWdy+d4RSErJ8DCGWEAAyAYgMyIoM060NzJZLVIslCPULytmsxMPjM9y//xCXLl+GrEq8+soXcXo6w3g8hhAZNqcbODw4RJEXyARhc2OK0biAlIQ7d+/iTErkG2PsjrZAoi6WJIFKZihRQCIHtRGglamPSvQ+UHtI6w3TVNMfiAqAv53o7EHbyN16gsqEYJ6ACZbSUyZg1vqWJ/ka1/hWQLk4fyzKscbVbf0C9BvaCKDmT5nI2hmmgEAuBHKRASBU1QKiWmJUznFQlSgkMM0KTMUYmyiwI8Y4yDewP9rG7mQfm5NdjMdbyIsJIPKvTBXXtra1rW1tj8a0mzP9uRLfT6g/PG33C7WA68xSW+jQXudptuv5EDqi319D7RfNQoQweVsu0SU2eJs/rxHjsQUMMN7zAZXg3BNhIYoYiM0Chmg6oIsooaHe1+Yds7HY6uL9Q1jBtPCah+2QrJmTHsDZyfwoPNyLK0aISolYwDGpgRsUA1GNIc7h5i26IubE0Ch1hAs359W1+FBLdhwNE7JredOtamOyG6jTCceCcIh7H7j5Uffs6AIxjxgjEtGXPoJJEcIsveM6qXsz48LDhYtr6Exv9r2TD2mOPuYrgAdb/4SHO/TO4CTY5TKBO/PzoDbgDS7i3MBUPb1gvTbjwei82a/0ri2uh8PDLT1lOGR4GuWNWE9/82KqWfODWseCPEk/E1H0R93To/r6KF6gCqAw5nfpvPNut/719T8Du9MlTz+VeecHF+1/LVc6AKYLaLpPUwDOkaZ/gzCWr0KlzxpX9VB6bfGmMpwnoXdeijBvTTDGOOsfO+KjA1WSHv5mFTeClj86a+OwyP1RpwMB7szAw7X7baCbf6rtPt5bRxUmzE/b4zlHwgsOgwSH66TeW4xrLxQYnIBOp7vs+l5vh/qbd3j1xZTpv15Ya74aHr/J498zoLoIfA0H441ucT7oF01SkOtvgl6r+qh0bu5pv8j1x+boZbHraW85j+HA+QJYPh039U3YFwjoeuflA+dXsflbN1/VuJb+UcxHnekD5+nakn+QbnJb7xruNYdDRgXQg4EzBPkq89MUTLy/A+dw82gDPeL1Rktflf4Kk/f5BROnjlrYFNer0/ByvaVC67UpzdvX/2KWdH1dyf9iqO4DGYeHcz3l95OR9bqV7197rj/2/gWqIfPTtjpKv9vWgPm5gYNrHcqHY5B3HdDPhlzGAmYVhw+nqP/pauLgiPDE5xDQuZaD7tlOTJ7wRI5PHbGsvL5foDI49MB3uYEAACAASURBVO6KcOHh5mlrPzt6DXj6A163GGUZrpy+gnu7T8EwApA1bcuuDyETzcvEJAgVCCLPMNnawWR7B7Oje1hKia3pGIt5vQ5VFALFKEMxHkNk9cvTEhnKxRxFBiwq4PjkHAeXBLZ3dnDt2lU8OHqAS5cu4WD/ALs7u9jZ3kVejLCxsYnReASIDGI0QkkEGhUYTycgVKDmYw4SOUoiLEUBEgVIqAjQZm+6OLUbVF93H4wQgEsPvogi0k5idgT9/tuK4N93vpqiz2tc41sIaX7eadZjUJ63NK5o6xeg38hGBJIlIGX9JwREMUL9srLtHGMIHIgc42yCS/kW5jhGdn6GTB4jg8BodBfj6T1MNu9gtHkAbF8B7d+A3DxANtoAxNpd1ra2ta3tzWJ2VCVAQrt6aBMNdSSpf4R1SMNFux0g4zhXPiRQf5wqfJza7SAYi0R6jjEOBydAe+mXTE4ECSDTtjsRGhIwOKKCB1V5Y9yLLSU3Am5eNza6++EYdzQ1WxAdxJ0RTdS59Eggws2hITkijsQQjnx6IGLcF7mkjVygqu5YoCXHAmuMq9ScXxAqH1DuEeW6+dwheMJHbJHhZSFPy8pLMa6Scu5FrgIR3ozzTgYoiGjTq/Hu4B5U+qaXxMVXQp8uJ+q1avc2YoKHWw7rdGDdUpwzoHeUyF0LlpyHsKswWIXRR8e8GItgEopoonSYcw27caTK3zQP55ZgdA+cAr1h87jbm6i3lmpmzkOo0nNu1SbMvZaqa67MfA3WBy/aWHmjkUW5Pno5NX7WE/X0DkQi1ypglEyfrzo5AqjpnB9hcoDlE+bKvP4Z9Def3jm4apu+A+yiZ0C+C7wH+TzQ0NcLma+q5hrIzeHickOTw8317tGqF+cX2zv+2xgPKrO4quPjonect0hhrmcQbCA3T9WxwRiZn1rH6em18sZ+acC6QUGnZya396vtTk4eTpy7UL1wo/xNvVij5MvmSv9a3tRAwK7RhYyoiL55dTF1frqiXnfe7eHk5t28NMK1lkxpDgv19A5EIneZ8iNFfNw5zDGse9r0ifqtLMatiqei1SCOBjIKxnhyTwxE37ocvw9n+qY6cNVfkFpVn7tWUOVUxTW56zpkdUfjR22OUX9j+sj1MpkHkMKoBrIzougq+vao56eWAHl4aw7uGOAXv77VE9OGlT1fVf8IB/egqr6exwVfXVdeb/C5k9e9lPXWvxjv2TH8BgNaRTkPYcRjVp6/xuanbXVUOnTpjeHo5tY4Uuk5h8tMj1S6FuQktOaL65/zhXDOQ6jScw6Hngb44Pmpb75qDfDYBEcNKHU44xdlnuHk5TpV1eQ8hCo958evQzy8BWqiQLtG15XqIe4Zha9f0BYiM4UywQQIkgCIDAAgqYLICmxu74CWc1CWISsy1C/9Vsiy+iXovMghsgwSAmVZoiqB6SRHVkwgRY5KCuwfHOLZZ5/F3Tu3sbe7h4P9PWxsbqOsCMfHD3E2m+Hw8mXsHuzVL1QXBTAqsCyXmM9PABAkEaSUkMggxQjIxiBk9fjiFwpfHTWfkQDUHAlEuLR8UIe29tn5EXD+APy5zcrYV6/XuMY3KdL8HFSVX/FyrFHDFWz9RusbyWQFqpagcl7/LWegxTlQLkCyArIM2WgKjKYQxQSiGEPkYyAvILIcOQQ28hHGxRS74x1UoxPIxRJS5Tc7gTh7CHF8GzTZQrV9GZg9QL5zDdnmAbLJNsR4AyJvXrK+gDfw17a2ta1tbV8hE2gXhGtuxnAwIoE2N2e+CKF8Ba1jgQWKQSE21IIJjyXtW8Bw8AaTIogCbYsIRHizOFdfGjkPIMIIH49U31gV4zzFYgVjqL4QV2Yur3W8LZ6KyMF52w0J3Mg3MQKThnX5I7xvQ/AGGRhxxWw9nTf7hUL04/DwGCYOU2N4G+UPc+8BqQOkpyVFCOUvHKDHAzQxELX06kxJC8JMv5IwKiC8Qx0d3Ogd58JwAONKY/BV/U24ipOCbEOMxx04YlazijgPnNC8Wne6xvnFR1xq0BtxqUNVj5Y35VP5mPVK7BDvBZS1l3WP6tPThqe4+wX4m8V7Vi/VHePzA6UDGjdyiXDh4c2mC48Q6ph/Jj9gS8SgvmodzyM0BfWw3RjhRFpzajwkxyxHF4/6Y19MzT9xPPnnq1EPZ3TgAPPUwNJXFWGJ8aQIoZynYIJ+q3oYXMsn2F7WhF2w/uCcZdXzfqLv9Xaov1k8Rb85B9DN9Dzce8JIAVLnW5H7V2eEUM61/B75fNWJ6uwOrukbjxjarS9onfyI718tOfFk1/Ih/ubzPycKkyfe34Fzlp9dIw/2uV/lPAF9EUI5Xz2CPUzeDqM411tK11POe1Tb62+9LeV2TSubb77gRRHDZiRzDg8H40zfHrcIofx4gltPvTxpnqqqo/Q6oJecCxo2PGHzJOvZ3DG9ttSID6eo/wkjH0svY7xpqP6/WGYifHzoBBseHkPmABceIZTzVpf9/udEdFwZdxcBbXhzfkH+Z5nlkGHkEeN980Xh463OofEvH9cQQssngkzHYjztBi2Ag9Yf9cY2udK7lgs3r/0qwPvVQpsvJBS/ScCrk+R+PYe31z+jJ2gYG4A+LnSOzmOjKDw8hr70rOIWX/H5SsIAZ80pjN3dfJVxmPwi/c3CPvlrhePNEeR6Ir1+R69BNC9Au2yvyLF9fhenW5fZHlMnY1brHkEgAzXqhiwHSOLK1WuYFABldaHzvNa1LAOKIkOR5xCZwGJZYrmsUC4rTBYlkI+Q5yOcnJ1hNBkBAhiNRyCqUC4XEJlAJgQWZYmMAJkJiFEBUYxAWQYiCUkSACBlBSklFiVAKCDyAtSUtdbZug6x+ZbqK2r+rdd1CFtnd7AbevkZgDi7X7dMe1hcgXzLC0E5Rw9/W+Ma30QoZ6ePRTnWWOOqtn4B+g1jBKoWkGf3IU/uoTq5jerkDuTJPdDiFCQriLyAGG8i29hHtn0J2dZh/f8bu8gmW4DIIPIRxGQL2eY+qFwAECAhQOcVaH4CeXYPqEpACJSTLeR3Po987zryg6eQ7z2BfP8Gso0DZKMJ1hGh17a2ta3tDWwESHSLRPXMgoxDpJTm4nyzyiMlNesBKlIHdZmie9VNLfI3Z0C3qNUdz9O3Oajy9EE9fV0ArVwaT8T2prAtb9d45kQsxvFoFjhizcKPY+mVxbjTHBkmRwDR2sTJU5Hn1wu7HiKdtuVWHaG2O7jZwzZfJQLBqhhxsEEvTFiRIJR/efa3uQ3jyozm1qoRbYaIRSOEajpQbyZ9t8YHIAGxiE3gnOVj8b4DaMUR1FlMcDw8ZtrpVLIgZ0lXGkXh4ZOk18qMa6xe/dTmjTRPjKtz9ZMjfrV28GZVl8jNVYbE9G3FR1NI0bdBL0xcoF5bD/A8vD7a80KEtzr8hQkPUgyJDUdqShfmnQU4wa9jPt1jetY/4hLDWH4M0Yerhm4rC0fDM67M0j9izcf4QH3oZUZ9On/jw83ginr0r+/03dt8HlTm5Kw+Q2TG8m7WZzH9a/WSc+h8IGqCQMLDYxMm34Q9pncXMV9VDqN6LOhQNlf6Z3Qv2Xw1f+NxxnpwAmIR1pUnWFwpTuT+1YoQyrlHx3rNTznvg+3ZSSuFVq62uB4OGNsv1FYRGF+5KB3VaXhxkounhjXnfTBW/aa8fL5ac63E7c6UGnWcj2CDazo2OAI+eXgiguXn4+l65+sAz/7WPA7Z+pOH602/olm91+iYWT1i1WCc66Waf6rt1BMRRlXxGO8GZBit+Ssb2BaPzlNh8jZ1X+5AraGTL98x66FvF25DhpsjucHTuj15PmqrhPBzTcDr8eHjuh5Ezszma71+Ie+iMUGvffPVVl/V+EjVO869lurwmjmbnTsG49Y5GNfmPUrX3LzTNXWArnODkBCdn8Z+sVLVh89XlT7z+aqFvnYxco/zbn7atJ3g3IPs7BbGiu+pzoXIX3/BScuzDyYUL8Y7veNypj4ECvCQfsL1PCKMKmXsg/fUC4xXx1Lnp775aiq2bZ3G4eVm9VJu7+nOSxBPvBsopl4fuTa7g89tXe50S2TNyRpPEQD73WHLVCTlAgRC/cu8ACByge3dTaDcAlEJkjkyALnIkGcZRnlev3ycZSgJWEpgScDxbIGT2QybWznkKUBZ/fLzxu4OJuMRRpMJkAH5aIS9K5chRlNkm9tYon4pGhlQkkQpJSopUZUVymWJZSVAeQ7kE5RZDinyuuRStm3ur6VRYQDdx5xXTm8BWeD4agGc3WPTA9K7138qn475dA9rXONbEGUFOTsF+qZb4yPFVWz9ButjbwQqF6DFKeTJXZT3X0F19Bqq49dRndwFnR2BlucgEERWQIw3kE1364jNW4fINg+RbV9CvnMF2XQbyHKI0QaynStAMYbY2IU4P4Q8P6r/Tu+BZsegxRlofoZy+TLk2RGq03soTu5Cnj9AvncD+fZlZNNdiGJcf4nlKjkRqqpqF3aEEMiyrP3KT0qJ5XIJKSWIqJ6wjMfI89zKR0oJKSXKsmz/X88zz3PkeY4sy5BloZlClx8RtRNu/U+VW/3p58rzHEVRtOdK7sXmnHqe6vwqb/2rSH2SJIRA1pwvz/P2OG5G/lUFyfLPswy5VnZvPiRRUZ0eADLUbZyJLDp9IzQ/BUJ1v1OTPm98RDZfzambVTOtVmcAQmTIRXNeraz1OZqJJ1X1xDgrkGfx8vnqu5QliCSy5ny58Lfz2tb2prFGa5SnU72p3qW4dhxR/Ss86v6+2WWvZWnbG1Uz82vzjyxwtJ+iu7gZkc9AJGLik0IiglAVV+lFF5FB5ScQ4WIgIoRaGzcNbvGmY51c7zPGBBdpq5MHYqK1fsa6K9h9ajfnTuQRTTjyCCceruWnNw1pFa/Hj+ocxi8qYgFHEUYeoaa75umjNoCuiBFO1Par3Dk38je5MuGp3kX5myFQOg9hWzjGA9m1PNr9KtIe4+3p4g/YYj9JqAYKj+jvj/AfQJ8exzAx/74Rw4wI/pzDoZ+cCzV/Rj+EifDxIf7m878UYwXT5MjDWUQT2HoX5E3EqUcZIbWuT5wbGBWMSAMlomj1W+Xq5u1ZWx32cY4sfV+MDEfjWzjOU2xowVrjA4TtbXTL4u38IPUB20AUHq6hajiDw+ZJmDhfNV+Y0DsjcgFjHd5+lCjCvPPfcLem+l8QHfnAx30HDPZHbuwAFlGL8y4Cn8a1fLoHZCYP6V8S8uNj+SrU9Ezps4+32KdheQdZDhTmdoRbOPlF+1syijQEPBwR016Yajoszo1cw3rTRuznXJh8tQjR4flpDA09RTq3OzjA4eHBCZhA7AY09Xob9S/O+6Ivf14j5j48gqBT/8wc+vGhFWry8elpy1PmpxxVPpynoEOfVXFMzvantlc7X2X8gu4frLMzR7kof2txFb0W0Nbn1PYw7zLqWYC+8zelp+18td7u+yCdoOleHz1N1eegXqvSdq88QvFugdfkBG19AW5/G+B/6Y7TAJeTWHZDul+l5xxgauPgvvmMxd36FsUV719j87movqbOT33z1Rbh5q0ug+l0xzt/hHE71O7vYz2b33K4WPYeOYrNF/z+p0auh7fPGXpylp+uEAZPWrBnaHVYD31lAzT1F6haPXbqqFY753qqKr6Hq/ScW/k7UPOjGDcw1frdDribWzN+eqt4lpyJNN7m4+Me9DyPsNfnHDwFV5yfxtD3i1Oq/Om/kKq6LcJFT5w9BN1/FeLK820+yhS/VAC3zu/jfPNQq5lo/9QYMOtvWnu0Gj8iqyM+N1GWi/EIUhIqorpsAshR/2WCMBmPMRqPMZufQQKYlyVu3r6DRXWOS7s7QEW4fPkAuzvb2NraxHQ0xmgyhRhPsLU/BmUjZKMJ8qJoXkSuUJWL+n0bSZgvJeaLCjIbIys2QMjra0uWNRqm/6WZaonN83s4zMLpxNk9iPlJk8jWwd4Du5deq0LY+40P1Nf71/vfwPtV9OfHtXxvxf2r2voF6MfaCCACzU9Q3vk8lq9/BuXNT6E8eg00PwWV8zryMwDkBZAVoMUZ5Ol94N4XgXyMbLyJbOcKistvR3H4NPL9J5Ft7CEb30C+ex0kl/UL1st5EwH6PuTpXVTHt1E9vNm8bF1Hm67uvYz8zudRXHo7RjfejeLwbci2LkGMN+ySU/0S8Xw+R1mWABHyPMd4MmlfcJ7P5zg+PsZ8NkMlJaaTCQ4ODpBvmPmpF6VnsxnOzs4wm81Q/v/svdmX3EiW5vczAL7GyoggGWSSyWRWZW3d1dL0LDoaHelPl848aF5Gp0uqyqquJTO5k0HG6u7hGzbTA2BYDDAY4BE5zayJm0l+/OAwgy3XPhjMDdeDEInEcz36/T7D0ZDhMPlT3ExcZ3EcE/h+tplaCIHX62Wbm6MoYrlcslwsWCyXBL6PlOB5HqPxiPF4zHg8ptfrNV6n2BZxHOP7PsvFguVqhZ9eX8bJBMJxnWzzttqcrHJ2XZfBYJD8GQ7xvOqwlVIShiHz+ZzVaoW/XhMEAVEUgwAvzWNra4vhaES/ZqN54nGSSEYsgiVBFAISz/EYeH16Tg/XcclLVk0bx8lm4nW0JoxDpEzSj7ykX1bhmiBON72XltPyegA4wqHneAy8AX23h0u+ITmWMX4UsArXLIMljnDY6W8z9AZJ23V8CgzikOlqRhiH9L0eA3fA0Bvg3UU4v7O/d5MyeyzLJnpqjkH+KFSccKhnHqkP3krW6flAcem8nC/kEaYKXEIs1PObTI8XTkJFrs4OboRJ9nmFWvFCuhKvQwmtIyrovCUqy7is53nHadxosuwYKq3oiDcymfmRqoyJS8Wp4waUNW/o66jO17kBsXFZz43Y0MD5BjCNFx8gMmpZoC0sRtVzA8pmzPxRZv+s5Ybub+9ft+JvNXnYZMSULj1W+o6lplvtEUoK+sgGXMrycVlGdE49r8U2DlBApW/FkrbhJTTpsAlVc+ucGi6Lz9cJVyeo4xV+U2v0t4IDmXitQCtaqlABVT1yXUPTN5uOtUZrBBMDb6nX2HhmNsGocoksfMmjcZnzRrenAU3d04RaPpvWLrOb6FtdXrc+P2g+SY8Uao3gr/NML1ughDyyVDtEy8fEW6M+AW/AshrU6GuN3ll5WpIK3xBVcYzzBZM/Zgdr9E7nlQFX4DeuQbcbuikCX63etpmf3nC+mjdvPc/drpl30ge9u/LqVvnt9k6X6UqjXOnuY5wftBXsTc30XGfilYsWOlBVvMCtEfyVnul8U5TdEC19iRfqU+K1HVzwZWp4Tbtp7qxxWX+5tv5W53/Kr3RuxLxEFd6iBrUjoOsDTNOINAlAF7SMeOt81jY/VcMn02sDr9NPKe3No87XORualoc2nKtcS3ozf6vBunw7oKpP5/mBrPzD3EBNA896wY5oes42PZfruqjp280j9NfkW0JKHJ1LA6/chyhbCwdvNT9o9De1kbEDl3VcR+UO+Zm2CKM/lr5ZsfOCk0Gg6iYwSt90LsnKn2dn4Jo7dEbZjJVhRz2vtTbNXK5+q7tpY/YmOTKhKR3KjWSVl9wrSWjk1oFr6SFTR7TusAZs0UCdI/Zb9K+6nkr5uM4x8Er+1A8/G7+BKT2r5TLnefPVcBpewJGSri802l7sMelrrd620jcDb5qv1t5wDDwzm54a+sikWy2HU+MoatE81e8jtHxOXyLu/6xRJY6XH/lhfFDSvuwsSfbiS7PFQPL9VdJ0AonA8TyG4y2cfh96EC6Tz4f9AQO3T89xcR1B33NxhCCMIla+j+/7xELgr2NEFLO9NWR3Z8RoMGA0GiNcD+l6CK+HNxiC4yJlhETiSImIAmQUE0awCiTLwMEbj3HdMQInabBYAjJ90UIistjVzZa8ZAFIycPr99gaR16fk3dOC93sgla9pvFzeff53ed/B59Hi9lnXb7/UT+/id3t8PucLQqR/oJo8oHg5C8EJ/9K+Ol7outzkBG4PZzhDs5gG9EfIdweADIKiP0lMlgS+XNif4EMVsj1HKIADp7h7h7jDHeS60gJMkYGK+L1NfHiCvf6lPDiHiCQF6+Jr08JF5dJlOj1PEkTR3iOi+N6CMcFUY6IvFwuOT09ZTadEgYBo/GYh8fHjEYj1qsVl5eXvH37lulkQiwlh4eH/PJXv2KYboBWEZ8X8zkXFxdcXl5ydXXFfD7HX/vEcYzjuoxGQ3Z39zg4OODhwwfs7O7S6/WMEZp93+fi/JzZbMZqucL1XPb39xmNx3iex3K55NOnT1ycn3N1dcVyuUTGkv5gwO7eLocHhzw8fsj+3j7DUbIh2bQRWkqJ7/tcz2ZcXV1xdnbG9fWcKI6QcZw2fUwUJxGXBeC6HoN+H8d1iOOYwWDA/v4+9+7d4+DwsLIBOggClosFV1cTPn36xHQ6wfd9ojDKpu9CCAbDAbu7u+zv73NweMj29nZtOy2CJe9nJ8zW10hg3Btxf+uQ3f4OAyFwRX3E71hKgjhk5l9zNj/nOpgTxTFb/TGPth/iOg7ni0tm/jXrcE0sJZ7j4goX13GTtooDYplMEgdun93BDjuDbXYH2wzcAUIIwjhi7i+4XF5xujjHc1ye7D7Gcfbpi56xfJW+AaSMmftz3kzfsQrX7A932R/t4TkunnMnj3f2920ScER1QTj9H6RamCBboFDfiKgv1NTneY6JFhYf76VU10k+lyQ/alSJgNcq5EbxfMq84wJGuwiiactIQX1E5rzGFZ5+OSGEhevn1+ZXg4bmM/EW6y1l029rxoLUYyUgEfU8w3Lzc3tvuHeNyKRHYKryTg1wSxFXdKxEbC6Uv8jzwwZeqmUD7zhM20aIMFrb5midoWZWuVAbygtcXaTAdf3MuNAWcMWGSMsFYTUwdN6ETQ1gw7YOoOmdOphvxjNwKTfyt/RyZd4GRT1i423NKoA6Njt4wRvreY2+leWmbQQmA2Z63AFV+pSreqnjJp7AhmhovwrXblh6hMNarnK5RX+zYrva5Pd/nTdhMTPrfMFwAdGOmyIw6bzyhZrOm1Clb/kFW6O+FoRG5424UYOLVKfV6TZe7S+rf9zU/wz+aETbdL6ON5pWI328WwvcuuRAUV9TbozI1EL/2qBRvy1YSK/Kr47X89Q0fWvFu5ipu0Qz79ZLdn9rNX9owLz8ZT2z8faCrKwyIS2Mezvm89WW+rrpfNWU3oYF/dIjhhp53nhY9dP0ANK6g2m0yuk3mR63QZOcGbFcwmrEdEuFf+TnV/OAF+nl0xJa+I8/X0XLL+fFlqvwtgKGgdus5eOZ6X5quvzm/qZjcuE8XwvP1t1Uect61rQ+txF2Xm8sc5OeZrzN/NQ0X82QrJUqXBi4qOPl4VnihVqZOGzYzDew1vMDHbPTRDNPGybvbhMvoEpf4GT5NvPNn19bYvb8qnEDtv8FEtWdGhcGLjryLH+z+wgoLVcpGfgx/a9ts2en69yQXcYNetfIqdNPA+rfV4h6xMbbDviO81NbB1r1NdU39Vez/tXoZUlPa3CD6mTpVfUKfW/V147DveJQNlMVU8m7rG+Re16VG1BsiJZ8VQlqIzo36J35BtgSOy6ImH5BT+cVf9N5G3/bBBuao7F5ijZ5D5dv4d6Tmg8TO3Dh7PoTs+1j0hDKaWaqoQDhIDD8qrqIEXGc/PowIjlPCKR0wPHo9cfJL9E7kjCOmM1mzC+nxGHEaDhg4PXSXyEXCNFDOJKFv8KfrhGix/XcZ3I1ZTzq47gefigZDIf0hkknhKFPbzDA8QSCmChMfsXdD2Iup0sWq5Dx7gGxt4UUQ8DDE26iLiJK9VQmLw20XDMRwM78hHuiedO0WJwhFmfkul3MwcKVA6VcBUhSAlbmldNv7n93eIc/AYyX14go/Dcvxx2W8aZ2t8PvszWZbGCenhB++o7g/bcEp98TL6cgI3A83PE9vKOvks3M431EbwgIZLgiXk6JF1dEiyvk+pro6i3x8pJ4OaHvL3D6YxhsgxDJHxxEb4DjuIj+GHf7EGfrEGe4jTPYwn8XEE0/ES8nEMesgxUyWCIG24j+GPpjhJtMXlTE4+l0yl/+/GfevH7DfH7N0dER/+E//Sfu7e9zfn7ODz/8wP/7u9/x8eQjjuvwzTe/4MHDhxweHiKEyCIaf3j/gb/8+c+8fv2as9NTprNZEuE4jeA8Ho84OrrP118/57f/9E98+eWX7Ozs0B8Malt2Pp/z8uVL3rx+w/n5GcPhiJ9/83MOj45wHIfz0zP+9Kc/8erVS04/nXJ9fU0sY4ajEYcHh3z55Zf8+je/4fnz5xwfH7O9sw1QWVxW7XA9m/Hy1StevnjBix9eMJvNGAwH9Hs9XNfD931m02kSbToI6PV67O3v0+/3CMOQnZ0dvnz6Jc+++orxeJxFuVa2Wi55//49L1684C9//gtnZ2dIGaeRo5Nz/fUa13XZ3tnm0ePH/PKXv+SLL75gb3+fQdpOEomUkslqxp8+/YV3sxOklNzfOuQ3D36Jt+PhOm5t5GiAOI5YhWtO5+f86fQvfLw+JYh9Hmzdp+/26Lt9vr94yfvZCZP1DCmTzdEjb8SoNySWMdP1NatwRRiHjHpD7o+PeLxzzFf7TzkYJZuSgyjgcnnF68lbvrt4Qd/t03d7DL1BspnaUL7KCJMxYRxxvrziDx//lZl/zVf7X/JMPmGrN2boDVvlc2d39pM1mby4IETyfm0yucgXhZJzkn/FcXGRPjucfSmZ7b1LUyZ/5zplffNePWwVjid5ynTGU4eielzLt4KmN8mMb5jZECMvT9TyyAuqvOUFDQNXp5uwqXnqUEuvrCvPqmwpYOVFey3DSqt27SY9/U2w0GElXlOPfBAU7/s1XGoZ1nLjBW6GN1mQNm2gKJTXHCGngNhQ5d6CpxpR5IXi1n9BYjOrXJQdzRT5KE9m4jUoYeOITZre5eWq55vrWwdUQlPi5MfruDKda+3c5XK1l98ElR/pvAlVep2roqflmDtWngAAIABJREFUrXBp4BbTzzFxlbdNfowRP2r1WmYLulK25JS56rF81NRxA5ZvqC07yKB3xhuWBZtvEI2YtwYFXvhc6Z2ksFFC4+psnWd6bRiGJtTOy0tn4g0eWBqgegFUs5ULYIwwqlAauAlN6VoiLXk2OLpOyOrarciz7G2cWzfT8GrkOa3Hrs1ky8+CykrTNWke/sYMVJvUtFHxg/LttUH/6MINKCW2iNDoXMvHqH9t8Uefr6qPDbzcwyWu9E81qPKrhGv6uLG/6XHHClxifq7LukOm/igL98Q6fa11MCu21bFWKNl8vmrAvFoteWZdeY3dRFCa8uyCNcXpysv+1hFt1dbHh4aqHrb5Qr1ZapjpVl7Bel5ApW86Vyg7YpP+FlrKxhtvoF3mpxW9Vm3VknfsoSZrNz/Q9E/po85VMik1P5PNSDOqOrbi6sLqeIsB0GZdsxNWdJLNuaT144ruHhV3yT7oiLdpVgGsQVt2Nd2t8xJi4JugVGvqajxUuVqAyHjaADrPC13HzdhWxzbCFvNTm35XyqXpc+5vhnpmdlNeaBadb+h/SR4yz0vjSudKvJBpG/1rRFnU55ao0utcKVBaXqXPVm4REPv8tdAaBfev6p+BN1690B1tUUtXKF0jr7VNhEWZTb91bsIbWGW4pDqmczOq7wlqOKkqyJTLJl7zfYSsecG9gddii/mc8Rf2bPPTtvNVqw6rvqjnFLl6INB5bfXTz6VEfvoe0bABGuCL9Sl/3noEMt3kLEQ+WAUg8xdo60w46n6Ql0+ke5dc10FKiYxiojBkvQ44v7xiOV0gByO83oBBP8D1VuBGxFEE3gAfl8vrFU4Y4DrJHqhV5LC9loxGa8ZbI/rDITgC103KGEUBYRgTSY/5KmTux/TG+9DfRjojcAYIKRGxTDxIxFm7i4IfVyuY6mJhgBwvPpYHTI3J61OI83Xh3L2ktjwii91NRmSZZ2mkzmtPt+vnHd7hTxzjxfSzKMcdVvEmdrcB+nO0OEKGa6LrM4KPf8M/+TPh+Svi6wsQIAbbuNuHuAdP6T34Bd7+Y8RwN90ADTL0kesZ8WJCND8nuj4lnn5Chmvi6zPCi7e4+08Q/S3EYCuJHC0ECA/heGk+OwhvkEV2llEA7oD4+pR4dY0MfQK3h7P7AOH1ce89QYz2StVYLha8e/uOv/zlz1xeXPDw4TH3HzxgdnjI+3fvePHDD7x585aL83Mcx+Hw8BB/7SOlJAxDptMpH95/4P37d1xdXWWbg7e2xvT7fdarFfPFgtnsmsV8wXq1wnFcfN/ny2fPODg4qI1wvF6vOT095YcXP/Dm1WsGgwESyXQ6RQjB9WzG9WxGFCURpl3PI/LXzKZTJleTLCr0fH5NHMc8/uIxo9GIXq9Xrv9yyfn5OW/fvOGvf/0rHz584Pr6GtdxGQ6HjEdjXM/FX/vZZu/T01OCIGDv6or9/X329vYY9Af0+v0k0nRalziO8X2f+fWc9+/f8a9/+ldev3nN5eUlYRAyGo2yP0IIVr0e6/WKi4sLlqsV6/Waq6srvvrqK47u32c0GuF6ycbhZbji3eyE7y5eJO0VrXmy+xh/HCCl+W20GEkYh1z717yfnvBy8oZ1uMaPAn519A1xT3K2uODN9D3niwsc4fBo+wHelse2s0VP9BiGPn7kswrXXPtzputrZn6yAd2PAo7GB+k15llePcfj4fYR2/3tbDN0GwuigMl6yofZCS+v3nDtzxn3Rtwb7RNEYas87uzOftKWvqFcfMYS+UdIys+96nxJ8h5v8QGr+JxfuoRKrxZ2qeab5a8fTx+I8xe4NY4keRs4/7x+hdLAu34hRc3xhhoJnRsiLFiRDTFt8CSbPIJOCYu+UH5iLi221vHs24Ji57VBDFw3U/dp3dXIq8nMKAzciDeMENUmYoGOrRpYLSxtiGn6SoRp6nmGdRFzbFgqtYWLeq5Xt8I3tdaOU8AW2WU87VZ1sLUbqMuJmgXhJm78ws2MRc+2LhDrEWNESzSlt2CrCGEVvdN1sujNGhcGLup4AWvTl/u+lm/SHF3MVAADZv6JgdfoXYlLod0uW/Da/AxYGPAlLuy8hG319Jb1Wl/sr+ir0rusuAaOgVf0VMNNhmepvBbr6G9GbGuV+UGiY428lX62RNEdi55u1deu81XL/NSqr6X5XXuee3e9/nX1vxLml2s9/VRmnB/ctv9lXOkAmi6Qdl9BAXROO/3bCG35KlT6XOCqHkqvKzytjM5boXFeSjPPTGhM41r/VCM+1qBK0sHfKsW1YMUfa2tTY5bno1wHGnhtBgaeNUz6qfrCOj1u4p11VGGL+Wl2vs5pscFhI8HRdbLYWxovbCgocQm5TufZdb3fbupvxuHVFdtM/4uFrcxXm8dv6/FvGFB5BL6Uo/FUt3S+0S+atEFdf1votaqPSlfPDe1nuf9UOZ3Mdj/tLOc23HC+gJZPzsv6Jqo3CIp6Z+Qbzq9s87d8vlrghfQ/xny0Nn3DdfK2TNcL0uLpEfyrepdyo9U4pFUADdhwhUZ+k/lpG2z5fIfOqefWBvqR1xsr+qr0V5R5l18wqdXRCqbFNeo0Rl5sqab12jbN29X/bNbq/noj/7Oheg7UOAau66n+PGlZr7vx82vH9cfOv0C1yfw0q47S76w1KL9uUMMLHaoPx0aed0A32+Q21mCV4ujDyep/RTWp4Vh4y+8hKPJCDkXPrsXWEx7L+W1HrFZe0y9QlTjF7rJwYeDly1a//7p4g7h4AwdPje6x7TocT77n071fsIlVtkbLGCGSUSoQiFgiwwgZRERBxHyx4v2nT0zma4TbZzjew+sNEG5IEAdEuEhgvgoJFivmy4Cz2ZLjh0seHUsO7m0jHZcgFgRhSBhK3J5LGIYEYcR04bMIPQbbRwy37xELFxgQ4eDIAOK0vI4kTnVGbc5vYw/O/8ZW5f5eNjE/Q8zOUvcQmL5fNurjDeend3iHf+8YL68hDBCfSXnusIA3tLsN0J+hydAnnl8Qnr1k/fpfCD/+lWhxCQJEb4y7/5j+k98mm58PnuKM74HbA5FGvpUxxAEyDJCRT7ycEE1OiK7eE16+Jl5OCM9fgePhHT6rbFxWJvoj3L1H0Bsgxvdw9h7jv/x/iC7fIEOfaPIe/9W/QBwxGG7jjHahMEUJwpDJ1RUfTz7y8eMJ19dzHh4fs7u7y6tXL7m6vGTQ7/Hg4QPiOGZnZ4dezyOKIhbzOScfTvj973/PbDbj/tERz776it3dJLKzlJLr62s+npzw6uVL/vyvSYTo6XTK6ekn4jjGc1129/ayCMfKojBkMZ9zcX7O6zevAYHreZydneEIh+3tLb589ozf/MM/IIRgvV4zmUx49eoVv//973n58iWfPn7k48kJAI4jePT4cWkDtJSSy8tLfvcv/8Kf/vgnXrx8waDf57f/9E88//prHtx/wNb2FkIIwiBksVjwww/f81//7//Ku3fviKKI7e1t/uN/+o98/fXP2NnZZmt7m62tLaSURGHE1eUVL374gT/+8Y/8t//23wjDgH/4x3/k66+/5jhtZ6/XQwhBHEWcnJzw7R/+wKtXr/j+u+85Ojrkf/3P/5nf/OY3PHr8mJ2dHRAQy5hFsGC6Tt562fd3CaJk87OUFt9FEsQh82DOZDVlHa6Z+wtiGSOASIas083N496IveEeX+0/5cnuY7b6Y/wo4CKN7vx68pbXV+84mX3iajlhup7yPx//lr7bw498FuGSRbAgkjGvJ+/Y6m2xO9hhq7/V6rlvESx5PXnHi8vXXCwvCaKAa3/BKlwRN2z0vrM7+7sxKa0PZHlkaEoPtRkW5iS1l0hHY6zeUi3mKykFbNB5grLM0xxk4QomLrRPqDkz3/Qry1zmPEOhceDWIioYUJXXxo1Y7Kg6hHqeNHah8228pqm1BdGNeG1EE3WtYiQQUc8poMzfyO8ckWRDxMZNkUuyyAWq6jULtLJmgdXGVWqd3xIqH1DuYeVFM7lD4wV/ZLMMrwrqabXyShtXSXVuRF0FLDwd57kMyEYkS6/Gew03oNK3Yknq+I2wTqebsJi+0O5ZxAQDrzhsrQMXrY1zNuidbMnrFix13oR5hdEqTBcdM6ItgklTRBOlwzovYD6OypOQCq8IRv6FU0NvVLnd7ctYbC3VzDpvQpVe55XaNHOjtdW1usxMDdYFb9u08loji+r6aOQy9bOOWExfg7TkhQqUSlY3Xy1xGrCgc2akzEHLp5krM/pno7+Z9K6Gq7bpOsBuewZkusEbUJ8HlvT1Vuarqrk25OXhUueGZU49L3ZPoXp2fru9Y36MMaCyCld1/Fz0TucZymZezKCxgep5Wx3bGC3z08p5xfSF8tp+aaDygEKuZ2Ve/Vwdr+XSwKXO61BtuFH+pjbWKPmqcqV/GU9rIKjW6FZGlEXfjLrYdn56Q73OvdvAZT3P56UWXmjJNs1RwWL6GqQlrzPlR4qYeO0wZ7PuydK31G9lNl6peFusNEhNA5UKpvHWPbEhmtbl9OdwTd9UB970F6Ruqs95K6hyquKWed19qNIdqR9lOVr9TdNHXS9b8waUzagGcm1E0Zvo2489P60IkIFnVsNrBvjtr291xHbDqjpfVX+JGm5AVf1iHrd8d73xeoPJnYzupayz/tl4x47RHzAoVFTnTWjxmBvPX23z06w6Kh15+tJwrOeVcaTS65w6K3uk0rVGnm7SzOafFv2r3RCu8yZU6XVOjZ428I3np6b5amWA2yY4akCp0zV+W2YYTkZepKqaOm9Clb5Jr2VEfPI3nHtPUC/t1anAFyyZrS5YDg801xQ0WvqMI7NzVeI40TJH4iARYQRBiL/ymV4vuZjNOT2bMl+ucXoj+sNt3N4AKQSxFIRhAGHEOoiYrxZczlecTxacnl1xdH+fg6MDRqMRjuMw3p7T7w8Io5Aoloj+kPH+If2tfYKQJDihA8QxkriwmV7mbae+5LbYcHnBo2jeeI5EwuwTxFHaRu30rjN21es7vMO/F5SS6Prq374cd2jGG9jdBujP0GSwJJqcEJ69IDx/RTQ5QcYhzmALd++Y3oOf03v0G3r3f4azdYjoj5tyQwZL3O0jwvE+wu0Rr2bI1Yz4+gy5d2xO6niI4Q6uN0AMthHCTdL4C6LZx3Qj9Quc4Q69R79G7jxAuH0QTrLpNo5Zr9fM53MmkylRLHn37h3r9RqB4OjoPnv7e/T7A+I44tHjx2xtbyOlJIoioigCJKPRkONHj3jy9AlHR0eMx2OEEMzncz59/MhoNOLy8pLZ32a8ev2KIAg4Pn6URE8eDisboFX+q9WK6XRK4AecnJzQ6/V48OA+R0dHPP/6OUf37zMcDAjDiOl0wvbONqenp1xdXfHh5AQpJU+ePuHw8JB7BwfJBmIgiiKCIOD09JQ//vFP/PHbb5nNpnz57BlfPHnCr371Kw4PDxmNRqXzPc/l9evXzGZTJpMJy+WS0WjE4eEhu3u7WT1U5OcPHz7w7bff8u233/L2zRsOj4744vEX/Po3v+H44UO2d3ZwHCd7sNjZ3eV6NuP07Ixv//AtH09O2NvfZzwes7u7y/b2dnZuEIWsQx8JBHHYaUNwLGP8OGAdrVmlEaAB1NubkYwIIp/YGzDqDdkf7nF/64j94W5Szv4OsYyZrmZ8F73gcjkhjENGvSG/OPw5ruOwitasghWrMLnG+9lHdgc7HG8/YLu/xcDt4zqueVRIyTxY8GbyjteTt0zXMxzhsApXrMM1kYxa1/fO7uwna4JsQdgRFBYelOURSJQ2OE7yc0PFCKHJ8ZxTWkiouaj6XH8jXy3IFI5Lqm+2lvIX+vVyzCKolBY0cmwVQRT1eJ63jJGnD7eJ1Om8AWlGTLy+2vXNb+qOJrMVTEP1Zrgy/a1tY8QOnWfd0IKX8m0ZgamASfktvGtD6A2yYcQV7Z33Ak8/FwrpxjFwG9YP2wqWhnep/M3ceELbAdLRWkUI1Tcc0OELNLEhFtKrK7VaENb0qxVaBUTv0JoOTvVO56LkAOU7S1U/N/c3UVecNqgdsHG7A1us0qzCzhsumOtr8ncl4l2N3tUiXSMupZjpsRlVPTKelk/lU65Xyw4x3kC19tK51n4VfW3j7rfgbxXesXpt3dE+P1A6UOClXCxcGHh66NYjhBbmna2xS/42fS10vB6hqVEPs4MWLmWhOQu8SY61HOu41R+7Ytv8W44n83zV6uEa3XCAGWpQ0VcVYUnjrSKE6rwNttBvVY8SL+TT2F6VCbvQ+kPnWlYdnye63m839bcKb6PfOgfymZ6BGy9oKUDb+ZbSZ8Pza22EUJ0X8vvR56u1qK5ewwv6pkcMzdcXCp38Iz+/VuTEkF3GN/E3k//Voijzls936FzLr1ojA3Z5XtV5CzRFCNX5zSPYU+bZMLLzYksV9VTnHapt9LfO1uZxrVA203zBiMKG6UjWOQaOxjV9+9wihOrnS+r11MhbzVNVdZReN+ilzoXcbHhS5a2sY3Pb9LqiRvpwsvqfKOVT0UsbTxuq+y+WlRET33SCjYHbUHOAW48QqvNMl83+V4vkXJnuLoLC8Nb5LflfxSoO2Yx6xHjTfFGYeKZzpP5l4gVEFPKxoKZjNt7uAa0BN1p/LDZ2mSu9y7io54lfNfButSjMF1oUP02gV6eV+3Uc3kb/tF4gZdoANHFR5OQea0Vh4DY0pdcqXuE3/H6lxQDXmlOUPs7nqxqnzG/T3yrYJf9C4fTmaOTFRCa7eos8/QHx4GcNJ8GT6zf8bXQIFTU0W3afEhKJREqlDMlxVwhcQEQhsR+wXq65vl5yOVkwuV6y9kPCRUA8WeINhvR6fVzPw3FAOD3oDZBAIGImi4DV6pRPF1cMX39gMOgxGvUZjkaMt7cZb+1w+OAB9+/fpzfaJogFeD0kDqTzNyEEavuJJPHTzFfzWpX1obD292T62jq2ndknxPWnwnlq4Ba4RYFMywuNck4Hf7vDO/wJYzSfIOLo37wcd1iPN7W7DdCfm0mJ9OeEF68IL14hV1NkHIKUiOEuvUe/ovfFP+EdPk82P3sDS4YC4Q5wtg7oeQPc7SOi6Seiy9dIf5G/PdSUg+vhDHZwdx/Se/BzpL9Arq+J5mfEiyui2Sfi6Sfi3eMkGnVaJgGIdAOuEIIgCJhMJhwfH/PP/+Hf8+jRI3Z2duj3+0gpGY5GHBwcIEQSkfnw8IDf/va3COFw/8F9dnd36ff72SR5MBjw4OFD1r7P5eUlq9WaP/zh93z8+JGXL15weHSYbB7e3S3Xx3HwvB6e18MRDlEUsV6tGI9G/Lt//md+/s03bG9tMRgMcFwXKSW7u7vEcczFxQVhGPLtH/7AfD7n3bv3fPHuPc+//jrLPwiCZJP0+/d8/913fDw54fDokEfHxzw6Pubg4IB+v5+d7zgOvV6P3b09nj59yumnU969e8/r16/54fsf2N+/x/Pe82wD9Hq95tPpJ77/7jt+97vf8fbNG7a2tnj+/DnPv37O48ePGQ6H2eZnACEEu7u7/OJXv2IynfLt7//Ax48f+dtf/8re3h7Pnj3j6P59XNdN+o2kz4r/Rgir6ggETpKC4mKTQOAKB1e4uMItnFG+DgKGXp+D0T6H43uMeiMulpdM1zMmqyl+5BPGQ1bhmmW4IoxClsGK08UZu7NtHu88Yqs/5nB0wMiwAVpKSSQjZv41b6bveDt9zzJYMuqN8EMfPwqIb+Htkju7s8/dil8wqn/FFBaNBPmifHquwliqxajycbWon+dYuWp7lGB7w18Sp9qRHtfzkQbeFivlznl5Imbj/DgLHLZm0s/T0iuz8VqrybB1BJBCm9Tytqjn1wnzHpJFmpVbdYQ6XsPLPVzlN4lAcFO0ONhGGyYqkSCUfxk+z3LbjCsrNXehGtZmsJg1Qmima+qwLH5c4BugBFvEJnSu5VPhnfXtpkjOGwXHwG1WuJxK1si1pDcaRc3Dp5VeK8t4etB0uzI2r6V5bFxdq5sc5V9B5V6m8XSVXMp6rjKUmr7d8Ksp2ujbRhsmblGvK1/gGXhytmFDhLE6+oYJA0obSm04yrR0zTy3Bi4x65hJ9zQ96x5xSUNbfhrShauGzipLTcNrXFlF/6TWfBrfUB86Wak+ub/pw63EFTXon93/mpur7e29lmv12URmKt6t9ZlN/zK91DlFviEWBEEKA7dNmEwTdpve3cZ8tfCln92hqlzpX6l7ZZXfzN/0OGMduARbhHXlCRWuFMfy/FqJEKpzg451mp/qvAtmV5eFUhTKlRXXwKF0/FbtJgJjKpdsj+oyenFaF08Na513QVv10/Lq89WEF0qcfdimRjnXR3CJF3Rs4wj40sBbIlp+Jt5e70wdYPg8M4NDZv5k4MWmv6FVei/VsXL1pFYNjet6qeaf6rjsiDSjqriN5wOyGSvzV21gV7h1nkqZZ6m78hosNHTr27fNOujbrdsmw60meYm36/bW89GqStS9MK/0Wg0MNT5MvKgHlitr87VOv5B329hCr03z1Uxf1fhoq3c6N1pbhy9YbbPrjqHxyjU0Xpj3KF2r57muqROKOrcRSqzzU9svVqr66PNVpc/6fLWCpnYp5W7n+fw0bTuhcwNqV6+grfiG6tyK/HUXnHZ5dsEWxbPxXO90OVMvAjXwJv2k7vuIZlQpBc287Q3GqGNt56em+WpbzNq6HcfIy9Vr/Xhf7O8P/4rYfQjD7RpvSWzbhS8u/sT7g99on4ja89UnQia/th5EMbEjcBwPZIQjJJ4LyJA4DPF9n+VyzXIZsFhGrPyQdRARC49IRqyiJUL49Ho9Bj0P1x3geB69Xh/hgHAjEBGRlKxWIavlkvk1bO3sMNja5ujhI+4ff0FvvEOEh3BcpEj/SIlA4kqBdHJ/dWJVN5lXqEYvBPD47E9smZsisXCFmJ1o0wHDfchiRh0z6R53eIf/A2DgE88n0DXdHf53xZvY3Qboz8lkDHFIvLommp4kkZ/9BQDCdXFGu3iHX+EdPcfdPrJEfi6Y4yKcEcIbIkb7iP4IGa5AOAinhQsIB+H1cUa7uPe+wL0+Izx7AfNzZLgmXk6JZp9wr88R/XFhU7bINj8DuI7DeDTi6P4RP/vZz/ny2ZeMRiM8r1yGKIro9/vs7u4y3trCdV3G4zG9Xq90nud5eJ7H4cEhjx9/wbu3bwHBbDbj7OyMy4tLfD+oVkcIXM/Fc93k367LaDTi3sEBT58+5enTp5U0o9GIBw8f8rOvv+bs9JTvv/uO6XTKxfk5lxcX+Gs/OzcMQ2azGRcXF5yfnzOfz3ny5An37t1jZ3eX0WiUtUlWHtdlNBxyeHjI3t4eYRhweXnJyYcPnJ2e8vjx4+z81WrFyYcTXr16xevXr7mezXj06BFPnz7l/v37WSRq3YbDIcfHxzx+/Jjd3V0+fPjAp0+feP/uPdPpFN/3s03WyV5nkZVPbVJuMqHSCVH4k3wihMARDq7j4op8Y7YjBA5OIY9ko3Tf7dN3+/m5hYvHMmYdrtNIzTFhHDJbX3M6P+Pt9D3b/S22emNGvWGljBLJOvK59uecLS44W1wwWc8I4pCBjPGjAD/0iVu8GHBnd/bTN1HSItKhVnxcSyJDJ7/uky/yqEgS1fVZYRAKtQDiiPIChtO0wJG9im7nCeY5mZZM9AWMTt8YFtOLPCKDOq5fp8LFhkgTqv5SkSJquCQvr861Pir5hm2aKTbElqY3u4k3fp9IpdcLqEc00VGPcGLghfyKTSMLFU/8P/fVEr+tiAU6imbUI9TkWpB5UDPWRYyoxcLnKnedl/Ivc2XCUL3b8resI3XehFnhNN6QXcat3a8i7Wk8u5z9CzbbTxKqgVKM6A9V3gpNEWVs2DL/rhHDShH8dU6Nfuo83fxjGUZVpIyY+Cb+ZvK/NqYVrCBHBq5FNKGqd41cirQ7GlCl03kbLDS8jZfQKhiWBmqJ+c8gqlzreXbVTIdNXEctfVe0DEc9oIi4ob+1xsz0AaJ9mupWhWfzg7ZfsG2IwsALqBquxKnyVth1vlq7gcokINUOzyL4i2ae+29zt7b1v0asyQcTN52wsT/qpp2QjX80PSDtvvy5KeOFfJSu6bxJ/1qhfr4tX4UFPVP6bOIZdmlYvYMqDtTMqxFuqeW37W+tUbRDMHAsVtgwlXaYnZdybdabLGK/zkWZ3yxCdPP81IYlPaU9r3ZwA8fAGydgAtsDaNv7rdW/dN4VTfnrNdLcR48gWKt/5Ry68U0rlOZj0tOMt5mf6qjy0XkbrNFnVZwy1z5v217ZfFXjt/T8ULm65ii35W8Z3kSvBYX1OXW8mecZdSxA1/mb0tNsvpocN72QLinoXhc9bavPjXqtSptveUTxwg7jEpcU1heo97cN/K+946Sgy4ktu026X6XXOWhqU8NN85kKr9c3K97w+dU2n7Pqa9v5qWm+miH1PNNlNJ3Oee6PlB6Hss+7WMfmrzicLXuDHNnmC2b/UyPXwLPvGTpyLb+iQpR4qwV7DSsd1kFftQHa9heoMj2u1dFC7WrXU1XxDVyl13kl/xos+JGNl7CtdXscqG/ugumXrxSvImeiHc/yMXEDGr6PqK7P1fA2eMP5qQ1Nvzilyt/+F1JVt1m46I4USiznF8iPf0U8++cs3zp7gM9q8oKL/eeGM6om0/YT6Z6QMIzoey6OK+gN+wTrGeCwjmLma59lEBBEEVEEcZwE9kIIZDpu/SAgCiMcJ8L1IjwvwBOSwI0ZeJKBC4OeQ68nuHdwjy+/esZXX/+Mo4ePwRsS4CS1Fg5SlL85kFmD1LdBMtcqjxcB3Lt6wf3Yr0mhpZ+ewOIq943bmp+a5qtt1hdrPi+9oH73+d3nP6HPo/lVcvgzLd/d50X13MzuNkB/ThZHxP6SeDklvj4nXl4hoyCJotwb4Yz2cXeP8XbuI7y+PT/dhEA4Ls5oD+/BN8mhgflNrYp5A5ytI9yd+4jBNsLtISOJDFdJVOkfO147AAAgAElEQVTpR5zdBwWHBbURVkrJeDzm+dfP+fnPv+Ho6JDRaITrVqP0Oo5Dv9/H87zsgaPuvKxYnsfO9jbb2zt4rssiiliv16zX69qNrEIIHMfFSTdAj0YjHj1+xOPHjxiORsbrDNOI0w8ePmQwHBBdRiyXSxaLBWEYEMcxjuMQhiGL+YLFfEEUhriuy3A0ZDgaZZuu68z1PMbjMeOtMZ7rsVgvmM5mTKdTgjDZyC2lZLlY8v79O969fcv8+pper8fxo0c8spTfcRyGwyE7Ozvs37vHeDxmvVozmUyYTmcsFwu8rJ3Tfkv+lfwn8gdfk6nzVBRodfsQabu7wsV13DR/sslsMedISvzQZxWuCeIIV7jsDXbZH+7Rd/vEMtnEvI58ZPqfHwVcrae8unrDVm/M8fYD9kf7pfJKJHEcMw8WvJ2+5930A4tgiZQSKSWxjPHTfCMZZ753Z3f292syjeScj1P9gU3qqD/7pBjH5ePloSMK+cg8mYQ8wlSBSwpvICeRB/LCpeeXeLHk7THJXmYVs3KR1EQdlxR4HUpoHVFB5y2x2MKF5qnwrGN0bjSZN23hUOfn6BuZetOdrK9NXCpOHTegrHlDX0d1vs4NiI3Lem7EhgbO71EaLz5AZNSyQEv9F17WUshmzPxRZv+s5Ybub+9ft+JvNXnYZMSULj1W+o6lplvtEUoK+sgGXMrycVlGdE49r8U2DlBApW/FkrbhJdR1V1pQNbfOqeGy+Hxdvu9k9zad39Qa/a3gQCZeK9CKlipUQFWPXNfQ9M2mY63RGsHEwFvqNTaemU0wqlwiC1/yaFzmvNHtaUBT9zShls+mtcvsJvpWl9etzw+aT9IjhVoj+Os808sWKCnMT9shWj4m3hpleyyrQY2+1uidlaclqfANURXHOF8w+WN2sEbvdF4ZcAV+4xp0u6GbIvDV6m2b+ekN56t589bz3O2aeSd90Lsrr26V327vdJmuNMqV7j7G+UFbwd7UTM91Jl65aKEDVcUL3BrBX+mZzjdF2Q3R0pd4oT4lXtvBBV+mhte0m+bOGpf1l2vrb3X+p/xK50bMS1ThLWpQOwK6PsA0jUiTAHRBy4i3zmdt81M1fDK9NvA6/UzXjBqbR52vczY0LQ9tOFe5lvRm/laDdfl2QFWfzvMDWfmHuYGaBp71gh3R9Jxtei7XdVHTt5tH6K/Jt4SUODqXBl65D1G2Fg7ean7Q6G9qI2MHLuu4jsod8jNtEUZ/LH2zYucFJ4NA1U1glL7pXJKVP8/OwDV36IyyGSvDjnpea22auVz9VnfTxuxNcmRCUzqUG8kqL7lXktDIrQPX0kOmjmjdYQ3YooE6R+y36F91PZXycZ1j4JX8qR9+Nn4DU3pWy2XO8+ar4TS8gCNl4XuHltiUX6EBWr3g2ErfDLxpvlp7wzHwzGx6augjk261HE6No6hF81S/jyjng57vx+9g5z4cVAMJFu3LaIJ/fcJ8+1HjeXnekiiS4Dg4jksYw3K9JkBytH/E9fyaYB2xCmGxDlmtQ4IwJtkU7iGkIEYglQZEEhyIZUQsA3zfxyFihU/fjdka9th5eJ9ffvOcX/36Gw6PjhiMt/AGQ9aRykcQp20iBWVXgsYu1j/auv7IU//K2hYszmHyAePzrE2Pu6JVr2n8XN59fvf5T+zzeDElXi8/2/LdfV7AG9jdBujPyGQcIYMlcj0jXk6R6znEITgeYrCDM97HGe0h+lsgHHuGdSYEojfC3Um6Xrg9S4JCUtfDGW4jRns4g3GyCTsOkaFPND8nmp/TC9f5+aSLFQIkksFwyMOHxzx6/IjtnZ1K5Oe8iMmG56ZNz8qSzasxsYyJ4xhJssk1iiKiKKTyM4qAQOA4yR8E9Ht9Dg4OuHdwQL9v3lje6/fZ29tnb2+fXq9PHMf4vo8f+ERxXCiPJIoiwihKNhcKged6jZufVb0d18VxHBCilH8cJxty4zhmuVxy9umU09NTlssle/t7jLfGDIdDfN/nejZL+rlwLVUuKSVhGNLv9+j1elzP58wXc5bLBev1mvHWVpZWPVDEMsaPQ9bppuS8d8umNg8HUUgsC8tlqQ8IkijQThYBOt9YjUgiOwdRyGw949P8nIvlFbGM2B5s82T3MV/sHjPqDfGjgHW4JogCeo7H0BukUaF9Ps5P2R/uMV3POAoP6bseTjpWojhmHa25XE54PXnLyfUnHOGw3d9itr4mlhI/DvAjnyiOiJHpO37mPruzO/upW/JGvHoTWGYRmpOIz2phQj3Py3zsiurnkC8oJyZRWpE/8BUWLGpCGiQPrDmvRcpcIhHCKVzPgHlFkjq34YX0ohbzGlZ4+uVE0jYNXD+/Nr8arG8OI2+x3lI2XfqMBanHSkAi6nmG5ebn9t5wN6CoYlJ+jVPlnRrgliKu6FiJ2Fwof5Hnhw28VMsGbhmWtVgwkzsZrW1ztM5QM6tcqA3lBa4uUuB5Mo0LbQFXbIi0XBDOhFjjTdjUADZs6wCa3qmDxTtFLZdyI39LL1fmbVDUIzbe1qwCqGOzgxe8sZ7X6FtZbgyf0xIzPe6AKn3KVb3UcRNPYEM0tF+FazcsPcJhLVe53KK/WbFdbfL7v86bsJiZdb5guIBox00RmHRe+UJN502o0rf8gq1RXwtCo/NG3KjBRarT6nQbr/aX1T9u6n8GfzRiu+l8mTeaViN9vFsL3LrkQFFfU26MyNRC/9qgUb8tWEivyq+O1/PUNH1rxbuYqbtEM+/WS3Z/azV/aMC8/GU9s/H2gqysMiEtjHs75vPVlvq66XzVlN6GBf3SI4Yaed54WPXT9ADSuoNptMrpN5ket0GTnBmxXMJqxHRLhX/k51fzgBfp5dMSWviPP19Fyy/nxZar8LYChoHbrOXjmel+arr85v6mY3LhPF8Lz9bdVHnLemZbn+uMXedvGjfpacbbzE9N89UMyVqpwoWBizpeHp4lXqiVicOGzXwDaz0/0DE7TTTztGHy7jbxAqr0BU6WbzPf/Pm1JWbPrxo3YPtfIFHdqXFh4KIjz/I3u4+A0nKVkoEf0//aNnt2us4N2WXcoHeNnDr9NKAwcA2x8bYDvuP81NaBVn1N9U391ax/NXpZ0tMa3KA6WXpVvULfW/W143CvOJTNVMVU8i7rW+SeV+UGFBuiJV9VgtqIzg16Z74BtsSOCyKmX9DTecXfdN7G3zbBhuZobJ4mC1fId39EbB9Af6vx1Ger9/zgDVmN7lkyTeZHQgiiOAnaFYSSv/31O54cP+QXX3/FyhtzNv3E9SIkCCAKJTICGScNGscghbYvJY6RDsRxeoKQCCdie2vML372nH/3P/0j33zzFfv7uwRhiHQ8vF6PkBgnEkRSZp1Q7lep/tFgSpdhsLzk2eJd7j8mi9aIyQdEtCbXaTL9K0/wbYpTcKCUqwBJSsDKvHL6zf3vDu/wM0OCNfHs8t+8HHdox5va3Qboz8lkhAxWxP6C2F8gwzUyjnF6PZzxLs54H+ENQCQbZDc2IfKNz13yEQ7C6+P0BtAbgtsHsYIoIF5cIZcTZBSUryME6r+e57Gzu8vu7q5x83MXUxt6177P1dUVk6srAj+/fnVxN/sAx3GSyNokm61HozHj8bhx07WKoDwcDnGdZFOtJClD8UnHEQ6e5+F5Hk7avnEclzcF11gcxwS+j+8nG56TSNXJ225qcSyKIlarZVLfyYQgCJCxJApDFosFZ6en+Ot1mi71EymJY0kUR0RRxOnpKf7aTzZDB0F2zTAMUREhs7aTkiAOmftzJqspEsnQHdSqTxCFLIIF1/4cPw6QMlbNnf3tpP6QdYVQ1xIEUch0PePk+hPfXfzA2+k7pJQ82Drk1/d/zjeHX7PT3+LT/JxluCKMI8a9MT23RxAFBHHIZDXl0/yU8+UFD7aO2BlsM3CTTe1hHHK9nvNpfsoPl684nZ+xP9xl4PZ5HYdJHlFIEIeEcUgsYwTujYband3Z527Jm6T5lEJ/Mz2Ok4egWKaTDykpTkH0N9+ruxZUfkLjOYrC8RLKNL8uWJNPUtqUm94kM75hZkOMvDxRyyMvqPKWFzQMXJ1uwq7NpKVX1pVnVbYUsPKivZZhpVW7dpOe/iZY6LASr6lHOhgo9nB1aq4SFjKs5cYL3AxvsiBt2kBRKK85Qk4BsaHKvQVPF2SKvFDc+i9IbGZxjEpEUep5WW3qeA1KsEZo0lGl1/QuL1c931zfOqASmhInP17Hlelca+cul6u9/Cao/EjnTajS61wVPS1vhUsDt5h+jomrvG3yY4z4UavXyQtLoNypBafM83lHEzdg+YbasoMMeme8YVmw+QbRiHlrUOCFz5XeSQobJTSuztZ5pteGYWhC7by8dCbe4IGlAaoXQDVbuQDGCKMKpYGb0JSuJdKSZ4Oj83y1pt2KPMvexrl1Mw2vRp7TeuzaTLb8LKisNF2T5uFvzEC1SU0bFT8o314b9I8u3IBSYosIjc61fIz61xZ/9Pmq+tjAyz1c4kr/VIMqv0q4po8b+5sed6zAJebnuqw7ZOqPsnBPrNPXWgezYlsda4WSzeerBsyr1ZJn1pXX2E0EpSnPLlhTnK687G8d0VZtfXxoqOphmy/Um6WGmW7lFaznBVT6pnOFsiM26W+hpWy88QbaZX5a0WvVVi15xx5qsnbzA03/lD7qXCWTUvMz2Yw0o6pjK64urI63GABWfbXNT03z1VLpNuSS1o8runtU3CX7oCPeplkFsAZt2dV0t85LiIFvglJtfFfjocrVAkTG0wbQeV7oOm7Gtjq2EbaYn9r0u1IuTZ9zfzPUM7Ob8kKz6HxD/0vykHleGlc6V+KFTNvoXyPKoj63RJVe50qB0vIqfbZyi4DY56+F1ii4f1X/DLzx6oXuaItaukLpGnmtbSIsymz6rXMT3sAqwyXVMZ2bUX1PUMNJVUGmXDbxmu8jZM0L7g28FlvM54y/sGebn7adr1p1WPVFPafI1QOBzmurr/Q5tWJ204/It98ivv5fGv2jJxy+un7BD46LP9jFtGdHINJmjvF6PRbriPcnH/nuux/42VfPcb0ho519cAdM5z6zpc86TAIhhhJiQDpp3nGc9a8Q4EhwBDiepO8JjvYP+Idf/5x//Idf89WXT9jdGaceF6ftHiGQOMLFFUmgQmRc2OyetzGiMJ8w1KzvT3k2/QGvzUaTq3eI+VlJv3N3MvDsUrLY3WRElnm+nqXz2tPt+nmHd/gTwmh28VmU4w7b4U3sbgP052RSIkMfGayRkY+MQpAyiQDd30L0x+B65RnkRiY2yiOJ1Osm5XE8cFwQAhmFyPWceH2NjMLCW3z53wCO6zIcDhgMBq2jO8dxTBAErFYr1us1QRAQRRHI5C0wGcecnZ1xcnLC1eQKPwiyjcPCqd8oLtK6qMjDjuNkEZEdxxxZu7ixWTh6vjl3PZetrS12dnYYjUZMp1NW6xWL+ZzA94miKCmfVrbA95lMJkwnU8IgwPM8dnZ22N3Zoed5qOjN6/WaxWLBcrnMIk3P53POz8+RUnJ5eYmbRptWX4onUbFjoijk7OwMx3HY3d1NcY9+v18pD4BEEkQ+09WMs8UF68hn4ObnFqZ6BFHAMlhxtZqyDv10w3f+uSqPk04Ugyjgcjnh/eyEKI7wHJfJesqn+RlXqwmucPli95jHO8c833/Gw60HDLwhsYxZhWvCOGTcG+KILWIZce0vOFucc7WacjL7xNH4gL7byzZAryOfs8UFJ9efOFucE8QBD7buE8Qhp/Nz1qFPGIcEcUAoI+I4wnWdUt/e2Z39fVnhnWqRLzQknySTDJGS7Dx1PF2o1Z7njRsPs+PpRUr569dTXKjIUupgztXnqnDqDf/inUeWckS7AnmB1XHbikxtRc0LJELnhggLVmRDTBcwhGrztNwlLHSQKD8xI2jm5TeQOyAGrpup+7TuauTVZGYUBm7EG0aI+u8VYasrqjGkc+p5hnURc2xYKrWFi3quV7fCN7XWjlPAFtllPO1WdbC1G6jLiZoF4SZu/MLNjEXPti4Q6xFjREs0pbdgqwhhFb3TdbLozRoXBi7qeAFr05f7vpZv0hxdzFQAA2b+iYHX6F2JS6HdLlvw2vwMWBjwJS7svIRt9fSW9Vpf8K/oq9K7rLgGjoFX9FTDTYZnqbwW6+hvRmxrlflBomONvJV+tkTRHYuebtXXrvNVy/zUqq+l+V17nnt3vf519b8S5pdrPf1UZpwf3Lb/ZVzpAJoukHZfQQF0Tjv92wht+SpU+lzgqh5Krys8rYzOW6FxXkozz0xoTONa/1QjPtagStLB3yrFtWDFH2trU2OW56NcBxp4bQYGXnjehnz+qY6beGcdVdhifpqdr3NabHDYSHB0nSz2lsYLGwpKXEKu03l2Xe+3m/qbcXh1xTbT/2JhK/PV5vHbevwbBlS+KSHlaDzVLZ1v9IsmbVDX3xZ6reqj0tVzQ/tZ7j9VTiez3U87y7kNN5wvoOWT87K+ieoNgqLeGfmG8yvb/C2frxZ4If2PMR+tTd9wnbwt0/WCtHh6BP+q3qXcaDUOaRVAAzZcoZHfZH7aBls+36Fz6rm1gX7k9caKvir9FWXe5RdManW0gmlxjTqNkRdbqmm9tk3zdvU/m7W6v97I/2yongM1joHreqo/T1rW6278/Npx/bHzL1BtMj/NqqP0O2sNyq8b1PBCh+rDsZHnHdDNNrmNNVilOPpwsvpfUU1qOBbe8nsIiryQQ9Gza7H1hMdyftsRq5XX9AtUJU6xuyxcGHj5subvv9RxgE/fI8f7iONfZjWoexwYCMHXk+95sfcz/OEeJkt+4T3GE4Llas18vkTicHk1YR1D7PYZ7x/hjt6zDGIWQYAfx9kcWsbJbMVJLyyQuMgEJfQcl53hkKdfPOCXP3/O0y+O2RoPkFFAEK0JI0lv5OIgQca4jgs4hDHJuJVR5p+yUEGp5KbG+usJX02+Y1C5j1dNzE4Qk3copUh0uaxn1gj+XeerbfT5Du/w7wTjyRmEQaK2n0F57tCCN7S7DdCfkUkZQxxBHKa/1yABCcJBuL0karMwb9D971JGRDJlEgK1YS6JXL1EBqv07archIDipFVtgG1jKiLyZDLhw4cPnJ2dcXU1YbVcEsdRtgF6sVhyeXHB1dUVYRBk0Y8dR//6IytV9h/pk4NK06ZkxXMc4SCEUxqL/X6fg8MDHjx4wP69fc4vzplNZ5yfXzCfzwmCgF6vV9oEHscxy+WSjycf+fjxI6v1ir29fY4fHXP86JjhcIiKAB2GIWEYEsURUkp83+fi4oJ3b98xuZowGAxwHJEKBci0nVTE7OVqyWg84unTp0RxzBdffMG9ewf0B4PKBvBYStahz+Xqir7bZ+Zf03d72YOBTP9DQhCHrMM1Z4tzVuGKWMZU1q9SvwHBtT/n+8uXXCyvGPdGCAHrcI0jHLYHW3x98IxH28ccb9/n/tYho94IV7hEMmIdrgnjiKE3YmewRd/tcbWaMvOvWfgLXk/esjvY4d5wn93BTlLvYMm72QfeTU9Yhmt2+ls83XtMEIX89ex7LlcTIhkRxiFRHBLJGE9KWjnFnd3ZT9Bk0b/TsRrLTDoa1zpiWdhMR3q70rCoi1kkNCCPFkD2gFgK3BADjuKyfF5akrw87Tg1XEJh068sc5nzDIXGC3VRb+RuHFHBgKq8Nm7EjNZ0UKlZatqp5AQ2XtPU2Qc34LURTdS18jfhlQNVOAWU+Rv5nSOSbIjYuClySRa5QFW9ZoFW1iyw2rhKrfNbQuUDyj2svGgmd2i84I9sluFVQT2tVl5p4yqpzo2oq4CFp+M8lwHZiGTp1Xiv4QZU+lYsSR2/EdbpdBMW0xfa3RhBQdc7ZbUOXLQ2ztmgd7Ilr1uw1HkT5hVGqzBddMyItggmTRFNlA7rvID5OFLlT5tH5xXByL9wauiNKre7fRmLraWaWedNqNLrvFKbZm60trpWl5mpwbrgbZtWXmtkUV0fjVymftYRi+lrkJa8UIFSyermqyVOAxZ0zoyUOWj5NHNlRv9s9DeT3tVw1TZdB9htz4BMN3gD6vPAkr7eynxVNdeGvDxc6tywzKnnxe4pVM/Ob7d3zI8xBlRW4aqOn4ve6TxD2cyLGTQ2UD1vq2Mbo2V+WjmvmL5QXtsvDVQeUMj1rMyrn6vjtVwauNR5HaoNN8rfCmsuop4r/ct4WgNBtUa3MqIs+mbUxbbz0xvqde7dBi7reT4vtfBCS7ZpjgoW09cgLXmdKT9SxMRrhzmbdU+WvqV+K7PxSsXbYqVBahqoVDCNt+6JDdG0Lqc/h2v6pjrwpr8gdVN9zltBlVMVt8zr7kOV7kj9KMvR6m+aPup62Zo3oGxGNZBrI4reRN9+7PlpRYAMPLMaXjPAb399qyO2G1bV+ar6S9RwA6rqF/O45bvrjdcbTO5kdC9lnfXPxjt2jP6AQaGiOm9Ci8fceP5qm59m1VHpyNOXhmM9r4wjlV7n1FnZI5WuNXIpCs1n17/aDeE6b0KVXufU6GkD33h+apqvVga4bYKjBpQ6XeO3ZYbhZORFqqqp8yZU6bvqdRTAuz9Cf4w4eNqoEgMHvp58xyv5FavRUW21hSPw3D6r9ZrpdEoURfR6A373//2Bf/cf/j2u49Lb2ubo0SMOjo959eEDARIckf0Ce/6CviQJbRfjCgfPddkeDXl8fJ8njx6wtztm2PdwBMg4Io6i5BfdARmFhOsQ+h6OC54rCOKkwZQrqI3gTTZcnvFs9pK+9UxgcQGXb5BRVL0xqJZsqXedsate3+Ed/gQxvr4iXl6T2WdSrju04A3sbgP052QSkMnPKaifW8g+kPGtdPiNTALEJBu1VTkBGSOjIJnwEGuJROmfagNs0y0/CAIWiwXTyYSzszPOz8+5uLhgsVgQR0n+jiOAZBOz57oMRkOGwyGO6yIobGhutdlaoDZ0d3mrQEWa1q/jeR5bW1s8PH7IL3/1K6SULBZLJpMJL1++pN/vs3/vHqPRCCEEURiyXC55/eYN796/Y7lc8uDBQ54+fcKzZ8+4f/8+g8EAtYE5mczFyDjxB8912draZm9vj/HWFv1+L2tjKcnSKX/a3tnh6P79pB2Fw+HRIfcf3Gc4HFYic6u27Lt9ht6AkTeg5/azZkpcUiKReFHS9gO3jytcVIRtk0kgljHzYMHF6hI/9FlHa3YHO2wPtjkY3ePLvS94sHXEwOvjCAcpJWEUsgrXRDJi6PU5GN1jb7jDVn+L88UFk9WMj9en7A/3+Gr/S/YGu8TETFZTTq4/cbWaMO6NeLj9gOPtB8z9BQMviRIdyYgwCgnikEhGhYfhO7uzv0MTZAvCRY4aujJfmHCc6gJGlqiwgFFcoKC0oFB38eRzPXKUFesWOkTNcakdVzzFVhFEUTKWt5SRqwdsUccbkGbExBuaw7yg2cFsBdNQf/AvL6/VeIWKyKHzrBta8FK+FhRVTMpv4V0bQm+QDSOu6DMlPSJB6wihOsfAbdhxeOpvvtv82XhC2wHS0VpFCNU3HNDhCzSxIRbSF/XUuiCs6VcrtAqI3qE1HZzqnc5FyQFKd5oSv6m/ibritEHtgI3bHdhilWYVdt5wwVxfk78rEe9q9K4WMXAbViItVVHVI+Np+VQ+5Xq17BDjDVRrr8rznElPU97G3W/B3yq8Y/XauqN9fqB0oMBLuVi4MPD00K1HCNXmn52+YGuJjfpa6PicqyZo0MPsoIVLWWjOAm+SYy3HOm71x67YNv+W48k8X7V6uEY3HGCGGlT0VUVY0nirCKE6b4Mt9FvVo8QL+TS2V2XCLrT+0LmWVcfnia732039rcLb6LfOgXymZ+DGC1oK0Ha+ZXl+rY0QqvNCfj/6fLUW1dVreEHf9Iih+XpCoZN/5OfXipwYssv4Jv5m8r9aFGXe8vkOnWv5VWtkwC7PqzpvgaYIoTq/eQR7yjwbRnZebKminuq8Q7WN/tbZ2jyuFcpmmi8YUdgwHck6x8DRuKZvn1uEUP18Sb2eGnmreaqqjtLrBr3UuZCbDU+qvJV1bG6bXlfUSB9OVv8TpXwqemnjaUN1/8WyMmLim06wMXAbag5w6xFCdZ7pstn/apGcK9PdRVAY3jq/Jf+rWMUhm1GPGG+aLwoTz3SO1L9MvICIQj4W1HTMxts9oDXgRuuPxcYuc6V3GRf1PPGrBt6tFoX5Qovipwn06rRyv47D2+if1gukTBuAJi6KnNxjrSgM3Iam9FrFK/yG36+0GOBac4rSx/l8VeOU+W36WwW75F8onN4cjbyYqIutZsi33ya/Xr992Hhq3xF8PXvJq3DN9e6TtNRxqmYxMZIwFJxP5pxfTlkt1+zs7/P69Wv+z//rv/B//O//G4s4JhoM2H34iN2HJ3y4nLFerFgHa1wh8ByBI2OQYRIU0PUQImSn73K43efhwT36vT7TyTVb4yvu7e/hOgIh3GRsexDiM11N6XseXn/MOo3z5wmJkBEIFxG7xALAwSVRMkSc6JGEnelbniw/4LZpUP8acfUW4S8091QDtdA5jeuNVTMtLzTKOR387Q7v8CeA8WqOvL6Cz6Q8d9gOb2p3G6B/ChZHSH+FDJZJhOh/I5P8/+y9W7PlRnolthK3fT/7XOucOlVkkVVNdout6NZIrRlPeCy9OmLe5t3vfvGvmPk5fneE7bDDoZiHsWSJLXar2SSb1ax71blf9hWX9AOQQOJDJjKBvYs8Te1PYq9aADKRly8XEonc38kiVMcRkETgSQyIKL/pTtv03yvadDrF82fP8fXXX+GLL36Dy4sLDIYDHB0e4cknP8HR4WG60df3AQA3N7d48+Y1HObgm2++wWw6yzYmu6hMYLOaiP/LC9yg6OI6sQHadUUUaJZP4D3Pw9HREf7mb/8W9+4d4p9//WtcX1/j7//fv8erl6/w5CdPsL+/D8/zMJ1O8ebNG3z33Xd4/uw5PN/Dr/76V/jpz7cZcfsAACAASURBVH6GTz/9Kfb29hBkG6DFPcX9AGBrvIXPfv4ZfvHLX2JrawudTqckDrz8P+U6gCHoBBgNh+iQDdCMMbiOi2EwwAdbx3iy+zHGnRE6XkfZKss4wiycoet38fr2Lc5n54hiJl0B8IQjyd4SB34fj8YfoOt38PL6NWbhDPNwgcAJECcxHMYQuD4CN4CDdPNzmERYxEss4iXiJIbv+tjubuHB1n2MO2OcTM4QJhEu5pd4ef0ap9MzDIM+Yh7jdHqGk8kpwiTEB1vH+HjnQ+x0dxAlMTzHA2MMcRIjTNIN0FES5WXd2MZ+lMaRb+LggPSrbmmykY0BFbLsbSmVF/k4UCxe8eJm4ggHis1xNZgWygp59rJcyYdruC3KjUV4eSJm4ng/Cxym5qHXkfTCTFxpigytI4BIbaLktkjza4SST5L6pOUWHSGOK3jlaUv4KhEIVkWDg7XaMFGJBEG0oxIhQuTWjgsrNbdUDWMzGMwYITTXNXGYy6cl3gI5YIrYBMpJPhXeWN9WRRS8VnA03GTS7USyWk6SrjSK6oePlV4Ly3l2kHSnuXkNzWPi4l7N5Ig+xRWcF890FRcZcqJvK36ago2+tdowsUa9rnzA0/D0as2GCG116IYJDXITcjIceVa6el5YDefQ65hO94ieNY+4RNCUH0E04aKh88pC0fCEC6voHyfNR3hLfWhkpfoU/kaHW4kLqtE/y+m79XzVqK8yJ/VpIzMV7yZ9ZtK/XC8ph8xboiQInGm4acKkm7Cb9G4d81XhMKLHah2qyoX+lbqXV/lq/kbjjDXgHDBFWBeeUOFCcQzvr5UIoZRrdKzR/JTyJpjfnUulkMqVF1fDgdLxtdoqAqMrF7dHcRtaHOviiWFNeRM0VT8rL52vplwqcX7SpkYFpyO4xCUdax0Bn2u4JYLkp+P2eqfrAM353DQOmfuThstNv6JVei/TsXL1OKkG4VQvxfxTHOcNEfUoKm7ixYCsx8r8lQzsCjfOU1HmeeqmXIFSQ1s/vk3WQN/Wbm2GmyJ5idt1u/V8tKoSqh/MC70WA0OMDx2X9cBwZzJfa/QX8taNFnqtm6/m+irGh63eUa41W4eXTNns1DEIr9yDcGneI3RNzQtdExfIOtcKOYzzU9NfrBT1ofNVoc90vlpBXbuUcjfzYn6atR2jXIPk7hU0FV9TnbXIX3PBscuzCVoUz8QLvaNyJn4IVMPr9BOq7xH1KFKafvBu+4DR6pjt/FQ3X7XFvK3tOLS8XD3r13uT3bxD8t0/wnn874DeVu2lLmN4PH+DV9EUZ3ufAtwBT+JsI7aL6+sJ3r49xXy2AHM8DIddDPpD/Lf/9vfY2R7j4fEBkhiIYg7f72C8vY0ovkAcpwEkwziCyxO4YHCYC8Yc9Do+9na38fjDD3F4dIBut4N4OcPVxRk8xjEY9OEHPpjjZNudGOKYg8GF5wfgyyVYpo/p2lgMsARg2V9TL+0iZ9g7/z3uh9cojxSNRXPg4lkaARogyzmcTAc0zyGDaXVMp3vY4AZ/PJgsZoivToGG6TZ4N3AV22yAvkvGADhO+uBkTjGBSiIkixsk8xvwaIl8cvV9G+fg8RI8WoCHCyAO87LIm39JovI/eQ6aW3Dc3Nzg66++wueff45/+Zd/AeccP/vZz7Czu4sHx8d48PAhhsMhfD+NdHx5eYmEJxiPx/D9AHM2zzZAV+Nd5MXgPC07F8cMBcuuyaMpZ9eJjdbMKe4k2mI0GuHx48eI4xivX7/GZDrBxcU5GGMYDAeI4xie62E2n+Hi4gJxHOPg3j2Mx1v48z//czx+8gSHR4fo9fsAgDiO4bouXM+D73npn+RwHPi+j/F4jMPDQ+zt7aGfXb8OY0g3IW91Rtjv72K7O0ZXuQEaWMZhGs15doGOm0ZsLvkp50hEG4LDd33s9MYYd7fyxb9ZOMc8muNyfoWL2RWm4QxhHIK5Pjg4ltnm5zAOwcERuAGGwQC7vZ10o/b4ASbLKf64eIaz2Tle3byBwxxESYR3kxPMojl6XgcPt47x4fghtjojXM2v4bs+XMdBwtNN1lEcIU42EaA39iO3/BfXBWfSKQ6kf/YH+eNIegFLeRoZurywAVR5fguRH+SNlZoFjvyn6FkZCZcj8kkX5XeAPmeIBYxGXwxRbgBWfgOt5F/hrCWiDkX/iUgRCp51oJKTvpEZM+kfa4mWRptdx2u/J0LlDfKyl8QZRRrhRMOl/OSm4VLFGYA8Iirl64pYQJHVI41QU47qLkpZg6qIEUqUzovcKS/lX+bCmKZ66/K3vCMpr8O8cITXZJdzY/eLSHuE57czf2Az/UlCMVAqEfwJt0JdRBkTWubfNGJYKYI/5VDoJ+XZ5h/DMKoiyggdb+NvOv+zMVIwSY40nEQ0QVXvajlnWXfUoEhHuQ1KDW/iJTQKhqGBLJHl+i1yVfP8rrkO6zhFkr4pGoZjbYARG2tbsNzoACFnOYe87mAVwV/5ga0lMg2XUDRciaPKrbDpfJWTDjQ9wEiH5z9SZPW88N/6brX1v1pU5AMd113Q2h+pkQvy8Q+iB8i6j5H5a1kBhK5RXqd/VkivN+UrUNIzoc86nmOThq28HFIHqufVCLdQ8nX7mzUyOwQ0HAaTNkxlHWbmpVzr9SaP2E85K/PVIkTXz09NWNJT2PNqB9dwaHjtBIzB9AJq+7w1+hflTVGXP60RcR8aQVCpf+UcmvG2Fcry0elpzm3mpxRFPpTboEKfRXHKnJy3ba98vkr4mt4fKncnjrIuf8txFb1mkNbnxPF6Xl5HbFCApvM3oaf5fDU9rvtBOoeke0301Fafa/ValLbY8gjBhb5RziGtL0Dtby38z95xMqByYsquTfeL9JQDRG0UXDefqXC1vhlxxfdX03zOqK+281PdfDVHqHmuyyA6XfDCH1F6HcrPN7GGzV9xOFP2GjkyzRf0/idGrobn3xkacpKfrBAlbrVgT7DSYQ30lQxQ279AleuxUkel2inXU0XxNVykp7ySvwIlPzLxEtpas9cBdXNLRm9fKV5Fzpgdz/PRcQ1qvkdU1+cU3AZXnJ+aUPcXp0T57f9Cqug2A2fNEVKJtY/3q9dInv0TnI//GgjM+1OOo2v03v4az3c/A1wP4MD1zQTPX7zG2cU1Eu4ALESn08NgMMQfvv4G/+f/8X/hb/+Hf4/d7SGWywiTyQyu6yPodBEn6f6ZeBYjAYPrOHBcF71uB3s7I3z0wQN89OFDjLaGcBjguhyex5DwEJzH4NwFgwfGPDhgYPDhMD+NBRlz+K4L8AhgCWldIP2CDjCe4MG7f8YOQnWDUUtCsItnYDcneYtaR/BvOz/VzVdt1hcV50s/UN+c35y/Y+eTxQzJ1Ul6zR0s3+Z8/flVbbMB+i4ZcwDHB1wfcNyUIwGiEMn0EsnkAjycp1GYtdGN36MlMRAuwJdT8HCWboTmCVheZg/5r54y4xyQI3mITcQqE5uLLy8v8c9ffIEvvvgCt7e3ePjwIT777DP84he/wNH9IwyHQ3heGrE3L1qSIEmS/IHMGEvbR9NG+Ubm3OzaMuEJOE/yFxoRAdphDPRjjOM4CIIAg/4AO9vbuN3bR5Ik6A/6SJIEt7e3AE+v293dxYMHDzHaGmF7PMbO7i5GoxG63W5RQsbgeR46QQedbhdBEIA5DqIoxu3tLSa3t9je3raqR51xFP2UL3hZuxrP0mvmdlKeDIDDHGx3t7Db28Z2d4yb5S1OJqd4cf0KHTfA4eAAA7+Pnd4YjDmYRwvMowXiJAaDg8Dx0fW66Ps9DPw+Ptr+AJPlFG8n79KN0JfPcL24QZREmEcLuMzFwWAfD7eOcTQ8RM/rwnNcdNwAnuMj4QmiPAJ0rPXVjW3sR2E8G42s4HSwixGQyHMP5FKrRPpuVFixpbb4xT4v7iM4BxJREiauS8+LHIoAD0WOKL1VmpED1QgLdZyl9xfHOSSuQg5YR1Sg3BLllpWbg/KigwjXGi+aVDrU+D16JRO/dEfe1zrOBYeKa5ArfqFPUVxPuQZh4lzNtVjTwHIU9hKXXyByalighfqDl7EUvB5zf+T5P5Vc0/32/rUWf1PkYZIRXbrsWOkbi6JbzRFKJH1EC855+TgvIyiHmivRxgEkFPoml9SGl5DqLjegaG7KoeBcfr/mxeNQOl7hq1qtv0kOpONKgRa0VCEJRT0KXQPRN5OOWaMxgomGW+o1TDw3k2BUOQeXPvIQzgte6/aoQV331CHJp23tcltF31R5rX1+UH8RfUczRvCnPNdLC+RAEVnKDkHy0XFrrJt4EyyrgUJfFXpn5FlJKrwliuJo5ws6f8wPKvSO8sqAk/jKNWj2QNdF4FPqrc38dMX5atG8al64XT1vpA+0u4rqVvl6e6fJdKVWrqj7aOcHtoLd1nTvdTpeuanUgaLiEjdG8Bd6Rnlb5M0QJH2JS/UpcWUHS74MBVe0G3Fnwrn6drb+pvI/4VeUa7EoUYVb1EA5Apq+wNSNSJ0ANEHDiDfOZ03zUzF8cr3WcJV+ZmtGtc0jrqccLY3kQYZzlZOkq/mbAlX5NkBRn8bzA175h76B6gae8YYNUfeerXsvp7pI9G31CP2KfEuIEgflXMMrzyGUzcLBreYHtf4mNjI24FzFKQp3KK40RRh9X/pmxMYLThqBUk1ghL5RzpGXv8hOw4k7NEZej5VhBzVXmk0zl6tv9TStzV4nRzrUpYNwI17lJfdKE2q5ceAaekjXEdYdVoMWDdQ4Yr9B/6rrqSgfpxwaXskf6uFn4iuY0DMl5wUvmk/BUfMDHM7R9AeNph/26PRVqbdW+qbhdfNV5QNHw3Mz6ammj3S6ZTmcakeRRfNUv0eU84Elx+kfkYDB+eivgM5AW19hOwjRO/scr7sP8JLt4PWbU5yeXuBmMsNkOsd8GeJg/wDTyQRJwvHVV9/AZRz//t/9FcIwwWy+xHwRIkoADgeO66DTG8BBDBcJAt/DeHuMjz76AE+ePMTh3hi+54LzCL4LeB0ffqcDz3PSwJSOB+Z4CJcJOPcQdIY4ubxFzB0EAx/g2dowy3wASfaMA0Y3L3E0fYVOaW2qpvJJCJz/Ebh8Jbmlnd4Z9bgpGvUatef55vzm/B08zxczxJcnRv++q+XfnM/PtLbNBug7ZIw5YK4P5nfA3A6Y44HHEXgSAcspktkVkskZktklWGcI5nXwfW6C5nGIZH6NZHYFHs6AOAJ4AjAXzO+m/zkOxOZi4r5WliQJJrcTvHz5Aq9fvULQ6aDf7+Po/hHu37+P0dYIQRCUy8V5+uuuOEYiBgVjKH6nSiuSlS9JMeViY7O+vKJeSZKmERugGXMAxb3CMMT19TWur6+wWCzQ6XSwu7eL7e1tbG1tIQgCJHECP/AxHI6ws7ON/YMDDIdDuK5b2VDNGIPruuj2utje2cZ4e4yzszMsl0ucnp7i9PQU+/v7GI1GVm2d1iUBgKwe4sVH9F/aGlkT2eUJpOl4tnCcJ0xzS3jR5share/1sNffReAGeHH9EvNojlk4w9vJCZ5dvUDf78FzPXTcDmbhDPNojpgncBiD7/rouAECx0fH6+D+8BAXs0tsBSO8Dd/hze07XM6vEPMEXa+Lvd4Ojob3sNfbwSgYpG3quAjcAIHjYRYt0g3QcYgoibDZAL2xH7UxoPjVdDpK01+4i/d3sTAhHjVig2X1vFhhSxc+AIdBsSAh35pBjoDH0eIXrRUOcj+CPC94+oyw4VJ6pkTkLVjh2ccJxgycXq/MT4Gm5lA1QxOjjzVtQdRYCUgENZfch6wvresX7k0jMtEITFXeqAHWFHGFYiVis1R+mReHNbxUyxpuOTxLKJnOnbRm2xzWGRLTyEQhF4Xe5VzcROJExQrOyAIua4mwXBDOhZrwOqxrABPaOgDRO3Gw2Iyn4Zy38rfsdmVug0yNMHFbMwogxXoHl7xRzRX6VpYb2whMGsz1uAGK9BkX9RLHdTyFlqhpvwonDywa4VDJRS5r9Dcj2tWmeP5TXodyZsb5guYGzI7rIjBRXvmgRnkdivSWH9hq9VUSGsprsVWDs0ynxeUmXu0vo3+s6n8af9Ri0+m80f9Ijeh4NxbYuuQAZH3NuDYik4X+2aBWvw0opRflF8fVPDOib1a8iem6i9XzZr1k9jer+UMNFuUv65mJ2wuysMqEVBr3Zizmq5b62na+qktvQkm/aMRQLS8aD0b91L2AWHcwaq1y+SrTYxvUyZkWyyWsRkw3VPg9v7/qBzzLbp+V0MDf/3wVJL+Cyy1X4bYCBg03meXrme55qrt9e3+jmN64yNfA83U3Ud6ynpnW5xrjiuuNOj3Nuc38VDdfzRF5K1U403Cm4uXhWeJSrXQcaNnMK5j1/IBifhmr51nDFN2t4xKK9BJHnm89b//+aon5+yvhGrT/CySiOwlnGs4a8jx/vfswoLRcJWTgffqfbbPnl1OuyS7nGr2r5VDppwaZhhOEidsO+IbzU1MHGvU10zfxP/X6p9DLkp4qsEV18vSielLfG/W14XCvOJTJRMVE8ibrWyg8r8o1yFqiIV9RAmVE5xq90z8ALbHhgojuL+hRXvE3ym38rQ3WNEdt89gaveHpH5EA1pugu4zh48Ur8Ktn+PLMx3S2xPXNFNPZHFEU4eLiAvPZFDs7Y1xdnuKL3/wWDgDH4ZjPl1iGEdLAkg7AAS/ooBt4GI8G2NsZ43B/H08+vI97B1voBwwO40giBs8BgiCA3wnguj4cPwB3PHB4uLq5QhgBrtfF23cv4Ac9DPp9OHDBEQNwwJAAjMGLl7h/8jX2+EJ8EDdbHIKd/xHs6lWua40/eOQHDVw4UMZFgCQhYGVeuXx1/9vgBn8AFJGf0/0qP3x5NtgOV7XNBui7ZE66kdgJBnCCXrrBmSfpJuhs83F0/gxOfwfe7odgrg/AQeWt670YB48WiG9OEN+8Q7KcgvMY4ABzXbDOAKwzSKNA50nkjbTceIckSRBFERbLBeazOZbLJbrdLnzfh+/7lajPNF0YheDZhl4A2hHCIUWMTmtWiSBdV8YkSfLaMMbSMinuNZlM8PTbb/H7L3+PZ8+eYdDv4yc/+QSPnzxGt9OB63mpADsOPM9DEATodDrKzc/iXo7joN/v4/j+MY7vH+PN6zeYz+d48fw57t+/jw8//LDYtGOwJEkQLpfgAALfh0Puy4G0D8X/pTuaa3Lk5euRthNPswHnHDGPEfM49wfOOVzHxTAYwGEOPtl7goQn+O7qBSbLKf5w8Uc4jotB0Md2d4zb5RSzcI44ieGAwXNceI4HhzkIXB+7vW3cG+xjp7eN89kFLuZX4OBwwHA4vIf9/h6OR4fo+72078DgMhddL0DgBphFc0RJhGUcIowjJDypqe/GNvanbTwB6Fc48ZFRRHxOxCQx4zSyR5IkyDdJA8XYRpFfKiu5amb50+MK5Fn5rJHV5wcUGm+Lpvxyq/LyRK2IvCDKW17Q0HBxuQ6bNhNJL6wpz6tsKGDlh/Ykw0qrNu0mmn4VlDqsxBX1yAdF6eGv4JxkqOTaG6yGqyxI6zZQSOXVR8iRECYUuVvwTDNkLhVX/YHEZEa5KDsah5oXyXRcgRywjtQkUKQXA5rkKypNeXt9a4BCaEocxXEVF0Y5aecmt1Pevg0KP6K8DkV6ykXRs/JWONdwg9FrdFzkbZIfbcQPpV5zVCLwmzjKXPRYMWpUXIPlB6plB2n0TvvAMmD9A6IWi9aAxKXzQu84pI0ShIurKc/1WjMMdUiuK0qn4zUeWBqgtACi2coF0EYYFcg1XIe6dJYIS54PjqYTMlW7yTzP3sSxdtMNr1peUDU2bSZTfgYUVpqucf3w12Yg2kTRRvKJ8uO1Rv/QhGuQc5giQoNyko9W/2zxvc9XxWkNL/dwiQv9Ew0q/CrlRB9b+xv9ma/EOfTvdXl38MwfufRMVOmr0sGMaKtjVsjRfr6qwaJaljy3plxhqwhKXZ5NUFGcprzsbw3RVG06PgiKepjmC2oz1DDXraKCai6h0DfKBfKGWKe/UkuZeO0DtMn8tKLXoq0secMeqjO7+QHRP6GPlItknBM/4/WIehR1tOLixuK4xQAw6qtpfqqbr5ZK15JzWL+uUPeouEt+oiGu04wCqEBTdorupryE0PA2yMXGdzEeqlwsQBRr72kDUF4UWsX1aKtjrdBifmrS70q5iD4X/qapZ26rcqlZKG/pf2kevMiLcKFzJS5laqN/tchlfbZEkZ5yoUBZeYU+G7lBQMzzV6k1JPev6p+G195d6g5bJOmk0tVypbURFmEm/aZchytYZbhkOka5HsV3AgVHpgo847yOK75HcMUP3Gu4Ei3mc9q/sGean9rOV406LPpCzSFz8UJAubL6Qp8zs50vnD5FEkdwPvo3QH9HkaBqj8cejroL/N/fXOB/m4VIOIfnu5jPpoiiJTzfhes6uLq4xj/+0z9hd2cMxoAwSgDHg99xwZMEvU6A4aCHDx4e4+c/+ykePjzGds+HF9+ALedwWFovxjhcrwPP9eH6HSTMA1wfyxiYzUIMRjuIEobLq1tMpmfo93rY3e5B7JHhnOPg/A84XN7AKxrUbOEM7OIZcP06T2LS78KdNDzvH07KQARL6CkRMM5rLzfr5wY3eIcwmU8QX50CDdNt8G7iKrbZAH2XjDlpFOXOAE53BNYZgMdLIA4BzsHnN4hOn8IJ+unmaNcDC/rZRuj3aJwDPAJf3CK+foP4+m0aAVo8GR0fTncLTncLcAuX4gBE1GTwjFvdL02XJAniOE43N4cRorgckVecn0wmODs9xcX5BZbLZXZP/WbmPGJ0EkNEKqYbm+vSJVk6AABL54FMcf1iscDJuxO8fPkSb9++xd7eLpIkge95CDod+L6fb6BO510MUZTW0fM8OI5TyZMxhn6/jwcPH+Lk5ASvX7/G6ekp3rx5g6fffotPPvkE2zs76PV68H21X8RxjHC5xHQ6xfX1NRzHwd7+Pvr9vtQFab/lKP5d0z5Fuiyadt73KSZc3gCdXw0GhiCL5Pzx9oeIkgjzaIGT6RlOp+fwHA/b3TEO+lMs4iXm0RwJT+A4DnzXh++mG+Ndx0Xf72G7u4XD4T5OZ2d4e3uCebRA1+sgcH0c9Hdx0N9Dx+tA/BbTYSyNAO36YGCI4gjLeIFlvNxsgN7Yj9sYK/1omeeHi4NC28R58UPWdAFXLGiwfB1A9YGtdEsU6QFGOH3PTn+8UPyAW0SaKrgoJBOJ85wBXsoZ5E5yBbLjphUZVQVrFkgY5ZoIC0ZES8w6IM2miKBTQtkXym/MkBdbVZxunrdGaDg1XfeR7qrl1WR6ZBquxRUjRDWJrCXQqoHF+G2JYgxRDjXPURUxx4SlUhs4U3Na3Qpva9aOI6FFdjkv6VYDNxC3Y4oF4Tqu/eCmR9mzjQvENGJMbeSCmustG9wqQlhF76hOyt5MONNwpuISKtOX+17J2zRHE9MVQIO5f0LDFXpX4pyRx6UFV+anQWnAlzgz8xLa6uma9bocD0bm2Xmhd3lxNRwaXtFTgm2GZ6m8Bmvob1q0tcr8IPsxcB230k9LZM1R9nSjvjadrxrmp0Z9Lc3v7Hnh3Wr9a+p/JSxuZz39FKadH6zb/3IudABEF5B1n6QAlMNO/1qhKV+BQp8lLuoh9LrCs8pQboXaeSnqeW6MMMJJ/1QjPipQJGngb5XiGrDij8raKMzwflToQA1XZqDh0vs2UMw/xXEdb6yjAi3mp/n1lMNig0MrwaE6KfcW4aUFEIlzoLRA0vJ529bftMOrKdpM/+XCVuar9ePXevxrBlQRgS/jIJyL9a8yb/UXTWyQ6q+FXov6iHRqrmk/w/OnytHITM/TxnJuwpbzBZB8Cl7WN1Z9QEDWOy1vOb8yzd+K+arEpfTvYz6qTF9zn6Its/WCrHg0gn9V7zKuNYVDGgVQgzV3qOWrzE9t0PL9DpRDzY0N9J7XGyv6KvSXlXmTv2Ci1NEKZsXV6jS0XG6puvVam+Zt6n8ms3q+ruR/JhTvgYRDw6me0vdJw3rdyu+vDdcfG/8Fqjbz07w6Qr/z1oC0HVbNpQ6lw7GWFx3QzNo8xmqsUhw6nIz+J6uJgsPALb9DQOZSDrJnK9F6wmO43nbEkvLq/gJViUPuLgNnGl6+rf77lziOAoWV+OUL8Kcx8PAXYOND2Fi/E+A//vw+fnV8jf/99yf4f97EiMMQrutguZzC8xx4novJZIIkjjEY9rP2cNDpdNDp+Njd2cHhvT08fvQBHj95gvsP7mPgcSTTc8yuzrCYTuA6HbjgAHMA5oE5HsKYw/U9TKcLOJ6Pw/sPMAkdOF6A5y+fgjHgL3/5M/S6PrbPv8a98AIBYygGJvQobHEDdvEM7FZszhTrZzWo+Z5c4Tp9XHF+usEN/ilhcnuJZHKVqukdKM8GV8QVbbMB+g4Zc1zA78HpjOD0d+B0R+CLW/BwDgBIFjeI3n0NcIAFA8AL4I6PvocN0DGScIFkeono4iXiqzd5mQCAeUFa3sEOmBdI6bKNswmvHFOZIyIhd9JIyI7rYrFY4ObmBtfX15hMJuj1egiC9B5i8/PpyQmefvstnn33HSaTCXzfr43ozJMEcRQjimIknAOcI4kTxEmiLVta9GzjdBTXXicsjmNMZ+km48vLSywWC3z5u98hjiPs7e2h3+/DcV24jgPmOPA9D51uF71eD/1+H77vKzdBD/oDfPjoQ8znM5yfnwNffomTkxN8/fU3ePLkJxiNRrh/fIzRaKRMHy6XuLi4wLt37/DixQt0u110ut18AzTP6sp5uiE8Ef/mHHUvPEW6NPaz/PtejnTzc5RExcZzkXd2Zd/v4YOtYwDAPFoAAF5ev8GLq9dwHReHg3sYd0aYRQtwcLiODz/7z2FOOpVnwMAf4OHWMS7n17iaXyOMQwz8NIL0Xn8X4+4YgTRmHOag46YRoBmAKIkxjxZYbDZAb+zHblxa5ewH+wAAIABJREFUws7mEzz/Hyjf1Sooz0lQSG6ORdYZZ8VxzksBG1iGKCEvc0lX5JKIcjO5HuRfqjPFpl9e5rzgcllrI9BwoHVEBQ2K8pq4FuWOUiGg5uDlzmcmrmhqRe835sqIJuJexS/hq5FBMg4JefGL/MYRSVoiTFwXuSSPXCCqrlig5YoFVhMXqSlfE+bawS25bDp3qL3hezbD8KogTUvKy01cJKVci1QFDDwb54UM8FpEnl6MdwXXoNA3uSQqvhKqdLoO5fRSu2sjKFC9E6Z0YNlsnLNG77glVy1YUl6HRYVBKowmOqZFUwSTuogmQocpl7AYR6L8WfNQrliSF3er6Y0qN7t9GeXWEs1MeR2K9JRXalPPtWara6rMdA3WBNdtpLzGyKJUH7WcZ37WEOX0CoQllypQKplqvlriqEFJ5/SIMgdIPvVcmNY/a/1Np3cKLtqm6QBb9wxI94DXIJ0HlvR1LfNV0VwteXm4qNywzKHmcvdI1TPz9faO/jVGg8IqXNTxrugd5Tnyei5nUNtAam6rY63RMD+tXCenl8pr+ksDlRcUFHpW5tXz4riScw3nlKtQbLgR/iY21gj5qnKhfznPasBQrdFaRpRB37S6aDs/XVGvC+/WcK7mxbzUwKWWtGmOCsrpFQhLrjLhR4LouHKYo1335Okt9VuYiVcqbouVBlE0UKlghFv3REvUrcvR93Cib6IDV/0LUqvqc9EKopyiuGWueg5VuiPzozxHo78RfaR6ac1rkNejGMjKiKKr6Nv7np9WBEjDc1NwxQBf//pWQ7QbVtX5qvgfpuAaFNWX81jz03Xl9QadO2ndS1hj/TPxhh1DXzAgVZTyOjR4zMrzV9P8NK+OSIcifWk4qnllHIn0lENlZY8UulbLOZOaz6x/yg3hlNehSE85FHpaw1vPT3Xz1coAN01wxIASlxO+LtMMJy2Xqagm5XUo0rfUa1rsnF++AsI5cPxzsHuPa6ss2+HOFv6n/24L/+PVNf7um7f4u9cL3IQMnu+i1+sCPEEUxwgjjm5vgKDjo9vtYf9gHx988AAffvAAR/cOsLWzhW4QwPNdwPfAOkMkFydY3l6B8RCJ5yNyO4hjB51eH9MQmMxj7B4ew+sNkfAI3O8gdrv49qvf4zO8wp9/MEbPdZH6SoMGmpyCXb4AZpfS4Yb6Zql3jbGpXm9wg3cQk6tTJLNb5HZHyrXBFXEF22yAvkvGHDDXg9MZwB0dwB0eIJ6cA7gFwMHDJeKbE8D14fS3AdcHc30wx0s3QTvuesvDOcATJPNbxFevEZ4+RXz5Csn0HIiWotBgXgfOcB/OcD+NTC2SA0gSjjwSMIp/qzYQM8bgOA76/T6Ojo5w7949XF9d4fr6Gn98+hTD4QCT2wlGWyNwzrFcLHBzfYPXr15jPp/DcVge9fjm5ganp6c4PT3F1nicbyhOq8URRVEabTnb9BzHMeK4fmMz5xxxFCGWIlHzhOd1pOZ5HkbDEUajEVzXxc3NDX7/5Ze4urrCzs5OtgHageOk//mej063g36/j+FwhOFoiOFggOFohK2tLXQ6HTDGEHQC7O3t4dFHH+Hm+hqccywWC9ze3uD3v/8SCU/w6OwM+/v76Ha78LJI03EcY7lc4vbmBmdnZ7i6usLk9ha7e3tI4iTrM571XNa3KOb35XNqfxF9y0R/MgbGWBr9OUk3mSc83ZQlXpSSLFq373oYd7cQJRFulxPMwznOphe4nF/j5fVrTMMZDvp7mEcLxEkCz/fgux5cx81f4hgYen4X90dHOJ9d4bvLF4jiGPv9Xdwb7GPc3ULf78JlxVhxmIuO10HX68B1PAAcYRxhGYebDdAb+3Eby/5HWnROf0iQbbPkHI6TLkw4ZOGivIKG0gIGxBu08henqvvzZli34FHzRZ1GVLGKIFrUMDsOSW3K560jhFJEPULHLZqjlLjpnNFUMIKclctYXl4reF48EZGD8rwbLHgpX8sITBKm5Tfwpg1BG6RlxJVy68m8GHNZcZtxaLgJGw5PRvzN5M/aC2wHSEOzihBKNxygwQc01hKl9OJOVgvCRL+s0CggtEMVHZzpHeWs5ACFXlK+qr8xVXFskBwwcbMDG6zSrMzMa25Y6Gv6v5WIdwq9UyKaRlwS8wNdxKUCRT1ynpVP5FOul2WHaB+gpL0oJ+1X0Vcbd1+Dv1V4w+rZuqN5fiB0QOKlXAycaXh2aO0RQqX5pzU2yd+kr1LHF1w0QY0e5gcNPJtfVnidHJMcVdzoj03RNn/L8aSfrxo9nNCWA0xTg4q+ighLhFtFCKXcBi30W9SjxKV8aturMmFnpD8oJ1k1fJ9o+rxt628VbqPflAMoZnoarr2hoQC28y3y/krnb8oIoZRL+b33+aoSxd0VXNI3GjG0+AskUie/5/fXipxosst5G3/T+Z8SWZlbvt+BcpJftUYabPK+SrkF6iKEUr56BHuUeT6MzFxuKVlPKW9Qba2/NTab1zWpbLr5ghaZCbORTDk0HIQTfbtrEULp9RxqPdVyq3mqqI7Q6xq9pJzxdsMTVW5lDZvbpNcVNaLDyeh/rJRPRS9NPGuo5n+xrIzQ8bYTbGi4CYkDrD1CKOW5Luv9T4kouDDqLgzS8KZ8Tf5XsYpD1iONGK+bLzIdz3UOmX/puIRgUj4GJDpm4nYvaDXYav1RbuwyF3qXc6bmqV/V8Ga1kOYLFsXPEtDqWLlfw+Gt9U/jDTJGBqCOM5mj8FgjMg03oS49qXiFr/h9xWKAk+ZkpdPFfJVwlPk6/a2CTfKXCkebo5bLiZqYan1R5pNz8Gf/CMxvwB58BjQI5ngw3sJ/+qst/CcA/9+3L/Bf/7DE3yUxBv0eeMIQc+Dg4BAHB3vwAx/jnW0cPzjG/r1DjLa34PoewgRw4YG5HoJRHyPXxw1zEM1uwHwPrt+B5wWYhwlOTq+wtXcPuwdHuF0ssYgS3F++xr95HOPnh4/0DV/fQGBXr9LNz3lQydKALA7VcWi4oQC65YVaOddUc4MbvIuIcIH45hwI0z2LP3R5Nrg+XNU2G6DvmjEHLOjD3X4A9/YUzsULJOw87XGegMcRksk5wte/BZIITtDLIzCztW+ATsCjJeKbd1g+/xzhq98ivnwJvpiAJzEABjAGFnThjg/hbh3mG6DzSMAiEjMAzpFugE30m0odx8F4PMaf/dmfYTab4svffYnrqyv8wz/8A969e4cnT55ge3sbcZJguVikf+4iibGzu4vHT57g/OISZ6enePP6Db7qf4W9/X14nocPHz3CeDwGkEYdjqIQURimZeQcURwhjoqNzerm4Ijj9Ndlon7yxun840Nmw+EQj588wWQ6xdu3b/H06VN89fXX+Prrr+EHATzXTduPAQwMzHHgui46QYD+YICDgwM8+ugRPvnkE3z285/j4OAgb6NOp4PDe/fg/+VfYjAcAQCefvstfvub3+Kbb77B8fExDo+OcO/gHobDIRzXwXw+x/nZGa6urzGdTDAYDPDxx49x794hut0uwJC3B1i6GZ2Bwc38SkRtrnUZiE/GDC5z4GUblDnSCNAxj8HB4TouXOambZikxxgYwIBBMMCH4wdYxHO8uX2LeTTHNJwhjENMlzMkPEGYhPBdD77jwWVuqd27XgdHw3u4mF1hu7sFxhgebB3jeHSEQdCvXO86DrpeFz2/h44XwGFuHq06MdZ4Yxv7EzYOlBbVWcY5cs+nv2hPErFoLxajOMqyycXR/DxKKF3JgWKTXDXCUnqgjJzxbIFGfb5yP67htkjqJfPyRMzEoX6hNCEME0FNM+RIryPphZm40hQZWkcAkdpEyW2R5tcIix7iMs3LLTpCHFfwcg9X+SoRCFZFg4O12jBRiQQh/EsXIULk1o4LKzW3VA1jMxjMGCE01z9xmMunJd4COWCK2ATKST4V3ljfVkUUvFZwNNxk0u1EslpOkq40iuqHj5VeC8t5dlD3uNI2r6F5TFzcq5kc0ae4gmer5JyruciQE31b8dMUbPSt1YaJNep15QOehqdXazZEaKtDN0xokJuQk+HIs9LV88JqOIdex3S6R/SsecQlgqb8CKIJFw2dVxaKhidcWEX/OGk+wlvqQyMr1afwNzrcSlxQjf6Z/a++uWwf70pO6tNGZireTfrMpH+5XlIOmbdESRA403DThEk3YTfp3Trmq8JhRI/VOlSVF++gUvfyKl/N32icsQacA6YI68ITKlwojuH9tRIhlHKNjjWan1LeBPO7c6kUUrny4mo4UDq+VltFYHTl4vYobkOLY108Mawpb4Km6mflpfPVlEslzk/a1KjgdASXuKRjrSPgcw23RJD8dNxe73QdoDmfm8Yhc3/ScLnpV7RK72U6Vq4eJ9UgnOqlmH+K47whoh5FxU28GJD1WJm/koFd4cZ5Kso8T92UK1BqaOvHt8ka6Nvarc1wUyQvcbtut56PVlVC9YN5oddiYIjxoeOyHhjuTOZrjf5C3rrRQq9189VcX8X4sNU7yrVm6/CSKZudOgbhlXsQLs17hK6peaFr4gJZ51ohh3F+avqLlaI+dL4q9JnOVyuoa5dS7mZezE+ztmOUa5DcvYKm4muqsxb5ay44dnk2QYvimXihd1TOxA+BanidfkL1PaIeRUqGem77gNHqmO38VDdftcW8re04tLxcPevXe5OR97oKX0zAn38OPrkAe/BzsK0Di0zL9lePH+KvHj/E/xyG+PLlO/z21RV+83aGZOcAP/3ZT+H66V+W3xptwfN8BEEXzAGmyxhO4CHwfYRxBKc7wmiXI5x20yCPSYIEDNc3E/T7Qxx0GNi3/4Dd6SWOwxk+2weAEakfQZ0tb4GrV2BXr0izUn1NTei1uFD7FyopN5hWx3S6p6nmBjd41zCZXiO5uYBsd6FcG1wfrmKbDdB30YIenPER3MkZnNFTOPOrdNNxHAI8Bl9MEF++AhwXrDsCj5Zwx0dwBntwukPA74KxdHNtM+MA5+BJBB4twec3SG5PEL77A8JXv0V48i2S6WVaDgDMDcA6AzjDNFq109sG3CA9xxh6vR6Oj+/jk08/wfbODh4+fIitrS04jlNbitFohE9/+ik4OLqdLt6+e4ckjjG5vcXZ2RmiOEo35bJ0M/BoNMS9w0Ps7+8jiiK8fv0GcRxjPN6G53pIOC8tpgdBgN29PTx69Aicc/T6PRweHmIwGKSbkjXmOA78wMfu7i4++eQT7Oxs4/79+zg8OkSn261c77ouev0eRlkE59FohNl0iiRJEAQBXM/LN+KK6NKz6RRXl5dYLJd48eIFTk7eYTqdYTAcwvd8DIdDBJ0ArutiMByi2+uBMYb5bIZer4c//vEpptMpptMpLs7PwcAwm03huh6iKMRkMkEcRQiCAOPtbRzdTyNtd7pF5O6B38ej8UMwpBGcj4b3sNvbRsfrwGX6vmPMge/4GHe38Gj7AwRugCiJcTw6xCgYoON1cDi4hyiOsN/fRd/v43B4gGEwhOekUsTA0PEC7PZ38DB6gE/3L9D3+5hHC3BwBG4ABoZ7g30cDPaw199Fz++WyuU5HkbBEPdH9/DJ3hNMwikeb3+I49ER+n4PNCpKx+vg3mAfs2iGrteB53g4HN7DqDPIy7Wxjf0oLfuFsjwkWH4qW2hI12NLCxgQabi8oCEvXEjXkXTyfdJ8axY48p+im7iE8g4NE7b4YphG0Ug5K7+Blmqi5Kwlog5Fn4lIEQqedaSSkz6RGTNNM1lLtLTcb0h31XafOE25EmlEE4o0womGS/nJTcOliqfjQHQO4euKWECR1SONUFM8G3MPqkdVxAglSudF7pSX8i9zYUxTvXX5W96RlNdhXjjCa7LLubH7RaQ9wvPbmT+wmf4koRgoRcS9zHMJt0JdRBkTWubfNGJYKYI/5VDoJ+XZ5h/DMKoiyggdb+NvOv+zMVIwSY40nEQ0QVXvankWcep9RkhN62PmJTQKhqGBLJHl+i1yVfP8rrkO6zhFkr4pGoZjbYARG2tbsNzoACFneflHx1YR/JUf2Foi03AJRcOVOKrcClvMV8udYXiAkQ7Pf5zI6nnhv/Xdaut/tajIBzquu6C1P1IjF5CIWpQXEfgkLuUjdI3yOv2zQnq9KV+Bkp4JfdbxHJs0bOWlkDpQPa9GuIWSr9vfrJHZIaDhMJi0YSrrMDMv5VqvN3nEfspZma8WIbp+fmrCkp7Cnlc7uIZDw2snYAymF1Db563Rvyhvirr8aY2I+9AIgkr9K+fQjLetUJaPTk9zbjM/pSjyodwGFfosilPm5Lxte+XzVcLX9P5QuTtxlHX5W46r6DWDtD4njtfzIqOGBWg6fxN6ms9X0+O6H6RzSLrXRE9t9blWr0Vpy1tyhF7nfS9zDml9AWp/a+F/9o6TAZUTU3Ztul+kpxwgaqPguvlMhav1zYgrvr+a5nNGfbWdn+rmqzlCzXNdBtHpghf+iNLrUH6+iTVs/orDmbLXyJFpvqD3PzFyNTz/ztCQk/xkhShxqwV7gpUOa6CvZIDa/gWqXI+VOirVTrmeKoqv4SI95ZX8FSj5kYmX0NaavQ6om1syevtK8Spyxux4no+Oa1DzPaK6PqfgNrji/NSEur84Jcpv/xdSRbcZOGuOkErc+PEu+9PFM/D5DfjhT+AcfgK4zfdeBL6PX3z0AL/46AEAYLYMMcMFbriH8yUD4iXYcgx34aEzGmO6iHBxeYnxzi66no/l5Ab+co5BvMDy8i2cxS0CHuMTBngJB7uRHyBoPX7Y9Ruw69fA7AqybuowVwyib9oI/m3np7r5qs36ouJ86Qfqm/Ob89/Teb5cIJlcIlnM7mT5NufXc35VY7wu5O3GfhDjcQi+nCI6+RbzP/zXNPLyxXMks+v0AsbAmJttPt6HO74Pb+chvIOP4d/7FM7WIZjfBWu6eZMn6ebnxQTx5Azx2XdYvvwNopNvEV+/RjK9Ao+XQBIDAJzeGN7uI/gf/BLdT/8W3v7jNAp15rhXl5d49vw5zs7OMJ/NMRqN8PjxY+zt78H3fe1G6OVyidvbW1xeXODk5ASnJyc4PT3DYrFAEAToD/oYbW1hvDXG9vY43Qjc7WK5WODk5ARX19dYzOfo9nq4f3Qfe3t7GG2N0Omkm3xvb27w6tVrnJ+d4eb2Bp7nYf/gAHt7e9jZ2UGv11OWKwxDzGYznJ2d4fmz55jNZugP+tjb28s3d8t2cXGBp99+i6+++gq/+5ff4fb2Fjs7O9jd3cXO7g76/X624ZohjmNMJhOcnZ3hxYvn+Prrr3F2dgaA4aOPHuFv/uZv8cu/+At8/Phj7OzsQLwYJEmC+XyOy8tLnJ+d4/T0FNdXV5jOpojCKO0nx4Hneeh2OxgMBugPBhgMBhgOh9ja2kJ/MECn04HrppGaJ8spTqZnmIYzMDD0/A7GnS30/T5819dugk4jM0eYhjNczq8wD+fg4Oh6Xez1d+Ewhqv5NWbRHHESw3VcDPw+Bn4f/aAH30n//AkHR8ITTMMZLmaXmIZzJDyNGu4yB2AMCU/QcQNsd6vl4gB4lv58doEoiTEI+uj7PfS8bmVT8zJe4npxi2k4xSxawGEsLVfQT/PebILe2I/UvvnPv8r/XXlXF4sIOUf12tIxpr2O/ju/igMlORHzGvrCCImjyks5GyZG8lnd+6uRs1Lx9Gjx/phfT7klyvWq461M1wBtCrjWAjTlq7zgZ9dTfgew2ABGuPwCkVPDAi3UH7xWLaWwVv65yg3ugv3g4+c9W8P6CH2jyU38e8MGwz/n79VW1D+trsFc4buIVg9UWh9hTRWp0D8TX6e/Wc8XGtfme5CTH5u+UfsTq59RLVbxP40/tm2edv6q0btKBUWGCn4XdG2teqd5YK3cA2tQFF13kerS+cId6Y1q7WuaW9v8KzTfezedYLRxn7tg77k+Rn21uF0j1MmZFosSVTgA/v3XoIw6AWijd9/PiG/GbQRMl3wNZtu7lLf3NwVqqr3u1m9l/xr1TVe/O2hW84NafxMbGVflFKl+Wv7g5k7q2wojsLSgQzvAkt9la9g8d259y0K/RYIfZn1rRfuR6d33XR+hZybeXB/b/6DR9MOeRnq7bmy0IEIH0B2cUNzF8cMcYOch2NFPwbbvo9FGt1b1EZVqcJ+2Nr8Cbt6mG6C5xd8Xv4v9s7GN3VXjHMnkCsnk6ocuyca+B7v4X/7XldJvNkDfReMc4AmiqzcIX36B5ct/RvjyC8RXb7Io0OlmUDAHzPHAeltwtw7h7X+M4PgzuDsfwulvwwn6gOtnm5JdwHEAsPKDn3MgidONz+EcfDFBMjlHdP0G0ckfEL78DeLLl+m5JJLu68IdHyP44JcIHv4S/sNfwN06lKrAEUURptMpwjBEkiTwPA/9fj/f/GzaqBZFEebzOa6urnDy7h1ub24RxRH8IMB4PMb29jZ2d3fRy6Igx3GM5XKJxWKB+XwOxhgGgwE6QQeu5+YbrqMownw2RxgukSQJGGNwPQ9BEKSRmTVRoJMkQRzHCMMQ8/kccRzDdV34vo9erwfPSzfKxnGM5WKBl69e4Z9//Wu8eP4C09kUg8EQH330CEf372N3d1faAA3EcYLJZILT01M8ffotPv/8c3z1+9/jxfMXGI/H+O//w3/AX//bf4u/+Itf4uj+fWX7hWEa4fnm5gbXV1eYTCZYzBdIeALXcdEf9LGzu4vx1haGoxGCINC2fYIkewku34MZJompWykkJUsm5KaUr+I+6eE0cjfP7stYcff8Pqy+XCJigbHctMyGfDe2sR+Dff1ffgUnW9BwWDpeCi5vsMzeQzWcc8Bx0utFegZA/gWqvFETkN7byI5n+htlQPqla64G9W+CaRHVCxissoBhQM19inILe99cYXf8Bbno7Xpet0D7vj+w6ZpnLctVd7x/Gtu/svooI4oWkwNpwVYka7hAvAaUdTOP6Ez5j3kDge3t7oIZBVCBLbJrkv1KuIpeC/fL7E503yr982PzN6v62Hqgmhcf3NLjOl75oEa5zQc1yw9s3/8HN12DawaMltv01w9sf+Lzh4o3F4/borts9e97QmFWw/tPvH8q9t7rs5r+6QuiOd/wgVvMVy319ftGaUDQiKFanlsrD3+/thk/7+X2Jm6NzYbPSvuXv5fuvfP+1lAP2+y4/t6fqGY9zflaNoCJ3Fblzfx1Mz/QoLC7WL+GAmm7YfeHRGFCDor5gOXwv8um1bsafud6iDpUQ1xFX1H3g/R2+ljCFtXJ04vq5aW7A/LRxn3ust1x/dY1N+XG4W/jby1R2HtpHmMBavStOwC2PwA7/ARsuLNqSdZjbcdPNAO7eQd2/RYIZ5YJ192DCl6aABQBkoSAlXnl8h9kPWuDG1Qhn94gnlyBJfGdKM8G3z+er7gBehPa9C4aYwAcOL0teIc/AZIQyeQs3Zw8vwGPFul1nKebkuc3iJMIPJwhmV3B234Gd/sB3OEenO4WWNAH83tgng9kEZrBAZ7EQBymm5uXWdTnqzeIr98guX6H+Cb9j4dzcB4XxXOy6NOjA3gHT+DtPUo3W5eqwOC6Lvr9PpIkKR2z2fwMAK7rotvtwnVdDAYDRGEEzhMwx4Hv+/mGZZGX4zgIgiCLdtzV3s91XXR7XQSdAGICxhiD4zjaqNQif4Ge5+WLVo7jlDZNLxcLnJ6d4em33+Lzf/ocN7c3+PSTT/HkJ0/w0ccfY29vD51OB57n5eXinGM4GmK8PcZolEa07nY6uL25RRiGuL6+xtXVJeaLRb5pm7ahaKdOEGC8tYUojpHE2cMga4sgCOD7fr5ZW1tXONKfB7I3BqD2F3tMAKscq17KkP0/TWG+j5yHhdn448Y29qMzDogfCXBxKPu7VgkvPlKWXrbpjwUyLg4nKBaVwIH8z2ZDRoYiF9X5vHAAa4ilaZIiX94Q68pXbogKFyXJOYf0QsnJgoaGkxpVsGkzKVoILXheZUMBOeUkw0qrNu0mmn4VlDqMuhKtRzYYgNIzRsE5yVDJtTdYDVdZkNZtoJDKK3gtwoQidwsutEjiUnHVH0hMZnAMThyNQ82LZDquQI5Ub5ugSF/SO7lcat5e3xqgEJoSR3FcxYVRTtq5ye2Ut2+Dwo8or0ORnnJR9Ky8Fc413GD0Gh0XeZvkp4IivVKvOcSfkeXckqPMRY8Vo0bFNVh+oFp2kEbvtA8sA9Y/IGpR/QFPOi/PvZiGi6spz/VaMwx1SK4rSqfjNR5YGqC0AKLZygWocKJvnGu4DnXpLBGWPB8cjeerinaTeZ69iWPtphtetbygamzaTKb8DCisNF3j+uGvzUC0iaKN5BPlx2uN/qEJ1yDn4KweQTnJR6t/tvje56vitIaXe7jEhf6JBhV+lXKij639jf4MQuIc+ve6vDt45o9ceiaq9FXpYEa01TEr5Gg/X9VgUS1LnltTrrBVBKUuzyaoKE5TXva3hmiqNh0fBEU9TPMFtRlqmOtWUUE1l1DoG+UCeUOs01+ppUy89gHaZH5a0WvRVpa8YQ/Vmd38gOif0EfKRTLOiZ/xekQ9ijpacXFjcdxiABj11TQ/1c1XS6VryTmsX1eoe1TcJT/RENdpRgFUoCk7RXdTXkJoeBvkYuO7GA9VLhYgcp41AOVFoVVcj7Y61got5qcm/a6Ui+hz4W+aeua2KpeahfKW/pfmwYu8CBc6V+JSpjb6V4tc1mdLFOkpFwqUlVfos5EbBMQ8f5VaQ3L/qv5peO3dpe6wRZJOKl0tV1obYRFm0m/KdbiCVYZLpmOU61F8J1BwZKrAM87ruOJ7BF/DD9wt5nOV93CR3jQ/tZ2vGnVY9IWaQ+bihYByZfWFPmfWer5ABo74x/wWePM78OvXwO4HYPsfA4OGG6Hb6LVJv5uMn2gGdnsK3J6Aza9J9ivotkApw3z9gHJhpu8r2T+K9SzKlZebu3eDG3yPmMxukUyvwaPwTpRng98vrmKbDdB31RiDE/SArUMnoKxsAAAgAElEQVQgnMO/eQfEEaLz50imF+nG5yQBeAIeLcHjMMXlFMn0Au7tCdxBtgG6M0w3KPsdMMcrJl5JnKfhixskk3PE128Q354imV6CL27Bw0UR+dlxwdwATm8Md/sY/uGn6ebn0QHgdypVMG0oNjcBg+d58DwPvV7P6nrXdfOozKZ825iojy5KNADM5nO8fvUa3/3xO7x48QKe52F7ZwcPHz7E4eEhtra2tBtu8wjZrovbm1v85ovf4Oz8HGEYYrkM0w3NlQ8BRdmcbHO4ubXM9j6iHzffUL3+MmxsYxvLjJERxkpQnGfFMfr+W34PZvl6AP3AVrm1OM6L+3A5f6D4EQYrc84AJ+Mg51Mi8hM5CSO8zQcpaeGCVUtcQno+j2TNytyIaIlZBzDRxln5Syj3dfmNGQz1PP9aIDuHDULDqem6j3RXLa8m0yPTcC1Sv61yuaoVbr5BFa0aWAzklpilZ5RDzXPMytkIS6U2cKbmtLoV3tasHUdCi+xynnWrOGjtBuJ2TLEgXMe1H9z0KHu2cYGYabgJdelN+kp0WcfLekd1UvZmwpmGMxWXUJm+3PdK3qY5mpiuABrM/RMartC7EueMPDYtuDI/DUoDvsSZmZfQVk/XrNf0/aair0Lv8uJqODS8oqcE2wzPUnkN1tDftGhrlflBqmO13Eo/LZE1R9nTjfr6PjZQ1SArze/seeHdav1r6n8lLG5nPf0Upp0frNv/ci50AEQXkHWfpACUw07/WqEpX4FCnyUu6iH0usKzylBuhdp5Kep5bowwwkn/FPNQrNXfKsU1YMUflbVRmOH9qNCBGq7MQMOl922gmH+K4zreWEcFWsxP8+sph8UGh1aCQ3VS7i3CpQ0FJc6BygKJInvT87atv2mHV1O0mf7Lha3MV+vHr/X41wwooXc5B+GZblHeCKV8rfWa8hoU9RHp1FzTfobnT5WjkZmep43l3IQt5wsg+RS8rG+s+oCArHda3nJ+ZZq/FfNViUvp38d8VJm+5j5FW2brBVnxaAT/qt5lXGsKhzQKoAZr7lDLV5mf2qDl+x0oh5obG+g9rzdW9FXoLytz6/mp9Xw1K65Wp6HlckvVrdfaNG9T/zOZ1fN1Jf8zoXgPJBwaTvWUvk8a1utWfn9tuP5YBPkq66m1vtrMT/PqCP3OWwPlnxsouNShdDjW8qIDmlmbx1iNVYpDh5PR/2Q1UXAYuOV3CMhcykH2bCVaT3gM19uOWFLefP5axyF3l4EzDS/fVv/9SxxHgcKU3Ma/ZlfgL67Az58D42Ow/Udgo32AWewt0o2HpmhrotyLCdj0FOzmFFje5vOd4jsEMn8rRn4r1HxPrnCdPq44P93gBn8QjCMk8wmS6Q2QxAB5T9rgvxJc0TYboO+yMReO3wO2jtB59Cs4wQAAECURksUtOF8inVHw9P+jRbpxeTlDcnOCyOsArg/mdcD8LpgbAK4HxhxwnqTCES3Bo0X6XzhHEs6AaAEeh0AcoYj8zNLNz/0d+PsfIXj4S3iHn8LbeQjWGaQbqzcGAJhOpnj23Xd49uwZFvM5RgcH2N/fw24W+bku2rDjOOj3+zg+PsbxgwcYjka4ub2BH/jwfQ+O69am39jGNrYxa+McCVB63+MoDogfjYrj+XkZeYH53EQ+rrs1WPrcYkijAWSZJyy7b8Y542We5cilnGw4FJwD0qZfXua84FpkAP1FbuuIChoU5TVxLao6SkZAzUE738QVTU0WRFtxZUQTcS85EghTc0jIi1/kN45I0hJh4jURWtJIBaLqigVarlhgNXGRmvI1ofAB4R5GLpvOHWpv+J7NMLwqSNOS8nITF0kp1yJVAQPPxnkhA7wWkacX413BNSj0TS6Jiq+ENjoto5xeandtBAWqd8KUDiybjXPW6B235KoFS8rrsKgwSIXRRMe0aIpgUhfRROgw5RIW40iUP2seyiuCUXxwqumNKje7fRnl1hLNTHkdivSUV2pTz7Vmq2uqzHQN1gTXbaS8xsiiVB+1nGd+1hDl9AqEJZcqUCqZar5a4qhBSef0iDIHSD71XJjWP2v9Tad3Ci7apukAW/cMSPeA1yCdB5b0dS3zVdFcLXl5uKjcsMyh5nL3SNUz8/X2jv41RoPCKlzU8a7oHeU58nouZ1DbQGpuq2Ot0TA/rVwnp5fKa/pLA5UXFBR6VubV8+K4knMN55SrUGy4Ef4mNtYI+apyoX85z2rAUK3RWkaUQd+0umg7P11Rrwvv1nCu5sW81MCllrRpjgrK6RUIS64y4UeC6LhymKNd9+TpLfVbmIlXKm6LlQZRNFCpYIRb90RL1K3L0fdwom+iA1f9C1Kr6nPRCqKcorhlrnoOVboj86M8R6O/EX2kemnNa5DXoxjIyoiiq+jb+56fVgRIw3NTcMUAX//6VkO0G1bV+ar4H6bgGhTVl/NY89N15fUGnTtp3UtYY/0z8YYdQ18wIFWU8jo0eMzK81fT/DSvjkiHIn1pOKp5ZRyJ9JRDZWWPFLpWyzmTms+sf8oN4ZTXoUhPORR6WsNbz09189XKADdNcMSAEpcTvi7TDCctl6moJuV1KNK31Gta7AqvyaA03KeX4NNL4Owp+PAAbPcDYPsBWEcK92fhDlq9W9V4DEzPgekF2OQcLJqXsi/kiHSMTQPY6Jul3jXGpnq9wQ2+J+SLGfh8gmQ+QcXuQPk2+APgCrbZtXqXjTGAeXB6Y8DxwHmCZHYFcI7o+k262TmcA0kEgANJnEZ1DufA7AoAS/NwXDDXTzcpSxGgweN0k3OS/geeqJ2KOWCuD6e3DW/3Q3iHP4V//8/g7n4IpzsE3OD7bpk7bctwifOLc1xcXCAMwzSCdb+Pfr9fGzlamOd5GAwGGA6H8H0fnudjMBigPxik0aEdZ7MJemMb29jqxpAvgDAAYLzMgXxhwnHS54Y2QmiuSeoFivTXyQUv30QUhisxX6ix/QWryI9z1G0Is4ogmhdTLJ3X8OxtnTEVr0HUI3TcpjnkxE3njKaCERS/ABdWXl4reF48EZGD8rwbLHgpX8sITBKm5Tfwpg1BG6RlxJVy68k8O88EohmHhptQPTwrCJmXyl/PtRfYDpCGZhUhlG44QIMPaKwlSul1eqrkRL+s0CggtEMVHZzpHeWs5ACFXlK+qr8xVXFskBwwcbMDG6zSrMzMa25In9aViHcKvVMimkZcylAbcalAUY+cZ+UT+ZTrZdkh2gcoaa/Ke5JOTzNu4+5r8LcKb1g9W3c0zw+EDki8lIuBMw3PDq09Qqhi/mn9gc0Sa/VV6viCiyao0cP8oIFzLjWnxOvkmOSo4kZ/bIq2+VuOJ/181ejhhLYcYJoaVPRVRFgi3CpCKOU2aKHfoh4lLuVT216VCTsj/UE5yarh+0TT521bf6twG/2mHEAx09Nw7Q0NBbCdbxneX5URQimX8nvv81UlirsruKRvNGJosb4gdfJ7fn+tyIkmu5y38Ted/ymRlbnl+x0oJ/lVa6TBJu+rlFugLkIo5atHsEeZ58PIzOWWkvWU8gbV1vpbY7N5XZPKppsvaJGZMBvJlEPDQTjRt7sWIZRez6HWUy23mqeK6gi9rtFLyhlvNzxR5VbWsLlNel1RIzqcjP7HSvlU9NLEs4Zq/hfLyggdbzvBhoabkDjA2iOEUp7rst7/lIiCC6PuwiANb8rX5H8VqzhkPdKI8br5ItPxXOeQ+ZeOSwgm5WNAomMmbveCVoOt1h/lxi5zoXc5Z2qe+lUNb1YLab5gUfwsAa2Olfs1HN5a/zTeIGNkAOo4kzkKjzUi03AT6tKTilf4it9XLAY4aU5WOl3MVwlHma/T3yrYJH+pcLQ5armcqImp1hdNvDzCSzVg4MByDpw/SyNC98bgo3tg2/fBxveAoF8uZ9PxZKwPyg0aR2CLa2B6CTa/BGbXpQ5iXFH+Jj3WdH2xdr1RUZ2s+al818q5fek3uMGVEYsZkuUMfD4FT+LS0L0L5dvgD4er2mYD9J+COS6czgDu+Bj+w78ACwZgb75EdPYd4ttT8GWMTCqI8fRwEoPzBGAhACYpCwc4T89l/1YZcz2wzgDu+Aj+gz9HcPQzOOP76ebnTeTnivEkQRRFiMIQCefI+8E2PedIkgRxEiNJEvieh+3tbezu7KDb7W42QG9sYxtbj3GgvKiecSZ48RGyEokkf14UnOVvT2k+8vkqKgpDkQONQyCgiBwilzfPt/UvzKq8PBEzcbyfBQ5Ts9DrSHphJq40RYbWEUCkNlFyW6T5NcKih7hM83KLjhDHFbzcw1W+SgSCVdHgYK02TFQiQQj/0kWIkLSkBRdWam6pGsZmMJgxQmiud+Iwl09LvAVywBSxCZSTfCq8sb6tiih4reBouMmk24lktZwkXWkU1Q8fK70WJr92Qa6+bfMamsfExb2ayVHxCarwMsKzVXLO1VxkyIm+rfhpCjb61mrDxBr1uvIBT8PTqzUbIrTVoRsmNMhNyMlw5Fnp6nlhNZxDr2M63SN61jziEkFTfgTRhIuGzisLRcMTLqyif5w0H+Et9aGRlepT+BsdbiUuqEb/mk7ftc2nQWFKTurTRmYq3k36zKR/uV5SDpm3REkQONNw04RJN2E36d065qvCYUSP1TpUlQv9K3Uvr/LV/I3GGWvAOWCKsC48ocKF4hjeX7Xv5UT/Srplixz5jzxs56tVPQfJt8yLamk4UDq+VltFYHTl4vYobkOLY108Mawpb4Km6mflpfPVlEslzk/a1KjgdASXuKRjrSPgcw23RJD8dNxe73QdoDmfm8Yhc3/ScLnpV7RK72U6Vq4eJ9UgnOqlmH+K47whoh5FxU28GJD1WJm/koFd4cZ5Kso8T92UK1BqaOvHt8ka6Nvarc1wUyQvcbtut56PVlWC6bkk4On40HFZDwx3JvO1Rn8hb91oode6+Wqur2J82Ood5VqzdXjJlM1OHYPwyj0Il+Y9QtfUvNA1cYGsc62Qwzg/Nf3FSlEfOl8V+kznqxXUtUspdzMv5qdZ2zHKNUjuXkFT8TXVWYv8NRccuzyboEXxTLzQOypn4odANbxOP6H6HlGPIqXpB++2DxitjtnOT3XzVVvM29qOQ8vL1bN+vTcZea8zco0OKHF2Ccwuwd99Bd4ZAv0dsK0DYLgH1t8G/C7AnPWNnyQEW07AF7dgi1tgfpNyqWRN56fm+WtqQq9FObV/oZJyg2l1TKd72OAG3xPyBEm4BA8X6X/LOeiD9U6Uc4N3Blexze7VPwVjDuA6cHpjeHuP0mjOrg/WGcK5eI749gw8nIGHc/B4CSSxlJinAsIBjlh7i/L9GMBcMK8DpzOA09+Bs3UP3t7H8I9+mkZ+7o03kZ815noe+v0+ut0ukiTGbDbHZHKL6XSKIAjg+74yHeccnHNMp1Ocn5/j3du34Jxja7yFo6MjHNy7h263u9n8vLGNbWw9lv1COVcUhhLnAByWLTjQdVgpDbLjQBFBxxHX8SJfVJNlx8W2S7EBMzvPisT1nGBeIE7uRJZQ2nwxlPJX/kK5jrOWiDqU2jBb8a/wrAOVnPSJzJhpmslaoqWJZqfdVdt94jTlSqQRTSjSCCcaLuUnNw2XKs4A5BFRKV9XxAKKrB5phJpyFHdRyhpURYxQonRe5E55Kf8yF8Y01VuXv0mCVOZ1mBeO8Jrscm7sfhFpj/D8duYPbKY/SSgGiiqiv8ytUKfHJrTMv2nEsFIEf8qh0E/Ks80/hmFURZQROt7G33T+Z2OkYJIcaTiJaIKq3tVyLuYDNSjSUW6DUsObeAmNgmFoIEtkuX6LXNU8v2uuwzpOkaRviobhWBtgxMbaFiw3OkDIWc4hvw9bRfBXfmBriUzDJRQNV+KocitsNV+VO8PwACMdnkfwZ/W88N/6brX1v1pU5AMd113Q2h+pkQtIRC3Kiwh8EpfyKb/92OmfFf7/7N13lNzYfSf6L1Cxq3NiN9nM5HAYhxyGCZw8I07WBEkjS3KQZDkfbzj2ng3283s+K/vte+uzx2d97F29XQc5ypLGk5Mm5xkOcxwOM9nd7G6GzqkCcN8fVUAhVgEVuqq7v59zyNu/KgB1AVxcoFC/umWdPt9ytdLQn2n9s1usl342rHUH2RpQ7tg+wi0c41K3N8+l5K0EXGLkYUiYyuyw/LFpqbn7G33EfmssmePiRojOfX2arzT1p/Ae23dwjhgucc4LMAn53oB6Pd/mbV/W2G/ptnzrGlmaj3UEQcf+z7wEf3GhK5RZjlt/qsderk+tpbYca+yldOifteqYY8vzXreXfr1qiUv0/sH26paGUqr2ppfF9NcSIFn6u+w7Y+c4uyCfFfB7/ab1p/r1avpxty+kCxj6PT/9qdf+OWd/rdXWnJKj9df6vjfGAob7C3BubwW0P+8NJ1NYu5N8iytk92vzW2PA0ts4xG7XM7bYuX/LWxb5/jXf9Vze/tXr9anb9apewjnW+2VY+ulsnG2PML0d0p/3w+fmtzW4fIt36Y7yXS+4tz/tyHWJ9c8ZfMaW5Rl7CFPs6Ya9pbTtMB/9q+UA9foLVHp/7NiPGtbO8X6qVn2XWJvfGtuW71Aa2lG+2FR65e/tgPPmNrC+vK16tu5M8hbry3GLXUqXzyPs9+ccYi9lkden+Uq3X5zS6u/9F1K13ZYnlvyXMNTY9+ndSzvzusD4BBCfgBjqSS86FAXCtZBijUC0HojWQQrH0knRwQgQCKb/CTm72UUKECqgJCEpSSAVT/9LTgPJKUjJSSCVyLZz7XMGS3/nqzT0m26l3mNY+jfXEfwLvT51u171cn/R4XnTF9T5/Px+HgDU9GCrQlEAoUIoKUBJQSjJdJlM2JZTNfXn81X3fLGYAD2LSIEQ5FgTpGAEgbpWBNtWIHn1PJTBi0gNdUMZG4A6MQShThXzKtCSnwP17Qi2r0KobSWC7SsQaFyYfv1wLaSAcxIvAdFIFB0dnWhrb8O5c+cwNDSEgf4BXLt6DbGadGK0EyEEFEXBtWvXcPDgQRw/fhwCAp2dC7Fs2XJ0LVqEmpqaGV4bIpqzhPlbpvr7H8k0if6UKTZei1hi63zGt1bZl5IAob2Z1kYLQPqmVObx9ExCn06fCPa4kDK9+GyFPcWG+Yx1dywF4HlEBWvssdQYt6FT7LojXQmnnWbemV7KomjfdIe+r91iocVwil1K4fANfWupTW+NXUrki4Vz7Frm2MDmUdfdPlDTwjw3aOH8gVfeWojcpd4ehf6nY+yy+723r5K0N4dl5OtG3ObLPGb6jMVht+YfoURYXtZnLIT5cWEuYY3hHDuWXhqAodT6N2NNvcSm0qkfzlVqm9sawyEWxvfX1hEX4BwXK2d7MzQgt9ixg9ZC0woZSm09sv0aLP1bvn7Mc5l3BBOX2GN/jXyxLl+HYY8FhOFDHksssnHOZo8cpdvuyVVallPo2umK6d+cllXy64PcE1lHCs07gr811vtLD6UA/I6ACsty3GLPpe0C27009wYO/atDf5c3ztTEFhdYatVxvV5wa4/6gw79nTW2HXCGuOg18HdCdxuBz7G/9XJ9WuT1anbzOsfZZpc79tU/WHdXdnXtcWn3jp/LlZzdlbX5uF4feO2wC+X6Bt0ltr2oYQdqK26I847gr/Vn1rjQUvgrYZnfFBvWxxQ77mBDW4ZD7LDdLM3ZEgvnl/Pa3pzan9aurLFrma2RLfawBo5HgN83MLmOSLcOwE+Z54jPez2b7/pUO3z0/tolduo/M/eIcm4ebXprjAJZlmE5nO2xZdbi2ptD6bRcH6W2Pr6vD4TtD/cNlOvAy/uCPku399lu78ut/aKlfyt+hH6H5ZpKmGJYY+ES285DMPPQwD1dH+Rsb1oio49YOMXWUmsO2SnzjTBarv4tb+n7hpNLB+V0AaP1b9ZYQK9/dnEusaU5+C5F7tJ22ME5duRlM5tX39PZNOfi3bojt9JtPmjNSNhjU/NKz+ga5z1w8+whtx3heYflKD1sIN8j9ufp/+z3U2F+3BrDJbYtH86HX764CFp/5hiLbJzdfA4xcnwBRwj4/UJjvi/2uPWvjv2tp/7NJc51vep4wnGJdfn6U5d95NZveTycch5FHjaP/fMI83LgMXaV7zDPsUBt7+ixMFwfJKcgElPAxFX9cTXX7itTqSlo7xfzgkSzke39j/PjfJ7PF4sJ0LOJHIAkByCFIkBNI6SaRkjReih1LZDr26CM9EEZuwx1agRIxSFSCQg18w0LNf2NC73RSAAkGZIcAOQgJDkIBEKQQlFIoRrIkToEGjoQXLAawdblCLYsgRxrylxdSLlqOe/VxGrQtbgLQ0OD6Ovrw9TUFC5fvoxTp04ikUigtbUF4UgEwWBQv+hXFAXxeByTExO4dOkSui9exPT0NJYtXYbly5djUdci1Dc0QJblSq8eEc0RAgKylO5T9Bu+UvoGh2yM9TeM5hjQEi6zz8uSbHg/lv3L+t1j/UWhvSGV4HvElVzfcJUcHrfcwPA2gmh2fudv6Gqr4RBnPpxIb6scsXV6x+U5lHk2h+Pm8cN6qnetiHNpG5AIzrFemjc/SvcNd78jMllHYLLHvjZAiUZcsZa2EZsN9TfG2YddYtNa5og9Hp6m0sCtObnyujk8L9AiR/cBQ39nirUXMcTG/s4US5YbuFKBJTzeEDbcATTFucpcGyBf6bUBWPo77cFsMp5LnLlD6be9ZV7OHHspJecS+WKv8naA1jJ3Aze0RufYoX8zdzdeR2ByKfX+2EepzZ+JtfXSHneL00WBpcv2s8WWE5Z1hEPHWFtKCdtb3tLb2mTP/9Y4V2lcWN7rBZcXkLzFbiMwWWPbB2rW2MsHah4/YMvZvxo6Gmucsyxog0vw9AGb2+LMe8Y5Lrb9ubRH19Ln5bz1+sHOskbW4z1vhT3XHICxf83EriMyeej/vJSu/Xee0jC/Vn/tcec4w9K/eYr9cNtdUu7Y317K3948XT/kKLP1N/dn+WLvHbLGdkFqOO7zl9nrVY/9a6HXq27z5ysN/Zd1xFDXOLvxkLf/dHsD4nkHIyfb5MVcHnsp3boz19JcQ/uI6XlWuMzvX90PeCnz8pka5onLf70Ky/KysXHL2WKvHRhc4nw8vj1zO5+6vXzh7c1apl84u9w8sX7fTauvuT/Ld3/Od1nk/Ua3/lSPvVyful2v6iX0rWSLJZdYcorNh6cpNqyVWwwUuJmL4Pn6wFrqk0m548yGye5ut9hQavMbYujLzR0X/v7VY6m/f7XELqX3XyDRdqclllxiyWesL9+9+UiA6XaV1g2Us/153ez65NbYZXF67NLf5Yzh1H+6lJJLbCmRL/Z6wPu8Ps23A/P2r5n+Tfsvd//n0F+a+lOHsoDV0efXVs+w7/P2rz4Pd1uDykdbMW12P/e3kG159tillAos8yxXq4HjiM45+jv3E6DH0ucNEbdf0LPGtvZmjb20t0LKHJsj5+bxKm8FHFZY39aW2LRAbRLzAt3efxf3C7uGUuuPrXGuUqufw/Wqtf62stAPPLIbMHesNSBtawqRuZ8F6PcPDNWxTF58+2PJkiXLAstiScI6fA7NEgJCSUFkvuUkklNQp0ahTgxCGb8CNTMatBqfgBofh0hMppOiVRUA0heawXA62TkcgxSpgxxrQqB+AeTaVsixJsg1jZCjDZAitZAiscyoz6VodnNbMpnE5OQkerq7cfjQYZy/cB5DQ0MIBALo6OhAe3s7WtvaUFtbi2AgAEVRMDk1hZHhYVweuIzxiXFAAM0tzVi1ajWWLluKzs5O1NfXV3rViGgOOfmft8GWBClZyswz1vf67o9J7tPZTh+SbRrTo4YrHkmG7QooV4Kv9cM+51ctTo6XAGC/UDPkJwISyn+Dw0Opr4vP2LSCpXjBamDbYcizPm4z+I3LVBZzQ9rwgZy2vLwJFAWV2tI8xJkbMsbYUF3nD0iq2bw/fgzTFrA+ZT+6tHZkjb301y79t9vqzsjuLfn+KVX/V2AFCzqhuvR3FSi1/k3bwM4JFFp1XWJtamts6z9L2914ap+lOCBnkzm2fm6HV84YxbW3Upcarf92u14oz/6Zof5vlvR3ha2P9rRLrLPvcXP/at26pekfc5Y+dke+hImqMMf6t2pbn6J7hwK6g5L2rznigtbY9QI8xwr77uAr0L/56b9LtgcK20O5eL0+8PP+qNSlr62R9wDL8QLVqJQbrBqUeP/47l9LXQot8V07Huyx1t/pcaaG1rhCa5C7LPL+Y2H9Xxn7xxnuH8q+dwvYPfn6b035zz4O2H9nVcH62XZHph1ZY/dS+5zAIQbgfYR/j19wzxHn7N/89He++7diS42HWDugrbHj4rX6uyyuGuTpD7zez3KZvfJljuaU9/YIEdEsNvSvni5qfiZAzyEilYAaH0snPo/2Q50YhDo9lk6Anh6DSMXTI0ILQJJlSMEIJC35OVoPubYlkwDdkk58DkUBSTZfsZJnIyMjuHDhAs6eOYMvvvgCw0PDCEfCqK2tQ1NTI2pqYggGA/rozxMTExgbHUMgGEB7ezuWLVuGtevWYcGCBQgGgxz9mYhK6uT3t0M2JCwLAHKmu8/G2RsKkLJvCPXS8oZLltM3cGXjG0jJfB/AyOl1BAwjUGduaMiS/QaH8R2udsNDi9PLc34HrD9SZAJV3m/wVrp0vGNpvSFj2JF5Egpyx2VQohsYldwLGse4mAVWI66Pp8Xli72XPm8Iu37g5l5qSyroBvGM9G8+S39HqI/YqoAGXmXHT9HttYDdU9L+NUdckCrbP0Wb4+vjOIK/NfbUf5av9NW/liWBqlxHmI8TYimqUw18dpBunzd6nL38pdaMDLE2Qd4EXktcFXyfwAzTzsr25rADHXdovgU6x3lH6Cu2f/RwfapPb40L6V89NQAf/WPOhAKPFzzVrMqPn7ytWTudWuJyXq+W6+ybcwMU8oLVqOTrU1z/V/QeztPAsterhriU/WsJSo39C7QVAB8AACAASURBVOnm2DWD0lUVNEgePwUtPl9ctrKA/ltTBacru4q3vxL3jyW5X1e6sujrVy/Xp/rq5PuCunOsKcn1QD4Vb28lNsfXh59/lZvP/s7L+223GyrVWBb0hoglS5Ysy18O/vZPC+3YAYAJ0HOKUNOjQqfiQHI6PSp0choi8zeUJKAq6WklGQgEIYUikIJRSKGa9L9wTToxOhAEpEC6sVFBkokExicmMDg4iEuXLuHK5csYHBzCxMQEUqkkhKpCkiRIsgxZkhCtqUFTUxNaW1uxoKMDbW1taGpqQk1NTXo67gsiKiE/I0CbH3OO049JDo85/238SWXrCM+SZI4hmZdpfQ0rLyNAC5iX4Ra7lZAsjxdyHZfndYx1zhWXRb4NkKvCpgWUO/ZYFrKDKngDoiQjhFpjbW5rXKIyW9sC2m8hu7ealXIDVgOf+0fr3wqcvfyl5XyTKy7P/ilx/6f1W376u7wrXMHS0/poT2v1z7DGDjsw9wihZWivWrWtca7SsnqF9rdlUYoNNJtU2foV3V69tD+39uix1BTWPn32h4UcYNXQz+Xr/4q6XvW6B8rfg7h15zljlH0rF95+q6w/KBrXx3H2fHH5Sq9fYMzGWv+nx5kaa8ub6TUof/9W1BFcwrjAzVBGRbffAnaPPr/H/ltT/rNPIRug1BUosVIeDhVg2x2ZdmSN3ctCRwS1xmX6AmMx/duMXZ9qCohL+YagGvjsH3h/a4ax/87ytH7mDZb9/CB3XHD/qF2PWuNcpTa/NfbSv5b7CDId4PkucLQDSpvcEleDYo6fChxPbtXVY60fQ7a/K/f9rFKdPX1tgCrdP0RElcIRoMmZUAFVhVBTEEoyk/ycyl6QSRIgy4AchBQIQQqEkE545ojPpaSqKuLxOEZGRjA4OIjLly9jeCidBJ1MJAAAciCAUCiE+oYGdGQSn1uamxGrrUUgEODIz0RUFie/vw2yJEMgO+KyNhKzcQRmAJmE4uyIJMYbGdDmEwJSJpNZsrxTM81veysLy+P2+QEJkmSJc7wzlCQ5+07XdEMjW39vN6T1GsL6jjNdH/fny/6OtMreIOe9YWGt3iy6gVHUBimkQtVojq2PpxFCrQkHxdwgLqD0egO46A/cZvwWoIcGMsfaW6nXx3d/W+rSR/OyfT6Qf/Vm3rxrbw4nYE8tyltc8hFCvXyg5vYBWzn625L2f4YLGms8Z9ufQ6mpgvWzte7M4WKNS5kQVq6zr7cVLOIFq0HJ16dU/WGBZY73rzC+/84VF9PflqTUXt0hNhwQ1hFDs79Akmv/VFgpdnc1K3N/UOajpyT3F9xWryp2X8X76yL7xzz928y8f/Veer2e1WNP16na6hQ2QmhZrw+s5mP/NovXx+3wMsX22Wa01DjGhu7CFFfN/ipR/+fnhFXxPZajLOYE69ACnAcAscfF9I85Sx+nH97fqoAKr4/Xo72U7a3Yz780fuOCeO7fDHFxW7C85Rz7fMXT9UGR7Y0lS5Ysy1EOMgGaXAkBCDV9E1moAAT0K3TtUxxJTt8wl2QAUvZxKhlFUZBMJpFIJBCPx5FIJKCkUlAz+0ICIMkyQqEQIpEIIpEIwuEwk5+JqKxO/udtAABJMn4PPH0aMJ4KsknQWmye1viYceRlx+lMpxjJ9rzpGcsVjwRL7HRl5FAPJyU500nm5WjVcI0FZjzBN19p3B65YkfFvGBVsOwhW321HZEj9tQCKlTmaWClSZjQpi4gAcJDrDFtbsNqzK72ZjHrjx+LMq+P16OtmOo4Hv5F9NeagvrXUitkAxS0xQt+QX/lrEiY0Hj4AM8pIcJ1dawJE6Ups7UrQXuda/2bVSHNXVON62tZH18JFC79X7lLjWNciu7Izwab6f6xoE/oZ3oP5au/ti3yNSh7rPV/Zdq6xZdedo+29tYYVdA9lP34qbAK99dF9w5aO7LGfsoCVz8dl6r/c4mr/PquNP219nSeDsLjHnGPi2fbW5lq+jkdzfRWd9sajltnPvZvc3h9TJcXhqcLXFwBpdsX5rX+OtuBp48Pt3iW9G+e+ju//bem1P1fAQ2+zMeTW/vMFxdcFrB7iupfy22e93czvT6+26etPTkMMGKNc/Wf8PL5RBlHlK6K61NNCfrHKm9vvnncfabY++wzUmq040d7Yk58/kVEVCCOAE1ERES+nfz+dkiAngCtvW8yJz+nH9AekixvwOTMQMuyHkumN5bacmUps3zjO0zLDQ1I0GNtBGrtLWn6eUuc452fNhK16/PF3sCQco9AXZG3yIUkFLiq/DtoTwk41hIuqztDpSbnDQxrPFtvYJRyA1UDw/4xxQWuj9vivC/e6w1gl1i7oaw9rt9gzpbagZIdcU/rP81xVZSFfOKu7x9rf+fpiEVZFdLeStg/eG2fBVfPw+4ptr/WlGXvVXj/lF3V99fWHWB5NtNv2WK9e/D6AVvlR/D31f/5ul7VFHsElaFBzLPjyesHbh4XV/7S8IDnfOpqNufam7YjYDnh5oh9tLCSj+Cfr3S4Ps1Xeu1f3ftbTan7vxJf0FSDQjqoCnKrrh4XcDrVV6/A3Vto6ytqhat0/+RV9AbN2wI8xiUqLRcAXkfwFzD0e+Xod3OWWm2tX0g3jNhvjQUM9xdy7R+nnV5BxRw/c2V9fPQPM3z02EsP/XW2PSL37aBqUPL2V6r+r8AKFnS/zrrDCm8hvkfsz9f/Od5P1arvEmvzW2Pb8mfg+sCqzP1Dxc3y/ls/fKyxj8OprP2voa4Fbc6K758i+7+CdohLf1eNZSGfr9iuX/k8n+fzfL70zw/+9k9RDCZAExERzUPGEaAB6Bcb2ptuvcw8k42znB+T3KczPijMD0jaf5b3lVppnBUS0vnQLryMAF3o21/9cckc20ov74MNm6GQGxbW9XGLC5JvA/ipYEkr4Dcu5g2+oUFW2Q2LbAKYJTa+gdDDPDdo4fyBV7G11BTUPot5gWpQ8eOnzHyuj9a/WWfPF89Y6ePw1+OyKrL/c+3XkH+Fq7H0dEK1ro/Gb4+U7f/yxaVsb56vF3yvzQx0J3Otf7OaZeuXt7copv25tMdCN09h7dWlv7OtoLZAh7ga+rWS9ncuJ6yi90AJehS33WVZXev1QpXsDfva59jcrpu/iM1Xdm4dRiHNpxqUeX3y9q8eXs5X6daduZbZGtliAN5HcC5z/1aK/m5mjnh/sZcOzG32EvC6d61x4e3NoXRZ7VJv/YLMx/7Nbf2qkKfrg5ztrcgvkOuxtbT2nx6/cFOV/VsRR6Dpho51B3iMq5nPzVN197c89N/aDJW5v1WkOdbfzfT6ZBPAc8f++8fCv9A4o18o91v6uiFiPYCq8IJilh8/tv7Uy/VBzuuFGT175t+cs3z/EBGVC0eAJiIiIt9Ofn9b+oaHpN32yNwAkWCOIWXyCrQbFdqIz0If8VmLrcvT3pnJUnYkE/s7t7T0a2QflyzTSZLI+by1tC7P+M5XyvvO2HJH0HH5ft7iFhs7qPI3yLYbFC5xrhu0M30DQ1OS21VVvn98m2fr4ziiqNaCDXF2Np83iEtQaq+UHYHJIZ7LCQReX64a5O0AHcoCFudn8UWVxfTXWvPLqIrdV8z+mWvtzdP6eG2BzrHvEZm0D8qssZcP1Dx+wDbzH7i5bXCXA8Y19rK/KmyWXz/YWnP2dJvdXV77vxkqNZ4O71m+f2zKvj7F9X/uFXF53ucJN3u96rF/nenScEBYRwx1jXUFtfDy4vFTlpfPF3su/R0+ReUvz8jurfr25rM/LCTjesbPqPn7Uz0uSQKYtrRiY3/tldcHLqWmGtfPZwfpNWG3kqVG6w6y1wMeD/9q5trf5Yirbg9ZG5TPspj+Fbm+kF5Y/2gqC1gdfX5t9fTaVUH3UUjzqWZV3n+7bW5rnPfw99LeCiw1Zdk8eSuQo3/L2d/lewHPFfBXFnLDx/cJq1x70CE2XQBkB0jSOjBzbJu8IvezWLJkyVICMMgEaCIiIvLL7wjQ5secY6flGaez/g2HZeux5YpHAmxXQrZ8aod6OHF/xrsciweQrZYeW+pbDQkT+rr4jE0rWIoXrAa2HYY86+M2g9+4TGUxN6RnLIFCW5qHOHNDxhgb+wHH+03VbN4fP4ZpC1ifsh9dWjuyxl76a5f+2211Z2T3lnz/lKr/K7CCBZ1QXfq7CpTOH+AZntf6OwHkHcHfGtv6z9J2N57aZykOyNlkjq2f2+GVM0Zx7a3UpUbrv92uF8qzf2ao/5sl/V1h66M97RLr7Hvc3L9at25p+secpY/dkS9hoirMsf6t2tan6N6hgO6gpP1rjrigNfacIJbrgKqCfi3fCbSo/trrHihsD+Xi9frAz/ujUpe+tkbeAyzHC1SjUm6walDi/eO7fy11KbIDiqSPB3us9Xd6nKmhNa7QGuQui7z/WFj/V8b+cYb7h7Lv3QJ2T77+W1P+s48D9t9ZVbB+tt2RaUfW2L00DChijQEUPUK1YcqCvuBezPXcjF2fajzE2gFtjR0Xr9XfZXHVIE9/4PV+lsvslS9zNKe8t0eIiGYxjgBNREREvp38/nZIgClROB3DFEPKpuXIUqZE+g2WLGdK4xtISPobSX0+2fCG0rJ84fA66UnMNzQgOd/ggCGGIba9mPX5IhOo8o1AXfHS8Y6l9YaMtiPyvWPOF5dBiW5gVHIvaBzjYhZYjbg+nhaXL/Ze+rwh7PqBm3upLakiPznoqX/zWfo7Qn3EVgU08Co7fopurwXsnpL2rzniglTZ/inaHF8fxxH8rbGn/nOGRvDP17+WJYGqXEeYjxNiKapTDXx2kG6fN3qcvfyl1owMsTZB3gReS1wVfJ/ADNPOyvbmsAMdd2i+BTrHvkfw91t6uD7NN8K/r/7VUwPw0T/mTCjweMFTzar8+MnbmrXTqSUu5/Vquc6+OTdAIS9YjUq+PsX1f0Xv4TwNLHu9aohL2b+WoNTkG9HfNYPSVRU0SB4/BS0+X1y2soD+W1MFpyu7ire/EvePJblfV7qy6OtXL9en+urk+4K6c6wpyfVAPhVvbyU2x9eHn3+Vm8/+zsv7bbcbKtVYFvSGiCVLlizLXw7+9k8L7dgBgAnQRERE89GVK1cAAPqIzS5lKZ/z+rdT7HWaYp/zqhTLICIiIiIiIiIiIiIiIiIiIiKarw4dPVvU/HKJ6kFERESziPb9J+v3oMrxvSh+14qIiIiIiIiIiIiIiIiIiIiIiEqJCdBERERUskRoJjsTEREREREREREREREREREREVG5MQGaiIiIKsKYLM3EaSIiIiIiIiIiIiIiIiIiIiIi8ooJ0ERERFR1mBBNRERERERERERERERERERERERumABNREREvjA5mYiIiIiIiIiIiIiIiIiIiIiIKokJ0EREROQJE5+zuC2IiIiIiIiIiIiIiIiIiIiIiCqHCdBEREQ0KxWahMzkZSIiIiIiIiIiIiIiIiIiIiKi2Y0J0ERERPMcE4KJiIiIiIiIiIiIiIiIiIiIiGg2YQI0ERERmRSSEF1tSdTVVh8iIiIiIiIiIiIiIiIiIiIiIiodJkATERHNU9YkYbek4VzJxH4TjZmYTERERERERERERERERERERERExWICNBEREZUFk52JiIiIiIiIiIiIiIiIiIiIiKgcmABNREREjpjATERERERERERERERERERERERE1YgJ0ERERERERERERERERERERERERERERDRrMAGaiIiIiIiIiIiIiIiIiIiIiIiIiIiIZg0mQBMREVFJCSEqXQUiIiIiIiIiIiIiIiIiIiIiIprDgpWuABEREREVRwgBVQgIVUBAQAgmotPsJ0kSJAmQIEGSJciSBEmSKl2t6qQqEEoSUFLpv4UKCBVgP0ClIkmAJEOSZEAOAIEgpEAo/TfZ8LxMlcZzqHc8XmcG2yQRERERERERERERlQMToImIiGhWEELwQ3IDVQioqgpVFUzSoDlJCJHJ3xWAmn5MkiTIsgRZliHP9/5ASUKkEhCpBKAqla4NzXVCAEKBgAIoSSAJCACQA5CCYUjBMBAIVbqWFcXzMlUTnkNz4/E689gmiYiIiIiIiIiIiKgcmABNREREnmlJyH6Tkd2mNz7OBGdvVFWFoqhQmaxB85AQAooioCgqZElCICBDluVKV2tGiWQcSE5BKKlKV4UoPeJ4YgoiMQUpEARCNZBCkUrXakbxvEyzBc+hPF6rDdskERERERERERERERWLCdBERERUlZgQbaaqAilF4Sh1RBmqEFBTCiRJRTAQgCzP7f5CpBIQ8UlAZeIzVSehpABlLJ0MHYmlR4Wew3heptlsvp1DebxWv/nWJomIiIiIiIiIiIioNJgATURERFTFhABSigJVVStdFaKqJIRAMpWCLMsIBgKYc9+bECpEfCI98jPRbKCmIKZGgVAEUqQWkObWaJ48L9NcMtfPoTxeZ5+53iaJiIiIiIiIiIiIqLSYAE1ERERUpVRVzYxWV+maEFU/VVWRFNqogXMj4VKkEhDT44Bg4hbNPiIZh0glIUXr5sxo0Dwv01w1F8+hPF5nt7nYJomIiIiIiIiIiIio9HgHmYiIiKgKKYqKZIpJG0R+CAEkUwoUZfYnDIvEVHoUXSY/02wmVIipUYjEVKVrUjSel2mum0vnUB6vc8NcapNEREREREREREREVB5MgCYiIpqHxBzJBpgr62GVUhSkFKXS1SCatWb7MSTiExDxiUpXg6hkZnubnu19CpEfs729z/b6kx33KRERERERERERERG5YQI0ERERzclE4tm6TimFo5wRlYKiqLMyWUbEJ+bEaLlEViIxNSuToHlepvlotp5DebzOXbO1TRIRERERERERERFReTEBmoiIiGysycOzNZl4tlEUlUkbRCU0244pkZhi8jPNabOtjc+2PoSolGZb+59t9SX/uI+JiIiIiIiIiIiIyIoJ0ERERPNYJRKbmUztTFU5qhlROaQUBapa/ckyIpWYlaPjEvkl4hMQqUSlq5EXz8tEs+ccyuN1/pgtbZKIiIiIiIiIiIiIZgYToImIiEjH5OTKEAJM2iAqo5SioKq7N6FCTI9XuhZEM0ZMjwOiehPYeF4myqr2cyiP1/mn2tskEREREREREREREc0cJkATERERVRg/xCcqr2pPjhLxiapOBiUqOaFW9YjnPC8TZVX7OZTH6/xT7W2SiIiIiIiIiIiIiGYOE6CJiIiIKkhVBX/GmWgGqKoKVa2+DCmRSkAk45WuBtGME8k4RCpR6WrY8LxMZFet51Aer/NXtbZJIiIiIiIiIiIiIppZTIAmIiIiqiCOXkY0c6rxeBPxyUpXgahiqrH9V2M/QVQNqvHYqMY60czh/iciIiIiIiIiIiIiJkATERERVYiqqhD8zW6iGSNEdY0UKZJxQE1VuhpElaOmqmoEdJ6XidxV2zmUxytVW5skIiIiIiIiIiIiopnHBGgiIiKiClEUfmBPNNOq6rhLTlW6BkSVV0XHQVX1D0RVqJqOkWqqC1UO2wERERERERERERHR/MYEaCIiIqIKUIWAylHriGZc1Rx7ShJC4ejPREJJAUqy0tWonr6BqIpVy3FSLfWgymNbICIiIiIiIiIiIprfmABNREREVAH8uWaiyqmG40+kEpWuAlHVqIbjoRr6BaLZoBqOlWqoA1UPtgciIiIiIiIiIiKi+YsJ0EREREQVoKocqYyoUqrh+KuGhE+ialENx0M19AtEs0E1HCvVUAeqHmwPRERERERERERERPMXE6CJiIiIZpgQAoI/1UxUMRU/BlUl/Y+I0ip8TFS8TyCaRSp9vFT69an6sE0QERERERERERERzV9MgCYiIqKS4IfO3qncVkQVV8njUCjJir02UbWq5HHB8zKRP5U8Zni8khO2CyIiIiIiIiIiIqL5iQnQRERE5MpLUjMTn/0T/Jlmooqr6HGopCr32kTVqoLHBc/LRP5U8pjh8UpO2C6IiIiIiIiIiIiI5icmQBMRERHNMAF+QE9UaRU9DlWlcq9NVK0qeFzwvEzkTyWPGR6v5ITtgoiIiIiIiIiIiGh+YgI0ERER0QzjoNlElVfJ41AItXIvTlSlKnlc8LxM5E9lz6GVe22qXmwXRERERERERERERPNTsNIVICIiorlLCAFJkipdjaojKvQJvaKouHJ1ECNjE5iejqOlqQHtbc2IRiMVqU8u8XgCV68NAwDa25rRN3AVABCNhNGxoLWSVZtxE5NTGBoeBQBEoxG0tTRVuEZzQ6WOw/SLlz/RU0yOQB274m3iQAiBtmXlrVAB1KFLEIlJAECgY3WFazPDlASUqxcBAFKsEXJ9e95Z1OE+iMl0vyk3dkKqbS5rFUuuognQlesPhoZHMT2dQCgcLEn/PjY+ifHx9HGzsLOtrPMNXL4GVfW27Zqa6lFTZdcb4xOTGBtLr3NrayPCoVCFazR7VPKYmYnXTqUUXLk65Pq8JEtoaqirymvo+aqi13VEREREREREREREVDFMgCYiIiKa46am4/h490FcuNgH1SE5IBAIYPPG67B187oK1M7s8y/OYc/+Y0gkkwDSdbv/nlvwxjufAgBkWcYv/8LjlazijDt15iL2HjgOAGhuasBXH7uvwjWios1Akk7ixLuYfv+vPU0rxRrR8Gt/V+Ya+Tf5+n+H0ncCAND4b5+vcG1mljLUh/Ef/S4AILz+XtTc/2/yzjP94Q+RPJ3uK6O3/xIi279a1jqW3DxMXlMUFc+++LZ+bv7WUw8hVhMtapkf7T6Int4BAMBTT+xCY0Nd2eZ7+WcfOF5XOLll+yZsXF9dX2Q4fOwUjp84CwDYdc8tWLZkYYVrRNVicHgEL7/+Qd7pZEnC8mWLcOtNm6suwZ+IiIiIiIiIiIiIaD5gAjQRERHRHNZ/+RpefeMjKIriOo2iKNh/6AROnDyPRx+8Ew31tTNYw6zde4/gyPHTpseCAbkidZlp7320D6qqormpAVs2XV/p6tA8I8l8W0hZqZ6jSJ3dDQAIb/ky5IYFFa7R3HX089OmBOJ9B47jjp1bi1pmoaOglnv0VHmenM9pflGFwNnzvbjY049vfe0hhMNzcxRxXqcSERERERERERERUbXiJ91ERERUckIISJJU6WrMe5NT03jFMDpjMBjA9hvXY2FHO5oa6zE0PIL+y4M4ePgEpuMJTE5NIxgMVKyuRz8/AyA9mt7mTddj47pViETCGB2bwKLOdgBAJBKuSP3K7dSZiwCAurqYLbGko70VS7o6AADtbc0zXjcvrl4bQVNjXdHtp1TLIbOa+/8NQit3uE8QmJsJW/NNaPWtkCLpL7AEOq4reDlKz1HE978AAAiuvJkJ0GV0+OhJU3zqzEXsvHkLArMsWTgSDuFrT+zKOU10jp6/ae7rWrQAd9++XY+FEJicmsblK4PYf/BzTMcTSKUUvPXeZ3ho120VrGn55LpOJSIiIiIiIiIiIiKqJCZAExEREc1Rr7/9qZ783NBQh8cfusuUQNzW2oy21mZsWLsS+w5+jqnpOGI10YrUta//ij765MKF7di2ZZ3+XEN9LR6+//aK1KsaLOxsw8LOtkpXI6c/+18/QWtLI37ju08iUuDoh4eOnsYPf/QKvv7Evbh1x8YS13B+k2vqIUXrK10NKrPQ2rsRWnt3patBHp270It4IgkgfY4eHR2HKgSOHD816xIMZVlGTTRS6WoQlUUkHLK171hNFG0tTVixrAs/+umrUIXAwJVrFaohEREREREREREREdH8NbuGFSIiIiIiTyYmp3D12pAeP/Sl21xHT5YkCdtvXI87br3RdXmplILu3gEMDY/6rsvk1DS6e/oxODSqJzlbDQ5ll7ty+WLfrwEA8XgCF7r7MDk1XdD8hRobn8S5C722dRNCYGh4FBe6+3D5yiAURSlrPYQQ6L98DX0DV123s5tkKoXeS5cxUGA9f+7JL+FC9wB+8DfP6gl9fmjJz6tXdGH7lrW+56fyEpMjSPUcgUhM2p9UFSiXz0AZOA0oCe/LnBqBcuk4RLL441UdvYxU7zEgFS96Wa6ECqXvCyiXzwCKtzYuktNI9RyBOtQL+Dwmy0VMDCLVexxK3wmIxFSlqzOv7T1wHED6HPz4Q3chFEx/P/3w0VOel6EoKrp7BzA8MubrtQudr1yEELjUfwWXrw46Pj8+MYnunn6Mjk14XqZ2Xhsbd+i3fJqajs/I9cW1wWF09w4gHvfWlwoh0Nt3Gf0DV8t+jUHOaqIRNDWlv2CUSilIpdz3g9/9qxkaHsWl/itQVdXzPMMjY+ju6UcylfL1Wqqq4lL/FfReuuxrPs30dBx9/VdxobsP4xPFH3tERERERERERERERPlwBGgiIiKiOejEyfP630sXd6K+LlbQcg4dOYnjX5zFxGQ2UU6WZbS2NOKeO3agob7WNP1f/f1zEEKgqbEeO7ZuwLsf7kUymTLNe+fOrVi9cgkA4Onn37QlYH3w8X588PF+x/q0tjTiyUfvNT129PMzOHz0pCkxKRQK4u7bt2PvgeN60vav/NKT+vM/ee4NjI6OQ5IkfO8Xn7C9zt/+6EUkkylEwiH84jceBQBcvjqIF155DwCwedMayJKMY5+fQSKZTob8xlcfQF1tDBe6+/DZvqMYGR23LXfFskW487ZtCAWDuNR/Ba+8/qHp+fHxSfzl3z0LAHrdjK+7ZvUy3Llzq2me7t4B7N57BCOj43risyRJaKivxU3bNmLZkoWm6bVtLkkSvv7k/XjpZ+9jYsKcCLlh7SrcetMNtvq72bB2BX755x/BX//jS/jB3zzrayRoLfl51fIu/Oq3H0coxLcolTTx0/+EVO9xQA6g7uf/FJPPfR/q2BX9ebllMeqe+r8hhWsw+fKfIHl+H6BmE76id3wHkW1PmpY58mdfAVQFgY5ViN75PUy9+t+gjmdHygwsWInord9CcMUOz/UUE0OYeucHSF08bErMlluXIrLpQYS3kWqR7QAAIABJREFUPKI/NvqDX4CYHgMCYTT+5j8AQftItckT72LytT/NrMN3EdmW7heUvhOY/ujvkbr0uWk9Q6tvQc39/xZSuMa2rMSxN5A48CKUqxeyD8oBRG/5BiI3PQVA8ryefsT3v4Dp9/8KAFD7tT9GcHF2JPVUzxFMvfkXUIf7TPNItc2ouetXEFpze3bfG0w8/fv639Gdv5CpPxXr6rUh/RyxeNECRCJhrF+7EoeOnkQimcTZ871YubzLdf5L/Vfw4acHMWo4zwQCAWzdnPsLJIXOV0rGc9rGdasxOTWFcxcu6ecvWZKwcf1q3LRtI06f7cZHuw+ariNiNVE8fP/taGrMjmpvvJb45tcexIuvvm9KvoyEQ7hu9TLcsn2T53oKIfDOB3vR0zugn+cBIBwKYdHCdtx75w7IcnpMgRdffV8f/ffBL+3E4kUdtuWNjk3gJ8++DsB8LTMxOYW339+DK1eHTAmusZooHvzSTrQ0N9qW1XvpMj7Zc9h03geAjvZWPHDfrQgX+EsMVBhj0nMgYB5nws/+tV7v1dREcOTYaX0+SZLQ0tyAu27b5tguxicm8c77e3F1cNiUEB+LRbH2uuXYunmdafo9B47h0JGTAICH778dR4+fRk/vAFQhEAoGseveWzxdpwLphOu339+DwaER0/SyJGHt9Stw87ZNtm1DRERERERERERERFQKvPtMRERENAcZR3/uWrSgoGXsP3QCew4cMyU/A+nR4a5cHcKzL75te05LxBkdHccb73xqSlrS5n33w716olKukfKcWEc2PnHqPD7dc9g2KmMymcKb7+7GiMvolkqe19VeR1Wzr2dcly9OXcCBwydMSVGTk9M4eeYi3njnU8fkZwA4d+ES3v1gr215uZims6x/X/9VvP72JxgeGTNtGyEERkbH8ea7u9FzacA0j5qZTgiBZ154y5b8DADHTpzB0eOnPdVPs3HdSnz3W4/gQne/55GgteTnlcsX4de+8zjCTH6uOKElaKkKxv/p35mSnwFAHezBxLN/iPGn/wDJs5+ZkoIBYPqDHyJ14YB5oZlplKvdmPiXPzAlPwOAcvksJp7/Iyh9X3ir4/QYxn/0u0ie/tQ2KrV67SKm3v1fiO97Vn8stPauzAslkPj8Xcdlxvc+o/8d3nBfevIr5zD+099DqucooCqQQlEgkB5JP3n6U4z97W8Cqvk4Thx9A1Nv/Lme/CyFY4AcAFQF0x//IyZf/W+e1rEgSeOxbOgPJoYw8cz/ZUt+1p6bfOVPkDj2ZklG4yZv9uzPJppvv3E9gPQXayQpnRy/9+Bxx/mAdKLha298ZEpiBgBFUbBn/zH09V0p6XylZjynHT9xBmfPm39BQRUCh4+dwnsf7bN9iQpI/6rEq298ZHpMNcz/zAtv2UaejSeSOHr8NPbsP+a5ni+99gHOnu8xnecBIJFM4vzFS3j+lff0eq+7foX+/IFDzv3Y/kOf639vWn9dul7xBJ554S0MXL4GVVUhS5KeVD05NY1nX3oH1waHTcsZuDKI1976WD/vy7IMOdNuBq5cw4/+5TVfIwVTca5eG9JHJg+HQvoxDPjfv8a2fvZ8Dw4dOWnal0IIXBscwYuvvo+pafMvHkxNx/HMC29j4Mo122jgk5PT2H/oBD7bd9T0uPH13nxnNy729OvHUkpRPF+nCiHwyusfmpKfte2gCoHjJ87i1Tc/cpudiIiIiIiIiIiIiKgozDAgIiIimoMmJrOJbM1NDb7nP322W0/W0UZtXrZ0Iaam4vjks0Po7h1AMpXCMy+8pY+QbKQKAVmScMtNN2Dlsi5c6r+K3fuO6Mm2e/Yfw657bsFDu25DMpnEwSMncf7iJQDAti3rsKQrO3qioqh48bX3ba9xdXAYH36STbTcuH41bthwHYKBAE6euYDde4+akqJKaXo6DkmSsGbVUixdshDNTQ2or4uhtaUJH368H7HaGmy9YS26Fi1AJBzGmfM9+OjTg1BVFRe6+zA1HceiznY88cjdAIDnXk4nZUbCITy06zYAQCiUewTH0bEJvPrGh3oC1uaNa7Bx/WpIAI6dOIsDh09ACIGfvfUJvvrYfabRMjXJVApr16zAlk1rMDk5jb0HjuNSfzoJ7uCRL7Bx/Wpf22XT+lX49jcfxg//6ZW8I0Fryc8rli3Er3+byc/lNPHSf4UUcN++sQd/B8GVDqMvCwU1u/41QqtuQur8Pky9/f9BJCahXD4LAAgu3oiaXf8KUFKY/vRHSJ5MjxQZ3/svCC670b48JQHIgfQyr9sJJKcR3/8c4vueAwCMP/1/oOFX/hJSjX1kS6Pxn/xHPYk6tPYuRG/7RcixRqS6j2LylT+BSExi+oMfQq5vR2jN7YhsewKJgy+l67b/OYQ3PWCu1tXzesJyaO1dkKL1EBNDGP/nf59O3g6EUfe17yOwMD1KbuLoG5h6888hJoYQ3/88Itu/CgBIXTiAqTf/HAAgNy9C7Vf/CHJdK6CmMPn6nyF54j0kv/gAytYnEOjwd2wVY+qdH+hJ6DX3/SbC6+8F5BCUq+cx/eHfInXhAEKrbkZwyQ1AKo74wZeQOPxaevp7fh3BJelRc6X69hmr81w2OTWN3r7LAICGhjq0tjQBSCdPLunqwMWefoyOjuPqtSG0tTab5hVC4PlX3tXPbZ0dbbj9li2oq42hu7cf7364z5b8WMx8Xk1Nx/E3//iC6/OxWBQ/9+T9tsdVIdDYUIf77roJQgCf7Tuqb5tTZy5CkiTcvH0jVq1YgtNnu7Fn/zGoqoqJySn0X76GzgWttmXGE0msWrEYO7ZuQDgUwsnTF7B731EIIXDo6Em0tzVj+dJFOdfn7ff36CM6x2qiuO+um9De1oyrg8N4673PMDExhWuDw3jjnU9x/723YvXKJfjo04NIplIYuHINU9Nx1ESzI82rqoqz53oApH+hQvsVjGdfekf/stD2G9djy6brAaRH6n7tjY+gCoF3P9yHrz6W/lLG+MQkXn7t/XTisyThgft26l9yO3T0JPbsP4ZkMoU9+4/hZh+jXVNuo2OT+jUqkD6eJiancfnKIM5d6NUf33LD9ab5/O5fo1RKQSgYxL137sCihe0YHhnHOx/swfDIGJKpFJ5/5V184yvZc9mzL76tJ+t3LVyA227ejFisBhd7+vHeR+nj+/CxU2ior8XaNStsr5dIJhEKBrF+3UosXtiBhoZahEMhT9ephwy/wtK1cAHuun0bYjVRjI5NYO+B4zh7vgdrr1vuZ5MTEREREREREREREXnGEaCJiIiI5iDjiIXGJByvPj95Tv/7gUxyTygYREN9LR64bydamtNJ1fFE0jTatNF9d9+M9devRDQawcrlXbj95i36c0OZkZkbG+rQ1tqMmppsHVtbmtDW2mz650RLJgKA9WtX4pbtmxCriSIcDmHjutW47ebNvtfbj4fvvx137NyKZUsWoqG+FpIkIRCQ8c2nHsI3vvIA1qxehtpYDYLBAK5fvQyLDSNxDw6OIBQK2tYvFA7pjzU21OV8/XPne/VktnXXr8COrRtQE40gGo1g25Z1+giTQgicPtvtuIw1q5bqSXAL2lvwwH079eem44mCtsvmDavxnW8+jPMX3UeC1pKfly/txK9/5wmEXZKkqUSUBERi0vWfOjnsOFt43T0Ib7gPUrQeobV3I3Lrt0zPxx79j5AbOyG3LEbswd/RR0dWBnucFgcAqLnvt9LLDNdAqm1G9I7vIrTuHr2eqYuHcq6KOnoZamb5gc41iD34O5Dr24FAGMHlW1H71B/r0yaOvw0AkOvb9YRsdegSlAHz6OZaAjYARHd8DQCQPL8vnbANILLlET35GQDCG3elXxNA4uDL2dc79mZ2Pe/5jXTyMwDIQdTc9b3sdIdfzbmOpaaOZEaBlwMIb7w/vZ8kCYH2Fah98g9R/72/ghSth9ywAHLLEsixbJ8kty5NP9ayJD0CNhVt34Hs6M5bb1hrek4bDRoAdu+zj1Z8bXBYH5W1vr4Wjz5wB5oa6xEMBrBiWRceziQmlmo+PxRFcf03Oek+uvgjD9yBluZGtLY04sEv7dRHyAWApYs7sXHdatREI9i0fjXWr11pWicnnR1tuOeOHairjaWvB9avxi2GZOATp87nXZcL3enR0mVJwlNP7ELHglbIsowFbS146vFd+ojLPb3ZX1hYvy5bt0NHTpqW9/kX5/Tz9Ya1qwCkv8SkjVRdG6vRk2MBYFFnOxZnvgg2NDyqj/Z71nDeX7ViiekXPjZvXKN/4eiLUxfyriN5d/XaEN58d7f+7633PsOnew7j7Pke/Utoa1YtxQ0brtPnKWT/Wj328F1YsrgTgUAArS2N+Opj9yGU+bLY+PiknnQ8PDKm/91QX4uHdt2GhoY6BIMBrFzepScsA+7tX5YkfOuph7Djxg1Y2NmG2liN5+tU46+e3LDxOsRqonpd7r1zB77+5P160j8RERERERERERERUakxAZqIiIhoDopGsgnFY+OTOaZ0NjiY/hnrSDhkSrDRGBM5ei5dtj0fCASwbMlC02NdixboP4k9PeWc7OHHpf6r+t87btxge37tmhV6klKphUMhLOxoc3zOOurj9HQc4xOT+iifADA8OlZ0HbSRmgFg+5b1tue3bskm1vUZtpXRDRvXmOJAQEZDfa0euyXl5LN542p8+xsP4fzFPlsStJ78vKQz5wjRVDqh63Yieuf3XP8FF61znm/N7aY40Lo0+3f7CkhRw6jicgByfTrhV0yNOldEDqRHH7aIbH9S/zvV90XOdVEuZZNHI9u/Yns+0L4ScsvizLSfZ6fNJDYDQPzA8/rfIjGF5BfpEeYDnWsgZ9ZR6TmqTxNcsT2deG34F1ya/oKFNhI1AKR6j+nrKTctNE0vknHITek+MVeCeDmErr8z/YeqYPwn/wmps3sgElP683K9c19GpacoCk6duQgACAWDtqTAluZGPamwr/8KJianTM/39mX7feN5WNOxoFVPPizFfF7JkoTNm9a4/tu2xbmPicWipteVJMl0Dr1u1VLT9K3N2dHhx8fN20azdfNa22Pr167UrweuXXNOnNaXOzGpj4a9ZHGnnnCqCQYDWLG8C0B6BOvhzBe6Nm9co1/jfGFJMj18/JS+fpsz593u3n79+SWLOzAyOm76t6gzO+L64FD6mkwbHRsAVizvss2zoL0FgPlLcFRetbEaPHL/Hbjztm2mxwvZv0aNDXW2X3CRJMn0JYBLmePaeB2+2eH47jQc30PDztefXYsW2Nq6V8bRnd98dzcOHTmpJ38DMF1XEhERERERERERERGVGn9nmoiIiGgOqo1FcTWTlzc8Moalizs9zzs9HUcylR4psq4u5jiNMSmjr/+qLaEqGg3b5pFlGbIsQ1EUCAjP9XEzkkk6kiXJNWkjGo3oo+KV0uIue1K4prt3AHsPHMPwyLieRGWljRhYDG3kbVmSEInYt3coGIQsy1BV1TG5BgCaGuttj8Vi6Z8tL7aeWzZdByEewt/9+FX84G+exW9890mcOHkBP/zRK1i6uAO/8d0nmPw8Q8Lr70VwxQ7f8wWX3GCKpWC2nQWXbrFObnreiRxrAiT7d3ADTV3638YEZyep3uzzctMix2kCzYuhDvakR7ieGIJU24zg4o2QGzugjgwgefIjiHt/C1K4BoljbwBq+jiN3vz17OsY6jHx9O/nrJOYHAECQYiJzGj4qoKxv/5V1+nV0QHX58ohvOFLiO99BmJ6DErfCUy88EcAALmxA5EdX0N4w5cc9wuV3pHjp/URfEOhIPbst4/ybDyf7Ttw3JRY2T+Q/TJLiyU5UlNXF7Od9wqdz6tIJOz4RaR8Fna02x4LBLJt0fpFKuO2cTs/Oa2fJEmI1kQwOTmNqek4VFU1jTRtZEwWdzpHph/PvkbPpQE0NdYjHAph6eJOXOjuQzKVwvmLl7B86SJcuTqEiYl0svaKZYv0dbhkeJ0TJ8/jxEn3kamHR8bQtXCBKXn79bc/cZ0eACYmp1Abq8k5DXmzdHEnvnT3zQCAiclp9PQO4JPPDkEVAhOTU6ZkX00h+9fILWm4tTn7ZbpL/VeweuUS9Bm+ENfc5NxmteNbURSMT0yirtZ8fb9qReEjNHcsaEVLcwMGh0aRTKaw58Ax7DlwTB9h/pbtmxyvU4mIiIiIiIiIiIiISoEJ0ERERERzUNeiBfpPuJ8512P6We58jElBbglGxsdl2T7KsoTyjLxsFImGkRxPQRUCQgh95EWjZDJV0LLz5f0GAwHHx8+e78Xb73+mxzXRCBob6xEJhzA+MYlrg86JyIWQMvvJS4qy07ZxU4LcbN2NN6yBKgT+4Sev4U//xz9j4MoQli7uwG/+8pNMhpkNZOd2DgAIlPCtpJ/uwlgnoTpOIlTDFw8M/Vlkx9cw9eZfAKqCxNE3ENn6GBL7nktXIdaI4Irt2fmUbN8R3vRA7joFQ3oSNQBI0XqErtvpOrkUa3J9rhykmgY0/PrfIXHsLcR3/xjqWDpZTh0ZwNSbf4HpT/4JDb/8v4EAv5BQboePntL/npyaxqGjJ3NOf/psN267ZQsCmXNOMJg97vx8wabQ+cot4HD9YJTr3OX2RSq1yPUw/nKEt2ugbB+z/cb1+rXXgcMnsHzpIuw/lB2J3vhrDaqa7b8WtLWgpiY78rVVS2bka1XNvq41OdzK7TqF/JMkSd/P9XUxrLt+BZqa6vHyzz4AALz/8X50LVpgGs28kP3rrS72x4zX4W7N363Nagod/VnzlS/fhwvdfdi994j+JbpUKj3i/emz3XjkgTvQuaC1qNcgIiIiIiIiIiIiInLCBGgiIiKiOei6VUvxyWeHIYTAtcFhDFy+hg6PiQfhcAjhUAiJZNL1J+YHh0b1vxd22kdwnAkd7S0YH0+Punf+4iWsWNZlen5oeFQfydpKS6oSQiAeT5iScVVVdU0Qy+fYiTP63w/ctxNLujr0+MDhL/ImQCsp76/b3tqE7t4BCCEwNR1HTdScXJNIJvUEnNZW78k1pbZt8/UQQuAffvKzdPLzd59ElMnP85I6OZxOLLYkTytDvfrfgYXrci4j2LUBiUOvpJc31ItA+wr76wz1AEgnIks12bYfXncPpt7534CSQGL/cwgsWAl1PD1UfmTH12DMxJbblunPRXf+AqQa51FzTQJhQElACoZRc99v5Z9+Jkkywht3IbxxF0RiEqnz+xHf8zSUK+cgJoaQPPUxQmvvykxryLBLOp8DyL+z53uRSCYBpBMQcyWoKpnzkCoEDh87jRtvSP/KwsLONpy7kD5eLl8dQmdHm23esXH7aLSFzjcbXRscQawranpMCIHpqTiA9C9DuI3+DKS/QKYZGh51nMb4+OJF2fN8c1MDmhrrMTwyhmuDIxgcGkXPpcsAgNaWJjQ01OnTtrakz+FA+ppt3fX2vsyqvr4W1wbTo0DfdssWU8ItzayFHW1Y0tWhX4d99OlB7LrnFv35Qvav0fDouOPjVwezo4Avylx/L+pcgHMXLgEABgdH0NHeYptPO76DwUBR7SbXdeqyJQuxbMlCKIqK3r7LOHzsJPoHrkEIgQOHTuChXbcV/LpERERERERERERERG74O7dEREREc1AoGMTK5dmE4Nfe+hhXrg45Tjs5NY2XfvYBnnv5Xf2xttb0CKWJZFIfzdBo/+ET+t/GJN+ZZPy58Pc/3o8RQ7JIPJ7Az3L8PHxtbfZn4bWkEc3+Qyesk3s2ZEgMt450d/rsRdf5gsF0ItzUdByTU9OeXsu4/p/tO2p7fu/+4/rfizoX2J6fSdu3rMXv/8638a9/7SlEo0x+nrdUBfHDr9oejn/2U/3v4MLrcy4i2JUdQTW+52nb80rfCajDfZlpN5ifDIQQ2fJwuirj1zD5wh+nH5cDCG+83zxpR3bU/OndP3asizrSDzGVPeYD7cv1ZafO73OcR+nPPeJvOShXzkHEJ/RYCscQWnM7ar/+/+iPJU68l32+Lps8lzyTHdGeirP3YLZPfuKRu/FL33zU9d/PP/WQ/kWdI8eyo0YvMnzh6PDRk7YRirt7BzA9Hbe9dqHzzUb7DNtZc/TzM/rI0K0tub8QFKuJIpQZMbvn0mXE4wnT88lkChcupq8bZFlGQ32t6fltW7Jf4nj+lXf1bb39xvWm6To7stcIB444X3ckEklTwmt7W7P+96d7jjjOMzQ86vk6gopz+6036sfphe4+DI+M6c8Vsn+NxsYmbNftQggcP3FWjxd2pr/IsNhwHX7w6Be2ZfVeuqwf335GmzbKdZ06Nj5p+mJkICBj6eJOPPrAnYhmvpzX13+loNclIiIiIiIiIiIiIsqHI0ATERERzVF33bYNPb0DiCeSSCZTeP6Vd7F86SJ0drSisaEeQ8OjuHJ1EOcv9ukJOkPDo2huasCm9atxKZOs8Oa7u7Fj6wYsW7IQk1PT2LPvGEYzycZ1dTE0N3kYGbUM1qxehuNfnMPVa0NIJlN4+vk30dhQh0BAxtDQqJ7s5KSttQkDl9Oju+7edwTT8TgWdrTh1NlunDh5ruA6tbc3ozcz2uPb73+GnTdvQSgYwAefHDAlaFvV1cb0xJk33vkUO7ZuQEd7KwIB9+8rrlyxGHsOHIeipH9iXAKwft0qSAA+P3kOJ06eB5BO0Lpu1ZKC16lU2tuaKl2FeSvVfwqQcnz3NVRjSiwup+n3/hJIxRG67jaIVByJAy8i+cUHAAApFEVw2Y0555dqWxDsWo9U73EoV85h4tk/RPTWb0GKNSHVewxTb/4PfdrwDQ/a5o9sfRzxfc8BAEQiPSJmeNODkELmETEj27+CxP7nIZLTSBx8CVBTiGx+BFKsEepQLxJffIjEoZcR3vIoau7+VQBAzT2/jvEf/S4AYOKFP0b0ju8itOpmQA5AvXoB8f3PIXXxEGqf+D8RXL7N8zZTrnUjeeJd1+elaH3O5U0+/32ok8OI3vxzCC7fBrllMcTUCBKHssnocn12ROBAW3ak0sTn7yKwYBVC198OKVQDyO6jFpO7K1eH9PNmU2N93iTEcDiEJV0duNjTj0QyiTPnurFqxRI0Ndajvr4WY2MTmI4n8JPn3sDtN29BXV0M3T39jl+G0V6zkPm8SqUUnD3fk3OaBe0tqKuNFfU6Xly9NoyXX/8Q27esQzgcwulz3Th0JPvFgw3Xr8y7jDWrl+HYiTMQQuDHz7yOO3beiNaWJgwOjeDDTw7o1xfXrbSfW1cs69J/RUP7NYloNGL7stjiRR1obmpIJyxPTuOnz72BnTdtRnNzA8bGJnCxpx9Hjp1CNBrBt556CABw07YNOHn6AlRVxdnzPVBVFVs2rUEsVoNrgyM4efoCzl3oxcrli3HvnTsK3obkTW2sBqtXLMGpzBfc3v94Px57KD2SfiH71+rF197HzptuwKKFCzA6No4PPzmIZDL9yyYN9bWojaW/zFdfF9NHHp+YmMKzL72Nm7dvQm2sBt29/fhsb/b43rR+dUHrmus69ePdB9HdO4CuRQuwce0qtGa+RHn+4iU98TocDhX0ukRERERERERERERE+TABmoiIiGiOkmUZX3tiF1589T2MjqVH/zx/8RLOX7zkOH3XogV6MsWSxZ24Y+dWfPDxfggh8Nm+o7YEqVhNFF/98n3lXYk8HnvoTjz9wlsYHR2HEMI0+t6Srg6MjU+aHtNs27IOn584C1UIJJMp7D2QHTFSlqScydO5bNl4PS71XYEQAt29A/jxMz/LLleWoaqq43w7b96MV17/EEA6UU77+8lH73F9rVhNFI8/fDeee/kdqKqKk2cu4uQZ8yjTsiThsYfunJGkM6pe8d0/Rq6xXaVYIxp+7e/KXg8pFIVQVUx/9PeY/ujvzU/KAdR+/b9Aqsn/hYraJ/8Q4z/+D1CunEPqwgGMXzhgmyb24O84JlNLtS0IrtiB1Lk9+mORbU841jX2yH/AxAt/BKgKEodfQ+Lwa7bpUhcP6n8HOlYjess3Mf3pjwBVwfR7f5lO+LbOc+GgvwTogVOYfO1PXZ+Xmxai/jvOy1PHrkAdT3/ZY/qTfwI++SfbNFI4hujt3zatR3DxRqR6jgJKAlNv/09Mvf0/EVyxHbWP/4HnelPWZ/uP6X9v3bzW0zzbb9yAiz39AIB9Bz/HqhXpZNsnHr4b//zMz5BMpjA2NoFX3/zINJ+WfGtV6HxeJFMpvP3+npzT3LJ9EzYWmHzpR22sBn39V/Dia/YRZ7dtWY+lSxbmXcatN92AqelpnD3fi0Qyibfes4+EvqSrA3fs3Oo4/8b1q0y/JrF54xrH6XbdcwueffFtJFMpjIyO2/YJkB1xN1YTRTgUwt23b8c7H+yBEML1mq5/4GredaTSuGXHJpw51w1VCFy+MoiBy9fQkfkFEL/71ygSDiGeSOLDTw/a5gmHQnj84btNjz3+yN14+vk3MTExhWuDI/p1pNGtN92AFcu6bI97kes6deDyIID0SNPalwCt7mFCPhERERERERERERGVSY5hwIiIiIhotquJRvDUE7tw6003oK7OngQbDAbQ3NSAh3bdhoe+dJtphLbrVy/D3bdvR3tbM2RZNi1z5fIufOXL9yIUMn+fTvspcEmWctZLlszPG5cfkM2XqMZJZctzsizj60/swpOP3ostm67Hws42bFp/HR594A48cN9OPZnL+nrhUAiPP3I3amtrTI/X1tbgkQfusCWi2OrvMjLzws42fPnBOxGLZeeXJQmdHa24547truuxqLMd9911EyKWEfJCIXNsfd2W5gY89vBd6Fq0wLQvQqEguhYuwKMP3om21mbzMqTc+6bQaWkWM4wOLQVyfEfWMPqvFPA/mqPcvAh13/wTBDquyy4rEE4n1n71+wi0m0dmda1LMILap/4LIjc+Brl1afbxQBjB5dsQ+/LvIbT2Ltd6hDdkv7gRXHYj5IYFzi+zfCsavveXCK28CQiEzetS14rsRzmaAAAgAElEQVToHd9B/S/8d9PjkVu+gbqf+68ILFhpHi1ZDiDQtgyxL/8eond9z7VuGqnIkZa1+eX6djT86g8R3vAlSGGHc8CyG1H3c/8vpEit6fHYY7+P8KYHzPs8lLtfJGeJZBJ9mV9UCIWCWLl8saf5Wpob0NRYDwAYHZvA0PAoACASCeOJR+7Bkq4OBIPZ/ROrieLu27ejs6PVcXmFzlcqTudNx8fk4m5TfeXL92JBW4vp/NVQX4sdWzfgxhuud6+f5XXvvfMmbN60Bg0NddlrG0nC/8/evUfHWZ/3on/emZFk44tsY3zBlrnICHMnCQRihwCB2CQoTWlOE7eku23a9KRezW7rpHu1K91tsnZ309O07Gavs1m95HRv2qaladM0iSDYkBBSbMBcDJirYhliQYwxtpHvkkYz5w+hQffrSDMjfT5reem9/X7vM9a8esfWd56ZP29OXHLh6thww9oh57poTX2feS9aM3jX6fnz5sQnPv6hWH1uXZ/vSUREOp2OVSuXxc/9Xzf1eU1y7tkr4mO3rB/wGCO6X9tcetF5sfGjG4asjdHp/1p0KDU11XFBr+/vtkeeKiyP5/vb46y65bH2qsti1qyawrZMJh0rzlwSP33zdVFT0/eeVJXJxEc/fEPUn7NywGvQxacviPetfWef52V/I113w71OvfVjH4yLL1g94N8EEW//fFmxfPD7LAAAAAAATFSSz4+zvR0AULH279/fJ8wxka+j3TbYvuGWR7M+1LaR9g03ZrQmMkd7x/g6LBZDPp+PY8dPxslTp2Jh7fxBwwpDOX7iZFRXVY1pzGTr6uqKdHrwoGBnZzb+7s6myOfzMWfO7Pi5j940xBy5aDtyNGrnzx1yrvHVlosjR4/FwgUjd7TtradTYHUmE/Pnzx3T2Pb2jsjl8zG7V2CGofUP8kyV3NGZ1Z2z7S8+EhER6SXnxtyff6uTca4r8ifbIpmzMCIm+DM52x759hNvzTWyE/fcFp0vPBAREXN+9kuRWXHhqMbl249H/uSR7sD0KAPK+eOHIp/ritS8M0Z1/KTLZSN3oi0iIlJzFvV9h8kQ8scPR779eCRzT4+kevaIx09Eat7iSZ1/KKW8L0/U8RMno7q6KqoyY7s3j3dcOfr6v98bR44ci4iIX/1PtxS2Hzt+ImbPqpnwvb3ntdPcObNH9frvmed3x8OP7oqIiDXnnR3vfc/AbvSDyWa7ou3IsZg/b86oX2u1t3fE8ROnYkHt3AmHx8eqVPfQSr1eR/r+vrrv9fjuvd1dohvqV8X71nV39u/szEZnNjvim/N668xmo729Y1I+AWSk16nHjp+IXC4fc+fMnjHPSQAAAAAAxu+pZ/ZMaHzl/6YLAIBRS5Ik5s09LeYN0g16JHNOm9zg23j8y7fui4iIq6+4JM5edWZhe2dnNu65b3v0vNdv2ZKhO1um06lYtLC26LWl06kxh58jurv4LV60YFzn7N8RkDKVJBEz/X2oqXQkcxYVZ65MTSSZ0YX+8yePFMLPqQXLRx1+johIauYM6JQ84pg5iyYa7y6uVCZSc8fW6TeZs3DU4fIJ0XF+XMZ7by7He3qxFSv82fPaabSe3NVcWH7n5ReMelwmk47TF43t9UhNTbV7f4UYz/c3ortz/FjffFiVyUzamxtGep06GaFrAAAAAAAYigA0AMAUS5IkfAjHxB06fCSOHTsRERH3/eCRSJIkaqqrIpVOxcmT7YW/41QqFeuuuryUpVKGitEJfvwnT0Xku0p3/hmsfee3C8s1V/5sCSthgGRqO4X2ObX7MkXS+sprcepUe0RELF+2eExdeytJKe+hrlcGU9LXdQAAAAAAlEzpfsMIADBD+f18cSxaOD/et/adhXBRPp+PU+0dceLEqUIwZv68OfFTH7o2qn0kNv2UNP9cwqDnjNaVjfbHv9W9nK6O6guuLW099FHK68J9mWJ5dOdzheUr33FRCSuZXKW9h5bu3JQvzwsAAAAAgJlJB2gAgCmWRBIROtcVQ8Pqs6Jh9Vlx+M0jcehwWxx+82h0dmZjQe28OH1RbSw5Y1GpS6RMdV+HJZJKR3R1lu78U2zOT/9h5DtORHLagtIWkkScdtNvReTzkZq/JCLln8NlJZUu2andlyvb+97zjniz7Wipy4iIiHdetiZOnWqPTCYzrV+DlPIeOl2v10ULa+O9V3d/Ysni00t8v6xAJX1dBwAAAABAySR5nxsJADPO/v37Cx8TPNGvo9022L7hlkezPtS2kfYV4yOSJzJHVy4X2WzXhGsAxi+TSUc6VZqOs/nOU5E/dawk54ZylcyaG0nVrJKc230ZxqaU91DXK4Mp5XMSAAAAAIDxe+qZPRMa73+GAQCmWMpnNEPJlfI6TNJVJTs3lKtSXhfuyzA2pbxmXK8MxvMCAAAAAGBmEoAGAJhiSZIUpQs1MD4lvwZT6e4/QLcSXxMl/5kAFaTU10upz0/58ZwAAAAAAJi5BKABAEoglfJLeiiVcrj+kkx1qUuAslEO10M5/FyASlAO10o51ED58HwAAAAAAJi5BKABAEoglfIyDEqlHK6/cgh8Qrkoh+uhHH4uQCUoh2ulHGqgfHg+AAAAAADMXP6HGACgBFJJEikf1QxTrmyuvXRVJOlMqauAkkvSmYh0VanLKJ+fDVDGyuU6KZc6KD3PBQAAAACAmU0AGgCgRNJpL8VgqpXVdVc1u9QVQOmV0XVQVj8foAyV0zVSTrVQOp4HAAAAAAAzm/8lBgAokVQqFYmOZTBlkiQpq49JT6pqIlK6QDODpTLd10GZcF+GoZXbPdT1Srk9JwEAAAAAmHr+lxgAoIQy6XSpS4AZoxyvt6TmtFKXACVTjs//cvw5AeWgHK+NcqyJqeP7DwAAAACAADQAQAmlUjqXwVRIpVKRSpVfp8gkU11WHXBhqiRVNZFkqktdxgDuyzBQud5DXa8zV7k+JwEAAAAAmFp+SwAAUGKZdDp8gjdMniQp7y6BSc2ciMQ/zZhBklT3875MuS/D28r9Hup6nXnK/TkJAAAAAMDU8Vt2AIAS80t8mFxlH45KUpHMmlvqKmDKJLPmlnXo330Z3lbu91DX68xT7s9JAAAAAACmTvn+xhEAYAZJpVLCGzAJMul0pFLl/8+eJFNd1h1xoViSmjmRZKpLXcaI3Jehcu6hrteZo1KekwAAAAAATA3/YwwAUCbS6VSk016eQbFU2jWVVM+OpHp2qcuASVNpz/FK+xkCxVRpz/9Kq5ex8z0GAAAAAKA//2sMAFBGMum0X+xDEaTTldkNMqmZU1EBURitpHp2RXY5d19mJqrUe6jrdfqq1OckAAAAAACTy28FAADKTCad9gt+mIBKv4aSmjkVGRSFoVT6c7rSf6bAWFT6873S62cg31MAAAAAAIaSKXUBAAAMlE6nIkkisl1dkc+XuhqoDEnSHZJJpSr/fZ5J9eyIVDryp45F5HOlLgfGJ0lFMmtuJJnqUlcyYe7LTHfT6R7qep0eptNzEgAAAACAySEADQBQplKpVFQlqch2dUUuJwAJw0mluj8aPUlKXUnxJJnqSOYsiHz78ch3tpe6HBiTpKqmu+tzMn2Ca+7LTFfT8R7qeq1s0/E5CQAAAABA8QlAAwCUsSSJqMqkI5dLvdXFThs76C1Jkre6A07ThEySimTWvIhMTeTbT0TksqWuCIaXykRSc9q06Po8GPdlppPpfg91vVae6f6cBAAAAACguASgAQAqQCqVRHUqE7lcLrq6cpET4GCGSyVJpNOpGfOx6EmmOpJMdXcn6M6Tke8ShKa8JOlMRNXsSKpqSl3KlHBfppLNtHuo67X8zbTnJAAAAAAAxSEADQBQQVKp7mBALp+PXC4XuVxeNztmjCRJIpVKuq+DGfqZ6ElVTURVTSRdnZHPdkQ+2xGR6yp1WcxUqXQhnB/pqlJXUxLuy1QK91DXa7nxnAQAAAAAYKIEoAEAKlAqSSKVTkekI/L5fOTy+cjn8pGPfOTzIcxBxUuSJJIkIokkklQSqSSJRDjmbemqSNJVkdTMich1Rb6rM6Ir272cz0XkcxF+DlAsSRKRpCJJUhGpdEQ6E0m6qnuZiHBfpry4hw7P9Tr1PCcBAAAAAJgMAtAAABUuSZJIJ0mET4yGmSmVjiSVjnirAa84EZSW+zJUDtcrAAAAAABULv+9DwAAAAAAAAAAAABUDB2gAWAa6jq4N7J7n4qufS9G1xsvR67ttcifeDPynaciIqI6UxMxqzby886I/MKVEWesjvzyCyMWrChx5QAAAAAAAAAAAMMTgAaAaSJ3cG+079oanS/8ILoOvDT8wZ2nIjpPRXJ0fyQ/eaawOb+wLqJ+XeQbro1YuHKSKwYAAAAAAAAAABi7JJ/P50tdRDlqbmmN5t17u7+2tA7Y31BfFw31dRER0bhh3VSXBwAF2dano/2Rr0fH8/cXd+L6dZG/7KciOfOiiIhIkmTQr6PdNti+4ZZHsz7UtpH2DTdmtIoxBwAAAAAAAAAAzERPPbNnQuMFoPtpbmmNpi3bBg09D6dx/VpBaACmVO7I63Hy/r+Ojqe/O7knWnNDxNW/EMm8MyJCALqYcwAAAAAAAAAAwEwkAF0k4w0+9ycIDcBUaN/5nTi59SuR7zg5NSesmhXJ+/7viAvXC0AXcQ4AAAAAAAAAAJiJBKCLoGnLtmjaun3I/Q31dX2+Nre0DhuUbqivi82bNha3SAB4y4m7/yzaH/9maU5+yYcidf1vRIQAtAA0AAAAAAAAAACMjwD0BA0Vfm6or4vGDesKoeexjo+I2Lxp44jjAWDUsu1x7F8+H527HyptHWddEambfz+SqprCJgFoAAAAAAAAAABgtASgJ2Cw8PJog8+jmStCCBqAIsm2x9F//Gxkf7yz1JVERESy8tJIfeS/RWSqu9cFoAEAAAAAAAAAgFGaaAA6VaQ6Ks5ggeXG9WuHDSw3t7RGc0vroPsaN6yLxvVrBz0PAEzUsX/5fNmEnyMi8q88Hbm7/qjUZQAAAAAAAAAAADPQjO0A/enPfrnPeuP6tdG4Yd2Qx/cPTDfU1xW6RffW3NIat91+55jmBoDhnLj7z6L98W+WuoxBJZfeHKnrf0MHaAAAAAAAAAAAYNR0gB6H/l2ZRxNQ7t8turmlNZq2bo9Pf/bLfeZrqK+LzZs2Dhg7VOdoABhO+87vlG34OSIi//RdkX92S6nLAAAAAAAAAAAAZpD0F77whS+Uuoip1L+Tc0QMCCwPprmlNQ4ePjLkvoiIhtWrIiLi9EW1fbZHRBw81BbvufLicdU8GfL5fBw4cCCam5tjx44d8cADD8Tu3bvj0KFD0dnZGbNmzYqqqqpSlzmp2tvb47777ovdu3fHrFmzYv78+aUuCaCP3JHX4/g//5eIrmypSxlWvvXJSF14Y0T1aTpAAwAAAAAAAAAAI9r/+uEJjc8UqY6K1bh+7aiO27xpY59Oz/1D1E1bt0fD6lXRUF/XPe+GddHc0loIQZdTB+g333wzvvrVr8brr78+YN8TTzxRWP7ABz4Q73//+yOdTk9leVPmxIkT8f3vfz8iIubNmxcrV64scUUAfZ28/68j33Gy1GWMrPNUdG37P5He8LlSVwIAAAAAAAAAAMwAqVIXMNX6B5cbN6wb9djGDesKfzZv2lgIOxfm7hWQHmzucghB7969O/70T/+0EH6eNWtWnH/++XHllVfGueeeG6eddlrh2HvvvTf++I//OPbt21eqcgFmrGzr09Hx9HdLXcao5Z+/L/I/ebbUZQAAAAAAAAAAADPAjOoA3T+APNruz4NpqK+LzZs2xm2339mny3NzS+uAYHSPpi3bYvOmjeM+50Rls9n427/928hmsxER8dGPfjSuvPLKSKX65uDb2triX//1X+PFF1+Mo0ePRi6XK0W5ADNa+yNfL3UJY9b56L9GR+05hfUkSfp9ffvYJHqvJAPGjHZ9qG0j7RtuzGgVYw4AAAAAAAAAAGDsZlQH6Obde/usN6xeNeE5B3R57nWOhvq6IcPQpfDMM88Uws8bNmyIq666akD4OSKitrY2fuVXfiU++clPxtq1a2PFihVTXSrAjNZ1cG90PH//lJwrydQUba7USw9F0vZq0eYDAAAAAAAAAAAYzIzqAN1fMcLJDfV10bh+bTRt3R4RAwPRvfXvQD3V9u/fX1i+9NJLRzx+zZo1sWbNmsksCYBBdOzaOiXnSS9dHfM+8T/j+L9/MTpbHinKnFUt2yN35a0R8XaX5/6doEe7PJr1obaNtE8HaAAAAAAAAAAAqFwzKgA9WQHkxg3rhgw+N9TXlTz43KN3UKujo2NCc+Xz+XjuuefioYceitdffz06Ojpi2bJlcfbZZ8f1118fNTWDdxRtb2+PHTt2xN69e+O1116Lw4cPx6JFi2L58uVxww03xJIlSwaMefzxx+Pll1+OefPmxfr16+PNN9+M7du3xzPPPBPHjh2Lz3/+833O19zcHNu3b4/9+/fH8ePHY/HixbFy5cq47LLLor6+fsjHdPLkyXjiiSeiubk5fvKTn0Qmk4nly5fHddddF6tWTbxbOMBodb7wg0k/R3rZeTHvE1+JzuZt0bnn0aLNm3ppWyEADQAAAAAAAAAAMBlmVAB6plu2bFlh+Zvf/Gb8+q//eqTT6XHN9Q//8A+xa9euPtv27NkTe/bsie3bt8enPvWpqKt7u8N2Pp+Pu+66Kx588MHI5XJ9xr322mvx2muvxc6dO+PjH/94vOtd7+qz/7nnnotdu3bF3LlzY86cOfGtb32rz/62trZCcPrrX/96PPbYY332v/LKK/HKK6/Eww8/HBdccEF87GMfizlz5vQ55sSJE/GVr3wlDh061Gf7wYMH45lnnomPfOQjsW7d0N29AYql6+De6Drw0qSeI72s4a3w84Nx/DtfisjnRh40Wof2RvLmq5FfsKJ4cwIAAAAAAAAAAPQiAD2DXHTRRXHaaafFiRMnYu/evfHFL34xbrzxxrjsssuitrZ21PN861vfKoSfGxoa4uqrr465c+dGa2trfPe7341Tp07F3/zN38Qf/MEfRCbT/RRLkiR27twZuVwuUqlUvOMd74gzzzwzamtrY9++fXH//fdHLpeLb3zjG3HhhRfG7NmzB5z32LFjhfDz0qVLY/Xq1bF48eKYO3duRETcddddhfDzrFmz4t3vfncsXbo0Dh48GM8++2zs378/nn/++Th27NiAAPS9994bERErVqyIyy67LObMmRMvvfRSYb7vfOc7cfnllw8YB1Bs2b1PTer86eXnd4efX/yP4oef35Lse1YAGgAAAAAAAAAAmDQC0JOsuaW11CUUpNPp+O3f/u34u7/7u2htbY1Tp05FU1NTNDU1RW1tbaxZsybWrFkTDQ0NUVVVNegcTz75ZGzbti0iIq699tq4+eabC/vOPvvsuOSSS+JP/uRP4tSpU/HAAw/EDTfcUNh/yy23xBtvvBFr166N6urqwvZLL700Vq5cGXfccUdks9l4/vnn453vfOeg589kMvHLv/zLcd555/XZvnPnznjggQciImLlypXxqU99qk+I+qabboonnngifvSjH8XSpUsHnfv9739/3HTTTYX1K6+8MpYsWRJ333135HK52LVrV1x99dWDjgUolq59L07a3Okz18S8W78SnS/+cNLCzxERyRu7I2L9pMwNAAAAAAAAAACQKnUBU6lxw7o+61MRTu59job6ukk/30hqa2vjM5/5TDQ2Nsa8efMK29va2uKRRx6JO+64Iz7/+c/H3//938exY8cGjH/uueciorvDcu+wcI8FCxYUQsJPPdW3i+nFF18c1113XZ/wc48LL7ywsPzGG28MWX9jY+OA8HNExA9/+MPC8q233jpoB+l3vvOd8fGPf3zQeRcsWBAbNmwYsP0973nPqOoCKJauN16elHkzKy6ckvBzREQcLp83/wAAAAAAAAAAANPPjApA99e0Zdukzt8/YF0OAege73vf++K//tf/Gp/73Ofigx/8YJxzzjmRSr39dNi1a1f80R/9UTz++ON9xr300ksREXH++edHkiSRy+UG/DnrrLMiIuLQoUNjqqknGH348OEhj7niiisGbMvn8/Hqq69GRMQ555wTp59++pjOGxFxwQUXRJIkA7bX1NQU/l7a2trGPC/AWOXaXiv6nJkVF8bcW//H1ISfIyI5emBS5wcAAAAAAAAAAGa2TKkLmEr9A8iT3QG6effeSZ2/GJYsWRJLliyJ66+/Prq6umLPnj1x7733xssvvxy5XC7++Z//OZYtWxYrVqyI9vb2Qgj4qaeeGtDhub+Ojo7o6uqKdDpd2PajH/0onnjiiXj11Vfj0KFDkc1mI5frG8TL5/ODzpfJZAbtHn306NE+j2c8Fi9ePOS+TCYTHR0dA+oEmAz5E28Wdb704rNi7q1/EZ0vPDAl4eeIiDhV3McAAAAAAAAAAADQ24wKQEd0h6B7B5+btmyLxg3rJuVcTVu391mfrPMUSzqdjvPOOy/OO++8uO+++2Lr1q0REfHoo4/GihUr4sSJE4VjM5lMnHnmmSPO19vXvva1PqHpTCYTCxYsiJqamshkMtHaOr5Aeu9gck1Nzbjm6N39GqCU8p2nSl3CxHW2l7oCAAAAAAAAAABgGptxAejGDevittvvLKw3bd0eDatXDegOPVFNW7b1Pe/6tUWdf7Jdc801hQD0G2+8ERERCxYsKOx/17veFR/96EdHPd/BgwcL4eeVK1fGhz/84TjnnHP6HPO7v/u74+qyvGDBgshkMpHNZgu1AtCt640fx7Gv/VbMvfV/xJyIqesCDQAAAAAAAAAAMElmXNvbhvq6AWHn/mHlopxn9ao+6+XQ/TmXy8Xhw4dHfWyPOXPmREREkiRRW1sbEREvvvjimM795JNPFpZvueWWAeHntra2cYWfe9TVdX9Pd+/eHdlsdtzzAJRaUjWr6HNmX30ujn3tt6Pq/PfFnA//XkQyybf/qvF14wcAAAAAAAAAABiNGReAbtqyLZpbWvtsa25p7dMVuhga6uuicf3aaFy/NjZv2ljUucdrx44d8aUvfSm+/e1vR0dHx7DHfutb3yosn3vuuYXlSy+9NCIi3nzzzXj44YeHHP/UU09FW1tbYb13KPn1118fcPzdd9898gMYRk+NHR0d8b3vfW/QY44fPx7PPvvshM4DMNmS0xaMfNA4ZF99Lo5+7TenJgQ9a3IeAwAAAAAAAAAAQEREptQFTKWmLduiaev2Qff1hKCLGVYuh67PvT3wwAMREfHggw/Gjh074pprromlS5fG0qVLY9GiRXHs2LHYt29f3H///dHa2h0SnzVrVlxxxRWFOW666aZ49NFH49SpU/Fv//ZvsX///njve99bGP/KK6/EPffcE/v27Yurr746fuZnfiYiIi655JJCMPmuu+6KWbNmxZo1a+LUqVNx9913x86dOyf02K655pp47LHHoq2tLb73ve/FoUOH4tprr40lS5bEoUOH4rnnnot77rknIiL+8A//MGbPnj2h8wFMllTtssi9uW9S5u76yQtx9B/+c8z7xFdiTkQc/86XIvLj774/lPy8M4o+JwAAAAAAAAAAQI8ZE4C+7fY7B3R+bqiv67OtuaU1Pv3ZL3d3bh5DeLlnjob6uuIUO0l+4zd+I7797W/Hzp07h+2U3GPlypXxS7/0S5FOpwvbqqqq4pOf/GR89atfjY6Ojti2bVts27Zt0PFJkhSWzzzzzLjsssviqaeeimPHjsUdd9zR59jly5fHgQMH+nSKHovTTjstPvOZz8Rtt90WJ06ciJ07dw4aqs5kMtHW1iYADZSt9OKzI/vjib0pZDhd+16Mo3//Vgj6w783OSHoheV9PwQAAAAAAAAAACpb+gtf+MIXSl3EZGpuaY077vzuoOHnzZs2DtoRurml9e3tSRKnL6od9JiDh4/EHXd+N5q2bo+HHn0mGlavGvTYclFdXR2XXHJJXHjhhXHs2LHo6uqK9vb2yOfzfY6pq6uL9773vfGxj30sampqBsyzYMGCWLduXRw/fjwOHz4cnZ2dhX2ZTCbOOuus+IVf+IW46qqr+oy79NJLI51Ox/79+6Ojo6Nw/Jo1a+IXf/EXY/v27ZHNZmP58uVx8cUXF8Y9/fTT8frrr0d1dXVcf/31Qz6+mpqauOyyy+Lo0aOxf//+Pvvmzp0bV1xxRfzqr/5qLFiwICIiTp06FQ8++GBERFx88cWxcuXKQef9wQ9+ENlsNlasWBGXXHLJkOcHKIbcsYPR2fzgpJ4jf+xgdO7ZEbOv/7VILz4rOpu3RUR+xHGjnv/CD0b+jPpIovuNMD1viOn9xpjRLI9mfahtI+0bbsxoFWMOAAAAAAAAAACYiQ4ePjKh8Um+d/p1mmnasm3QgHNPh+eh9g+lf8fowfZv3rRxXLWW0pEjR+L48eOxYMGCcXVGzmaz8cYbb8S8efNizpw5oxpz8uTJOHbsWJxxxhljPt9o5PP5OHLkSHR0dMSCBQuiqqpqUs4DUGxdB/fGkdt/bkrOlV66OuZ94n/G8X//YnS2PFK0ebs2/lXkF6wQgAYAAAAAAAAAAAbVvGfoPO5oZIpUR9kZKty8edPGaKivG3R/4/q1wwaihws/R3QHoCvR/PnzY/78+eMen8lkYtmyZWMaM3v27HGFrUcrSZKorS3fbtwAQ0mfvirSZ5wTXQdemvRzde3fHW1fuSXy2fbiTbpoVeQXrCjefAAAAAAAAAAAAP1MywD0bbffOSCs3FBfF40b1g0bfm7csG7cnaF75gaAiapac92UBKAjorjh54jInbOuqPMBAAAAAAAAAAD0l+Tz+XypiyimocLPmzdtjIjuLs633X5nn/094ef+mltao3n33sJy/zkbVq8Segag6HIH90bb7T9X6jLGpWvjXxU6QCeRdH9N+n4d7fJo1ofaNtK+4caMVjHmAISG6okAACAASURBVAAAAAAAAACAmah5T+vIBw1jWnWAHiz83D/c3LRlW5/9Pd2bB9NQXyfgDMCUS52+KqovuD46nr+/1KWMSf7c9xbCzwAAAAAAAAAAAJMlVeoCimW04ef+x/R0hgaAclJz1cdKXcKY5S75cKlLAAAAAAAAAAAAZoBpEYAebfi5aev2PscIPwNQrjJ1l0b1pR8sdRmjlmt4f+SXXVjqMgAAAAAAAAAAgBmg4gPQQ3V1Hin83Lh+bTTU101JjQAwHrOv/7VIqmeXuoyRVc2K3Lv/U6mrAAAAAAAAAAAAZojKD0CPEGxubmkd9JjeAWkAKEep+Uti9vrfLHUZI+p6z6ci5pxe6jIAAAAAAAAAAIAZouID0L31DzY3t7TGbbff2eeYhvo64WcAKkbNOz4cNe+6pdRlDCl34Qcjt+YDpS4DAAAAAAAAAACYQaZVALq5pbXP8mDh582bNk51WQAwIad96HNRtfo9pS5jgHzdFdH13l8vdRkAAAAAAAAAAMAMkyl1ARPVUF9XCD43t7RG05Zt0dzS2icM3XOc8DMAlWruz/73OPqPn43sj3eWupSIiMifeUlkP/C7pS4DAAAAAAAAAACYgSq+A3TjhnV91pu2bhd+BmD6ydTEvJ//87LoBJ2re1d0bviDiEx1qUsBAAAAAAAAAABmoIoPQDfU10Xj+rXD7hd+BmBayNTE3J/7s6h51y0lK6Hrgpsie5PwMwAAAAAAAAAAUDqZUhdQDD1doJu2bu+7ff3aAR2iAaDSnfahz0V6+flxcutXIt9xcmpOWjUrslf/anSdf2MkU3NGAAAAAAAAAACAQSX5fD5f6iIAgLHLHXk9Tt7/19Hx9Hcn9Txd510f2XfdGjF3cUREJEnS52uf5d7bIhn5+GGWR7M+1LaR9g03ZrSKMQcAAAAAAAAAAMxEzXtaJzReABoAKly29elof+Tr0fH8/UWdt+vstZG96ObIL7swIgYGmQWgBaABAAAAAAAAAGA8BKABgIiI6Dq4Nzp2bY3OF34QXQdeGtccuQUru4PP514TsWBFRAwdfBaAFoAGAAAAAAAAAIDxEIAGAAboOrg3snufiq59L0bXGy9Hru21yJ94M/Kdp7oPyNREvqY2cnMXR652ReQW10fXkgsiX3vmiIFnAejizQEAAAAAAAAAADORADQAMGY/fvmVMQedBaCLPwcAAAAAAAAAAMxEEw1Ap4pUBwAAAAAAAAAAAADApBOABgAAAAAAAAAAAAAqhgA0AAAAAAAAAAAAAFAxBKABAAAAAAAAAAAAgIohAA0AAAAAAAAAAAAAVAwBaAAAAAAAAAAAAACgYghAAwAAAAAAAAAAAAAVQwAaAAAAAAAAAAAAAKgYAtAAAAAAAAAAAAAAQMUQgAYAAAAAAAAAAAAAKoYANAAAAAAAAAAAAABQMQSgAQAAAAAAAAAAAICKIQANAAAAAAAAAAAAAFQMAWgAAAAAAAAAAAAAoGIIQAMAAAAAAAAAAAAAFUMAGgAAAAAAAAAAAACoGALQAAAAAAAAAAAAAEDFEIAGAAAAAAAAAAAAACqGADQAAAAAAAAAAAAAUDEEoAEAAAAAAAAAAACAiiEADQAAAAAAAAAAAABUjEypCzh8+HCpSwCAES1cuLDUJQAAAAAAAAAAABA6QAMAAAAAAAAAAAAAFaTkHaB11AQAAAAAAAAAAAAARksHaAAAAAAAAAAAAACgYghAAwAAAAAAAAAAAAAVQwAaAAAAAAAAAAAAAKgYAtAAAAAAAAAAAAAAQMUQgAYAAAAAAAAAAAAAKoYANAAAAAAAAAAAAABQMQSgAQAAAAAAAAAAAICKIQANAAAAAAAAAAAAAFQMAWgAAAAAAAAAAAAAoGIIQAMAAAAAAAAAAAAAFUMAGgAAAAAAAAAAAACoGALQAAAAAAAAAAAAAEDFEIAGAAAAAAAAAAAAACqGADQAAAAAAAAAAAAAUDEEoAEAAAAAAAAAAACAiiEADQAAAAAAAAAAAABUDAFoAAAAAAAAAAAAAKBiZEpdAAAAUyOVSiKVSiJJJZEkEUmSvPWn1JUBAAAAAAAAANNdPh+Rz+ff+hORz+Uj99YfGCsBaACAaSpJkkink0ilU5FOJRGCzgAAAAAAAABAifQ0axsQYMhHdOXykevKRVdXd0AaRiIADQAwzWQyqUhnUpFKSTwDAAAAAAAAAGUuiUink0in01EVEblcPrqyuchmc6WujDImAA0AMA0kSRKZqlRkMqlSlwIAAAAAAAAAMG6pVBKp6nRUVacjm81FtjOnKzQDCEADAFQwwWcAAAAAAAAAYLrKZLozEYLQ9CcADQBQoTJVqaiqSpe6DAAAAAAAAACASdUThO7s7IpsZ67U5VAGBKABACpMKpVEVXU6Uqmk1KUAAAAAAAAAAEyZqqp0pNOp6OzoilxON+iZzGelAwBUkEwmFTWzMsLPAAAAAAAAAMCMlEolUTMrE5mMCGwlSyYQfUmSadwBurmlNSIimrZs67M+EQ31ddFQXxcREY0b1k14PgCAsaiuTkfai3cAAAAAAAAAgMKnZ3d0dJW6FMahKpOJjs7suMcm+Xx+2vUAv+32O4sSeB5J4/q1gtAAVKQfv/xKJG+9jWqiX/ss994Wozh+mOXRrA+1baR9w40ZrWLMMZZzVdekdX0GAAAAAAAAAOgnl8tHR3tXTMM47LS2/43D0Xbk2LjG1s6fO706QDe3tMZtt985Zedr2ro9InSDBgAmT5JKoqY6HYnwMwAAAAAAAADAAKlUEjU16Wjv6Ip8Tgi6UtTOnTP+APTcOdOnA3TTlm2FQHJvDfV1fb5ORHNL66CdpRvq62Lzpo0Tnh8ApooO0JXRATp56wX6VHabBgAAAAAAAACoRPl8PtrbhaAryXi6QNfOnxtLFy+cPh2g+4efG+rronHDuqIEnwecq1/YurmlNZq2bNMJGgAomiR5q/Oz8DMAAAAAAAAAwIh6shbt7V0xTXoDT3tLFy+MbDYbx0+cGtXxc06bFUsXL4yIiNRkFjZVmrZs67PeuH5tbN60cVLCzxERjRvWDej43LR1+6DdoQEAxqO6Jh1JSvgZAAAAAAAAAGC0klQS1TXpUpfBGKxYdkbUzp874nG18+fGimVnFNYrPgDd3NLapxtz4/q1U9KJuaG+bmAIul8QGwBgPKqr05ESfgYAAAAAAAAAGLNUKonqaiHoSrJ08cJYdebSqJ0/N6qrMpEkEUkSUV2Vidr5c2PVmUsLnZ97ZEpUa9E0797bZ30qws89GurroqG+TudnAKBoMplUpDMV/x41AAAAAAAAAICSSWdSkcnlI5vNlboURmnWrOqYNat61MdPq3RNQ33dkPsmElIebmzvwLUgNAAwEalUElXegQgAAAAAAAAAMGFVPoF7Wqv8DtC9QsdDBaBvu/3OwnGbN23sc1zTlm3RtHV7REQ0rl87oIP0cGOHqmekYwAABiP8DAAAAAAAAABQPFXV6Wg/lS11GUyCiu8APVLX5aYt2/oc07RlW9/9b4Wfe5b7Hzvc2Iju0HXvwHPz7r2jLx4A4C2ZqpR3HQIAAAAAAAAAFFEqlUSmquKjsgyi4jtAj6Rh9aqIXiHn/t2ZG+rrhuwiPdLY/nM01NcN6CBdKXa/9Eo88/yeiIi4/OLz4uxVy4s290OPPhP7DxyKiIhrrr4sTl9UW7S5h/Pvd/8wOrNdERFxwXlnxcUXnDsl5wWAsUqSJKqqdH8GAAAAAAAAACi2qqp0dGXzkc/nS10KRTT9A9D1ddG4fm00bd0+aEC5ccO6aN69N5pbWgfsG2ls7zkqNfjc444774kDbxyOiIhnnt8Tv//ZXyra3Pc98Fi8uu9AREScVbdsygLQW+9/NHK5XERE5HM5AWgAypZ3GgIAAAAAAAAATJ5MVSo6O7pKXQZFNO0D0BHDB5Qb6uuG7Ow80tjp4kd7XimEnyMiXvnJgfhx62txVt2yElYFADNDkiSRyQhAAwAAAAAAAABMlkwmFdnOnC7Q04i0DXHX1u0DtjUNsq3SXHH5mrhozTlx0ZpzYtVKYW4AypPuzwAAAAAAAAAAk09GY3qZER2gJ0tzS2v31917IyIqslP0gYNvxgs/+nFERKRSqUinUtGZzcau51ricNvRWFg7r8QVjt8nb7251CUAwIh0fwYAAAAAAAAAmHyZTCo6O7pKXQZFMiMC0M0trdG0ZVs01NcNCCn33hcxuhBzz5ieAHSPnq7JjevXVkwY+rv3PVxYvvHaKyKdThW2bf3+jvj4LTeUqjQAmPaEnwEAAAAAAAAApk4mk4psNlfqMiiCGRGAvu32OyOiO7jc3NIamzdtLOxr3r23sD1i5AB005ZthaDzkMf0BKHLPAR94uSpePixZwvrN157RUS8HYp+YPuT8dMfel/U1FQNO0+2qyseevSZ2Pbw03HgUFtk0qk4f/WquPD8c+KqKy4actxrrx8qnGv50kWx/vqr4ocPPRnPPr8ndr/0aixaOD8uWnNOvOfKi2P50tMjovt7uPPp5njmhZfi1Kn2OGPxgnjPFRfHNe+5bMD893zv4di3/1DhsdWtWDLoeW+64ep47MkX4pnn90RzS2t0dmbjjMUL4h2XNMSN114RSZKM6u8TAMYqLQANAAAAAAAAADBl0gLQ08a0D0D379Lc0+l5qP0jzTVS+LlH09bt0bB61YDzlZMfPLgzcrnuC/nSi1bH/HlzIiLi8kvOiyd3/ShyuVz88KEn4wPXXTnkHPl8Pv7fv/lGvPCjH/fZvuOJ52PHE89Hc0tr5PL5Qce+2XY0Hnm8O4C9fNniaHn5J7HruZbC/lf3HYhX9x2I+//jifjvv/9r8fRzLfEPX9/SZ46jx07Enpd/Ej/a0xqfvLWxz77HnnwhXvnJgYiIuOzi1YUAdO/zrlh+RrQdOR73P/jEoPM+uvP5+L3f+gUhaACKLkmSSKXcXwAAAAAAAAAApkoqlUSSJJEfItdI5Zj2bQcb6uuGDSH33te4fu2wczVt2dZnvXH92ti8aWP85Z//Tvzln//OgPE9nafLUS6Xiy33P1JY/9CNVxeWb3r/VYXle77/yLAX+j9+494+4efZs2qiob4uzli8MCIitu/YFftee2PEeva99kbseq4lUqlUrDzzjKjKvJ3N78xm44tf/t+F8HPt/Dmx9IyFfcbveOL5aH319RHP09+r+w4Uws+LF9UOmHfvK/vjoUefGfO8ADCSdFr4GQAAAAAAAABgqslsTA/TvgN0RMTmTRujuaV10CB044Z10bhh3ZD7ezS3tPbpFt24fm00blg3YK6G1av6BJ9HmrdUHnn8uWhv74yIiGVLFsXZq5YX9p29anksW7IoXnv9UBw/fjKeeLo53nXZ+QPmePaFl+I/HnqqsP7BG6+On/rgNdHzo2H3S6/EV/7yX6Izmx1VTQtr58XvfObnY9HC+ZHt6oqt398R377nwYiIOH78ZEREfPTD1xU6Uu/bfzD+7H/9U2Hfw489W+jyPBY1NVXxnz/1s1F/zoqIiDjwxptx+//+ZiG4/cPtT8bad18y5nkBYDip9LR/HxoAAAAAAAAAQNlJpVMR2Vypy2CCZkzyZqQQ8kj7m3fv7bPeP/zce57ec/XvGl0u7r7v4cLyTTdcPWB/72133/vQoHP07vx8zqrl8ZFe4eeIiNXnrIyP/8wNo67pl2+9ORYtnB8REZl0Oj5449WRSr39FD1n1fJC+DkiYvnS0+O6tZcX1l9/4/Coz9XnvD9/cyH8HBFxxuIF8TM3v6+wfuBQ27jmBYDhpFPeTQgAAAAAAAAAMNVkNqaHGROALqZy7Og8Fs0trXHgrbBwTU1VvPudFww45sp3XBA1NVUREfHqvgPx8t59A47ZveeVwvIHrn/3oOdae+XFo6oplUoN+HtNkiQW1M4trL/j0oYB485YvLCw/GbbsVGdq7/LLj5vwLZlS08vLPd0mAaAYkmlkgivpQEAAAAAAAAApl7yVnaDijZjAtDNLa1DdmMebl/vY0ar3APSd23dXlg+a+WyePbFl2PX83v6/Hmu+eVYsnjRoGN6/PiV/YXlpWcsHLA/ojvYXDt/zog11c4b/JiamurC8uLTFwyyv6qwnMuNvSX9wtp5g+bPaqqrBtkKAMXhRTQAAAAAAAAAQOnIblS+TKkLmAqf/uyXC8sNq1f1CSg3bdkWTW+Fe5tbWmPzpo2DztG4YV3cdvudheOaW1qHDDo39QoLl1sYev+Bw/Hi7r2F9Z7HMpJdz++JQ4ePxKKF8yMiIt9vfzqdHnJsVWbkp1kyih8m6VTx8/qjOS8AFJv7DwAAAAAAAABA6chuVL5p3wG6f7i3f6fn3mHl0YaBB5tnpO3lYsv3Hxn32K337ygsJxGxfOnphfWDh9qGHNd25Pi4zwkA01HiNTQAAAAAAAAAQMnIblS+ad8Bun8H5sHWe4eeh+rY3FBfF43r1/bpFv3pz345GtevLRzTP0DduH5tNG5YN+HHUCzHT5yK7Tt2FdY/8bENsbB23rBjDr15JL72L1sjIuKHDz0Vt9x8bdTUVEVExLlnnxmv7jsQERHbH30mLlpzzoDxu196JTqz2WI9BACYFhKvogEAAAAAAAAASkZ2o/JN+wB0RBRCyg2rVw0IOG/etDGatmyL5pbWEcPKjRvWDQg59+4gPdjx5eT+B58oLC9ftjjee9Wloxr3vQcei9dePxS5XC4e2L4z1l//7oiIOO/clfEfDz0VERGPP/lCXHPVpbGm4azCuFPtHfG1f723iI8AAKYHL6IBAAAAAAAAAEpHdqPyzYwA9CiCzaPVE5geLvjcUF9XduHnrq5c3PuDHYX1D95w1ajH3nTD1fF//unuiIjYcv+O+MB1V0aSJHHF5RfE/f/xRLy0d19ERPzFX3093v3OC+Pcs5ZH29Hj8eDDT8fRYyeK+0AAYBrwGhoAAAAAAAAAoHRkNyrfjAhAF1vvcHNPELqns3TjhnUDukyXg0cefzba2zsjIqKmpiquuHzNqMde+Y4L4p/+7d5ob++M48dPxuNPvRhXXL4mUqkkfvPTH4sv/j9/G4fbjkZExI4nnosdTzxXGHvG4oWRSiL2Hzhc3AcEAAAAAAAAAAAAwIwkAD1OPSHocuv0PJTv/fDxwvKN77siUqnUqMem06l4/zXviu/e93D3XA88VghQz6qpjv/ym7fGP3/ze/Hkrh8VxsyeVRMXNJwVt/7shvhf/983IkYIQFdl0mN5OGM21PyTfV4AAAAAAAAAAAAAiivJ5/P5UhcxEZ/+7JcLy43r1w4aSG7asq3QqXnzpo19OjQ3bdkWzS2t0dzSOuR4RieXy8XBQ0cinU7FooXzS10OAMP48cuvRvLWZ3lM9Guf5d7bYhTHD7M8mvWhto20b7gxozWROWaf5j1oAAAAAAAAAACldPJEttQlzHATiy+Pvg1whWpuaS2EnyO6A8/99ze3tHbv27q9sDyW+XvPMZOlUqk4Y/EC4WcAAAAAAAAAAAAAJs2Maz/Yu/vzePY3t7QWQtRDhZ4b6uuiob5ON2kAAAAAAAAAAAAAKLKK7wDdO7A8WCC5ob4uGtevLSw3rF7VZ3/vkHLPcUNp2rItbrv9zhE7Pvd0ne7fbRoAAAAAAAAAAAAAmJgkn8/nS13ERPQEkiO6A86bN22c9POM1eZNG0fsLA0AU+nHL78aSZJEREz4a5/l3ttiFMcPszya9aG2jbRvuDGjNZE5Zp824z6EAwAAAAAAAACgrJw8kS11CTPcxOLLFZ++adywLm67/c6IiEJn5mKHjZu2bBsQfm6oryt0j+45X0/H56at2weMn6xgNgAAAAAAAAAAAADMJBUfgO6v2GHj5pbWAYHmoTo69wSiGzesi6Yt2wrjmltao2nLtsJ+AAAAAAAAAAAAAGB8UqUuYKIa6uv6hJF7wsbF0n+uxvVrR9VhunHDuj7HNW3dPqCLNAAAAAAAAAAAAAAwNhUfgI6IAR2fm7ZuL1oIundouXH92jF1cdbxGQAAAAAAAAAAAACKK1PqAopl86aNcdvtdxbWm7Zuj6at2wd0iB5O/8By/47NDatXjammnnP3zNO0ZduAsDYAAAAAAAAAAAAAMHrTJgDdUF8XjevXRtPW7X22N7e0DggyD6W5pbVPQLl5994B5wAAAAAAAAAA/n/23jzOruK69/3V6dOTWgMSSEJWi8FgwGAwEhgJDMbY2NiBEA+Q+/LsTAZyE2d08jLcOM9JXm78HMfJTezgDJaSGw+JJxzb2MY4HnAwIMBIOAwBMwnUQsgITa1WD+f0qfvH2bv2Wqtqn3O61VKrxe/L57jO3rt21frVqr0brNU/EUIIIYQQQsjsUZntAGaSq654Nf7uL34bV73xomnd36pQerpjSlfpTguxCSGEEEIIIYQQQgghhBBCCCGEEEIIIYQQ8uKj0fCYqNUxOjaO/QdGsW//AewdHsGeffuxZ99+7B0ewb79B7D/wChGx8YxUauj0fCzHTYhh52jxgFactUVr8Zpp54QHJw7cYE+7ZRVqlgZAE479QRcld1/2qknTCuW3Jn6h09spYM0IYQQQgghhBBCCCGEEEIIIYQQQgghhBBCFN43i54nanVMTk627eu9R6MB1DEJoAYA6OrqQk93FT3dVTjnDkPUhMwuznvP0n9CCCHkRcbTW7aFf9k92FZ9l+fQQf8W3zs5LjvX7tpM/Iv+wYzRP++o/B00QgghhBBCCCGEEEIIIYQQQgghhEyBRsNjfGIC4xO1GR23t6cbvT09qFRYCN2K0QP12Q7hRc7BlS+z+oYQQgghhBBCCCGEEEIIIYQQQgghhBBCCCHkMDI2PoGx8YlDMvb4RA3jEzX09fagr7fnkMxByGzDAmhCCCGEEEIIIYQQQgghhBBCCCGEEEIIIYSQw8DkZAMHxsYxOTl5yOcaG59ArT6JeX296OqqHPL5CDmccEcTQgghhBBCCCGEEEIIIYQQQgghhBBCCCGEHGImanUMjxw4LMXPOZOTkxgeOYCJWv2wzUnI4YAF0IQQQgghhBBCCCGEEEIIIYQQQgghhBBCCCGHkPGJGg6Mjs3a/AdGxzA+UZu1+QmZaVgATQghhBBCCCGEEEIIIYQQQgghhBBCCCGEEHKIGJ+oYXRsfLbDwOjYOIugyVEDC6AJIYQQQgghhBBCCCGEEEIIIYQQQgghhBBCDgETtfoRUfycMzo2jolafbbDIOSgYQE0IYQQQgghhBBCCCGEEEIIIYQQQgghhBBCyAwzOdnAgdGx2Q4j4sDoGCYnG7MdBiEHBQugCSGEEEIIIYQQQgghhBBCCCGEEEIIIYQQQmaYA0eQ87PlSI6NkE5gATQhhBBCCCGEEEIIIYQQQgghhBBCCCGEEELIDDI2PoHJycnZDqOUyclJjI1PzHYYhEyb6mwHQAghhBBC5i6NhsfY+NR/K7Sr0oXe3u5DENGhw/61RN3dVXRX+a/TZYyP1zDZ0P8xP6+/77DNv39kFPuGR9Db041jlyw6bPMeTbyway8+8dlb1bmzzzwFr3/NebMUESGEEEIIIYQQQgghhBBCCCFzg+afpR/5xcVj4xPo6e5GpeJmOxRCpgwrNgghhBBCyLR5Zug5fOCvPznl+04YXI7ff8/PHIKIDg0TtRp+8w8+os5dfun5uObqy2YpoiOfj6z/PB5/ckid+7u/+O1DNt/kZAPfvv0+3Hf/I9i2fSdq9ToA4MzTT8Kv/cK1h2zeo5nRsXE88tjT0XkWQBNCCCGEEEIIIYQQQgghhBDSmvGJI7/4OWd8YgL9fb2zHQYhU4YF0IQQQgghhJA5zZZntuMj62/CyMhodG3f8MgsRHTkMzIyilq9cOju7elGfz//Tw1CCCGEEEIIIYQQQgghhBBCDhbvPcYnarMdRseMT9TQ19sD5+gCTeYWLIAmhBBCCCGEzFnGxifw13//OYyOjSevD+8/cJgjmhv87f/+onLoXrRwAH/2h++exYgIIYQQQgghhBBCCCGEEEIIOTqYqNVnO4QpM1Gro7ene7bDIGRKsACaEEIIIYTMKMuXLsaypUta9jlh5bLDFA052rn123dHxc9Lj1uM11z4Siw97hgsnD8wS5HNLeqTjejcwEA/Llhzpjp38okrDldIhBBCCCGEEEIIIYQQQgghhMxJWABNyOGBBdCEEEIIIWRGufy1r8Il614522GQFwmPPv5MdO73fv2dGJjXNwvRHF0sXrQA73rHlbMdBiGEEEIIIYQQQgghhBBCCCFzhkbDY3Jy8pCMPTFRAwD0HIJC5cnJSTQaHpWKm/GxCTlUVPf+3YUAxKb1HnCu2cIB0K2Hh4OD91kLnx5Z3taKNtdlOHE0Jsx280Q3JFqf0psfNXW3nG/K8ZSfDuG2G6fVCB3ls/U6T1lXu+tinFRUrefrTJfOZ3r6Mt3T0tWmX8fzTUWXi/UlhysfpbP9NYX93H6+qT1/LR+QVuF2tjyH4P1UvBeL92O7/TrFeFo9Pwf5/kn2U4dGny/Rm9oQ04gn+by2Cr/T57QdzsFVu+H6BtA1fzG6jlmK6nGD6F5xEroHT0PvSWfB9c6bockIIQAwMjKqjufN64NzDrV6HVueeQ7P7XgBJ51wPAZXLpf/1goAGB0dx6NPPIOJiTqOX7YEL1lxHKpdXW3n6OntRne1Cu89hp59HkPP/gg9Pd04YXA5lh57zEFrGh+vYcvW7di1ex8mJmo4ZtECHL9sCZYv087Y3ntMTOjf/q1Wu9DVVUmOO1GrwQuj3u7uLlQquu/efSN4ZtsO7Nq1F4sWzccJK5djyeKFHcX93I4X8OyOF7BveATHL1uCVS9ZhoGB/o7unSpjYxPqP/x7+3pC7nbvHcaTW57F5OQkViw/FiuO13mdmKihlv3W9NahH6lxV61cDniPkZFRdHV1oa+vJ5q70/zkTE42MGZcpucN9MMBqE9O4tHHnsEL6UYuOQAAIABJREFUu/bi2CWLcNYZJx+WPW3XcvuOnfjRzj0YH5/AsqWLk7mTOibr+v90qdfrKu78Xqulu6eKnu70/6Ey1XVNjZ+vlQew/bmd2LrtR+jurmLliqVYtnRxtF6EEEIIIYQQQgghhBBCCCGEHEnUD1Hx80OPPIXPffHbAIBr3/I6nHXGyTM+R31yEj0VeuqSuUO1WdYrCspc9kfKeetdfqF5OvsjZ+f0cVSRZm8vK7B1rQsgnTNtNoDzOszoT8Jt/Z0z+oyuMIAZ0AXd+WWnukcFic7MlywYzwWINlsgl1VshtV1iYpAidHtvcvW2aXzKRMDmU/dTYWnFsDOZwogXVwgqQo/Q+Ky2W0+ra5onV0WfqGvuc5ZW5rPtK4y3VEldnZB5dO5uKBX5auowC32T5v5TAepy+ZV72cbtxlO6lfxtCqsFvl05hcePHSFcZv9Ez0/Zh/mx6l8qvdG6b6w8xh9JQXIqf0q3j7Z+0lg54t0u0y3eT+WvFdDPlHoU8dlz3uYT743ivckSvIa9LlCXz5PsmDcPO9Wl/054Ox71WzAVCFzSlfxOIVMKH3huM3z13xO04XTLVvvgdoEGrUJ+OHdqG1/Eg53q369J78CvS9fi/5XvBq9p5wLQsj0majV8Fvv+xt17h3XvhHPDO3A7Xf9QJ2vVCp457VvxEUXnI1du/fhI+tvwvbndqo+C+bPw6/9wrVYtXJZyzmuftPF6O6u4t+++h9oNBrq2iknr8Qv/txbsGD+1H/ZYWx8Ah//9C3Y9J8/TF5fsnghfuptl+PsM08BAOzeM4zf/59/r/qcfMIK/O6vvzO6d3y8hvf8wYdVvJe+ejV+6m2XAwD2DY/gHz/1VTzy2NPRvQMD/filn3sLTn3pYDKuJ7Zsw8c/fQt2PL87unbC4HL80s+/FYuPWVCienr86f/6OJ7fWcy35pzT8fpLz8PffOwmjJpi44GBfrz7XW/FKSetBAB8/su34T/uuj857tZtO1S+P/z//0b4Deip5ifnoUeewkf/8Qvq3P987y/ga/9+FzZ+/6GQkzNediJedsrgId/TQDPf373zftx2x+aoiDjn9FNPwM/+X28OBfAP/NcT+Lt/+mKy7/i4fk5+9YZrklouv/R8XHP1ZercdNc19Wy+8yevQK1Wx+e+9J3o2Txp1fH4xXe9FccsnJ+chxBCCCGEEEIIIYQQQgghhJDZ5lC4Pz8ztAOfvumbqNWbJlGfvumbuOFnr8YJg8tndJ7JyUmgmwXQZO5QAYoiNFX7JgtAUxeySjnvfdalaD2KFt5nRaKilT28mMPbSOLr8lD1FGF5M5zq68sEpwZCKPgMbUK39x75P4WuQl+4J47aBGoD8siWrGgTuvMh7DDJfOY3pGIxugr9QpvXH7U2MPdGukREMgZ72oYrNdo+cm1Sukw+1Z4KsZu96WUu8xzHunykyySolf2wzKe9zYarpJgdWaJL688X0T6dhS6f6fIQbUleVXJKdKWWQ95S7Gcfbsn1hDbXa3TrucUGSHy8N2Nq9UU+ZV7DyInEyA5Wd9BgxlC69Zqn8mn1Jz/mgfcwY4m1k3lN6St9/ejOSd3Fs5DrFnsFYq1TeVUDW10iMBmxF2OU6A7Pj4zNSJmJdvypB7Hvaxuw44PvwrN/cDX2fOlG1HZsiReJkBcpExN1jI1NtPz45Iunyac+942oUBQAGo0GPv6Zr+Pezf+FP/nQ/44KRQFgeP8BfPDDnwp/9U8Zt37nbtx0821RgSUAPPHUNvzl334G9frU/sN0dHQcH/irT5QWgQLArt37cOOGL+D79z8CoFkYevqpJ6g+Tz2zHS/s2hvde+e9D0TxXnpR85cwRg6M4QN//clk8TPQdNn90I3/im//x33Rtae3Poe/uPHTyeJnoPkf0+/903/AE1u2leqaCe5/8DH8+Uf+JSp+Bprx//lH/gV7941Medx8q00nP63Y8Imbcec9Oif7Rw4k+870nt7yzHb8zh99FF/9xp2lxc8A8Ojjz+APP7ABY2MTbfVY8v/zpB0zva6f+9K38Zl/+1by2dyy9Tl88MOf6iguQgghhBBCCCGEEEIIIYQQQmaDycSfcx0ML+zai3/+16+pP7+r1ev453/9WvLPlQ+GmY6dkENNBUi4xGb/4/KL9oK4yWXXQ5t5gYbWOfWJejjRKpdUJ4PIDl12yYXYtONr87r6QH+yqYrWImPI9IQ212t0u0xDaMV3SN1J/WKNIztroVfpFj3kEFa3zGuUT9GKOVP5VDGbfFrdqXxGbuGJvOZiohWYcj5d0SbyaXVLXaF1WovSGO1nsTda6NKqCgEhdnlbKq9hGDWb3huJfKrFMbrQQlehOcu+fBZMXtWcJkGpfKqwwti5Rvne0Loi3XKDyMUUn5BPoV/944q55Nwyn0p32HiGSFehT+s2c0KssdEV8pnQZR+MVF7zZ0GtKfScUlehW0iSB6ltHPYC9Fhi7VJ5zdc+WgH7wLfNp1gz6LFTebWtlHYw1yefH8LwLf+I5973Nuz8+9/G+KP3JjYJIS8uPvelb+M33vvXLT/PJgo9O2XDJ7+SLJLNqdXr+O6daXfgnPHx1gXS25/biX/4+Jc7jmnkwBje/1efwHM/2tVR//WfuBkbv/8QAODNl6+Lrn/ne5uic/9+m36/nHzCCrzk+OMwPl7DBz/8Sezava/tvJ/90rexe+9wOH72uZ340N/8a7LYVNJoNPBPn/pqy8L1g6VdDADwlVvvmNbYB5OfMp56Zns8z8jYtOKb6p4eXLkM3dXOfvO6Vq/jpq/cNq242nEo1rXds7lr9z5sfqC82JoQQgghhBBCCCGEEEIIIYSQ2aTRmLk/Ux05MIZ/+tRXMXIg/nPIVtemy0zGTsjhoAoYh0zv4Z3L3DVddjZrvUPzrIP3Hs45UwSR99e3WZSTZsIlVlqReg8413T2dJnTZ2iDA6gYrAwpQ80nA3XZ3MWxh4czust0qXM+/qrXGfAOJm6jD2nd0TwqnvwEghVqq3wGnSKfLjVsSmOJbm/XWTpFNxMXdKfy6ZDnPeVKK/QBSldovThO5hPJeSK9LddZXjL67I4WTrbt58v3oQjQ5CvXVeQ1vz0OUM4TWp8ePiEsypfSq1yYZb/0srlwj9M9xD7Uic/1Cn3eR/tLDYXyvJbv53S+Um7G0e3RPNl7IixHua44IptP+yW+rVVei27xPpQ3xD7KiaUJ5/L3YZHP4r1RvKlCXlUgRq/QoLZBC5L5LN2HJc+haYt1npnrBzZ9Cwc2fQv9Z1+ChW/+efSecm5rUYSQUpYetxhXvuFCbHlmO267Y3OyzwVrzsSZp5+Eu+59EI8+/oy69shjT+MNr31Vyzl6e7vx397yeixbuhiPPTmEL33tdnX9Px96HE9vfQ4nrjq+bbxfufUOPL9TOyivXLEUb7vqUgzM68MPHnoct3xzo7r+8c98HavPPg1nvOxELFm8UBUw377xB3jbVa9FpdL8ufn4U0NRgfOVb7wIAPDlW78XuTe/5crX4DUXvhJ79u7Hp7/wTfzwia3h2ue/fBtu+OkfBwB87BM3q98U7u3txjuvvQKrzzkNP3x8K/75018Lrss7d+3Fnfc8iFevPbvtehwMb3r9Why/7Fhs/P5DkaP1Q48+BQC4YM3LsXzpYgDA5778HdXn+GVLcMm6V4bjarULX/zaf0w7P7293S3jHRjox0tPWIHjjj0GL1lxXGm/mdzT1a4uXLT2bHz3js0YGOjHpRedi5NPWIElixfiqae340u33I7h/YUb9fc3P4J3XPNGDL5kGa69+jIAwFe+cacquu6uVvGWH7skHA++ZFlL3cDB7ftW69rf14ufePPFAIBvfvf72Gl+c/2hR57C6rNPaxsfIYQQQgghhBBCCCGEEEIIIYebmTKVqtcn8fFP3xL9WZlk5669+Pinb8ENP3M1qtWug57zUBpiEXIoqAKmgM+61nqXX2iezr02rQtsqEjL74duM6ICNmcKAk2hoHOmzQZwPo/GJ+dRwxkZuiDTBGpcbV2J7jBfSWVlMU9eOJ3Lym5wps06uFw3pG6xnPYdY8L33rXOZ+ho8mryqcJLzZfr9KLgE818OriitYWfRneeP2fSGIVt91dYZ5ets+s8n0KXnSeMrqpPnVi2+BcA8sLPXHe0n+Xy2fmi/aMDCfpCXl3Iq8pvsSDp+fLjaJ21Pvv8RflEyS9AlDzv8Xxl8TqtN9Jt9zPMOCjJa/7eyK+b/Jh8pfMZz4PS/WOfH9tBP38hn4DWnR+3ed5deG/kp837sqwA28n8msup+fLD8D7M5dj3hn6v2A1YPKcweTWPt1qAYkWsrtJ8OpFPOQ8OXzv2wO0YfeB2LLjk7Vj01l9BZWARCCFT4/d+7R0YGOjHuvPPwgu79uKB/3pSXV+1cjne9Y4rATSLRt/92x9S1zv5q37+4Ld+DkuPPQYAcOrJgzhuyTHY8MmbVZ8nn362owLoO+99QB339/Xi99/zM+jqqgAATjphBXq6q/jSLd8LfRqNBr5//yN49dqz8ebXr8OnPv+NcG18vIYfPPRYKPL85m3fV+MvWjiAV7z8pc2579Zzn7TqeLzpdWsBAPP6+/BTb38D/viD/xiu50XFz7+wB9uNE/frX3M+XrX65QCAM08/CVdcthaf/dK3w/WHf7jlkBZA/+RPvA6ve815AIB155+F97z3w6pId8/e/QCAU186iFNfOggAuOkr31Xu0YMvWYbXX3q+Gvdg81PGL/38W/HKV5yqzk3U0g7GM72nr7jsArz8tBPxyrNOVf+OtXLFUgyPHFAF/aNj46hPTuK4JYvC2mx+8DE8/uRQ6NPT2x2tW5mWnEO1rr/za+/AiuXHAgBeceYp+IM//Qd1fecLM/tXeRFCCCGEEEIIIYQQQgghhBAyU8xEEbH3Hp/+wjfx9Nbn2vZ9eutz+PQXvol3XPvGuDZrGvMSMpeIHaBz8kqu0guJgkHplCwKJS1eth6IHDu9j3tm/WR35TeaKuDz0ShhqEhWuCcfqESvLQCVA8rKSA/hVOu1LKurhe5WTrZRfSD0MOm0icR6dQFFwW4eeK43lB8mHbCVc6xvFglL3a3yGRWOp/TZZTM36NHlxkVc+CkTA6HPo4UDthIL64AcOUBHDrTpuOF0d7WsMlwhBSHifIo2pZjGgTfhA47CaVyOKVfUJ/Oa/IFXIjn1nLpk99zhWswuna+VLvPAJyyElYN69N7w2fLpfMX5NMOW7EO73DavLqyZfv6Ug7ly9rYT6/dL8X4u+qh8Zs75rd4v8f5K6yrNa5TP+OeAzVfs1J5PZfNpv8TPV0f59NEoh7Udvv0mjNz/bSy+9jcxsPZKEPJiYelxi7HsuGNa9pnX31d67fhlSzAw0B+OT33pYFQsuvrsl4XvlYrDyhVLsW378+Hc8Mhoy/nPeNmJofg55/zVZ+BfPv8NVXD75JZtuOziNS3H2j8yivFxXSh68bpzQhFozmWXnKcKQQFg67YdAM7Gha96BT77xW8rN+Zvfvf7WH32adg/Mor7H3xM3ffmyy8EAIyMjKp4AaDhPb7wle+WxjsyMorJyUbyP5Z3vrBH3Zu7P+c8t+OF0nFngrXnnamOT3/ZCbj/gUJ7o9FAfXIS1a7Of3t5JvKT4pSTV0bFz2Ucij29ZPFCLFm8ELv3DOPZ53bi+Z27MTY+gYlaPZnb3buHsbTNczkVDtW6HrdkUSh+zo/7+3pNIfzwQUZPCCGEEEIIIYQQQgghhBBCyJHLV79xFx40f57Yigf/60l89Rt34aorLjqEURFy5BE7QKOdI6e2IA3On/lxmWNyjimoi5yZyypBk07QwjFZXc+xFdFiHhTzad3asfRgHbDbz5coWJUlxx3pFvGaZYsdVm0+dD7LHbDzy3Z9RLhI5BMpx+Ain506YCtdEitnig7YQV/olusW4bWcL3YMbumADZkv4fBt5zPhFhMWxc+5vuaowgFb7UOdr8gBG8luesOKPKWcoNX+LXn+onlCPHpZikDzMDp0wI7eT2ld5Q7YcaGu0utkQW8+n3i/lOiacQdsWEH5OGa+EE/r90vS2TtcFQ7YJc97uQO2fr5iS/dM74w5YOv3pHX21pXah7/1w7ux65/eh4nH7sfid74XhLwYeONlr8Il61457fvPOO0kdbxg/ryoz+kvO6Fln8ZkA62QBZY5DsDypYuxRRSPPrHl2XbhYveeuBhz2XGLo3N9vT3orlZVkfMLu/cBAKrVLrz24tX499vuLeZ+aht27xnGXfc+qMbprlaDe+7uRCHoM0M78MzQjpYx79q9Lxn3PZv+q+V9O3ftaXn9YFi+dLEqEgaAYxfHDvpT/a3jmchPinXnndVxDIdiTz/86BZ88nO3YleLGCVS10xwqNb17DNPic4tWjigCqD5m+eEEEIIIYQQQgghhBBCCCHkSKWokZsed97zAL638QdTvu97G3+AJYsX4KILpv83+h6sgzQhh5sqghNnbpqZciDNWm8L5URBoCUqbDTXxHfrmCmvSydT5fSJZvFbyvEzOZGoqFOOq7a1BYLwwsk17YCs5kjotvryUAvD2uKK0gfj4BqKL8VxFIfOV8t8hsJHU6+XknEQ+VSOwSZfUT7lIAmH6GRBo4lYOQbbAnjZ26d1l+kqwzoGq+OmcJXPYj4fz9dCly3oLPJqQrTPT0p3ftzqZ603Nxhdauasn57Px9GndHmtK8qn0CK7p7aG1BU5wpdpbPN8xXqLgJIOyOG9kXZALnnClAYVlRfH5rbUfi7fyHG+UvrUcxuFZxye7S8A2Ly2el/KqBJ5DdtPton9HL8PE3rVQs5eO3z7TRgfehTH/vz/h+7luhCOEKKpGgfZdJ/OHYBTTJYUSDfMD49KB/+BZx1vAaA+OZmet6HnlfdefumrVAE0AHz79vtwpymAfu3Fq9FdrQIAent6kvNUKuVr2FWpAA7o6a5O6T4AmNdX7tx9sFQOMqdlzFR+LMcuiYuzy5jpPb112w58+B8+l7xWqVTQVanMeMGz5VCta6trhBBCCCGEEEIIIYQQQgghhBzpHEwB9JNbnsXNX79j2nPf/PU7sOy4xTj1pYPTup8F0GSuUc09O0NBmXXqbOeAnFtx2sI7e3tUKJgPGxd2yuO0AzIip1PYZ0/WHSoZaV1hgEPpgCwLBFs6IIfZD8IB2TjkphyQIfOpu3XqSFzqgCx0q8JP5SibyKfVFa2zy8I3Trn5Pi7NZ1pXe0dinadSR2vYBctimKoDsukwdQdkJbdzB+SSQt1D54Cs92F+nMqndvTWt1vd8Tq3LkDu2AE5x84X6XaZbvN+LHmvxg7I5v1Y9ryH+eR7o70DctDnCn35PMmCcfO8lzn8W+fnMgfyVCFzSlfxOIVMKH3huM3z13xO04XTs9XWnnoQO/78Oiy94QPoPf1VIITMHlu2bo/ONRoeO57fpc699KSVbcdasnhhdG7o2R9F5/bs24+GKQSVRbSLFg7g3Fe8DPc/+Fg4ZwuigWahdM5xx8ZFuG+98jW44nVr28Y9+JJl0bn/8RvvxKqVy9veO5eYqfwcSdx938PquLtaxQ0/czVefvqJ6K5WccfdD+ATn/16yzFscf/EeC38zOqEo3FdCSGEEEIIIYQQQgghhBBCCDlYKhWHRuu/sLiU/3z4iYNyj/beY/MDj027ALpS6fRPCwk5MqgAsV+mPvDpC9mDlrv6Svdbj6JtuqRmZ7y84oXDaNZ6G0l8XR6qniIsb4ZTfX2Z4NRAQOSOmtDtvUf+T6Gr0BfuiaM2gdqAfOF664vuVnc+RGQ4qofSN6RiMboK/UKb1x+1NjD3RrpERDIGe9qGKzXaPnJtUrpMPtWeCrGbvellLvMcx7p8pMskqNUPI5lPe5sNV0kxO7JEl9afL6J9OgtdPtPlIdqSvKrklOhKLYe8pdjPPtyS6wltrtfo1nOLDZD4eG/G1OqLfMq8hpETiZEdrO6gwYyhdOs1T+XT6k9+zAPvYcYSayfzmtJX+vrRnZO6i2ch1y32CsRap/KqBra6RGAyYi/GKNEdnh8Zm5Ey221jeDd2/K9fxOgPbgMhZPZ4ZmgHfvjEVnXutu9twvh4TZ075aSXtB2rr7cHixYOqHN33fsQ9u4bUee+fMv3ontPe+kqdfym17cuXD737JepuZxzOM4Uk37jtnsxNjYR3btr9z7cdPNt4Z20csXSqM+/ffU/kvM+/tQQvvO9TS1jO1KZyfwcKdz/wGPqeMXxx+Kcs04JzuCd/JVYxx17jDqu1et48qltHcdwNK4rIYQQQgghhBBCCCGEEEIIIQdLV5u/dbcV577iVCxetGDa9y+YPw/nnXv6tO8/mNgJmQ2qANIOmcHI01p3amfPpANodkb2yymfJ3cG9VlA+TBZz5Tzp3RMdlkUbRyT2zusGn3W0bVEdzGglj9jDthKNyIH48iqTQyXzqdxam3l6CqGj1zuje5UPp2brgN2yXzyMMpnGwfsUkdz3e1gHLBTunRei3HCsO3mC8MZh+ROHbBLdLXbPyHu3AHbTcUBW8yTH0fr7NSytHTATumepgO2DtA8f3K/tnLAVuNYXfly2P1lFrzMAduJfCZ02XyVO5u32oftHLCj8KJ1Lt6Hebf0e3MqDtiKtvmU7432Dti2zfWGwQ/ndQDPf/Q3sfTdf4n+V74WhBxtfO0bd+Guex9s2efM00/GVW+86DBFlOYvP/ppXPrq1Th28UI8PbQD993/SNTnlJPbO0ADwGUXr8EXv3Z7OG40GnjfBz6G111yHnp7e/DID5/GI489re7p7e3G2Weeos6ddMIKrDj+OGx/bmdynivfcGF07vWXno/P/Nu3wvHIyCh+8//9CM4642Scc+YpODA6hqee3h6cpc86/WSccdqJ6OvrwVlnnIyHHnkq3Pvwo1vwnvd+GKvPOQ2nnrwSO3ftxcOPPIUtW58DAFz4qlegr7enozU5kpip/BwpLF+2BDt37Q3HzwztwJ33PIDTTj0B99z3MJ56JnY4t6xYfmx07h8+/iVcetFqnLjqeKxauQx9fa1zfbStKyGEEEIIIYQQQgghhBBCCCEHS1dXF4Ba234pTjphBX73N945swFNgWbshMwdqoBxyPS+WVTomyVxquLNm0K5UACZIyth9aFEOWL62CFTViU368V8Vsibl89mbXAAFYOVIWWo+VoXIHt4OKO7TJc65+Ovep2zYj8Vt9GHtO5oHhVPfiL72iafQacqVG6Rvg50e7vOwXk2O+l80J3KZ153K+oEE4LD4EFXaL04TuYTyXkivS3XWV4y+uyOFk627efL96EI0OQr11XkNb89DjAquAci/S33s8mX0qtcmGW/9LK5cI/TPcQ+TBXqKn3eR/tLDYXyvJbv53S+Um7G0e3RPHlBcb4c5briiGw+7Zf4tlZ5LbrF+1DeEPsoJ5YmnMvfh0U+k7/gkOdVBWL0Cg1qG7Qgmc/SfVjyHJq2WOfZuf783/4Wlr3n79B3+qtaaidkrrF77zB27x1u2aden5z1AmgA+O4dm0uvXXTB2Rh8ybKOxnnjZWvx5NPb8Z8PPR7OjY/XcMs3Nyb7VyoV/Na7fyr5Vwj92OUXYsMnb47Or1q5HKtWLo/Ov/biNbjzngexdduOcK7RaOCBh5/AAw8/EfX/9+/eizNOOxEA8HM/9WP4/T/5e9Tq9XB9dGwcd97zAO6854Ho3rvufRCXXbwmqelIZibzcySw5pzTVeE6AHz8M1+f0hjnnv0y3HSz/tsI9u4bwZe/3nRs/vErXo03XNb659PRtq6EEEIIIYQQQgghhBBCCCGEHCzVOVxEPJdjJy9OKoBx1ZROnS4768LVwuFTOCE75+Dgslvy76IVn7xHaJ2Yy7qEZmOGNnNFDSGFkbIh5CfSJVon2sJLVOvOWqdmQqxLahX/INfrUOiW7q8yKKHbzKZjzbvLjwxXrlVZPsvyKp2tndBg/4nyWWQhz2doE/m0uqUulQ0Ztgpd5BxyjGKvtM2nK0ZRuZHaikyqHEtdkVt22X4WqCWx3YtVFGkyz0A+mytatUhmh0hdSne4LvS5fO6iV5TPhH6dOP2J8+pMyDoiqavQHaIRC2c+pXlFcd5F6rPbizadT7nhRJvKZ9hnuX6zpvlcKp9an8pZtKBaf7FmYgyp25m5pe6QV61FEeXThdNyDxS6hb4wpwu6pS7180DkSL/01Gz6WS/Lp8irylE02hHSeo+dH/s91HdsASHk8LJg/ryW1087ZRV++iev6Hi8SsXhl37+LVhzTvu/Tqi7WsXvv+enccJgXMwMAOe98nT09/VG53/sDeuS/R2Ad1/31tLxLAcOjIXvC+bPw6/+wjUYGOjv6N59wyMd9TvSmMn8HAm8as0ZOO2UVaXXO8nn0mOPwY9f8erS6/M7GONoW1dCCCGEEEIIIYQQQgghhBBCDpZKxc1JJ+Wuri4aGZE5RwUQhpTyinUdjQ6EC2zuIppyE/VefZpXRBvsPxE7ZMq5vBg1uL8Kt1Rxq7fDydGy66G1yJsSLqLW/dYj06ZU+czJNVuTXHeZrha61SVvo9FaI4NRpcvcIBdEdgjXZT5zdSi0eq/WQOZT607r0nlPhCnDlRqhP3E+TVLVxjBzy9hzLV7kzuTU6tL6C91RXlPIHJmUSK1yn+b6dPp8fIOaQCxOlE8RedCd5zjWVaY/0qUSpKJJ7mfdXTzjuV6l225yrwczI/psbYpnUo/lM11e6oryafSk0prQZW/P10y/n0xMXrSRHnHsxTlf9JG6IHTZvIbe0f5K67L5DJcj3XKfibkSugr9InaVz2j19MJ2mk8fjXLEtY3h3dj5T+8DIXOVavXg/sOt4iozPmYnrD3vTPzqDdfg+GVLdDyVCi5edw5+5fq3q1/26SRO5xxu+Nmr8fYffy2WLF4Y9a9UKjjv3DPw3t/62ZbO0pWKQ09PVZ0bGOjHuWefVnrYsgcFAAAgAElEQVTP4kUL8Pvv+Rn8/P99JZYetxiVio63UqngpFXH41dvuAa/++v6r0w67ZRV+LP3/RKueN1aLFo4EI3d29uNc1/xMvzR77wLP/HmS0pjsLT77WC7ft2JvHeyF7oqcW5SzFR+2sV2OPZ0T3c33vNL/w2vu2SNKnauVCo464yT8eu/cG10T3d3NTp35Rsvwg0/czWOW7IoujZ//rxDvu87Xavu7u7oHCGEEEIIIYQQQgghhBBCCCFHKj2JP5s70pmLMRPi9vzthd65ZpGYQ7MYy7ZA6kQJnVwX40TztZxYtN43rT19acRFv5Lp8/nK7p6y7kS/9vMldJVmokx3eTwd6Wunq931VvmEh4OD9x7Ouawocbr5bB+PHKZl2trltcO8e5/pQ0nbMl8lC9dywrh76+dnerrSA5bom8LzN9V41HPTaj9P+/3Ueh+m8lrc1kLfNONJvi8Oaj+3fr+k8llcFXqno6uj56fl267t9mn93ijJ6xHczr/4bVj8zve2ET1zPL1lW+xoP81WfZfn0EH/Ft87OS471+5aq3s65WDG6J/H/3A4nEzUavi13/srde7yS8/HNVdfBgCo1yexbfvzmDevD8cuXhgVD0+XsbEJ7NqzD41GA/MH5mHhgoGOfmP2gYefwI0bvqDOXXP1Zbj80vOnNP/uvcPYu3c/jl2yqK3jtaTR8Hj+hT0YH5/A8qVL0Nt7dBafTjc/RyLD+w9gz95hrFyxbNoaJiZq2PH8LkzU6ujv68XS445Bd3Xq76qjaV0JIYQQQgghhBBCCCGEEEIImQ7ee+ydY3+77qIFAzNSSzHXGD1Qn+0QXuS0KxBrTRXw8N4VQ3mPvCLa20IybwvlEgVyMq6yAjivv3t7Wlxv1oX5rFAuLxfO2txN1OWD2Mm8/ppV1OW6km2qQNCLgsBWlYg+rdvqy0P1DiZuow/SBVa00hm1VcGjd63zGQofD7LAtE0+lWu2yVeUTzmIa6GvReGj9zafydVpDt+qwNSXfI8i8kXrzXFTuMpnMZ+P55tCQWeRVxOifX5SuvPjVu8Pb24wutTMWT89X1Teny6Y9lpXlE+hRXZPbQ2pq1V9stLY5vmK9RYBxftHFBR7sQJTKPCPnh8vjs1tqf1cvpHjfKX0qec2Cq/QZX8OOJtxX/ZgRZKTeQ3bT7aJ/Ry/DxN61UIeue3w7Teh52XnYmDtlSCEHF6q1S6cuOr4GR+3r68HLzn+uCnfd/Otd6jjSqWCS9a9csrjLF60AIsXLZjyfZWKw/Kli6d831xjuvk5Elkwf96UitxT9PR0Y9XK5Qcdy9G0roQQQgghhBBCCCGEEEIIIYRMB+ccenu6MT5Rm+1QOqK3p/tFWfxM5j6Vwp+xWVAG6eDosrMuXNVujq7ZOufgIFrxHdl1QLQQrRNzORVJdo9ondMhmVvVR0pRMtK6Qut0TCrWTHfQl9ANqztbI7l2am4VqMlFpjvSJT/mulqzVD6l/tDL5MhpLUqj0x+1JyD0Ct0qr1JgKp/QYdp8hkw40TrRJvNZfFSOSnSrfZxnP6HLOTNXyKcQYXvIJbHbH/n+ylqjy+a12M/5YNHuKHRJ/VKZK+ZSc8t8mrxGYsxy2+2t9Zs57ROW1C16SK0J3XFe07qUvug5zWO2+TRikvkUaybnMnnN91S0AjJXiXxa/WovQI+dymsIX+U1TqfKq5xe6MrzqdZQxhB0i/eF0OXUwOm8mtn03kjkUz/ueYxmDx7h7Z7P/SUaI3tBCHnx8vTW5/DM0A517jUXnXvUujATQgghhBBCCCGEEEIIIYQQQsjRSG9Pz2yH0DFzKVZCJBUg9svUB9YFVLtW5q6+0v226dzpgzunz6xbQyt7eDGHt5HE1+Wh6inC8mY41dfbEwY1UMIdNaHbe4/8n0JXoS/cU+bEap1AxVoH11tfdLe68yEiQ1E9lL6hxCU1lU+VM68/am1g7o10iYhkDPa0DVdqtH3k2qR0mXyqPRViN3vTy1zmOY51+UiXSVAr+2GZT3ubDVdJMTuyRJfWny+ifToLXT7T5SHakryq5JToSi2HvKXYzz7ckusJba7X6NZziw2Q+HhvxtTqi3zKvIaRE4mRHazuoMGMoXTrNU/l0+pPfswD72HGEmsn85rSV/r60Z2TuotnIdct9grEWqfyqga2ukRgMmIvxijRHZ4fGZuRciS3k8O7seff/gaEkBcvX/nGndG5Ky67YBYiIYQQQgghhBBCCCGEEEIIIYQQMl0qFYe+3iO/sLivtweVSso5kZAjnyrQdMj0vulA6ZG1Lm+zzS0v5DdBuopmrTd+lsZWtHyerPU+CygfJuuZtS6702X9XFbdVrjFmio9e+jM/OZ6ddV5AIDuwTWoDW1CfeumbHqj1+guBtTyC11l6yxvzDqIY5fUnS2HXF77DhLDpfMpFl4MUJbP0KtknlAAmsinc67ZwmWlikU+Q2vz2Wo+eRjl02Xr7LTeEt2Fk63upsJTAZn5hS4HV+TT6NJ5LcYJw7abLwyX6UKhTx2XPX8lutrtnxB3dqN3mU6RV5UB8/w5LTexzk4ti+0gdSV1R+8nLSNy/7VFvKnnT+5XZ1pV6SzHsbry5bD7yyy4yZfUFfKZ0GXzVZZX13Ifal0hrxDLWbIPwzaOXJbFe0PojxKfXS/yaubLaZtP+d4o3pdlebVtrjcMfoRcH7n9JgxceBV6T3klCCGHjt6eI89Rec++/Xjg4SfUubNf/lIsPmbBLEVECCGEEEIIIYQQQgghhBBCCCFkuvT19qBWn8Tk5ORsh5Kkq6trThRpE1KG2/O3F+oSs5JCuVAwh1QBZBgOkAWCqcI9S5vrpYXDdvhO5knG07zQv+469K29Pnnr2MYNOLDxY0H3TOgqiyfSl9Ddepz8RH7YOp8hr6pQuc1809BVdr00Khl2cgChr4WuqOATvnSelmk9hPs5OZEtQE7pihYoHrHVcxMNX6anU90d7WeTv5a67IDtE9Uqr9Pez60uR/PkBcXFcasC5KS+dvF0+vy0Cn+a+znSV/YLDkp3Pk4niWsTzpTfh3OX/rMvwdJf+etDOsfTW7bFv9QzzVZ9l+fQQf8W3zs5LjvX7lqrezrlYMbon1c96PnJ1JiYqKnj7u7qjOyDmcR7j1qtrs5Vq12oVCqzFBEhhBBCCCGEEEIIIYQQQgghhJCDYXKygeGRA7MdRpIFA/PQ1fXi/vPo0QP19p3IIeTgCr1iB+iOHXNNMVMoPMvvh27zcG0BWyunTuHoGVrlgJyX4sXzRPV3zrTZLV0rz0P/2utQHVxTukh9665DdXA1RjduQH1ok56vrPAzzJMXjOeyshtaOiALx+fM0jUsp823WefCAbkkn6GjyastapPhpebLdXpTEGkdc23hZ9LRG22dgsssYjt2QM73bXCmTc8TRvfyixPLFv8CQNIBWhVgi+Wz80X7RwcinYCts7XKb7Eg6fny42idtT77/KUckJO/AFHyvMfzlcXrtN5It93PMOOgJK/5eyO/bvJj8pXOZzwPSvePfX5sB/38xQ7I5rjN8144IOenzfuyrABbOXqby6n58sPIEd6+N/R7xW7A4jmFyat5vNUCFCuSdMRP5dOJfMp5MHfasQdux9ij96Lv9FeBEDIz9ByBjs8W59yciJMQQgghhBBCCCGEEEIIIYQQQkhndHVVMK+/DwdGx2Y7FMW8/r4XffEzmftUgaLoTdW+5ZVYpRcSBYNeFA6KQkmLl61Hs1jNiyvexz2zfrK78htNFfD5aJQwVH684O03hu71oU0Y3bg+GwjoHlyD6uBqVAfXoDq4Bv3rgH2fv08XgMoBZWWkz4r5PLIoZWxGVwvdbR2wowLaNvmUDrxeXUBRsJsHbh2T0w7YQV/Q7ZXuVvmMCsdT+uyymRv06HLjIi78lImB0OfRwgFbiRX5zK+KNrWfU+TLDbmfxR0yXCEFIeJ8ijallMaBN3LAzs/KbiZfuS6b19SzXSY59Zy6ZPcsQi9mz/LlI13mgffxiM15yt4bPls+na84n2bYkn1ol9vm1YU1089frstnA/hMl48m1u+X4v1c9FH5dD7sGd1PP4c+HibSVZrXKJ/xzwGbr6A35DWfyubTfomfr47y6aNR5ky7/zufYQE0IYQQQgghhBBCCCGEEEIIIYQQQsgcp6e7Cu97MTo2PtuhAAD6+3rR082/uZrMfWIHaLRz5NQWpMH5Mz8ucYoOmIK6yJm5rBI06QQtHJPV9RxbES3mAdC/9vpwfuzuDRjbuF7V+dW3bQI2Av0XXo++zCV63robMLpxfccO2NZxuiMHbFly3JHuYj67zrHDqs2HzmfSMVkM74yja9t8IuUYXOSzUwdspUti5UzRATvoC91y3SK8lvPFjsEtHbAh8yUcvu18JtxiwqL4OdfXHFU4YKt9qPMVOWAj2U1vWJGnlBO02r8lz180T4hHL0sRaB5Ghw7Y0fspravcATsu1FV6nSzozecT75cSXTPugA0rKB/HzBfiaf1+STp7h6vCAbvkeS93wNbPV2zpnumdMQds/Z60zt66UnvutKObv436jqdRXX4iCCGEEEIIIYQQQgghhBBCCCGEEELI3KU3+9uAZ7sIur+vN8RCyFyn6/euGvwjVWWZLNgUBXOqUE4UBFqiwsYS2lyfjgNy63iKGxa8/aMAms7PI//+J0gWCMKjPrQJ3YNrUFm4AtXBNagNbUJj7/aD153ol9TXbpxWI3SUz9brPGVd7a6LcVJRtZ6vM1264DM9fZnuaelq06/j+aaiK7I8T8xb9tyIeNrqmcJ+bj9fJ/lK7oiO4kmtc9u4D+J60gEZrR2Q2+prF0+r5+cg3z/JfuowVTCd0JvaENOIJ/m8tgq/0+d0DuH656PvjAsOydh79wxHv8wz3VZ9l+fQQf8W3zs5LjvX7lqrezrlYMbo7uZfI0MIIYQQQgghhBBCCCGEEEIIIYS8mKh2daFSqaBWr8/K/PP6+1j8bKjXGrMdAjkIKkV5UlYGLQuYXHbWhau6mMk1W+ccHEQrviO7DogWonViLuvSC5edytrMHTSEZG5VHylFyWh+6V93Q1iE+rbNxZxOx5THOrpxQ+gf9CV0w+p2ovBLrrQMSqy5XgGX1iU/5rpas1Q+ZV5DL5Mjp7UojU5/1J6A0Ct0q7xKgal8Qodp85nvnuJesTeELp3P4qNyVKJb7eOQ71iXc2aukE8hwvaQS2K3fzZmaI0um9diP+eDRbuj0CX1S2WumEvNLfNp8hqJMcttt7fWb+Y0EaXyqd4bUmtCd5zXtC6lL3pO85htPo2YZD7Fmsm5TF7zPRWtgMxVIp9Wv9oL0GOn8hrCV3mN06nyKqcXuvJ8qjWUMQTd4n0hdDk1cDqvZja9NxL51I97HqPZg3OsHb33VhBCCCGEEEIIIYQQQgghhBBCCCGEkKODnu4qFgzMQ1dX12Gbs6urCwsG5qGnu3rY5iTkcFABCtNMZZ4prXhTFzJrVe991qVoPYoW3meur6KVPbyYw9tI4uvyUPUUYWUhoWvlGlQH16BrcE3R11uhwOjG9UKeHAi5CtSG7gtdugfXKN3ee3QNrkbX4Gqhq9Dn87WKo9a6I7taj2zJijahOx/CDpPMZ35DKhak86ly5vVH6lL3CN1xXqFjsKdtuFKj7SPXJqXL5FPtqRC72Zte7tE8x7EuH+kyCWplPyzzaW+z4SoparVLdWn9+SLap7PQ5TNdHqItyWv00CV0pZZD3lLsZx9uyfWENtdrdOu5xQZIfLw3Y2r1RT5lXsPIicTIDlZ30GDGULr1mqfyafUnP+aB9zBjibWTeU3pK3396M5J3cWzkOsWewVirVN5VQNbXSIwGbEXY5ToDs+PjM1ImUtt7fkhjD9xPwghhBBCCCGEEEIIIYQQQgghhBBCyNFBV1cFCwb60dfbc8jn6uvtwYKBfnR18W+qJkcfVaDpkOl903HSI2td3mY+lPJCfhOkq2jWeuNfaWxFy+fJWu+zgPJhsp5Z67I7XdbPZdVthVusR3XlGsx/242R2LG7N2D07vVwAKorV6dXxNihuiywQld+uXk8b90N6Ft3XTzXxg0YvWu90FW2zuFbs/X62CV1Z8shl9e6t4rh5PrO/4n3A9XetHYAfmQXGsM/Qv1HP8TEkxvh6hNqeOeArsWDmPf632j2378L+7/+/qIA1AELrv5juJ4BNIZ/hP1f/zM45+C9z1TofIZW5HPB1X8M1zcfk3uexcg3/iLWJQ+dWU/vsnV2ev+GfSw2HKSTre6mwlMLYOYXuhxckU+jS+e1GCcM226+MFymC4U+dVz2/JXoard/QtzZjd5lOr0PeVUZcDpBTstNrLNTy2I7SF1J3dH7ScuI3H9tEW/q+ZP71ZlWVTrLcayufDns/jILbvIldYV8JnTZfJXl1bXch1pXyCvEcpbsw7CNI5flkvdmyXNY5NXMl9M2n/LnQPG+LMurbXO9YfAj9PrYg3eg95RzQQghhBBCCCGEEEIIIYQQQgghhBBCjh76envQ092N8YkJjE/UZnTs3p5u9Pb0oFKxBTmEHD1UAeOQ6X2zqNA3S+JUxZs3hXKhADJHVMaVFCRCnPLZ/1jHS2lF2qwD81khb14+m7XBAbQYrH/t9ehbGxckAwjnRzeux+jdG7Agc4auDq5Bfeg+hEI5WSAID+dd5u6cT9V0DO6/8Ppk8TMA9K27Dt77ZhG0kRV0O3EQRjY6E7rVmkbrnJ/Ivpp89pz+uuJ6OyZrGPnexzC68Z/VfJVjBtFzysXhxPAtf6qu9778DYBr/sbIxJMbMfHD7xbqmokLum0++y74KfS+4k3N/mPD2H+rKYCW+gC1T0PrxXEyn7q+1xamq6nstMn97LU+u6OFk237+fKCTRGgeP6kriKv+e1xgFHBPRDpL9PV3D9Q+VJ6lQuz7JdeNhfucbqHFz0ShbpKn/ehexRym7wmZbbIV8rNOLo9micvKM6Xo1xXHJHNp/0S39Yqr0W3eB/KG2If5cTShHPN96HMZ/IXHPK8qkCMXqFBbYMWJPNZug9LnkPTFut85F4f/a+7segnfhmEEEIIIYQQQgghhBBCCCGEEEIIIeToolJx6O/rRV9vDyZqdUzU6picnJzWWF1dXejprqKnuyqMGgk5eokdoDt2zNVtUZFmLTr1hB05IItCweCAnLfKATkvNWze2rf2evRdUBQkj92zAbWhTeheuSYUP+dtbdum0K97cA3qQ5u0bulkCqBn8LzQvz60GfMuLJyf60ObMHrXhuZYq9aE8/0XXo/a0CZMDm0WsjKdLRyQC125brGctkDQrHPhgFySz6nQ1Y2BS9+N6uJB7L/l/cU8Zqwi2jyfBfPf9LvY9dh/FIWfSUfv/LCCgdf8dz12PpXdX/npTh2QI2dafdk6y+rqU1esb8IBOekALfdzQo91Ci7m04FIJ2DrbK3yWyxIer782Jtjp/XZ5y/lgJz8BYiS5z2eryxep/VGuu1+hhkHJXnN3xv5dZMfk690PuN5ULp/8n2WD2876Pdq7IBsjts874UDcn7avC/LCrCVo7e5nJovPww/B3I55ueB+XlhN2DxnMLk1TzeagGKFUk64qfy6UQ+5TyYm+3EUw/Cjx+A650HQgghhBBCCCGEEEIIIYQQQgghhBBy9OGcy1ybu9FoeNQnJzE5OYnJRgONRtOwNa/Vcs7BOYdKxaGrUkFXVxeqXV10eyYvOmIH6Jy88qr0QqJgUDpEi0JJi5etByLHTu/jnlk/2V35jXqgurJwaR7+wi+Houb60CaM3r0eC952I6qDzWLo0b9ej/rQpnBcG9rU7B8q84po+9fpYuf60CYsuObGMNe+z707++ZQG7oPE1vvw8JrPwoAmLfu+nDdizGVrha6WznZRvWB0MOU5jNj5NYPYGLL3WEAV+lC5ZhBdJ9wPvrWXAPX3QcA6D3naoz9582ob3sgy6fOqXKONemuDByLvnOuwtgPbo51G8fgeRe/C66nX48tx4u3UrGE4bIRmnLeFY7DwTfaQxQ02zpXubhCr3QKztvUfk6R16VC7me17Ypw1VrkEedTtCmdNA68CV93FE7jcky5oj5bNp/UH+kql9vaATvM5oRu4+itdJmK3YSFsHJQj94bPls+na84n2bYkn1ol9vm1YU1c2Ic42BuHNv1ZOJYbnOxBiqfmXN+u/eqj4eJdJXmNcpn/HPA5it2as+nsvm0X+Lnq6N8+miUOdmOb3kIfae/CoQQQgghhBBCCCGEEEIIIYQQQggh5OimUnHoqVSB7upsh0LIEU0FiEw6m60r2uiC6O1cs2No8/PiuvpAtM0bi9Zlk+WtnCubu3kpG92J2RxQXbkGQNP5eXLbpmyeYqSxezYE4dVVa9TxgrffiP511+vFcFDFzwAwunEDqoNrwvHYxg1CV1P35NDmUHxdXbUmW5tCXx6Vy3U50ZpMuA50hyHkx+bVFaPmNEZ2orF3Oxp7n0Vj73ZM7h5C7amNOPDdv8Huj14FTNZC377zfrLItxnJ5tMy8LpfF/fKYGTwFfRf+LPRvUld8mOuF2uGsFbFQKKF3K8OysnW6b2p/jH7OZuxaJ1oI/dtsTYqr2Y5bLhKv4MazYm9ET24+dzF4qlnTu5FsUf1cwq1t9WzntivUXJsDxuW1CojyvMpdIU21w3VUegWo8lnL6lb6Mv1Ct1RPuX2l3s9oUs+c8UtLoQs8xnyKp/xoDtEU2hTeS2+6/0sdEl9MPpMPouYjYDUNo62mVkzmDV1OiYTjc6V+jmQ1q3WLJXPVF7naFsbegyEEEIIIYQQQgghhBBCCCGEEEIIIYQQQppUCyfOwv01diDNWq+dnR1y780ErZxDjZuqdbqU16WTqXL6BOB84fiZFz+HMb0dyITiPWpDmzF293r0rb0eANC39jr0rS2cnmWhM9Asdq5tvQ/VVcX5ia33FU64vtBd21rcXzgFC3leGtYWV5KOpnaFpJNrtL46X3E+bW/pgFw4uTbGhjH+yLfQe9abAADV415aOOIaq1ifdG0tcH0L0L/2HRi9+1OlDq4Dl/86XLUnjq9MX8rZOWuVY7CNVfb2KQdb07mFruKSL1pvjjMR2pkXaj+rOVroUq3KqwnRPj8p3flxC13FfjaOulZfvi/Cc4pCr40+pctrXVE+hRbZPbU1pC4Xpz+tsc3zFestAko6IEM74rfbrykNKirxerG3pfZz+UaO85XSp95GUXjG4dkbx//E+6f054CMKpHXsP1km9jP8fswoVct5Nxsa9ufAiGEEEIIIYQQQgghhBBCCCGEEEIIIYSQJpXgvAkEN03kbebQGVoUvaVraMrZOf8unTxnzgFZ9Mi+T27bFERVB1er4fJ7ukWRdH1oM+Cajs7DN/1ycGwuxpB9N2H487+M0Y3r4VzT4Tln3oXXK90QunOsU7BaUxWoyQWMW2zeXX7MdbVmyXxqYsfYQkNjz1DoV5l/bMircr4VupRjrGHeJTcArgtKYO5w2t2D/vOvTd6ndLti90ROucJRVq6gXSCVoxLdah9nunIn2XzPN4eO92uUHNtDhBVt/2zM0BpdNq8hv9IV1+yQjhyQy5xyswBDKwOVYsxy2+2t9Zs5TUSpfKr3htSa0B3nNa1L6bN5DTEnHjjZIZlPsWZyLpPXfE9FKyBzlcin1a/2AvTYqbyG8FVe43SqvMrpha48n2oNZQxBd/ZMGV1ODZzOq5lN741EPvXjnsdo9uAcbSd3Fu9jQgghhBBCCCGEEEIIIYQQQgghhBBCCHmxUwViv8xw4LIv3sUXMkdT5QDqE56v3ji42vkSDrNlTqW5R6lysM1bD9S3bUJ15RpUV65B39rrMXr3+jBadXBNcHdWUpAVOA9tQv+66wHvQ/FzfWgzJobuw+TQZu146lxwiK4OrkHXytWqgLrvwuvRv6451+hd64UDdIm+yHm2CDDp4Gt0hxMl6xwOUgWOZkSZz65lp4VejQN7Qjyxq7LQJy/5Bhqje1GZtxiuux/zXnMDDnz378S0zc4Db/h/gEoVAFB/7lFUjz890hILEs6x6nK8/+CcXijhOBw5YCPeX6WOuV7PXPQTwZUhchTPp2Xo56dwZi8crmNdWr+ZT7ap58/oCs7WzmtJKXtlk6/UfE6FZTZmwoFeOXrbvNo9Z8PxeZbRdIxXQZp8RldTiUF6vjws2Hzm741cd5wvm8/Ygb9kPrlmEDrz94YzDvKRE71Xy5d0y07pV1M334fKAdsnHKFF4pXe5ENtv4uIvdGZ0G2fv+TPnTnY1vc8D0IIIYQQQgghhBBCCCGEEEIIIYQQQgghTaqALUjMWpe3WXGivJDfBOGymXt0hmJp3S+nfJ68QDIvlMuHyXpmrcvudFk/l1W3OQeM3f2PmP+2ZvFy39rrUB1cjfrQZlRXrlaOzmN3b2gOCaArc4Xuzq87h/q2zUFCz+B5wKrzAA/UhjaFQufRjRuw4JrmPQuv/SjGNm5oLuignmt044aiQDC5zomCVXHskrpD7XCxvLa42da/upL6Z+MzmuezeuxJ6Dn14tCrtvX+LB45KYp78iJDpy5g/9f/DAvf9gEAwLy178SB29cDjckin33z0HfOVSHo/V97P4551z/LIWJd8tCZ9fQuW2en92/Yx2LDQexb001tu3iZivnlLwDAFfl0MgE2r8U4Ydh284XhMl0o9KnjsuevRFe7/RPizm70Tv8igDf7tRAg5pNyonV2allsB6krqTt6P2kZkfuvLeRNPX/yFzucacNGt+NYXfly2P1lFtzkS+oK+UwVIJt8leXVtdyHWlfIK8RyluzDsI0jl2Xxc0DojxKfXS/yaubLaZtP+XOgeF+W5dW2ud4w+BF8vTGyB4QQQgghhBBCCCGEEEIIIYQQQgghhBBCmjQdoGVNX9KBNGu9KZQLBZA5ojKupCAR4lRu0mmdLqUVqXQyjRw/hbt0s0D5PozdvSE4PXo4eQMAACAASURBVOdu0JKxuzdgdON6VAfXoH/tdapYuR19yFydN67H6F3rMbpxfdM1GkDfuuui/qN3rUepA7ZHYdirPVlhHU2t7sglVa1zfiL7GuWzoOfU18D1H1MM4CqoLFqB7pe8At0nni/GaWD03k8hOOJaB2h5bPI98eh3MLl7CF2LB4Gubsy//D3Y/40/D7rnv+l/AJWuZt/H78DkvufM2HZVhb6sg3WUVY7BtuATXjv0JgrTk1pa7mdftCafWoTvYL68YFMEKJ4/qavIa357HGDSQdynh08I0zdInZB596ZfetlcuMfpHtK5OlGoq/R5H7qntkarvCZltshX4ZCsdavbo3nyguJ8Ocp1xRHZfNov8W2t8lp0i/ehvKHcATtesMLhucinc6JgXEbk7UY3eoUGtQ1akMxn6T4seQ5NW6zzkX29MbofhBBCCCGEEEIIIYQQQgghhBBCCCGEEEKaxA7QHTvm6raoSLMWnXrCjhyQRaFgcEDOW+WAnJcaFvOM3bMeY/esR98F14dCaACoD23C2D0bUBvahP51+tpU6V93PRwcRjeuR33rZnSvWhMKoHOH6AN3bcDk0KZmrJAO0JnOEqfg4GQKqVs6nppgzDoXDsgl+RT0nnM1es+5uq3eA7f9DRq7tjZz7+KximjzfGqGv/LHOOanPwYA6Fv9VozcdiP8xAFU5i1G78tfnwXewPBX/iTsrzB2fmj3V366UwfkyJlWX7bOsrr61BXrm3BATjpAy/2c0GOdgov5dCDSCdg6W6v8FguSni8/9ubYaX32+Us5ICd/AaLkeY/nK4vXab2RbrufYcZBSV7z90Z+3eTH5Cudz3gelO6ffJ/lw9sO+r0aOyCb4zbPe+GAnJ8278uyAmzl6G0up+bLD8PPgVyO+Xlgfl7YDVg8p/bnjnm81QIUK5J0xE/l04l8ynkwd1vUayCEEEIIIYQQQgghhBBCCCGEEEIIIYQQ0iR2gM7JK69KLyQKBqVDtCiUtHjZeiBy7PQ+7pn1k92V36gp4Ktt24TaFzapeetDm1BduUYVP4/d3SyKzguXi4G03urganQPnhcKnfvWXYfa0CbUtt4HD4+JrfeJdQHqWzeFw8IxN7ECbXS3crKN6gOhhynNZ4c09j2H4Zvfh/rQD/JywyyfOqfKOTZON+pD/4n69odRXXEmUOnC/Df9Loa/9IeYf+UfAK4CABh/6Fb4A3uAeYv12HK8xNhhCcNlIzTlvCsch4NvtIcoaLZ1rnJxZT7zq6JN7ecUeV0q5H6Otp3W5/NZXBFV0lFYtMaBN+HrjsJpXI4pV9Rny+aT+iNd5XJbO2CH2ZzQbRy9lS5TsZuwEFYO6tF7w2fLp/MV59MMW7IP7XLbvLqwZk6MYxzMI8d2OZk4lttcrIHKZ+ac3+696uNhIl2leY3yGf8csPmKndrzqWw+7Zf4+eoonz4aZU63hBBCCCGEEEIIIYQQQgghhBBCCCGEEEJSDtBo58ipLUiD82d+XOIUHTAFdXKedEFvdiLpBC0ck51H39rrUV25GtWVazoSP3b3BoxuXA+pKHKYzQKrD21GfWgzakObsOCaGwEgtGXUhzahNrQZY3et1wWgchmSjsEJx9MWulW8Ztmsw6pk4tFvYXLnU/q22hjqOx5FffvD8BMjyAtnwxo5F03mRMG4t5O45t3DX/5DLP7vnwXg0HvmGzF697+g59RXN/s06th/yweauqy7dEqXGV9dbuuAnRefumxbOXW5cLJFse1azhc7Bqs2VYAdxhEO33Y+E24xYVH8nOtrjiocsOVzavZz5ICNZDeoDSuev5QTtNq/asGKgtZonhCPXpYi0DyMDh2wo/dTWle5A3ZcqKv0OlnQm88nCnZLdM24AzasoHwcM1+Ip/X7JensHa4KB+zo54CdJ+8mfg6I5yvqmOudMQds/Z60zt66Untutq67B4QQQgghhBBCCCGEEEIIIYQQQgghhBBCmlQRnDizmrakA2nWelsoJwoCLVFho7kmvkcOl+K6dDJVTp9oFr/ljp8L3nojqoOdFT4DwNjd6zG6cQOQcGBVBYLwwsnVobb1vqaTdAdzVQfXNPt5j9GsCDrI8xCGtcUVpQ/GwTUUX4rjaH11vuJ8Fow/dAvGH789FBqWOU3bYW1VonICtvH4pqrJXc9g4smN6HnphYCr4Jh3/TPyKsbR+25CozaW3C6xK226UFUGqByDbayyt0/rTmop2eZAnrWs9eY4EyHzWczn4/la6LIFnUVeTYj2+Unpzo9b6GrGI24wutTMWT89n4+jT+nyWleUT6FFdk9tDanLGkSXamzzfMV6i4CSDsjhvZF2QC55wpQGFZUXx+a21H4u38hxvlL61NsoCs84PNtfAEi8f0p/DsioEnkN20+2qfdT9D5M6FULOTdb1zsPhBBCCCGEEEIIIYQQQgghhBBCCCGEEEKaVHPPzlBQZp06jaOsdXYO3sC28M7eHhUK5sPGhZ3yOO2ADOV02rf2elWQXN+2CfWhzcnCu7611xUBCl2Fpag+Lhyt88sOoxs3YME1zfnqQ9lciJehf11zrv4Lr0f34BoMf+6XiwLBEudZpxxzhcOznEDizOWEU67WZW936nKZg61yXrUuzdAOyPEkTX37b/5jLPm1rwGuEgb09QmMfOuvxPpWoluDbpGvyCkXhWOuCtjGanS1dyTWeVKFn+4QOCCbDlN3QFZyO3dALinUPXQOyOIFIY5T+dSO3vp2qzte59YFyB07IOfY+SLdLtNt3o8l79XYATku+FXY7T1FB+SgzxX67Ps5OV9+2ObngDM/L+wGTBUyp3QVj1PIhNIXjts8f83nNF04Pdfa6vzFIIQQQgghhBBCCCGEEEIIIYQQQgghhBDSpAoURWiq9i2vvArWnOaCKqhLOJ6KfmF8UTsZWg9Yh1nVmuvy0KFZ/Nx3QbPQuL5tE4Zv+uVysYNr0Idm39rQpriYOA9SFoAiLpCUHLhrPepDmxLjAKN3fQwLr/koqqvWoLpqDbpWrUZ966ZYn3UoFYO0LdxLFL7adQ4HpphRX8j0JvIZzRe5KvuiLVtTAI0DuzH+4C3oPfvKcGn0jn8EGg0VTeLW5MV86fSuaV3QW+xnmV/RDXp/hTHFhaDX65mLfiK4MkSO4vm0DP38tHAs94kdYipN0/unbB/qvHrntaSUvbLJV2o+65isNmbkWG4cvW1ey/acCFE5xqsgTT6jq6nEID1fHhZsPvP3Rq47zpfNZ+zAXzKfXDMInfl7wxkHeZ/Wp/dXWldpGOEXAYRer9+b9jlUepMPtf0uIvZGZ0K3ff6SP3fmYFs5ZikIIYQQQgghhBBCCCGEEEIIIYQQQgghhDSpAJFJZ7N1eeviC+Iml10PbeYFGlrn1Cfq4USrXFKdDCI7dNklV8Qm2P+FX2mGKz/Qn4CLble6IPSENterumfaIFrx/cDGDaHvvAuvT+gXa2zdcSH0Kt2ihxzC6pZ5FfcYwapN5VPFnE9g10DkM15Sl6vB/ls/CF8bA+DRGN2DA3f+k1rzeH3b5DOfMkztijYfQC6U3FOA1iX0yb2pchvtZ7E3EvsVMgaZARmzvU2EG+dTzab3hnw+1XNaLKB65lroKjRn2ZfPgnz2YeY0CYp62LDC2LlG+d7QuiLdcoPIxRSfkE+hX/3jirnk3DKfSnfYeIZIV6FP6zZzmidM6gr5TOiyD0Yqr/mzoNYUek6pq9AtJMmD1DYOewF6LLF2qbzmax+tgH3g2+ZTrBn02Km82lZKO9Kvdy8dBCGEEEIIIYQQQgghhBBCCCGEEEIIIYSQJk0HaOmQmXQgzVqvnZCbzp/SsjPvr2+zKGdLHztdSitS6WQaOX56j+rK1QCA+tCmyJ3ZTurtcXAJFTq9Po4cTb0PTrHN+Hwxb8K9tL71PtS3bkJ11ZogOOgO66M8WRE5uZrz0TxqnYWjrkcin4mFMfk0WY+7WwdoeZzKd3Ce9cDEGF740KVmm1iHXnlvOl7ZwTrKKsfgZD6FvsKYNtbbcp3lJaHP5FOL8B3Ml+9DEaB4/qSuIq/57XGASQdxnx4+IUzfIHVC5t2bfullc+Eep3tI5+qEY7fS533ontoarfJaup9L8lU4JGvd6vZontz5OF+Ocl1xRDaf9kt8W6u8Ft3ifShvKHfAjheseB8W+SzeG+ZvAPB2oxu9QoPaBi1I5rN0H5Y8h6Yt1vnIvl49/iQQQgghhBBCCCGEEEIIIYQQQgghhBBCCGkSO0BLi9bMoTO0AApH06ItHGNzH89WjrnW8VPMpexhs9mcaIPjZxFNdeUaAED92c3aPDTSpcsu4RDGFr30zU7oFbqdGElpFf8ULqVAfdtmAGgWQYfJRSt0m9kic9usKT4yXLlWpfm0xPm0jrLaMdcVY4o1UPmMphBrbHQrx1yhXN6qU5LPVuhzcqxO8pl0yi1ypvOpc9y83ayZzFpqPyeWQuVT5dWpc1JX4ZgL8SyYTW92SMoBWa5i4Ziba0TR5nql7oR+udx2gzp7Objy2nzGugrdIRqxcOZTmlcU512kPru9aNP5lBtOtKl8hn2W6zdrms+l8qn1qZxFC6r1F2smxpC6nZlb6g551VoUUT5dOC33gPobACLdLuiWutTPA5Ej/dJTs+lnvSyfIq8qR9Foc6vtGTwNhBBCCCGEEEIIIYQQQgghhBBCCCGEEEKaxA7QOdKoNXmh2UrnT+WUjMIx2RI5jFrHTu/jnlk/7XSacBO1bql2PnEtaRgdnFpL9FqHXQgH6NAPytE0XgOjq4XuVk62Lr9FTCuHSafNm0pHM6JxHNY+4JkDdm0sWoMwnwfgG4CrxI6miXxGDrOTNXHQSObTTG7yKzeu0JtwUgaEPt8smEw7YOt9Zh2QIwfoyIE2HTec7q7SKMMVUhAizqeIdgSifIaBbT7FKshuJl/BCdk6BqceoBLJdvslHbDDbE7oNo7eSpeD2iAJC2HloC7eG1J3qcN1yKcZtmQf2uW2eXVhzZwYxziYJx34c/T7pXg/F31UPjPn/Fbvl3h/pXWV5jXKZ/xzwOYrdmrPp7L5tF/i56ujfPpolDnZ9px0Fgg5Etnx/J7ZDoEQQgghhBBCCCGEEEIIIYQQQgghh5nlS4+Z7RAIaRZAJwtsXdEC5gKAvPouck315tjaipqCOjlPuqA3O+GarctbW8jrIK6Lk6KgTkXiynQbu1CzELFDceZkatfHidvVGjgzX6JgVZYcl+h2Xp634vRwcn1f+NBFpqPxGTWuq0U+C731rZvxwp+tC/M4UTDuHfDCBy8u6jNdUTidFxjLfIY20+UP7MbO968T+hO6UuHnl73TeY3sbWVihL7QLdctwms5nyn4d6ZNFWCHcYr8RfOZcIsJi+LnXF9z1Ky1D67Zzy7oNtOYba8qlkWegi7IX3AQ+7fk+YvmCfHoZSkCzcP4P+zdd3wc5Z0/8M9s0arLkiVbrhhcccMYXDEtxgUwEFowKYQkl1CSyyVwXO6XXNrdJSEQuBAC6eTC4cShF1PcAAMu2MY4BgwYCxvLvUhWb6ud3x+7M/O02V01S5Y+77zI7O6U5/nOMzMa7373u15c8d1oyXFb7oLK9ckclx63+Th04tbGU0pAFq4vPnHp7akHkDzQYlxy3M5uUgNytqO05/Yn+fXFNJ7C1SdxfdLbgdaOs5hw3RDOL73MdCJeW70eKs/9zj93P5uuh8J4GhKwT8ZpxogJsCLZICIiIiIiIiIiIiIiIiIiIiIiorgQ3EqciZw2YwXSxNRWE+X0isguLbFRmSc8VitdivPFSqZSpU8kkt/E7fhWWpbbcTYsV9T1KrBKCYKwhUquiQrIwpZsW6gAbZvjlvtlu8VJvYK1tjRPq2iq7iGxkqu2f+XxSjqebuKjkm9nCqMD4ylVDI4PnBu3Op62uBFDhWhjQqPSY6lisHJMSEvb5rj94vKjVgyWnscDl8bTa8/W20sSl5rQ6Y2r0kX1/DHF7TxPEpd3PHvjpcXrLJhYTm7P1ntvisuW49LGU4hFXNx0aIhxqQWifWNMcX7p8XodMlZAdq8b5grIPmeYFIPUK+Hyoq5mOp79D2R9vEzxSeet1j2lwrP6BQB1XP1Lfcu9M4yre/iJU8PxrF8PDfFKO/Lkm0ZOnwGinorf6CQiIiIiIiIiIiIiIiIiIiKi7hByana6CWVqpU6fCshq5Wctn09dXUsUdDarJ3aKz80VkGGszCsVVxXzDoV+yCt4cblz06iALFaBtiBUgFZ2l5sQqZUxdgIQplIlU7d1paK1sH+FTUmzDZVyTXHp4ykvlm5FYt8KyPCpgCxVlNXH09282p53wCS6r1TKdY5j3/E0x5W6IrE8TlLip1jRGuoOS/ShrRWQlQXaXgFZCjf9Csg+ibpdVwFZPg6d56bxlCt6y6urcev72RyXs2LaFZAdanta3FYibuX66HNd1SsgK9dHv/PdbU+8bqSugOzGZ3nxOe0YE8aV892vwr9a+dmvArkpkdkUl3c6uSMhxec+T3H+xc9Tc+L0yTTNmngOiIiIiIiIiIiIiIiIiIiIiIiIyBMCvCQ0KffNybxyS3MqM6SEOkPFU2E5d/tC7qQ7tQG1wqw0VeaLT6XcPGfbtuE1U3zGF6AngMKQ0Cttwja8Bm+32UhSmVqJ27BcysQ9Q+Krup/dJ9oK+tQ0nkkTMuGMSmJqI540anuvSxVapf7oHTXGJ85Un9rey7b7//4JvdLAQIjPWQzy8eVuU5ghVbSWOqauaDrA5FXM7clhyOdPkorltmFclUxT8/Hjdxyax9WLwXgwSI9N7akVk6Uz2VCxXKrorY4rlD6p3bGdUYZcYVzoYMoKyMr5Zb5uJLoFdTyd64YTtz5e6njqFdt92hP3GYQ4neuGpVSQt83xyceXOS7fbrhfBBDiteXrpnoeSvEaT2r1sdBjW4nTELd6/hn/7pxE02DJUERGTgERERERERERERERERERERERERF5QoCakOgV8IxP1dKdcmVPYwXQxCvicg7/dpwESSdRztlMYklT5U9x21aiF0kqJks9seBT8VSJT63oqlYUtoQK0GI+n7PbLHUdteKrIWFVeG6seOrsDqG7cnDy5szjKex4YQN+4+ku5dOOm2NpGE9LSZQXxzN5BWyf9sSnFuT9maoCtm9Fc3mxjlTANsWlZapbymZTteduTqmQnG4FbJ+4Uh0/cuVuoWJyWhWwhXac59p+tqTdkrQCtinudlbAljuonH/i8ZqsAra0HTUuZ3eox5eyw/0qYFvCeBriUsfLv7J5suMwVQVsrXvafnavF+5+Nl8321IBW5JyPMXrRuoK2OrUidfdeA+cnzNtAYiIiIiIiIiIiIiIiIiIiIiIiEgWrwAt5vQZK5AmpraSKOcmQDqEzDifhEQIL9mJ/1MrXopZyWIlU63ip7BcaPCZhkrLcqO2+tzpQJIEZK2iqW17SZCIJ8Da0g5Ug4HSL9uL290/tjRPq+SqvK61I+1n54XEwxTj6cYpJSonGT7TLlb641a+VuL3KurabtzqeIp5t8YEdTE+QIrLWDHYOJ4wtqPFm3Q/i7OU+NQjWqionLo95zgUOqiMl14p2Fld76Cxgrht3rwhMG28pHjFStHScubdZrnrWPISYuVqQ6KuFJ9ta8eXtCn4j6v/8WweL69Cshy3tLrWjpNQ7OwO/7j0HqnjqT7QV0s2rt5i+nEoruBfAVvfYd710BtP4xccnHGVOqLEK8QgHQZJGMfT9zj0OQ+Vqbefe+b87JmXgoiIiIiIiIiIiIiIiIiIiIiIiGR6Bei0K+bKUy8jTS3RKTeoV4BWEgKVREG3ArIzlSogW4ju24LQkKkIDZ2KrJn/JDQELd8uNORM93F46FSEh05NvYcMCXmhod52MoadhYxhZxlXsxLLhhLtNG74k7dTklZAFio+J0q6ehVPlYaU/exVQPYZT/iMq1rRW+yeqT0nTltI+AT0irlq4qexorfXjttLtdvq8eW8nG4FZOe4dSvTmttxty5ln1rCbtO/AGCsAC0ez+LuU9vTjlO5I2IlYLWytTS+3g4xt+c81/azHJ96/pkqIBu/AOFzvuvt+fXXkuPV4laPZyjbgc+4OtcNZ74yPsp4mcdTbwe+x496/qgLyOefXgFZeZ7ifPcqIDsvK9dLvwRsqaK3MtvUnvNUqwivXjfk64p6AHrnKZRxVU5vaQd4e8RYEd80npYwnmI7OLmmWWd+CuGBI0BEREREREREREREREREREREREQy6/hvZhlSfGFMINZnGBIG1WmyqsxJ2zEvpyayBYdMRd5VD6RYuWeouHem/mKq3aMmCkKZtnH/eStoM+Al7ArjC7EitJPQnKS9NvfH/2VjAqhpO8YtOE+VxE/1+IWYANrOCthpxOW3nG+F4pTnnxBfshRKpQKvoQ64F3+ybrclrmSrG45n45LGHaHGpWbs6ltMmfiaKq5OGE+5vTTOP+14NcSX6vwx7R6/fqcRl++4auOp/x3wj8sQXxv/XrT7eniSGHDb75A5dlqXbf+T3fv0JPZ2TqXH4mtIY/kkj9N57vdaqnnJ1klXR7aRlR3qcPtERERERERERERERERERERE1H4N9dHu7kIf17FErwDg5So5aTxW4v+cqTZDWNqy4gu6U+d1Yb70H4RpfEVvaiUac6ZiW4m247MSW7cstO7bguP3z0bjRqe6cs8T3bsF1Y993Y3PgjBNxONOAYhxWz5xW8J8dxPif8Lm5PG0vF1rGE95g5D7CshjmM54OscGxEQxS+6UkDSnHD3muMT/lPnePhPiNcTltO3GJ/bRkmOR/qccz0pvvW0Kcevj6u1795AXd4faXSl+C9LWLOHY0E5cp21v50ljJB6LTtzauCaWUuMS41PPUzEIdQm1W2KsYo+c8RTicqfiseItKMQtbE2Iyxy3EJ8TrxC3Np7OpqVxNexucSikVZRjWumRdI67cbu98WKTxtV7LB/PQlxifFDiU89Tt89KAKbDWDvMlH0GZZ9acp+U3shjJf0dMMct7TPTeJrG9SSZZk8+r0uTn4mIiIiIiIiIiIiIiIiIiIiIiE5mIcCGbcfTx2wAsG3YlhWfwoJUY9OWKztbcCp8GiSrxGnLj231ZWF+vHConagw6tQTTUxtO1Hx00bDhj+iYcMf/SM1lgg1TE9ABWTbidsSniTmSPEhEZ+6h2zhuW+F4EQDycYTagXk9lQkVl4zjKdzjNh2YqZlu3Fr4yluxEoSX5KKsnZix9rueBr3TnzzySoS2z6PtR7Z3tRWnscDl8bTa8/W20tRsVqM3xtXpYvq+WOK23me7AsUtrKCEpfUcmI5uT1b770pLluOSxtPIRZxcdOhIcZl6cNvjjHF+aXH63UoaQVku60VkOW4pLjFrgqrmY5n/wNZHy9TfNJ5q3XPi0v9O2CpI277nVhayMZxdQ8/cWo4nvXroSFeaUeeHNO8hTeCiIiIiIiIiIiIiIiIiIiIiIiIzEJO5U03oUytWmtbzoz4y06tTaX6rZbPp66uJQo6m9UTO8XnlqVMExuwbLmbTnsuMe9QCsMcl7sBZYOWG7cz25IW1xISLaU9Q6KgF4AwTewgK5H85u5dJ1AxLpESt21bif1smcdTHBiI4ykvJnVP2gFqe0oCpKU8VxM/3YFLtK6OpxqXtp+tRPe9+OL7OTH1HU9zXH5xy9nE3jhJ42lZekKvNF5eBq53/KRoT1lAjEsdV/l4VvutbE6MX+qP4fwTxssdT0v5woMNOcM4xfGjnT/Kceg8N42ndN3wPS7UdpT4fBKQTcercPVJXJ8Eanta3FYibuX66HNddccTXnzSc7/z3W1PvG5410n4jKsbn+XF57RjTBhXznc1Lq0KunpdVQ5AUyKzKS7vdHJHQorPfZ7i/Iufp+bE6Z48zTn3akRGTgERERERERERERERERERERERERGZhQAvCU3KfXMysdzSnMoMKaHOUPFUWM7dvpA76U5tQK0wK02V+eJTNVFQS+Dza0+ZL1ETQGFIkFTiVrfjtONVNLXh9d4Qn1qhVNhSysQ9Q+Krup/dJ9oK+tQ0nkkTMqHEZyOeNCrELVVolfqjd9QYnzhTfSrsftv9f/+EXmlgIMTnLAb9+FKPQ6mitdQxdUXTASavYm5PDkM+f7wR8Spc63HJ8SvtqftXPf+UuNRx9WIwHgzS42TnqROFlGVrqFguVfRWx9Vw/kndsZ1RhlxhXOhgygrIyvllvm4kugV1PJ3rhhO3Pl7qeOoV233aE/cZhDid64alVJC3zfHJx5c5Lt9uuNdDIV5bvm6q56EUr/GkVh8LPbaVOA1xq+ef8e9OD55aeYXod+U3QERERERERERERERERERERERERP5CgJqQ6BXwjE/V0p1yZU9jBdDEK+JyDv92nARJJ1HO2UxiSVPlT7FispXoRYqKyakrrCrxqRVdfeLWEgWdly2vnQ5VwJbi9nKHO7sCtt94ukv5tOPmWBrGU0sYF8YzeQVsn/bEp9p4pqiA7VvRXF6sIxWwTXFpmeqWstlU7bmbUyokp1sB2yeuVMePXLlbqJicVgVsoR3nubafLWm3JK2AbYq7nRWw5Q4q5594vCargC1tR43L2R3q8aXscL8K2JYwnoa41PHyr2ye7DhMVQFb6562n73robOY+brZlgrYkpTjKV43UlfAVqdOvO7Ge8D8wmtvRyCnAEREREREREREREREREREREREROQvXgFazOkzViBNTG0lUc5NgHQImXE+CYkQXrIT/6dWwBSzksVKplrFT6G6tFjx00gMQ2oveQKyVtFUqahrDEx57LYn7Wd4BXvFCqdQ4jTErbUj9cd5IfEwxXi6cUqJykmGL424bXU/u5VnEy+qFb2V8XTybrWK3mp8gBSXsWKwcTxhbEeLN+l+Fmcp8alHtFBROXV7znEodFAZL71SsLO63kFjBXHbvHlDYNp4SfGKlaKllaHGDwAAIABJREFU5cy7zXLXseQlxMrVhkRdKT7b1o4vaVPwH1f/49k8Xl6FZDluaXWtHSeh2Nkd/nHpPVLHU32gr5ZsXL3F9ONQXMG/Ara+w7zroTeexi84OOMqdUSJV4hBOgySMI6n73Hocx4qU28/d//83HOvRs6MS3yiJyIiIiIiIiIiIiIiIiIiIiIiIodeATrtirny1MtIU0t0yg2mVQFZSBR0KyA7U6kCspNqqLcjbU4JQ07IVDqqVGi1fOL2q4jqNu+24yROO2ElVkhaAVmo+Jwo6er2Sk0QVLrvVUD2GU93QWVc1crWYvdM7Tlx2kLCJ6BXzFUTP40Vvb123F6q3VaPL3c/p1kBWRxPIS6tIrG7YfGBJew2/QsAxgrQ4gEo7j61Pe34kTsiVgJWK1tL4+vtEHN7znNtP8vxqeefqQKy8QsQPue73p5ffy05Xi1u9XiGsh34jKtz3XDmK+OjjJd5PPV24Hv8qOePuoB8/ukVkJXnKc53rwKy87JyvfRLwJYqeiuzTe05T7WK8Op1Q76uqAegd55CGVfl9JZ2gLdHjBXxTeNpCeMptoOeO42cOhFFn/8eiIiIiIiIiIiIiIiIiIiIiIiIKDW9ArTDyczynWFIGBQrJQuJkipbnNqAVrHTtvUlE8uJi0v1Rk0JfLa2FXdTWljuOs6GfOJVE0DFDYqZkTaESrW2HJYaV5K4k1Wy1fIDIW/GPGzCwNrSDHgJu07HnXjd9ENjBWypcqwdTxIW4042nlriuCk+dbcpK8hbFw9c6Imf4sBAiM9GkgrYUrBQKyBrFaC1CrTmfsOSF5d2q9hdIRS4PXaaSJFaqVTgNdQBh1dpXNymuEdt47iazm2/kE3nqWVc3KlwLbQuVr6W4lJOeEMJYamCunbdsBO7Tx4vfTyVzfoch+ruVsfVcveZfP5JFcylyt5qw/L1xbs+e8tI45monJ/s+qIfX+a4fMdVG0/974A6XnqldqcpdTzVB/r5ldZ42tpWetw0kFeIoi/9J4iIiIiIiIiIiIiIiIiIiIiIiCg9egVopKrIKZcgdSt/Os/9KiY7lIQ6rTKzXyaosRK0UDFZmu9QM6KFduC1J8dtieFpO6KtFbBTt2dIWBVTjtOKW+ivstv0CqvqeMjj6V8B25mt7h+huzCMJ0wVg73xTLcCthSXSA2njRWw3fjcxZy4he4lbU+vGJy0AjbE8RIqfKvtKd31GvSSn5344lsVKmBLx6E8XloFbBgXkw9YYZxMlaCl49fn/NPacfsj7xavo0430qyArV2fzHH5V8DWE3WleC0xoddpT7i++MTV6RWwoQbkbEdpz+1P8uuLsbK3O1eogO1zvvtXwJbPL72keyLeTquALV8n1crecqZ2D5sGAij56p0IDxwBIiIiIiIiIiIiIiIiIiIiIiIiSk8IbiXORE6bsQJpYmqriXJCQqBKS2xU5gmP1YqY4nyxkqlU6RPx5DdTxU9jQ0JGnVRxVZ2qCYKwhUqu5grIUhuGuNX4nK56BWu9OVJ8UCq4usmXwnOtH/J4JR1PN/FRycszhdGB8ZQqBivjpY2nuBFDhWhjQqPSY6lisJoALy5tm+P2i8uPWjFYeh4PXBpPrz1bby9JXGpCpzeuShfV88cUt/M8SVze8SyfX1p8wnjJ7dl6701x2XJc2ngKsYiLmw4NMS6tIrxfjCnOLz1er0PGCsjudcNcAdnnDJNikHplC8+V1UzHs/+BrI+XKT7pvNW6p1R4Vr8AoI5rsuul2CvDuLqHnzg1HM/69dAQr7Qje9a05OZfIDJ2mrpbiIiIiIiIiIiIiIiIiIiIiIiIKImQU7PTTShTK3WmqoDslOJUE+/U1bVEQWezemKn+NxcARlapVO3MqhDzDuUwjDH5W6gKysgiwmCSSsgu613oAKyUiHXVAEZ4njKi6Vbkdi3ArIQt5T4KVWUNYynGpe2n61E95VKuc5x7Due5rhSVySWx8m3ojXUHZboQ1srICsLtL0CshRu+hWQfRJ1u64CsnwcOs9N4ylX9JZXV+PW93PyBOS0KyA71Pa0uK1E3Mr10ee6qldAVq6Pfue725543UhdAdmNz/Lic9oxJowr57tfhX+18rNfBXJTIrMpLu90ckdCis99nuL8i5+n5sTpbp9aFopvuQdZZ1wAIiIiIiIiIiIiIiIiIiIiIiIiapsQoNfLdJ9YiQdu1qEwQ0qoM1Q8FZZzty/kTrpTG9ArOAtTZb74VE0U1BL4/NpT5kvUBFAYEiSVuNXtOO14FU1teL03xKdWKBW2lDJxz5D4qu5n94m2gj41jWfShEwo8dmIJ40KcUsVWqX+6B01xifOVJ8Ku992/98/oVcaGAjxOYtBP77U41CqaC11TF3RdIDJq5jbk8OQz58kFcttw7gqmabm48fvODSPqxeD8WCQHic7T50opCxbQ8VyqaK3Oq6G80/qju2MMuQK40IHU1ZAVs4v83Uj0S2o4+lcN5y49fFSx1Ov2O7TnrjPIMTpXDcspYK8bY5PPr7Mcfl2w70eCvHa8nVTPQ/Vyvv+cakPfH4JQIlbPf+Mf3e6eRrIK0TxV+9EJis/ExERERERERERERERERERERERtUsIUBMSvQKe8alaulOu7GmsAJp4RVzO4d+OkyApZKLGNwivsqdS+VOsmGwlepGiYnLqCqtKfGpFV5+4tURB52XLa6dDFbCluL3c4c6ugO03nu5SPu24OZaG8dQSxoXxTF4B26c98ak2nikqYPtWNJcX60gFbFNcWqa6pWw2VXvu5pQKyelWwPaJK9XxI1fuFiomp1UBW2jHea7tZ0vaLUkrYJvibmcFbLmDyvknHq/JKmBL21HjcnaHenwpO9yvArYljKchLnW8/CubJzsOU1XA1rqn7WfveugsZr5utqUCtiTleIrXjdQVsNWpE6+78RMwP+O0Seh/448RGjgCRERERERERERERERERERERERE1D7xCtBiTp+xAmliaiuJcm4CpEPMhJWfiqSKmLZeIVPMShYrmWoVP4Xq0mLFTyMxDKm95AnIWkVTpaKuMTDlsduetJ/hFewVK5xCidMQt9aO1B/nhcTDFOPpxiklKicZvjTittX97FaeTbyoVvRWxtPJu9UqeqvxAVJcxorBxvGEsR0t3qT7WZylxKce0UJF5dTtOceh0EFlvPRKwc7qegeNFcRt8+YNgWnjJcUrVoqWljPvNstdx5KXECtXGxJ1pfhsWzu+pE3Bf1z9j2fzeHkVkuW4pdW1dpyEYmd3+Mel90gdT/WBvlqycfUW049DcQX/Ctj6DvOuh954Gr/g4Iyr1BElXiEG6TBIwjievsehz3moTL393PXzc8+9GkWf/17yIImIiIiIiIiIiIiIiIiIiIiIiCglvQJ02hVz5amXkaaW6JQbTKsCspAo6FZAdqZSBWQn1VBvR9qcEoackKl0VKnQavnE7VcR1W3ebcdJnHbCSqyQtAKyUPE5UdLV7ZWaIKh036uA7DOe7oLKuKqVrcXumdpz4rSFhE9Ar5irJn4aK3p77bi9VLutHl/ufk6zArI4nkJcWkVid8PiA0vYbfoXAIwVoMUDUNx9anva8SN3RKwErFa2lsbX2yHm9pzn2n6W41PPP1MFZOMXIHzOd709v/5acrxa3OrxDGU78BlX57rhzFfGRxkv83jq7cD3+FHPH3UB+fzTKyArz1Oc714FZOdl5Xrpl4AtVfRWZpvac55qFeHV64Z8XVEPQO88hTKuyukt7QBvjxgr4pvG0xLGU2wH3TO18gpReO1tyJlxKYiIiIiIiIiIiIiIiIiIiIiIiKjj9ArQDidzy3eGIWFQrJQsJEqqbHFqA1rFTtvWl0wsJy4u1Rs1JfDZ2lbcTWlhues4G/KJV00AFTcoZkbaECrV2nJYalxJ4k5WyVbLD4S8GfOwCQNrSzPgJew6HXfiddMPjRWwpcqxdjxJWIw72XhqieOm+NTdpqwgb108cKEnfooDAyE+G0kqYEvBQq2ArFWA1irQmvsNS15c2q1id4VQ4PbYaSJF6qVSgddQBxxepXFxm+IetY3jajq3/UI2naeWcXGnwrXQulj5WopLOeENJYSlCuradcNO7D55vPTxVDbrcxyqu1sdV8vdZ/L5J1UwN1Zsd8jXF+/67C0jjWeicn6y64t+fJnj8h1XbTz1vwPqeOmV2p2m1PFUH+jnV1rjaWtbOaHTnHOvRr8rv4FATgGI+oqWaBT7DxxNe/mhgwcgGAx0YY/arrqmDpXHawAApQP6IxIJd3OPTqzyfYcRi8UwoLgQWVmRpMvW1TXgaEUVgL65r4iIqP14z3Dyc+4ZwuEQBpcWp73e8epaVFXVAgCGDytVv3tLREQk4T0DdZbqmjp8svcQamrqMGhgfwwuLeFYEBH1IuI9Q15uNooK809o+4eOVKKxsQkAcMqw0q5v73AFGpuaEckIo3Rg/y5vj4iIiKin0itAI1VFTrkEqVv503nuVzHZoSTUaZWZ/TJBjZWghYrJ0nyHmhEttAOvPTluuWJpRytgp27PkLAqphynFbfQX2W36RVW1fGQx9O/ArYzW90/QndhGE+YKgZ745luBWwpLpEaThsrYLvxuYs5cQvdS9qeXjE4aQVsiOMlVPhW21O66zXoJT878cW3KlTAlo5Deby0CtgwLiYfsMI4mSpBS8evz/mnteP2R94tXkedbqRZAVu7Ppnj8q+ArSfqSvFaYkKv055wffGJq9MrYEMNyNmO0p7bn+TXF2Nlb3euUAHb53z3r4Atn196SfdEvJ1WAVu+TqqVveVM7RMzzZp8HvIW3ojIyCkg6msOH6nEz375f2kvf+cPb0G//Nwu7FHbvbFhG5596Q0AwLdvuQ5jRw3v5h6dWHf9aglaolEMHVyC7377iwgE1BsSz7btZfjL0hcBAN+6+TMYN/qUE9VNIiI6yfGe4eTn3DMU5Ofg5z+8Ne31nnnhdazf9C4A4Kf/cdMJ/1CaiIhOLrxnoI6IxWJ49JlXsH7TO2hqatHmZ2VGcNWi8zFn1hnaxzFERHRyEe8ZZk2biC8uvviEtv+XpS/g4937AQC/veeOLm/v3t8sRVV1HbIyI/ifn3yzy9sjIiIi6qlCcCtxOkUzTRVIE1NbTZQTEgJVWmKjMk94rFbMFOeLlUylSp+IJ7+ZKn4aGxIy6qSKq+pUTRCELVRyNVdAltowxK3G53TVK1jrzZHig1LB1U2+FJ5r/ZDHK+l4uomPSv6eKYwOjKdUMVgZL208xY0YKkQbExqVHksVg9UEeHFp2xy3X1x+1IrB0vN44NJ4eu3ZentJ4lITOr1xVbqonj+muJ3nSeLyjmf5/NLiE8ZLbs/We2+Ky5bj0sZTiEVc3HRoiHFpFeH9Ykxxfunxeh0yVkB2rxvmCsg+Z5gUg9QrW3iurGY6nv0PZH28TPFJ563WPaXCs/oFAHVck10vxV4ZxtU9/MSp4XjWr4eGeKUd2bXT7CkXIvfC65A5dpp/0EQkCQZ6VlUm8uzdfwRPLHsV115+YXd3hYiIiPcMvYjxF6WIiIg6Ce8Zep8nl61BayyG0pIinDvrjLTXq6mtx69+/zjK9x3yXaahsQlLHl+B1a9txje/dq37xazK4zVY9dpmAMCk00/rtC98tzcWIiIiIiIiIjILOTU73YQytVJnqgrIznei1cQ7dXUtUdDZrJ7YKT43V0CGVulU+2q2mHcohWGOyyspKj/v1ArIYoJg0grIbusdqICsVMg1VUCGOJ7yYulWJPatgCzELSV+ShVlDeOpxqXtZyvRfaVSrnMc+46nOa7UFYnlcfKtaA11hyX60NYKyMoCba+ALIWbfgVkn0TdrquALB+HznPTeMoVveXV1bj1/Zw8ATntCsgOtT0tbisRt3J99Lmu6hWQleuj3/nutideN1JXQHbjs7z4nHaMCePK+e5X4V+t/OxXgdyUyGyKyzud3JGQ4nOfpzj/4uepOXG6M6fBkqHImbYA2TMvRXjgCBCRZ+bZE5ImzwYCAWRlRU5gj6itVq/ZjHGjhmPS+JHd3RUiIurFeM9ARERE6eA9Q9+04pWNAIDhQwe2KWl46VOr3eTnIYNKMGfmZEwcdxqK+xfg0JFKfFJ+EM+8+DoqKqtx8HAFwuGQu27F8WqsXhNPgM4IhzotAbq9sRARERERERGRWQjQ62W6T6zEA9vSZ0gJdYaKp8Jy7vaF3El3agN6BWdhqswXn6qJgloCn197ynyJmgAKQ4KkErdeJVXYbbbTa2+qxadWKBW2lDJxz5D4qu5n94m2gj41jWfShEwo8dmIJ40KcUsVWqX+6B01xifOVJ8Ku992/98/oVcaGAjxOYtBP77U41CqaC11TF3RdIDJq5jbk8OQz58kFcttw7gqmabm48fvODSPqxeD8WCQHic7T50opCxbQ8VyqaK3Oq6G80/qju2MMuQK40IHU1ZAVs4v83Uj0S2o4+lcN5y49fFSx1Ov2O7TnrjPIMTpXDcspYK8bY5PPr7Mcfl2w70eCvHa8nVTPQ/Vyvv+cakPfH4JQIlbPf+Mf3c6YRo+dSIyT5+BrInnIDJyinkHERGyMiPIycnq7m5QB/3+L8/iP//fP6GwX153d4WIiHop3jMQERFROnjPQOmyAWx7dycAoLAgD//vW19AKBR055cOKELpgCJMO/N0vPLGFtTU1iEvN7ubektERERERERE7RUC1IREpRKpVmFWruxprACaeEVczuHfjpMgKWSixjcIr7KnUvlTrJhsJXqRomJy6gqrSnxqRVefuLVEQedly2unQxWwpbi93OHOroDtN57uUj7tuDmWhvHUEsaF8UxeAdunPfGpNp4pKmD7VjSXF+tIBWxTXFqmuqVsNlV77uaUCsnpVsD2iSvV8SNX7hYqJqdVAVtox3mu7WdL2i1JK2Cb4m5nBWy5g8r5Jx6vySpgS9tR43J2h3p8KTvcrwK2JYynIS51vPwrmyc7DlNVwNa6p+1n73roLGa+bralArYk5XiK143UFbDVqROvu3E3sR6wwhlAJBuh3EIE+5UgVDIUodIRyBg6BhkjJsCK8M1wohOhubkFu8sPoqS4HwoL9OTbg4eOob6hCQMHFCEnOzO9bba0oHzfYfQvKkC//NwO9a+urgF7DxzBkEElyO3CD2APHq5AbW09hg4egMzMjJTLNzW1YHf5AfTLz8WAkkLh70/7tESjuO93j+IHd3wJgXb8lLBt2zhaUYWKymrkZGehdECR9KFjMjW19dh/8ChOGVqqxR6LxbB3/xHYto3Bg4oRDoV8tuJp674kIqKTA+8Z4rr7nsEk2tqK3Z8cQGG/PPQvKuj07RMREbUF7xk8h45Uora2HiOGD0IwKP9bv6mpBeX7DyE3JxsDigsRCCS/R4jFbHxSfgDBYBCDS4vT/jd/LGZj34EjiEajKB3Qv1Ord5fvPYSWaBQAcPrYEb59CgQszD3vrA611ZH3PTrb8epaHD16HFbAwpBBJciM8L0PIiI/NbX1OHi4Av3yc1HcvyCtfxMfPFyB6po6DCktPqFfyqpvaET5vsMYOnhA2vcoDr4nTkRERL1dqODmdd3dByIiIiLq41av2YzHnn0FAPDtW67Dc8vXYufHe935OTlZuOmLV2DMyGF4bvlarFqzCU1NLe78s6eMww2LFyIjHHZf+8UDf3O3cdePbsX9f3jC/elTACgqzMd5s6dg4admpN3PWMzG48++jLe3fYTKqhr39cKCPEyeOAqfueJT7geHt//g16ira0A4FMI9//0NqW+ON9/ajj//9XkAwNWXXYB5F0wDAFTX1GHpk6vw3oe7pDhLBxThli9fhYElhdq21r75Dl5+/S3sO3DEfS0QCGDR/Nm4eN4s7ftOqYwdNRxZWRFsfecjHDxcgaVPrsZnr5mX9vof7tyDZ196A2W79mnzLjjnTFx12fnG8QoEAviP27+IX//xCVRUVrvzSwcU4favX4/MzAz84eHn8O77HyMWi7nzxf0nas++JCKinov3DD3vnsFk954DePSZl/Hx7v3ua1mZEVx9+QWdsHUiIqLUeM/g3TPcesc9iMViGDNyGObMnIwlj6+QYp0yaTRuuvHTOHrsOH7756ele4RIJIxbvnQlxo0+RWurbPc+PPPC69i5a5/07/Mpk0bjxusvkZJvxfH4t3/+HFa//hbe3rZDWm/q5DG44bqLkZmZgd17DuDO+x6R2tuz9xBuvv1uAPF7lwfvvt13v4q/YlW2ay9isVhaX+p+cdV6PPPiG8prG/Diqg0AgFGnDcW/fv16AOm/75FuLGW79+Hu+/8KAPj0pedpx9HGLdvx0JL42H71hstx1hlj3Xkf7tyDRx5bgSNHK6V1CvJz8JlPz5WWJSLqi8S/hZfOn42HlixDVXWdOz8SCeOfPn8ZJo0fqa2778ARPLlsDXbsLHe/XAPE/4171WXnY87MM5L+O/qu+5fg4937ff92fefHD6Kqug5Fhfn46X/cJM1bv+ldvLR6Aw4d8a7vRYX5uPnGTyeNl++JExERUV/S9hJuRERERESdrKnZexPu1394QvpQEohXQXrgT09gyWMr8PyKddKbdgCweesHeO6ltdJr4odod973iPShJABUVFbj6edfw6o1m9Pqow3g9w8/g5df3yJ9KAkAlVU1WLP2bTz40JOIxeIl7KefeTqAeAXlN9/abtzmilc2uo9nT58EAGhsbMad9z2CLdt2oKmpBeFQCJFI/EPNg4cr8OO7HsLBwxXSdt54cxv+79GX3A8pszIjCAQCiMViePalN/DQI8+lFaPqS9dfioL8HADAa+u3Ysu2HWmt9493d+J/fvN344eAAPDq2rfx2NOvSK854xWLxfCz//k/KfkZiMf+q98/jv/5zd+x7b2d0vgCwBPPvYrtH+6WXmvPviQiop6N9ww9855BdLSiCvc8sFRKfgaAhsYmPPLocry19cMOt0FERJQK7xm8ewan3zt37cNDS57XYt36zkf4y99ewE/vfVhKfgbi1aB/9fvHUVffKL2+d/9h3PPAUuwoK0csFkMkEnZ/mWnrOx/hh3f+Ea2t3v4Sx+OBh57EW1s/0P5dv2XbDvz1iRXa8u2Rl5uNQaXFAOLVrn9y78N474Nd7r7009iUXrtted8j3Vhamr2kOlv7+VogGm01Pq6qrsN9v3tMS3525v3h4WexbuM7afWBiKi3cv7m7PrkAP7nN3+Xkp+B+N+7B/70JI5WVEmvHzpcgTt/+Qje+2CXlPwMxP+Nu+SxFVj16qakbat/d1XRxN/LlhZ5+1vf/Qh/WfqilPwMxO837r7/r1oMDr4nTkRERH1N6t+JJiIiIiJqhzXrtmLD5vd858+ZORlXX6ZXAWyJRnHR+Wdj/oXTcfBwBR59ejX27j+CpqYWvL7hH8jLzcZNN16Bkv6FWPvmNjz7Urwyz+rX3jJuD4i/KTj3/LMx/4LpiETCeHvbDvzfo8sRi8Xw+LOvYOjgEmM1I9FjT6/G1nc+AhCvlPCVz1+GwaXFOHj4GP781+exd/8RvPfBLix5fDm+8JmFmHfBNLzyxhYAwKpXN+HcmWdI29u7/4j7weL0qePdn66758GlbvLv566Zj3NnxdfbvecA7nlgKVqiUfztiZX49i3XAQC2f7gbjzy6HAAwsKQQ375lMfoV5KK1NYa/LH0RG7dsx6a3P8BF50/DKcNKk8aoikTC+JebPoP/vPvPAIA//t9z+PG/fwUl/fslXW/C6aciHAphUGl/XDJvFk47ZTCysiJ49/2P8b9/e8Edy09fep7xJ/taYzHccN1CnDFxNN59/2MsfXIVGhqb3A+Xx4wchi9ctxCt0VY8t2Id3tr6AQBg+ctvYvzYEe522roviYioe/Ce4eS/Z3DYto2771/ifjB81pRxuOrS85Cfn4OPyvbiDw8/i4bGpnZtm4iIiPcM7btncMRiMeTlZuNrX7wCA0sKsW7jO3j6hdcBwN2v8y6YhvkXTse+A0fw2DOvYN+BI4jFYnhjwz+wIFGRuLqmDj+/bwlisRjCoRC+dctnMHLEEADxL1s98uhyVFXXYdWaTe46orq6BkwaPxLXXH4hIhlhrNv4jrvPN255H9d9ei5OHT4IP/y3LwMAfnzXQwDiFS//+avXAAAiGXr1a9XVi87Hgw89hVgshn0HjuD+PzyOQCCAcaOHY8LYU3Hm5DEoKsyX1rno/LMx8+wJ2LP3kFtJe/rU03HxRbMAALk5WQDa9r5HZ8SSzN+eXOkm9n3umvmYOW0CQsGgW7F0+4e7ccbE0R1qg4iot2iJRhEOhXDD4oWYMO5U7PrkAJ56fg327o///Vz+8pv43DXzAQA1tfX46S8fdv99O3v6JFwybxb65edi34EjeHHVBmx996MuqbJ/5Gj8VxkcV156Hs6ZMRmBgIWNb23H0qdW+67L98SJiIior2EFaCIiIiLqErFYDA2NTb7/HauoNq5XWJCHay6/EPl5ORgzchi+8vnLpPmfvWYeRp06FAX5Obhk3iyMGTnMba+mtt64zbOmjMO1l1+IgvwcZEYyMGvaRNx4/cXufL/KSaL1m+IfBoZDIfy/b92AYUMGIBgMYMigEnznXz7vVjra+Nb7AOIfZjnJuIeOVOKT8oPS9lYKlSEWzo1/IFh5vMZN8h0yqMR9cxIARgwfhOlnxas9fbhzj1t9aa1Qxef6q+ahX0EuACAYDODaKy50561ZtzVljCaDS4txw3ULAcT38a9+/ziira1J1wkFg7jzh7fgu9++AVMmjkZ+Xg7CoRDOnDQGZ08Z5y53yKfSxMyzJ2D29EnIyc7EjLPG47IF50jzb/riFSjp3w+lA/vjK5+71N33Bw8fc5dpz74kIqLuwXuG3nHPAAAHDh1zq1CNGFaKr37hMvQvKkA4FML4sSNw262L271tIiIi3jO0/Z5BtfiqizD6tKHIz8vBwrkzMWHcqe68osJh3rASAAAgAElEQVR8XH3ZBcjLzca40afgi4u9eA4c8v69/e77H7vJYBfMOdNNfgaAOTMmu0nFr77xtrEPw4YMxNe/chUGlhSiX0EuLpk3C8OHDnTnHz5aiYyMMAYN7I9BA/u7r+fmZLmvqYnLJhNPPw0//vevYMigEve1WCyG7R/uxmPPvoLv/vfv8MM7/yj9akVebjYGDeyP4v4F7mv9iwrcdvNyswG07X2PzoglmaPHjgMAAoEAzpkxGeFQCJZlYejgAfjm167Fz75/s/HL50REfdU3vno1pp15OrKzMjFh3Km47sqL3HniLyFs/3C3W735rCnjcMN1C1FcVIBQKIhThpXi5i99Gv/9va91+Dpusm17mfv40nmzsOBTM5Cbk4XsrExcMGeq7xe0+J44ERER9UVMgCYiIiKiLjGotBjXXn6h73/nzTrDuN5ZU+SKCQNLiqTn4odzQDxB13G8qta4zXnnn629Nu3M090PEz/ebf7JUkd1TZ1brXDm2RPcn4xzhEMhnDd7CoB4FQnnp/IWzp3pLrP6Ne8ncBubmrHp7fgHmKcOH+TG8JHwk7xTJo5CRWW19N+oU4e68w8fiScP7/y4HED8g66S4n7S8i0tUZQUFwKQk4Pbavb0SZh2ZvwDvCNHK7HksRUp1xE/XIvFYqhvaERVdR2GDh7gvq7+pKBD/LAQkMd46OAS5CQqLgHxuPv1ywMA1NQ2uK+3Z18SEVH34D1D77ln+PgTL4FogSHxatiQASgdUKS9TkRElA7eM7T9nkE1cdxp0nNxOfXf4uLfbHE/7Cgrdx9PGj9Suw9xKl9XVtUY+3DebH2cJk8Y5T6uOG5erz1K+vfD9//1RvzXd7+KyxfOwQjlVy4OHanEXfcvwVPPv9bmbXfkfY/ONH3qeLcPv3jgr9j2Xhkam5rd+YWJ90yIiAjIyoxg7Kjh0msjRwxGIBBPm6ms9P4Gfbhzj/t40fzZxu0VFxUYX++osl3efcRF50/T5p9/zhTjenxPnIiIiPqiUHd3gIiIiIh6p3GjhmOu4QPBVMaPlT94DAQs9/HQwSXICCsfCoa9W1rnJz9VA0oKtdcsy0JxcT8cOHgUh45UIhaLuW90qsqEDy4H+iTtDBTa2PnxXhQXFWDMyGEoLirA0YoqbN76IT57zXxkRjKw9s133L5eMm+Wu95HH3sfIj6/cj2eX7ne2BYAHDlWhdIB/d0qi7FYDN/7ye99lz/WwQ/dblh8Mcp270dFZTXWb3oXp49J/lO+O3ftxQsr12PXJwd8f+reb7zGjZbfhBbHWD0+ACAjrP+zpq378tRTBvvOJyKirsV7ht5zzyBWUFSTyxylA/rjoM+vQBARESXDe4a23zOIBpUWa4nWGRnec6e6tCMszBP3w04huereB5ca23LU1Na7VZMdJf37acs5v0yhttVZSvr3wyXzZuGSebMQbW3Fjp3lWP3aZrz3wS4AwPKX38SF505Fv/zcFFvydOR9j840e/okLH9lI+rqGvDx7v148KEnAcST8hbOnYnZ0ydJxzwRUV/Wv0iv1hwIBBDJCKOhsQkx27tui8nEAw1/97vSrsSXi8OhELKyItr8jHAYkUjYrVDt4HviRERE1BcxAZqIiIiIepRg0P9HSvw+OEwlFrNTLmMnWSRgBYTlzAvGhNeDwaD7eOHcmXjkseWIxWJYu2Eb5p5/NlYlfpY2LzcbE8ePdJdtbfXeYJ08YRQK8nN8+zSwpFBqMycnC1Mnj/FdPj/Pf1vpCIdC+JevXYsf3/1nxGIx/O/fXsRFPh88v/fBLtz/h8elvg4dMhDZmREcq6zC9g93J20r2TgnOz5Ebd2XRER08uE9Q1xPumcQk6ii0VbjMq0nIBGIiIhI1JfvGUQhYRsmwSTzxb6I9yHn+lTddjgVsUWWZUjGTb07O00oGMT4sSMwfuwIPPPi63hx1QYAwKYt72PeBXqVTZOOvu/RHn7HXG5OFu7+0dexbtM7eGHlelRUVgOIV59+5LHleG75G/jJ925CKJR8/ImI+gLLSv/vvn2C/u0aa9XbCSW+jNXWfz/zPXEiIiLqi5gATURERES93sFDxzDqtKHSa7Zt4+jR4wCAkuLCpB+Ijjx1iPv4wCHzz8KLlQxHneYtP/PsCfj7U6vREo1i1ZrNGDZ0oPszsAvnzoT4sd+QQSXu4+lTT9d+ftYkHAqhJRpFRiiEz10zP+XyHTFwQBFuvP4SPLRkGWKxGFa8stG43No3t7mP//Xr10v7/rV1W7vkg0BVe/YlERER7xk6ZuSIwXj1jS0AgL37D2P40IHaMqz+TEREvcHJcs/QFQYPKnbbu+Lic5Gbk9XFLcY1NTV3+jbHjT7FTYA+lkgcBgBL2IuNjXq7HX3fwxRLQDheqqpqtfmHjvjfQwUCFubMmIw5MyajsbEZ7324Cy+uWo+9+4+gqroOW7Z9iOlTxyftExERyUaPHIajiV9I2n/wGIYOLkmxhpnzZatYLIbGxmZkZma481pbY8ZfERh16hAcORr/NYnKqhoUFuRJ8xubmrXqzwDfEyciIqK+qX1fbSciIiIiOom8uHqD9tqGze+hJRoFEE/WSSY3J8v9ydYNm99DQ4P8pmRTUwvWboh/+BWJhKU3JEOhIC6YcyYAoLKqBr956CkA8Tc+z505WdrOiGGl7uPnV643FkBqbGrGQeHDUeeN18qqGrz7/sfG/u/ecyBpfG0xferpmD19UtJldn3itTdsiJz49OaW7Z3Wl2Tasy+JiIh4z9Cxe4bThJ/PfWHleq2i5c5de3HkaGWH2iAiIuoJTpZ7hq4wYvgg9/ELK9cZlzly7Dhq6xo6pb2cRIL1oSOVaW8z2tqKO374AJ5ctgbNzXqCmGPdxnfdx2dOGu0+7leQ6z7+x3s7tfXa+75Hslj6F+a7j7dtL5PmNbe04I0N22Cyd/9h6fjJzMzAWWeMxR3f+JzXp7dOzHsxRES9yWjhyy1PPb/GuMzOXXtTbqekf4H7+L0Pd0nz1qx927jOyBHeF5+WLV+rzV/pU5iE74kTERFRX8QEaCIiIiLqEoePVuK9D3Yl/S/aav5p9M723ge78KdHnkP5vsM4cuw4Vq/ZjL8sfdGdnyqhFwA+de5UAPFKDf9595+x/cPdqKyqwQcffYL/+sWf3Q85P3XuWdq6c88/233sVHQ4b/YU6WfigXgFqLGjhgMADhw8il/8+q8o270PtXUNKN93GCtf3YQ7fvAAfvu/T7vrLL7qIvfxgw89hZdfewvHKqpwvKoW732wC7/83aO4875HfBOd2uOz18xDSbH/T+SNHT3cffz3p1fjeHUt6hsaseTxFSjbta/T+pFMe/YlERF1D94zeE72e4b+RQXuB65HK6rw8/seQdnufaiorMb6Te/ivt8+1u5tExER8Z7Bk+49Q1eYf8F0RCLxdl5+fQv++vhK7D94FDW19di5ay+WPrUa3//pH3yTo9tqSGmx+/gvS1/E7j0HUo7zGxu2oaa2Hite2Yg7fvQAnnjuVazf9C527zmAfQeOYOu7H+GXv30Ub771HoB48vjo04a56xcW5rsVOysqq/HMi6+jorIara0xAO1/3yNZLIX95DYf/vtLKNu1D9s/3I2f3PMXY4VQAHjgj0/i9h/8Gi+sXI9Pyg+iqakFRyuq8Lyw/4uE5GoiIkrPpPEjkZUZARD/u3//Hx7Hzo/34six43j7nR34yb0P4xe//hsOpfiVo2HCLyM9+vRqvL7+HyjfdxjPLV+LR5952bjO5Akj3b+1a998B0seX4F9B47g4OEKPPPi63h+5XrjenxPnIiIiPqiUHd3gIiIiIh6J+fDx2Tu/OEt6Jefm3SZzjBkUAk2vf0BNr39gTbvs1fPw5iRwwxryS6+aBaqa+rxyhtbUFlVg1/9Xk/gmT19Eq64+Fzt9X75uZg0fiTeESr4zL9gmrGdGz97CX5678Ooqa1H2a59uPv+v2rLHD56HDW19cjLzcYpw0qxaME5WLZ8LWKxGB595mXjG6fv7/gEE08/LWWc6QgFg/iXm67FD372R8RiMW3+hXOmYuOW9xGLxbBu4ztYt/Edd14kEjb+PF9XaOu+JCKi7sF7Bk9vuGf4l5s+gx/d9SdUVddhd/lBrV+FBXmorKpp9/aJiKjv4j2Dpy33DJ0tEgnjazdcgQf+9CRisRheW78Vr63fqi23/cPdndLeVYvOx533PQIAeGd7mRvzj77zFZQOKDKuc/roUzBm5DDsKCtHU1MLVr66yXf7WZkR3PLlKxEIWO5rFoDLL56Dp59/DQDw4qoNeHHVBoRDIdz/82+3+32PVLEsmj8bz770BgBo283KjGhJ0BWV1e591bMvveGuq8Z31aXn+8ZPRERmebnZ+PdvfQH//Yv/RUs06nsfsn3Hbgz0+XsEAJ+acxZeWLEeLdEoqqrrsOTxFe68cCjkfuFJlJ+Xg9tvvR533vcIYrEYXl//D7y+/h/u/KzMCKLRVuO6fE+ciIiI+hpWgCYiIiKiThMMBtu2fEC/HQ0G9decCjihUNu277jjG5/F5AmjEA553/87dfggfP4zC3De7Cn+/VP6ct2Vc3Ht5RfitBGD3T4FAgGcOnwQrrz0PHzhuoW+25o9faL7ePzYEb7VdwoL8vCz79+MeRdMc38a1ZGVGcGcmZNx149uld6cXDR/Nr7zzc9h2JCBbr+cvg0ZVIJbvnQlrr3iQt++mZjGQVRcVICv3nCZ1JbjlGGl+O63b8AgobJROBTC1MljcdMXPy204Y1nKMmxI/Yl2XKq9uxLIiI6MXjP0JvuGeR9nZUVwXe++XnMnj5J6lfpgCLc+uWrMOH0U9u0fSIi6tt4z9DxewZnu0EhwdcREvpj2nd+Jow7FT/9/k3aPgDi9yhXX3YBvv+vXzKum+r9BnXMRwwfhG9+7VotvkiSatcDBxThtlsX49u3XIexo4Zr/+4PBAIYWFKIc2ZMwk/+42vGhPUFF07HtZdf6FbgBICMxOP2vO+RTiwXXzQTV1xyrnSflpUZwdzzzsZXPr9I62NRYT7u+tGtmD19klulVDR+7Ajc8c+fRVaWPo+IqLcRr7nq35pkfwv9tgEAA0sK8d3bbsDMsyegsCBP2t6QQSX45teuxYVz4r/o4Pe+dSQSxvdu/yKGDi6RXh86uAT/9s3P+X6ZZ/jQgfjWzZ/BpPEjpXuE00YMxndvuwF5eeb3tPmeOBEREfU1lm3bdnd3goiIiE6sT3bvg2XF3+jp6FR6LL6GNJZP8jid536vpZqXbJ10dWQbWdn8EY4T4a77l+Dj3fsBAL+95w739eqaOmRnZbb7Q05HLGajuqYO+Xk5UpUgPw8teR4bt2wHAPzr16/HqNOGptVOSzSKiopqFPbLS/unbI9X1yLWGusRP3EabW1F5fEaFPfvh46feR3Tnn1JRES9H+8Zuvaeoaa2HpFIGBlh/u0lIqKTW2+5Z+gKDQ1NqK1rQP+ifCl5t7M1t7SgoqIaGRlhFBbmt+l9hljMRsXxagQsq83r1tU3orqmDrk5WVrCWHvf90gVS3VNHVpjMSnhLpXW1hhqausBAAX5OZ3yHigREXnq6hvREo2iID+3Xe91R1tbcayiGv0L89t032DbNqpq6lCQ1/ZrO98TJyIiSq2hXv9VBTqROpa+zOwbIiIiIupT8vNyOmU7gYCFfgXp/axubV2D+6FkSXFhmz6UDIdCSX9Cz+RE/NxvukLBIEr69+vubgBo374kIqK+i/cMnYNVpYiIqLc72e4ZukJWVuSEVBnOCIdROrB/u9YNBCwUFxW0a92c7EzkZGca57X3fY9UsbTnuAoGA2kfQ0RE1HZ+fwvSFQoGMbCksM3rWZbV7n+/8z1xIiIi6u267mvYREREREQEAFj92mb38cVzZ3RjT4iIiKgn4z0DERERpYP3DERERERERERETIAmIiIiIupS0dZWrHo1/sFkOBTCjLMmdHOPiIiIqCfiPQMRERGlg/cMRERERERERERxoe7uQE+wbPla7Cgrx46ycuP8MSOHYdGCczBm5LAT3DMiIiIiaq/FV16EI8eOd3c3YMHCjZ+9BADQvzAfwSC/g0hERNST8J6BiIiI0sF7BiIiIiIiIiKinsWybdvu7k50lx1l5bj3waVpL89EaCIi6i0+2b0PlmUBQIen0mPxNaSxfJLH6Tz3ey3VvGTrpKsj28jK5nfQiIiIiIiIiIiIiIiIiIiIiLpTQ320u7vQx3UsfblPfy182fK1bVq+rQnTRERERERERERERERERERERERERERE1Ln6bPnBZcvXYkdZufTaovmzteV2lJVryy1bvhaLFpzTpf0jIiIiIiIiIiIiIiIiIiIiIiIiIiIiXZ9NgBaTmseMHIbbbl2cdPmbb7/bfbxsxTomQBMREREREREREREREREREREREREREXWDQHd3oLuICdDpJDObqkMTERERERERERERERERERERERERERHRidVnE6BFY0YOS7kMKz4TERERERERERERERERERERERERERF1v1B3d6C73HbrYuzYuadd64wZNbyLekVERERERERERERERERERERERERERETJWLZt293dCSIiIjqxPtm9D5ZlAUCHp9Jj8TWksXySx+k893st1bxk66SrI9vIyu6z30EjIiIiIiIiIiIiIiIiIiIi6hEa6qPd3YU+rmPpy4FO6gURERERERERERERERERERERERERERFRl2MCNBEREREREREREREREREREREREREREZ00eu3vr+8oK8eOnXu8x2XlXdremJHDAACLFpwjPe9pXli5Hs0tLbAsCws+NQOZkYzu7hIREREREREREREREREREREREREREVHaemUC9LLla7FsxboT2qaTYH3vg0sBxBOgb7t18QntQzqWrViHWCwGADhz0hgMHzqwm3tERERERERERERERERERERERERERESUvl6VAN0dic9+dpSV4+bb78Ztty7usdWgiYiIiIiIiIiIiIiIiIiIiIiIiIiITja9JgF6R1m5Mfl5zMhhJyQB2akA7Uwd9z64FIvmz8aiBed0eR+IiIiIiIiIiIiIiIiIiIiIiIiIiIh6u16TAH3vg0ul592VdLyjrBzLlq+VEqGXrVjHBGgiIiIiIiIiIiIiIiIiIiIiIiIiIqJOEOjuDnSGnpL8DMQrTt9262Ismj9ben3Z8rXd0h8iIiIiIiIiIiIiIiIiIiIiIiIiIqLe5KSvAL2jrFyqtjxm5LAeUW3Z6cOyFevc6ZhRwzFm5LDu7FaHxWIxbHr7A7y+4R84dLgCzS0tGDywGCOGD8LFF81Efl6Ocb1otBXrN72Ljz4ux/6DR3GsohoZGSEMGliMMyeNxnnnnAkrsezBQ8ew6rXNAICAFcB1V85FMGjO1a+orMYLq9YDAPJys3HFxed2uK9ERER0Ytm2jebmKFpaomhpbUVrawyxWAy2DQB2d3ePiIiogyxYFhAIBBAMBhAOBhEOh5CREYJlWalXJxfvGYiIqHfjPUNn4T0DERH1brxn6Cy8ZyAiot6N9wzUN5z0CdCqnpD87Fi04Bw3ARoAduzcc1InQMdiMfzyt49KCecAsGvPAezacwBvbNiGm7/0aUwYd6o0/4WV6/Hiqg1oiUal1xsam1BVXYcPPvoEr63/B7777RsQDAZQ2C8f6za+i1gsBgAYddpQTJ96urFPK1/dhDc2bAMATBo/ssN9JSIiohOnqbkFjY3NaGxqAd9MJCKi3suGbQOtra1obW1FM1qABgCwkBkJIzMzA5GMcHd3skfjPQMREfUNvGfoKN4zEBFR38B7ho7iPQMREfUNvGegvuGkT4Betnyt+3jMyGE9LsF4zMhhWhLuycgG8PuHn3VjCQQCmD71dORkZ+Hj3fuwa88BtESjeOBPT+LnP7wFebnZ7rrb3tvpJj8HAgEMHFCEkv79cKyiCvsOHAEA7DtwBCtf3YiFc2ciEgnj3FlnYM3atwHEk5xNCdDRaKub/AwAl1w0s8N9JSIioq7X1NyC+vpGNLd4X47KCIeRkRFCKBREKBhEIGDxm6dERNRr2LaNWMxGtLUV0WgrmpujaG5pQWNTMxqbmpERDiE7O5NvNip4z0BERH0N7xnah/cMRETU1/CeoX14z0BERH0N7xmoLzjpE6A7246ycuzYuQc7ysqxaME5HU6oFhOgT+ZE6JdWrcfWdz4CAOTkZOH7t9+IfgW57vwXVq7Hsy+9gVgshqeefw03XLfQnbfwopn4+5OrcemC2Zh19kQEgwF33uo1m/HYs6/EH7/2FhbOjScxz7tgmpsAXb7vEA4erkDpgCKpTxu3bHcTq0sHFOHUUwZ3uK9ERETUdWK2jdraBjQ0NgEAgoEAsrIiyMrMQCAQSLE2ERHRycuyLASDFoLBACIZYeRkx3+5qKGxGQ0NTWhuiaK5qhZZmRHk5mYh0Mc/aOM9AxER9VW8Z2gb3jMQEVFfxXuGtuE9AxER9VW8Z6C+4KS/mxOTiv2SlZctX4t7H1yaVgLysuVrsWzFOuwoK8e9Dy7ttH4CJ3cC9KrX3nIff/7a+VJCMQAsnDsTOTlZAIC3t+2Q5k2ZOBo/+8HNmDNjspT8DAAXnnuW+7imtt79gZniogKMG32KO2/1ms1an1a8stF9fMm8WZ3SVyIiIuoazc1RVFTUoKGxCRYs5OZkobh/AXKyM/kGIxER9UmBQAA52Zko7l+A3JwsWLDQ0NiEiooaNDdHU2+gl+I9AxERkYz3DGa8ZyAiIpLxnsGM9wxEREQy3jNQb9Pr7+h2lJW7Cc07du5Ja3mSVVbVoK6uwX1+2ilDUFffKP3X0NiEEcNKAQANjU2IRluTbtMG0BKNorGpCZGIV0a/urrOfbxw7gz38dqN77jVngGgfN9hHDxcAQCIRMI4e8q4LusrERERdUxjUzMqq2rQGmtFJCOM/kX5yMnO7O5uERER9Rg52ZnoX5SPSEYYrbFWVFbVoLGpubu7dcLxnoGIiCg53jPE8Z6BiIgoOd4zxPGegYiIKDneM1BvEOruDnQ1Mel52Yp1WLTgnKTLL5o/G8tWrHMfp2vZ8rUYM2q4VoV60YJz4snXZeVt2l5PUllZIz3/zo8fTLnO0WPHUTqwv/t823tlWLfxHezZdwjHq2oRi8WM64mvjxt9CgoL8lBZVYNYLIY339qOOTMmAwBWvrrJXe6i86e5387sjL4SERFR52lsakZV4gtO2VmZyMvN6uYeERER9UzBYAD9CnJRU9uA+obG+N/PfCAzktHdXTsheM9ARESUHt4z8J6BiIgoHbxn4D0DERFROvr6PQOd/Hp9AvSYUcOBREIzEK/wrCYpixYtOCe+DpB0OZFTZRor1mHR/NlakvVtty5uR897DjVZubAgL+U6wVDQffzQkuexcct2aX44FEJ2dgTBYBAVldW+21k4dwb+9uQqAMDKVzZizozJaGxsxuatH7jLfGrO1E7rKxEREXWe5uao+wZjbnYWcnJYWYGIiCiVvNwsBCwLtfUNqKquQ6AggIyM3v32De8ZiIiI2o73DLxnICIiSgfvGXjPQERElI6+eM9AvUOvP0rVJOYdO/ekTGxON/HZsWz5Wm/7ZeVtWvdkMHBAkfT8v773VYSC6SUN19Y1SMnPly+cg3NnnYG83Gz3tVvvuMe3IvSs6RPx96dfRiwWw6EjlSjfdwgf7ix3l58+9XTk5Hjf1uxIX4mIiKjzxGwb1TX1AOLVFfgGIxERUfpycjIRs23UNzSiuqYeRUV5CFhWd3erS/CegYiIqP14z0BERETp4D0DERERpaMv3TNQ7xHo7g6caMuEatBdpbclQeflZiMc8nLl33t/V9rrvv3ODvfxoNJiXDJvlpT8XHm8xjf5GQAywmGcP3uK+3zlq5ux8tWN7vOFc2d2Wl+JiIio89TWNqA11opIRpg/LUdERNQOeblZiGSE0RprRW1tQ3d3p8vwnoGIiKhjeM9ARERE6eA9AxEREaWjr9wzUO/R6ytAA8Ci+bOlxOd7H1yKRQvOaXOlZyex2Vlv2fK1WkL1jrJy3PvgUowZOQy33brYuN7J6IyJo7B56wcAgIcffQk/GvFlKZEZAGpq6/HEc6/i3JlnYOSpQwAAkYywO//Q4Qo0t7QgI+y99tcnVqZse94F0/DKG1sAQKomPWJYKQaXFndaX4mIiKhzNDW3oKGxCRYs7W8wERERpS8vNxvNFdVoaGxCJBKW/o3dG/CegYiIqHPwnoGIiKh9bBtobW1FtLUVsdYYYrYNO2bD7qb+WACsgIWAZSEQDCAUDCIYDKKzCi/ynoGIiKh9eM/Qu+4ZqHfpGwnQC84B4FV/FpOU002EvvfBpVIic6oqzzvKynHz7XdLydeL5s92+9IT/O2JlcjOTv6TL7OmTcTZU8bh+qvn4R/v7kRLNIq6ugZ858e/wYXnTsWQ0mI0NDThk72HsHnrB4jFYjheXYtv3fQZAMDE009ztxWLxXDXr5ZgzswzkJ+Xg1VrNuHj3ftT9rOoMB/jx47A9g93S69ffNEs4/Lt7SsRERF1jvr6RgDxn8gJBvvcD44QERF1mmAwgJycTNTWNaC+vrHXvcnIewYiIqLOwXsGIiKitolGW9HSEkVLtLW7uyKxAdgxGzHYQGsMzYgCAMKhIMLhEEKhYIe2z3sGIiKituE9Q++8Z6DepU8kQAPxJOgdZeVS4rKTCK0yJUar66VLrBC9bMW6HpUAvWvPgZTLDB08AGdPGYec7Ezc8uUr8bu/PI2mphbEYjGsXrPZuE5zc4v7ODsrE5fOm4XnV64HAOzdfwRLn1zlzi8qzEddfQOamlq07YguvmiWlACdl5uNyRNHGZdtb1+JiIio45qaW9DcEkUwEEBOii9aERERUWo52ZloaGhCc0sUTc0tveaNRt4zEBERdS7eMxAREaUWjbaiqbkFra2x7u5Km7REW9ESbVt41XIAACAASURBVEUwGEAkI9yhpCbeMxAREaXGe4bee89AvU+f+trbbbcuxqL5s1Mut6OsHDt27pFe81tvzMhhuO3WxfjtPXfgt/fcgdtuXexbUTqdtrtaMND+IR8/dgR+/oNbMXv6JOTkZEnzAoEAhg0ZiK//09X4t3/+nDTvsoVz8MXFF6OoMF9afszIYbjjnz+LjHDqC+To04aiuKjAfb7gUzOQrGp/e/tKREREHdPY2AwAyMqKdHNPiIiIeg/n76rzd7Y34D0DERFR5+M9AxERkZlt22hobEJ9Q9NJl8gkam2Nob6hCQ2NTbBtu93b4T0DERGRGe8ZZL3xnoF6H8vuyFHeA9x8+93u40XzZ6dVYXlHWTmWLV+btJKzKZHZVDH6t/fcYVz/3geXSttPlhh9sopGW3H4aCVyc7KQn5eT1jrNzS04VlmN0gFFsKxkKcydqz19JSLqzT7Zvc+9Dnd0Kj0WX0Mayyd5nM5zv9dSzeuMv0Ed2UZWdu/8EQ7btnH4aBUAGyX9CxDowBeviIiIyBOLxXDkWBUACwOKC07ov6e7Au8ZiIiIugbvGYiIiHTR1lY0NjYjFjup0yI0gYCFzMwMhIJtr+zIewYiIiId7xl0ve2ewU9DfbS7u9DHdeyc653ZNyk4VZvx/9m78/Ao63v//6/ZMtk3EgiQsAUCiiCoIIuyiYAYbV3qbqv2tPVw6ve0Wnt6zs+29pz2nJ7jsbVHq1ar1qpVK+4BWZQdVGRTZAs7SSAQSMi+zMw9vz+GucmQSZisk0yej+vyYriXz/2ZGeL9zj2ved+SGVJu3PE5Z/igoGHlc5f5x2juGC0FrCOB3W7TgIy0Vu0TFeVQ/359OmlGzWvLXAEAQOs0NLgleRXlcHCBEQCADmS1WhXlcKjB5VJDg1tOZ8++1Rw1AwAAnYOaAQCAQC6XW7UR2rHQMLyqqalXTHSUHI7WxT6oGQAACETNEFyk1QyITL0yAN2YP9QcSnfm1gSac+dOVd6yDW2eFwAAQE/jcvm+GRkV1etLTAAAOlxUlF0NLpdcrp5/kZGaAQCAzkPNAACATyQHmRrzP8fWBpqoGQAA8KFmaFkk1QyITD3+62+hBJc761iNu0afK9K7PwMAAJzL5fFI8t15AQAAdCz/+dV/vu3JqBkAAOg81AwAAPhuYd8bgkx+tXUNcrfy3E/NAAAANUMoIqlmQGSKqAB0dwodnxuO7sqgNgAAQDh4PIYkyW7jIiMAAB3Nf371n297MmoGAAA6DzUDAKC383q9qutFQSa/uroGeb3ekLenZgAA9HbUDKGJpJoBkanHB6Ab68wAdP7+Av3u6TcCluUt26C8peubbJu3dL3ylm0IWHbuvgAAAJHGMHy/9FitljDPBACAyOM/v/rPtz0ZNQMAAJ2HmgEA0NvV1TfIMEIP9UQKw/Cqrj70EBc1AwCgt6NmCE0k1QyITPZwT6C9coYPkhqFjfOWrlfu3Kkdfpy8peuDBqzzlm0wl+dkZyl/f0HQ7fwB6gcX3NbhcwMAAOgO/F8UtVi4yAgAQEfzn19b0Zih26JmAACg81AzAAB6M7fbI5er996e3eXyyGH3mLeqbwk1AwCgN6Nm6J01AyJTzw9AZ2cpd84Us+Oy/8+ODkG31F3av64zO1ADAAB0f/zWAwBA54uE820kPAcAALq7SDjfRsJzAAB0pfoGV7inEHb1Da6QwkxnRcL5NhKeAwCgK1Ez9NaaAZHIGu4JdIRzw855yzbod0+/0aGB5AcX3GaGrZ99/OGQOjn7t83JzvLt2wmdqQEAAAAAAAAAAAAA6M3cbo88Hm7N7vEYcrt7b0dLAADOh5rBh5oBkcLi9UZGg/K8pevN7s+N5WRnBfwZqpzhg0LaJ39/gX739BsBy3LnTCHsDADo1g4fKjJvVdLePwMeN16mELZv4XEof29u2fnWdcRt0NozRkxsj78JR1DHS8okSf3SU8I8EwAAIlOknGsj5XkAANBdRcq5NlKeBwCga9TW1stFiEeS5LDbFBPjPO92kXKujZTnAQDoGtQMZ/W2mqE5tTXucE+hl2tffDli0je5c6cqZ/igJmFkfxfoVneDXrZBzz7+8Hk383d39o9Pp2cAAAAAAAAAAAAAALqG1yuCTI243B5FewN61gAAAFEznIuaAZHAGu4JdKSc7Cw9+/jDre723JxQQ9MddTwAAAAAAAAAAAAAABA6j4cg07l4TQAAaIrzY1O8JujpIqYDdGMPLrjNDC/nLV0vqfUdoHPnTAk52Jw7d6o5Pt2fAQAAAAAAAAAAAADoGm6CO024PR7Z7bZwTwMAgG6FmqEpagb0dBEZgJbOdmV+cMFtXXK8rjoOAAAAAAAAAAAAAADwMTxGuKfQ7fCaAADQFOfHpnhN0NNZwz0BAAAAAAAAAAAAAACAtjC83nBPodvhNQEAoCnOj03xmqCnIwANAAAAAAAAAAAAAAB6JK9BcOdcvCYAADTF+bEpXhP0dASgAQAAAAAAAAAAAABAj0RspyleEwAAmuL82BSvCXo6AtAAAAAAAAAAAAAAAAAAAAAAegwC0AAAAAAAAAAAAAAAAAAAAAB6DALQAAAAAAAAAAAAAAAAAAAAAHoMAtAAAAAAAAAAAAAAAAAAAAAAegx7uCcAAAAANFZcXCy3293q/fr27auoqKhOmFHX8Xg8Ki4uVk1NjbKzs2W1du33Ff2vfWteS8MwZBiGJMlu59cLAAAAAAAaKy2r0OHCYjU0uDWwf5oy+vWR3WbrkLGra+p08tRpxcZEKz0tuUPGBAAAgdxuj4qOlehUWYVqa+vVv18fDeifpmhnz/48oqvV1tbrxMmykLZNSopXcmJ8J8+odQzDUEHRCVksFg3K7Bfu6fQohuE98zNUrqqqWiUlxSs9NUkZ/fp0+LGojwGg9yGhAAAAgG7lueeeU1VVVav3e+CBB5SVldUJM+p8ZWVleuutt7Rv3z5z2b/+678qJSWlS+fx/PPPq7KyUjfeeKMmTZoU0j4ffvih1q9fL0l65JFHlJiY2JlTBAAAAACg23N7PHrtrWX6fPNO80vDjaWnpeiub83RyOGD2nWcHbsP6MXXFikm2qnf/+b/tWssAAAQqKq6Vh98tE7rPv8q6Pk8Li5Gt91wlSaMvyAMs+t5du87rD/95f2Qth01YrB+dP8tnTyj1qmqrtV/PfGKJOk//u17Su9DuPZ83G6PFn/8qT5Zs0n19a4m65MS43TNVZM044pLOuyY1McA0PsQgAYAAEC3kpWVpbKypl0AiouLJUkJCQmKi4trst7pdHb63DpDTU2NHnvsMbPrdVJSknJycmTroG5QPU1RUZG2bNmi1NRUTZ06NdzTAQAAAACgVU5XVOn3T7+h4yW+axspSQka0D9NXq+v8115RbVKTpbp98+8qUvG5ui+O3Nlt7fvGoDhbRrK6mwfffypqmrqNG3SxerXN7XLjw8AQGcqPHpCj//xDdXW1UuSrFar+qYlKzUlUceKT6msvFLV1bV64dU8rd6wTf947w2Ki40O86y7Rk1tnRYv/1ReSTflTm/TnSyHDRnQ4vqhg/u3cXboLioqq/W7p99Q8YlSSb6foX59U5WWmqTiE6UqOVmm8opqvfHuJ9q+64B+cM83FOVwdNjxw1EfAwDCgwA0AAAAupV777036PKf/vSnkqQbb7xRo0eP7sopdaolS5bI7XbLarVqwYIFGjSofd2futr48eOVlJQkSYqObv8F3vz8fK1du1ZpaWkEoAEAAAAAPc7C91fqeEmZrFar/vkH32rS5bmurkFvfbBC6z/frj37C9oUGuoOPly6QYZhaNTwQQSgAQARpaa2To899TezY+3N18/UVdMvk6XRNm63R3nL1mvJJ5/rwKGjsveihiYnT5Xr49WbJEnfnH9lq2sZh92unz5wZ2dMDd2EV9KTz79thp9nXXmJbr5+lqzWsz9F9fUuvfT6Im3bvlc7dh/U3xYu1z23zw/TjAEAPRkBaAAAACCM9u3bJ0m68MILe1z4WZIGDRrUI+cNAAAAAEBH80ravmu/JOnuW+Y2CT9LUnR0lO6+ZZ6mTR6n6pq6gCAIAKB7O3TkmF5/Z7nKTle2af+E+FjdefPc83a/RXi9tnC5GX7+2T/fpSGDmnYjtttt+ub8aZo8YYyKjpXI6ey4zrVAT7fu0y9VUHRcknT3LfM09fIxTbZxOh26/55v6u0PV2n5qi/02aYdumLSWA0fmtnV0wU6BTUD0HV65tfKAQAAgE7gdrtVWFiompqaVu1z+PBhlZWVtemYp0+flqSQulqXlZWpqKhIXq+3VceoqKjQwYMH1dDQ0Or5lZaWtvo1aU5NTY2OHDmi8vLydo/l8XhUUlKiAwcOdMh4AAAAAAC01/Hjp8zA1LDBLX9QPTgrQxeOHNLiNqdKy3XoyDE1uFztmldbxjl+olSHC4rlcrvbdWwAiCRbt+e3OcgkSZVVNdq0bVcHzggdrb7epc3bdkuSJl5yYdDwc2P90lN0ydicTpnL8ROl2n+oqNn1dXUNOnTkmE6XVzVZ55VUUHRCR4tPyjBC/zyhurpWBw8fVVl52/+dd4WSk6dVePSEgj2zhgaXDh05ptKyipDH80o6dvyUSk6dbvfcqmvqtP9gUbvrt5a05f2trqnTvoOFqqquPe+2bo9Hx0+UKn9/QdB/X+fzyRpfh/D0tJSg4efGrps7VQ67r3fnynVbzzv2qdJyHS4oVnVNXavnBXQlagag69ABGgAAAD3a/v379fzzz0uSHn74YfXp0yfodq+88op27Nih0aNH6+6779aOHTv08ssvKzY2Vj/+8Y/18ssvq7Cw0Nw+LS1NU6dO1dSpU4OO99VXX2n16tUqKCgwl1mtVl1//fWaMmVKi3M+evSonnjiiYBlb775pt58801J0oQJE/Stb31LklRdXa333ntPe/bsUV1dnXmcIUOGaM6cORo2bFjAOO+//77Wr1+viRMnasyYMVqyZImKinwXSRcsWKAhQ1r+cNVv+fLlWr16dUBoOjMzU3fffbdSUlLMZY1fx0cffbTJPC655BKNGzdOb7/9dkBQOTY2Vnfffbeys7MlSc8884wOHjxorj958qR++tOfmn//+c9/roSEBHm9Xi1evFhr166VYRjmeqvVqiuuuELz5s2T3c6vOQAAAACArpeWliyr1SrDMHTg8FH165va6jFqa+v15nufaPuuA6puFFAZkpWhH9z7TaUkJXTaOMXHT+m9xWu1a+8hM8gt+cJdd90yTzHRUfr14y8H7PPHF94xH0+ZOEbfvnVeyM8VAHqasaOH67NNO1rdoMLPYrFo/NiRHTwrdKRtX+81H9+QO63V+2/csksvvpan1JRE/ecjP2iyfvmqL/T2h6uUOSBdjzx0j7n80f9+QcUnSvXdu65TeUWVlq/aqPKKaknSs48/rC+/3qdnXnpXqSmJ+ufvf0sLP1yl7Tt9d524ds4UXTfX9zlG4dESvbtotfL3FQR8iWnKxDG646arZbfbzGVvvvuJVq7bossvHa0J40fptbeWBQSf4+Ji9P1vX2/e0eKT1Zv01gcrA57PA//ye/Pxd+/K1YTxF7T6NTufxvMcPmyg3vlwtWrr6iX5PheYPmWcbr3hKh0/UarnX/lAhUdLzH0T4mP1w3+4SYOzMsxlNbV1+skv/ijDMPTov3xXHy5dr61f5ZufNyTEx+qSi0fqlm/Mks0WWk9Jr9erdxet0aZtuwOC1wP7p2v6lHGaNmWcuex/nnxNh44U67JxI3XfnblBxys+Uap/f+wlSdIvHr5XGWdqyta8v355yzbo8807VXLybBOfhPhY/eA739DwYYHdlr1er97JW61P1mxu8vnLrCsv0TfmX2mGlZtzurxKxSdKJUnfnH9li9tKUlSUQ3NmTtCi5Z9q61f58nq9slh8d0jx/1zcc/t8lZZVaOnKzwNq1EGZ/XT/Pd9Uakpis+M3uFx66JGn5DEM3XnznGYD2Ws2bNMb736imBinHv/3H5533sD5UDMAXYcO0AAAAOjRhg4dKrvdLsMwtG7duqDbVFVVafv27TIMQ5MmTZIkM9hbV1en//u//1NhYaESEhI0cOBAWa1WnTx5Uu+//742btzYZLwdO3bo1VdfVUFBgVJTU3XRRRdp0KBBMgxD7733nhYtWtTinL1er+Lj4xUfH28us1qt5jJ/wLihoUFPPfWUvvzyS9XV1SktLU2Zmb4LUgcOHNBzzz0XEMCWpNpa34eae/bs0QsvvKCioiJZrValpaWZF43OZ/HixVq+fLkMw1D//v1ltfp+bSgsLNRzzz0XsK3/dXSf0xHKP4+dO3fqxRdfVHl5ufr27avo6GhJvm7Qzz//vCorfRdUExMTFR8fHxBe9r8e8fHx5hzWrl2r1atXyzAMRUdHa+jQoUpKSpJhGFqzZo1efPHFkJ4jAAAAAAAdzW6z6YKcwZKkl9/4SB+v3tSqDsput0ePP/26Ptu0Q7W19RqVM1hjLhimmGinDhUU6xf/+WdVVFZ3yjilZRX6rz+8om1f71V9vUupKYka2D9dVqtVx0vK9PgfX9fhguNKiI9VQnysuZ/VajWX9WkhfAIAkSB7yEBdP++KNu9//bwrNOKcwCG6l8KjJyRJDrs95C8dNVZb62ti4vF4gq73L3e5zrmefibQ+8GSdVr4wUqVV1TL6XRoYP90Nbhcqj9zHb6yska//cOrZvg5NSVR8XExkqSSU6f13394VTt2H5TdbtPoUUN14cghslqt2rBxu/7riVcCjllT6zvmVzv26ak/v62y8kpl9E1VTLRTkq8b9B/+9JZZM1htvnO+f73kC0n764DG9UFH8s/zi6279Npby+R2e9Q/I02SZBiGVq7bovc/Wqvf/uFVFR4tUVpqkjnHyqoa/e6ZN+Ru9H643R4z3PvsS+9q87bdcjhsGpTZTzHRTlVW1Wj1+q164dW8kOf41zeXaNnKjSotq1BSYpyGDRmgmGinio6V6G9vL9eqdVvMbSeMv0CGYWjjll3NdjH+ePUXvs9n+vUxw8+tfX8lX3g8b+l6lZws09BB/TVuzAilp6WosqpG//vH17Vj98FzjrtJy1f5jh0T7dTwYZlKSUqQYRj6ePUm/fHP7zQ5xrmOFp80HzcOnrdkcJav07phGCpvVKP6fy7eXbRaHyxZJ8PjVeaAdPPzoiOFx/X7Z/8etBO4X5TDoVEjfJ/fLVv5ebPbLVnxuQzD0JQJF4U0Z+B8qBmArkNrNAAAAPRoVqtV06ZN08cff6zPP/9cubm5stkCv+W+YcMGSVJSUpJGjBgRsM4wDFVXV+vee+/VBRf4uhO43W69/vrr2r59uxYuXKj+/fsrKytLklRUVKSXX/Z1O5ozZ45mz55tjrVv3z4999xzWr16taZOnark5OSgcx44cKB+8YtfSJJ+9rOfyTAMfec73zGP7/fCCy/o1KlTio6O1v33368BA3y3z62vr9dLL72kAwcO6JlnntHPfvYzJSYGfshYXl6u2NhY3XXXXcrOzg45/Cz5QuGXXnqpbrrpJtntdrndbq1bt06LFy/WqVOntG/fPg0fPjzksTIyMvTd735XSUlJkqS9e/fq+eefN0PL1157re68805J0sqVK/XRRx8pLS0toAO0/3kvXrxYkjRjxgzNnz/fXFdcXKzXX39d48ePD/l5AgAAAADQ0W7Mna4jhcdVWVWjhR+s1Dt5qzV86EBdPHq4Ro8aqox+we9cJUnPvPSuCo+WKC4uRo889B0zeNXgcump599W/v4CvZO3WvfcPr/ZMdoyTkODS//1xCuqr3cpJSlB/+8H31L/M/M0DENLV3yuFWu3aNJlo82ueQseflyGYegf7/2mxlyY3e7XDQB6iqmXj1Xp6Uqt/XRbq/a7cvI4Tb18bCfNCh3l9JkOyH1Sw/OlHn9Q9Z47rlW/9JQm611ut9nJdtKE0WY33vp6l377h1flcrs1asRg/dM/3GiuKy2r0G9+/1cVHSvRxi27NPGSwM8hauvqNbB/uh743s1KToqXV9Ke/MN64k9/N4OvN+ZO18wrLtHMKy7RkcLj+s/f/1WS9Ntf3H/ejsDBnsPvn3mzxW3u+tZcpacFfr5iGIZG5QzWgntvUFSUQ5VVNfrTy+9r34FCffTxZ7JarfrR/bdo1IjB8kra8uUePf/XD1Rf79KWL/do4iUXNjlO8YlS5c6dqmvnTJH/E5RP1mzWW++v0Jav9mjZyo2aM3Nii3P96JPP9OkXX0sK7ILtlfTeojVauuJzvfHuJ0rrk6yLLhimqRPH6K33V8owDK39dJvmXTUpYLyGBpc2bPSNd81s37q2vL8r123RyjPB65/80+0B3Z4/WLJOi5d/qlf/vlT/+fMfyGKxqK6uQe8uWiNJmjNzom7MnW5uf7T4pF58La/Jv51gyiuqzMepyaF9iSCtT5L5uKKiWsmJ8QHryyuqNXnCRbrj5qvlsNvlcru1Ys1mvbtojUpOlmnP3sMaNWJws+PPu2qStu86oOMlZTpcUNwkmL3vYKHZuXv29AkhzRkIBTUD0DXoAA0AAIAeb+pU3+3d3G63tm0L/CWycWfomTNnBt1/9uzZAeFju92uO++8U7Gxvo4FW7duNddt2bLF3GbWrFkB4wwfPtwM4G7atKk9T0n19fU6eND37ftbb73VDD9LktPp1He+8x1ZrVa53W7t2bMn6BgLFizQ8OHDWxV+lqTk5GTdcsstZjdmu92uGTNmmN2bjx8/3qrx7rvvPjP8LEkjRozQmDG+D0yLi4tDHqeurs7szDB69OiAdRkZGfrxj3+sCRO4OAUAAAAACJ+B/dP1m0e+rysmjZXVapVhGMrfX6C3PlipR//nRT30i6f0Tt7qJp2hGxpcZhe+ebMuD+g6GeVw6N47rpUkfbZpR4vHb8s4+w4WqbKqRpL0w+/dZIafJd8Xz6+ZPVmP/eqfQr4NPABEutw5U1r15Y8xF2Yrd86UTpwROoq/23B8J3UzPp+4uBj95Id3BA0/+91+42xdOfnigODxvoOFqq723ZXx5utnBqxLTUnUzdfNkCStWr9FwfzwH25ScpIvdGqRNCpnsC4ZmyNJKjpW0q7nFMyefUda/K+6prbJPlarVd+76zpFRTkkSQnxsQE/V7OnX2aGYC2SLr14pNLTfK9j8YnSoPMYNmSAchuFnyXpqmmXatwYXyOdDRu3n/e5+MPK06eON8PP/jnccO00ZQ5IlyR9eqb2iopyaNrkiyX5wtbndi/+9IuvzQ7Ml4wdKalt7+/q9b7PtUblDA4IP0vSdXOnKiE+VmXllTp05Jgkqa6+wfz8ZdxFgY2EBmSk6ZGH7tGUiWPO+3r4f4asVqvZqfl8/F3MpbNdnxtLTUnUt2+dZz5vh92uubMuNzt9Hzt+qsXxs4cONP8tfLz6iybrl630LRtzYbaSEuNCmjMQKmoGoPPRARoAAAA9XlxcnC6++GJ9+eWXWrVqlS699FJz3c6dO1VXVyer1dpsOHbSpElNllmtVk2aNEkrVqzQ4cOHzeUHDhyQJI0bN051dU1vT9a/f39t3bpVJSXtuyh45MgRSb7w8blhX0mKiYnR6NGjtX37dh06dKjJc8vIyFDfvn3bdOyxY8cGDU2npaWpsLBQZWVlIY+VkZERtBN2errvol95eXnIYyUlJSkjI0PFxcV64403dN1112nUqFEhX0QDAAAAAPROhwuK9eWOfUHXDR08QGMuGCZJqqqu1Yq1m4NulxAfq5lXXBLS8aIcDt31rbm6/cartSv/kLbvOqDtO/ertKxC1dW1WrZyo9Zv3K5/vPebGj7UF0g5VHD2C8LjxowwQy5nx7TL6XSovt6l0xVVTTrj+bVlnL0HCiRJWQP7aWD/9JCeY1uE+vp21PsAAJ3FYrHo9huvVkVltQ4XtNzgYXBWhm6/8epWN6lAeCScCT6fPl0ZluNPmXDReb9wNHniRU2W+c/lqSmJSkmKb3L+zxzg+6yg5OTpJvsO7J+ulCCdevv1TZUknS6varKuvX7yw9ubXWeRpUmHXkkakNFHcY2CspLUJ/Vs45WLztRzjaX3SVLJybJmn8OMqcHvKDnryku1bfteFZ8olWF4ZbUG//l1uz0qOen7vGT6lHHBj3HFJXr170t14GCRuWz2jAlatX6rKqtqtGvPIV04coi5bunKjZKkq2dMMI/b2vfX7fGYoe/Jl13UZHtJyhrYVzv3HFLxiVINHTxAyUnxGtg/XUXHSvTS64v1retn6qILhrb68xf/z5BhGHK53SF1CG/8/sSf8x5LvjB7sP+Hpqcl60jhcbN7c0uuuepy/fXNJfpi627defNcRUdHSZIqq2r01ZnfE+bPbvpZIdBe1AxA5yMADQAAgIgwY8YMffnllzp+/LiOHTum/v37S5JWrVolSZoyZYocDkfQfePjg39o6A/pFhX5Lkx5vV4dO+b7NvymTZta7PJ86lTL3zg/H3/ounHn5Obm5+8U3VhKSvMdIs4nNTU16HL/6+f1ntuToHnNzaMtY0nStddeq5dfflmnTp3SX/7yF0lSZmamJk2apMsuu4wwNAAAAACgiX0Hi7R4+adB111+6WgzAF1RWd3sdkmJca0O3tpsVl10wTBddMEw3X7jbJVXVGv1hq1avPxTVVfX6g/PvqX//fcfyul0aN+BQnO/n//n8y2Oe6q0vNkAdFvG2Xtmn8adnztDqK9vR78PANAZ7Hab7rn9Wv3xz2/rZGnTUKkkpaUm657br5Xdbuvi2aGt/EHg0jAFoBsHeoNxOh2y25r+e8rf7wvIlpZV6KFfPNXs/v47PjSWmpIYdNsohy9OZLTyGv75OOx28wtgrZGS3HSeDkdgJ+Rz+e9y6e9sfK70Pk2bt0hS30YduI8Wl5gB43MdKTx7t8y0PsHfu75nOg+XlVeqvt4lp9OhtNQkjRoxWLv3HtayVRvNnSpIMwAAIABJREFUAPT+g0VmmHd6o3B2a9/fgkbzeulvi5rdXpJONQoP35g7Xc++9J5KTpbp6RffkSQNyuyn6VPGa/KEi5oNgjfm7yQuSadOlSsjhPqy5NTZ/4cmBalxm/u58HcDD+Xf6MRLL9Trb38sl9uttZ99qatn+JoKrTrTKTujb6qGDh7Q0hBAm1EzAJ2LADQAAAAiwsCBA83uwGvWrNGtt96qkpISs5PytGnTOuQ4/gtlI0eO1JAhQ5rdzh9ObqtQgrz+udiCXPBsTxC4uX1bG1Zu7zyCGTlypB599FGtWbNGGzdu1OnTp1VYWKiFCxdqyZIl+v73v6+MjKbdIQAAAAAAvdfoUUNl0ayg6zIHng209ElJ0i3fCL7duR0H2yIpMU7Xz7tCgzMz9MxL78rldutQwTGNHD5IHo9Hku/36PPd8ri5sI6kNo3Tlt/32yLU17ez3wcA6ChxsdH67l25eurPC1VdUxd0XVxsdJhmh7bIHjJQku/ae0HRcWUN7Neh4xtGy+dcaxu7fhoe32cF6WkpmnxZ0ztK+jUODPvZmv08oE1T6TTNzdOvLa9ce8Pdjbt1e4NnrAPqLEujpzBv1uXavfewducfNu/KsXzVF5KkiZdcGPD/jta+v55Gge9rr54c9DMkv8bdp0ePGqrH/+OH+nj1Jq37/CuVllXoSOFxvfL3JXpv8Rr9+B9v1YCMtGbHkqSsRmHxXXsPhxSA3pV/SJKvzgvWAbq5n4vW1LB2m00zrhiv5au+0Merv9DVMybI6/VqxRrfXUeumT055LGAtqBmADoPAWgAAABEjFmzZulvf/ubtm7dqhtuuEFr166V5AvNJic3/+FgeXl50E7LJSUlknzhasl3m6KkpCSVl5dr+PDhmj59eic8Cx9/uLqsrKzZbU6ePBmwbSRxu93NrouKitLs2bM1e/Zs1dfXa/PmzVq2bJmqqqq0YsUK3XHHHV04UwAAAABAd5fRN1UZfYPf7agxp9OhWdMu7fT5jL5gqPm4rq5BktS/UZhk/tVtD2C0ZZzhQzO1/2CRjh1v/d2sXG5PyNuG+vp21fsAAB2hT2qS7r0jV396+T25XL5rmg6HXffekXvebr7ofi4cOURWq1WGYejN91boJ/90e6v29wdNGxqCX99u3Om2Iw3on65DBcXqk5LYrjoiFI1Dp26XRw57z40dnSgpM0Pv5y73G5DRfLObxp2hS06VBe0U7R8rNSVRUY3uUjoqZ7BSkhJUVl6pVeu26Kppl2nb13slSfOuujxgjNa+v/37ng0djx+b02wH62Ciohyaf/Vkzb96surqG/T5ph36YOl6VVbV6KOPP9V377quxf1jYpwaPixT+w4U6oOP1unKyRcH7Vrud7qiSus++0qSNHH8BSHPsy2umn6Zlq/6QuUV1crfX6Ca2jrV1tXL6XRowvhRnXpsQKJmADoL94cGAABAxBg7dqyio6NlGIY2bNigjRs3SvIFo1uybt26JssMw9Bnn30mKTBgnJmZae7T3G3TWgrvhsp/HMMwtG3btibra2pqtHPnTknS0KFDm6zvqeLi4iRJp0+fVnV1dZP1/k5Wfk6nU1OmTNF11/kuun311VedP0kAAAAAAIIwDK/+/MqHKjx6osXt9uw9Yj4eNWKwJJkdJg3D0BdbdzW7r+s81xzaMs7wYb5rEAVFx1VQdDzo9h5P4DWQmBinJOnrXQdanA8A9AaDMvvpjpvmKNoZpWhnlO64aY4GZXZs52B0DavVqjkzJ0iS9h0oNIOZzdm6PV95yzaYf09NSZQk1dbVq8HlCti2ocGlbdv3dvCMfYZk+e6KuHvvYZ0qLQ+6jWEY5+1AHYqE+Fjz8c4znXt7qk/WbAq63N8VOKNvqqzW5ntL22xW80t2K9ZuafEYw4dmNlk3d9ZESdLKdVu0cp1v/yFZGU26LLf2/Y2Li5HT6Thz/M3Nzv/cuvLcei/aGaXpU8frW9fPlCRt/jK/2bEa89+FpLauXn9/d0WznZpdbrf+8vpiSb6fvdnTLwtp/LZKTozXmAuzJUnLV27UspW+zxCvmnZZh9/NFGgONQPQ8fg/OAAAACKG1WrVlVdeKUlavHixDMNQnz59zhsQXr16tbZsOXtxqqGhQS+//LJqamokSePHjzfXzZ8/X5Kva/Qrr7yi2tpac53H49GqVav0yCOPqLi4uF3PJSoqShdeeKEkaeHChTp48KC5rqqqSn/+859lGIaio6M1cuTIdh2rOxkwYID5eNWqVQFh8uLiYv385z/X6tWrA4LQhmHo66+/luR73fxeeeUVPfnkk3rttdfMZXv37tWTTz6pJ598Uvv27WtxWwAAAAAAWuOzTV9r07bd+vXjL+uvby7R0eKTcp/z++vnm3fq2ZfekyQNHdTfDKf0S0/RpeN8nef++sYSbd+5P2Dso8Un9dsnXjH3bU5bxskZlmWGmf7vuYU6XHD2mkZDg0sLP1ipn/ziKbkbdXvuf+Z25pu/3K3iE6UhvDoAENlGjxqqR35yjx75yT0aPSpyGlb0RtfPu0JpZzpxvvrWUj338gcqPn7KDHG63G4dOnJMv3v6Df3pL+8rb+l6VVT6mnk0Dq6++vdlOl1RJUmqrq7VH194R7V19Z0y5ymXjzHP5U/86S0Vn3NXhy+/3qd/+dUzWrUueEi3NVJSEs2w6Iq1m1VZVdPuMcOl8GiJ3nj3k4Bg+Ecff2p2Yr5i0sXnHWPmFZdIkjZs3G6GmCVf3ffawmVmnXTl5KZjTZk4RlarVfX1Li1e/qkk6ZrZTTs8t+X9veUbV0mSPv3iay355LOAEHJVda3+8vpi/fSXT5uh56JjJfrRv/1By1d9ERCENgyvGdx3Rp3tYN2SUSMGa9JloyVJaz7dpv/5v9d0tPikOQePx9D+Q0X65W9f0O78w5Kkm3Knd0kHXH937e27DujAoaOSzr6HQFehZgA6Vs+9FwUAAAAQxJQpU7R8+XLz7zNnzmxxe6vVqrS0NL3xxhtauHCh4uLiVF5+9hv0t956q9mNWZLS09N17bXXatGiRdqxY4d++ctfKjU1VYZh6PTps7evO3DggDIyMtr1XO6++249/fTTKigo0DPPPKPY2FjZbDZVVlZKkux2u374wx+aXZMjQWZmpgYNGqQjR45o9erVWrt2rTIzMzV//nwVFhbK7XZr0aJFWrRokZKTkxUdHa0TJ06Y3bhvvfVWc6y9e/eqrq5OZWVnb1dXWlqqgoICSQp4n4NtCwAAAABAa1w4cqjGjh6ur3bs04aN27Vh43ZJktPpUJTDoeqaOvP317TUJN1zx7UB+99+42ztO1Cg8opq/fGFdxQT7VRycoJKy8pVX+/rIhkT7ZRheFvsRtjacZxOh/71R3frV4+9qMqqGv3XE68oJtopq82q6uqzX/w+XFCs7KG+28TfMH+aHnvqb6qvd+nR/35BaalJGjZkoO6789qgcwKA3iDKEVo4EN2b1WrVv/7obv3hubd0pPC4tny1R1u+2iPJd/48N8Q8Z+ZExcZGS5KSk+J12bhR2rRttzZu2amNW3YqIT7WDAmnpiSqtKyiw+dst9n0/e98Q79/5k2VnCzTo//zopIS4xQT7dSJk6fN+mP3viOaNe3Sdh3LImn+1ZOVt3S99h8s0sO//KMyB6Rr0mUXhdTB1+V264F/+X2L24y5MFvf/8717ZpnKIYPy9SqdVu0ZsM2JSXEqbyy2nytJl5yYUjPZ/rU8TpVVqFlKzfqzXc/0TsfrlZ8XEzAWN+96zqNGNa0A3RUlEPTpowzg8txcTEae9HwJtu15f2devkYbflqj3bsPqj3Fq/VB0vWq29asqpr6gJC68eOn1TmgL7aueeQXG633v5wld7+cJVSUxIVE+3UseOnzPHvuX1+yK/tt2+9RjabVes/366DR47p3x97yXyOjetLSbrpuhm6qpO7P/tlDxmo9LQUlZz0fRZ06bhRAV3Nga5CzQB0HALQAAAA6BGsVqt5kaUlcXFxGjlypPbs2SO73a5LL235Yp7dbteCBQv05ptvau/evWYodvDgwZo0aVLQ/adPn67s7Gy9/fbbOnbsmEpLS805Dhw4UNddd52GDBnSqudns9mCLvvBD36gJUuWaPfu3Tp58qQkKTY2ViNGjNDMmTPVt2/fVh2nI3TkrcCCjXXffffp3Xff1ZdffinDMHTkyBFVVlZq2rRpGjBggD788EMdP348IHCekJCgefPmafTo0U3Gs1gsQR8He80brwcAAAAAoDWSk+K14L4btO9gofKWblDRsRJVVtWovt6l+nqXrFar+mekacwFw/SNa66UzRb4O3F8XIx+88gP9P7itdrwxdeqrq5VbbEvZJUQH6vJEy5S7pwpLYaf2zpOakqi/u1H39ZHn3ymXfmHVF7h62RptVo1fOhA3Xbj7ICultlDB+of771Br761VJVVNTpZWt7ktukAAPRUcXEx+tk/363PN+/Qx6s3qehYiSSZ4eeE+FgNyuynm6+fad4Vwe/bt81TTLRTaz/7UpJUWVWjlKQEzZk1UXa7Ta+9tUx2e8dHdUYMy9Rvf3G/Xn1rmXbt8Z3L/efz9LQUXXPV5Zo8cUyrx7UFqTvmz54sm9WiD5dukGEYKjxaoqPFJ1scx97oeryr0Z0fg6mprQtxbmdrqWDX++1BljX2nVuv0cp1m/XF1t0qK/c1nsnom6rxY3N03dwrQpqDJN2YO11JCXHatG23Dh45prLySjnsdo0aMUhXTr5Y48fkNLvvzKnjzQD03JkT1VyV15b394Hv3azPNu3Q+4vXqqy80uxG7XQ6dEHOEN3yjVlKTUmUJF09Y4IGZfbTW++v0NHiUwFB/aTEOH3jmit1cZBwdnOsVovuvmWeLr14lJau+Fx79h2RJDP8bLVaNe6iEZp31eUalNkv5HGDsbXyM6tZV16iN9/9RJI0b9bl7To2ACD8LN7G9zkAAAC9wuFDRWbIr71/BjxuvEwhbN/C41D+3tyy863riIBje8aIiY3M76AdL/F9W7pfekpY5+H1evWrX/1KNTU1mjFjhubPD/6N9K1bt+r1119XVFSUfv3rX5vLS0tLlZSUFPRiWXOqqqpkGIYSExPbPf+W1NfXy+VyKT4+vlOP0114vV5VVVWpoaFBycnJTd6T6upq1dfXKyEhQQ6+KQ2gF+gu59r2ipTnAQBAdxUp59pIeR6GYajkVLkcdpsZMAlVg8ulqqpaJSTEytGOoFRbxqmurpXHMJSYcP67TtXXu1RVXaOoKAcd9ACERUVlzfk36oUSE1r+f3KknGu74nkYhlenyyvlcrnVJzVJdvv5Pz/wSqqsrJbNZlPcmQ7RXam6ulYuj0dJCXGd2vijsqpGLpdbcbExcjq7/3X6ispq/fTRpyVJ//Fv31N6n2Rzud1uU2xM+94rj8dQRWW1kpMTmg0zN7Zh43b99c0lslqt+t2vH1C0Myqk47T2/TUMryoqqxUVZQ/pOVZW1ai+waXEhNgO6VTrlVReUaXa2nrFx8WEtWZ8/pUPtXnbbmUOSNcjD90TtnkgPKgZgustNUNzamta/mIOOlv74suRmb4BAABAr7Vjxw7V1Ph+eb3yyitbvX9qamqr9+mqQLLT6ZTT6eySY3UHFotFCQkJza6Pi4tTXNz5P4gFAAAAACBcrFZrmz8kjnI4lJrS/sBJW8aJi4sJeVun0yGnM6m10wIAoMewWi2t/iKTRQrpi0SdpTXn8vaIlC8/ddR7ZbNZlZLc/Oca51q8/FNJ0qTLRoccfpZa//5arRYlJ4X+WVZCfKxCfxbnZ5GUnBiv5MTwNviprKrR5m27JUnXzJ4c1rkAADpGx927GgAAAOgGPvnEd9uq0aNHtxieBQAAAAAAAAAAAMJhz74jOllaLkmaO+vyMM+md/h49SZJUky0U+PH5IR5NgCAjkAAGgAAABGjqKhIRUVFkqRZs2aFeTYAAAAAAAAAAABAU/7uz8OHZbb5jiEIndvt0Yo1myVJc2ZOkNVqCfOMAAAdwR7uCQAAAAAdJSEhQXfddZdsNpuysrJa3HbYsGG666675HC0/1ayAAAAAAAAAAAA6N5iY6L1vW9fL0lKSogL61yuuWqSpk0Zp0GZ/cI6j97CYrHonjvmS5JGjxoa5tkAADoKAWgAAABEjMTERI0dOzakbZOSkkLeFgAAAAAAAAAAAD2b3W7TpRePDPc0JEmjcgaHewq9is1m7TbvPQCg4xCAlpS/v0CSlLd0fcDfc7KzzD9z504Nz+QAAAAAAAAAAAAAAAAAAAAAmHp1ADp/f4Hylq43A8/B1pvbLdug3DlTlDN8kBmMBgAAAAAAAAAAAAAA4WOR5A33JLoZS7gnAABAN0TN0BQ1A3q6XhuAzlu6XnnLNjRZ3rjr87nr85ZtkM4EoekIDQAAAAAAAAAAAABAeFmsFnkN4kyNWazEmQAAOBc1Q1PUDOjpemUA+ndPvxHQ9TknO0u5c6c26ezsDznn7y9Q/r4jZiDa/ychaAAAAAAAAAAAAAAAwsdqscign2MAq4UwEwAA56JmaIqaAT1drwtA5y1dHxB+DqWbc052lhmObhyCzt9foAcX3NZ5kwUAAAAAAAAAAAAAAM2y2qySxwj3NLoVq80a7ikAANDtUDM0Rc2Anq5XBaDzlq43A8zNdX3O31+gvKXrJanJ+ty5U5U7d6rZQdq/LZ2gAQAAAAAAAAAAAADoenabTQ1yh3sa3YrdZgv3FAAA6HaoGZqiZkBP12si/Pn7C8zwsyQ9uOC2JuHnxts27hJ9rsaBZ38naAAAAAAAAAAAAAAA0LVsBHea4DUBAKApzo9N8Zqgp+s9Aeh9R8zHuXOmtGusnOysgDH8HaMBAAAAAAAAAAAAAEDXsVgkh53wjp/DbpPFEu5ZAADQ/VAzBKJmQCToNQFof/fn3DlTAjo4t1Xu3KlmB+nzdYwGAAAAAAAAAAAAAACdw+Gwh3sK3QavBQAAzeM8eRavBSJBrwhAd1aH5o4IUgMAAAAAAAAAAAAAgLaz222y2XpF/KFFNptVdjpbAgDQLGoGH2oGRIpe8dPcuDtzZ4WWOytkDQAA0HNwfxwAADpfJJxvI+E5AADQ3UXC+TYSngMAoCs5oxzhnkLYtf41iITzbSQ8BwBAV6Jm6K01AyIRfcxbkL/vSLPrcrKzlJOd1YWzaZ8Vazaroqq6zftPnjBG/dJT9N7iNXK5PZKkC0YM1kUXDOuoKQIAgB7OYpG8Xsnr9cpi4RcgAAA6ktfrleQ73/Z01AwAAHQeagYAQG9mt9vkcNjkcnnCPZWwcDhsIXdypGYAAPRm1Ay9s2ZAZOoVAWh/B+jcOVNatV/esg3Ssg1NludkZ+nBBbeZj/P3FwR0me6Olq78XOUVbQ9ADxs8UP3SU7Rs5RcyDEOS5DUMAtAAAMBktVrl8XhkGF7ZbPwGBABARzIM30VGq7Xn38yLmgEAgM5DzQAA6O2inVHyeOrMc2JvYbVaFO2MCnl7agYAQG9HzRCaSKoZEJl61b/M7h5S7kxWS696qwEAQBjYbL56w+3pnd+UBQCgM/nPr/7zbU9GzQAAQOehZgAA9HYWi0XR0aGHeiJFdHRUq7ofUzMAAHo7aobQRFLNgMjUKzpAt6ZLc+PuzqHwj5mTndXm+XWFf/nRXaqpqWuy/Iutu/TRx59JklKSEvTA928Oun+flCRJ0mXjRqm6plaSNCgzo5NmCwAAeiKHzaYGueR2e+SMcoR7OgAARBS323eR0WEL7bZ03Rk1AwAAnYeaAQAAyW6zKSY6SrV1DeGeSpeIiY6SvZXnfmoGAACoGUIRSTUDIlOvCEA3lr+/4Lxh5baEmbt7ADo5MV7JifFNlqf3STYf2x12DchIa3Gc++68tsPnBgAAIoPDYZdqpYYGt+Jiwz0bAAAiS0ODW9KZ820PR80AAEDnoWYAAMDHfy6M9EBTTHRUm8771AwAAPhQM7QskmoGRKZe0Zs8d+7UThk3b+n6ThkXAACgJ4qKskuyqMHlkmEY4Z4OAAARwzAMNbhckixnzrc9GzUDAACdg5oBAIBADoddsbFOWa2h3+a9p7BaLYqNdbYpjETNAABAIGqG4CKtZkBk6nX/MvOWrteDC27r8HE7K2Td3Sz55DMdO14qSZo9/TJlDewrSSo+UaqPPv5MktS/X6rmzLxcaz7dph27DmjfwSKlpiRq9KihmjzhIvXv10eSrxv31q/y9fXug6qrq1d6WrImX3aRrpx8cbPHr6mt0+oN27R5226dKq2Q1WZV1sC+GjV8kK6eMVE2W6/I9AMA0C1ZLBZFOx2qq29QbV2D4mKjwz0lAAAigr/zRLTTIYul51+ApWYAAKBzUDMAANCU3WZTXGy06uob5HJ5wj2dDuFw2BTtjGrz+Z6aAQCApqgZmoq0mgGRqVcEoHOys5STnaX8/QXK31+gvKXr2x1Yzlu6XnnLNkiScudM6Yhp9gibtu1W4dESSdLFFw03A9Cnyyv1+eYdkqT+GWnaf+iotu/cb+5XdKxERcdKtHLtFv3mke/rq5379erflwaMXVlVowOHjmrvgQLdd2duk2OXV1Tr3//3JVVX1wYs351/WLvzD2v9xq/1/75/s9L7JHfocwYAAKGLjo7yXWSsreciIwAAHaS2tl6S7zwbKagZAADoeNQMAAAEZ7FYFBPtlMPuUX2DSx5Pz+wSbLNZ5YxyyG63tWscagYAAIKjZggUiTUDIk+vaZfbOPCct2yD8vcXtGs8f/j53LEhHSs+qe0798tqtSpzQLoc9rM5e5fbrV899pIZfk5KjFO/9JSA/Tdu2aWCohMBy2pq6/TbJ14xw88J8bGaPnW8pk8dr5SkBElSyckyPf3iu5351AAAwHk4oxyKctjlMQxV19SFezoAAPR41TV18hiGohx2OaMc4Z5Oh6FmAACgY1EzAABwfna7r7NjbIxTjnYGgrqSw25TbIxTcbHR7Q4yUTMAAHB+1AyRWzMg8vSKDtCSrwt07pwpZnA5b+l6PbjgtlaP4+8g7debuj+3RkpSgh5+4A6lpiTK7fFo2YqN+mDJOkkyQ8w3XTdDV8+YIEk6dvyU/vePr5vrPtu0w+wuLUlPv/iuysorJUkjhw/SA9+72fwf9S3fmKUnn1+o3XsP61jxSW3atluXjRvVZc8VAAAEio2NVkN5laqr6xTtjJLN1mu+cwcAQIfyeAxVV/s+tIuNwO5F1AwAAHQMagYAAFrHbrfJbrcp2it5PB65PR4ZHkOG1yuv4ZU3TPOySLJYLbJaLLLarLLbbLLZbOqoO85TMwAA0DrUDJFZMyCy9JoAtOTr1Jy/v8D87/6HHlPunCkhd3DOW7o+sPNzK/btbe6981qlpiRKkuw2m66ZPUl5yzbIMHy3Bhg6qL8Zfpak/v36aMaUcVq0/FNJ0omTZea6stOV2neg0Pz7d+/KDfiWis1m1d23zNX/95vnJIkANAAAYeaMcigm2qnaunpVVtUoOSk+3FMCAKBHqqyqkVdexUQ7I7LDAjUDAAAdg5oBAIC2sVjOBpt6A2oGAADahpoB6L56VQBakh5ccFtAkDkg0BwkzJy/v8C33dL15mPpTEdpws9BWa1W5WRnBSyzWCxKTopXaVmFJGn82Jwm+6WnpZiPT5dXmY935R8K2MZmszW5bU10tFNOp0P19S4VHz/VIc8DAAC0XXx8jBoa3KpvcKmyqlYJ8THhnhIAAD1KZVWt6htcslltio/g8yg1AwAA7UPNAAAAQkHNAAAAQtFbagZEjl4XgJbOBp3PDUH7//SHdxsHngP2p/Nzi5IS4oIudzqjzMdpfZKDrD/7jRF/p2jJ1wHar+RkmR76+ZMtHv9UaUXIcwUAAJ3DarEoMSFWZeWVqqmtk9ViUVwct8cBACAU1dV1qqn1ffE3MSFW1o66b103RM0AAEDbUTNQMwAAEApqBmoGAABC0ZtqBkSOXhmAlnwh6Ny5UwO6Qfs1F3z2d30+t7sxAlms5/+fn81qDXk8T6MwtCSlJCW0uH18fGzIYwMAgM4TFWVXUmKcyiuqVVVTK8PrpdsCAADnUVlVa15gTEqMU1RU5F+6oWYAAKD1qBmoGQAACAU1AzUDAACh6I01AyJDr/+X2jgILfnCz/4AtD/o7O/2TPA5PPr362M+zhyQrkceuieMswEAAK0R7YySEqXyimrV1NbJ4/EoIT5WNlvoX4YCAKA38HgMVVbVqL7BJcl3gTG60Z2UIh01AwAAoaFmoGYAACAU1AzUDAAAhKK31wzo+Xp9ANrPH3JG9zMgI818XHi0RJVVNUqgyzMAAD1GtDNK1iSrKip9vzg1lFYoLi5acbHcdg4AAEmqrqlTdXWdvPLKZrUpMSG2V3ZXoGYAAKBl1Aw+1AwAALSMmsGHmgEAgJZRMyAS8PU2dHv9+/VRUmKc+feX/rZIHo/RZLvCoyf05PMLVV/v6srpAQCAEERF2ZWamqCYaKe88qqqulYnT5WruqZOhtH0vA4AQKQzDEPVNXU6eapcVdW18sqrmGinUlMTevUFRmoGAAACUTMER80AAEAgaobgqBkAAAhEzYBIE7H/avP3F/j+3Heky4+dM3yQcrKzuvy4kcpqteq7d12n3z39hiRp555D+rdfP6tpk8epT2qSSssqtP9QkXbsPihJWvPpNl09Y0I4pwwAAIKwWixKTIiV0+lQTU2dGlxuVVXXqqq6VlEOh6Ki7LLbbbLbbLJaLbJYLOGeMgAAHcLr9cowvHJ7PHK7PWpocKvBdfbLu1EOu2Jjo+WMcoRxlt0HNQMAoLeiZmgdagYAQG9FzdA61AwAgN6KmgG9QcQFoH/39Btm+Dlslm2QJOXOmaLcuVPDO5cIkZOdpW9eO03vLVojSSqvqNaHS9cH3baurr4rpwYAAFrJGeWQM8qh+gaX6uoaVFfvUoPLFfDLFgAAkc+iaKdD0dFRXFxsBjUDAABe4sgcAAAgAElEQVQSNcP5UTMAACBRM5wfNQMAABI1AyJNxASg8/cXmB2Cu4u8ZRuUt2xDtw5CW61W87HdbmvVvo5mtm9ueXvNm3W5xo/J0etvL9fBI0dVX3/2FxGn06HhQzN18/Uz1b9fn045PgAA6Fj+i42JXq8aGtxyudxyeTzyeAwZhiGvV5K84Z4mAADtZJHF4vv922azymGzyeGwKyrKTkehEFEzAAB6B2qG9qJmAAD0DtQM7UXNAADoHagZ0DtYvF5vj6/czg0/52RnmYHjnOws3f/QY+bjBxfc1mR/f9foYOtD3VeSnn38YeXvL1D+viOSfAFovwcX3Kac7Kz2PE2co66uQafKytUnNUnRzqhwTwcAepTDh4rMora9fwY8brxMIWzfwuNQ/t7csvOt64iCvj1jxMRGzHfQAAAAAAAAAAAAAAAAeqTaGne4p9DLtS++HBHpm8bh57YEjXOys3zB5TP/Bds/1DFzsrMCtvWHoPOWrg8aoEbbRUdHaWD/9HBPAwAAAAAAAAAAAAAAAAAAAF2oxweg85auNx/nzpnSpi7LOcMHSWeCyv7uzec+zhk+qNXj+rtQ5y3b0GK4GgAAAAAAAAAAAAAAAAAAAEBoenwAujF/4Li1mnRsPhOGbm6b1s6JLtAAAAAAAAAAAAAAAAAAAABAx7CGewLtlb+/QFLbA8pdoTvPDQAAAAAAAAAAAAAAAAAAAOhJenwH6I4OQOfOmaKc4YMk+To2+8fP31/Q5mPkZGcpf3+BORYAAAAAAAAAAAAAAAAAAACAtunxHaA7QuNgcs7wQcrJzlJOdpZy504N46wAAAAAAAAAAAAAAAAAAAAAnIsAtKT8fUfMx811eW68DQAAAAAAAAAAAAAAAAAAAIDwIADdgsZh6MZdogEAAAAAAAAAAAAAAAAAAACEBwFonQ03B+v+3FxHaAAAAAAAAAAAAAAAAAAAAABdzx7uCXSU/P0Fylu6/rzbBdumcXfnc9f71zU3fkv7BtsGAAAAAAAAAAAAAAAAAAAAQNtZvF6vN9yTaI/7H3os3FNolWcffzjcUwAAQIcPFclisUhSu/8MeNx4mULYvoXHofy9uWXnW9fSPqFqzxgxsRHzHTQAAAAAAAAAAAAAAIAeqbbGHe4p9HLtiy9bO2gWAAAAAAAAAAAAAAAAAAAAANDpenwHaAAA0Hp0gKYDNAAAAAAAAAAAAAAAQG9GB+hwowP0/8/efYdHdZ9pH781M+pdSEgUiSIQzRiDAdMNAVNs3E3cYif2m9gxiZO1d51sdpPdZLPZTdZrkmw2xI43cRyX4N5Ex2AbRDPFBoNBIJroEhLqZWbOvH8MczSjGfUyKt/PdXExc+rvHGSfR2fueQ4AAAAAAAAAAAAAAAAAAACAXoIANAAAAAAAAAAAAAAAAAAAAIBugwA0AAAAAAAAAAAAAAAAAAAAgG6DADQAAAAAAAAAAAAAAAAAAACAboMANAAAAAAAAAAAAAAAAAAAAIBugwA0AAAAAAAAAAAAAAAAAAAAgG6DADQAAAAAAAAAAAAAAAAAAACAboMANAAAAAAAAAAAAAAAAAAAAIBugwA0AAAAAAAAAAAAAAAAAAAAgG6DADQAAAAAAAAAAAAAAAAAAACAboMANAAAAAAAAAAAAAAAAAAAAIBugwA0AAAAAAAAAAAAAAAAAAAAgG6DADQAAAAAAAAAAAAAAAAAAACAboMANAAAAAAAAAAAAAAAAAAAAIBugwA0AAAAAAAAAAAAAAAAAAAAgG6DADQAAAAAAAAAAAAAAAAAAACAboMANAAAAAAAAAAAAAAAAAAAAIBugwA0AAAAAAAAAAAAAAAAAAAAgG6DADQAAAAAAAAAAAAAAAAAAACAboMANAAAAAAAAAAAAAAAAAAAAIBugwA0AAAAAAAAAAAAAAAAAAAAgG6DADQAAAAAAAAAAAAAAAAAAACAboMANAAAAAAAAAAAAAAAAAAAAIBugwA0AAAAAAAAAAAAAAAAAAAAgG7DFuwBAAAAoOdyOg2dPV+o/DMXFBMdpf79ktUnKV4hwR5YF+JwOHUy/7wkyWIJ0ZBB/YM8ouYruHRZlZXViouNVmJCbKPLOp2GTp+9KEmKj49RQlxMZwwRANDFlZVXqqi4VJKUnBSv6OjINm3vQkGxqqtrJEmD0tPatK2i4lKVlVe2eL2Y6Ej1SYrXyfzzcjickqT0AX0VFhbarPVLyypUfLlMkpTWt4/Cw5u3HgAAvUFn3Gdoz3pCklwul06dviBJioqKUEqfhGbtPzTUpv5pyW3ad3e+5wAAAAAAANAUAtAAAABodydOndMLr67UhYLigPNHjxisry1ZoKTEuE4eWddzubRcT//vq5Iki8Wi5U//fZBH1Hx/e2u9Dh4+oVCbTT//5281GmouK6/Uf/7mJUnS/DmTdcfi6ztrmACALmzH7oN68/1NkqSv37NIUydd1abtvbhilY6dOCtJevaZp9q0rXdXfaKde75s8XoTrs7SI1+/Vb959nVVXQlP/fOTDyp9QGqz1t+yfZ/eX7NFkvTEY3drxLCMFo8BAICepjPvM7RnPSFJdrvD/H14xLAMPfHY3c3e//Kn/0EWS+vj3d35ngMAAAAAAEBTLMEeAAAAAHqWj3P26pe/fbnBDyUl6eDhE/qnf39O6zbt7MSRoaPYHQ797/NvyjBcwR4KAABdXvHlMr3x/ia98f4mHTpyMtjDAQCgy+M+Q8fIzcs3a5JLRSXBHg4AAAAAAECL0QEaAAAA7aaouFR/e3uD+X7OjAm6atRQDc8cKIfDqdNnC7RnX64+2rJHklR4iQ/YoiMjNG3yWElSWFj3fcT96bMFevP9jfrqbXODPRQAANrFXbfM0U3zp/tN/9l//VmGYSjUZtOP/+EbfvMjI8IkSbNnjFdJaYUkKSYmypxfdLlUH368S5IUFmrTyOGDOmL4AAD0CNxnaJvG7jnk5uWbNcm4McPUJym+08cHAAAAAADQFgSgAQAA0G727j9ivn7w7oXmh2ySFBYaqqzMdGVlpmvO9PF67d0PdeP8qcEYZpcSGRmuB+9eGOxhtIuNm/do5PDBunpMZrCHAgBAm8XFRisuNtpvemioVTU1hizWEKWmJDa4/q2LZnbk8AAA6BW4z9A2PemeAwAAAAAAQH2WYA8AAAAAPcfnX9R9MDnuquENLpfaN0nfe2SJEuJiOmQctXa78k6c0eXS8mavU1Nj1+Gjp3ThYpFcLlez1ysuKdPho6dUVl7ZmqE2S63drrPnC3Xw8AkVXLrcrPHZHQ4dPXZaBZcut3h/bTmmZ//yroqKS1u8nkd1da2Onzyro8dOm10zm8MwXDpx6pzOnCsIOL+0rEJHjp1WcUlZs7bX2p8HAEDHcLlcyj9zQSfzz7f4/8tmXVDS/LqgOygtq9Dho6daVO8AANDddLn7DF2snvCM6/TZi3I4nMEeDgAAAAAAQKeiAzQAAADaTXKfBOXm5UuScvNOafzYrGavu3LdVn2wNkeS9KO/e0CD0tN85r/w6irt2H1AkvTMv31X0dGRkqT//v3fdPTYaUnSf/10qX73/FvKP3PBXC8pMU6zpl2jhV+5LuB+c3bs18bNu32CsxaLRYvnT9OiG6YqxGvZpU89I8MwNHrEYM2dNVHvrPxYp8+613vovpv0+nsbVVFRpVCbTc/8+3cVFhqq+nbsPqgXXl0pSbrz5tm6YfYkc7sZA1P1T088aC5rdzj0xrub9Mm2z/y2M2n8SC259St+nSm3bN+nTVv2+BxPeHiosjIzdN9dNygxPtZn+aaO6bprRwc8b94sFovuvWOeXnlznQzD0G+fe13/8tTDslqb933LispqffjJLm3avEdV1TU+8+LjovXNB27R8KEDzWlnzhXo5//9F0nSbTfOVElphT7e+pkMw5AkhdpsumXRDN0we5L2HcjTK2+u9QlTp/VN0uPfuivg431b8vMAAOh4R4+f1rurNuvYibPm/+ctFouGDOqnWxbO0IhhGQ2uW1pW4VcXJMbHatp1Y3XzgukdPnbvGuXZZ57S6g3b9N7qLT7LrN6wXas3bJckDRs6UP/wnXsb3aZhuPRW9kfa89lhny/1hIeH6psP3KKxo4a281EAABBcwbjP4C3Y9YQ3T21hsVj0Hz9+VP/7f2+av7973LJwRoP3Mjz3HLxrFI9ly1eYr2+9caYWzZ3SkYcCAAAAAADQLghA15N95WZY3Q01999ZmenmMouv3NTyngYAAABp4jUjtXXnfknS83/9QPPnTNLsGROa1YGpuqa20fkOZ10nI+eVAJQkMwwlSb/87ct+3YeLikv17spPZLNaNe/6iT7ztuzYp5dfX2u+j4wIV02tXYZh6P01W3TuQqH+39du9tvXydMX9Lvn3/TZVmlZhSaPH6VNW/bI7nBox+6DmjllnN9xrNu003w9bdJVPtut39Dy7Q8+9gk/WywWc9lP9x7SwdyTeubfvmvO/yhnr1a8vcFvnzU1du0/mKf/WHZO//LUQ4qNiWr2MTXXzKnj9GXuCe3Zl6sLBcVa8fYG3b9kfrPW/eVvX1ZBYXHAeSWlFfr1H17Tf/z4USXEu3+Oamvt5vyV67bJ7nD4rGN3OPTWBx+prLzS53x7nL9YpOV/fkc/+Ydv+Exv6c8DAKBjncw/r2XLX/O51kvua1fe8TP67XNv6O+X3qPMIQMCrh+oLiguKdPKdVsVEhKixfOnddjYPeP0Vl1jb2DJ5vvTK9na/dkh831kRLiqqmtUU2PX7//vLT1490JNmzy2zfsBAKCrCMZ9Bm/Brie8eWoLwzD0i2UvBnxq0/trtigxIVZTr9xv8F7Pc8+hph1qEgAAAAAAgK6AALTqQs/Z67Y2uIwnCC3VfRM+KzNdWZnpZiAaAACgtxsxLENZmenKzcuXYRha8+EOrflwh5KT4nXVqKEaOzpTI4cPanZn4JYqKi7V3Osnav7syQoPD9Xefbl66fW1MgxDb76/SQP7p2jk8EGSpIOHT5hh19SURD3x2D1KiI+R02noxRWrtXPPQX2695DmXT/Jr0tURUWVJGnyhNGaMC5LA/qlKDE+VqVlFdq0ZY8kacNHn/oFoE+fLTA7C0+eMDpgdymPCxeLzG2lJCfqe4/cpZQ+CaqsqtauvYf0xnubNHn8KHP5fQfyzPBzeHiovvm1mzVieIYqKqr1wdocbd25X2XllfrP37ykX/z4Ub9Oxg0dU0t8494bdfzkORWXlGnz9s81MmuQrh03osn1pl83Vu+v3qK5s67V1ElXqW9Koi4VlWr1hm3avuuADMPQqvXbdN9dN/ita3c4lDlkgB68e5Hkcmnl+m3aueegJHfY3GKx6MG7F2rsqKHadzBPK97ZoJoau86cK1D+mQtKH5AqqW0/DwCA9ldcUqb//t+/mYGdO2+erWmTrlKIJUQ7dh/Ua+98KMMw9MzyFfq3H31TyQG6+nvXBRHhYdp38KheeHWVDMNQ9tocDRqYqrGjMzvtmOZdP1FTJo7RqdMXzKdBTJ4wSovmTZUkxTRSF0jSOys/McPPkyeM0oN3L5LNZlVpWYWe+f3fdKGgWK+9+6EmXjNSYWH+T6EAAKA76kr3GbpCPeFRVl6pm+ZP06yp11z58u8O7dzzpSR352vvAHR9jz10m2pq7dq0eY/5pet775inrCtP1uiTGNfxBwAAAAAAANAOenUAurHgs6e7s+fGmkf917l5+cpet1WL508jCA0AAHo9q9WiJ5feo7Ubd+i91VvM0FJhUYk+ytmrj3L2ymKx6Ppp1+jOm2fLZrO26/6vvWakltwyx3w/ddJVslot+vMr7pDRjt0HzQB0zpUOUpJ07x03mN2FrVaLltw6xwzRfrz1Mz1490K/fd1240wtrPdI2KTEOI0eMVgHD5/QhYJincw/7xOWXf/Rp+brhXOva/RYvB9rP3XiGKX0SZAkRUVGaNa0azT52tGSV8fo7bu+MF9/75Elyhzs7oYZlhCqB+9eqKLiUh06clJFxaU6f+GS+qX2adYxtURYWKi+9+gS/fy//yLDMPSnl7OVMTDVHHtD5s2aqK/MnKCw0LqwVmpKou66ZY6273I/jvj0uYsNrv/tb9xmdrV+6L4b9fmBI2ZHq+mTx2rKxDGS3D8PJWUVenflJ5KkcxeKzAB0W38eAADt68CXx80O/4sXTNcNsyeZ8+bMmCC73aG3sz+WYRja98VRfWXWtX7bqF8XTBo/SjabVc/95T1J7qcpdGZgKTYmSrExUaqsqjan9UmKD3hNDmTLjn2S3E+EuO+u+WYdFRcbrVsWzdTzf33f/dSHL4816wtIAAB0B13tPkOw6wmPBV+5Tjdf+UwqPi5aD96zyAxAFxaVNLpu0pWAc1xctDmtX1pys2sSAAAAAACArqLXBqCz1+b4BZ89jyprKsicm5dvhqc9gejsdVuVm5evxQumm+FpAACA3mrBV67T3FkTdeDQce3+/JC+zD1pPprVMAxt2rJHe/Yd1hOP3aO0vknttt8brp/oN23S+FF66bW1sjscOnbijDn96DF3HWexWJSSnOD3SNuU5EQVFBbr/MVLAffV0OPlF86dooOHT0iSPvxklx6+f7Ek96N3P93r/jBycHqa+qclN3osw4emK9Rmk93h0OoN2+V0OjVp/CilXflAMiI8zGf5I8dOS3J/kOkJP3u7YfYkHTpy0n3sx08H/GCzoWNqiX6pffTAVxfoxRWrZRiGfvvs6/rpD/9fo+u4P6Cu+5C6psauWrtdDodTsTFRKiuv1KUGPsDtl5Zshp8lKSQkRMlJCWan7Wuv8Q2A9etbd9yXvULmbf15AAC0L+8voM+d6R9unj1jvN7O/ti97LH8gAHoQHXB+LFZCg8PVU2N3acu6OrKyivNpzUMzkhTZWW1KivrgtQD+qWYry9cLOr08QEA0NG60n2GrlBPzJzq+8Qpm9WqIRn9dPzUOUlSRWW1oqMigjE0AAAAAACATtMrA9DLlq/w+SCtpd2bszLT9eTSeyTVhaE93aCXLV9BN2gAAAC5Q63jrhqmcVcNk+R+bOzOPQe1duNOVVXXqKS0QqvWb9PD99/Ubvvsm5LoNy0kJETJyQk6d75QFwqKZRiGamrsKimtkOT+oPSff/HHBrcZKHibmpKouNjoAEu7a8WkxDgVFZdq12eHdd9d8xURHqacHfvNTlU33jCtyWOxWi26cf5Uvbdqs+wOh1au36aV67cp1GbT2NGZun3xLLOzcmVVtfnBb0Mf9HqfmyN5pzVziu+HpY0dU0tNnXSVvsw9qZ17DqqwqEQvvb5Wt980q8Hla2rsWv3hNu3+PFeXikrM8+TNMFwB1pTGjBjsNy0stO7XnKzMDJ954WF1XaY9+6mqqmnTzwMAoP0dPe7+Yk+ozabIyHC/+WGhoWbwKO944OBRoLpAkvlFmcKiEjmcTtms7dspsiN4zockHTtxVv/07881uOzFwuLOGBIAAJ2uq9xnkFpWT3h3pa6qrmlyn54nGklSiCUk4DJ9kuL9piUmxJkB6EC/VwMAAAAAAPQ0vSoA7Qkoe2Rlpgfs2Jybl6/co6d8QtKe5SXfDtGeMLR3R2nP34SgAQAA6iQlxmnh3Cmaft3V+qefPye7w6G9+3Jl3HujLA18oOfN6XQ2uUxDIVlvLpdkuOqWi46O1ISrsxpcPlAoOCwsLMCSdRbNm6JX3lgnwzCUs32f5l4/URs++lSSFBsTpbFjmvd43EVzp2jiNSP17qrN7nNlGLI7HNqz77D27Dus+++ar5lTx8lisZjrNHQOvKcHeiRwU8fUUg/cvUBHj59WUXGpduw+oLS+gT80lqRf/s/LOne+UJK7A/PoEYOVEB+rsFCbcnbsl93haHBdaxOhtcZ+tjxnpK0/DwCA9uf5/7uzGeGdhgJHDV0TvWsKS4gl4DJdjfexDOyfoiGD+je47PChPJkMANA7BPM+Q0vqCYvFoujoSFVUVOlSvacNBVJYdFmSFB8XrYaOIvD0pu+JAAAAAAAA9CS9KgCdvTbHfB2oS7N3iDkQTyA6e91WLZ7v7trn2Ybnb0LQAAAAjYuNiVJaah/ln7kgu8OhWrtdEeFhslrrPjC8XFKuQfWyOwWFl5vc9vkLlzRs6ECfaS6XS4VX1k1JTpTValF0VIRCbTbZHQ6F2Wy6/675bT8wL1MnXqXX39kou8OhDR/vUvrAVBWXlElyP7a36Y9h66T0SdC3HrhZLknnzhcqZ+d+bdq8R4ZhKHtdjmZOHaeI8DAlxsequKSswcfee08fNmRAG46ueUJtNj3x7bv1r7/6kwzD0HurtwRcrrCoxAw/Z2Wm6/FH7lKore7XlG27vpAazj+3i47+eQAANOxiQV23YpvX//+HDx2ogkL3kxsqKqoUHR3ps15Njd3sjpjZwHUtUF1gGIYuFbmDR/3SkpsVjmpvIV6VQHV1bbPW6Zfax3ydMTCNaxUAAF46+z5Da+qJvn0SdLyiShUVVbpwsUipDTy96fTZArPGSevbJ+Ay7cV71DU1zatJAAAAAAAAupLu0eamHSxbvsIMMNcPP2evzdG3//7pgOHnrMx0vw7RkjvgnL1uq2+oesF0Pbn0Hp9l6neRBgAA6Mk+/GS3fvqrPynvROBH0UvuDxjPnCuQ5O5gGBHu7jycnJRgLrPv4FGfdU6fLTDXaczqD7f7Tdu+64DZQThzcF23xIH9UyRJxSVl+uLLYwG3d+LKo2Nbymaz6vrp15jb/8Of35Hk7vo0c8q4Zm3DMFw+j7sPkdQ/LVlLbpmjWdPc2y4prdD5C5ckScMzB5r7O3z0lN/21mysOzfDA9S3HSElOUEP3df4o4ePn6w7x4PS03zCz8dPnvV59G9H6sifBwBAw3bvO2y+TvV6xPxwr6DR2k07/dbb8PGn5utA922kwHXB5m2fm3XBsMEd/4WgQBLiY8zXnx842siSdVJTkswnPmzfdUClZRV+y7hcLp3MP98+gwQAoIvoivcZWlNPXH3VMPP1i6+tltPp/5QLh8OpF1esNt+PGzPMb5n2lBAfa75ubk0CAAAAAADQlfSKDtDZa3PMIHJWZrpf+Nk7+OwJPGcNy/D7AC03L1+5V8Ik3p2es9dt1ZNL7zHXXTx/mjl/2fIVevaZpzr0+AAAALoCw3Ape22Oqqpr9PTvXtXIrEEaM2KI0lL7KCUpXhWV1Tp89JRWb9gu48rj7CdeM9JcP31AX/P1tk8PKCEuRteMzdLpsxe14p0NzRrDgUPH9aeXP9D8OdcpIiJM+744qjfe32TOnzZ5rPn6njvm6T9/85Ikafmf39FdN8/WuKuGyWq16sy5Aq3/+FMdyj2p737zTl01amiLz8e86ydpw8e7JElV1TWSpBnXXa3w8NBmrb9n32H930sfaEhGP914w1QN6JeimOhIncg/r0/3fmku5+mIOXPqNdq5xz39t8+9oa8tma+RwweprLxSK9dv07ETZyVJGQNTldInwX+HHWTS+JE6dOSEcnbsDzh/xLC6mvujLXs1cvggjRw+SHknzpjB8c7Q0T8PAAC32lq7LhYWK//MRa3asF0VFVWS3E8O6JdW1+Vw7OhMRUaEq6q6Rus27VRISIimThwjhYTo0z0HtXL9NklSeHioxl01POC+fOqC8DDt2XdY76z8xJw/Y8rVHXikDUtMjJPFYpFhGCoqLtV7qzdr5pRxio+L8elU6c1qtejWRTP0zspPZBiGfrHsRd175w0aktFftbV2HT91Tu+u+kRFxaV65uePKzoqopOPCgCA9tfl7jO0oZ6YP3uyPtqyRyWlFTp24qx+/Is/avGC6UpLTVKIQnT2fKHeW71ZZeWVkqTkpHjNnjGhWdtuLc8XgSVpx66DyhiQqonjRyoiPMz84hUAAAAAAEBX1jsC0F4BZ58OzfXCz/U7Q9dXvxu097rLlq8wQ9CebZgh6bU5jW4XAACgJwixhGjxgul6d+UnsjscOpR7UodyTza4/HXXjtHc6yea7welp2no4P46duKsDMPQyvXbzHCT5A44NdUNeEC/FH2695A+3XvIb959d97gU8sNSk/T4gXTlb02R4Zh6PX3Nur19zb6rfdl7slWBV4T4mM0dtRQ7ffqJrzgK5Obvf7BwyckScdPndPv//R2wGVuu3GmYmOiJLk7ZT76jVv13F/ek2EY+utra/yWT+ubpL9fem9LDqNd3HvnDcrNO62CwmK/eXGx0bp6zDDtO3BUdodDv3v+TXOexWIxA2IdraN/HgAAbofz8vX7/3vLb/r9S+b7PAUgJjpS//TEg/r3ZX9RTY1dazfu0NqNO3zWCbXZ9I/ff0DxcdEB99VYXfDw/Ys1KD2tjUfTOiGSblk0Q+9eCU+t3rBdqzdsV6jNpt/96okG15s/Z7L2f3lMR4+dVklphZ594d2Ayx07cUZjR2d2xNABAOhUXf0+Q0vqCavVoke/fpt+9/ybqqquUXFJmV563f/3dsn9RedHv3GbLJaQZm27tQalpykrM125efmyOxx69a31evWt9Ro7aqi+8807O3TfAAAAAAAA7aHHf4U7e22O+bqh8HNWZrqeXHqPX0g5Ny/fvdyVP94WL5iuZ595SovnTwu4L58u015BaQAAgJ4qRNLcWdfq6X/7jm6YPUlpfZN8gkySFBkRrmFXgroP3Xej3/zHv3mXrvXq1iRJSYlx+sa9N2rGdeOaHMNT371PV48Z5rPdIRn99LWvLtCsadf4Lb94/jT98Hv3K31Aqk93I4vFogH9UvTYQ7drya1zfKZLkrWZH0IunDvFfD1y+CD1SYoPuFyg7T5490I98vVbldY3ya/zUnR0pO5YfL0WeG1fksaPzdJ3vnmnxo7O9Ok0nZqSqDkzJugH37vfrwN1S48pEGsTnaFsVqv+7tEldfuq193ysYdv17zrJ/qMLTkpXksfvl0D+qWY2wi8bf99W22Bl21KS38eAAAtF7Q08H0AACAASURBVHflizseGQNT9b1HlmjKxDF+y6YkJ+hH339AUyaO8Qk5x8dFa/KE0frh97+mfql9fNbxvl4EqguGDR2oh++/SZMnjGr1MVhC3NcIm63xvgINXbskacGcyVpyyxyfa19YgKdEeF8zQ0JC9A/fuVdfv2eRkhLjfJYLtdk0MmuQ/uWphwg/AwB6jGDdZ+ioemLo4P761b8+pq/MnGB+mdlbfFy05s+ZrF/9y2M+3asDjasp3jVEY7/3L334Ds2cMs7nd+Cw8LBm7wcAAAAAACCYQlwulyvYg+gouXn5WrZ8haS6kLPk3/n52Wee8lsve22OcvPy/bYZqEt0oDB1/elNdZfuLKvWb1OtvfGOBvFxMeqflmw+Zr232Lpzv86cL5TkDtzM6eDHywFAMJ08cUYhIe4PPdr6t89r72lqxvKNvG7O+4amNTWvsXWaqy3biIzqFQ/hMFVWVau0rFKJ8bF+4duGuCQVFZUoMjJcUZGNP8L9v373io6dOCvJt64rLatQVGSEbC0Iw14uLZfhNPxCRV1BeUWVamvtio6KbPZ5LC2rUHhYWLOX7woul5YrLNTW5L97Z42lq/48AEB35XA4dbGwWFFREYqLiWrR49Wrq2vldDoV3Yp7Fa2pCzpLRWW1SssqFBMdGTAM1RDDcOlScYkiI8J71f0bAAA6+j5DQ9q7njAMl4oul0qSkhLiOrzjc1NKyypUWVWjhPgYRRCCBgAAAAD0ElWVjmAPoZdrW3y516RvGgofe3dw9vCEpgMxA81e21u8YLpy8/J9/mRlprsfoX1l+ex1W7tEADp73dYWPUJ8xpSrdduNs3rFB2nbdx0wQ+9pfZMIQAMA0E6iIiNa/OFiiNRgt+TmiouNbnqhehLiYtq0z44UEx0ptbAma805CLau9G/QlcYCAD2FzWZV/7TkVq0bEdH6IE5XviZGR0UoOqrlQSyLJUQpfRI6YEQAAHRt3ek+Q2MslhAlt3FM7SkuNrpL10wAAAAAAAD1Nb/NTjeUvTbHfJ2VmW5Oa6wrs/c6i+dP07PPPKVnn3lKi+dPq9vGuq1+3aG9t1N/G93Zlu379Kv/eUVOZ/ND0z1RSWmFXnh1lV54dZXeX7Ml2MPpdCve+VAvvLpKf31tjapraoM9HAAAAAAAAAAAAAAAAAAA0Iv16A7QnpCyJ7hcX6COzA2Foz1dnj3doXOPnvLZblZmurIy0/26QGcNy5A8XaDX5nSJLtAe//j9r/l1PKisrNal4lJt2f659uzLlSQVFBbr3VWf6M6bZwdjmJ1m7OhMhYa6/5Oo342qorJKO3YfkCSF2my6ZeGMTh9fMOVs3ye7w93uf/6cyUrrmxTkEQEAAAAAAAAAAAAAAAAAgN6qxwagvTs0+3RnvhJGDhSK9l4na1iG3/z6Ief6Fi+YbgakvdcJtP2uIDo6UrExUT7TYmOilNo3SaNHDNY7Kz/R2o07JEl79+X2+AD0DbMn6YbZk4I9DAAA0EL33D5PBZcuB3sYAAAAAAAAAAAAAAAA6CSWYA+gM/kEnBvoCt3cbTS1fvbanDbvK9jmzrrWfF1YVCLDcAVxNAAAAIFlDEzVteNG6NpxI4I9FAAAAAAAAAAAAAAAAHSCntsB+uipFq/jHVTOXpujJ5fe4zPfO9Tc1PoBx9TFOkA3JToq0ue93e5QeHiozzTDMPTp3kPavP1zXbhYpFq7Xf1TkzU4o58WzZuiuNjoBrd/ubRcH+fs1f6DeSouKZck9Uvto4wBfTVnxrVKSU4wl33h1VVXxhSur942V5eKSrRlxz7t+uywSsvK9b1HlihjYKpefn2duc5D993ot8/aWrteeXO9JCkyMlz33D7XnPfZF0e0d98RSdJVo4Zo0vhRWrNxh86dv6Tyisq68+BwmOORpMkTRmnMyCE6f7FIqzdsv3IcSZo/5zp9su0zHfjymI4eP6OkxDiNGTlEUyddpX6pfSS5fyb27svVF4eOq7q6RinJCZo68SrNnDquwfNWUHhZ6z/6VIePntTl0nJFR0VeCX6N1KTxI/2W9z6u8VcP1+gRg5WzY78OHj6hE6fOyWIJ0YB+KZoz81qNHTXUXO/zL45qz75c85g9Xn1znRIT4iRJ6QP6at71ExscKwAAAAAAAAAAAAAAAAAAQHvrsQFob55gsncoOmtYRoPL5ublKzcvX9lrc8zlco+eUva6reZyixdMb3T9pqZ1B/lnLpivQ222gOHn3zz7ut+xHT91TsdPndOW7fv07Ydu05iRQwJu+z9/87IMw/CZfvTYaR09dlobN+/R3Osn6q5b5ihE0o7dB8xlhgzqrz+9nO2z3uWScg1IS/FZ7hv33aiQevutqKz2WcY7AH3sxFlzXmioVZPGj9Luzw77nAcP722Eh4VqzMghulxSZk7vl5asvBNntf9gnrncmXMFOnOuQJs279EvfvyI9h3M08uvr/XZbll5pY6dOKsjx/L18P2L/fZ7+Ogp/foPr/lMq6mxq6i4VJ/tP6Ldnx3Sw/ffpLCwun8r7+OKiAjTynXb/I6ppLRCBw+f0IKvXKfbb5rlXu/kWZ/j9PD+9847fpoANAAAAAAAAAAAAAAAAAAA6FSWYA+gMzUUevbm3fU5e91WLVu+QsuWr/ANP8+f1qL9dsfwc2lZhf7vpQ/M98MzB/rMd0n641/fN4/NYrFoysQxmjtrooZk9JPk7hr8+z+9rbLySp91z124pP/6n1d9ws+pKYnKykxXdHRd1+ntu/zDt5J8ws8Wi0XJSfE+gd/21CcpTrExUYqMCPeZHhsTZf6Jj/Pvcn3ufKH2H8yTxWLRwP4pCrXVfdfA7nDoZ0+/YIaf4+OilZqS6LP+zj1fKv/MRZ9pp05f0G+fe8N8nz4gVXNmTND068aa2//siyN6b/WWBo/n45y9Zvh5QL8Un/MtSWs37lDBpct+x+gtMiLcnJ7s1aUbAAAAAAAAAAAAAAAAAACgM/TYDtBZwzKkK6Hl3Lx8swu0R+7RU37TPJ595illr83xCT17PLn0ngbX8+yrwTE1sl4wrFy3VQnxMT7TKiqqVXDpsg4dOekz/e7b5vq8X7Nhmz7bf0SSFB0dqZ/8/Td8trVq/Ta9v2aLDMPQOys/0YN3L5TkDv/+8rcvye5wSJKSEuP0vUeWKK1vkrnu4aOn9OdXsjV31kS/Ds4eY0YO0Z03z1a/tGRzmerq2paegiZ9+xu3SZLOni/Uvz39giR3N+ynf/adJtdNjI/VU4/fp6TEODmcTq3buFPvr3GHkysqqiRJd948WzfMniTJHQz/79//zZy3fdcBpQ/oK8nd5fnp39WFxm9eMF03eQXxb100Uz97+gVVVFTpw092ad71E5WYEBtwXAP6pei737pTifHu+UeOndb/PPeG+W+y7dMvdMvCGZp3/USzu/PjP/y1Of+H3/+az78XAAAAAAAAAAAAAAAAAABAZ+qxAeimNNWVefGC6Vq8YLqy1+aYnaObCjB7b7OrhZ0DaajDsrdQm02PPXy7UusFXjd8stt8/bUl8/2C1AvnTtGHm3eroqJKe/flmgHovftyVVNjN5f7/qNf9et+PGJYhv7zJ481OKaRwwfp8W/d1eTYg+2h+29SUmKcJMlmtWrRvCnKXrfVDDEPyehnhp8lqV9qH82edo1Wrt8mSbpYWGzO27PvsBlATklO1I31upDHxUbrjpuu10uvr5EkffHlMc2cOs5vTBaLRY8/cpcS4ur+vYYPHagZU67Wpi173PstKPZbDwAAAAAAAAAAAAAAAAAAoKvosQFo7wCyp9uz509T4WdvixdMb/ayuUdPBZ7egv11JXfePFtTJo5RbEyUz/TikjKzS7EkDR00QBWV1X7rD05P04FDx1VVXSOHwymbzaovvjxmzh+ZNcgv/OxhsTTU+1m68YapLT2UTmexWPxC8CEhIUqIj1FRcakkafzVWX7rpSTXnY/LJeXm6wOHjpuvRwxLV2WA8z2wf4r5+vzFooDjGpyR5hN+9uiX2sd8XXS5NOC6AAAAAAAAAAAAAAAAAAAAXUGPDUB7q9+ZOTcv3/zTnp2as9dtNV97gtPe+25JmLozPPHY3eqflixJulxSpuMnz+mt7I/MDs05O/ZpzowJfusVF5f5vP/hz5Y3ua/CS5eVltpHhUUl5rQB/VIaWaNhafW6UXdF8bHRAaeHh4eZr5P7JASYH2q+9nSKlnxDyVu279OW7fsa3f/5i5cCTk/r2yfg9IiIunEZTiPgMgAAAAAAAAAAAAAAAAAAAF1Bjw5ABwo7Zw3LkK4ElbPX5ujJpfcoNy9f2WtzJLWsW7Ono/TiBdPN9SVp8fxp5mvvrtDtGbZuD7ExUWZ359iYKKUPSFVWZrp+seyvsjscOn+xSK++tV4P3r3QZz3vYK4kJcbHNrkvq80qSbLbnea08LDQhhZvVKit6//YhjTSwdrDarE0e3veoWSLxdJgwNrDu5O0t8Y6awMAAAAAAAAAAAAAAAAAAHQHXT9J2gaLF0zXsuUrJLmDyGZgef40Za/bqty8fC1bvqJFoWdvnmC1d+dnz349PPO8Q9FdWVpqH911y2z97e0NkqStO/dr3vUTzU7RkpRarwPzz//5W7JZrc3afkJ8jPLPXJAkFRQWt9OoA3MZhkLqhYwvl5Q1sHTX1i8tWSfyz0uS5l0/UXcsvj5oY3G5XEHbNwAAAAAAAAAAAAAAAAAAQPNb0HZDnsCzJDPwLLkDyp7p3uFnz/LN/ROId9DZuyt0dzJz6jVmZ2hJeu2dD33mx8ZE+XRhPvDl8WZve2D/FPP1Z/uPqqbG3oaR+gqPCPN5X3zZP+x82Ksjd0tEhNdt2+5wqLiTg9QD+tWdt8+/OKLOjiDbbHUB9xOnznXy3gEAAAAAAAAAAAAAAAAAAOr06AC0VK8bs1cg2Xu65A4uP7n0nhb/qb8Nz3a9O0N7T+8OLJYQffW2r5jvDx89paPHTvssM+6qYebrv76+RmXllX7bKSuv1F/+tkp5x8+Y06ZNHmu+tjsceuXNdTIMw2e9qqoa/fW1Ndp/MK9F4w6RfILbOTv3+8y/UFCs99e0LpSemBDr837P57mt2k5rjRtTd74vFBRr7cYdAZfbsy9XL65Y3e77T01JNF/v+uxQu28fAAAAAAAAAAAAAAAAAACguWxNL9K9ebo15+blu0PJa3PMDtCL508zQ8rZ67Yqe93WZoWVPdup3z26obB1dzRx/Ci9vyZHBYXFkqRX3lqvf33qIXP+vXfeoM+/OCq7w6GKiir98Gd/0JyZEzQgLVlVVTU6efqCdn12SIZh6HJpuf7u0a9KklL6JOjWRTP03uotkqSdew7q2IkzmjBuhOJio3Xq9AXt3Zcru8Oh02cvauzozBaN+6pRQ7Xt0y8kSavWb9PO3Qc1dnSmamrt2lovEN0SISEhyhiYqlOnL0iS3nhvow4dOanJE0YpOSleQwb1b/W2myMlOUGL5k3R6g3bJUnvrvxEn+8/ognjRigmOlLnLlzSgUPHdeZcgSRp7qxrNbB/33bb/6gRg3Ui/7wk6cCh4/qPX/9VM667WomJcRo7ami77QcAAAAAAAAAAAAAAAAAAKApPT4AXV/2uq3KGpZhBpazhmVo2fIVPvNz8/KVlZluTssaluGedyXU7B18lvw7PHuHo7tb92ePEEn33D5Xv3v+TUnSufOF2rs/V+PHZkmSoqMi9NjDt+u5F99VTY1dhmHow493BdxWba3d5/2ieVNVU2vXmg/dXYwLi0q0btNOv/WqqmvlcrkUEhLS7HHfftMs7dh90OwqXVhUok1b9pjzx4wcogOHjjd7e94evHuR/v2Zv5jv9x/M0/6DeUpJTtTPf/TNVm2zJRbPn65z5y/psy+OSJKOnzqn46fO+S1nsVh0uaS8XQPQi+ZN0SfbPldFRZUk6dTpC3r19HpJ0v/88u8UFhrabvsCAAAAAAAAAAAAAAAAAABoTI8PQC9bvsIvsLxs+Qo9ufQeszv0s888pey1OWY3aE+3aNOV6fWZIWqvsLT3dup3he4KrBaLGQ4OtTX+zz9m5BCfrsdvZ39iBqAlafSIwfrVvyzV6+9t1OcHjprhWMkdwh3QL0W3LJoRsEPwbTfOUlJCnNZs3KGi4lKfeSnJiVowZ7KmT7lagaLPFoulwTHHxUbrZ//4//Tnl7N9wsGxMVGaeM1I3b54lr73j79p9LilwOdmYP8U/fOTX9dfX1uj/DMXzOkxUREB1rc2uY+Wslot+vZDt+nAoeN684OPdOFikflvKbmPccK4EbplwXRFR0cG3EZT/+YNCQsN1U9/8LD+9tYGffbFEZ/9En4GAAAAAAAAAAAAAAAAAACdKcTlcrmCPYiO4h1+Xjx/miSZ4WTPtPoBZU/35vqhaW+Bgs/19ydJzz7zVJuPoTtxOJy6WFismOhIxcVGN3u9mhq7SssqZLValJgYFzD03BqG4VLBpcuKjAhr0Xhasm2Hw6GEuJgGA8cdraS0QhWVVeqbkiibtf1D1w0pvlym8ooqxURHKjEhttP2C6D9nDxxxuyw39a/fV57T1Mzlm/kdXPeNzStqXktebpAS7fdHJFRPf47aAAAAAAAAAAAAAAAAF1aVaUj2EPo5doWX+6xAej64WdP0Nm7Q3P9efUFCkHXDz17llu2fIXPMoEC0gAAdBUEoAlAdyUul0u1tQ7Z7Q7ZnU45nYYMw5C7Su2RpSoAoFcJUUiI+2lGVqtFoVarQkNtCguztUtN0pt4aoZah0MOh6dmcKmH3toCAPRCISEhslhCZLVaZLNZFWajZmgNagYAQE9HzQAAANB+CEAHW9vu1/TI9E39TsyNyV63VdnrtgYMQjcVYM7Nyzc7Rnuv8+TSe1o+aAAAgF6mptau6upaVdfYRdAZANBzueRySU6nU06nU7WyS1WSFKKI8FBFRIQpPCw02IPs0nxrBgAAei6XyyWn0yWn01BtrUOVqpEkaoZmomYAAPQW1AwAAACAW4/rAN1Q+Hnx/GmSZHZ/zspMV1Zmuk83aO/pWcMyzPeSbzfo+qFn73001E0aAICuhA7QdIAOpppauyorq1Vrr/smZVhoqMLCbLLZrLJZrbJYQuhWAQDoMVwulwzDJYfTKYfD6e5IaK8L5oSF2hQVFcEHlPXU1NpVUVkju0/NYKNmAAD0WIFrhrrrYGioTdFR4dQM9VAzAAB6G2oGAACA9kMH6GBrW3y5RwWgvcPPnjByoEC0d5fm7LU57r/rBaFbguAzAKC7IQBNADoYDJdL5eVVqqp2d6OwWiyKjAxXZESYLBZLkEcHAEDnMgxDVdW1qqqqkdMwJEmREeGKiYmUpZeHcwyXS2XlVaqurpXkqRnCFBERJis1AwCgl3Eahqqra1VVVWvWDBERYYqlZqBmAADACzUDAABA6xCADjYC0JICh58DzfMOP9eXvTan2UHorMx0cx+eLtEAAHQXBKAJQHe22lqHSssq5TScClGIoqMjFB0VEexhAQDQJVRUVquiolouuWS1WBUXG6WwsN5XL0hSrf1KzeB0f1gbEx2p6KjwII8KAICuoaKyRuUVVZIkq9XirhlCqRkkagYAALxRMwAAADQfAehgIwDdaPjZO9TcWPi5Ps/2co+eMqdlDcswtwMAQHdGAJoAdGeqrqlVSWmFJCk8LFSxMVGyWunEBACAN6fTUFl5pWpq7ZKk+LhoRYSHBXlUnctdM1RKksLCQhUXE0nNAABAPU6nodLyKtWaNUMUNQM1AwAAfqgZAAAAmocAdLD18gC0d8C5vcLPAAD0dASgCUB3Fu/wc1RkhGJjIoM8IgAAuray8ipVVlVL6l0haO8gU1RkODUDAABNcNcMNZJ6V6CJmgEAgJbprTUDAABAcxGADra2xZe7/VfiPQFnSYSfAQAAupDaWocZfo6JiuRDSQAAmiE2JlIxUe5rZklphWpre/6Nt1q7wwwyRUfxhSkAAJojNiZS0VERkqSS0krV2qkZAACAv95YMwAAAKD36PYBaI+szHTzNeFnAACA4DJcLpWWeToyRSg6OiLIIwIAoPuIjo5QVKT72llaVimjez+8q1G+NUO4YqgZAABotpjoCEVFhkuiZgAAAA3rTTUDAAAAepdu//z1rMx05eblKzcvX9lrc8zXnnmEnwEAADpfeXmVnIZT4WGhdGQCAKAVYmMi5XQ6VVNrV3l5leJio4I9pA5RVl4lp9NQGDUDAACtEhsTKYfTUG2tXWXlVYqnZgAAAAH0lpoBAAAAvUuIy9W9v96Xm5evZctX+E0n/AwAQMNOnjijkJAQSWrz3z6vvaepGcs38ro57xua1tS8xtZprrZsIzKq238HrVE1tXZdLilXiELUJylOVmuPeegIAACdyuk0dKmoVC65lBAfo/Cw0GAPqV25a4YKSVIyNQMAoB25XJLT6ZTDachwGjJchlwul4L1aUhIiPs+giXEIovVIpvVIqvVqna4PSHJXTMUFpVKkhLio6kZAABoJmqGnlUzAAAAtEZVpSPYQ+jl2lZ8d/sAtEf22hxlr9uqrMx0ZWWma/GC6cEeEgAAXRYBaALQHan4cplq7Q7FREcqOopH0gIA0BYVldUqr6hSWKhNiQmxwR5Ouyq6XC67WTOEB3s4AIAewOFwym53yO5wBnsozRJqsyo01CabzdrmbVVU1qi8okqhoTYlJcS0w+i6DmoGAEB7o2bomTUDAABAaxCADjYC0AAAoIUIQBOA7iie7s9Wi0XJfeKDPRwAAHqEwkslchpGj+oC7enk6K4Z4oI9HABAN+dwOFVTa5fTaQR7KK1itVoUHhba5lBT4aXSKzVDz+noSM0AAGhP1AxuPbFmAAAAaC0C0MHWtvgyzwkDAABAu6murpUkRUbSkQkAgPbiua56rrM9QV3NEBbkkQAAujOXy6Wq6lpVVtV02yCT5H4cfWVVjaqqa9WWnjWe6yo1AwAAvqgZfPXEmgEAAAC9EwFoAAAAtAuXy6XqGrskKTKCDyYBAGgvnutqdY29TR9wdhXeNUMENQMAoJUcTqcqKqtlt/ecLj12u0MVldVyOJ2tWj+CmgEAAD/UDP56Ws0AAACA3osANAAAANpFba1DkkthoaGyWCgzAQBoLxaLRWGhoZJcV6633ZvnGMJCbbJSMwAAWsFud6iyskaG0fMCO4bhUmVlTatCWlaLRWGhNkmiZgAAQNQMDelpNQMAAAB6L+4YAQAAoF14brSGhdmCPBIAAHoez/W1J3SsqnVQMwAAWs9ud6iqFzyuvaq6tlXXfc/11XO97c6oGQAAbUHN0LieVDMAAACg9yIADQAAgHZhv/K4PZvNGuSRAADQ83iur/ZWPt62K3E4qBkAAK3jcDp7RZDJo6q6tsWPtvdcXz3X2+6MmgEA0FrUDE3rSTUDAAAAei8C0AAAAGgXTqchSbJZ+WASAID25rm+eq633Rk1AwCgNVwul6p7UZDJo7q6Vi6Xq9nLUzMAAHo7aobm6Uk1AwAAAHovAtAAAABoF4bhvlFqsYQEeSQAAPQ8nuur53rbnRmG+wNZagYAQEtU19jNa0hvYhguVdfYm718Xc3Q/c8VNQMAoDWoGZqnJ9UMAAAA6L0IQAMAAKBdeJpLhITwwSQAAO3Nc31tQTOnLsvTkYqaAQDQXA6HU3a7I9jDCBq73dHsx9PX1Qzdv2igZgAAtBQ1Q++sGQAAANB7EYAGAABAO+FGKQAAHY/rLQCg96mpbX43w56KcwAAQNO4XnIOAAAA0LsQgAYAAAAAAAAAAF2Sw+GU02kEexhB53Qaze7oCABAb0TN4EbNAAAAgN6EADQAAAAAAAAAAOiSevNj7OvjXAAA0DCuk3U4FwAAAOgtCEADAAAAAAAAAIAux+WS7HQwNNkdTrlcwR4FAABdDzWDL2oGAAAA9BYEoAEAAAAAAAAAQJfjdBJkqo9zAgCAP66P/jgnAAAA6A0IQAMAAAAAAAAAgC7H4TSCPYQuh3MCAIA/ro/+OCcAAADoDQhAAwAAAAAAAACALscguOOHcwIAgD+uj/44JwAAAOgNCEADAAAAAAAAAIAux3AR3KmPcwIAgD+uj/44JwAAAOgNCEADAAAAAAAAAIAux+VyBXsIXQ7nBAAAf1wf/XFOAAAA0BsQgAYAAAAAAAAAAF0OuR1/nBMAAPxxffTHOQEAAEBvQAAaAAAAAAAAAAAAAAAAAAAAQLdBABoAAAAAAAAAAAAAAAAAAABAt0EAGgAAAAAAAAAAAAAAAAAAAEC3QQAaAAAAAAAAAAAAAAAAAAAAQLdhC/YAAAAAAG/nz5+Xw+Fo8Xp9+/ZVWFhYB4yo8zidTp0/f16VlZXKzMyUxdK531f0nPuWnEvDMGQYhiTJZuPXCwBA71FUXKqTp8+rttahAf2SlZbaRzartV22XVFZrcJLlxUVGaGU5IR22SYAAAgOagYAAAAAAICOQUIBAAAAXcof//hHlZeXt3i9xx9/XOnp6R0woo5XXFysN954Q0ePHjWn/ehHP1JiYmKnjuP5559XWVmZ7rjjDk2ZMqVZ63zwwQfKycmRJP34xz9WXFxcRw4RAICgcjideuWNddqx+6D5BSBvKcmJ+tqS+RoxLKNN+zlw6Jj+/MpKRUaE69e/+F6btgUAADofNQMAAAAAAEDHIwANAACALiU9PV3FxcV+08+fPy9Jio2NVXR0tN/88PDwDh9bR6isrNTTTz9tdr2Oj49XVlaWrO3UDaq7OXPmjPbs2aOkpCRNnz492MMBAMB0ubRcv16+QhcK3HVKYnys+vdLlsvl0plzBSoprVBBYbF+/YfXNOHqLD18/2LZbG27nhsu/8BUR1u9YZvKK6s1a8o4pfZN6vT9AwDQ3VEzAAAAAAAAdA4C0AAAAOhSHnrooYDTf/CDH0iS7rjjDo0ZM6Yzh9Sh1qxZI4fDIYvFoqVLlyojo23dnzrb+PHjFR8fL0mKiIhoizjThwAAIABJREFU8/Zyc3O1efNmJScnE4AGAHQpb763SRcKimWxWPT9R5f4dWysrq7VG+9vVM6O/Tqcly+LxRKkkbbNB2u3yjAMjRyWQZgJAIBWoGYAAAAAAADoHASgAQAAgCA6evSoJGn06NHdLvwsSRkZGd1y3AAAtIRL0v4v8yRJD3x1QcDH1UdEhOmBry7UrKnXqKKyWhZLSCePEgDQWidOndPf3l6v4stlrVo/NiZK99+1QEMH92/nkaG7oWYAgJ6NmgEAAADoWrrn18oBAACADuBwOHT69GlVVla2aJ2TJ0+quLi4Vfu8fPmyJDWrq3VxcbHOnDkjl8vVon2Ulpbq+PHjqq2tbfH4ioqKWnxOGlJZWalTp06ppKSkzdtyOp0qKCjQsWPH2mV7AAA05sKFS6qpsUuShg5q/IPqQelpGj1icKPLXCoq0YlT51Rrt7dpXK3ZzoWLRTqZf152h6NN+waAnmTv/txWB5kkqay8Urs++7IdR4TuipoBAHo2agYAAACga6EDNAAAALq1vLw8Pf/885Kkp556Sn369Am43EsvvaQDBw5ozJgxeuCBB3TgwAG9+OKLioqK0hNPPKEXX3xRp0+fNpdPTk7W9OnTNX369IDb27dvnz7++GPl5+eb0ywWi2655RZNmzat0TGfPXtWv/nNb3ymvfbaa3rttdckSZMmTdKSJUskSRUVFXr33Xd1+PBhVVdXm/sZPHiw5s+fr6FDh/ps57333lNOTo4mT56ssWPHas2aNTpz5owkaenSpRo8uPEPVz3Wr1+vjz/+2Cc0PXDgQD3wwANKTEw0p3mfx5/+9Kd+45gwYYKuueYavfXWWz5B5aioKD3wwAPKzMyUJP3hD3/Q8ePHzfmFhYX6wQ9+YL7/yU9+otjYWLlcLq1atUqbN2+WYRjmfIvFohkzZmjhwoWy2fg1BwDQvpKTE2SxWGQYho6dPNuqx7xXVdXotXc/1P4vj6miosqcPjg9TY8+dJsS42M7bDvn/z97dx4e1Xnff/8z+2hDICQQCLFJFmAM2MYLSNgYG4MN8p7YeEm9tYlL0v5ap+2T52mSJr3S5te6dpPYxYmdpY7jmMQ48SJjgzc2YWx2sxgEYpHEIgsQWkbSSKMzzx/DHGbQwmgdjeb9uq5cOnPOfe5zzwhnvpI+8z2Vp/XGyvX64sARM5QlSSMzhumhe29RgtupHz39Utg5//OrP5nb+ddM01/cd0vEzxUAYs30qbnatGVPlz9sGmSxWHTF9Em9vCrEImoGagYAgxs1AwAAADCw0AEaAAAAMW3ChAmy2+0yDEMbNmxod0x9fb127dolwzA0a9YsSTKDvU1NTfrZz36miooKpaSkKCsrS1arVadOndKbb76pzz77rM18e/bs0e9+9zuVl5crLS1Nl112mcaOHSvDMPTGG2/onXfe6XTNfr9fycnJSk5ONvdZrVZzXzBg3NzcrOeee047d+5UU1OT0tPTNWbMGEnSoUOH9MILL4QFsCWpsTHwR839+/frV7/6lY4dOyar1ar09HRZLJHdVnflypV6//33ZRiGRo0aJas18GNDRUWFXnjhhbCxwdfRd0FHqOA69u7dq1//+teqqanRiBEj5Ha7JQW6Qb/44ouqqwt0TBkyZIiSk5PDwsvB1yM5Odlcw/r167V27VoZhiG3260JEyYoNTVVhmFo3bp1+vWvfx3RcwQAoCvsNpum5I2TJL20/F19sHZLl7oh+nytenrZq9q0ZY8aG72anDdO06ZMVILbpSPlJ/X9f/+laus8fTLPmepa/finL2vH7gPyeluUNmyIskZlyGq1qrKqWk//z6s6Wl6plOREpSQnmudZrVZz3/BhQyJ+rgAQi3LGZ+n2W+Z0+/zbb5mjSyaO6cUVIVZRM1AzABjcqBkAAACAgYXWaAAAAIhpVqtV119/vT744AN9+umnKiwslM1mCxuzceNGSVJqaqouueSSsGOGYcjj8ejRRx/VlClTJAXCvK+++qp27dqlFStWaNSoUcrOzpYkHTt2TC+9FOh2tGDBAs2fP9+c6+DBg3rhhRe0du1aFRQUaOjQoe2uOSsrS9///vclSd/5zndkGIYefvhh8/pBv/rVr3T69Gm53W498cQTGj06cPtcr9er3/zmNzp06JCef/55fec739GQIeF/ZKypqVFiYqIeeugh5eTkRBx+lgKh8JkzZ+qee+6R3W6Xz+fThg0btHLlSp0+fVoHDx5Ubm5uxHNlZmbq8ccfV2pqqiTpwIEDevHFF83Q8uLFi/Xggw9Kkj7++GO9++67Sk9PD+sAHXzeK1eulCTdcMMNWrRokXns5MmTevXVV3XFFVdE/DwBAOiKuwvnqqyiUnX1DVrx1sf6U9Fa5U7I0oypuZo6eYIyR7Z/FwpJev43f1bF8SolJSXou99+2Oy42NzSoudefF0lpeX6U9FaPXL/og7n6M48zc0t+vFPXpbX26JhqSn62298VaPOrdMwDK366FN9tH6bZl01VQXXTpMkLf3Hp2UYhv760Ts17dKcHr9uABArCq6drjNn67T+kx1dOu+62Zer4NrpfbQqxCJqBgAY3KgZAAAAgIGDDtAAAACIeQUFBZICweUdO8J/8RzaGXrevHntnj9//vyw8LHdbteDDz6oxMRAR6Pt27ebx7Zt22aOufHGG8Pmyc3NNQO4W7Zs6clTktfr1eHDhyVJ9913nxl+liSXy6WHH35YVqtVPp9P+/fvb3eOpUuXKjc3t0vhZ0kaOnSo7r33XrMbs91u1w033GB2b66srOzSfI899pgZfpakSy65RNOmBf5gevLkyYjnaWpqkmEYkqSpU6eGHcvMzNTf//3f6+qrr+7S2gAAiFTWqAz923e/rjmzppu3ti8pLddrb32sH/znr/Xt7z+nPxWtbdPlsbm5RXv2Bd7Tb7nx2rDbzTsdDj36wGJJ0qYtezq9fnfmOXj4mOrqGyRJ3/qre8wgkxT4ENmt82frqR9+UzYbvyIEAEkqXJDfpSDntEtzVLggvw9XhFhEzQAAgx81AwAAADAwxG0H6KJVxYGvqzeG7c/LyVbhwgLl5WRHY1kAAADohqSkJM2YMUM7d+7UmjVrNHPmTPPY3r171dTUJKvV2mE4dtasWW32Wa1WzZo1Sx999JGOHj1q7j906JAk6fLLL1dTU1Ob80aNGqXt27erqqqqR8+prKxMUiB8fGHYV5ISEhI0depU7dq1S0eOHGnz3DIzMzVixIhuXXv69OnthqbT09NVUVGh6urqiOfKzMxstxN2RkaGpECn6kilpqYqMzNTJ0+e1PLly3Xbbbdp8uTJslr5AywAxKuj5Se1c8/Bdo9NGDda06ZMlCTVexr10fqt7Y5LSU7UvDlXRnQ9p8Ohh766UPfffbO+KDmiXV8c0q69pTpTXSuPp1GrP/5MxZ/t0l8/eqdyJwRua3yk/PyHfS6fdok8nsYL5rTL5XLI623R2dp6DR2S3O61uzPPgUPlkqTsrJHKGpUR0XPsjkhf3976PgBAX7FYLLr/7ptVW+fR0fLOP6w5LjtT9999c5c/cIrooGbofB5qBgDoGmoGAAAAYGCIuwB0SWm5ilYVq6S0vMPjzyxbLinwyc3ChQX9uTwAAAB00w033KCdO3eqsrJSJ06c0KhRoyRJa9askSTl5+fL4XC0e25ycvt/NAyGdI8dOyZJ8vv9OnHihKRAh+fOujyfPn26e0/knGDoOrRzckfrC3aKDjVs2LBuXzstLa3d/cHXz+/3RzxXR+vozlyStHjxYr300ks6ffq0/vd//1eSNGbMGM2aNUtXXXUVYWgAiDMHDx/Tyvc/affYtTOnmmGm2jpPh+NShyR1OURjs1l12ZSJumzKRN1/93zV1Hq0duN2rXz/E3k8jfrpz1/Tf/3rt+RyOXTwUIV53vf+/cVO5z19pqbDMFN35jlw7pzQLo59IdLXt7e/DwDQF+x2mx65f7H+55ev69SZs+2OSU8bqkfuXyy73dbPq0N3UTN0Pg81AwB0HTUDAAAAEH1xFYAuWlXcpuNzp+PPjSUEDQAAMPBlZWWZ3YHXrVun++67T1VVVWYn5euvv75XrmMYhiRp0qRJGj9+fIfjguHk7ookyBtci83W9hfoPQkCd3RuV8PKPV1HeyZNmqQf/OAHWrdunT777DOdPXtWFRUVWrFihd577z19/etfV2ZmZq9eEwAwcE2dPEEW3djusTFZ5++EMHxYqu69o/1xSUkJPV5H6pAk3X7LHI0bk6nnf/Nntfh8OlJ+QpNyx6q1tVVS4D3xYrc8zhje9q4JQd2Zpzvv3d0R6evb198HAOgtSYluPf5QoZ775Qp5GpraPZaU6I7S6tAd1Aydz0PNAADdQ80AAAAARFfcBKBLSsvbhJ8LF+QrL3es8nKyzTGSwjpEE4IGAACIHTfeeKN+//vfa/v27brrrru0fv16SYHQ7NChHf9xsKampt1Oy1VVVZIC4WopcGvD1NRU1dTUKDc3V3Pnzu2DZxEQDFdXV1d3OObUqVNhYwcTn8/X4TGn06n58+dr/vz58nq92rp1q1avXq36+np99NFHeuCBB/pxpQCAaMockabMEe3fuSCUy+XQjdfP7PP1TJ0ywdxuamqWJI3KTDf3Lbp5drfn7s48uRPGqPTwMZ2o7PqdKVp8rRGPjfT17a/vAwD0huFpqXr0gUL94qU31NIS+PnE4bDr0QcKNTyt4zv1YGCiZugcNQMAdB81AwAAABA9cXN/6GeWLTe383Ky9eTSJSpcWGCGn4P7zWMhn4ovWr1RRauK+3W9AAAA6Lrp06fL7XbLMAxt3LhRn332maRAMLozGzZsaLPPMAxt2rRJUnjAeMyYMeY5wQ7MF+osvBup4HUMw9COHTvaHG9oaNDevXslSRMmTGhzPFYlJSVJks6ePSuPx9PmeLCTVZDL5VJ+fr5uu+02SdLnn3/e94sEAMQdw/Drly+/rYrjX3Y6bv+BMnN78iXjJEnZWSPPzWFo8/YvOjy35SL1Q3fmyZ0YqCfKj1Wq/Fhlu+NbW8PrmYQElyRp9xeHOl0PAMSDsWNG6oF7FsjtcsrtcuqBexZo7JiR0V4WBjBqBgCIT9QMAAAAQHTERQD6wvDyk0uXhAWf21O4sKBNCBoAAAADm9Vq1XXXXSdJWrlypQzD0PDhwy8aEF67dq22bdtmPm5ubtZLL72khoYGSdIVV1xhHlu0aJGkQNfol19+WY2Njeax1tZWrVmzRt/97nd18uTJHj0Xp9OpSy+9VJK0YsUKHT582DxWX1+vX/7ylzIMQ263W5MmTerRtQaS0aNHm9tr1qwJC5OfPHlS3/ve97R27dqwILRhGNq9e7ekwOsW9PLLL+vZZ5/VK6+8Yu47cOCAnn32WT377LM6ePBgp2MBAAjatGW3tuzYpx89/ZJ++4f3dPzkKfkueC/6dOte/fw3b0iSJowdJZfLIUkamTFMMy+fLEn67fL3tGtvadjcx0+e0v/9ycvmuR3pzjx5E7OVkpwoSfrZCyt0tPx8fdLc3KIVb32sf/j+c/KFdG4cNXK4JGnrzn06+eWZCF4dABjcpk6eoO/+wyP67j88oqmTB8+HT9E3qBkAIH5RMwAAAAD9zx7tBfSH0PDyk0uXRHxe4cKCsHOLVhWrcGFBr64NAAAAvSs/P1/vv/+++XjevHmdjrdarUpPT9fy5cu1YsUKJSUlqaamxjx+3333md2YJSkjI0OLFy/WO++8oz179uhf/uVflJaWJsMwdPbsWXPcoUOHlJmZ2aPn8rWvfU3Lli1TeXm5nn/+eSUmJspms6murk6SZLfb9a1vfcvsmjwYjBkzRmPHjlVZWZnWrl2r9evXa8yYMVq0aJEqKirk8/n0zjvv6J133tHQoUPldrv15Zdfmt2477vvPnOuAwcOqKmpSdXV1ea+M2fOqLy8XJLCvs/tjQUAIOjSSRM0fWquPt9zUBs/26WNn+2SFLg9u9PhkKehyXwvSk9L1SMPLA47//675+vgoXLV1Hr0P7/6kxLcLg0dmqIz1TXyelskSQlulwzDL6vV0uE6ujqPy+XQ//t3X9MPn/q16uob9OOfvKwEt0tWm1Uez/kPcR0tP6mcCVmSpLsWXa+nnvu9vN4W/eA/fqX0tFRNHJ+lxx5c3O6aACAeOB2OaC8BMYKagZoBQHyjZgAAAAD616APQJeUlpvbeTnZF+38fKHCBfl0fwYAABgArFar+UfCziQlJWnSpEnav3+/7Ha7Zs6c2el4u92upUuX6g9/+IMOHDhghmLHjRunWbNmtXv+3LlzlZOTo9dff10nTpzQmTNnzDVmZWXptttu0/jx47v0/Gw2W7v7vvGNb+i9997Tvn37dOrUKUlSYmKiLrnkEs2bN08jRozo0nV6g9XaezeSaW+uxx57TH/+85+1c+dOGYahsrIy1dXV6frrr9fo0aP19ttvq7KyMixwnpKSoltuuUVTp05tM5/FYml3u73XPPQ4AABBQ1OTtfSxu3TwcIWKVm3UsRNVqqtvkNfbIq+3RVarVaMy0zVtykTdcet1stnC39+SkxL0b9/9ht5cuV4bN++Wx9OoxpNeSVJKcqJmX32ZChfkdxpk6u48acOG6P/7u7/Qux9u0hclR1RT65EUeA/OnZClJXfP1+jMdHN8zoQs/fWjd+l3r61SXX2DTp2paXPLewAA0D5qBmoGAAAAAADQfyx+v98f7UX0paJVxWaAOS8nu0sdoKVAgPqZZcu7fT4AAAPR0SPHzJBfT7+GbYfuUwTjO9mO5HFH+y52rDcCjj2ZIyFxcH4GrbIq0Dl3ZMawqK7D7/frhz/8oRoaGnTDDTdo0aJF7Y7bvn27Xn31VTmdTv3oRz8y9585c0apqanthmM7Ul9fL8MwNGTIkB6vvzNer1ctLS1KTk7u0+sMFH6/X/X19WpubtbQoUPbfE88Ho+8Xq9SUlLkoLsKgDgwUN5re6qyKvABlpEZQ6O8kp4xDENVp2vksNuUNqxrNUBzS4vq6xuVkpIoh737tWF35vF4GtVqGBqScvE7SHi9Lar3NMjpdCglObHb6wSA7qqta4j2EgakISmd/3/yYHmvHSzPg5oBAPoeNUP74qVmAAAA6InGBl+0lxDnehZfHpzpmw50tftzd88BAABA9OzZs0cNDYFfeF933XVdPj8tLa3L5/RXINnlcsnlcvXLtQYCi8WilJSUDo8nJSUpKenif4gFAKAvWK3WbofRnQ6H0ob1/MM73ZknKSkh4rEul0MuV2pXlwUAAEJQMwAAAAAAAPSNuApAQ3rvw01q8jZr6JBk3TDnyq6f/9GnamryaviwVF03e0YfrDDcZ9u+0PGTVZKka668NOz2ar2t6vRZ7T9YppOVp9XkbdZXb79RLhedBAEAiDUffvihJGnq1KmdhmcBAAAAAAAAAAAAAAAQmwhAX0RJaXm0l9Cr3ln9iVp8gbbtE8aN1rjszIjP/XxPqd54Z50kKXNEWr8EoDd+tkv7DhyVJLndrj4JQB8/eUovvPSmTn55Jmz//LlXK3NE1ztAAgCA6Dl27JiOHTsmSbrxxhujvBoAAAAAAAAAAAAAAAD0BWu0F9DX8nLHmttFqzd2+fyiVcW9uZwBZfmfPoh4rF/SH9/4sO8WEyVna+r1o6dfahN+TkpKkO9cUBwAAMSOlJQUPfTQQ3r44YeVnZ3d6diJEyfqoYce0oMPPthPqwMAAAAAAAAAAAAAAEBvGPQdoPNywoMvRauKVbiwIKJzS0rLwzpAR3perDhcdkL7D5ZpUkhIvCNbtu/TqTM1/bCq/vXKitUyDEOSlJKcqG88fIcmjs+S1WqJ8soAAEB3DBkyRNOnT49obGpqasRjAQAAAAAAAAAAAAAAMHAM+g7QklS4IN/cLlq9MeKuzqHj8nKy24SpB4Plf754V2e/368Vb33UD6vpf/tKjprbty0sUO7EMYSfAQAAAAAAAAAAAAAAAAAABrD4CEAvLAgLL18sBF1SWq5nli0f1N2fg06cPKWduw92Oqb4s12qqfX004r6j6ehSS0+n/n4iul5UVwNAAAAAAAAACCUhV4VbfCaAADQFu+PbfGaAAAAIB7Yo72A/vLk0iV64ttPmY+LVm9USWl5oLNz7lhJUsnBMvNYqMIF+YOy+3PQH974UNMvy1V7PwO1thp6/a01HZ5rGIZeff0D+eWXJM2fe7UyR6S1O9Yv6Y9//lAtPp8ssuiuwuuVmODu9rrf+3CTTlSekSTdOn+WnA67Nm7erX0HjupE5WklJriVPXqE7rh1jkaGrOm9jz7ViZOnVe9pCJtvRcjzvObKKZo6eYL5uLKqWh9v2KZ9JUdUU+uR1WbVsNRkzZiaq7kFV2hISlK3nwcAAAAAAAAAoC2LxSK/3x/tZQwoFtJMAAC0Qc3QFjUDAAAA4kHcBKClQAj6mWXLzcclpeWBLs8XBJ5DFS7I77T7czBEHWscdrtGZQ5XWUWlzlTX6rOte3XtzEvbjFtbvF2NTV5J0jVXXqrPtu0NO261WlV+rFJHyk9Kkny+Vj1y/6J2r7l7b6k+3rBNkpTgdun+e27u0XPYsmOfKo5XSZImjM3Un1euk9fbYh73eBpVdapa2z7fr2/+5T2aNmWiJGnrjv0qP1bZZr5Pt+4xt11OhxmA3ldyVD/5xR/bjPd4GlVxvEqrP96sf/72wx0GvwEAAAAAAAAAXWe1WGWoNdrLGFCslri4sScAAF1CzdAWNQMAAADiQdwEoItWFbfp7NyZwgX5yssdGxZuLlpVHPjawTx5OdkqXFgQE4HoVsPQA/fcrP/7099Jkla89bGuvmKKrNbznwRt8fn05nvrJQWCznfcOqdNAFqSbp0/W8//5s+SpM+2faH7775ZLpejzbj312w2t2++4eqwa/XU8j9/KOl8sLvieJUMwzCP/3b5u/qPf1kqq9Wi4WlDdLamTj5fqxnulqSU5ERzO3VIoKNz6eFj+tmLK8z9DrtdY0ZnyNdq6NiJwDVafD79+Ce/1ff/4VENT0vttecEAAAAAAAAAPHMarNKrYSZQllthJkAALgQNUNb1AwAAACIB4M+AH2x4HNoWDm4fWHwOZJ5pEA36GeWLY+ZIPT4saM0dfIE7dl3WHX1DVr/yQ7NLbjCPP7Bms1mR+UF865WclJiu/NMvyxXSUkJ8ngaZRiGPtm8SzfMuTJszJnq2kC37XNumHPFhdP02OyrL9MDX7lZDrtdvtZWfbJ5t155bbUkqa6+QYeOHFPuxDF64pE7JUnHT57Svz71G0mBYPNTP/xm2HxNTc16etlyM0g9+ZJxeuLRO+V2OSVJZ2vq9d/PL1dlVbW83hb913Ov6sfff6LXnxcAAAAAAAAAxCO7zarmaC9igLETZgIAoA1qhraoGQAAABAPBnUA+plly8NCt0HtdXfuSHvB57yc7LCwdMnBMpWUlpvXCgahCxfkq3BhQS88k76z5K75+t6PX5Qk/emdtSq4drrsdpuavM1a+f4mSYFw8K03zZZf/nbnsEhaOO8a/alorSRp9ZrNbQLQH67bam7PumqqEhPcvfo8MtKH6S/uu0UWS6CrtN1m03WzZuiDNZtVWVUtSfryVLVyJ46JeM7NO74ww88Ou11//ehdYZ2th6Ym61t/+RXz9auuqVPpkWPKGZ/VW08LAAAAAAAAAOKWzWaL9hIGHF4TAADa4v2xLV4TAAAAxINBGYAOBpAv1NVAcklpeVj4uaPzQ4PUoYHp4NeBHILOSB+q2Vdfpk8275bX26IP1m3RLTdeq/c+3KQWn0+SdNstBXK5HGrydvy52etnX643Vq6XYRg6U12rQ0eOa+L40ZIkX2ur1m3cYY695cZre/15zL5qqhl+DjVqZLoZgK4+W9elOfcdKDO3r73q0rDwc1BG+lBNGDtKh8tOSJL2HygjAA0AAAAAAAAAvcBikRx2m1p83NJeCrwW7fwaHACAuEfNEI6aAQAAAPFi0N33pL3wc+GCfP386X/scvg5dJ72ws/PLFuuJ779lIpWFZ8ft7BATy5dYoaii1ZvDDs+EN21+HpZrYF/Cu+s2qgz1bVa/fFmSVKC26Ubr58ZGNh+A2hJktvt1KyrppqPP1i7xdzesn2fGaaeOH60MkcO7+VnEOgA3R6Xy2luB7s5R+rMmRpze2RGWofjRo44f6yrIWsAAAAAAAAAQMccjkHZx6VbeC0AAOgY75Pn8VoAAAAgXgyqAHRH4efudGAODS0/uXRJmzmKVhWrpLQ8sL16o7ktBTpCP7l0yfmxIV2kB6IhKUmaP/cqSVKLz6fv/vuLZlj4nttukD3C2+MsnHeNub3t8/1qaGySJL2/ZrO5f9H82b217DA2W+//U/a1ng9MOzv5IdHpON8Z2tfKp4oBAAAAAAAAoLfY7bY++f1vrLHZrLLbuZU9AAAdoWYIoGYAAABAPBlUPwFc2Gm5veByJEpKy81Ac15OttnNOVRe7tjwx+2MKVyQ3+HaBppFN8+Wwx4I+QbDz6lDklRw7TRzjN/fSQtoBToh50zIMh+v/2SnKo5X6diJKnO+qVMm9vbS+8zQ1GRz+3R1bYfjTlef7xQdeg4AAPGHe+oBAND3eL8FAMQfl9Nx8UGDHK8BAAAXx/slrwEAAADiy6AJQId2ZJYC4ef2QsmRzhU6T3vycrJVuCBfTy5d0uGYwoUFZgh6oHeBdrucuv3WOWH77r3zJlksXfvD6q03zTK3P1q/Naz78y03zYqpP9OOy840t7fvOtDumObmFpUcPP/vLjtrZJ+vCwCAgSpYNlzsQ1MAAKDrgu+vXfwxfUAK/q6BmgEAECm73RbXt3J3OOwRd3I8XzPEftFAzQAA6CpqhvisGQAAABC/Bk8AOiRgXLggv9vh5wu7P3emcGFBhx2iQ8eYaxzgXaDnXXelhqWmyGq1KjtrpGbOmBR23K+L/5Jx6pSJSh0lYoWLAAAgAElEQVSSJEmqqfXo0617JElWq1UF10zr7NQBZ/ZVU83tqlPVWlO8Pey4X9LrRWvV4vNJCjzH6VNz+nOJAAAMKFZroLQ0DP4wCQBAbwu+vwbfb2OZ1Rr44yo1AwCgK9wuh/keEk+sVovcrsg7OZ6vGWL/taJmAAB0BzVDZAZTzQAAAID4NSg+/hgaLM7LyQ4LHfdER/OUlJaHdZyOtNt0aIfqgchus+nH33+iR3NYJC2Yd61ee/OjsP1z8y+XM8ZutzM8LVV3F87Vn4rWSpKW/+kD7dpbqkvzxqultVXbdu5XWUWlOf4bD98huy2yT9QCADAY2WxWtba2ytfaKpst9sNZAAAMJL7WVkkaFO+xgZrBoGYAAHSJxWKR2+1UQ4M32kvpV263s0udGakZAADxjpohMoOpZgAAAED8GhTVbFj35x6Gn0sOlnV+/ILws3Txzs7d7UY90ER6l7k5105v05Fqwbxr+mBFfW/BvGt06/xZ5uM9+w7rtbc+1hvvrAsLPz/2YKFmXJYbjSUCADBgOM59EMjna43ySgAAGHyC76+OQfDB2+DteKkZAABdZbfZlOB2RnsZ/SbB7exy043g+2vw/TaWUTMAALqLmuHiBlPNAAAAgPgV8wHo0CByXk52r4aN25srLydbTy5doieXLunyPAOhA3TwBxhbN26ZG/rpz85+EHK5HJqSN858PHXyBA0bmtLl6114zc44+vAHsztuvU4P3HOz0oYNaXNszOgM/fWjd+maK6f02fUBAIgVDkfg5iLNzb4orwQAgMEn+P4afL+NZU47NQMAoPscDntcBJoS3M5uve8H31+D77exjJoBANAT1AydG0w1AwAAAOJXzFezod2Xe9r9ua8MhOBz0H//2992+1y3y6mfP/2PFx3n9bboi5Kj5uPQDspd9Td/9ZUOj333249c9PxHH1ikRx9Y1O6x0ZnpET0fSbo+/3Jdn3+5vN4W1dZ7JL80dGiyHPxACACAyem0S7KouaVFhmG0uSMEAADoHsMw1NzSIsly7v02tgWfQ3OLT62G0a0PaQMA4pvDYZfFalFTU7MMI8JbF8YIq9Uidze6OEpSq2GoueVcmImaAQAAaoYODLaaAQAAAPGL3xZ1IjRc3ZlIu073ZnfqgWz9pp0yDEOSlJE+TLkTxkR5Rb3H5XIoY/hQZaQPJfwMAMAFLBaL3C6HJKmxqTnKqwEAYPAIvq+6XQ5ZLJYor6bnQmuGJmoGAEA32W02JSW6B8XdEYIcDruSEt3dCjJJ599XqRkAADiPmqGtwVYzAAAAIH7FfAA6tLtyfwaMSw6WRTautHxAdYDua36/X+9+uMl8vKgH3Z8BAEDscZ+7pWBjozfKKwEAYPAIvq+6B9Gte8/XDISZAADdZ7FYlOB2KjHBJZstdv/cYbNZlZjgUoLb2aMQUvB9lZoBAIBw1AzhBmPNAAAAgPgUu9V9OyLt2NyZwoUF5nZvB5dD5x6sduw+II+nUVKgW/I1V14a5RUBAID+5HI65HTY1WoY8jQ0RXs5AADEPE9Dk1oNQ06HXS6nI9rL6TUup0MOs2bgg1MAgJ6x2wOdHRMTXHLYu9cJMRocdpsSE1yBDo49XLenwatWw5CDmgEAgA5RMwzemgEAAADxKebv81K4IF9FqzdKkopWbzS3u9MNOi8nW4ULC8w5S0rLVbSq+KLB5c6C0qGh7P7sUB0tn27dK9e5W9LdctOsmP4ELQAA6J7ERLeaa+rl8TTJ7XJSDwAA0E2trYY8nsAHihIT3VFeTe9LSnTpbI1P9Z5GuV0OagYAQI/Z7TbZ7Ta5/VJra6t8rYaMVkOG35Df75ffH511WSyBzpNWi1VWm1V2m1U2m029dcf51lZD9ecakyQlunpn0gGEmgEA0NuoGQZnzQAAAID4E/sB6IUFZug5VHe6N5eUlqtwYYHycsdKIaHqvNyxbcLLoWNKSsv1xLef0pNLl4SNK1pVbK6jcEF+l9cTi5545M5oLwEAAESZy+lQgtulxiav6uobNDQ1OdpLAgAgJtXVN8gvvxLcrkHZlcnldMjtdqqpqVm19Y0alpoU7SUBAAYJi+V8sCke1NYHgkxut5OaAQCALqBmAAAAAGKb7Qc/+MEPor2InsrLHavTZ2p0urq2Z/PkZGv21ZdpeFqqpPMh6tNnajT76svCxgbHBLtGP7zkVnOfFAg/h3ajfvj+RT1aGwAAvanmbJ0s51oG9PRr2HboPkUwvpPtSB53tO9ixzo7J1I9mcPhGPydihxOu7xNLWrx+eT3i1+mAgDQRXX1jWryNstmtSk1NalX6peByOm0y+ttkc/XKr/fT80AAEAXmTWDzaqh1AwAAKAD8VIzAAAAdJWvxYj2EtADFr8/WjdwGfieWbY8rJP0hR2eOxIafu7KeQAA9JejR44RgO6hnsyRkBjzN+GISHOzT9U1dZKk5MQEJSW5o7wiAABig8fTpPqGQFemYakpcjoHd+3Q3OJT9dl6SVJSolvJ1AwAAESk3tMkT0OTJGnY0GQ5HdQMAACgrXirGQAAALqiscEX7SXEuZ7FlwlAX8SFIehgx+fgdlBJablKDpaFBZ8lqXBBvjkeAICBggA0Aej+0uRtVk2tR5KUmOBWSnJClFcEAMDAVlffqIbGwB8lU4ckye1yRnlF/SNQMzRIkhITXNQMAABcRKBm8EqSUockUjMAAIB2xWvNAAAAECkC0NFGALrPXRiCjhThZwDAQEUAmgB0fwoNQbucDqUkJ8pms0Z5VQAADCytrYbq6hvkbW6RFF/h56DQQJPT6dCQ5ARqBgAALtDaaqi2vlHNZs0Qf0EmagYAAC6OmgEAACAyBKCjjQB0vygpLVfRquKIgtAEnwEAAx0BaALQ/a252afauga1Gq2yyKKkJLeSErlVLQAAkuRpaJLH0yS//LJZbRqSkiinM/7qBSlwa/vauga1thqSpOSkBCUluqK8KgAABgZPg1f1nkZJks1mDdQMcXoLe2oGAAA6Rs0AAAAQOQLQ0UYAul+VlJar5GCZGYQuKS1XXk628nKyJYngMwAgJhCAJgAdDYbfr/r6RjU2BW63Z7NalZDgUoLbKauVTk0AgPhiGIYam5rV2OhVqxEI7iS4XUpOTpC1F2qVWGb4/aqrb1RTU7OkYM3glNvtlI2aAQAQZ1oNQ01NzWpsbDZrBrfbqRRqBmoGAABCUDMAAAB0DwHoaCMADQAAuogANAHoaPI2t6ihoUnNLed/kHA6HHI67bLbbbLbbLJaLb3yfQIAYCDw+/0yDL98ra3y+VrV3OxTc0uLedzpsCsx0S2X0xHFVQ483uYWeRq8agmrGezUDACAQav9muH8+6DDYVdSooua4QLUDACAeEPNAAAA0HsIQEdbz+LL8Z2+AQAAQL9zOR1yOR3yNreoqalZTd4WNbe0hAXBAAAY/Cxyuxxyu538QbID7dcM4X/UBQAgHlAzdI6aAQCAAGoGAAAAxBsC0AAAAIiK4B8oh/j9am72qaXFp5bWVrW2GjIMQ4H7lHCzEgBArLPIYpGsVqtsNqscNpsc5zoS0oUwMhfWDM0+n3y+YM3gFzc3AwAMFhaLRVarRTabVXa7TU47NUNXUDMAAOIFNQMAAAAQQAAaAAAAUWWxWORyOeRy0ZUCAAB0jJoBAABEgpoBAAAAAAAgPlijvQAAAAAAAAAAAAAAAAAAAAAAiBQBaAAAAAAAAAAAAAAAAAAAAAAxgwA0AAAAAAAAAAAAAAAAAAAAgJhBABoAAAAAAAAAAAAAAAAAAABAzCAADQAAAAAAAAAAAAAAAAAAACBmEIAGAAAAAAAAAAAAAAAAAAAAEDMIQAMAAAAAAAAAAAAAAAAAAACIGQSgAQAAAAAAAAAAAAAAAAAAAMQMAtAAAAAAAAAAAAAAAAAAAAAAYgYBaAAAAAAAAAAAAAAAAAAAAAAxgwA0AAAAAAAAAAAAAAAAAAAAgJhBABoAAAAAAAAAAAAAAAAAAABAzCAADQAAAAAAAAAAAAAAAAAAACBmEIAGAAAAAAAAAAAAAAAAAAAAEDMIQAMAAAAAAAAAAAAAAAAAAACIGQSgAQAAAAAAAAAAAAAAAAAAAMQMAtAAAAAAAAAAAAAAAAAAAAAAYgYBaAAAAAAAAAAAAAAAAAAAAAAxgwA0AAAAAAAAAAAAAAAAAAAAgJhBABoAAAAAAAAAAAAAAAAAAABAzCAADQAAAAAAAAAAAAAAAAAAACBmEIAGAAAAAAAAAAAAAAAAAAAAEDMIQAMAAAAAAAAAAAAAAAAAAACIGQSgAQAAAAAAAAAAAAAAAAAAAMQMAtAAAAAAAAAAAAAAAAAAAAAAYgYBaAAAAAAAAAAAAAAAAAAAAAAxgwA0AAAAAAAAAAAAAAAAAAAAgJhBABoAAAAAAAAAAAAAAAAAAABAzCAADQAAAAAAAAAAAAAAAAAAACBm2KO9gIGgpLRcJQfLVFJabj6WpLycbHNM4cKCsMcAAAAAAAAAAAAAAAAAAAAA+p/F7/f7o72IaClaVayi1RsjHp+Xk00QGgAwKBw9ckwWi0WSevw1bDt0nyIY38l2JI872nexY52dE6mezJGQyGfQAAAAAAAAAAAAAAAAoqmxwRftJcS5nsWX4zIAHez43F74OS8nW3k52WYX6OD4C8cQhAYAxDIC0ASgAQAAAAAAAAAAAAAA4hkB6GgjAN0l7XV9LlyQr7zcsR0GmjsKTD+5dAkhaABATCIATQAaAAAAAAAAAAAAAAAgnhGAjjYC0BErKS3XM8uWm48LF+SrcGFBl+a4MEDdnTkAAIg2AtAEoAEAAAAAAAAAAAAAAOIZAeho61l8OW7SN5GEn4tWFZtjJSkvJ7tNZ+jgOcEQdNHqjZ12jwYAAAAAAAAAAAAAAAAAAADQe+KmA/Qzy5abweaOws+hnZ1D5eVk68mlSzod//On/7GXVwwAQN+hAzQdoAEAAAAAAAAAAAAAAOIZHaCjrWfxZWsvrWJAK1pV3Gn4+Zlly8PCzHk52WEdnS/sHi0FOkEXLsgPuwYAAAAAAAAAAAAAAAAAAACAvhUX7QdDw83tdX6+WDi6pLRcJaXlKlpVHHa8cGGBOXfR6o1tzgUAAAAAAAAAAAAAAAAAAADQuwZ9B+hguFmSnly6pM3xYIA5Lye73QDzk0uXmN2gQ4PUQXSBBgAAAAAAAAAAAAAAAAAAAPrPoA9Ah4aSg0HmoNBwdGfdm0PPCz3nYucBAAAAAAAAAAAAAAAAAAAA6F32aC+grwUDyxeGn7siL3esdK77c8nBsjZz5eVkq6S0XEWrNw74QPTK9z9Rc0tLh8dTkpM0JCVRI9KHKTtrhKzWgZGRb25p0aEjx1V6+Jjq6hs0cXyWrrlySrSXBQAAAAAAAAAAAAAAAAAAgH426APQQRcLQLcXbG53ntyx7c59YWfogapo9UYZhhHR2JTkRD3wlZt1xbS8Pl5VxwzDr/c+3KS33tsQtv/0mRoC0AAAAAAAAAAAAAAAAAAAAHFoYLT3jZJIu0IXrSru8jmDQV19g37xv2/qw3Vbo7aGP7zxYZvws8NuV0KCO0orAgAAAAAAAAAAAAAAAAAAQDQN6g7QkXRlLlyQr6LVG1W0emPg8cKCsONFq4rNeSIJP5eUlsdMSPrvvnGvskZnmI/9fr9q6zwqq6jU2+8Vq7qmTpL02psf6bIpEzUyY1i/ru9E5WmtLd5uPr5p7lVaNH+2khIJPwMAAAAAAAAAAAAAAAAAAMSrQR2AjiSIXLiwwAw/F63eGBZ2Du4PPn5y6ZJ25wgNWsdK+FmSEhPdSklODNs3JCVJY0aP0FVXTNY//+gF1dU3SJK2fb5ft940q1/Xt2ffYXM7we3SV2+f16/XBwAAAAAAAAAAAAAAAAAAwMBjjfYC+ktn3aBDQ8slpeUqKS0PCz9fOCYeOB0OzZ97lfm4vOLLfl/D8ZOnzO0rpuf1+/UBAAAAAAAAAAAAAAAAAAAw8AzqDtBSILgcDDW3p2hVcafhaHPcuUB04cKCNsdCu0YPJmnDhpjbVafPtjledeqs3l+zWfsPHtXZ2nolJSZo7JiRmjljsq6+YnKb8Tt2H9D2zw9IkubMmq6c8aP1+d5Srdu4Q0crKjVuzEjdd9d8rXz/E0nS7n2HzHNLD1foN79fKUlyOu26/+6bZbVazOMlpeVas2GbyioqVVPrUWKiS8PTUjX76st07cxL5XQ42qwnOF9Sokv33nmTTp+p0YZPP9eWHftVW1evv/36V5UzPsscJ0mPPrBIu/aWasuO/dp34IisFqsunTxeM2dM1qWTxkuSKr88o8+2f6E9XxxS1ZkaDUtN1pS88br91jly2Nv/T67ieJU+2bJbx45X6UTlKTU3+5Q2bIiys0Zo8YJ8ZQwf2uH6g+s6dOS4tuz4Ql8cKFNtnUfDUpOVOzFbd956ndxuZ7vXlaTyY1/q4w3bVHq4Qmdr65Xodmv0qHTljM/SjdfNbPfcktJyfbRuq8qOVcrT0Ki0YakaN2ak5s25UuOyMzu8FgAAAAAAAAAAAAAAAAAAQE/FTQBaCoSdQwPMRauKwzo9Fy7ID3xdWBB2jrndTgg6NDzdXjg6lp2oPG1uDw8JQ0vS/oNl+u/n/xC2z+tt0ZnqWu3YdUBbd+zTYw8ultN5Pnh86Mhxfbp1jyQpJTlBv/3De6o6VW0eP/nlGZ2tqTPHhKqsqlZl1fmxX7ltnlyuwNxvryrWOxd07K6p9amm1qNDR47ro/Xb9J2/fcgcHxR6nQnjRutXvysKO362pr7NuLFZI/TaWx+HjSv+dJeKP92lv3viXiUlJujHP3lZhmGYxz2eRlUcr9LWnfv1w+88HhaCPn7ylH732iodOnK8zXM+dqJKx05UadOWPfqrv7hdM2dM6nD9l0/L1S/+982w48Hrfrplj77/T49qWGpKm2ts2PS5fvfaqrB9Xm+LqmvqtGffYb37wSZ97b6FuubKS83jK9//RG+9tyHsnBMnT+nEyVPatGWP7rh1jm6dP7vNtQAAg09lVdsPSAEAAAAAAAAAAAAAgMFtZEbbhp5Af7NGewF9raOwcklpuRlozsvJVuGCfBUuLDDH5+VkKy8nW08uXaInly4xuzsXrd6oolXF5jyh24OpA3RNrUfvf7zZfDzpkrHmdllFpX76i9fMx9lZgc6/BddOM8O9O3Yf0JvvhodkQ32wdktY+DkpKUGZI9LkdNiVkpyolOREWa3n/3k67Of3pyQnynKu+fP7azaHhZ8T3C7l5WQrI32Yue/EyVN6etmr8vlaO1xPaPjZarUqPS01LLwdFAw/Z6QPU0pyYtixn72wQv/5s1dkGIYcdrvGjM4IO36mulZrNmwP29fQ2BQWfk5JTlReTramTp4QFpT+7R/eldfb0uH6g+HnpKQEZWeNDDvW2OTV62+taXPOZ9v2hoWfrVarxo4ZqfHZmea1W3w+7dxTao5Zt3FHWPh52pSJmj/3Kl05Pc/c9+a7G7Rn3+EO1woAAAAAAAAAAAAAAAAAANATg74DtBTo7Fy0emMg9HyuC3RocLlwYUGn4eW8nGwVLizQM8uWSwqEoINzBEPVsRh+PnCoQo1N3rB9Z2vqVVZRqY83bDO7GDvsdrP7sNfboqee/b157LaFBVp8rnO2JN1x63X64VO/kcfTqA/XbdH8uVdp2NC2nYeD8z7wlZt1xbQ8ud1Oc/9TP/ymJOnZF1eYQdq7b5ureXOuDDt//8Eyvf72+WDv4ptnq/CWOTqXjdbBQxX66S9eU4vPp7KKSr2yYrUeXnJrh6/H1MkTdM9tN2hUZro5x4WsVqv+zze+qkm5gUD43v1H9LMXAmFwwzBkGIamXZqjrz98uxx2u+rqG/TLl9/W/oNlkqTiTz/XzTdcbc6XO2GMskZlKGtUuhbfnK+RI9LMY01Nzfrnf39BHk+jvN4W7dh9QNfOvFQdefCrC3TdrBmSAt2fV7y9Rp9s3i1J2rJjnx7/2m3m8zpaflK/fuWdsOf+V1+73fw++P1+rS3erj+++bFuufFaSVLpkWP6/evvm+eEfjBAkg4ertB/PfeqJOmVFav1b9/9RoevIwBgcOATnQAAAAAAAAAAAAAAAIiG+AhALywwuz0Xrd6ovNyxZnD5whBnR4JdooPzPLNseVhH6dBO07HitTc/imjcX37tNg1JSZIkbft8v1p8PkmBLsiLQsLPkjQkJUl3L56rl//4niRp9xeHdN3sGe3O+09/+0CbbsVd8fGGbeb2xPGjddstc8KO504co/vuusnscvzp1r168CsLZLfb2sw1+ZJx+pu/+spFr7nwxmvM8LMkXTppvCbljjUDzg67XY8/VGh2UE5JTtRttxRo/3OB49U1dW3m/N4/PNLutdxup+ZcO12rPvpUklRZdabDdV0/+3Iz/CwFOkEvuWu+GYCWpLM1dRqWGgijf7R+W9jYbz5+d1jHbYvFohvmXKk5s2aYr9eakNf7utkz2vx3kzthjGZePllbd+zTmepanTp9VhnDCcYBAAAAAAAAAAAAAAAAAIDeZb34kMGhMCSoG+zkLHWtc3NoyDks/LwgPyY7QF/MpNyx+uH/87hmXJZr7gt2ZA4cz1ZDQ5M8F/xvzOgMc8zJL9sP7WZnjexR+FkKdLAOmj/36nbH5F9zmbltGIYqjn/Z7rhFN8+O6JqXX3ZJm30j0oeZ2zkTsuR2OcOOZww/f9zrbYnoOoZhqMnbrOSkBHPfqdM1HY6fffXUNvtcLodcLof5uLr6fPh67/7z38dbbrw2LPwcKjQsvrfkqLk9+ZJxbb7vnoYmjc/ONMd8WVXd4XoBAAAAAAAAAAAAAAAAAAC6Ky46QEvnw8vBDs5S18LP5jwhXaCDj2Ox+7Mk3X7LHGWkh3fodTjsGpE+TBnpQ80uxqHOnK01tzds+lwbNn3e6TVOfnm63f2jM9O7seJwHk+juR0aQg5ltVqVOiRJNbUeSYEOzOM1qs24zBFpEV1zeFpqm33OkJBx+vC2x11OR9hjvyRLyON6T6PeX7NZe/cf0anTZ9XY5G332q2G0eG6Mjp4/m6X0wxdG/7z59fVN5jbkX4vQl/vF3/71kXHf3mqWlM1IaK5AQAAAAAAAAAAAAAAAAAAIhU3AWipbQi6pLRczyxbrsKFBRGFoYtWFQ+a8LMkXTZlosaO6VoXZqP1fIjWarUqNSWp0/EdBXMdDlu7+yPlv+DxhSHjsGuFBLl9vtaLjumMrYNOyeZxW9eeV8XxL/UfP31FLT5f2P6kpAQ57XbV1HlkdBJ8jnRdobry2nV0ToLb1abT9YVCu1cDAAAAAAAAAAAAAAAAAAD0lrgKQEsdh6DzcrID/8sda44tOVhmbocGn6XYDz9316jMdB0pPylJmj/3Kt1dODcq67BIcrkcZnfj09U1bbpZBwW7P0vS0NSU/lhexNYW7zDDz5kj0nTvnTdpyqTxZofo99ds1utvr+nVa1742lWdPqvciWMuek5oJ+0nHr1Tk0L+WwEAAAAAAAAAAAAAAAAAAOgvcReAlgIh6LzcsSpaVayS0nJJgSB0SWm5dEHQuc25cRp8DsoalWFu79x9QHcVzjXDuv1t9Mh0HS47IUnatrNEky8Z12bM4aPHw7orjxo5vN/WF4ktO/aZ2/feeZMunTQ+7HgwbN7bRmakqayiUpL0yebdmn31ZRc9J2tUhhmA3v55CQFoAAAAAAAAAAAAAAAAAAAQFdZoLyBa8nKy9eTSJXpy6RKz+3NnChfk68mlS+I6/CxJM6bmmtuVVdVa9dGn7Y7b9nmJXlr+bp+upWDWdHN73Sc7VH6sMuy419uiV1asNh9PHD9ayUkJfbqmrnI6z38G4ci5MHfQsRNV2hoSkO5N182aYW6XlJar+NNdbcac/PKMfvLzP6q2LhB6vuryyeaxNcXbdejI8Tbn+Fpb9e4Hn+jDdVv7YNUAAAAAAAAAAAAAAAAAAABx2gE6VDAIHWR2hD5YprzcsRcNRsebjPShunX+LL37wSZJ0hvvrNPOXQd05YxJSk5K0InK09qz77COnaiSJN10/UyNGT2iT9aSf/U0bdu5X3v3H5Ek/dszv9WcWdOVPXqEztbWa8Omz1VX3yBJcrkcevSBxX2yjp6YMfUSrftkhySpaPVG1dZ5NDlvnE5Untbb7xX32XULrp2mLTv2af/BMknSy398T59s2a1L88bLYpEOHT2hXXtLJUkfb9imO269TvnXTNO6jTvMrtT/+ewruvqKycqdMEZWm1UVx6u0Zcc+eTyNctjtmltwuew2W589BwAAAAAAAAAAAAAAAAAAEJ8GbQC6pLRcRauKlZeT3aWuzXk52SpaVWxud0XwvMHeJbpwQYFOnDytHbsPSJIOl53Q4Qu6F0uS1WrV2Zr6PgtAW60WffPxe/T0slfNbsQbNn3eZpzDbtd3/s/XlDF8aJ+soycW3niNtu8qUV19gwzD0Jri7VpTvN08PnH86HY7LfeU1WrV33z9K3r6uVfN793BQxU6eKiizdj6+kZz++sP36H//vkfVXWqWpK0efs+bd7etku12+1UXX2DhqWm9PraAQAAAAAAAAAAAAAAAABAfBu8AeiDZSopLVdJaXmXOjkXrSpW0eqN5uNIw8yh55WUlod1lR5IbFarDMPo2Rw2q5549E7t2XdYK95eo8ovz4TNmZKcqCtnTNLtCwuUlJTQ7hwOe+/807PZrPq7J+7VW+9u0PpNO+X1toQdnzZlou4qnKtRI4d3Oo/Vao3oepGOi9TwtFT94J8e069//45KDparxeeTJA1LTdFNc69SclJCRAHo7qzLbrPp75fe1+5rZ7VaNTZrhO65fZ4umTjG3J82bIj+9TuP64O1W/Txhm06U10bNmd6WqrmzblS8667stdfKwAAAAAAAAAAAAAAAAAAAEmy+P1+f7QX0Ree+PZT5nZeTnbEgeTQ8yTp50//Y0TnXVQazjkAACAASURBVBicfnLpki53kI5lNbUeeRoaNSJjmOw2W9TWUe9pVL2nUU6HXUNTU2S1WqK2lu6oOn1WbpdTKcmJ/X5tz7nXLiHBpSEpSRGd4/f7depMjSQpffhQxdarDcS3o0eOyWIJ/Ffb069h26H7FMH4TrYjedzRvosd6+ycSPVkjoTEQfsZNAAAAAAAAAAAAAAAgJjQ2OCL9hLiXM/iy4OyRWvRquKwx8FO0F09r6N97Y0JDT9Het5gkjokSaMz06Mafpak5KQEZY5IU9qwITEXfpakjOFDoxJ+lqSkpASNHJEWcfhZCoT/MoYPVQbhZwAAAAAAAAAAAAAAAAAA0E8GRQfoYLi55GBZWNg5Lyc7LPhcuCD//PbCgg7Pu/Dc0PPycseev+6580LXEHpeXk622QU6L3dsXHWEBgAMbHSApgM0AAAAAADA/8/encdXWd95/3+fk3NyErKRfSMkEAiC7CCyqoiCS6zKXSu2duxYe1fRdqptnZl6dx9/98ztaGfmYRlba/c6WFutFRdUxMoqsgkCEkggJCFk35eTs1y/P+K5yCEJSchyZXk9Hw8fua7vdX2/1+cEPuH00ff5BgAAAAAAYCxjB2ir9S++POID0F3tvhyQu3ppr3d/vnBezpSJemrDxgGdl7t6qXLXLOvTmgAADAYC0ASgAQAAAAAAAAAAAAAAxjIC0FbrX3x5xKdvugo352RnKHfNMnPH5U2bd/QqCB3YsTkQUu5tgDrwnL7OAwAAAAAAAAAAAAAAAAAAANA3I34H6Lz8oqAdl7vbZbmr+ySZu0fnZGfokfXrunzGUxs2mmHmQEi6467Tj6xfZ4agO7pwd+ru7gMAYKixAzQ7QAMAAAAAAAAAAGB0qG8tU0ndMZU35Kuq6YxqW8+pyV2tVm+jvP42aWRHgzDUbDY57KEKc0QqwhWn8WEpio+YqKSobKXHTFd0WLLVFQ4r9B8sQ68OCHaAtlr/fkaO+AC01LsQ9P3ffKLL6x1Dyl2FoLu7fmG4+Zknv93tPInwMwBgeCEATQAaAAAAAAAAAAAAI1dRzSHlVexQQeUeVTYVWl0OxpCEiExNTliknMRlyoidbXU5lqD/MBLQq71DANpq/Ysvj4r0TU52hp558tvmTs2B3ZoDOp5fGI7OXbPMnHPhPEmdQsxdzQs8o2PAueNahJ8BAAAAAAAAAAAAAADQH25vkw4Ub9Lhs28GhS5djkhNGD9TKdE5SozI1PhxaYp0xSvMESVnSKik/m8OhLHEkMfXplZvgxrdVaptPquKpkKdq89Tce3HqmwqVGVTofYUvqiEiEzNSrtB8ybkyuWIsLrwQdVd/wHD1VjtVYwtoyIAHRAIHedkZygvv0ibNu9QTnZGp92gLxS4v+M6eSfPKHfNMvNaVwHmjvMCx4F5F94HAAAAAAAAAAAAAAAA9JXb26Tdpzdqz5k/yetzS5JiwlM1PfkqTUlYws6eGGA2OUNccoa4FOVKUGr0NE3vcLWo5pBOVu7SsbL3VdlUqK0nfqZtBb/Woomf1eKsdaMuXNlV/wEjzVjoVYxNNsMw+reH9DBy/zef6PGenOyMoJ2cJZk7R/fkmSe/HXS+afMOc4foC0PUHc/ZARoAMNwUni6Rzdb+Se/+fg067jimXtx/kePenHc31tO1i83prf6sET5uVH0GDQAAAAAAAAAAAINk75mXtK3gN2r1NEiSshMWa96EXE1NXGpxZYB0omKnDhRvUn7lbklSmDNKKybfo4UT11pc2cC4sP+A0WK09Wp/tDR7rS5hjOtffHnUpG96E2Du79wLd4K+cNfogaoHAAAAAAAAAAAAAAAAY1d5Y4HeOf5TFVYfkNQefF6StY7dnjGsTE1cqqmJS1VUc0i7Tm9UfuVuvX38aeVV7NB10x5UUuRkq0u8JBf2HzDatHoaRkWvAqMmAH2hnOwM5a5ZpryTZ8xdmqWeg8rdzevKhXNzV5//dF3QM0+eYQdoAAAAAAAAAAAAAAAA9OhgySa9cewnkmEoJjxVK6fcp+kpK60uC+hWRuxsZcTO1rFzW7X15C9UWH1Az+3+im6c/rDmpudaXV6fdOw/YLQbyb0KSJLNMEbPT+unNmyUJOWuWdYpcLxp8w5zB+fcNcv6fE2SHlm/rk/zpPaQ9IXzAACwWuHpEtlsNknq99eg445j6sX9FznuzXl3Yz1du9ic3urPGuHjRu1n0AAAAAAAAAAAANAPW/L+W3sKX5QkzU2/WddNe0jOEJfFVQG95/G59c7xp3Ww5DVJ0qLMO7Qq5wGLq+qdjv0HjDUjqVcHUkuz1+oSxrj+xZdHVQAaAAD0DgFoAtAAAAAAAAAAAAAYXl45/LiOntsiSbph+sOaN+EWiysCLt2B4lf15rGfSJJmpKzSrbMes7iii+vYf8BYNRJ6daARgLZa/+LLpG8AAAAAAAAAAAAAAAAAC7300fd1vHybXI5I3T77e5oUv9DqkoB+mTfhFo0PT9XLh36ko+e2yOdv09o5P7S6rC4F+g8Y64Z7rwIXsltdAAAAAAAAAAAAAAAAADBWvXL4cR0v36YIV5zuWvAE4WeMGpPiF+quBU8owhWn4+Xb9Mrhx60uqZNA/wFoN1x7FegKAWgAAAAAAAAAAAAAAADAAlvy/ltHz22RyxGpO+Y+rtToaVaXBAyo1OhpumPu43I5InX03BZtyftvq0syBfoPQLDh1qtAdwhAAwAAAAAAAAAAAAAAAEPsYMkm7Sl8UZJ0++zvEX7GqJUaPU23z/6eJGlP4Ys6WLLJ4oqC+w9AZ8OlV4GLIQANAAAAAAAAAAAAAAAADKHyxgK9cewnkqQbpj+sSfELLa4IGFyT4hfqhukPS5LeOPYTlTcWWFZLx/4D0D2rexXoCQFoAAAAAAAAAAAAAAAAYAi9c/ynkmFobvrNmjfhFqvLAYbEvAm3aG76zZJhtPeARQL9B6AHFvcq0BMC0AAAAAAAAAAAAAAAAMAQ2XvmJRVWH1BMeKqum/aQ1eUAQ+q6aQ8pJjxVhdUHtPfMS0P+/ED/Aegdq3oV6A0C0AAAAAAAAAAAAAAAAMAQcHubtK3gN5KklVPukzPEZXFFwNByhri0csp9kqRtBb+R29s0ZM/u2H8Aem+oexXoLQLQAAAAAAAAAAAAAAAAwBDYfXqjWj0Nyk5YrOkpK60uB7DE9JSVyk5YrFZPg3af3jhkzw30H4C+GepeBXqLADQAAAAAAAAAAAAAAAAwyNzeJu058ydJ0pKsdRZXA1gr0AN7zvxpSHaW7dh/APpuqHoV6AsC0AAAAAAAAAAAAAAAAMAgO1C8SV6fW9kJi5URO9vqcgBLZcTOVnbCYnl9bh0o3jTozwv0H4BLM1S9CvQFAWgAAAAAAAAAAAAAAABgkB0++6Ykad6EXIsrsZKhVm9Dj/8Zht/qQjEEAr0Q6I3BNBTPGGnCnFGakXKtZqWtUUx4itXlWCI0JFxRrgRFuRIU7oy2upxhjz7CcOOwugAAAAAAAAAAAAAAAABgNCuqOaTKpkLFhKdqauJSq8uxTH1rhX66bV2v7o10xSs5KlvLJ39JaTGXDXJlsMLUxKWKCU9VZVOhimoODdrO6IH+gzQ9ZaWuyv57xYQlK8TuDLpmyFCrp0F55dv1xrGnxsQHEW6a8S1NT1kpSWpwV+rp9z9ncUXD22D3KtBX7AANAAAAAAAAAAAAAAAADKK8ih2SpOnJV1lcycjR6K5SfuUe/WbPev318ONWl9Nvhgw1uCvN/yTD6pKGhUBPBHpkMAzm2iPJTTO+pdtmfVdx4yZ0Cj9Lkk02hTujNSf9Jj2y8lUzGAx0RD9hOGEHaAAAAAAAAAAAAAAAAGAQFVTukSRNSVhicSXDy/Tka+SwhwaNtXgbVNdyThWNp8yxI+e2KC1mhhZOvH2oSxwwLW11QbvLfuOaVxTujLKwouFhSsIS7T79ggoq92hVzgOD8oxA/41ldy/8T2XEzuowYqi8oUC1LaVyhIQqPiJTkaHxCrG3xwlDQ8J126zv6lTVXrV6GqwpGsPSYPYq0FcEoAEAAAAAAAAAAAAAAIBBUt9apsqmQrkckcqInW11OcPKzZf/o5whri6v1beW68WDj6m8IV+StCVvgxZOvE2SbQgrxGDLiJ0tlyNSlU2Fqm8tU3RY8oCuH+i/sSwlOico/FzbUqpff/CAWjz1ne6dP+EzWjVtvRz2UJU3FhB+RieD1avApbBbXQAAAAAAAAAAAAAAAAAwWpXUHZMkTRg/0+JKRpbosCTdOe9fzXO/4VNtyzkLK8JgCfRGoFcG0mCsOdLMSbvRPDZk6Lld93UZfpak/cV/1VNbb9Hhs5v15tGnhqpEjDD0FYYLdoAGAAAAAAAAAAAAAAAABklgB+OU6ByLKxl5Il3xCndGm2HNisYCjQ9P7fJeQ4aqGgtV21KqELtTyVFTNC50fI/P8Pm9qm05q5qWs7Lb7EqMnKwoV0Kv6qtrLVNNc7E8vlYlRWYrJjyl9y8OppToHOVX7lZ5Q76mJ18zoGsH+m8si4uYYB63eurV5mu56P0+v0ebjvxbj+smR01RasxlcoWMU2HNQZ2rz+t9TeMmKCN2lkJDxqmi8bSKaw/L62/r9fzAGllx8+X1u3Xo7OZO11OjpykpKlvhziiV1B1Vce0RGYa/V2uHhoRrauJSOR3hOlefp7KGEzIMo0/1jWaD0avApSAADQAAAAAAAAAAAAAAAAySqqYzkqTEiEyLKxmZPL5W8zg0ZFyX93x45s/alv9rub1NQePhzmjdNvt7yoqb32mO19+mnaf+oF2nnpff8AVds9tCNG/CLbp6yn1yOTo/83T1fm0+9h+qbi7uNO+aqV/RlZmfM8d+9cH9XQZD/+O9W83j6LAkPbhiY5evbSwI9EagVwbSYKw50rR4GszjMGe0wp0xavHUXfJ6c9Nv1rU5D3TRG4YOnX1Lr3UTns6KW6Drpq1XYmSWJFun66er9+mlj74vt7c5aPzBFRsVHZYkSfqg8I+qazmnpZO+oEhXvKT2nxEdA9BXTblXiybeIWeIq9Mz6lrL9JdDP9TZuk+6rDE5aoruWvCEwp0xQeM+v1evH31CH5e+3eW8sYa+wnBht7oAAAAAAAAAAAAAAAAAYLSqbT0nSRo/Ls3iSkaeogt2hU2I7Bwi33Xqeb1z/Kedws+S1OKp1//s+5Y+KPxj0Lhh+PX83ke0o+B3ncLPkuQ3fNpX9Bf919/Wqr61PLimmkP6n33f6hR+Dsx7N+8Zbdz/aIdn9bxrrKGxvbNsoDcCvTKQBmPNkaaw+oB5bJNN9y//naYlrbiktWamXq8bZ3yzyw8GSDbNTlujB5b/odOVtXN+oLsWPKHEyEnqKvwstQek7138bOdVbecjjpPjr9Dqy75uhp8lKcTuNI9X5azXskl3dxl+lqSYsGTds2iD5k/4TKdr4c5ofenKDZ3Cz+3PcOiWmf+szLh5Xa471tBXGC7YARoAAAAAAAAAAAAAAAAYJE3uakkKCuzh4gwZ+qTsPb1+5N/NseSoqYoIjQu676OS1/XeyV+Y51dmfk7TU1bKJruOlb2r3adfkCS9m/eMZiSvVFRYoiTpePk2ldQdNefNSl2t7MQr5bSHqbT+uPYX/1XNbbUKsTvNOZJU1nBSz+/7pnmenbBIi7Pu0rjQ8SquOay3jz8tr79Np6r26ljZe5qefI2uzPqcSuuOq9VTr8Olb5lz5024RQ57e0gzKixhIL5tI1agNwK9MpAGY82R5kDxq7p6ypcV7oyWJIU5IrV2zg/V5mtRSe0RHTm3RZ+UvSePz33RdbITrtQtM//JPK9pLtGOU79XfWuZchKXa8HE22WTTePDU7Vs8t3aUfB7897C6oOalnSVJKnV26izdUdV1pAvn79N05NXKj5ioiRpfHiqZqWt0eEOOzp31B6gliRDTW01qmwsND+MsCL7Hi3K/Kx5r8/v1amqD9XgrlSUK0ETxs9UmDNKUvuHKy7ksIdKat8dPr9yt+pbK5QZO1dJUdnmPTfP+LY2bP/8Rb9PYwF9heGCADQAAAAAAAAAAAAAAAAwSFq9jZKkMEeUxZUMP7/YdW+nMbe3SS2e+k7juZc/GnTe7KnT60fPB6RvvvxRzU67wTxPiZ6qcGeMtp74uSRp68ln9ZmZ35Eknaraa96XMX6WcjuEOqckLtGyyXdr16mNinDFytZht9qXPvq+uWP09JSVum3Wd81rCRGZSomepl998FVJ0luf/JemJ1+jy1NW6fKUVWpuqw0KQF895T6FO/k7IZ3vjUCvDKTBWHMk2rDtLn1+4VNKjZ5mjoWGhGtS/EJNil+o3Mv/UfWt5TpW9p52nvqDWj0Nnda4bfb3FNi9ubyxQM/tus+8Vlh9UKer9+mzcx+XJC2b9MWgAPT+4ld0eep12l/0ij4ufTto3W35v9GDKzYqOixJkjQj5dpuA9CSVNdapt/t+Zoa3JXmWJQrQcsn32OeN7XV6Be7vqzmttqguddM/YrSY6arovFUt2s/u/NLQWHwdfOf0KT4BZKk6PDkbusaS+grDBf2nm8BAAAAAAAAAAAAAAAAcCm8/jZJkjMk1OJKhp/altJO/10Yfo50xeu+Jc8F7cIqSUdK3zGPo8OSgsLPAYsyPyu7LUSSVFRzyBwP7PQqSV6/R4aMoHl2m0PLJt+tuek3m2OVTYWqbSk1z1df9vVOz0uJnqr0mBmSpOa2Wrm9zd2/eJgCvRHolYE0GGuORG2+Fv36gwe09cTP1NTW9e690WFJujLzc/r6VX/WrLQ1Qdcy4+YqNCTcPP/Twf/Taf6Jil1qdFdJkkLsTkWExprXDMPQb/c81Cn8HHCqap95HBOW0u3r8Bs+PbfrvqDwsyQtm/zFoPM/H/xup/CzJL134ln9Ye8j3a6/cd+3O+2EvfPU+SC3TTaFO2O6nT9W0FcYLtgBGgAAAAAAAAAAAAAAAMCQC3dGm8dub5O5u3LADdMf1rwJt3Q5t7TuE/M4xO7U8fJtXd7nDAmT29tkBjMlKSt+vvYWvdy+Tv0n+s/3bteCjNuUFTdfaTHTFWJ3XvR5UnCguqOOc6ubi4J23AWstvv0C9p9+gVFuuK1cOJaTY5fqISISQqxn48Rhtgdyr38HzUlYbFePvRDSdKk+CuC1pmRsrLL9Tv2cPr4y5VXvr3TPTabXUmRkxUfMVGhjnEKDQlT7LhU8/rFdkYvbyiQ29vUaTwt5jLzuMVTr5K6o92u0R2Pr1XVzcWdn9lYEHQeOy5NLXV1fV4fwMAjAA0AAAAAAAAAAAAAAAAMEoc9VF6fWx5fm5whLqvLGVbuX/47hTkCYUdDVU1n9OrH/6bS+vaw8ZvHfqK0mOlKjprSaW59a7l5XNNcopc++v5Fn+U3fGr1NijMEaWpics0LWm5jn8azmzx1Gt7wW+1veC3kqQJ42dqcdadmpq4zJzf4K4IWq+n50lSXcs5AtC94PG17ybbcWfugRLoPwRrdFfpvRPP6r0Tz0qS0mNm6OopX1Zm3FxJNknSZclXKzV6mkrrj2v8BbsyXzPlKz0+IyEiS3k6H4BenHWXFmetu2jAWZJsNlu312pbznY5Pq7DbtMdP+zQF10Fq6X2YDSCDUavApeCADQAAAAAAAAAAAAAAAAwSMIckWr0udXqbSAAfVE2xUdk6vMLn9Qvd/9v1TSXSJI27n9UX7vqj7LbgmNOHXdajnTFKyU6p8cndFxj7Zwf6UjpO/rwzEtm4DqguPZj/engx5qfcavWXPYPnz4vtMM6IZqcsKjH50WFJfZ4D6RWb4Ok9l4ZaIH+w8WV1B3V8/u+qWlJK7R2zg/N8WnJV6m0/ri8/rYOdxuq/rQ/L6a6ucg8vmXmP2tm6vVB11u9jXJ7m+TzexTujA7aEb47huHv8R6bzd7jPV2uLeOS5o1Fg9GrwKUgAA0AAAAAAAAAAAAAAAAMkghXnBrdVWp0VynKlWB1OcNeaEi4ci//J/3uw69JkprbavXhmZd0Zebngu5Lipqs09X7JUnJUdm6Y+7jfX7W5anX6fLU6+TxuVVaf0wnK3brQPGravO1SJL2F72i2Wk3KDV6mhIjs8x5dlvIJT2vI8Pw9Wv+aBLYsTfCFTfgawf6D71zvHybfH6vQuztscJoV3uIv7T+uGalrZEkGZJ+tuPv+rTutKQV5nFZwwm99NEPVNtSao7dNONbmpN+0yXX3dxWa/58jQgd+L9HCDYYvQpcikv7uAMAAAAAAAAAAAAAAACAHo0PS5Ek1TaftbiSkWPC+MuVFTffPH//5C/V5msOuicxcrJ5XFh9UC2ehkt+njPEpYmxc3Vtzv16eOVfFR2WZF4rqjnU/ryISeaY19+mMzUf9ekZoY5xQeeFNQcvud7RJtAbgV4ZSIOx5kjjckTo7xY9reSoKT3eGxEaa4afJam6uViSgv6+22Qzw9C9EROeImdImHn+2pEngsLPkpQ+/vJer9eV0rrzu7iHO6OUFbegX+vh4ugrDBcEoAEAAAAAAAAAAAAAAIBBEh8xUZJU0VRocSUjy/XTHjKPvf42bc//bdD1KQmL5bCHmtdf/fhxef1tndYprv1Yv9j1ZVV1+P5/VPKGfv/hP6is4WSn++22EIXYnea5z++RJEWFJSopKtscf+Xwv6ihtaLT/PrWcr148DEdLN4UNO6wh8rliDDPj517t+sXPgYFeiPQKwNpMNYcaVZf9nWlx8zQvYt/rrsWPKFwZ0yX940PT9V9S54LGjtyboskqaLxlFo89eb4DdMfVmLkJF0oKXKyvrrst0H92+YN/vDC3Am5QeczUq5VQkRm317UBXac+n3Q+do5P+y0pjPEpc/O/bG+uiz4Zwn6jr7CcOHo+RYAAAAAAAAAAAAAAAAAlyIQmj1Xn2dxJSNLQmSWLku+Wp+U/U2S9EHhH7Uo8w5FuuIlSeNCx2v1ZV/X60f/XZKUX7lHT7//OV2eskrhodFqaatXSd0xlda37wy789TzumXmP396/HvVtpTql7v/tyaMn6nU6MuUEDFRjW3VKqjco5rmErOOqUnLzOPbZn1XP9/5JUlSo7tKG7Z/XjNTr1dUWIIMw9C5+hMqqNojqf3P+8Kg5+T4K3Ss7D1J0vHy7Xpmxxc1I+VaxYanaWbq9bLZxuZeloHe6BgwHyiDseZIMy1phXmcFbdA37jmZXl8bjW1VauupUx2W4iiw5MUE5YcNK+w+kBQL/z5o+/q7oX/Kak90H/fkl/obN1xNbVVySa7EiKzND48VZIUPSFJbx9/WpLU4qlXU1uNIkJjJUnzJ9yitOjpKqw5oJSoqcqMm9fv11jfWq5t+b/Riux7JEkuxzjdt/SXqmg8pbqWUo0PT1N8RIbstva45ITxM1Vc+3G/nztW0VcYLghAAwAAAAAAAAAAAAAAAIMkPWa6JBG2uwTX5txvBqAlaeuJn5shZkmak36TyhsLtPfMS5Lag5Z7i17ucq3Ars4+v0fOkDBzvLj2427/bFblPBC0i2x8xER9ZtZj2vTxv8pv+OQ3fDp09s0u54Y7o9Xma1FoSLg5dv1lX9Px8m3yGz5JUk1ziXYU/E6SNDVpqcIcUd1/M0axwPc/0CsDaTDWHGme3XWvbp31f5QeM8Mcc4a4ND481QwsX+ijktfNDxcEFNUc1o6C32nZ5Lsl2STZlBZzWZfzPT63wp3R5q7Rm4/9h26f8wPZPp2XEj1VKdFTzftrW0q7raW3thf8RqGOcF2Z+TlJkk02JUVOVlLk5KD7DBkaH57Kz+R+oK8wXIzNjw31IC+/SHn5RVaXAQAAAAAAAAAAAAAAgBEuOixZCRGZcnsbVVRzyOpyLBVi79tejTFhyZqbfrN5/nHp22pqqw665/ppD+nexT9TeswMOeyhQddCQ8KVFbdA9y7+uW6a8a1Pa3DqviXP6Y65jys5amqnOZIUOy5dt8z8Zy3KvKPTtctTVulrV72o6SkrFe6MDrpmt4UoKSpbt8/+vu5b8lxQ+FmSIkJjtX7588pOWNRp3TBHZA/fjdGpqOaQ3N5GJURkKvqCHYgHQqD/xrK6lnP67Z6H9Ns9D6ms4YRavY0yZFxwl6FWb6PKGk7q+X3f7BR+Dng//1f67+13q7yxQD6/t9MaLZ56/e3kc/qP9241w8+SdLx8m36750E1uCulDs/2+Fr1UcnrOlC8yRy7cN3ABwYkyeNvu+hrfTfvGb2b94xaPHWdrvn8Hp2pOain3/+cPi59W5Lk7bCev9PrQVcGq1eBS2EzDOPCn2Zj1qbNO7TprZ1BYznZGXpk/TqLKgIAYHAUni6RzWaTpH5/DTruOKZe3H+R496cdzfW07WLzemt/qwRPo5fwgEAAAAAAAAAADCWbMn7b+0pfFGLs+7UyqlftbqcUa3V26D6lnLFhKfK5RjXqzltvhY1tJbLbncqJixJdlvv//88r79NNc3FCnfGKNIV36daG91VamqrVrgzRtFhSX2aO1psPfEz7T79ghZl3qFVOQ8MyjMC/YdgUa4EJURmqcVTr7KGE7qUGKHLMU5pMTNU31quqqYzvZpjs9mUHjNT9a1lqm8t7/Mzeys0JFwJkVlyhoTpbN1ReXzuQXvWWDKYvWqFlmaC79bqX3yZAPSnntqw8aK7Pj+yfp1ysjOGsCIAAAYPAWgC0AAAAAAAAAAAABg6RTWH9Pu931BMeKrWL/+D1eUAw8aG7V9QXUup7l74H8qInT0ozwj0H4D+G8xetQIBaKv1L75sH6AqRrSews9S++7QAAAAAAAAAAAAAAAAQF9lxM5WQkSm6lpKdaJiZ88TgDHgRMVO1bWUKiEic1ADlYH+A9A/g92rQF+N+QB0V+Hn3NVLlbt6adBYXn6RntqwcShLAwAAAAAAAAAAAAAAwCgxK+0GSdKB4k0WVwIMD4FeCPTGYBqKZwCjHX2E4WZMB6C7DT+vWabcNcv0yPp1QdcIQQMAEvT7zgAAIABJREFUAAAAAAAAAAAAAOBSzJuQK0eIS/mVu1VUc8jqcgBLFdUcUn7lbjlCXJo3IXfQnxfoPwCXZqh6FeiLMRuAvlj4OSAnO4MQNAAAAAAAAAAAAAAAAPrN5YjQoomflSTtOk32BGNboAcWTfysXI6IQX9ex/4D0HdD1atAX4zJAHRvws8BhKABAAAAAAAAAAAAAAAwEBZnrVOYM0r5lbt17NxWq8sBLHHs3FblV+5WmDNKi7PW9TxhgAT6D0DfDHWvAr015gLQfQk/BxCCBgAAAAAAAAAAAAAAQH+5HBFaMfkeSdLWk7+Qx+e2uCJgaHl8bm09+QtJ0orJ9wzpjrId+w9A7w11rwK9NaYC0JcSfg4gBA0AAAAAAAAAAAAAAID+WjhxrTLj5qmupVTvHH/a6nKAIfXO8adV11KqzLh5Wjhx7ZA/P9B/AHrHql4FemPMBKD7E34OIAQNAAAAAAAAAAAAAACA/rpu2oOSzaaDJa/pQPGrVpcDDIkDxa/qYMlrks3W3gMWCfQfgB5Y3KtAT2yGYRhWFzHYugo/P7J+nXKyMy5pva5Cz12Fo4ej19/epTaPp9O4yxUqR0iIUpLjlZIUp4S4GNmG2T/0VdV12rb7I0nS+OhIXbN8fp/mb//gkCqraiVJixfOVEpS3IDXONydLCjWx58USJKm52Rp2pSJFlcEwCqFp0vMn/P9/Rp03HFMvbj/Ise9Oe9urKdrA/FvXH/WCB/n6PfzAQAAAAAAAAAAMLIdLNmkN44+JUlaN///aVL8QosrAgbPqaq92rj/UUnSjTMe0dz0XEvr6dh/ALo2HHp1sLU0e60uYYzrX3x51KdvBjr8LJ0PO3cMQQdC0cM9BL3prZ3y+/29ujcnO0NfvPMGJcaPH+SqeqeiqlZvbvlAkhQXG93nAPR72/er+GyFJGnihJQxGYD+6MhJvf3eh5KkpuZWAtAAAAAAAAAAAAAAAFhkbnquqpqKtKfwRb186Ee6a8ETSo2eZnVZwIArrT+ulw/9SJK0KPOOYRGo7Nh/ADobLr0KXIzd6gIG02CEnwO62vG5q52hR7K8/CJ99/97Vq+8sU1en8/qcgAAAAAAAAAAAAAAAEaVVTkPaEbKKrm9jXrx4GMqrT9udUnAgCqtP64XDz4mt7dRM1JWaVXOA1aXZAr0H4Bgw61Xge6M2h2gBzP8HDCSd4KWpPu+eIvSUhIkSX6/oarqOp0rr1JJaYX27D9m3vfGO7tVWlal+790m1WlAgAAAAAAAAAAAAAAjEq3znpMPn+bjpdv0//s+7Zun/09TYpfaHVZQL+dqtqrlw/9SG5vo6YlrdCtsx6zuqROOvYfAA3bXgW6Mip3gB6K8HPASN4JOikhVmkpCUpLSdCEtETNmTlFa669Uvd+IVc//s5XNDkrzbz34OETOnr8tIXVAgAAAAAAAAAAAAAAjE5r5/zQ3Al64/5HdaD4VatLAvrlQPGr2rj/UXPn57Vzfmh1Sd0K9B8w1g33XgUuNOoC0EMZfg4YySHo7iTGj9ejX/uC0lMTzbHn/rBJbR6PhVUBAAAAAAAAAAAAAACMTrfOekyLMu+QJL157Cd64+iT8vjcFlcF9I3H59YbR5/Um8d+IklalHnHiNhNtmP/AWPRSOlVoCOH1QUMJCvCzwGBEHTH0HMgBH1hOHok+dJdN+rxp34rSWpqatGRT05p3qycoHu8Xp92ffixThQU6ey5SlVV1ys01KHU5ATNmzVVVy2bJ1s36x89flpb3t+rsvJqNTQ1a3x0pNJTkzR9WqaWLZotu727me32HvxEh47k60R+kbw+nxITxmverBxdd/VC2WwXn1tT26Ddez/WkeOnVXK2QuHhLk3KTNMN1y5SRnpyt/N8Pr/2HvxEOz44pLKKajU3uxUVNU7pqYm6aulczZw+udvXW9/QpO27D+l00TmVllWpsbFZEePClJaaqFVXLdC0KRM7zXlzy26VllXLZpPW5l6tUKdTu/cd0Y4PDquyqlarr12kG1ctDvqevvO3D1VSWqG2Nq8mZ6VpRk6Wli6addHvBwAAAAAAAAAAAAAAsNaqnAcUH5GhN479RAdLXtOp6v1aOeU+TU9ZaXVpQI+OnduqrSd/obqWUslm043TH9bc9Fyry+q1jv0nw7C6HGBojMBeBQJGTQC6q/BzTnbGkISfL3xexzpGegg6Iz1Zkyam6tSZUknS2dLKoAD062/v0hvv7JbH6w2a19LqVl19kz45Uaj3d32k7zz8dwoJOb/huCHp6Wf/pCOfnAqaV1ZRo7KKGu0/dFyvv7VLX747V1MmT+iyto0vb9F72/cHjTU0Nqvg9Fl9eOCY/vkbX+w2BF1dU6/fvfCmWlrPf1KypdWt6pp67Tv4iR66739p5vTJneb5fH795JkXdLKguNN61TX1Onw0X8sXz9bdd6wJut7a2qbn//y29uw/2mnNlla3KqvrdOjISa1cPl933h78KzX2HvxExWcrJElTJk3Q839+W36/37xeWVVrHm9+9wO9/Nr7QfOPfHJKRz45pW27P9LUyUPXDwAAAAAAAAAAAAAAoO/mpucqLWaG3jn+UxVWH9BfDv9Yh0vf1pKsdcqInW11eUAnRTWHtOv0RuVX7pYkZcbN03XTHlRSZOfszXB3Yf8Bo9lI7lVAkuw93zL8dRV+Hk4CIeiRKi01wTwuKa0IunboyEkz/Gy325WakqDZl09Rempi0Jy339sTNO/Nd3YFhZ8TE2K1aP4MTZk8QU5Hey6/pq5BBYVnu6ypuqbeDD8nxMUoOTE26PqZ4jLt+vDjbl/Tn/66VS2tbjkdDk3OStOEtMSg6xt++bKKSsqDxgzD0IZfvhQUfo6Ljda0KRMVFTnOHNu++5D+/Op7QXPtdpv2HvzEPHe5nMrKSNGsGdmKiY4wx7du36/Tn4bNu/L7FzcHhZ9jY6I0PiZKkrTvo+NB4We73a6sjBRlpCfLbrfrXHm1tu3+qNu1AQAAAAAAAAAAAADA8JAUOVmfX/Ckrp/2kMKcUcqv3K3f7/2G/njgOzpRsdPq8gBJ0omKnfrjge/o93u/ofzK3QpzRun6aQ/p8wueHNGBygv7DxhtRkuvAiN+B+jhHn4OGMk7QackxZvHFwagb7husV54aYtuXrNUSxbODNrlecvf9urFv25tP35/n25Ytdi8tu+j4+bxZ25YrpuuX2Kee7xebdq8U+++v09XLZ3bbV0ul1Nf/8odyp6ULkmqqKzVhl+9rNJzlZKk93ce1NJFs7qdf/llk/TVe25VaKhTklRVXacnN2xUdU29/H6//uvnL+qJHz5o3v/KG9vM0Lbdbtf9X7pNsy/PNq9v3b5fL7y8RZL09nsfauKEZF0xb7okKTTUqauWzNGZkjJ95oblumxqpjnPMAw9/Ys/m2u/u22/7v3Czd3WHRcbrXvW3ajsSelyhIRIklpa3Hr2t38175k2ZaIe+PvbFRYWKkmqrW/UTzZsVFlFTbfrAgAAAAAAAAAAAACA4WXhxLWalbZGu09v1J4zf1J+5W7lV+5WTHiqpidfpSkJS9gVGkOqqOaQTlbu0rGy91XX0r7JnyPEpUUTP6vFWevkckT0sMLIcWH/eX3unicBw9ho7VWMXSM+AD0Sws8BI6nWjsLDXeZxY3Nr0LW5M6dq7sypXc5buWKBGYBuaGyWIcn26bXmlvNvCAIB5gCnw6Hbb75Kt964XHZ795uU//3nbw6am5gwXmtvvko/fe4lSVJFdV23c50Oh776pVsV6nSaY/FxMXrwy2v143//tVlzfUOToqMiZEj6246D5r03X78kKPwsSSuXz9eJ/CLtP5QnSXr3/X1mAFqS1q29rstabDabVq9cZAagyyuqu63b5XLqB4/ea4a2A0512DXa6XBo/b1r5XKdv2d8dKQeuu+z+u7/fbbbtQEAAAAAAAAAAAAAwPDjckTo6ilf1uKsdTpQvEmHz76pyqZC7T79gnaffkEuR6QmjJ+plOgcJUZkavy4NEW64hXmiJIzJFTn0xpAbxjy+NrU6m1Qo7tKtc1nVdFUqHP1eSqu/Vhub6N5Z0JEpmal3aB5E3JHbZiyu/4DRpKx0KsYm0Z8ADonO8MMFj+yfp02bd4xbILGOdkZyl2zTE9t2Giej0TlHXYNTk6M7fF+Q5LX65XH45XL5ZTb7ZEk1dc3KSa6/QdoUkKsqmvqJUnP/OovumHVlbpi3nTFxUab61ws/CxJc7oIXqckn9+tuqmppdu5S6+cFRR+DkhPTVR6aqK50/WpwlLNmTlFtbUNamk9H9q+dsWCLtddddVCMwDdMZTcHcMw5PF4FeYKNceqPv2+dGXl8vmdws+SVFB41jy+cuGMoPBzQGLCeE2amNqrugAAAAAAAAAAAAAAwPDickRocdadWpx1p4pqDimvYocKKveosqnQ3BkaGGwJEZmanLBIOYnLxtTu4xfrP2A4Gqu9irFlxAegH1m/Tnn5Rf0KF/c2MH0pz8jJztAj69dd8vzhoGMAOiM9udP1Q0fytXPPYZ0pKVNtXaP8fn+X63Qc/+xnrtG/PPkbSVJLq1svv/a+Xn7tfblcTuVkT9SKxXM06/Lsbj+DGBsT1eU1Vxfh4K4kJ3Qf5E5OjDMD0PmnSzRn5hRV154PJdvt9qBdsTtKuiAg3traprCw9nCz3+/X33Ye1IFDeSotq1JDY3OXa/gNo9va0lISuhw/earYPE5Jiu/yHqk9IE4AGgAAAAAAAAAAAACAkS0jdrYyYmdrVc4Dqm8tU0ndMZU35Kuq6YxqW8+pyV2tVm+jvP426SI5BKATm00Oe6jCHJGKcMVpfFiK4iMmKikqW+kx0xUd1jk7NNbQfxgW6FVg5AegpUsPFuflF5m7M/dW7uqlyl2zrE9zRmrwWZK8Pp+Onzxjnk9ITQy6/ss/vKY9+48GjTkdDo0b51JISIi5y/OFJqQl6QeP3qv/eemdoPXdbo8OH83X4aP5mjghWd968K4udzy22fv361mcod3/1Xc4zu887fF4JUk+3/nwttMZ0u3cC3eV9ni9ClOoPF6vvv+vz3X6foSHuRQa6pDX57/ojtXna+u67rY2j3kcEtL9ztkOR/e1AwAAAAAAAAAAAACAkSc6LFnRYcmannyN1aUAYw79BwDWGRUBaAyeN7d8oJZWt3mePSndPG5sagkKP3/mhuVasWSOoiLHmWPrv/1ktztCpyTH6+EH7lRra5tOnCrWifwifbDviOrqmyRJZ4rL9JfX39fnbls10C9LVdV13V6rqKw1jydlpkmSYqIjzTG32yO/3y+7vXPQuKomeN3IT78XHx8rMMPPLpdTd962SlfMny7np4Hm4rMV+pcnf32Jr0bKzkpXwemzkqTKqu5f28VeNwAAAAAAAAAAAAAAAAAAwEjQ/VaxY0Beh52H0Vn+6RK9/vYu83zJFTOVlpJgnh84nGcep6Yk6KbrlwSFn2tqG7oNP3cUFhaqWdMna23u1fq376/XbTetMK8dPnaqvy+jS/s+yutyvL6hSafOlJrnk7PaA9DxcdFBgedDR/O7nH/w8AnzOC42WoF9qj/Ydz4ovmLxHC1dNMsMP0vSmeJzfX4NHQXqlKQ9+4/K7+/86zPcbo8+OcHfeQAAAAAAAAAAAAAAAAAAMLKxA3QHuauXdjm+6a2dQ1yJterqm/TSpr/pg31HzDGXy6k7bw/eidkV6jSPy8qr1ebxKNR5fuz5P7/d7TNeeHmL4mKjtXLFfDlCQoKuZaQnm8dej/eSX8fFVFTW6L3t+3XN8vnmmN/v1+/+uNk8dzocSoiLkSQ5QkI0d+ZU7T90XJL0x7+8qymTJigyIrzDmrV6453d5vnyK2ebx67QUPO4oPBsUC1tbR79edPf+vV6Jmee35m7obFZr27erltvPB8kNyT98ZUtvQqkAwAAAAAAAAAAAAAAAAAADGcEoDvIXbOsy/G+BKBzsjOUl180UCUNqt/9cbOio9p3bDYMQ1XVdaqoqusUknU6HHrgS7crzBUaND5z+mTz2O/36//91x+0fPEcRUdF6J2/faiC08FB34CGxmZt3b5fkvT627t05YIZSktJkNPp0Lnyam3/4JB575TJ6V2uMRA2vrxFh48VaHJmmmw2mz7Yd0RlFTXm9S99/qag+9etXaUTBUVqaGxWdU29Hnv8Z7p66TxFRoSrurZB7+88aH7vMtKTdf3KK8y582ZPNQPlBafP6plf/0UL5kxTW5tXf3n9fTU1tfTrtcRER+im65eYO3a/8c5u5eUXae7MqfL5/dp38LiKSsr69QwAAAAAAAAAAAAAAAAAAIDhgAD0AMtds0w5UyYq7+SZbgPVw0VvArGL5s/QnbevUsS4sE7XxoWH6ebrl+i1T0O3xWcrtPGld8zrcbHRampukdvtCZpXVV0np8Mhj9erlla33ttxoMtnu1xOrb3lmr68pF5bNH+G9uw/qiOfnNKRT051un7rjcu1YM60oLHoqAh95+G/04+e+JVaWt1yuz16a+ueTnNTkuL0rQfvktNxvr1mXjY5KBx/8PAJHTx8wrw+OSut28B4b33mhuU6V1al/YfyJEn5p0qUf6rEvO50OHTZ1Ik6fKygX88BAAAAAAAAAAAAAAAAAACwkt3qAkajnOyMYRt+DrF3/0dut9uVmBCruTOn6sbrFuuf/uFu3fuFm7sMPwfccsNy3bPuRsXFRgetk5OdoW9/7fMKdTo7zcmamKonf/yQbl69VLExUV3WsXTRLP3g0S93eV2SnI6Qi73MHl0x7zLd//e3aeKE5KDx8DCX7rj1Wt143ZIu58WOj9Jj37xHC+Ze1kVNDq1YMkePfv0LcrmCX7fDEaKHH7hT166Yr4iIcHPc5XJqyRUzdd/dt/Sq7p5e95fvvkXXX3OF7B3+nAN/Ht966C5Nykzr1XMAAAAAAAAAAAAAAAAAAACGK5thGIbVRQykpzZsNHfZzcnO0CPr13V776bNO7TprZ3m+TNPfrvL++7/5hPmce7qpcM23Gy1tjaPqmrqlZIUJ5vN1qe5tfWNcre2KTIiPCggPBR8Pr/KKqoVFTlOUZHjej3PMAzV1Tep1d2miHFhfZrb0Ngsd5tHCXExl1Jyz7VJqqtrVGurW8nJ8erbnwaAsaDwdIn5s7q/X4OOO46pF/df5Lg3592N9XStr/9ODfQa4eP4JRwAAAAAAAAAAAAAAABWamn2Wl3CGNe/+DLpGwyY0FCnUpPjL2nu+OhIKbrn+wZDSIhdaSkJfZ5ns9k0Pibykp4ZFTlOXe9tPTBsUnttl1gfAAAAAAAAAAAAAAAAAADAcGW3ugAAAAAAAAAAAAAAAAAAAAAA6C0C0INg0+Yd2rR5h9VlAAAAAAAAAAAAAAAAAAAAAKOOw+oCRptNm3do01s7zfPcNcssrAYAAAAAAAAAAAAAAAAAAAAYXdgBeoDl5Rd1eQwAAAAAAAAAAAAAAAAAAACg/0Z1ANqKADKhZwAAAAAAAAAAAAAAAAAAAGDwjLoAdE52RtD5ps07huzZFz7rwloAAAAkyTCsrgAAAAAAAAAAAAAAAGDsIrsx8jmsLmCg5a5Zpk1v7TTPN721U3n5Rcpds6zTvZeyW3NeflGneXknz5jP6ihnysQ+rw8AAEY/wzBks9msLgMAAAAAAAAAAAAAAGBMMkhAj3ijLgAtSbmrlwaFkfPyi/TUho0DsnZv18pdvZQdoAEAQJd4Dw0AAAAAAAAAAAAAAGAdshsjn93qAgZD7pplyl291Lrnr17a5Y7TAAAAEp8iBAAAAAAAAAAAAAAAsBLZjZFvVAagpfYQ9CPr1/V6F+aL3dfbMHXu6qWEnwEAQI8Mv9UVAAAAAAAAAAAAAAAAjF1kN0Y+mzFGYux5+UUXvd5TULq/8wEAGE4KT5fIZrNJUr+/Bh13HFMv7r/IcW/Ouxvr6drF5vRWf9aw221yhYX0uwYAAAAAAAAAAAAAAAD0nbvVJ79/TMRnh7H+ff/HTAAaAACcRwDa2gC0JIWHO6T+lwEAAAAAAAAAAAAAAIC+MKSWFq/VVaCfAWj7AFUBAACAPvDxKUIAAAAAAAAAAAAAAIAhR2ZjdCAADQAAYAG/jzfTAAAAAAAAAAAAAAAAQ43MxuhAABoAAMACPt5MAwAAAAAAAAAAAAAADDkyG6MDAWgAAAALGIYhP79SBQAAAAAAAAAAAAAAYMj4/YYMg7zGaEAAGgAAwCI+L2+oAQAAAAAAAAAAAAAAhgpZjdGDADQAAIBFvF6/1SUAAAAAAAAAAAAAAACMGWQ1Rg8C0AAAABbijTUAAAAAAAAAAAAAAMDgI6MxuhCABgAAsJDXw69WAQAAAAAAAAAAAAAAGGxkNEYXAtAAAAAWMgyDTxgCAAAAAAAAAAAAAAAMIq/XL8MgAD2aEIAGAACwmNdDABoAAAAAAAAAAAAAAGCwkM0YfQhAAwAAWMwwJA9vtAEAAAAAAAAAAAAAAAacx+MXmz+PPgSgAQAAhgGvxy+/n3fbAAAAAAAAAAAAAAAAA8XvN9j9eZQiAA0AADBMeNp4ww0AAAAAAAAAAAAAADBQyGKMXgSgAQAAhgm/3+CNNwAAAAAAAAAAAAAAwADwtPHbuEczAtAAAADDiNfrl8/Lm28AAAAAAAAAAAAAAIBL5fMa8nrZhG40IwANAAAwzLS1+fgEIgAAAAAAAAAAAAAAwCXw+w21tfmsLgODjAA0AADAMNTm9skgBA0AAAAAAAAAAAAAANBrht9Qm5vw81hAABoAAGAYMgzJ3eaXYRCCBgAAAAAAAAAAAAAA6IlhGJ9mLayuBEOBADQAAMAwZfgNud1+doIGAAAAAAAAAAAAAAC4CDIWYw8BaAAAgGGs/Q26T37eoAMAAAAAAAAAAAAAAHTi/zRbQfh5bCEADQAAMMwZhuRu9cnn5Y06AAAAAAAAAAAAAABAgM9ryN3qk0GkYswhAA0AADBCtLX55GnzW10GAAAAAAAAAAAAAACA5TxtfrW1+awuAxZxWF0AAAAAes/r9cvvN+QMtctut1ldDgAAAAAAAAAAAAAAwJDy+w152trzExi7CEADAACMMH5/+69vcTjtcjr5hR4AAAAAAAAAAAAAAGBs8Hj88nr47dkgAA0AADBieT1++bx+OZx2ORwEoQEAAAAAAAAAAAAAwOjk9bYHnw02fcanCEADAACMYIYhedr88noMOZw2gtAAAAAAAAAAAAAAAGDUaA8+GzJIPuMCBKABAABGAcMw5Gkz5Gnzy+GwK8Rhk91us7osAAAAAAAAAAAAAACAPvH7Dfm8hrxev9WlYBgjAA0AADDKeL1+eb2SzWZTSIhN9hCbQuw2iTw0AAAAAAAAAAAAAAAYbgzJ5zfk9xny+djtGb1DABoAAGCUMgxDXq8hedvP7fb2XaFt9vZwtM12/isAAAAAAAAAAAAAAMBgMoz2LIP51d++27PfT+AZfUcAGgAAYIzgfzQAAAAAAAAAAAAAAABgNLBbXQAAAAAAAAAAAAAAAAAAAAAA9Nao3wE6L79ImzbvUF5+0ZA9M3f1UuVMmaic7IwheyYAAAAAAAAAAAAAAAAAAAAwFtgMwxi1vwf9qQ0bhzT4fKHc1UuVu2aZZc8HAKA7hadLZLPZJKnfX4OOO46pF/df5Lg3592N9XTtYnN6ayDWAAAAAAAAAAAAAAAAAMam/sWX7QNUxbBjdfhZkja9tdPyGgAAAAAAwP/P3p2HVX3e+f9/nY19U0FBBRfwaOIWTeICRpMYwSRkTxuTdG/TpqbpYpqZq53vzPfbTqfz/U0aO21nbDqd1qbzbWrSJUuJCWgWjeC+xC2KoAgqrqyCrOf8/kA+cjjnwAGBDxyej+vy8nPfn/u+P+9z8OQi1/XiDQAAAAAAAAAAAIBgYje7gP6Qk5vvFTx2pibLmZrc/8/OK/AYFxaVDshzAQAAAAAAAAAAAAAAAAAAgOEgOAPQnULI2Znpys7KGJBnZ2dl6OnnXjDGdIAGAAAAAAAAAAAAAAAAAAAA+o7V7AL6WufA8UCGnwEAAAAAAAAAAAAAAAAAAAD0r6ALQHfmTEsxuwQAAAAAAAAAAAAAAAAAAAAAfSToAtCFRaVmlwAAAAAAAAAAAAAAAAAAAACgnwRVALqwuMx7jkA0AAAAAAAAAAAAAAAAAAAAEDTsZhfQV3Jy85WTV+A9n1egnLwCrVq5Qs7U5IDO6hikDnQPAAAAAAAAAAAAAAAAAAAAgP4XNAHo7hQWlXYbZi4sLlNObr5XJ+nszHQ501IIQwMAAAAAAAAAAAAAAAAAAAAmC5oAtDMtRfLRATpQ/jpIS21dpNWDLtLO1GSvEPVgsX7DVjU1N3vNh4aGyG6zKXHMKCWOHqn4kbGyWCxdnlVVc1kbPtxpjBcvvEljEkb0ec0AAAAAAAAAAAAAAAAAAABAu+AJQKcm66UXn9fqNes8wseBdm/2F372WJObr1UrV1x3rWbKySuQy+UKaK0zNVmffWy5EkbF+bxfXX1Z723aZYxvmDKBADQAAAAAAAAAAAAAAAAAAAD6ldXsAvpa56BzQOHn3HyvM1atXKHszHSP+cLiskHb2bk/FBaX6R9//Gu9+c5HamltNbucPlFdU6e1r6zX2lfW6613t5hdDgAAAAAAAAAAAAAAAAAAAHooaDpAX4/Ooeb2Ls/O1GQ501K0es26a2uLSrsNVA8VX/nsfRqbGC9JcrnculRRrbPnL+l0+QXt2POJse6djdtUfu6Snv7Cgx77Y2IiNfOGyXK53ZKk2JiogSu+l+rqr2j77kOSJIfdrvuXLzK5IgAAAAAAAAAAAAAAAAAAAPQEAehOvDpIB0nY2ZfR8SOMALQkjR+boNlKkyTdt3yR1r7yto6XnJEk7TtwTIePlujGqRON9SNio/XMVx4Z2KIBAAAAAAAAAAAAAAAAAAAwrFnNLqAvFRaXeXVzLiwqVU5ufq/P6MmxhlJmAAAgAElEQVTeYJIwKk5/9+yTGpeUYMz95g85ampuNrEqAAAAAAAAAAAAAAAAAAAADHdB0wE6JzdfOXkF3vNX55xpKX67OWdnZWj1mnXGePWadcrOTPcZqB5uvvD43fqX1b+XJNXVXdGhIyc0Z6bTuL/2lfXG9Wc+nSmHve2f1L6Dx7R3/zFJ0qIFs5Q6caz2Hy7W5oJ9OnnqnCaMH6NvfvVTxt76Kw3aVLBPu/cd0aWKGlltViWPG61paSladvs82Wz+s/plp8/rgy17VHzilKpqLisiLExjk+KVOnGc7rztZoWFhejd97er/OwlXa6rN/Y1t7R41D9v7g2aPm2SMW5tdWnXviPK375f5y5UqL6+UdHRERqXlKDF6Tdpxg2TZelUy9nzFXpn4zZJUtqkcbpt4WydOHlGm7d+rMNHT6ihsUnf+9ZntXHzLkmS1WLVYw8t9fv6KiprtH7jVklSdFSEHrj7Nr/vAwAAAAAAAAAAAAAAAAAAwHAQNAHo7hQWlfoNQDtTk+VMTfbs/OwjTJ2dma7srIx+q3EwSh43RpNSknSitFySdKb8okcAevvuQ8b1ioeWGgHo4yVnjHvRUeH6/avv6sLFSmPt2fMVxnV1TZ1++JO1qqu74vHsI4UndaTwpPJ3HNQ3v/qoEkbFedW3Zdt+/b8/5XrMNTY2q7K6VoeOnNA7G7fps49lafe+oyo7fc5rf8f6Q0McRgC6tdWln770qoqOn/JYX1FZo4rKGh04XKxFC2bpM5/K8rhfVV1rnHnu/CWdKC1XwY4DHmtCw0JUsOOgXC6XJClt8njNm3uDV22StOHDndqybb8kaeaNqT7XAAAAAAAAAAAAAAAAAAAADCf+2+oOMc60FP/3UpO7DC7n5OYH1Ok5J69AObn5vapvKBubFG9cny6/0OP9Gzft8gg/R0aGK3H0SEltnZ//77//jxF+jo6K0JKMOVqSMUcjYqMlSRcuVmrNb1/3OnfHnsMe4Wer1aqU8WM0MTnRCGI3t7To40PFGjUyRtFREQoPC/U4IzoqwvgTGxMpSXK73Vrz2796hJ9HjojR1LQURUdFGHNbtu3XX/72od/XXVJ21iP8HBrqUOLokbJarLpt4WxjfsOHO33ub2lpNcLPknTPXQv8PgsAAAAAAAAAAAAAAAAAAGC4CJoO0M7UZL304vPKyc336N68auUKv52fJXmt70772uHUCTpx9CjjujcBaEly2O164tFlmjPTqbCwEGN+zW9fV2V1rSRpalqKnn3qUdntNknSpx+4U7/49Z915NhJlZ+9qF37juiWm6ZJkk6WndVv//C2cc70aZP01GfvN852u93alL9Xr735gZbfOV/J40ZLks6cvagfvrDWqOmFHzzjVeub73ykQ0dOSGoLVT/9hQc1a/q17ssfbNmjV19/T1JbeDll/BjdOsd3B2dJWr50vm7PmKu42Chjbtntt2pT/l5JUtnpczp7vsIIhbfbseewmltaJEmJo0dq0oSxfp8BAAAAAAAAAAAAAAAAAAAwXARNB+je8BV+dqYma9XKFcaf7Mx07315BQF1jA4W4eHXuiZfrm/o1Rl/980ntPDWGR7h58qqWo8uy1/+TLYRfpYkm82qz346yxjv2nfEuH7/oz3GdWRkuJ758sMeZ1ssFt2+aK5+/q/fNsLPgXBL2pS/zxjfu2yhR/hZku5YNFdzZzmv1bJ5t9/zHrnvdj14z2KP8LMkxY+M1bQpE4zxe5t2ee3N+2CHcX3PMu9/hwAAAAAAAAAAAAAAAAAAAMPR8A5Adwo/Z2emGx2j2/9kZ2XopRef9wpC5+TmD2Sppjp/odK4HpMwosf7k8eNUfK4MV7znxSWGNcJ8SNks9lUV9/g8ScsLFShoQ5J0tlzl4z1h4+eMK6X3zlfVqvvf8odA9WBqKqq1ZWGRmN85203+1y3dPEtxvWJ0nK/5/nbL7V1hm6Xv+OA0e1ZkspOn9fZ8xWSpNBQh265aWr3xQMAAAAAAAAAAAAAAAAAAAwDdrMLMEvnAHN2ZrqyszL8rs/OylBhcZnR+bn92pma3K91DgYdA9C+gszdGZsY73O+sqrWuL5wsVLP/eMvujznUkWNcV17ub7b83ujouraM6xWq0f3645GdwqCNzQ0eXSglqTYmEjZbP5/xmDalAkaERutyupauVwubd99WIvmz5Ikbfhwp7Eu8/Z5fgPeAAAAAAAAAAAAAAAAAAAAw01QBaBXr1lnBJQ7znUXbm7X067OhUWlQR+Abmlt1dGiUmM8Pimhx2c4HL67MLe6XB7jEbHRXZ4TFRUhSXJ3mg8NcfS4Jn9aW6/V5K9uSQpxeD6zuaVFYfIMQNts3XefXr50vv74142SpA0f7NCi+bPU0NCkXfuOGGtuXzQ3oNoBAAAAAAAAAAAAAAAAAACGg6AJQOfk5nuFn417eQWS5BGC7ry2fQ08vfvedl1paDTGqZPG9dnZSWNGGdfjxybofz33hYD2WSSFhjrU2NgsSbpwqUppk8f3SU2xMVHGdWNjs1wul8/uy5cqqz3G7eHsnkqfP1OvvvG+XC6Xzl2oVNnpczpaVCbX1XD4vLk3KjIirFdnAwAAAAAAAAAAAAAAAAAABCPvZOcQ5UxLMbuEoFNcclrrN2w1xgtvnaGxifF9dn7Hs06duaDay/UB7x2TMNK43rrzYMD7wkKvdWlubmlRZXWtx/1RI2M8As/7Dxf7PGffgWPG9cgRMbIEXIEnh92u2zNuMsYbPtylDR/uMMZ337WglycDAAAAAAAAAAAAAAAAAAAEp+AJQKcmKzsz3ef8qpUrPLo/S/Ia9+qZQRq6rq6p09pX1uuFX7xidCIODXXosYeW9ulzksaMUmxMpDFe+8rbam11ea07dea8fvHrPxsdnyXptgWzjevC4jLlbz/gte/s+Qr9+0uvqaa2zpgbERftsWbPx4UeY7vNpptmTDHGr73xvi7XXfFYc+Fild7ZuM0YL5o/y+9rDMSy2+cZ1zv2HFZ1TVu9k1KSPLpkAwAAAAAAAAAAAAAAAAAAQLKbXUBfag815+QVeMw5U5O91jpTk/XSi8+rsLisV8/ydeZQ8z+v5SomOkKS5Ha7damiWhcuVRuh53YOu11f/8JDHt2T+4LVatWXP3OfVq9ZJ0k6fLRE3//RS1q88CaNGhmrisoaFZec1qEjJyRJm7fu07Lbb5UkZcyfqV37juhoUenV1/Kutu46qBudE2WxSMdPluvA1e7NH2zZowfuvk2SZLFYlDJ+jEpPnZMk/enN93Xk2EnNm3uD4kfGatKEsVrx8FIdO16m2sv1qqis0T/8y6+0JH2OoiLDVVFVq80F+4z3KHncGC2749breh9GxEVr+rRJxutsd8+yhdd1LgAAAAAAAAAAAAAAAAAAQDAKqgB0b/RHkNmZmmwEqwdzULrs9Llu18ybe6Mee2ipIiPC+qUGZ2qyHrx3sd54e7Oktu7Tf8vN97m2oaHRuLZarXr2q4/qxf/4o06UlkuSio6fUtHxU177Ll/27OD8ucfu1o9e/J0xPnC4WAcOFyshfoT++XtfUUx0pL7/nc/phy+s1ZWGRjU2Nivvgx1e5yaOHqnvPvO4HPbr/xgtX7rAIwAdHRWhGTemXve5AAAAAAAAAAAAAAAAAAAAwWbYB6Db9aQTdHeh5uysDDnTUgJaO9BsVqtXh+d2VqtVo0bGalxivJISR2n29DRNTEkK+Gyr1epzvruA8PI752vOTKf++JcNOlF6Ro2Nzca90FCH0iaN16P336GkMaM89tltNn1n5WN6650t+mjbxx77rFarUsaN1iP336Epk8d77Bs/NkH/sOrz+v2r73qEwKM6hLxHxEXrH577vF5/e7N27zvi9XoW3DpdD927WKGhDr+vy2G3dfm6O5oyebwcdruaW1okSXcvXSBLwLsBAAAAAAAAAAAAAAAAAACGD4vb7XabXURfKSwuU2FRqXLyCoy57Mx0ZWdldLkvJzffY093nKnJWrVyRa/rRNcaGpp0qbJao0bGKiw0JOB9dXVXdLnuisLDQxUTHRnQHpfLrQuXqtTS0qK4mChFRoZ7rXG73aquqVNDY5MiI8IUHRURcE2BKjp+Sj/5zz9Kagtv//u/fFMhIf7D1QBwvU6WnJbF0vajFtf7t8d1xzkFsL6L60DG/ua6u9fVnkD1xRkAAAAAAAAAAAAAAADA8HR98eWg6QDtL8Sck1egnLwCrVq5wm835p50f+7NevRMWFiIxiUl9HhfZGS4zwBzV6xWi8YkjOhyjcViUVxsVI/r6Yn1G7ca14vTbyL8DAAAAAAAAAAAAAAAAAAA4IfV7AIGSmFRqd97/oLRwEC4WFGtw0dLjHHm7beaWA0AAAAAAAAAAAAAAAAAAMDgFjQdoJ1pKZKPDtCByM7KaNsf6LMITKMP5b633biePm2SRo6IMbEaAAAAAAAAAAAAAAAAAACAwS14AtCpyVq1coVycvNVWFxmzGdnpsuZltJtaLkvQ82FxWXKyc2XMzVZ2VkZfXYugo/L5da+g8cUGuqQJN191wKTKwIABDOr1SKr1SKLVbJYLLJYrv0NAAAAAAAAAAAAAADQn9xuye12X/vb1Zahc7ncZpeGIShoAtBSW4jZmZrsEYAOJPzc1wqLSlVYXGb8WbVyxYA+H0OH1WrRCz94xuwyAABBymKxyGazyGqzyGa1SASdAQAAAAAAAAAAAACASdobtV0dXbvhllpdbrla3WptdcvtJhCN7lnNLqCvOdNSzC7BI4ANAAAw0Ox2q0LDbAoLt8kRYpXNRvgZAAAAAAAAAAAAAAAMUhbJZrPIEWJVWLhNoWE22e1BF29FHwv6fyE5ufkD/kwC0AAAYKBZLG3/IxAeYZcjxCqrlcQzAAAAAAAAAAAAAAAYeqxWzwzEta7RwDVBF4B2piZ7jAuLy0wJQQMAAAwEi0XGT0Dy048AAAAAAAAAAAAAACCY2O1W4zdgk4NGR3azC+gP2ZnpyskrMMYdr/tb5+7PnQPZAAAAfcXusMrhIPQMAAAAAAAAAAAAAACCm91uld1uVXOzSy3NLrPLwSAQnAHorAwVFpd5hJEHMgTduRYAAIC+1P6rXqxWfrQRAAAAAAAAAAAAAAAMHw6HVTabRc1NLrlcbrPLgYmCtmXgqpUrTO++nJ2ZburzAQBA8LHbrQoNsxF+BgAAAAAAAAAAAAAAw5LValFomE12e9BGYBEAi9vtDuoIfE5uvlc36P7mTE1WdlaG6QFsAAD8OVlyWhZLW4D2ev/2uO44pwDWd3EdyNjfXHf3utoTqL44o6dCQmyy2Qk+AwAAAAAAAAAAAAAASFJri1tNTa1ml4Feub74ctAHoAEAgDcC0EMrAG2xSCGhdH0GAAAAAAAAAAAAAADozOVyq6mxVaRhh5rr+4LR/xsAAGAQs1gtCiX8DAAAAAAAAAAAAAAA4JP1arbCQrZiWCEADQAAMEi1hZ+tfIMOAAAAAAAAAAAAAADQBTIWww8BaAAAgEHIYpFCQ6yyWPjGHAAAAAAAAAAAAAAAoDsWi+Vq1sLsSjAQCEADAAAMQiH8ahYAAAAAAAAAAAAAAIAesVgtCgm1mV0GBgABaAAAgEEmJMQmK+FnAAAAAAAAAAAAAACAHrNaLQoJIQQd7AhAAwAADCJ2u1U2O+FnAAAAAAAAAAAAAACA3rLZLbLbicgGM766AAAAg4TVapEjhG/PAAAAAAAAAAAAAAAArpcjxMpv4A5iJGwAAAAGCcLPAAAAAAAAAAAAAAAAfYcsRvDiKwsAADAI2B381CEAAAAAAAAAAAAAAEBfslotsjuIygYjvqoAAAAms1gkB99sAwAAAAAAAAAAAAAA9DmHwyoLPemCDkkbAAAAk/GThgAAAAAAAAAAAAAAAP2HbEbw4SsKAABgIovFIrudb8kAAAAAAAAAAAAAAAD6i91ulYU20EGFtA0AAICJ7A6+uQYAAAAAAAAAAAAAAOhvZDSCCwFoAAAAE9H9GQAAAAAAAAAAAAAAoP+R0QgufDUBAABMwjfWAAAAAAAAAAAAAAAAA4esRvDgKwkAAGASm51frQIAAAAAAAAAAAAAADBQyGoEDwLQAAAAJrBYLLJa+aYaAAAAAAAAAAAAAABgoFitFlks5DWCAQFoAAAAE9hsfDMNAAAAAAAAAAAAAAAw0MhsBAcC0AAAACaw8s00AAAAAAAAAAAAAADAgCOzERwIQAMAAJjAZuWbaQAAAAAAAAAAAAAAgIFGZiM4EIAGAAAYYFarReJ7aQAAAAAAAAAAAAAAgIFnuZrdwJBGABoAAGCA8U00AAAAAAAAAAAAAACAechuDH0EoAEAAAaYhe/AAAAAAAAAAAAAAAAATEN2Y+jjSwgAADDALBZ+ihAAAAAAAAAAAAAAAMAsZDeGPgLQAAAAA4zvoQEAAAAAAAAAAAAAAMxDdmPoIwANAAAwwPgpQgAAAAAAAAAAAAAAAPOQ3Rj6CEADAAAMML6HBgAAAAAAAAAAAAAAMA/ZjaGPADQAAAAAAAAAAAAAAAAAAACAIYMANAAAAAAAAAAAAAAAAAAAAIAhgwA0AAAAAAAAAAAAAAAAAAAAgCGDADQAAAAAAAAAAAAAAAAAAACAIcNudgGDRWFxmXJy81VYXOYx70xNljM1WdlZGSZVBgAAAAAAAAAAAAAAAAAAAKAdAWhJObn5yskr8HmvsLjMCEUTggYAAAAAAAAAAAAAAAAAAADMZTW7ALN1FX72WJdX4NUdGgAAAAAAAAAAAAAAAAAAAMDAIgDdKfzsTE1Wdma68cdjbW7+QJYGAAAAAAAAAAAAAAAAAAAAoBO72QX0t8LiMiO47ExNliRlZ2X4XJudme51r7C4zOj83LkDdE/OBgAAAAAAAAAAAAAAAAAAAHD9gjoAnZOb79HhuT3AnJNXoFUrVxih5a44U5N9Bp9Xr1nnNdeOEDQAAAAAAAAAAAAAAAAAAADQP4I2AN05/NzZ6jXrAgpA+9rXORDt8dyrzyQEDQAAAAAAAAAAAAAAAAAAAPQ9q9kF9Ifuws/tOgeZnWkpXms6z3UVfjaen1egnNz8btcBAAAAAAAAAAAAAAAAAAAA6JmgC0D7Cj9nZ6brpRef16qVK/zuy85M99kR2pma3GWn6FUrV+ilF59Xdma6Zx15BQGFpQEAAAAAAAAAAAAAAAAAAAAEzuJ2u91mF9GXOgegszPTlZ2V0eM13Z3rTE1WdlaGRzja15quQtcAAJjlZMlpWSwWSbruvz2uO84pgPVdXAcy9jfX3b2u9gTqes4Ij7Bf9/OD3dnaYyqvPqLzl4+rou6UahrOq765Sk0t9XK5W80uD8OM1WJTiD1CEY44xYSN1sjI8RodNVlJsdOUGD3F7PIAAAAAAAAAAAAAAL1wpb7F7BKGueuLLwddAHr1mnUenZdfevH5AX3+08+9YFwTgAYADFYEoAlAD0ZHz29W4fl8Hb+0U/VNVWaXAwQkIiROk0fdKufoDE0dvdjscgAAAAAAAAAAAAAAASIAbbbriy8HffqmsLjMo0tzd2s7C3SvL9ezt7+8+942NTQ2KS4mSrcvmtvz/e9vV0NDo0aNiNVtC2f3SU1vrN+s5pa2To43TJmgGTdM7pNzAQDA4Fd1pVx7T/1N+8+8S+gZQ1J9U5UOlm/QwfINigiJ06yxyzVn/H2KC08yuzQAAAAAAAAAAAAAAIJW0AWgs7MytHrNOmO8es26gLpAd+4c3ZEzNVnO1GRlZ2V0e8Zg93beVjW3tP3UwqQJYzUhOTHgvfsPFeuNtzdLkhJHj+yzAHTeBzvlcrkkSW6XiwA0AADDQE3DeW0t+aP2lL1pdilAn6lvqtK2knXaVrJOc5Mf0MKJjysmbLTZZQEAAAAAAAAAAAAAEHSsZhfQ13x1Xe4umJyTm+83/Cy1dYbOySvQ08+9oJzc/IDP6C4wbbZ1f90Y8Fq3pNfeeK//iuknm/L3au0r67X2lfUqO33O7HIAAICkrSWv6JdbniT8jKC2p+xN/XLLk9pa8orZpQAAAAAAAAAAAAAAEHSCLgAtSatWrvAYdxVuliRnWkrAZ+fkFfgMQefkFXRZw2B0orRcR4tKA1q7a+8RXayo7pc6brlpmqZPm6Tp0yYpZXzgHakDsf9wsbbvPqTtuw+p6MTpPj0bAAD0zNnaY/qfnd/Uh8f+Wy53q9nlAP3O5W7Vh8f+W/+z85s6W3vM7HIAAAAAAAAAAAAAAAgaQRmAdqYmKzszvUfrfXWOluTzHH8h6EDOG2zWvd59V2e3260/v/V+v9XwpSfv1bNPPapnn3pUC26Z3m/PAQAA5vn49Hqt3fY1nao6aHYpwIA7VXVQa7d9TR+fXm92KQAAAAAAAAAAAAAABAW72QX0lcLiMuXk5nfb7dmfVStXaPWadT73v/Ti88rJzffo8pyTVyBnWorPoHNhcZmefu4FY5ydma7srIxe1dXfys9e1McHizR7RprfNfk7Dqi6pm4AqwIAAMFkU9FvVHDiD2aXAZhu/eGfqOpKuZakfdnsUgAAAAAAAAAAAAAAGNKCIgDdOZzcWccuzu1BaWdqslco2VcIuj3o3L7WIwSdm69VK1cYz/BXQ/v8YA1Bv/rGe5o1I00WH/daW136y1sfBnxWTW2dtmzbr5Kysyo/d0mXL9crMiJMY5MStHTxzZqaluK15933tqn8XIUk6a4ltyh53GhJ0tnzFXpn4zZJUtKYkVq+dIF27Tuig58cV2FxmZqbW5QQH6c5M526a8ktsljaXsG5C5Vav2GrJKmk7KzxnPc27VJJads4JMSuxx9eJqv12qu+cLFKGz7cqaNFJ1VVc1mREeFKGT9GN8+eplvnTPOqe9/BY9q7v+1Xmc+ZNUU3Tp2o/O0HdPhoiUpKy2W1WjQuKUF33HazZt4w2ef71dLSqq07D+rY8TKdOXtRlypqFBJiV9KYeM2ZOUWLM+Z4fV16+7501tTUrG27Dmnb7kO6VFGthsYmjY4fqeRxozVv7g2aNmWC1x6Xy6Wde4/oo20f69z5CjU1N2vsmHhNTEnS3XctUEx0pM9nAQCGr9wjP9OesjfNLgMYNApO/EENLZeVNe1bZpcCAAAAAAAAAAAAAMCQNeQD0N2FnzsHnQuLSlVYXNYWhM4r0KqVKzy6OPsMQV8NOmdnZRh7JXms8RWQ9qizi47RZnDY7UpKHKXSU+dUUVmjHbsPa/7NN3qt25S/V1caGiVJ8+beqB17Dvs8r6GhSa/8ZYPP+1caGnWxolr7DxXpjkVz9dhDSz3u79p3RKfOXJAkzZ6RZgSgq6prtX33IUnSuKQEVdfU6YMtezz21l6u1/GSM9q59xN979uflcVi8djX0cWKal2sqDbGj953h0JDHZKko0Wl+ukvX/VY39jYrIrKGu07cEy79x3Rl568VyEhDuP+8ZIzxnPCwkL0dt5WlZ0+53FGdU2dDh8tUdad8/XQvYs97q3fsFXvbNym5pYWr/eruqZOR46d1OatH+v73/mcbDarcb+370tH9Vca9KMXX1ZFZY3HfNnpcyo7fU4FOw7oxqkT9cUn7lV0VISktvDzv7/0mleX9BOl5TpRWq4t2/br6S8+qOnTJgkAAInwM+BP++eCEDQAAAAAAAAAAAAAAL1j7X7J4NY5jOlMTVZ2ZrqyM9O1auUKo0Nzu84B5c5hZ0leezqGljsHmDuHoFetXGE8v2PnaaktSD1YtLpceuKRZcb4z299IJfL7bGmuaVFb777kSTJarXqgbsX+T3ParVo174jxjg01KGJyYmaeWOqYmOudQX+YMselZSW97je0+UXjJBv/MhYjUkY4XG/9NQ5bd15UJIU4rArOipC0VERslqv/RN32K/NR0dFqD0TXHrqnH72qz8Z65LHjdEdi+YqY/5MOextPyOw7+AxvfnOFr/1bcrfa4SfxyUlKDIy3ON+7vvbdeFSlcfc/kNFRvjZarUqKTFes6anaVxSgsfr3vDhjj55X9o1Njbr337+B4/w84jYaE1NS9GI2Ghj7vDREjU1NUuS3JL+6/dvGf/erVarFtwyXUsX36JJKUmS2v69/Odv/qray/V+6wUADB+bin5D+Bnowp6yN7Wp6DdmlwEAAAAAAAAAAAAAwJA05DtAewSQM9M9uj13tbaj1WvWeXSC9rdOkpxpKVI3Hac7hqT9dYweDCamJGn6tEk6dOSEai/X66Ot+7QkY45xf+OHO9XY2BaAzbzjVkVFRvg9KyTEocULZ6v09Dndv3yRpk2ZYNxzu936j//+iw4dOSFJev+jPfrSk/f2uN7QUIe++dSnlDppnCTpwsUqrVn7usrPXpQkbS7Yp/R5MzVpwli98INnJEm/+PWfjec+fN8S3bForseZjY3NeuEXr8jlckmS7svK0L0dgusP3H2bfvDCWtXVXdF7m3fpriW3aERctHwZl5Sgbzz1iBEiPnb8lH7+qz8ZIeetOw/q/uXXQuTL71qgV//6nu7NStfCW2Z4dHl+b9Mu/emtD9quN+/W8qULrvt9affL372us+crJLUFmZ/+woOaNT3VuH/hUpVeXveO7DabRo2MlSS9u3Gr9h04JkmKjAzXPz73BcXFRhl71m/Yqrfe3SKXy6XX396szz223G+9AIDg9/Hp9So48QezywAGvYITf1BceJJmj7vH7FIAAAAAAAAAAAAAABhShnwH6L7S3gm6sLjMq1OzMy3FuC4sKu3RuZ07Rg82Kx66y7j+69ub1NLSKklqaGzS+g3bJLV1Tr576UK55fZ5hnHWw3fp75590iP8LEkWi0WZd8wzxucvVPSq1i8+ca8R8pWkhPg4PXzvYmN8oaK6x2fu2X/UCCgnxI/QPZ26dsdER+rhe5cY44OfHPd5jtVq1bNffdSjg/KUyeO1aMEsY3z+QqXHnptmTNG//tPTWjR/lkf4WZLuuO1m47r2cn2X73xP3tRpGlsAACAASURBVJeqmss6UnjSGD/xyDKP8LMkJYyK03efeVzf+MojxtzGzbuN6898KtMj/CxJy5cuMLpe791f2EW1AIBgd7b2mNYf/onZZQBDxvrDP9HZ2mNmlwEAAAAAAAAAAAAAwJBCALqD1WvWGUHojroKMQ/2gHN3EuLjtPDWGZLauiFv3LxLkvTue9uMYPB9yzMUGuro1flut1tNTc0KCw0x5i5V1vTqrNkzpnjNJY4ZZVzX1V3p8Znt3aElaWpasurrG1TX6c/4sQnGmvbOyZ1NTElUXEyU13xSh/oqqrp/3W5JzS0tamhs9HjPa2rq/O7pyfvyydES49phtytj/kz5Y7fbJEmV1bUeZ0yeMM7rPbrS0KiJyYmSpCsNjUaQHgAw/Gw48guzSwCGHD43AAAAAAAAAAAAAAD0jN3sAvpS5+Byd5ypyd3uye7QETgnN185eQUe+4PBQ/cu1vbdh+VyufR2boHmzblBeR/slCSFh4XqzsVXuxF33QBaLpdLmwr2ae/+QpWfu6Tay/W+17m7OciHEbHRsviYDw3pXTC7XcdQ8pZt+7Vl2/4u1589f8nnfOLoUT7nw8KuBb9drS6v+/sPFatgxwGVnj6nqurLcrm810jyO9/T96Wyqta4jo+Pk8Xia3enPZW1HuO//8GabvdcvFTlEcIGAAwPW0te0amqg2aXAQw5p6oOamvJK1o48QmzSwEAAAAAAAAAAAAAYEgY8gHojiHmwuIy5eTmX7uXluIRUvYVWF61coVWr1nn92xnWkqv6mqvpWPAerAGpmOiI3XXkluU98EONbe06H/9+NdG4PaR+26X3Wbr9ozmlhb97//7G1V06u4cHhaqkBC7WlpdverQ3M5i7T6o2xsdQ8lWq1Wx0ZFdrk+IH+Fz3tqL+n77h7e1Y89hjzmH3a6IiFDZbDav99KXnr4vjU3NxnWoI7CPf+fw9YjY6G732Ozd/5sBAASXmobz2ly01uwygCFrc9FaTU+8SzFho80uBQAAAAAAAAAAAACAQW/IB6CzszI8AswdOzQrr0DZmenKzsowpjoHpqW2EHRhUakKi8uMtb7Cys60FKnD+YXFZVq9Zp1WrVzhtdZXqHqwBqAl6Z5lC/XBR3vU3NJiBF5jYyKVMX+mscbdRefmg58cNwK7oaEOPfbgUt069wY57G3/xE6duaAfvfi7fnwF3XO7vOtPSoxXSdlZSdJdS27Rw9lLBqSWy3VXPMLP9y9fpNsWzlZ0VIQxt/L5F/12fu6tEbFRxvWFiuqA9owZPdJj/M//8FRAoXgAwPCyteSPcrlbzS4DGLJc7lZtLfmjsqZ9y+xSAAAAAAAAAAAAAAAY9KxmF3C9nKnJys5M93s/J6/Aoyt0xzC0JOXk5redkZWhVStXtHV99hNU9vWs9hB0dzoHsQebsNAQ3X/3Io+5Tz+4VBZLYB2Gt+++Fua9bcFspc+baYSfJan01Nm+KbSHQkNCjOsTpWe87o9LSjCuPz54TP4j3n1r74FC4zopMV73LFvoEX6urKrt8/CzJI0be62jYF3dFZWUlne7JzoqwuNreeiTE31eFwBgaKu6Uq49ZW+aXQYw5O0pe1NVV7r//gwAAAAAAAAAAAAAgOFuyAegpbZQc3ch6HadA85dBZgLi8uUk5vvFaAOJATdvsaZmqxVK1cM6vBzuztum6sRsdGyWq1KHjdGN8+e6nHf3UU8uGPQ+PhJz6BxU1Oz/pKzqW+LDVDSmGvdi/cdKPJ6BbOnpxnX5y5UKvf97T7P2bO/UC+ve6fP6goNcVx77vkKNTU3e9x/5S8b+uxZHaVNHq/wsFBjvPaVt1V7ud5jjcvl1oYPd+qtd7cYc7NnXHuffv/au157JKn2cr1+98f1Kj5xuh8qBwAMZntP/c3sEoCgwecJAAAAAAAAAAAAAIDu2btfMjRkZ2V4hIxXr1mnwuIyv2s7BpYLi8v09HMveASbC4vLvPa3n9/+d8dgdXsIetXKFT7rGQrsNpv+9Z+e7tXeObOmaPvuQ5Kk4yVn9NLv3tDNs6eqqalFb6zfrLq6K31ZasCmTpmgtzdslSQ1t7To+z98SYsWzNL4saM1NS1FCfFxuvuuBXpn4zZJ0htvb9bHB45p7uypiooMV/m5Szp05IROl1+QJC1dfLPGd+ii3FszbphsXLtcLv3bz/+gRQtmKyY6Uhs37dTxEu9u1X3BIunpLz6on/7yVUltoe/v//OvlDF/pkbHj9D5i5X6+GCRKqtrZbValXXHfIWGOvT4I8v08cEiNbe0qK7uiv7+B7/UHbfN1bjEeF250qiTp85p174jcrlcqqq5rG9/7dP9Uj8AYHDaf+Zds0sAgsb+M+/qjilfNbsMAAAAAAAAAAAAAAAGtaAJQHfkK7zckTM1WdmZ6R4BZkleY1/3ehKCDjZu/w2gNWPaZDlTk433fd+BY9p34Jhxf/LEsf0W6u2KMzVZ06dN0qEjJyRJldW1+tvVjt4rv/SwZk1PVXZmhsrPXtK+g231nigt14lS7189brVaVVV9uU8C0BHhYbp32UIjnH3qzAWt++tG4/7IETGqq7+ixsZmf0f02tS0FD371KP6xa//LKktGP5h/l6vdTarVZVVNUocM0qREWH6+pce0q9efkONjc1yuVx6b9Mun+c3NfV9zQCAwevo+c2qb6oyuwwEIMwRLYe17TdBXG6qkNvt6rOzQ2zhCrVHSpJaXM260lzd4zOiQkfJIoskqa6pSi53S5/VN5TUN1Xp6PnNmjp6sdmlAAAAAAAAAAAAAAAwaFnNLqA/dOzuLMmjs7Mxl5Xhc74rOXkFyrkanvV3RnsIerCy222S2sKtPWWzXdvTfk7H8Xe+/pjuvG2uIiPDjfnQUIcW3jpDX/nMfQE9w9Hp3O7mA7HySw/r3sx0Oeyeef/IiDBJba/r6S8+qGefelRJifGydnpvoqMitCRjjl74Pys9Ojd71tfznyW4b/kifX7F3Ro5IsaYs1qtcqYm6/lnn1CIw9HtGb19X6ZPm6TvfP0xTZ441utedFSE7lpyi37yw28occwoY/7GqRP1//3TSqXPm+nxNW6vO3ncGD3zlUf0d88+2auaAABDU+H5/O4XwXQWi0XPLv6TvrH4NX1j8WvKmvatPj0/64ZvG2c/lf6bXp3x7NX931j8mqaNGd7hXz5XAAAAAAAAAAAAAAB0zeJ2d9XXd+jJyc336uT80ovP93iP1NY92Jma7HUvOzPd6ADtb78zNTloO0EHovZyvRqbmhU/MtbsUjzU1TeoorJGYWEhGjUixivs3K66pk519Vc0OmGE7Lbeh68D1dTUrEuVNUocPVIWi6Xfn9dRa6tLldW1crvdGhEXHfDrbWlp1fmLlYqKDFdMdGQ/Vwmgr50sOW389+Z6//a47jinANZ3cR3I2N9cd/f64r+113NGeETw/BKOn216mA7QQ8C8CY9qqXOlMW5xNekn79+tvvpfgftmfE8zkpZJkuqaKvTzTY/2+IzvLXtPuvrfjTcP/EiHz77fJ7UNRREhcfrWkr+aXQYAAAAAAAAAAAAABLUr9cPzNxMPHteXWQie9I0fgYSQs7MyjEBzYXGZpLYAc0cdA87t1+172v/uuKa9E/RwDUFHR0Uo2uwifIiMCDM6P3clNiZSsTEDF+oNCXEoqUO35YFks1l7FVS3220amxjfDxUBAIaKs7XHCD/30P0zvi9Jeuvgjwf0uQsnPuExtltDdGvKI9px8s8DWgcCU99UpbO1x5QYPcXsUgAAAAAAAAAAAAAAGJR8t78dwtoDzO06B5m70971uaPsrAxlZ6Z7zOXkFSgnN7/LNe0haAAAgGBUXn3E7BKGnMQYpxJjnAP6zNT4+YoIifOa7xyKxuDC5wsAAAAAAAAAAAAAAP+CLgDdWceQcrvVa9bp6edeMP74WtMZIWgAAABP5y8fN7sEBOBO59PGdVnVAbmv/gqZiJA4TY6fZ1ZZ6AafLwAAAAAAAAAAAAAA/Au6AHR2VobHuGNIuT2M3LlLdE5eQUAhZULQAAAA11TUnTK7BHRjVGSK4iMnGOO8T36m4ovbjfFS59d7dF585ATNHnePbk15RNFhCT2ux2ELVVr8Ai2Y+LhS4+fLYrH0+Izhgs8XAAAAAAAAAAAAAAD+2c0uoK85U5OVnZmunLwCYy4nr8Bj7EthcZkKi8vkTE3ucl17wLrz+R3v+VpTWFymnNx8r4A2AADAUFXTcN7sEtCNZVOfNa6rrpTr/OXjeu/oGqXFL5DUFmgeFZmiS3WlXZ6TFDNVj970I0WFjjLm7pr6jJpbG/VR8dqAasme/veaMTZTFnUMPbt1qa5ML+9YGfiLGib4fAEAAAAAAAAAAAAA4F/QdYCWfHdh9rmuc6fmoq6DH12dH2gnaAAAgGBR31xldgnoQqg9UpNGzTXGHxX/TpJUUX9Kl+qufV/aMSTtS3RYgj5z6888ws/tHLZQ3el8WikjZnd5xj03flczx2Z1Cj9LkkWjIlP01fSXu3k1ww+fLwAAAAAAAAAAAAAA/Au6DtDtfHVh7mjVyhVypiZ32xlaklavWSfpanfpLro8++oE3d5ZWiIADQAAgktTS73ZJQxa98/4vhJjnF7zceFjJUlfTf+d172zNYV66+CP+6yGO6d8TboaOG5qvaKD5RuMe5uLf6uHZv1vSdLEUXMVao9UY0ud1xkOW6i+vODXsltDjLlLdSdVUrFXdmuIUuPnKyp0lGLCRvutY/6ET2v2uHuMcaurRcUXt+lSfZkSo6do0qibfYarhzs+XwAAAAAAAAAAAAAA+Be0AWjpWhBZuhY+zs7KkDM12ed6XwHlnNx8jwBzxzMDCUE7U5MJPgMAgKDkcreaXQL8sFgsmjk2yxh/fHq9x/0j5zapsaVeofYIWWTRnVO+pnc+We11zrwJn1K4I8YYbzn+sj4q9uzW/PjNL2jiyJs7Pt3j/m2pXzSuG1ou67/yP6+6pkpjLilmqj437z9ktdg6nNC5U/Tww+cLAAAAAAAAAAAAAAD/gjoALXmGoH3pGFAuLC5TTm6+ca9j9+buzu8cgqbrMwAACHZWi42Qph/+Ojm3d37+r4Iv9Ovz56V8SjarQ5Lkllubi37rtWbPqTe1cOLjkqSZY7P07pGfyu12e6yZMGKOcV3XVOEVfpakv+z7J33njrc8AsztwhzRcthCjfG7n/zUI/wsSeU1R3WwfINmjV3eg1cY/Hy9nwAAAAAAAAAAAAAAoI3V7ALM1jkgnZNXYPzpHF7Ozkz3e0bne77C0/72AwAADEUh9gizS4AfCyc9blyXXNqtptYrXmu2FL8st9oCzzarQ/NSPuW1JiFqknF99NxHPp/V1HpFFy6f8HkvLX6Bce1yt+qTsx/4XLe95FWf88MZny8AAAAAAAAAAAAAAPwL+g7Q3XGmJis7M92jg7Mv2ZnpXXaT9tUJuif7AQAAhpoIR5wammvNLgOdTElYqHBHrDGOCInVp+b47kjd0tpkdGheOOlxbT/5msf9iJBr51ysO+n3mTUN5zQmOs1rftKoW4zrppZ6v/sv1Zf6vTdcRTjizC4BAAAAAAAAAAAAAIBBa9gHoKWuw8vO1GRlZ2XImZoc8Dkduz/3ZD8AAMBQEhM2WhX1Zd0vxIC6Y8pXPcZjoqdoTPSUbveFO2KVFr9ARRe3GXMut0tWi02SZLeG+N1r8fjFMm7jqmPnaavV1sXTLR4jd4czhquYsNFmlwAAAAAAAAAAAAAAwKBFAPqq7KyMPunQTJdnAAAwXIyMHK+Sit1ml4EO4iMnaFTkhF7vv9P5NY8A9OXGS0YQNyFqkt99seGJHUbXwszHL27X3PH3S5JCbOGyWCxyu73DzaOjJnuMLZ0C0cPRyMjxZpcAAAAAAAAAAAAAAMCgRQAaAAAAvdI5tIruna0p7Nfzl0171rhuaq3XK7ue63ZPyojZutP5tCRpVOQExUdO0MW6k5Kkc7VFRgB62pglevvwv3kFmMMdsUqImujz7OOXdnUYWbRw4pMqOPH/vNYtmvy5buscbvh8AQAAAAAAAAAAAADgHwFoAAAA9EpS7DSzSxhy3jr44347O8wRrYkj5xjjvadyVF5ztNt95TVHlTH5cwq1R0hqC1H/cfd3JUnFF7drSkK6JMlhC9Ojs3+kP+37B2OvzerQ4ze/IPnp2NzqataV5lqFO6IltQWdSyp26Uz1EWPNlIQMOUfzW1Q64/MFAAAAAAAAAAAAAIB/BKABAADQK4nRUxQREqf6piqzS4GkO6d8Te1BZLfc+qh4bcB795x6UwsnPi5JmjhyjsIc0WportXeU3/TnPH3aUx0miQpLWGhvn37Gzpbc0wWizQ29gaF2CK6PPv1/f9HT9z8E0kW2ax2fX7ef+psTZFqGy8oLjxJCVGTevV6g1lESJwSo6eYXQYAAAAAAAAAAAAAAIOW1ewCAAAAMHRNHnWr2SVAksVi0YykZcb4xKWdam5tDHj/luKX5Za7/bSrYeo2L+94RnVNlcY43BGjSaNu1sSRN18NP7t1tqaww2ludXSyYq9yP/lZx2qVGDNFUxLSjfDzhcsnOjxfHtfDEZ8rAAAAAAAAAAAAAAC6RgAaAAAAveYcnWF2CZA0e9y9slkdxnjj0TU92t/ialLxhW3G+MbEO43rVlezfrP1KzpVdVCe4Wa3ahrO6/X9P7x6r43L7fI6f8+pt7Tx6H+qsaXeY765tUEnLu3Wb7Y9Jbe71aOe4YzPFQAAAAAAAAAAAAAAXbO43e7h3V4NAIBh6GTJaVksFkm67r89rjvOKYD1XVwHMvY31929rvYE6nrOCI+wX/fzB5OfbXpY9U1VZpeBAWCxWDU6arJC7ZEqq9qv3vyvRERInMZEp+ni5RLVNl7shyqHtoiQOH1ryV/NLgMAAAAAAAAAAAAAgt6V+hazSxjmri++TAdoAAAAXJdZY5ebXQIGiNvt0rnaIpVWftyr8LMk1TdV6cSlXYSf/eDzBAAAAAAAAAAAAABA9whAAwAA4LrMGX+f2SUAQYPPEwAAAAAAAAAAAAAA3SMADQAAgOsSF56kuckPmF0GMOTNTX5AceFJZpcBAAAAAAAAAAAAAMCgRwAaAAAA123hxMdltdjMLgMYsqwWmxZOfNzsMgAAAAAAAAAAAAAAGBIIQAMAAOC6xYSN1uK0L5pdBjBkLU77omLCRptdBgAAAAAAAAAAAAAAQwIBaAAAAPSJhROf0Pi4GWaXAQw54+NmaOHEJ8wuAwAAAAAAAAAAAACAIYMANAAAAPrMsmnPml0CMOTwuQEAAAAAAAAAAAAAoGcIQAMAAKDPJEZP0T03ftfsMoAh454bv6vE6ClmlwEAAAAAAAAAAAAAwJBCABoAAAB9ava4e5Q+6UmzywAGvfRJT2r2uHvMLgMAAAAAAAAAAAAAgCGHADQAAAD63JK0L2tu8gNmlwEMWnOTH9CStC+bXQYAAAAAAAAAAAAAAEMSAWgAAAD0i6xp3yIEDfgwN/kBZU37ltllAAAAAAAAAAAAAAAwZBGABgAAQL/JmvYtpU960uwygEEjfdKThJ8BAAAAAAAAAAAAALhOBKABAADQr5akfVn33Phds8sATHfPjd/VkrQvm10GAAAAAAAAAAAAAABDnt3sAgAAABD8Zo+7R2NipmjDkV/oVNVBs8sBBtT4uBlaNu1ZJUZPMbsUAAAAAAAAAAAAAACCgsXtdrvNLgIAAAyskyWnZbFYJOm6//a47jinANZ3cR3I2N9cd/e62hOo6zkjPGJ4/wza1pJXtLlorVzuVrNLAfqV1WLT4rQvauHEJ8wuBQAAAAAA4P9n786juyzvvPF/8k1CCFsg7Etk04ALKK4IuLQqLkVb64zaThc7na4z80zHTmd7OtPf0/aZmT5tnWk7dbrXbmq1ti6IgGtVEFERRRTBsIU9QNhCCEm++f0RuUnICgmEL7xe53hyXfd9Xdf9+S5w9Jx3PgIAAHCIyr01XV3CSa5j8WUBaAA4CQlAC0B3tV37tsQLq++JRaUPdXUpcFScW/T+uHjUh6JP90FdXQoAAAAAAAAAzRCA7moC0ADAYRKAFoA+Xuyo3BivrnskXt8wO/bu39HV5UCH9OjWNyYOuyYmjbg++uYP7epyAAAAAAAAAGiFAHRXE4AGAA6TALQA9PHo7S3PxvIt82LltpeEockYPbr1jTH9L4jiQVNj3KBLu7ocAAAAAAAAANpJALqrCUADAIdJAFoA+ni3afeK2LhzWWzZszK2V6yLXfu2xN7qHbG/Zm+k62q7ujxOMqms7OiW0yN65PaNPt0HRWHPETGo15gYWjA+hvQ+ravLAwAAAAAAAOAICEB3tY7Fl6VvAAA47gzpfZpgKQAAAAAAAAAAzUp1dQEAAAAAAAAAAAAAAO0lAA0AAAAAAAAAAAAAZAwBaAAAAAAAAAAAAAAgYwhAAwAAAAAAAAAAAAAZQwAaAAAAAAAAAAAAAMgYAtAAAAAAAAAAAAAAQMYQgAYAAAAAAAAAAAAAMkZOVxfQFWbOmRfLS0pjeUnpUXtG8diiiIiYcfXUZAwAAAAAAAAAAAAAdExWXV1dXVcXcawsLylNws/H0ozpU2LG1VOP6TMBoDVrVq+PrKysiIgO/2w0bngt2rG+lXF75i1da+tea3vaqyNn5Pc4KX8HDQAAAAAAAADguFG5t6arSzjJdSy+fNKkb5aXlMYdd97bJc+eOXd+RIQQNAAAAAAAAAAAAAB00EkTgJ45Z16Ta8Vji47a8w7tMj1z7nwBaAAAAAAAAAAAAADooJMiAL28pLRJIPn2z996VAPQEfWh6wPdnw/MhaABAAAAAAAAAAAA4MilurqAY2H5O2sbzY9F+DkimoSdG4ahAQAAAAAAAAAAAIDDd1IEoA91LMLPB8yYPuWYPQsAAAAAAAAAAAAATnQ5XV3AsXCgE/PyktJjGn4GAAAAAAAAAAAAADrXSRGAjjgYggYAAAAAAAAAAAAAMtdJE4Cm3qzHX4j91dUt3u/Vs0f0yM+LgQP6xciiwdEtN/cYVgcAAAAAAAAAAAAArTspA9DLS0qTcfHYoi6s5NibOXd+pNPpdq3NzcmJ902/OK66/MLIzk4d5coAAAAAAAAAAAAAoG0nRQB65px59T/nzm/2/oEQ9Iyrp550gejWVNfUxIOznotNW7bHbR+6rqvLAQAAAAAAAAAAAIATOwA9c868FkPPDR3oCH3HnfdG8diikyYI/Y9/85HoX1iQzOvq6mJPRWVs2LQ1Zj+5INZtKIuIiAUvL40LJp0eZ44f3VWlAgAAAAAAAAAAAEBEnKAB6OUlpTFzzrwk2Hy4e0+WIHTPnvnRu1ePRtf69O4Zw4YMiHMnFsfXvv2L2Lhpa0REvPn2agFoAAAAAAAAAAAAALrcCReAbq3rc/HYoiaB5gMh6UPD0geC0Ld//tYTOgTdklQqFVMuOCseeOSZiIgoXb+5iysCAAAAAAAAAAAAgBMsAN1S+HnG9Ckx4+qpre5tqWt0R0PQM66eGstLSmN5SWnMmD7liM7oKtXVNcm4R4/uje49Mvv52Lp9V0REXHvl5BgyqLDJ/oceey62l++OiIgPzrgsCvr0jIiI5xe8HitWrmtXDedPGh8TTh8TERH3P/R07KmobNe+GVdPiYH9+7ZrLQAAAAAAAAAAAACZ44QJQC8vKW0Sfi4eWxQzrp7arvBy8diiuP3ztyadnxu648574wff/tIR13bg3EzqJL2van88/fyiZH76aSMb3X/h5aWxvbw+AH3x+Wc2G4B+9oXXouLdwPJ7pk1KAtBvvLUyFr+xol115OZmJwHo5198Laqqqtu17+yzThWABgAAAAAAAAAAADgBnTAB6Jlz5jWaHwg0H64D+w4NQc+cM6/NLtJtnXu8WbdhS+zduy+Z19XVxa7de2P9xi3xxLOvJOHlfgW9Y9rkszvtuX379o7evXo0e69i775Ip9PJPL97XjIe2L9v7NxV0ey+3Xv2Npp3z+vWCZUCAAAAAAAAAAAAcLw5IQLQy0tKY3lJaTI/0vDzofsbhqAPdJfuSAj6ePPDux5qc82UCyfErTdeEdnZqU577q03XhG33nhFk+v79u2Pr3zjJ0nIubBfn5gx/eD7/eUv3tbseaXrN8e//9evk+D0heeeHmeMG9Vp9QIAAAAAAAAAAABw/Oi8VGsXOrT7c2eElIvHFsWM6VM6fE6m27lrT+yr2n/Un5NO18V3fnhfEn7Oy8uNL/31hyMvL7eN+iriW9+/Jwk/nzJicNz2oeuOer0AAAAAAAAAAAAAdI2M7wDdXPfn4rFFTdYdGpI+VPGppzTZN+PqqUnn54j6LtAnUgfo66+eGn369Gx0bd++/bGtfFe89OpbUVFRGUuXrYp//OoP4oufvzXGjh5+1Gr59f1zYtXajcn8bz97S/Qr6N3qnuqamvjW9++JqqrqiIjo3atHfOGzN0cqdULk+gEAAAAAAAAAAABoRsYHoNvT/Xl5SWmjIHOz5s6PGdOnNNk/Y/qUxiHoOfMOOwQ9c868WF5SWt9V+jgKUF943hkxsH/fZu/d/P73xk9+9Ugsev3tSKfT8evfzY2vfOkTR6WOJ599JeYvXJLMP/mR62PUKUNb3VMXET/4+YNRtrU8IiJSqVT83V99OHrkdz8qNQIAAAAAAAAAAABwfDihWuW21P15+Ttr27f/1FOaXOtoYPlA+LpdIezjSCqVFR+9+epkvnHT1qiuqen05yxdtiruf+ipZP6+qy6OCyaNb3PfH2b+MZYuW5XM/+YzfxqDB/br9PoAAAAAAAAAAAAAOL5kfAB6eUlpm2uaCzY3WdNCePpIntfQoR2qM0l+fl6kUge/ItvLdze7rjadbnKtLiIqKipbPX/j5m3x/Z/+PpmfM+G0uP6aaW3WteDlpTH36YXJ/MM3XRXj2vEZAwAAAAAAAAAAAJD5crq6vR9m8AAAIABJREFUgM7UUoC5eGxR/ODbX+rQuQeCz4cbgM5ku3ZXRLpBuLl7Xrdk3KdXj9hevisiIsp3NA1Gry3d1OrZeyoq41vfvyc5f+iQAfEXH72+zZpKVq+Pu+6Zlcwvn3ZuXDrlnDb3AQAAAAAAAAAAAHBiyPgO0MezmXPmNQpMt6fD9PGioqIyfnDXg8m8oE/PKOjTM5kPGliYjOe9+HrU1dUl831V++Pndz/a4tm1ten4rx/8NukQ3bNnftz+uVsiJzu71Zq2l++K//qf+5L5uFNPiVs+8N72vygAAAAAAAAAAAAAMt4J1QG6NTPnzGv1fvGpp7QroNzWmgOh5+Y6Rc+4emqb5x9L9zzwePQt6N3oWtX+6ti+fWesWrux0fX3XTWl0XzCGWNi4aI3IyJi1dqN8YX//Z04d+K46NGje8x/cUlU7qtq8bm/uPexWLehLJmfOW5UzF+4pNm1vXr2iKkXTYiamtr45vfujuqamuTemFHDYu7TC5vdN3LEkBhfPLLFGgAAAAAAAAAAAADITCdUALq50PGB6zPnzm9989z5MWP6lGZDyi2dG1EfeJ45d34Ujy2K4rFFLT5nxvQpx10H6DffXt2udVddfkFcOuWcRtfOn3R6zJwzLzaXlUdERFVVdbzw0hvJ/X4FvWN/TU3S5bmhpW+vajRfuOitiHir2WcX9OkZUy+aEHsqKqN85+5G9x57YkGLNU8+/0wBaAAAAAAAAAAAAIATUKqrC+iohqHiFgPQ76xt31mnntJ07yFnHvq8A4Hn1kLWLQWru0J2qu2PPDcnJ4YMKozJ558ZX/vnT8VN11/eZE1WRPzz3348Lr7grEg1ODM3JyfOHD86/vn2j0WvHt2bPb9bTvtz99nZ2e1e21DuYTwDAAAAAAAAAAAAgMyRVVdXV9fVRXTEgQ7MBzQXNl5eUhp33Hlvm2fd/vlbm3RpvuPOexuFoA9d89kvfrPF846n4PPRVr5zd9RU18bAAX27uhQA2mHN6vWRlZUVEdHhn43GDa9FO9a3Mm7PvKVrbd1rbU97deSM/B5+UQcAAAAAAAAAoCtV7q3p6hJOch2LL2d8ADqiaQj5B9/+Uqec21xw+tCzl5eUxsw585rtPt1ZdQBAZxOAFoAGAAAAAAAAADiZCUB3tY7Fl1OdVEWXmjF9SqP5zDnzOuXcQ8859DkREcVji+L2z9/a7D0AAAAAAAAAAAAAoHOdEAHo4lNPaTSfOXd+h0PQzXV1nnH11BbXz7h6atz++VujeGxR/VwgGgAAAAAAAAAAAAA6XVZdXV3HekgfJ2bOmRcz585vdK1hILmrzgKA49Ga1esjKysrIqLDPxuNG16LdqxvZdyeeUvX2rrX2p726sgZ+T1yOvx8AAAAAAAAAACOXOXemq4u4STXsfjyCdEBOqK+A/OhAeXl76w97HOaCz/PmD5F+BkAAAAAAAAAAAAAjgMnTAfoiIjlJaVxx533JvPisUVJcHl5SWmzIemI+tBzRDQJPkfUh59nXD31KFUMAF1DB2gdoAEAAAAAAAAATmY6QHe1jsWXT6gA9B133hvLS0rbtbZ4bFGba4WfAThRCUALQAMAAAAAAAAAnMwEoLtax+LLqU6qIuMIPwMAAAAAAAAAAABA5tF+8BCCzwAAAAAAAAAAAABw/DqhAtAzrp4aM+fMi4iI4rFF9T9PPSWKxxYlHZ8P3D/gwDqhZwAAAAAAAAAAAAA4/mXV1dXVdXURAMCxtWb1+sjKyoqI6PDPRuOG16Id61sZt2fe0rW27rW2p706ckZ+jxPqd9AAAAAAAAAAADJO5d6ari7hJNex+HKqk6oAAAAAAAAAAAAAADjqtB8EAOCIbC7b0dUlAAAAAAAAAADH2OCBfbu6BNABGgAAAAAAAAAAAADIHDpAAwBwRPxGJwAAAAAAAAAAXUEHaAAAAAAAAAAAAAAgYwhAAwAAAAAAAAAAAAAZQwAaAAAAAAAAAAAAAMgYAtAAAAAAAAAAAAAAQMYQgAYAAAAAAAAAAAAAMoYANAAAAAAAAAAAAACQMQSgAQAAAAAAAAAAAICMIQANAAAAAAAAAAAAAGQMAWgAAAAAAAAAAAAAIGMIQAMAAAAAAAAAAAAAGUMAGgAAAAAAAAAAAADIGALQAAAAAAAAAAAAAEDGEIAGAAAAAAAAAAAAADKGADQAAAAAAAAAAAAAkDEEoAEAAAAAAAAAAACAjCEADQAAAAAAAAAAAABkDAFoAAAAAAAAAAAAACBjCEADAAAAAAAAAAAAABlDABoAAAAAAAAAAAAAyBgC0AAAAAAAAAAAAABAxhCABgAAAAAAAAAAAAAyhgA0AAAAAAAAAAAAAJAxBKABAAAAAAAAAAAAgIwhAA0AAAAAAAAAAAAAZAwBaAAAAAAAAAAAAAAgYwhAAwAAAAAAAAAAAAAZQwAaAAAAAAAAAAAAAMgYAtAAAAAAAAAAAAAAQMYQgAYAAAAAAAAAAAAAMoYANAAAAAAAAAAAAACQMQSgAQAAAAAAAAAAAICMIQANAAAAAAAAAAAAAGQMAWgAAAAAAAAAAAAAIGMIQAMAAAAAAAAAAAAAGUMAGgAAAAAAAAAAAADIGALQAAAAAAAAAAAAAEDGEIAGAAAAAAAAAAAAADKGADQAAAAAAAAAAAAAkDEEoAEAAAAAAAAAAACAjCEADQAAAAAAAAAAAABkDAFoAAAAAAAAAAAAACBjCEADAAAAAAAAAAAAABlDABoAAAAAAAAAAAAAyBgC0AAAAAAAAAAAAABAxhCABgAAAAAAAAAAAAAyhgA0AAAAAAAAAAAAAJAxBKABAAAAAAAAAAAAgIwhAA0AAAAAAAAAAAAAZAwBaAAAAAAAAAAAAAAgYwhAAwAAAAAAAAAAAAAZQwAaAAAAAAAAAAAAAMgYAtAAAAAAAAAAAAAAQMYQgAYAAAAAAAAAAAAAMoYANAAAAAAAAAAAAACQMQSgAQAAAAAAAAAAAICMIQANAAAAAAAAAAAAAGQMAWgAAAAAAAAAAAAAIGMIQAMA0Kn2Ve2PJW+WRDpdd8yfnU7XxaYt22N7+a5o79N37NoTy1asOap1AQAAAAAAAADQeXK6ugAAAE4sT/7x5XhkzrzIy8uN//iXz0V+fl6791ZUVMa/fuOnUVlZFQP7F8T/+ce/aHV9XV1dvPDSG7H07dWxdt3mKNta3uh+v4Lece2Vk+OSi8+OrKysZmu9/+GnI5VKxbe++pfRI797u2ttzr1/eDKenb+4zXXZqVQMGNA3hg0ZEKeNGRHTJk+MnOzsDj37ZPb/vvebWL12U0RE/OuXPhFDBhUes2e39zM/1MQzx8Znb/vAUagoM739ztr4zg/vj4iISROL41Mfvb6LKwIAAAAAAADgeCYADQBAp6mpqY3ZT74YERE9unc/rPBzRMRPfzMzKioqIyJib2VVq2tXrdkQP7t7VpPQc0PlO3fH3Q88HrOfejH+6Qsfjd69ejS6P/jdoGw6nY7Hn3kp3n/tJYdV76G2bdsR6XS6zXXpdDo2btoaGzdtjVcWL4uHZj0XH7n56jjv7HEdev7JateuiuR9r6s7tp3H2/uZH2r//uqjUE3m2lu5L3kf9+1r/c8+AAAAAAAAAAhAAwDQaZ5b8FpU19RERMSlU84+rL3zFy6JN99e3a619/7hyXjm+UWNruV3z4uRRUNiZNGQqKmpjWUr1sT6jWUREbG9fFf88BcPxd/95Yca7Tlz/OjIy8uNqqrqeOKZl+PaKydHt9zcw6q7JaeMGBwDB/Rrcr22pja2le+Krdt2ROW7Qc/KfVXx418+HIX/689i9MhhnfJ8jr3hQwdGYb8+7Vp76ujhR7kaAAAAAAAAADhxCUADANBpZj3+QjKeetHEdu/bXr4rfn3/3Havr3k3ZB0RMWRQYXzyIzOiaPjgJuvmvbgkfnXf7IiIeGflunh9aUlMPHNscj8rKyumXDAhnn5+UVTX1MT8F5fE5dPObXcdrbnmislx7sTiVte8+fbq+NVvZ0f5zt0REfHfP/19fONfPxc5OdmdUgPH1vumT2nzMwcAAAAAAAAAOi7V1QUAAHBiKF2/OXbv2RsREaOKhkSf3j3bta8uIv7n5w9GOp1u97NmTJ8aeXm5ceuNV8RX/uGTzYafIyKmXjQhJpw+JpmXrF7f7JoD5r/0Rrtr6AxnjBsVX/yrD0UqVf+v5RUVlbFuw5ZjWgMAAAAAAAAAQKYRgAYAoFMseOXNZHz2Wae2e9+cJxdE6frNERGRl5fbrj19C3rFd/7tC3H5tHMjq421Z4wfnYzXrNvU5P6IYYMiN6f+f4yydt3BEPexMqCwICY16BpcKgANAAAAAAAAANCqnK4uAACAE8PCBgHosxp0XW7N+o1l8eCs5yIiIpVKxeduuzH+64f3dWpdO3ftOTipa37N6eNGxetL34mIiFdeezsunzqpU2toy9DB/ZPxho1b21y/a3dFbNlaHjt27okBhQUxbOiA6JbbvvD4ATt27omybTvePaNPDB82sN1n7Nu3PzaXbY9t5bsiJzs7BvQviEED+0VOdvZh1XDA7j17Y/3GsqjYuy/OO3tck/t1dXWxecv2KNu2I6praqOwb+8YMWxQ5OQc3vNqa9OxvXxXbNlaHlX7q2PY4P4xaGBhpFJtxeiPvbKtO6Js246o2Lsv+vXtFYMG9Gt3V/WjJZ1O1/+SQEVlFPbtHYMHFR7WZ16xd19s2rIttpfvjp49useQQYVR2K/PUawYAAAAAAAAgBOVADQAAB22Y9eepHNybk5OjBg+uM09tbXp+P5Pf5/Mb/nAe2PggL6dXtuqNRuTcf/C5sOWE84YkwSgly5bdcwD0HsadJ3u07tHi+uWl5TGg7OejZWrNzS5N3hgv/jMbR+IYUMGtPqshYveilmPz49NW7Y3uVfQp2fMmD41pl18drOdtTdu3hZ/ePTZ5L1qKDcnJ6ZNnhg3XDMt8vPzmtyvrqmJv/6H/4yIiH4FvePf//Wz8dob78RTz70Sb7+zNll39jdubxRsfub5RfHI3PlRUVHZ5HnXXjk5rrvq4lZfb0REVVV1zH1mYTz2xIJIp9NN7g8fOjA+8qfTY/TIYW2edTTV1dXFU8++ErOferHZTuSnjBgcN1wzrcVfMHjgkWfi8WdeioiI2z50XUw+/8zmnxMRn/viNyOi/n383jf+ttH9r3/7rli3oSwiIr72T5+KXXsq4v4Hn4q167c0ef8unzopbrrh8qSLenPKtu2I+x58Kpa8WdLkXtHwwfHpj9/Q4l4AAAAAAAAAaI4ANAAAHba2dHMyHjSwX7Ph2UM98MjTsb18V0REFI8tisumTopt23d2al21telYsXJdMh9/2shm1w0fMjAZr123qVNraEtdRLy1fHUyH9aglobmPr0wfj/zjy2es7msPL76zZ/HR2++JqZeNKHJ/dradPzi3lmxcNFbLZ6xc1dF/OZ3c+Op5xfF33z6T6NvQa/k3qtLlsePf/lIswHiiPqA89PPL4qXFy+LL37+1hjSoKt1RH2494D9NTUx56kX4w+PPtvknB276rtap9Pp+NEvH47FS1a0+LyHZz8fWW10b66qqo6v3/GLKNta3uKa9RvL4hvf/U1MuXBCfOyWa1o972jZV7U//vsnD8Q7Db6vh1q7bnP8908eiKsuvyBuuv7yJvcbdjuvrW3+czpUdU1Nk2tV+w9ee2fVuvjVfXNa/NyfmfdqvF1SGl/50ieavf/OqnXxnR/c3+xzIiJK12+O//jOr+P6q6e2q14AAAAAAAAAiBCABgCgE6wpPdhluWFotiXvrFwXTz23KCLqO9D+xUevPyp1zXrihSS4mUqlYtKE4mbX9evbOxnv3FUR1TU1rXa07UyPPf5CbC4rT2ocO3p4kzUvL17WKPw8vnhkXHnp+TGgf9/YtbsiFry8NOYvXBIREb+6b3acMW5Uo9cUEXH/Q081Cj8X9usTF19wVowYNjB27qqIlavXJ/c3btoadXEwsLxh09b44V0PJfO8vNy48tLz45QRQ6Jqf3WsWFkaz73wWkRE7N6zN775/Xvi37/8mejWLbfZ11xRUZmEn3NzcqL41KI4dcyI6N+vIHr3rO+A/ejc+Y3Cz4X9+sTUCyfEsKEDorx8d7z+ZkksW7EmHpr1XKvv7yNznk/Cz6lUKiZNLI4zikdF/8I+sX5DWby5fHUsXbYqIiJKVrUcPj7a7rp7VqPw85njR8c5E06Lwr59Yv3GsnhuwevJ63j8mZeif2HBMelU/ot7H4uI+vf/0ovPjqGDB0TF3sp47oXXYtXa+j/3GzdtjZdefSsumHR6o70Ve/c1CT9PPv/MOG1MUeTl5cbadZvj6ecWRUVFZdz7+yeO+msBAAAAAAAA4MQhAA0AQIetXb8lGRf27dPq2qqq6vifux5M5n/+kfdFn949O72m0vWb49G585P5DddMjZyc7GbXFvRp/PwNG7fGyKIhHXp+RUVl7N6zt8n12tp0bC/fFZvLtscTf3w51m8sS+7d+L5Lo1fP/Ebr91Xtj1/c81gyv+GaaXHdVRcn8yGDCqN4bFGMGTksfn3/nIiIuP+hp+PTH78hWbNqzYZ4Zt6ryXzqRRPiwzdNj+zsVHLt8qmT4gPXXRq/vG92dMvNjX4FBwPUP/7VI8l46JABcfvnbonevXok1y489/S4+Pyz4j//57dRXVOTBJxvufGKVt+jKRdOiA/ddGWTsHn5zt3x6OMvJPPzzhkfn/jQdY0+v/deel48O39x3P3A460+44WXlybjv/zkB+PM8aOT+fjTRsYVl50fJavWx8/vfjRuuPaSVs9qy49+8VCkUqm2F0bEd//9C8nrWbpsVSx+42DY+9Au3meOHx1XXHp+3HXPo/HSq8siIuK+B5+K884e1+hzOFqmXDgh/uxPGn9fplw4Ib73498l4fGnnn2lSQD6gUeeScLPuTk58Tef+dM4dcyI5P7554yPKy49P+64857klwAAAAAAAAAAoD0EoAEA6LDduyuS8aGdhw/1q/tmR0VFZUTUB1tb6srcoXr27I077vxtMi/s1yemv+eiFtenUqnIzclJwpp73q2vI37zu7nxm9/Nbff6902fEldcen6T6y8vXpbUNWRQYVzbIPzc0LTJE+PxZxbG5rLyWPT621Fbm04Cq08++0qybkBhQXzk5msiq5kzCvv1iS985uZG1zZt2R4bN21N5p/52A3Nhm7HjBoWH7jukrj/4acjIuL5Ba/HzR94b2RlNfek+vDxx265ptl7L77yZjLO754Xn/jwdZGT3TS8fumUc+K1pe8kIdzmVFZWJeNhQwc0u2bs6OHx9f/96RbPOBwHOo63pWGH7WeeX5SMJ5wxtlH4+YDs7FR8/Nbr4vU3S6KqqjrS6XQsXPRWXHHpeR0vuhX9Cno3CT8fcMM105L3fsu2HY3updPpWNAgfH7j+y5tFH4+oKBPz/j0x98fX/vWXZ1cOQAAAAAAAAAnsva1JwMAgFZUNAiZthaAfnXJ8nh5cX0H2/zuefHRm6/u9Fr276+Ob/333VG5r76mVCoVf/u5WyKVaj6Ie0DDLtAVe/d1el0tKR5bFF/7p0/F9VdPbbbGhQ3CwJdPndRscPmA884Zn4y3NgikLnp9eTL+0/e/t9UzDvXKu59XRMT44pExZHD/FtdeNnVS0s25uqYmVq7e0OLaD1zXcrflRa+9nYyvu+riZsPPB9xwzbQW70VEFDb4Pj46d37U1rYvoHwkRgwbGOdMOK3Nf6ZcOCF5TXURseStlckZ72+lC3VOTnZcc8XkZP7yq28dtddywHsvPa/Z8HNExNAhB78LFRWVDSLdESWrNyRh8NycnLhs6qQWnzF86MAoHlvUKfUCAAAAAAAAcHLQARoAgA7bt+9gALqwX59m1+zeszd+9utHk/nn/vzG6J7XrVPrSKfT8V8/vC82l5Un1/7Xp/8kBvbv2+bevn17x9btOyMiYm9lxwPQ50w4LYqGDUrmeyoqY/XajbFuQ1nS0bl3rx7xwRmXxcABLde3uWx7Ml67fks8/sxLLa59+521yXjL1vIYPKgw9lRUNupKfOro4Yf1OrZsPRikHn3K0FbX5uRkx6CB/WL9xrKkhrEtPG9Eg/fmUOU7difjUW08s2h4y+dEREy9aEI89NjzEVHflfqlV9+K90w7N84YNzrGjBwWOTkth6sP13VXTYlzJx5eR/OG3dMjIoa30KX6gNFFB9+PA9/Xo2nYkJbr6ZabG6lUKvl+1dbWJsHuhgH8oUP6txiiPmDUKUNjeUlpJ1QMAAAAAAAAwMlAABoAgA7bX12djPO75zW75ie/eiQJ/r5n2rmd3vG1LiJ+9MuHG3Ud/vit18b400a2a3+P/O7JeP/+6lZWts+F557RbBg2nU7HXfc8FgsXvRm79+yN//zBb+Pr//zp6N2rR7Pn7N5TmYznL1zS7udvL98VERE7dh4ME6dSqejZM7/dZxy6vz1B8oH9+yYB6J279jS7JpVKtRo8btiBe0BhQavPS6VSkZeXG1VVzX9mV793cqxcszGWvFkSERFVVdUx+8kXY/aTL0ZEfaj7kovPjovOO7PNkO7R0PA96tkzP7KyWu/P3b//wffjWHQqb9gZ/XDsbBDsHjigX5vr2/qcAQAAAAAAAKAhAWgAADqse163JIC6e8/eJvfnL1zSqDtxz575MfvJBU3WNQx07tu3v9GayeefFX0LerVYw72/fyIWL1mRzG+6/vK4+IKz2v0aGnbibSnE3RlSqVTc9qHrYtXajVG2tTyqqqrjrntmxV9/6k+aXZ/doMPumeNHt7u2kUVDIiKirq5j9TYM5KbTbR9W26DbdFth3vaoqa3t0P5UKiv+8pMfjMVvrIhn5r0ay5avaXR/1dqNsWrtxpj1+Atx++dvbbGD+dHS6P2tTbey8t017fgM2tTRL0U7ZKcOhslr2/EZNuxSDgAAAAAAAABtEYAGAKDD8rvnxc5d9QHi8h27m9xftXZjo/nMOfPaPLO6piYenPVcMh87ekSLAejHnngh/jjv1WQ+/T0XxlWXX9Cu2g/YsfNgJ978/KMXgI6oD+V+/NZr4lv/fU9ERCxdtipWr90Yo04Z2mTtoIH9ko7K114xOU4dM+KwntXwPUun01FRUXlYXaAbBoLLtu1oc/3W7TuTcb++vdv9nIYKeveM8nc7T2/btrPVztM1tbUtdn9u6JyzTotzzjot0ul0rCndFMveWRvPvfBa0il76/adcefPfh9f/uJtR1TzkepbcPA9qtxXFXV1da0Gx7c1eH9792r5c6xrJeTc8Lt+tDR8XWVb2/7elDV4XQAAAAAAAADQlmP//3gGAOCE06NH92RcvmPXMX32vBeXxEOPPZ/ML77grPjgjMsO+5ydDTpA98jv3srKznHq6BFRPLYomd/9wOPNrhs+dEAyfmf1+sN+Tq9ePSLVoBvv8pWlh7V/8MB+B5+/al2ra/fvr47NW7Y32Ft4WM86YFCDZ761Yk0rKyNWrt5wWGenUqkYPXJYXHvF5Pi3L38mPveJG5N76zaUJcHrY6Vnz/xGn8+a0k2tri9p8B049P3Nb/C93bmr5ZDzuncD9UfTkEEHP8ONm7fFvn37W12/ouTwvpcAAAAAAAAAnNx0gAYAoMP69jnY7bW8me6yN824PN531ZQ2z9m6fUfSFblnz/z4lwbdeHs10+329aUl8av7ZifzCaePiY/dcs1h1R5R3206nU4n85Y6TXe2mz9wRXz923dFRMTadZtj6bJVceb40Y3WjBk1PBYueisiIh6dMz8unzIpunfv1uKZtbXpSNelIzen/l/1syJi4pljY/GSFRERcf9DT8c5Z53Wapfh/dXV0S03NyIiLph0evzh0WcjIqJk1fooXb85ioYPbnbfU8+9kryP+d3zYmTRkLbegmZdMOn0ePudtRER8fgzL8W1V06O7nnNv+YHZz3b6lkNX0tzzj7r1Bg4oF+UbS2PiIgtZeXRr+DIOlcfiayImDSxOF5ZvCwiIh6c9Vx84bM3N7t2f3V1zH1qYTK/8NwzGt0fNOBg6Lh0/ZYWn/nI7OdbvNdZioYPjvzueVG5ryrS6XTMefrFeP+1lzS7duXqDbF23eajXhMAAAAAAAAAJw4doAEA6LCRRQcDsdvLm3aA7t69W/Qt6NXmPw2Dp6msrEb3crKzG51Zsmp93Pmz3yfz0acMjc9+4sZWg70t2XFIaHvIoCPrXHy4RgwbGOdMOC2Z3/PA41F3yJpLLz47eV+qa2rizp/9PvZUVDZ73uI3VsTf/587474Hn2p0/cpLz0/G28t3xU9+PTP2769usn/9xrL4+rfvijt/+ofkWmG/PjFm1LBkfudP/xBl23Y02fvGWyvj4dnzkvkVl53fZE17nXf2uCTAnU6n47s/uj8q9u5rtKYuIh567LlWO0Cn0+n4h//vf+J7P/5dbN2+s9k1eyv3xa7dBz//3r16HHHdR+q9l5ybjJetWBOzHn+hyZqqqur44V0PRXVNTURE5ObkxPnnjG+0puH3dvEbK2LDpq2N7qfTdfG7h58+ZmHj9zR4XY89sSBeenVZkzWbtmyPH/7iwWNSDwAAAAAAAAAnDh2gAQDosFGnDE3G5TuaBqA7246de+Lbd97b6Fq/vn3i1/fPaXPvaWNGxJQLJzQ574ABhQWRSh273xP8kxvek3Rn3rp9Zyx85c246LyDnX1TqVT8+UdmxLe/X98Ze3lJafzTV38QUy6aEIPf7fi7ZWt5vF1SGhvfDbzOe3FJ3HT95UnX5FPHjIipF02IeS8uiYiIVxYvi2Ur1sR5E8fF8KEDYufuili5ekMsW7EmeW7Zth0xsH/fiIj4i49cH1/+tx9HOp2O8p274yv/8dO48NzTY2TRkKiq2h8rVq6LpctWJXsHDugX1105+Yjfk/z8vPjQTVfGL39b39175eoN8eWyVH3fAAAgAElEQVT/+6M4f9L4GDSgX1TsrYwlb66M9RvLWj3n5cXLonJfVSxdtiq+/H9/FBPOGBtFwwfFkEH9I69bbmzYVBZPPPtKVFXVh8H7FfSOYUMGHHHdR2rsqOFxyeSz47kFr0VExMOzn49Fr78dZ50+Jgr79okNm7fFS6++FRUNgu+3ffi6Jp3Azxg3KvoV9I7ynbsjIuKr3/x5XHrxOdG7d4+oqtofi5esaDEIfjRcd9XFMe/F12PnroqIiPjprx+JeS++HsVjiyKVnYqNm+pfV8Pu6wAAAAAAAADQHgLQAAB0WNHwQcl4c1l51NamIzv76IWIt5XvbBKaXPT62+3au718V5MA9Oq1G5NxwzD3sTCgsCCmXDgh5i+sDyff99BTccGk8Y1C2KeNGRGf+tgNcdfds6K6piaqa2rij/NebfHMy6acEzk5jTtmf/im6VFTk44XX1kaEREVFZXx7AuLm91/xrhRSXg6or4L9Bf/8tb47o/uj6qq6kin07Hg5aWx4OWlTfYOGVQYf/u5WzscIp9y4YTYvmN3zJxT31W6cl9VPPfCa03WffzWa+PRufObDfYOHzowhg8dmASll7xZEkveLGn2ealUKj7/yRs7VHNH3PrBK6Nqf3UsXPRmRESs21AW6zY0H/C+9YNXxnlnj2tyPSsrKz56yzXx3R/dn1xr7jP+5EdmxM/vnnXUg8c52dnx93/9Z/H/vvebJAS9bMWaRkH7iIOB+V/c+9hRrQcAAAAAAACAE4cANAAAHdYjv3sMHtgvNpeVR0REyer1UTy26LDPyc3NaXZ8qG65uYdfZCsahmLPPuvUTj27PT5w3SWx4OWlkU6no6KiMl5evCwuPPeMRmvOO3tcnF48Mn738DOxdNnKJFB6QEGfnjF21Ii4ccalSefmhrKzU/GJD18X504sjjlPvxgrV29odD83JydGDBsY77/2khhfPLLJ/rGjhsfX/ulTMfvJBfHcC69HdU1No/v9CnrHlZedH5dNmxQ52dlN9jcMROfmNr3fnBnTp8SYkcPiwVnPxtp1mxudVTy2KKZeNDEumDQ+Hp07v8HZB783w4cOjH/5u9vi5cXLYvaTC2LzlvImdefm5MS0yRPj2isnR5/ePdtV19GQnZ2KP/+z98WkiafFnCdfjNWlm5qsOXdicVx75cWNfuHgUGeMGxX/+qVPxM9+M7NRgDqVSsWYUcPivZecF+dOLI6f3z0rIupf/6HyujX8c9j6n7XsVCoJUqeysprc719YEF/5+z+Px55YEM88/2qj939AYUGcPm5U3HDNtHhn1boGz/SfqQAAAAAAAAC0Lquurq6uq4sAAI6tNavXR9a7QbWO/mw0bngt2rG+lXF75i1da+tea3vaqyNn5Pc4McN9sx5/IR6e/XxERFx1+QVx0/WXd3FF7ZNO18Vf/cMdSYjzu//+hejWrXMD1kdDbW06Npdtj3S6LoYMLmw2dNyamtraKN+xO6qqqqOgT8/o3avHYe3fvWdv7N6zN+rq6qJ/YUGjjtFHw/7q6ti6rb7L89AhA+JI/wRWVVXH9h27Ip1OR2HfPpGfn9d5RXaimpra2Fa+K6qra6Jnj+7Rt6DXYf+9k07XRdnW8qiuqY3hQwd0yt99HVEXETt37YkdO3bHoIH9okd+9y6tBwAAAAAAADi5Ve6taXsRR1HH4ssnZvoGAIBj7sLzzkgC0IvfeCdjAtDvrFqXhJ/HF4/MiPBzRH3H4GFDBhzx/pzs7GY7RbdX7149Djs03RHdcnM79HoPyMvLjaGD+3dCRUdXTk52DB7Yr0NnpFJZMXhQYSdV1HFZEdG3T6/o26dXV5cCAAAAAAAAQIZLtb0EAADaNqCwIIa8G7Ys21oemzZv6+KK2ufZ+YuT8bSLJnZhJQAAAAAAAAAAtIcANAAAneb6a6Yl4z82CBYfr/ZXV8ei15dHRETPnvlx3tnjurgiAAAAAAAAAADaIgANAECnOffscVHQp2dERMx/aUnU1dV1cUWte2Xx25FOpyMi4vqrp0ZWVlYXVwQAAAAAAAAAQFsEoAEA6DRZcbAL9MgRQ6Jqf3XXFtSGbt1yI797XuTl5ca0yRO7uhwAAAAAAAAAANohq+54b8sHAHS6NavXJ51uO/qz0bjhtWjH+lbG7Zm3dK2te53R5bcjZ+T3yOnw849n6XRdVFXtj/z8vK4upV3q6upi566K6FvQq6tLAQAAAAAAAACOkcq9NV1dwkmuY/FlHaABAOhUqVRWxoSfI+rD7MLPAAAAAAAAAACZQwAaAAAAAAAAAAAAAMgYAtAAAAAAAAAAAAAAQMYQgAYAAAAAAAAAAAAAMoYANAAAAAAAAAAAAACQMQSgAQAAAAAAAAAAAICMIQANAAAAAAAAAAAAAGQMAWgAAAAAAAAAAAAAIGMIQAMAAAAAAAAAAAAAGUMAGgAAAAAAAAAAAADIGALQAAAAAAAAAAAAAEDGEIAGAAAAAAAAAAAAADKGADQAAAAAAAAAAAAAkDEEoAEAAAAAAAAAAACAjCEADQAAAAAAAAAAAABkDAFoAAAAAAAAAAAAACBjCEADAAAAAAAAAAAAABlDABoAAAAAAAAAAAAAyBgC0AAAAAAAAAAAAABAxhCABgAAAAAAAAAAAAAyhgA0AAAAAAAAAAAAAJAxBKABAAAAAAAAAAAAgIwhAA0AAAAAAAAAAAAAZAwBaAAAAAAAAAAAAAAgYwhAAwAAAAAAAAAAAAAZQwAaAAAAAAAAAAAAAMgYAtAAAAAAAAAAAAAAQMYQgAYAAAAAAAAAAAAAMoYANAAAAAAAAAAAAACQMQSgAQAAAAAAAAAAAICMIQANAAAAAAAAAAAAAGQMAWgAAAAAAAAAAAAAIGMIQAMAAAAAAAAAAAAAGUMAGgAAAAAAAAAAAADIGALQAAAAAAAAAAAAAEDGEIAGAAAAAAAAAAAAADKGADQAAAAAAAAAAAAAkDEEoAEAAAAAAAAAAACAjCEADQAAAAAAAAAAAABkDAFoAAAAAAAAAAAAACBjCEADAAAAAAAAAAAAABlDABoAAAAAAAAAAAAAyBgC0AAAAAAAAAAAAABAxhCABgAAAAAAAAAAAPj/2bvP6DjOO8/3PzQaOedMJAIEmHMUSUkUKZKKtpUsWZbtcZi1Z+xZz5ydnTvnnnv27L0vZnZ3dmd2x9mWLMm2RFmJshgsBjHnBJAECRI559wAEbrviyYK3ehusEECBCB+P+foqKsrPQ2wGk9V/er/AJgxCEADAAAAAAAAAAAAAAAAAAAAmDEIQAMAAAAAAAAAAAAAAAAAAACYMQhAAwAAAAAAAAAAAAAAAAAAAJgxCEADAAAAAAAAAAAAAAAAAAAAmDEIQAMAAAAAAAAAAAAAAAAAAACYMQhAAwAAAAAAAAAAAAAAAAAAAJgxCEADAAAAAAAAAAAAAAAAAAAAmDEIQAMAAAAAAAAAAAAAAAAAAACYMQhAAwAAAAAAAAAAAAAAAAAAAJgxCEADAAAAAAAAAAAAAAAAAAAAmDHMU90AAACAB01DU/tUNwEAAAAAAAAAAAAAAOCBFh4SOtVNwD2gAjQAAAAAAAAAAAAAAAAAAACAGYMANAAAAAAAAAAAAAAAAAAAAIAZgwA0AAAAAAAAAAAAAAAAAAAAgBmDADQAAAAAAAAAAAAAAAAAAACAGYMANAAAAAAAAAAAAAAAAAAAAIAZgwA0AAAAAAAAAAAAAAAAAAAAgBmDADQAAAAAAAAAAAAAAAAAAACAGYMANAAAAAAAAAAAAAAAAAAAAIAZgwA0AAAAAAAAAAAAAAAAAAAAgBmDADQAAAAAAAAAAAAAAAAAAACAGYMANAAAAAAAAAAAAAAAAAAAAIAZgwA0AAAAAAAAAAAAAAAAAAAAgBmDADQAAAAAAAAAAAAAAAAAAACAGYMANAAAAAAAAAAAAAAAAAAAAIAZgwA0AAAAAAAAAAAAAAAAAAAAgBmDADQAAAAAAAAAAAAAAAAAAACAGYMANAAAAAAAAAAAAAAAAAAAAIAZgwA0AAAAAAAAAAAAAAAAAAAAgBmDADQAAAAAAAAAAAAAAAAAAACAGYMANAAAAAAAAAAAAAAAAAAAAIAZgwA0AAAAAAAAAAAAAAAAAAAAgBmDADQAAAAAAAAAAAAAAAAAAACAGYMANAAAAAAAAAAAAAAAAAAAAIAZgwA0AAAAAAAAAAAAAAAAAAAAgBmDADQAAAAAAAAAAAAAAAAAAACAGYMANAAAAAAAAAAAAAAAAAAAAIAZgwA0AAAAAAAAAAAAAAAAAAAAgBmDADQAAAAAAAAAAAAAAAAAAACAGYMANAAAAAAAAAAAAAAAAAAAAIAZgwA0AAAAAAAAAAAAAAAAAAAAgBmDADQAAAAAAAAAAAAAAAAAAACAGcM81Q0AAAAAAGA66O27pba2Tq+W9fX1VUJ8tDo6u3WhsNh4f/H8XEVGhE5WEyeMzSYdOHJW8/IylRgf43aZrm6LGpta1dXTq+jIMCXGx8jf3++u9nerf0AtLe2SpNDQYIWHhXi33q1+tbR2SJLCwkIUFhosSbp4+YbaO7okSZHhoVq8INfrttQ3tMhqtUqS4mKj5Ofn3aWRHkufOm7vMzAoQNGR4ZKkjs5u9fT0ShrfZ3Ontq5JxSVVevihpXe9DQAAAHg2nj6/JMVERyggwH8SWzR+VqtV9Q0txnRSYpx8fKawQQAAAAAAAFOEADQAAAAAAJJKy2u046P9Xi//jz/+hlrbOnXwyDnjvajIMEVG5ExG8yZUYdFNHT5+QYePX9D2zWu1atk8Y15v7y19sveIrlwrc1rHbPbVU48/NK6w8bCq6nq9tWOPJCk8LEQ//v7LXoU0/vTnYyq4clOStHHdUj26fpkk6cTpQtU32kMfIcFB42rTT1//wHj9tee3Kic7zav1jp8u0NGTlyRJsTGR+uvvPC9JOnDknC7eDsGnpyXqW6885XVbHB0+cVH7D52RJCUnxip39qy72g4AAAA8G2+f/6tf2aK8nPRJbNH49fb16+e//ciY/t5rzyo5KW4KWwQAAAAAADA1CEADAAAAAHAXbFOwz4qqehUVl0uyh60dg8vestps2rPvpDE9KyXBaf6b7+5SbX2zy3qDg0P68NNDiomOUNqodcajs6tHly4X3zG03NreaYSfpwObbXJ/446/h12fHScADQAAAK9MxXnJTNfVbdGxUwXG9OOPrpIPZbQBAAAAAJhxCEADAAAAAODG8sV5kjzfBPf1NSkwwF/xsVHGe6HBQZPapms3ynXiTKEkKT426q4C0JeLStRj6ZUkBQb4Kykx1phXW9fkFH5+ZtsGZaYna9+h07pcVCpJulhYfE8BaEnae+CUFs6bLZPJ5HGZPftPepyXnBgrq9UqSYqMDLuntkwXs9ISZTb7anBwSG0dXSq+WUkIGgAAYJLdqT+dlBBzn1qC+6mxqdU4r5KkLY+uGuPMDwAAAAAATFcEoAEAAAAAcOPJxx+6YxWwpMRY/eDbz92nFk2MM+evGq/nzsl0mldd12i8ToiL1tJFcyRJ69csNgLQbR3d99wGS2+fzlwo8hg4aWhq1fUbFR7Xf2b7hntuw3Rj8vHRnNmzdOVamSTp9PmrBKABAAAm2fbNa6e6CQAAAAAAALhLnkstAQAAAACAO7LabMZ/d3rfarWqqqZBRdfLXbbT1W1RSVm1qmoadOtWv9M82+3t2By35bD90fv2pLunV5XVDcb0grnZTvNjoiKclh3e3/Wblcb7OVmpXu3rTvYdOqPBwSG383bvOzHmujaHzz3WR+/s6tHN0ipZLH3japvValVFVb3q6pudfub3YmjIqoqqOlXVNKi/f8DtMgvyZxuvb5RW6ZaH5QAAAHB/2Wxy6H+O9A9bWjtUUlatvr5+l3X6BwZVUVWnmromDQwMutmmze02m1vbVV5Z53ad8Wrv6NaN0ipjBJiJ4u48pL9/QGUVtWpobHXbR29ubVdpeY06Or17oLKjs1s3SqrU1t41rnYMDAyqsrpBldX1Lr8X4/doHXXuZrWO67wKAAAAAABMD1SABgAAAADgLvVY+vTP//aWMf2Dv3hO8XFRkqR/+fffq6vbIkl65fnHdbO0WucuXTNCv//442/I399P5y5d067PjruEgcPDQrR102rNy8vST379vhqb25zmN7e067/8068kScFBgfr7H716x/ZWVNUZr00mkzJmJTnNT0tJcPhsvdqz/4RMJl8dP11gvD8/3zk0fbf6+wd0/HSBNqxd4vR+dW2jyipqx1z3o12HdbGwWJKUnZmqr7+4zWn+0ZOXdOrcFXV29RjvRYSHuiw3Wlt7lz7adUiV1Q2yWq2S7D+nVcvmyWS6u0GxS8qqtf/wWdXUNTm9n5WRrOee3qSQ4EDjvdmjwuXVNQ3KzpyYwDkAAADu3uWiEv1x5wFJUkhwkJ7dvkHvfrTPqQ+fGB+jb33tKQ0NDunt9/a49P+e3rZeyxblGdOOfdrc7FnKy013OS9ITY7X9s1rlZIU53Vbu7ot2rnniMor65wevAsJDlLu7DQ9ueUhmc2+kqT/8e+/N/rMOVlp+toLW122V1Rcrnc++EySvW/8n3/0qv73L98zznWe3rZel4tKVVpeY6xjNvtq++a1WrYoT6fPX9Vnn592aktyYqxefu5xhYUGO+1rcGhIn+49pms3KmTp7XPa3jPbN2jh3JEHBt2di+3cc0RVNQ1O21y+OE/bNq+V2ddXew+c1IkzhS6f8b/+t98Yr3/8/a8qIjzUZRkAAAAAADD9EIAGAAAAAMCN9o5u+fi4D70G+PspKCjA5f2BQfdV2nbuPmIEBIZZevv0+bHzOnaqwO06nV092vHRfr347N0Fb91paes0XkdGhMpkch4Yyt/fT9seW2NUYD559orT/Ce2rFVYaLAamlp17UaFJCknM1XJ4whkODp0/IJWLZ+vAH8/471dnx03XpvNvh6rRA8bHPUzP3Xuij77/LTLch2d3frp6x943E5v3y39+u2dLr8nq9XqNiThjfLKOr357m6380rLa/W/fvaO/vb7Lysw0F+S5OdnVlhosNGGlrYOAtAAAACTaHTfz5GvyaRgh4fVhvVYevW7P+51eb++sUVvvrNLXd0Wt1WOd+4+opSkOCXGx7jMu1lWreKSSpf3q2sb9ZvffaK//s4Lioy4cyi3u8ein7/xodvP1WPp1YWCYjU1t+ubrzwps6+vli/O14EjZyXJqBQdEhzktJ7j+cr8vCwFBPi7fK7RBgeHtHP3EdXUNuncpWsu82vrm/Xhp4ecHlC0Wq16e8cetw9DDg4O6f2dB9Xe3uXyAOWwn77+gfEQo6OzF68pNCRYj6xf5nY9AAAAAAAwcxGABgAAgFs2m00VVbWqb2hWW3unevv6XIYI9ZbJ5KOgwEBFRYYrMSFW6WnJHkOFADBd/K+fveNx3tKFc/TM9g1eb8sxgDA7K1UxUREym3116txIwHjhvNlaOG+2MXT0mQtFMplMyslOU19/vxqbWlVSVmNUgvb399OyRXMkScGjQgqetLR2GK/Dw0LcLpOTlabdOuH0nslk0ivPbdHsrDRJ0tVrZfr82HlJUnRk+LgC0ClJcTKZTKqqadDg4JAOHTuvLY+skiSVltcYlfLCQoM1Z3a6zl4s8nrbldUNTgFqf38/PbRqkQID/VVw5aaqaxudlrdp5O/a7/+41+n3NCcnXbMzU9XR2a3jpwudwhQ2L4bGbm5t12/f2WVMJyfGavWK+RocHNKR4xfV1tGl/v4B7Tt0Wk8+/pCxXGiIQwDa4fcFAACAifff/8/vPM6LCA/Vj7//VY/zF86brdCQYJ29WGRUNx7ub0aEh2rZojzdLKtSZfVIReJjpwr0lacecdnWcF9z6cI5Sk6KU21dk84XXJdkD//++u2d+vH3vzrmtRSrzaafve4cfl63aqFiYyJVWV2vCwXFRhvfef8zfe2FrVq5dK4RgJaksxeuaeO6kYBxa3unU0Xl9WsXu913WGiwli/JV3llnVOAeTj8vHThHAUE+OvcpWvGz6qkrFpd3RajCvRHuw4b69pHYZmr7MxUXb1WZvwsDh49ryUL57hUjh7+GUZFhGnJwjmqa2hWUXG5Me/oqUt6ZP0y5eemS7Kppa1TxTdHAuerl88zfraBowLeAAAAAABg+iIADQAAABfFN8t17UaZ0/Ck98JqtanH0qseS6+qaxtUcKVYeTmZyp2dMSHbB4CZ4OF1S7VmxQKj2m9La4dTdeOnt66Xn5/9NH1eXpY2rluqmrom+fmZtXShPei898BJIwAdGR6qrZvWjKsNdwpAF1y9qfd3HnR532q1ytJ7y+124mOjxtUGSXpyyzqjGvOJM5e1btUihQQH6lOH8PLWTWtUUVU3ru0WFZcZr00mk/7mL19SyO2qfSuXztOb7+5yGpp72ODgkFMwZd2qhUYoW5Lm52frZ2NUj3bnyrUyI8gSGOCv7772rBGqmJ2Zqn/5yR8kSecuXXcKQIeFBavudlNaWjsFAACA6WfVsnnavnmtJGnunAz96q2dxjyTyaQffvcFmc2+2rhuiX7y6/fV0NQqSWpuafe4zWe2bzD6/VqSr7SUBH28+7Ak++gwTc3tio/z3Peur292Cj9/8+UnlTErSZI9gBwfG6W9B05Jsld7HhwcUlBQgBbNz9GlyzckSSfPXtaGtUs0nLM+eeaysb3U5HiPff8ffPs5BQUGSOukX7210yk0vXHtEj26YbkkKTc7zekhwZbWDoWFBstms6nwaonx/rbHVmvl0nmS7A9o9g8M6HJRqaxWqy4UFmvDGtcgdnBQoH74vReMUW4+P3peB4+ek2Tv7/f23lJ6WpLS05JUUlbtFIB+fNMamXhQHwAAAACAGYcANAAAAAy3bvXr9PlCNTS2SJKSE+OUkz1LyUlxiggLla+v6a62OzRkVUdXt2rrmnSjpFK19U0quFKshqYWrVy6wGX4VACYDubkpHu8CZ6dmTqubQUHBboMuRwTHaHgoEBZevskSf/2ix1auXSusjJSlJQQo7DQYOXlpN9d4z1obRsJ1I4OQJeUVTuFn6OjwuVnNhthjfc/OSiTyaT5+VkqcQgRx8REjKsNNptNiQkxysvN0LXiclmtVh08clbZmalGICQ6Klzz87PGHYB2DDGvWJJvhJ8lycdH2rRhudsAdG19s9P0w+uWOk0nJcQoLSXBKchxJ+WVI5XvZqUlulSfNpt9NTg4JKvV6lT5Ljx05PfS0kYFaAAAgMk0Pz/L47zIiDCP8+bljaw3ejSUzPRkmc2+DtNJRp/aMaDsKDDAX0sWzHF6b8nCOdp74KT6bvVLkqpqG8YMQJdVjvSdY2MijfDzsFXL5uuzz88YD+nV1DUqPS1J61cvMgLQlt4+lVXUKCsjRYNDQ0YFZ0lOlaEdpSTF2cPPw593VpJTv3mew884NSXBad3Orh5JUkNjq9OIK7HRkU7bcPxdNN1+IHS0JQtzjfCzZB95ZzgAPbyvoKAAd6sCAAAAAIAZigA0AAAAJNnDz0dOnFN7R5dCQ4O1fvViZWWML+Dnia+vSdGR4YqODNf8/GyVllfryMmLamhs0ZET57R+zTJC0ACmna9+efOYQ0yPx8J52W7fX7dqoT77/LQk+w35fYfOSIfOyGQyac2K+dqwZolRMXoi9PaNVHF2DAdL0se7jxivU5Li9M2Xn5TNZtMv3/zYqDr93sf7VV3bYIS2o6PCZfb11d3Ytmm1rt0elvrMhSKnim9Pbll3V9usv/0AjyQlxEe7zPdUsc4xnBwY4C9/fz+XZRLjo8cVgHYMYxffrHSqMDdaW3unEYB2/L109/R6vT8AAACM3/PPbLqr9WaljgR5fU0m+fv7GaNozR71sGREeKjxemjIKndioiM0+tTDx0eKi40y+qBVNQ1atijPY5vKKkYewHPX7/X1NSk0JMgIHZdX1Ss9LUlxsVFKTY43+sTHTxcqKyNFhVdKjBFrwkKDlZM1y+1+R3/eMIcHLc1mXyXEjfTL/f3MMplMRth5+P8V1fVO23CsEj2a42g0jvJynEcZGx1gdwxYAwAAAACALwYC0AAAAJAknT5fqPaOLiXGx2jbY+sUPCoYN5GyMlKVGB+r3fuOqb6xRafPF2r9mmV3XhEAZqiQ4CC37z+0epGyM1P154OnnCoTW61WHTtVoFPnruhH33vRpVrz3QoM8DfCy5bekTB0d0+vOjq7jelHHlomPz/7JYNvv/q0fvbGh0b16BMOw2CvX+069LS3IiPCtHxxns5etFeVG65sl5wYO+4K28PMvr5GSGNoaMhlvtVqc5r2kT1l4u8/cnnEanNeZphjWGW8wfiw0GDFeQhf+/j4OP3NdQypO1bSAwAAwPRgMpnG7A86Vn/2ls1DH3Q8HPfrqU/ruB9fh2rJG9cu0e/+uFeSdKO0Sj2WXh0/XWDMX79msUtA291+R3OsyDyW0eHkrIwUj8umJse7ff9uRy0DAAAAAAAzFwFoAAAAqPhmuRoaWxQaGjzp4edhwcGB2vbYOr23c58aGltUfLNcubMz7rwiAHzBJCXE6LWXtmtgYFDVtY0quHJTFy/fkNVq1eDgkI6fLtTWTaslOQdveyx9495XVGSYEYDuul35zb4t50rDjtWTAwL89d2vP6ufvv6BU0jabPbVovk5426Do00bVuh8QbFT4OGJu6z+LNmHHx8OklfVNGrl0nlO8+samp2mbbIHQNKSRyr49fcPqKvbYlRkHlZbP7KuNwGV2OhIoyL1grmz9fijq7z6DB0Ov5eY6Aiv1gEAAMDM1tjcJqvV6hQYttlsaro9EoskpaUkuFvVkJmerKLbI6zU1Te7zB/u5zouPywne5ZCgoOM84KPdx8xRoExm321dOGcu/hU3kuMj3GafvkrW4wHMifD6AC7xdKr0JBgD0sDAAAAAIDpisehAQAAHnA2m5MWxaoAACAASURBVE3XbpRJslfyvB/h52HBwYFG9dBrN8ompOLRg6yqpsEYsnYsfbf6dfZikW7dHp4XwNTZ9dlxNTS1SpL8/MzKTE/WM9s3aOnCXGOZlraRIZ6jIsON1z2WXrW2d45rf46B2s7ukaBtfGyUU+W20+evOq0XGOivuXMynd4bHBxS5aihqr3h+FVv/zuwyJjOykj2WNHNG7McQiEFV24aoQ1JGhwa0t4Dp9yuFxfnXJ15977jTu28UVplhJm9lZYy8jlOnr3s8ruyWq06efayauqanN53DKbHEoAGpq3BoSGdv3TdqTq8J2UVtSqrqL0PrQIeXByTmOkGB4d07FSB03snzlw2RkmR7hyAzpiVZLzu6OzWlWulTvMPHDnnNJ2UMBI69vGR1q8Z6Zdfv1FhvF6xZO6khpEl5wcwJWnP/pMuVaybWtp14PDZCdlfZGSY03RRcYWHJTEeV66VqtPhfMaTltYOXbp84z60CA8S+gIAJhrfKwAAzAxUgAYAAHjAVVTVqr9/QMmJccrKSL3v+8/KSFVyYpxq65tUUVWrjFmehznF2PYfPiur1aZvvfKkx2X6bvXrzXd2qaauSRcLb+jVF7cpwN/vPrYSwLDK6nqdOndFp85dUcasJKWlJCg0JEidXT266HAzODFuJAyQnBjrtI1f/vZjLZibrYT4aC1dOGfMobgle1XiYZ1dI9XffHx8lJeTrstF9pDEkRMXde7iNeVkp8nXZNLNsmq3N7LffHe3vvHVJ5Selji+D+9g/ZrFxvqjgw/jtWBetg6fuGhUlP7pbz7Qovmz5e/np6Lico83400+Plo0P8e4CX/lWpmaW95XVkayurotxs9lPB5Zv1wXCos1ODgkq9Wqf/3Zu4qPjVLu7Fnq7rboRmm1eiy9ys5M1ddf3Gas51iV70GrAF1WUavS8hplzEpSdub975MA41FT26SPdx9WVGSYUwXN0S5duaEP/3RIPpK+/NQjWjA3+/41EniAcEzibv3itx+NOX/bY2vuGDyeKPsOnVFpRY0S42PU0NSmkrJqY15URJjiYiLHWFuKj41WQly08YDljo/2Kz+3RFGRYaqqaVRVTYOx7JKFuU7VpiVp2aI8/fngaafRWSRp7coF9/rR7ig4KFAPrV6koycvSZLOXizSxcvFys/JUHh4iOoamlVabg8Vzc/PVvyoBxjHKzIiTCaTyfisuz47rsrqeqUmx2teXpZCQ4Lu7QM9oN77+IA2rl2iR9Yv87hMQ2Or3vjDp7L09qmmrknbN6+9jy3EFxl9AQATje8VAABmBgLQAAAAD7j6BvuwqDnZs6asDTnZs1Rb36T6huZpEYDu7bultraRSp2JibEy3SFUOKzH0qeOji5JUmBQgKIdqrVONpvN5nKj0pFj+FmyV4x+693dhKCBKXKzrMZ4XV5Zp/LKOpdlwsNCtPGhpcZ0SlKcsjNTjTCEpbdPp85dkSQtWThHd/qmio4a+U5q7+iSzWav9iZJT2xep9a2TtXeHi7b0tvntirXqmXzVHi1RJbePlmtVr3xh0/1rVeevOtgiJ+fecLCrrHRkXr5uS16e8ceSfYqyxcKio354WEhHkPQz27foKbmNuPzNzS1GuERyR7KsPT2ed2WkOBAPffUo9rx8X7ju7mxuc2pKrUkVVTVGcOdDw1Z1WMZ2UdM1BcjAP3pn49Jkp7Ysm7M5T4/dl7llXUqq6y7rwHoe/m7P11ZbTbV3/63HBwcpMiI0DGXb23rVF/fLUlSWFiIwkIZAv5OhkcusVo9j2AyfBPUZrPJJumDTw5KEjdDp5nuHos6O+1/G0wmkxIdKqLeDavVqvqGkVEDkhLjdC9fKe0d3bJYese9XlBQoKIiw3Tx8g213z4/iQwP1eIFuXdYc0RHZ7d6euz7Dg0NVnhYyLjbcb9wTOJujR6NYzTHvtlkGg7jlpbXGkHfYYEB/vqLV5++48OOPj7St199Wr9882Ojz1lUXO6yXH5uhp7ZttHlfX9/Py1fnOc0GsycnPT7duw/umG5SstrjP744OCQCotKXJa7frPingPQJh8fbXlkpfbsPynJ/t1dcOWmCq7cVGx0hEJ5GO+u3Om6lGP4WZJxLjsVIWirzaamJvv5n8nXRwmx0YqNiXQaGeleOZ5n+Pn73fEhBm8MDg6p8fZ5qo+Pj5JGPSTtyGazqe728SRJsTGR8r/H63+fHztvvM5IS3KqPD/V6AvAG/fj2P+iuJfziC8Kvle+eDq7etR9u/hEZGSYgoPu34i4kv0c+0LhyLXqxfNz73jNDgBwZwSgAQAAHnBt7fYL8clJcVPWhuF9D7dlqpWW12jHR/uN6X/4m9cUGOjv1brHTxcYFYtiYyL11995flLaOF7D4ee6hhYtX5yvsxeLtGJJvs5dvEYIGrjN1/f+3ux4dP0yZc5K0r5DZ1Rb3+xyo3junExteWSVzKPa9dKXHtO+Q2d07tI1DQ4OSbIHJrwJbM5KHQkpDw4OqaqmXrNS7dWXg4MD9Z3XntXBw2d15XqZWlo7jGUDA/yVlpKgrY+tVmx0pNauXKif/uZ99d3ql9Vq1W9+9yf99XeedwpYe2IyeZ8C8/U1uX09lpysNL30pc06cbZQFVX1t/dp0qzUBL3w7Cb987+9bSzr4xAZN5lM+vpL27Xv89MqKq5Qz+2wWVhosDasXaLubosOHb9gX8/LJFv+nAz9zV++qE/2HFVZZa3x+5LsgeqF87L18LplRvW9kvJqp38HKclT97d5IrW23fnve1e3RRVV9Vq8IFeXCovV2dVz38I29/J3f7q6datfP79d0dJkMumH331BUaOGenf08e7DxkMYD61epM0Pr7wv7fwiG74JmpaSoP7+AfmYfGT29eVm6DR09sI1HTx6TpJkNvvq//67b93T9nr7Ro4/Sfrea8/e07nW/kNnVHD15rjXiwgP1Y+//1WdOF2o+kZ7IDskOGhcwYUDR87p4u2bs+lpifrWK0+Nux3TBcckho23z+9tH9SxLz66v+u4T0/bS0uJ1/o1i/Xp3mNqux02Mpt9lZOVpkc3LPf64SR/fz99++vPaP+hMyopr1FzS/vtNpmUGB+tOTnp2rh2iccHM3KzZzkFoDeuXeLVfh05fn535ygmk4+Gu7wmx/6+yaTvfeNLOnfpmg4eOec0MorJZFJCXLQ2P7zC6wflRv8eRle8Xr18gcxmsw4cPuv0oGNQYIBX28f4DIefTSaT5s7J1NXrZVq1bN59D0E3NbfpvY8POD3s6ig6KlzbN69VTlbaPe/rZmm1/rjzgCT7v7//5z/9xT1vs7W906mf8aPvvejxPHxgYNBp2dde2q6sjHsrPHHwyDnj9cJ5s6dVAPpO6As82O7nsf9FcS/nEQ8Kvldmnt+8/YnR187PzdBLX958X/ff2tbp9Lc0KjJMkRE597UNAPBFRAAaAADgAdfbZ7/JExE2dU8ZD+97uC0z2XBVgOnEMfz8/DOPKsDfX2cvFml+frbS05L0wScHCUEDkvJy0vVf/vN3xrVOSHCgx3X+7q9eueP6menJ+s7Xn5Ek9fX1q6vHogB/P4WFBnsM2fr7+2n75rXavnmturot6u275fWxGxEeqqSEWNXdrv5/uajUCEBL9oDCpo0rtGnjClltNrW0digkKFDBwc7VMCIjQvUP//E1r/YpSbOz0sb9s5WkrZvWaOumNS7vf+mJjfrSE65V64blz8lQ/pwMDQ4Nqa29S7HREcbPc6x2BAUG6Kmt6/XU1vXq6OyWn9ns9Nkf3bB83G2JCA/V117YKkmyWPrU1WNRdGS4/PxcL8lcLio1XmfMSrrvVUim0tXrZQrw99OmDct1qbBYV6+XafXy+VPdrCm3//BZDQwMSpJWLp3r1UMGo1mtVr357i794NvPuTxQgcnheBP01Re26s13d8vX16SXv7JFb+3Yw83QB8z0OzsYUVFVb1SHjYoM06pl86a4RZODYxKO7qbPL9n/fYz1b2SsvvGqZfO8Or5ystL0N//hJfX3D6izu0ex0e6rxY51DiJJAbfPFyT7Q4+dXT2KjAh1CQC7c/rCSPg5IS5aKR4e4BjrXGf54nwtX5zvcf6dHjRZtihPyxblyWq1qrWtU35+ZkWEu16zutPPITho7Pk+PtKKJflasSRfvX231NVtkdnsq0g3+8K9cQw/f/PlJ4yRhob/nd6vEPSVa6X6486DY1apbm3r1Ns79igtJUHffOVJ+Xpx3Eyl6XQdciLOXSYLfYEH2xfx2MfU43tl5iktrzHCz5J9pJSJLsDQ1W3RsVMFxvTjj67yupAGAODuEYAGAAB4wA0P3+VtVaPJMLzvsYYSw90ZHX6eOydTJWU1xvzhC3CEoIGpFxjoP+6qs2GhwV5Xgxu2Ymm+du4+IskeuPV0k9nk4zMhQ/ROJbOv711/Bnchi3sVHOwaJh9mszkPUb5iydwJ3/90drmoRNmZKQoPC1FyUpyuXCt94APQVptNh29XHZeknKzUuw4RtLZ16uNdh/WVpx6ZqObBg9E3QR2HGQ8I8NerL2zlZijGJX1WkgaHhpzeGxgY1I3SKmM6NiZS8bFRTssMV31PTow1wh6RoyrBX7tRrhNnCiVJ8bFRX8gANMckZiJ/fz+P4efxMpt9ve4/dHb1qPhmpTG9cd34qz9PJJPJpNj7dD4SFBhA5edJMjr8PPp3er9C0HX1zU6jvkhSSlKcZmemyuRrUl1Di8oratV3q1+S1Nt3iwCkG479Dcff5USeu0w0+gIPNo79uzfWecSDju+VmWl45CdHR09emtC+R2NTq3GOLUlbHl0lx/hzYIC/09/S0OCgCds3ADzICEADAAAAX1BDQ1aX8LM7o0PQ33z5ySkNxAOYXIvn5+rPB06p71a/eiy9ampuU9yo0BTuv+raBvX3D0iyB9vn5rn/zv4i6uzqUVV1g6KjIvTWu7vV1W1RV1ePurot4w74w7OCKzeVOStZSxfNmeqmfGEVXS/3eBN02OiboWazr/JzM6agtZgpli/O0/LFeU7v9Vj69M//9pYxvfnhlcrLSXe7/jPbN0xq+6YzjklgfI6evGS8Dg4K9HgNAfBWa1vnmOHnYY4haF9fkx5/dPWEt+W4QxjJbPbVD7/7gstDr1arVSfOXNa+Q2f06PplE96GL4IffPu5qW7CuNAXAMf+3XuQzyPGwvfKzNTY3KbK6gaX989cKNKmjSvuW1GgpMTYGfe3FABmAlINAABgwvmI4XzwYLBaraqoqlddffO0GnJymKW3T909vXr+ac/h52EL5mbry089opbWDnV29dynFgKYCr6+Jj328Epj+kZp9RS2BsMcfw9bHl0l0wM0POLlolLZJC2Yl630WUmal5cpm6Sr18umumlesdmkjs5ulVXUqrS8Rt09ljuuMzRkVV1Di26UVKm1vdOpH2Gz2SuojR6ed8hqtb9vs+luux0f7z6shsbWu1rXarWqqaVdN0urVFXToFu3A/uj2W630bGdVptNtXVNqqiq19CQ67DD3T29Ki2vUVNzm6xefLi+vn7dLK1SQ1PrmMMY32+VNfXKzkzxeBN02PDN0FlpibrpUMUX0197R7dulFapx9I77nX7+wdUUVWn5pb2SWiZZ+6OSZsxPXK8WR2W8+Y4dMQxCcx8/f0DOnOhyJheu3IBw3XjnjU2tykoKGDM8POw7ZvXas2KBSoumZzvYcc+cF5OutsRf0wmk9atWqh/+JuvO11HM/rno/52jsy3jTl/tO4ey+3zhvH3JyaKu7/5VptNdfXNKq+s83htcPR6k3nuMhHoC2Aqjn3H9RyPse6eXpVV1KrH0ud1+zs6u3WjpEpt7V0el3HXhlv9AyqrqFV5ZZ3X+xrN3XnEaLf6B1RRVa/S8hp1dd/5Wogk9fbe0s3SKrW2dY653GR9rnvF98rMdOjYeeP1/PwsJcRFS7Jf6zp9exQKb/T3D6i0vEbVtY1GIQvJ8e+h88Fidfh7aLzn5Xm3N9cfPH1PWSx9Ki2vUX1DiwYHhzyuP7yN1rZOFZdUqqGx1WUEKgCYCagADQAAAIxTW3uXPtp1SJXVDcYFfpPJpFXL5slkmj43CMNCg/Xj73/V6+UXzM3W/PxscY8T+OJbtjhPdfXNyp+TodmZaVPdHEh65KGlSk6M1fUbFVqQP3uqm3NfXS4qUXJSnB55yF5pyWazqfBqqa5cK9OqZfOmuHWeVdU06PCJi05DxQ+LigjT889uUkpSnNP7nV09evfDfaqubXRZZ8nCXD22cYXqG1r01o49LvN/995e4/Uz2zdo6ULvKzmbTCajz/Lbd3bpR3/5olfVbaw2m65eK9ORExdV39jiMj8nK03PbN/gVKn7o12HdbGwWJK0cN5sRYaH6vCJi07rLVmYq2e3b1R1baPe/XCfU8AiOChQLz+3RWkpCS77O366UGcuXHW5Ubp25QJtfnilTFM8VPF4qhUGBPjrmy8/OYmtwUTp6rZo554jKq+sc7rBGRIcpNzZaXpyy0Mym309rt/b26efv/GhauubjfcCA/y1YG62ntiybtIDho7HZHZmqr7+4jb95Nfvq7G5zWm55pZ2/Zd/+pUk+3H49z969Y7b5pgE7s3q5fOVm23vi0/1qBcmk0nPPf2IMZ2TxTkC7l1eTrrHEQrc2bpp9aRUf5aksLBgNTTZg5CV1Q3qHxiUv5/72+SjA22nz1/Rrs+OS7L//f9PP/ya0/w/7T2msxftDxCkJMXpu68963a7dfXNemvHHqcgU0R4qNavWawVS/Lv7oPdpX/5998bYcUvPWHvl5+7dN0pyJySFKeXvrxZ4WEhbtfbumm14mIiJ/zcZSLRF8BUHPuXi0r0x50HJNmrTn/7a0/rd3/c6xQQjo4K18a1S7R4Qa5LOwaHhvTp3mO6dqNClt6RsLTZ7Ktntm/Qwrkj14xGjwzzo798Ubs/O6HiEvt1iqiIMA1ZrcY5d05Wmr72wlaXfRYVl+udDz4zpv+v//iadu074XIeMayyukE7PtrnEno2m3318LqlWrNigdM5ktVq1Z79J1VUXO50/m82+yo9LUlPPr5O0ZHh4/pcf/MfXnL5HPcD3yszT3ePRZeLSo3p9asXq6ml3ThOj568pHWrFno8f7XZpANHzupyUYnLuW9URJiefHydbpbV6IRDxflh//W//cZ4/ePvf1Vms9np3/YP/uI5xceNjMw43usPjt83IcFB+vpL2/S79/Y6HWcmk0lPbFmr5Yud+xrD3zUXL99weZBpVmqCtj+2VkmJsW5/JgAw3VABGgAAABiH3r5b+vXbO1VeWed0UcA+VF6hjp0qmMLW3TvCz8CDweTjo6e3rVdOVhrH/TTh4+OjvJx0PbN9wwP1OxmyWpWXm6HNG1cY7/n4+OiJLWuVk5U6LUdYkOzh51+9tdNt+FmS2jq69Ku3djqFG7q6LfrXn7/rNvwsSRcKivWL3348Ke194ZlNxuseS6/e/XCfV+sdPn5B73283234WZJulFbpzXd2eVy/4MpNl/CzZP+s739yUL9++xOX6nKW3j69+e5ul4ozh49f0N4DJ91WiTp+ulBv/OFTbz4SMC7dPRb9/I0PVXyz0unmo2Q/li4UFOv13/9pzApJb+3Y4xR+lqS+W/06c6FIH+8+PCnt9mRwcHDCtsUxCdy7pIQYzcvL0ry8LM1KTZzStpjNvkZb5uVljVnREJhMk3UulJ87UtW1s6tH//Mnf9CRExfV0toxru0M3WVVRKvVql+8+bFLFceOzm79ae9RFV4tuavtToQPPz2kMxeKXMJPNXVNY543DAxMXL8CmCxTfewPDg7pF29+7BIUbm3r1IefHtL1UdcUrFar3t6xR+cLrjuFn4e39f7Ogzp8/ILH/b3x+0+NkLBkv5fhGHr0VE3W8Z7GgvxsBQT4j9r3yPF+/Walfv32TrcVnwcHh7Tv0BkjOC7ZH6x++729OnXuisv5/+DgkErKqvXz1z9Ue4fnKtfuPhfgLcd/34nxMUpMiNG8/CwF3v533nerXwUe/g7bbNIHf7Ifd+7Ofds6uvTWjj2y9N7dqA4DDsfWvV5/6LH06udvfORynFmtVn2y56gqqxuc3v/56x/qfMF1t6M4VVY36GdvfCjLOCrWA8BUogI0AACYNAyViS+i34+q1jAnJ12zM1PV0dmt46cLnS4WTNfQFgAA04WvyaQNaxa7vO847Ox0lJqcoOCgQFl6+5SSFKfc7FmKjAxTRWWdUTnFarXq0LEL2r55rSSp8GqJMexkYIC/tjy6StGR4WpoatXp81fV0tqhpYvmKD4uWmtWzJfNZtPJsyPDcObOnqWYKHtFpKT4mHG1Ny01Xls3rdae/SclSSVl1Tpy4qLWu/nZO1o8P0cHj5yTZO/zpKcmKigwQEU3yo3wd2Nzm4pvVip39iy32zCZTFqzYr66e3pVeLXE6CsVXLkpScpMT1Z6aqIuFBaro7Nbkn1I0SvXSrVoXo4k6dKVG9p/+KyxzXl5mVo8P1c1dU06fqZQ/beH3S0qLld+bsa4fjaAJ1abTT97/UOnvv+6VQsVGxOpyup6XSiwV0Orrm3UO+9/5raS2rCI8FCtXDpXJpOPzlwoMm6cXigoVmpygpYvzpvcDzPKmpUL1NjUqpKyGqMStL+/n5YtsldnDA4OGnN9jkkAwEyTn5uhz4+eM/6uW3r7tO/QGe07dEaBAf6anZWqRfNzNDszddJGMLBarcpMT1Z+boYslj4dPXXJOD/4484DSoiPVnxs1B22MjnMZl+tXj5f/f0DOl9w3WhXdW2jGpvbPLZrMs5dgIk0XY79jFlJmjsnU909vTp68pJxXvzOB5/pr7/7vFH9+KNdh1VWUStpeMTJucrOTNXVa2U6X3BdknTw6HktWTjH7egRw+fUZrOv8nLSFRMVoZVL5+rAkZG++9kL17Rx3RJjurW9U1U1I8HIDWtH5rlz6tzIsZ6UEKv1axbJ389PNXVNOna6QP39A1qycKSy9Yd/+lwlZdXG9Pz8LGVnpqq9vUtHbv8s+m7166e/+UB/+1evuK3Q7e5zAd7oHxh0+vs0fB3M5OOjNSsW6OBR+zWvz4+c0+L5OS7r79533Lh+JUkx0RFaPD9HPj4+KqusU0lZtcJCg7VsUZ6CgwLV0tbpVCxh9fJ5xr3ywAB/DQ65ho2libv+YLValZWRrMxZybp2o0I1dU3GvEPHz+vVF+yV3BuaWp1Ghdq0cYXSkuPV1tGlq9fKdKO0SmkpCQoODnS7HwCYbghAAwAAAF4aHBxyekp63aqF2vLIKmN6fn62fvb6B1PRNAAAcB/5+EjPPf2IQkOClRAfbby/eH6ObLIZNyYcq76WVdaOLLcgR8sW2QOPmenJWr18vq5cK1XmrGQFBwdq66Y1so4KEaxeNk/Zmal33eY1KxaotKLWuBGz79AZzUpNUHpaksd1IiPC9KUnNmp2VppCQ0YCkUsXzdH/+PffG1Vl6hpaPAagX/ryZs25PS86KtwIVEv2YYK/8dUnJNlvQv3X/z4yNGhzc7vx+uyFIuN17uxZeuHZx4zXkRFh+mjXIUnSiTOFhC0xYerrm51uPn7z5SeVMct+vCxdOEfxsVHae+CUJHsltcHBIaehaIeFh4Xoh999wZi3atl8/Z9fvWeEoC8Xldz3APTwMPR7D5w0bnpGhodq66Y1Xq3PMQkAmGlCggP1w+++oPd2HnAZxaXvVr8uF5XqclGpzGZfvfilx5Sb7b5vey8Wzp2trzz9iDG9dNEc/ctP/mBMF9+snLIA9A++/ZwRwFw4b7Z+9dZOY17TGAHo8LCQSTl3ASbKdDj25+dn6XmHUZkWz8/Rv/1ihyR7WPH6jQqtWbFANpvNqRr8tsdWa+XSeZKknKw09Q8M6HJRqaxWqy4UFrt9mNxkMunLTz6seXmZToHuRfNzdOnyDUnSybOXtWHtEqPi/skzl43lUpLiFB839veQY1h604blyslOs7cxO00PrV6kgqs3lZaSIMleIOZyUamx/IY1i7XJYQSw/DmZxv2Uvlv9qq5pUFZGitefC7iTsw4jHAQG+Gtu3kjBhZXL5hoB6LaOLpWW17j8+zt36ZrxOisjWa++uF2m2wfP+jWLVVPXpB5Lr9LTkpSelqSSsmqn75rHN60xlpekQQ8VlSfq+kN+boZe+vJmSfaHGX755sfGSHSNTSOB54qqOuN1bEyk8X2SeXt/tQ7BaQCYCegdAAAAj6jgDDgbPXT1w+uWOk0nJcQYF/cAAIB3rt+o0P/7P153+W8qh4H2RnZmqhF+7u7pVVNLu2rrmhQZHmYs4ziEq2MI8OTZK3rv4/26cq1U3T32YTLn5WVNemWV559+1KlK1Nvv7TX278niBbkKDQmSzWZTR2e3GpvaVFPXpDiHEERLm/vhg00mk2Y7BB8yRoWt5+dnG6/NZl/FxkQa0x23w9U2m1RdO3LjJS0lQVU1DcZ/jsHs5pbxDWMMjKWs0vmG4PDNx2Grls13uvleU9fodjsb1y1xujHp62vSRoeqajUz7MYixyQAYKby9/fTK889rr/+zvPasGaxoiLCXJYZHBzS797bqwMOIx1MlEc2LHOajggP1cK5s43piur6Cd+nNxLjY4zwsySlJMc79XGGK68CM9VUH/ubNqxwmo6JjnC6PjBccKWhsdVpdMnY6EinfnakQ7ubHCq3Opo7J0ML5ma7hIQfWr3IeG3p7VNZRY0kaXBoyCnguXHU/Q53cm8HniXpnQ8/0579J1VSVq3+/gGZzb7Gw5aSvcqs42caPQpVUkKMUpLijGnHczBvPhcwFpvNpiMnLhrTa1YucAojBwcFan5+ljE9HIYe1tTcZoyIIEnbH1vrtL4kY1S4ezVR1x9WLp3rNO3YNsfrf7nZ6cbr5pZ2/eqtnTp36ZqaW+3FCJKT4pTscGwCwHRHBWgAAHBPjJA0YWk8AIaflJbsT4v7XMejcgAAIABJREFU+/u5LJMYH+1UBQEAAIwtOSlOX3lqpBLagSNn1dPTq8z05Cls1Z2VV9Zp36Ezqqlrcrqh52jIYWjL+fnZ2r3vhPr7ByTJqDQlSQlx0dr22JpJ/8z+/n567aXt+slvPpDValV//4De3rFH/v6eLxGeuVCk46cLjGq17gwNDbl9PykhRr6+IzdowsNCnOZnZzpX1gkPC1Fzi/1mi/X2z66ltd3p57v/0BmP7eixjB3mBsZjeOhpSW6rHvr6mhQaEmRUQi+vqndbUd3duo7v9fcPqLvHotAQ1yGspyOOSQDATBcbE6lNG1do08YV6uvrV0l5tS4W3lBxyUjFxiMnL2nDuiUy+7pWV7xbjiHjYXEOlVZrau/8UFRggL/TdN+tfo/L9vbdcpoOGLXusLycdKdpk4+PQoIDjUqUjuc0wEw2Vcd+lJtjPykhVkXF5ZJG7jmMfgjit+/s8rjNllb3Dxounp/r9v342CilJscb+zp+ulBZGSkqvFJiBDxDgoO8CnKuXj7fuJYxODikE2cKdeJMoST7g99bHlml6Cj7Z66oGvlMnu6nJMRFGw+FljuMnOXN5wLGcuVamSy9IxWXb5ZWuxQ5anO41lVZ3aBGh1EPRgfyY2Mmb5SGibr+kJnufJ0tKtL1gQ9JiowIVVZGskrL7fsdftBCsgfDN21coaWL5rgEvgFguuIRKQAAHjA2m22qmwDMWI7hIKuHY8nxpsBkVVH/ZM8Rvf77P+nWGDc5hvX3D+iNP3yqT/YcnZS2AABwr8JCg5Wfm6H83AzZrDY1NrXp6W0bnKqITjfVtY16/fd/UlVNgxEEjI+NUlpKghLiot2u4+9n1t//8FVteWSVS3ChoalVb/zhU+3ed3zS2x4XG6Vnn9hgTNc1NDvdlHR0+MRF/WnvUSP8bDb7KjE+RulpiU6VpD1xNxynIz/znWszjO5zpSbHKysjxe1/kzFccVt7l/7pX9/yuiL51etl+qd/fUtt7Z4D45gZHP/9eur7O55f+3qoRma1uq47OCpIZPadOXVKOCYBAP/7l+9pz/6TXi3b3NKu//nTP6jg6s1JbtXdCQz017y8LL3y/OP62vNbjfetVqtKymq82kb/wIBXy7m7Lj/kUFnS3+/O/YGwUOcHCj2FICW5PMAYGx3hdjnHBxZnAvoCmAj389iXvLsnN/rBak997KyMFGU7jLTkaKxRpTY4jEJzo7RKPZZeHT9d4DB/sVd1jtJSEvR3f/WKli/Od6nIXFRcrn/9+bu6dqNCkuTre+dzKsfP7ekawmSPlsX3yhfT6IrOVTUNun6jwum/xlHV1A8dO2+8Hv132+blsXw3JuL6g8lkGletstdeekIvfWmz8cDCMEtvnz7Zc0Q//fX7ZAoAzBgz58oqAAAAMMXSkhOM1/39A+rqtriEfxyfIJ+siwOzs9J0/tJ1vbVjj159YavHCi79/QN6a8ceVdU0aMWS/ElpCwAA7lTVNGhoyOoyZGN5ZZ18fU1KS0lwWaer26Kde49o6cI5LlXIpptLl28YrxPiovWtV55SYKD97/GfD55SQ1Or2/XMZl+tW7VQ61YtVGt7p0rLa3TizGWj6vHJs1e0+eFVMpt9NfqeRfcEVlJdNC9H5RV1Ol9wfczlLjjMX744X09sWWvc4Pzpbz4wqsJNptFBjUfXL/N4s3cyhIeFKCY6Qh98clCStGButsdlr14v03sfH1BSQoxLOAXTV11ji/Ha32+kIllmerJRla1uVJUoaeR8wHF5d2rrm1y+Cx2Hqw0JDjK+P+43xwc2eyx9Yyw5gmMSAJCbPUvHTxfIarVq++a1HpdrbmnX67//VFarVSmJUzuM+q3+AbW3dykh3v3DipKUmeH8t7y7x/533jGU1HerX4NDQ0Z1WJtNRtDvThqb2lz2X+Uw2py7c6TRfHykiPBQdXR2S5LOXizSwnmz3S579mKR8dps9vV4/XAiTOa5y2j0BTAe0+LYb25zeVC6us7x2I+XJCXGxzgt8/JXtsjPiwcjvJWbPUshwUHGKC0f7z5ihD9NJpOWLsrzelthocF6autDeuLxdWpoaNH1m5U6cabQqEq//9AZ5eWkKyMt0Vinv39Alt4+BQc5h5nrGkbOxzJmTc1IYHyvfPFUVNUb19rG43JRqbY9tkahIcEu5/H19c1KThq7PzO6KJLF0uvVaE8Tdf1hvPLnZCh/ToZ6LH2qrKrX2UtFullaLcn+3VVSVq3ZWWkTsi8AmEwz65FOAABwz9xVnwLgHcdhKSVp977jcsw43yitUr1DgGKy5Odm6MtPPaKa2ka9tWOP20rQjuHnLz25UfPysia9XQAADLtYWKzfvrPLqdJbwdWb+u07u3SxsNhleZtN+vDTQwoKCNC2x9bcz6belaqakZuVERGhRnjRZpMuFLh+PkkqKavW8dOFxmgR0ZHhWr44X9959Rmn5do7uyTZb5o4Dg979Xr5hH6GJ7c+pBgPVeAke8UZx6px8XFRRvi5vaPrvvR5JPuN2KiIkSE79+w/qf5+50pbvb23tPfASd3q97YCl/d8fU169cVtSkmO1wefHPRYEcrxJujXX9p+x+rXmB5a2zpVfHNkyGvHykeONzs7Ort15Vqp07oHjjhXk0pKcA4sDDt07IIsDuHiHkufPj86UlUqJXnqAmGOw3H3WHrV6kUFM45JAMDjj67SqmXzdOrcFe36zP0IJo7h52989Ykx+533w8kzl/WT37yv3/1xr0tlZMlexOCzg6ec3hsOLDr+3ZOkcodh6m+UVLr8HfRkz4ETTlUdq2oaVFJWbUyn3g5B3sncORnG64qqeh0+fsGlCMOZC0W6XDTSd8nPydBkmuxzF0f0BTAe0+LY3+987NfVNzudgww//DA6pL1n/0mXSrBNLe06cPisV/sdzcdHemj1ImP6ukOAe8WSfK+q0EvSiTOFRvjb5OOjpMRYPfzQUj27faOxTPvthzRiYyKdjr3PDp522tbN0iqnB8gz0pwDp/cL3ytfPJ8fGzlfj4+N0j/+7Tc9//fjbziN1HbsVIGxnmOV8517jqp/YNBpP0XXy52uc0ZGOn9vFBV796DERF1/8FZ3j0W79x03HogICQ5U/pwMvfrCNkWEhxrLtbj53gSA6YgK0AAAPGBGD6MFwHsmHx8tmp9jVH28cq1MzS3vKysjWV3dFqcbC5NtuArBB58cNCpBDxsdfl40L+e+tQsAAEnaummNmlo69MEnnysoMECSVFJeo1mpidq6yTXgfOrcZZWV1+hbX3vK6cb5VPg/v3rPpWLLMLPZVz/63ovKzkxRXYO9IkvxzUrt+uy4EuKjdf7SdVl63VdR3X/4rGrqmnTo2HnNnZOp+LgoDQ4O6UZplbGMyWRSuEMFoaSEGFVU1UuSrhWX67fvfKqcrFnKnJWkpMTYe/qcviaTXntpu/7tFzs06DD0ttEWHx8lxscYQed9h87IYulTSEiQDo668TLZnt62Xr99Z5ckewWa/+9f3lBmerLSUhLU3NKuazcqZLVaFR4WojUrFkz4/gP8/fTqi9v01ru7jYpQjqOAjL4JGjiJ1fVw75qa2/T5sfNqbulwCfLn546Eg+Jjo5UQF23ckN/x0X7l55YoKjJMVTWNqqppMJZdsjDXZfjnYX23+vWvP39XC+Zmy2azPwziGJZYuXTuRH68cUke9T3yy99+rAVzs5UQH62lC+d4XI9jEgAwXPn51LkrTtOSa/h5rMqr98OQ1aqjpy5Jsvfdi29WKjgoUDHREYqOClffrX5VVNYZlUslKSY6QqnJ9kBy/KiCCG/t2KPc2bNk9vXV1etlXrejtLxW//sXO5SbnSZL7y0VXBl5WNRs9tXcOZlebefRDSt0oaB4pNLq4bM6efaKUpLj5GsyqaauSZ1dPcbyJpNpzErdE2Uyz11Goy8Ab0zHY7+3r99pRCmTyaS82w8oBAcF6qHVi3T0pL3NZy8W6eLlYuXnZCg8PER1Dc0qLbeHsOfnZ7u0zxvLF+fps89Pu9wnXLdqoVfrDwwM6s8H7etHR4UrJytNkRFhGhwc1NmL14zlHEeNWbl0ro6fLpQknS+4roamVqWnJaqzq8fpfkpURJjxs58KfK98cbS0dhjHiiStX7v4jgH/tasWGg8XnDx7RY+sXy5/P7OWLpxjjKhQ19Cs//mTPyg/N0M+PlJZZZ1aWjsUGOCvRfNz5OPjo8iIMJlMJuMY2/XZcVVW1ys1OV7z8rI8Xm+cqOsP3jp9vkgnz17R6fNFys9NV0J8jPz9zGpsajNGmZDkUr0eAKYrAtAAADxgCEAD9+bZ7RvU1Nym2tvDUDU0tTpVKQgOCvQYfJpoo0PQg0NDsllthJ+Bu9Tbd0ttt6saREWGKygo4P9v706D5Czs/I7/+um75x6NNLql0S10S+gEhC0uIWwwNsZgsM2yxBtXXN59kexWXiWuVFKVrWySSmq9qd3Yazs+wXgB7wI2EkKSERJCSEgI3bc0OkZz9n09T160pjU9Z89M9/Qx308Vpe7n/PfDdPdz/Pr/DDr9tRutsm5/rzZMqC14aBMoJk6nQ89/9RH99NdvpU/Sz5jWqOe/+kifW7i23GrXO+99qFkzpygQDKdv+dg4sT6jG+tY6XlLyYGsWbFI+z76NB0c7g5+DCQWT6Rv6xqJxvTxkZP9Tvf41vsyPku2PbhJf/ePv00/P3ehWecuNGvTumU5CRHUVFfqmScf0s9eebvf8Zs3rdTLr+1IvYZYXO+9/3G/0+XbnNnTtGndsvRFU0k6f7FZ53t04JJStyDOR9hS6nsxdM3K1O2BPzt5Xh8fOclF0BISicb6/eFifV21Nq278/djs0kvfeNx/cNPX0/fGrr786mnxQtm64lH7+8zvFv38cGBQ8f7jHv48+s1v4C3k502ZaLmNk1Pd58MhSPpz7NVgwSgeU+inJiWpZaW1DG+YbepsaG+T7dCAP3rHYKWpFttnUUVfpYkWanQ376PjqXPjYfCEYWuRjICRd0aJ9br6089nH5eWeHTymULMjo89uze6nDY+/1BYW8et0tt7V3a91HfY4cXnn0sI2g3GJfToWe+/JB+8eof0j+qCobCGTX1rO2rTzwgn8+T1bJHI9/HLr2xL4AhlcB7/xtPb1Vdj46xWzbfrXMXrqavPSQSSR093rcb8ckzF0cUgHa5nFqzYmHGscn8OTMyOr4O5uq1lvS2bGvvGvBcyFce/3z68SNbNigSuXMe5Oq1Fl291pIxfU11pb79wpdktxf2BvZ8rpSH3XsPpR+7XE4tzeLuqOtW3ZUOQJumqYOHj2vj2mX6wiP3KhKNps8hhMIRHfzkRMa8kWhMN1raNHnSBBk2mx7+/Dq9vWNfellHjp3RkWNn1FBfo8mN/X8f5ur8Q7bO3G7GYJqmjp04r2Mn+v6oY+niORmdqQGgmBGABgBgnDGTBKCRyTBsMk1LyaRZsBNM3beCN4z+f/081uz2zAudPesyDEPffGabtr/3oY6fupi+RVRVpU+bN61SIBDSrtsnWAb6NXcu9QxBd98Sz2azEX4GRuDchavpoN+E+hr9m5eekn2Qbgp//5PX0if9X3j2MTXNmjomdQKlwuVy6vmnt+oXv/mDJOnrTz3c7w8FTp29LJvNpivNN3Wl+WZ6+EOfW6f1a5bkvc7e3/vZqK+r1ndf+qpefm17+sKklLpl5YY1S/Wrf3pH0p19AZfTob/83vP6475P+u0SXeHzasvmNVq1fEHG8MmNE/QnX/+C3nh7j1rbOtPDvd7cBRjmz52R0WWq5/ZYsmiOnn/aqTfe2pPuIudw2LVmxSI5HPb0bUGz7jzTe9eo1/Oen7m990sf2bJBixfM1j///n21tHZk/LCzprpS96xfrrWrFmdXxwj1vBjafcH4o8PHNW3KRC6ClpCKCm/mc59XK5bO0wOb1/b5W3a5nHrpm09ox64DOnvhqm61dkhK/c1PnlSvhfNn6f5NqzTYbv+fPPcF7X7/kI6fvpAOSEyeNEGrli/QhruXjug19D5uGmx/ZSjPPPmgtu86oIOfnEjXZxiGjCGOZXhPotS13GrXK6+/m/GD5p7q66q17aFNBf2RAlAKeoegPzt5Xj6vp3jCz0rtVz6yZYPu3bBSu97/WKfPXVZHZyDju8vhsGvihDotXTxH96xf3uec3he33iu3y5kR9vO4Xbpn/XLFE8l02Gqgc6set0vfefEreuX1HWq+fkumacowDM2eOVn3rFuuGdMah/WammZN1b/77nN6570P9enxc32OLzxulxbMm6lHH9wo3wiOHXq+/mzPF4/FsUtv7AtgMMXw3jcMQ9958ct6+bUd6dCvYRiaMW2SNq1brjmzp2XWbBj6sxee1MFPTmjnnoMZP9A2DEONE+v10OfWam7T9BFvl3vWr8gIQN9/z6qs5509c4q+9+2ntWP3AZ0+dyXjzjaSNKWxQVsf2KCG+tqM4U9s26yGCbX67OT59GeglNrfmjNrqrZsXjuiz6p84HOltMXiCR3u0WV949plWZ2z8nrdWr5kXvruDO/vP6KNa5fJZpOeenyLGifW6+SZSxl/v4ZhqGnWVG3dsiHjBwkb7l4mh8Ohd3d/lPH93H2HvIHk4vxDbwN9Nr30jcd16Ogp7dl7WO2d/oxxDodd61Yv0efvXZ39igCgwGyWdTslAQAAxoWAP6TW1vb0iZzB/u15smeo6XsecdnUa9wIHmfzfKBhQ43LRSh1NMvoCgaGnmgMvfXOHgVDYT371FbV1459l0VJauvo0i9/87YqfF49+tB9BalhpDq7AnI6HGPSSWUwRz87q9/+bqcsacjw8/mLzfrxL/9FLz73Rc2aMXnsigSK3LET59IBaCl1O7kvbRu4o8L3//qHBKABKGmaamvrVH1dTdbhANOy1Hn7wmtVpS+rDvKJZFLtHX7ZbFJ1ZcWYd52PxuLyB4KaUFc7rIst+WBZUpc/oHgiofq6miGDmrkWjcX1/253N8/mIuiPfv7PMgybXnj2sTGsEgMxTVPXb7TK43HL5/XI48n+AnYikVSXP6jamsoR3XK2rb1LFRVeuYv0rhH+QEjhSFRulzPrLnAS70mUnmMnzuk3b+zM6i5pM6Y16k+e+0L6hwYXL19Pd2Orq63K2Y+1Dh05lQ5jz2uapnkEr1Fi3nxnr/YfPJZV+HnnnoPatfeQ/uNfvTSGFfYVDIXlD4RUVVmhiizP61nW7XOBTkfW8/RmmqZa2zo1ob5m1Lew75Y0zfQdrWprqgrexX6sj13YF8Bw5Pu9f/Szs/rNG+9KSgUX/8Nf/qmkO+/9+vqarH/AaJqm2tq75HQ6hrV/PlYSiaS6AqkfS9dUVWZ1TsSyLLV3+lXp8xb13fT4XEF/LMtSe4dfbrcrq8+PcCQqfyAkh8Ou2urhnUcY7fmH4QgEQwpHYqrwegp+rRMolOqK4vueHV9GF1+mAzQAAONMIpEodAkoMnW11QqGwmq+1lKwAHTz7e4HdQVa/2gUy4nHZXfNVeXtbnZDhTBnTp+sJx7drGlTJ45FaUDJOnTklGbPnKqVS+mmDmBgdsPQxIbh3XrWsNkybnObDYfdrokTaoeeME/cLqfc9YVbf082W2H3wbo7Qh397IyWLp47ZAeohz+/TvSgKB6GYWjqlJHtBzscdtXXjfyYZTTzjoWqSp+qKn3Dno/3JErJteu3Mn70KEnTpkzUvKbpMuyGrt1o1YWLzYpEY5JSoYWeIaUTpy/ogwNHJUmTGupyFoDe++GR9O2ubTYRgEbJ2fbQJk2bMlHTp07ShPqaQadds3JRRqfEQqnweVXh8w49YQ82m1RbM7rvPGMExw9DsRuGGgp4rNDbWB+7sC+A4Sil975RZO/t3hwO+7CvKdlstoJdhxoOPlfQH5vNNqzjeq/HPWTn54GM9vzDcFRW+FRZMfxzAQBQLAhAAwAwziSTQ3e3wfgyubFBV5pv6PTZS1q6eG5Bajh99lK6Foxctt1n7XZDq1cszHM1QHl4/c3dmjq5QZNyfHESAFDa3C6n7l65OKtpp0+dlOdqAPCeRLb23g4vS6lQwfe+/XSfAL9pmvrgwKfavuuAtty3ZqxLBErWiix/PFxdVaEli+bkuRqMN+wLAMg1PlcAACgN+e2TDwAAig4doNHbrBlT5XI51Xy9RecuXBnz9Z+7cEXN11vkcjk1a0Z2AV4AGCumaeqnv3pTsVh8xPO3tHbozLnLunz1hqIDLMeyLJm3/+tuFmJalpqvteji5ev9/oApEAzr3IWrarnVLjOLDiOdXQGdPntZ7R3+Eb0WAAAAoNTduNmWfrxo/qx+u5cbhqF71i/Xv/+Lb+quhU2S7uyv9+zsZ/bYh+9vfzybY4H+5jVNs8exgdVnXf0Zarwk+QMhnT1/JVXL7Q7XAAAAAAAApYwO0AAAjCOWZSkeHzgAbbPZ8l7DWKwDw2Oz2bRofpOOHDulPfsOa/KkBvl8njFZdygU0Z59hyVJi+Y38fcBoCj5AyG9/NoOPf/01qymNy1Ln504rz0fHNb1m619xs+fM0NPbNuccYv5197crcNHT0mSli+Zp9rqSu3+4HDGfKuWL9CXtt2vK8039et/2q4ufzA9zuf16OtPPawZ0xoz5kkkk/qX37+vE6cvKhSOpIc7HHY9sW2zlt81L6vXBAAAAJSDqiqfbrSkQtCXrtxQLJ6Qy9n/pTKXy5l+/IMfvqqbt9ozxt9q7dD3/+v/lZTaH/+rP//GsI4FTNPU9//6h32m2ffRMe376JgkaeniOfrqEw/oP//NPyqRSEqSvvzFz2nFkjuddqOxuP7Lf/9x+vmfPv9FzZw+Of384Ccn9OY7e9Pzd6uuqtDWBzbQiRcAgByaNWOynv7SA5Ikw0Y/QgAAgHxjjwsAgHEkkUgqmbxzsYOwKbotmDdbjZMmKBAI6a3t7ysUigw90yiFQhG9tf19BQIhNU6aoAXzZud9nQCQrQqfVw9/fn36+elzl7X3wyNZzbt77yG98vqOfgMP3cv66a/eHHD+I8fO9Ak/S9KhI6f06u926oc/+11G+FmSQuGIfvrrt5To8T1vmqZ+9vLb+vjIyYzws5TaJ3j1jZ3avfdQVq8JAAAAKAeLFzSlH3f5g/ofP/il9nxwWK1tnTlZ/miPBbIRjyeHnui2P+zcrzfe2tMn/CylXv/Lr+3QZyfOj6oeAABwR3VVhZYsmqMli+Zo8UKueQAAAOQbHaABABhHYv3carM/vYPRpRiULsWaC23d6mXa88FBXb/Zqlfe2K77NqzUnNnT87KucxeuaM++wwoEQqqtqdK61cvysh4AGI171i/X+YvNOn3usiTp9+/u14xpjX26LPe2cul87dxzUJK0cP4szZo+WV6PW8dPX9CpM5ckSTdvtevUmUtaMG9mv8swDEMb1y5VIBjW0c/OyjRNSalwtCQ1zZqqWdMn69DRU+rsCkhKfc8fO3Eu3Q3utTd36/zF5vTy1q+5S3ObpuuzE+f18ZGTkqSdf/xYq5YvzOhGDQAAAJSrxQtm670/HpQ/EJKU+iHh9l0HtH3XAXncLs2bM10rls7XvKbpMow7PYQ2rlummy1tOnv+aroTtMvl1JoVCyVJPp9X0vCOBebPnaGNa5dKkg5+cjJ93m5SQ53mNk2TpCGPPQZjWZb2HzyWfr58yTwtXzJPsVhc5y8268Ch4zIMQ/PnzhjxOgAAAAAAAAqJADQAAONIIp7od3iphoVLte5i5Xa7dN/GNfrw46O6cbNVb23fq6mTJ2r+3JmaOmWiaqoqZbeP7AYiyaSpTn9AzddadPrsJTVfb5EkNU6aoHWrl8ntduXypQBAzjz9pQf0P//PrxUMhSVJP/31W/qLf/2MKnyeAeepranSk4/dr3lzZqiywpsevnrFQv3N3/4i3b352o3WAQPQz3z5IS28Pa6+rjodopCkaVMm6oVnH5Mk3bdxpf7Tf/tRetytWx2SUmGHo5+dTQ9/9MENWrd6iaTUbbdj8bg+PX5Opmnq0NFT2rxxZfYbBQAAAChRFT6Pvvftp/XKG++mA8ndItGYPj1+Tp8ePyeHw66vPfmgFsxN7ZOvXp4KOv/+3X3pAHRtdaW2PrAxYxnDPRbonr9nsHrenOl6ZMuGUb/WtvaujM7Pj2+9T05n6rLgkkVzdP89q3X1Wkt6GAAAAAAAQKnhrAYAAONI9HYnGYLDGEh3CPrUmQs6cfq8mq+3pMPKueRyObVofpMWzOMWcACKm8vl1Lee3aYf/PBVSakuyz9/5W39q28+Meh8K5ctkJQKInf5g4pG44onEprYUJcOPbS293+bbcMwNK/pTgf+2TOmZIxfunhu+rHDYVfDhFrdak0FnztvL/vGzbZ012hJaqiv1eWrN9LPa2uq0o9bbgctAAAAgPHA5XLquace0a3WDn3y6Wkd/eys2jv9GdMkEkn9/JXf6/5Nq7Rl893DWv5ojgVyaUJ9jXxej0LhiCTpf/39y1q3+i7NmT1NUxonqKrSp0XzZ+W9DgAAAAAAgHwhAA0AwDhhmqbitwPQwFAWzJut+XNn6eLlZl2/cUvtHV0KRyIyTWtEyzMMm7wej+pqqzW5sUGzZkwliA+gZDROrNeXtt2v197cJUm6eq1F77z34aDzHDh0XHs/PKK29q4Bp0kmk/0On9I4IaPjfnVVRcb47tth9xzfHYA2k6nQ88Ur1zOm+cmv3hywjta2/IcvAAAAgGLTMKFWD9y/Vg/cv1aRSExnL1zR4aOndersnc7Qe/Z9os33rJLDbs96uaM5Fsi1e9YvTx+7dPmD2r7rgLTrgAzD0Ma1S7V54yp5PNyVCwAAAAAAlCYC0AAAjBPRaEyJRKLQZaCE2Gw2zZ45TbNnTht6YgAoc6uWL9D5S8365NPTkqT39x8ZcNrdHxzWjl0H0s8dDrsa6mvldjvV1t4lfyA06LocjsHDFU7H0IfyPbs/S9LzFtVmAAAS+UlEQVSc2QN/lk+fOmnI5QEAAADlzONxacmiOVqyaI5On72sn73ytqTUfvXZ81e1cN7MrJYz2mOBkYgN0vDg3g0rNLdpuv6wc7/OXbiaHm6apt7ff0T7Dx7Tn//Z1/r86BIAAAAAAKAUEIAGAGCciEZjhS5hWOgODAAoNo8/ep8uX70xaCc3STp05GT68d0rF+uxhzfJMFIdnf/uR7/NS+iht8mTJmQ8//pXHpbTySkAAAAAjG/RWFwdHX41TqofcJqm2VMzngeCd/bfe56vCoYifeYd6bFA9zSp9YX7jHfY7UokUl2jOzr9GeOOnzo/4GuRUneY+dYz2xSPJ3Sl+aaOHDujw5+elmmaSiSS2vvhUW19YMOgywAAAAAAAChGxtCTAACAchCNDtwNJt+yCTMTeAYAFDuH3a5vfm1bRjihN9OyMgLSkybWpafv6PTr+s3WvNcpqU+g4+0d+2RaVsawltYOvbv7ozGpBwAAACgG+w58qh/86FX9/De/7/eHjZZl6Z2d+zOGNU68s29dV1udfhwMhdXWcWcZozkWqK2tSj8+deZSn/E11ZXpxydPX7yzTtPUgY+PD7jcN9/ZqxstbZIkp9OhpllT9cS2zVq9fEF6mtb2zgHnBwAAAAAAKGa0fwIAYByIxxM56QDdHVLOVViZ0DMAoNTU1Vbpa08+qF+++od+xxs2myZPmpAON2zfdUChUEQVFV7t3HNwzOr0eT26d8MK/XHfJ5Kkjw4f1+FPT2nx/Nmqrq7QtRu3dO5CsyRp6eK5mjSxbsxqAwAAAAohaZr64/7U/vGpM5d06swl+bweTaivUX1dtSLRmC5euqZIj3NoE+prNH3qpPTzqZMbMpb5Dz95XcvumqvGSfVavXzhiI8Fpk1u0IlTFyRJkWhM//sfXtHyu+ZpSuMELZg3U9OmTEwHmW/eatff/O0vNK9pus5euKrOrkC/y7x05br2Hzym/QePafbMKZoxrVGVFV51+YM6/Onp9HSTJw7cDRsAAAAAAKCYEYAGAGAciISjMpPJkg4cl3LtAIDysmj+LG1cu0wfHDja7/jNm1bq5dd2SJJisbjee//jsSwvbcvmu3XuwlU1X78lSUokkjp6/Gyf6U6euUgAGgAAAOXPku5euUj7Pjom0zQlSaFwRKGrEV2+eqPP5I0T6/X1px7OGDZtykTNbZqus+evpOfff/CYJGnV8oUjPhbYsHaZ3t9/JB2+vtXaoXf3fKRJDXVaMG+mPnfvan185GR6+i5/MP3c43ZlhLa7nTl/Nf34wqVrunDpWp9pqqsqdP+9q7OqEQAAAAAAoNgMfN9eAABQNiKR6JityyaCygCA0mS327Oe9uEt6zO6v9ntdw6vlyyao+ef3qrqqor0MIfDrvVrluie9cvTw7pvhz2k3l+tvZ7beyynZx12w9CfvfCkHn/0PlVV+jLmMQxDUxob9M2vPar7Nq7Mrg4AAACghNnthh7ZskH/9rvPaf2aJaqvq+6zT+5w2DWlsUEPfW6dvvPil1VbU9VnOc88+aDWr1kih+PO8YNhGDJsthEfC7icDn3nxS9rbtP0jOFer1uSVFNdqZe+8bhqqiszxk+d3KDvvPiVXq8zVdeW+9bohWcf0/Spk/o99rhrYZNefO6LcgzjOAgAAAAAAKCY2CzLsgpdBAAAyJ9YLK7r129ldIDO1b8Zj7vHqe+4fqcf5HE2zwcaNtpx2RrNMrqC/d+aFABQfqKxuPyBoCbU1arQNzMwTVNt7V1yOh19ghMAAADAeBUMheUPhFRVWaEKn2dY8/oDIYUjUbldzj772CM9FrAsS+2dfiWTpiq8Hvl61RSLxRUIhVVdVTGs8HIkEpM/GJLb5VRVpY+7rQEAAAAAIKm6gmtmhTW6+DIBaAAAylxXZ0BtbR2Schd8JgBNABoAAAAAAAAAAAAAAKCUEYAutNHFl7O83y4AAChVoXB4RPONNiRMFxkAAAAAAAAAAAAAAAAA+UAAGgCAMhYORxQORQpdBgAAAAAAAAAAAAAAAADkDAFoAADKWGgY4eeBOjYP1sk5PS7Lbs90hQYAAAAAAAAAAAAAAAAwWgSgAQAoU9FIVKFgeMDxIwk8l4pyeA0AAAAAAAAAAAAAAAAA+kcAGgCAMhUKR5RIJNLPCQWnsB0AAAAAAAAAAAAAAACA0kYAGgCAMhSPJxQcoPtz7wBwqQaCS7VuAAAAAAAAAAAAAAAAAKNDABoAgDIUDIYUj8Ul5S4oTOD4DrYFAAAAAAAAAAAAAAAAUDgEoAEAKDOxWFyBQChvyx+L8C8BYwAAAAAAAAAAAAAAAAADIQANAECZCQZCikVjhS5jWAg8AwAAAAAAAAAAAAAAAMgWAWgAAMpIJBKV3x8sdBlZIfQMAAAAAAAAAAAAAAAAYCQIQAMAUEa6ugJKJBIFW79NfUPNBJ0BAAAAAAAAAAAAAAAA5BIBaAAAyoTfH1QgR92fswktE2wGAAAAAAAAAAAAAAAAUAgEoAEAKAOJRFJ+f1CWZUnqG04e7vOhhveaaGTzDQNhawAAAAAAAAAAAAAAAADdCEADAFAGurr8CofCow4+EzQGAAAAAAAAAAAAAAAAUOwIQAMAUOKCgZC6OgN5XUcugtG5DFcPtixC3AAAAAAAAAAAAAAAAEB5IwANAEAJi8cT6ujsUjKZHJP1ES4GAAAAAAAAAAAAAAAAUGiOQhcAAABGrrOjS+FQpCiCyTYVvgbkl8Nhl9Nhl8Nul91uyLAbshs22Wy2ovgbBAAAAAAAAAAAAAAA+WFZlizLUtK0ZCZNJZOmEsmk4omkEomxadwH9EQAGgCAEtXZ4VdHR1ehy0AZs9sNuV1OuVwOuZwOQs4AAAAAAAAAAAAAAIxT3c3RDEOSw54xzrIsxeIJxWIJRWNxJZNmYYrEuEIAGgCAEhQMhNLh596h1Fw/70+2QdiBpiNIW7xsNsnjccnjdsnlZFcRAAAAAAAAAAAAAAAMzmazye1yyu1yqkpexeIJRaIxRSIxWVahq0O5ItUCAECJiUaiam/vVDwezxg+FsHnPvqZZ7ThZsLRhWG3G/J53fJ6XPw/AAAAAAAAAAAAAAAAI+Zypu40XVXhVTgSUygcpSs0co4ANAAAJSQeT6i9vUvhcLS/7HFOjVUIlrBtYRmGTRU+j3xed6FLAQAAAAAAAAAAAAAAZcRms8nndcvndSsUjioYisg0aQmN3CAADQBAiTBNU+3tnfL7g3kPP/fUHVAulqDyaOooltdQLHw+typ9HrYLAAAAAAAAAAAAAADIq+67UgdCEYVC0UKXgzJAABoAgBJgWZbaWjvU2eEvdCkjQmi5uDgddlVVeuV0sisIAAAAAAAAAAAAAADGhs1mU1WFVx6XU/5AWPFEstAloYQZhS4AAAAMrbW1XW1tnX2G9w4Hj/b5SNlESLlU+Lxu1ddVEX4GAAAAAAAAAAAAAAAF4XQ6VF9XJZ/XXehSUMIIQAMAUORaW9vV1to3/NxTroLQ2QSi6chcuqqrfKqq9Ba6DAAAAAAAAAAAAAAAAFVVelVd5St0GShRtP4DAKBIWZaVVfg5H7IKOfczzWgD1KMNVxPO7p9h2FRTXSEXXZ8BAAAAAAAAAAAAAEAR8XpcstsNdXYFZZpWoctBCSEFAwBAETJNU6232tXW1tmnO3MhMr4jCRYTRi4Odruh2poKOez2QpcCAAAAAAAAAAAAAGUhmUwqkTRlmqaSpinLtGRalmRZ6o5v2iTJZpNhs8kwbDIMQ4ZhyGE3ZOf6raTM7Zj6j+04XrmcDtXVVqqjM6hk0ix0OSgRBKABACgy8XhCra3t6uzwDzpd74BxPgLH+Q4xE5LOL7vdUF1Npex2o9ClAAAAAAAAAAAAAEDJMk1T8URSiURCiURS2fSotSTJspS0LKXynMn0OJskh8Muh8Mhp8Muwxgf13S7t2M8kVAyR9vR7rDLOc62Y7ly2O2qq6lUe2eAEDSyQgAaAIAiEglH1NbWKb8/KCm7gPBAQehs/0V5MgybamsqCD8DAAAAAAAAAAAAwAjF4nHF4qnQcy5Z0u0gcFJhpcLQLqdDLqczp+spFvncjolEUolxsh3Hg+67XLd3BGSa2UTkMZ4RgAYAoEgE/EG1tXUoFIoMEmrO/XqHE4jubxqbBp9vNEHrYgxpF2NN/amprpCD2/0AAAAAAAAAAAAAwLBYlqVoLK5oLC7LGpsAZjrEG4nJ7XLK7XKWzLXpgbAdMVIOu1011akQNDAYAtAAABSB9rZOtbV3KB5LjDiInCtZLbu/IPQYHDRwYJKd6iqfXE528wAAAAAAAAAAAABgOKKxmCLRsQvs9mZZliLRmKKxuDxup9wuV0HqGC22I0bL5XSousqnLn+o0KWgiJGMAQCggGKxuNrbOtTe3tVn3HCC0AP9O5xlDbXskcyb7fBcGGrZ4yU87fO65fVw8AYAAAAAAAAAAAAA2YonkopEokqaZqFLkZQK8IYjMcViCXk8LjkdpRHzK+7t6JbTwV2US4nX41IikVQoHC10KShSpfHJCABAGfJ3BdTe0algIDxoOPdOEHn46xgoCJ2LgPRoFUMN5cbpsKuq0lvoMgAAAAAAAAAAAACgZIQjUUVj8UKX0a+kaSoYisjtcsrrcRe6nEEV/3YMl8R2RKaqSq/i8YTiiWShS0ERIgANAMAYi8cT6ujoVHtbp5JJMyP4m03X5VwGhYezrP6mtWl8hZaLPaRN+BkAAAAAAAAAAAAAspNMmgpFIkomi6Nb8WCisbgSyaR8Ho/sdqPQ5WRgOyLfqiq9ausIFLoMFCEC0AAAjKHOTr86OroUDIRGHabtHZbOJjyd7TJzpdgDw+XE53PL6WTXDgAAAAAAAAAAAACGEo8nFApHZBW6kGFIJk0FgiH5fB45HcVxbbikt6PXwzX2EuF0OuTzuRUKRQtdCooM72AAAMZAKBRWR0eXOjv9skyr/27KgwwbSY54oEB0NqHkQcPUWdY+WiOpe7wyDJsqfZ5ClwEAAAAAAAAAAAAARS8WiysUKc0gpSUpGIrI63HL7XIWtJaS347hiHyWW64Cb0dkp9LnUSQSk2mWUtwe+UYAGgCAPIpGY+rsTAWf47FEn/HZBqGzGTeUgQLFY9X1OZ8B5qGWXe7h6Qqfp+xfIwAAAAAAAAAAAACMVjQWV7hEQ7s9db+GQoWgy2U7hiJRWSrcdkT2bDabKnwe+QPhQpeCIkIAGgCAPIjF4urs7FJXp1+RSCwjnJqL7s+9w8v5CjMPVl8ul0d4d+TsdkM+r7vQZQAAAAAAAAAAAABAUYuVSWi3W6FC0OW4HW0SnaBLgM/rVigcVTJpFroUFAkC0AAA5FAkHFFnl18Bf1CRSEySBgw/57P780gC0VlN27N+je+uy8WC8DMAAAAAAAAAAAAADC4eTyhURqHdbuFIVIZhk9MxNjHAct2OoUhUNptNTidxymLn87rpAo003rEAAIySZVkKBkPydwXU1RVQPJ4YMvybbRA6m+7P2RhonsHXnd3yh3otI1GM4enirEnyelyFLgMAAAAAAAAAAAAAilYyaSoUjhS6jLwJhSKqrPDJbjfyup6y347hiCqN/G9HjI7X41IgGJZlFboSFAMC0AAAjFAkElXAH1QgGFLAH0wPH07H555G2v05b92ecygfIWlIHo+L7QkAAAAAAAAAAAAAgwhFIirnrKSl1GusqvDldT1sRxQDm80mj8elcDhW6FJQBAhAAwAwDNFoTMHbgedgMKRk0swYn03QN9vuz0PNO9Q0uQpEp8f1rFu5C93mO8BbzgFhj5vuzwAAAAAAAAAAAAAwkHAk2ue6fjlKJk2FI1F5Pe68LJ/tiGLicROARgoBaAAABpFMJhUKhRUORxQKpv5NJJPp8dkGgUfS/XmwWXqHnHPVIXq44emRdrsertGGwsuR3W7I5WRXDgAAAAAAAAAAAAD6E08kFY3FC13GmInG4nI4HHI67DldLtsRxcbldMhuN8ZFKB+DIzUDAMBtlmUpGo0pEo4oGospHIooEo0qdntHvnfQtnf4OZswcH+PR9MReqBpcxWIzoXhrqcYA83FWJPb5Sx0CQAAAAAAAAAAAABQtCKR6Jita8fug9r/0TF1+YMZw6urKrR+zV164P67x6SOSCQqZ6Uv58ssVvF4Qi+/9q5abnXoua8+rIkNtTlZbj62I3LL7XIqFC7ev02MDQLQAICyZ1mWLMtSMmnKNE0lEgklE0nFEwnFYjElEknFYjFFozHF44msQsjZhp8HW8Zg+pt0JMHl4QSiBx3X8/Vl2fV6uOvC8Lhc+d+NsyypvcOvrkBI4XDq/WFZ1oiWZbPZ5HQ65PW6VF3pU11t1aBdzgEAAAAAAAAAAABgpKKxmJLm2HSHvXajVe/s/LDfcV3+oN5574DmNE1T08wpea8laZqKxmJyu1w5Wd5YbsfhiscT+vEv39TZ81clSX//k9f17W89kZMQdK63I3LP5XIQgIb+P5LTms2qiy/1AAAAAElFTkSuQmCC" height="600" width="800" ]]>
  </system-out>
</testsuite> <!-- testcases.QuickLaunchTest -->
